[2025-11-14T21:21:55.453+0000] {local_task_job_runner.py:123} INFO - ::group::Pre task execution logs
[2025-11-14T21:21:55.589+0000] {taskinstance.py:2612} INFO - Dependencies all met for dep_context=non-requeueable deps ti=<TaskInstance: dummy_dag_example.bigger_than_2 manual__2025-11-14T21:19:53.391275+00:00 [queued]>
[2025-11-14T21:21:55.646+0000] {taskinstance.py:2612} INFO - Dependencies all met for dep_context=requeueable deps ti=<TaskInstance: dummy_dag_example.bigger_than_2 manual__2025-11-14T21:19:53.391275+00:00 [queued]>
[2025-11-14T21:21:55.649+0000] {taskinstance.py:2865} INFO - Starting attempt 1 of 1
[2025-11-14T21:21:55.730+0000] {taskinstance.py:2888} INFO - Executing <Task(BashOperator): bigger_than_2> on 2025-11-14 21:19:53.391275+00:00
[2025-11-14T21:21:55.768+0000] {warnings.py:112} WARNING - /home/***/.local/lib/python3.12/site-packages/***/task/task_runner/standard_task_runner.py:70: DeprecationWarning: This process (pid=154) is multi-threaded, use of fork() may lead to deadlocks in the child.
  pid = os.fork()

[2025-11-14T21:21:55.782+0000] {standard_task_runner.py:72} INFO - Started process 156 to run task
[2025-11-14T21:21:55.782+0000] {standard_task_runner.py:104} INFO - Running: ['***', 'tasks', 'run', 'dummy_dag_example', 'bigger_than_2', 'manual__2025-11-14T21:19:53.391275+00:00', '--job-id', '7', '--raw', '--subdir', 'DAGS_FOLDER/dummy_dag.py', '--cfg-path', '/tmp/tmph_yuk8o8']
[2025-11-14T21:21:55.797+0000] {standard_task_runner.py:105} INFO - Job 7: Subtask bigger_than_2
[2025-11-14T21:21:56.122+0000] {task_command.py:467} INFO - Running <TaskInstance: dummy_dag_example.bigger_than_2 manual__2025-11-14T21:19:53.391275+00:00 [running]> on host 065b7b14e6d9
[2025-11-14T21:21:56.683+0000] {taskinstance.py:3131} INFO - Exporting env vars: AIRFLOW_CTX_DAG_OWNER='***' AIRFLOW_CTX_DAG_ID='dummy_dag_example' AIRFLOW_CTX_TASK_ID='bigger_than_2' AIRFLOW_CTX_EXECUTION_DATE='2025-11-14T21:19:53.391275+00:00' AIRFLOW_CTX_TRY_NUMBER='1' AIRFLOW_CTX_DAG_RUN_ID='manual__2025-11-14T21:19:53.391275+00:00'
[2025-11-14T21:21:56.698+0000] {logging_mixin.py:190} INFO - Task instance is in running state
[2025-11-14T21:21:56.702+0000] {logging_mixin.py:190} INFO -  Previous state of the Task instance: queued
[2025-11-14T21:21:56.705+0000] {logging_mixin.py:190} INFO - Current task name:bigger_than_2 state:running start_date:2025-11-14 21:21:55.592732+00:00
[2025-11-14T21:21:56.709+0000] {logging_mixin.py:190} INFO - Dag name:dummy_dag_example and current dag run status:running
[2025-11-14T21:21:56.713+0000] {taskinstance.py:731} INFO - ::endgroup::
[2025-11-14T21:21:56.720+0000] {subprocess.py:63} INFO - Tmp dir root location: /tmp
[2025-11-14T21:21:56.726+0000] {subprocess.py:75} INFO - Running command: ['/usr/bin/bash', '-c', "echo 'is bigger than 2'"]
[2025-11-14T21:21:56.799+0000] {subprocess.py:86} INFO - Output:
[2025-11-14T21:21:56.819+0000] {subprocess.py:93} INFO - is bigger than 2
[2025-11-14T21:21:56.824+0000] {subprocess.py:97} INFO - Command exited with return code 0
[2025-11-14T21:21:56.968+0000] {taskinstance.py:340} INFO - ::group::Post task execution logs
[2025-11-14T21:21:56.971+0000] {taskinstance.py:352} INFO - Marking task as SUCCESS. dag_id=dummy_dag_example, task_id=bigger_than_2, run_id=manual__2025-11-14T21:19:53.391275+00:00, execution_date=20251114T211953, start_date=20251114T212155, end_date=20251114T212156
[2025-11-14T21:21:57.027+0000] {logging_mixin.py:190} INFO - Task instance in success state
[2025-11-14T21:21:57.035+0000] {logging_mixin.py:190} INFO -  Previous state of the Task instance: running
[2025-11-14T21:21:57.039+0000] {logging_mixin.py:190} INFO - Dag name:dummy_dag_example queued_at:2025-11-14 21:19:53.488668+00:00
[2025-11-14T21:21:57.043+0000] {logging_mixin.py:190} INFO - Task hostname:065b7b14e6d9 operator:BashOperator
[2025-11-14T21:21:57.169+0000] {local_task_job_runner.py:266} INFO - Task exited with return code 0
[2025-11-14T21:21:57.487+0000] {taskinstance.py:3900} INFO - 0 downstream tasks scheduled from follow-on schedule check
[2025-11-14T21:21:57.497+0000] {local_task_job_runner.py:245} INFO - ::endgroup::
