[2025-11-14T21:21:16.607+0000] {local_task_job_runner.py:123} INFO - ::group::Pre task execution logs
[2025-11-14T21:21:16.822+0000] {taskinstance.py:2612} INFO - Dependencies all met for dep_context=non-requeueable deps ti=<TaskInstance: dummy_dag_example.task_1 manual__2025-11-14T21:19:53.391275+00:00 [queued]>
[2025-11-14T21:21:16.914+0000] {taskinstance.py:2612} INFO - Dependencies all met for dep_context=requeueable deps ti=<TaskInstance: dummy_dag_example.task_1 manual__2025-11-14T21:19:53.391275+00:00 [queued]>
[2025-11-14T21:21:16.923+0000] {taskinstance.py:2865} INFO - Starting attempt 1 of 1
[2025-11-14T21:21:17.078+0000] {taskinstance.py:2888} INFO - Executing <Task(_PythonDecoratedOperator): task_1> on 2025-11-14 21:19:53.391275+00:00
[2025-11-14T21:21:17.194+0000] {warnings.py:112} WARNING - /home/***/.local/lib/python3.12/site-packages/***/task/task_runner/standard_task_runner.py:70: DeprecationWarning: This process (pid=114) is multi-threaded, use of fork() may lead to deadlocks in the child.
  pid = os.fork()

[2025-11-14T21:21:17.239+0000] {standard_task_runner.py:104} INFO - Running: ['***', 'tasks', 'run', 'dummy_dag_example', 'task_1', 'manual__2025-11-14T21:19:53.391275+00:00', '--job-id', '4', '--raw', '--subdir', 'DAGS_FOLDER/dummy_dag.py', '--cfg-path', '/tmp/tmpfzooyqza']
[2025-11-14T21:21:17.254+0000] {standard_task_runner.py:72} INFO - Started process 138 to run task
[2025-11-14T21:21:17.265+0000] {standard_task_runner.py:105} INFO - Job 4: Subtask task_1
[2025-11-14T21:21:18.856+0000] {task_command.py:467} INFO - Running <TaskInstance: dummy_dag_example.task_1 manual__2025-11-14T21:19:53.391275+00:00 [running]> on host 065b7b14e6d9
[2025-11-14T21:21:20.977+0000] {taskinstance.py:3131} INFO - Exporting env vars: AIRFLOW_CTX_DAG_OWNER='***' AIRFLOW_CTX_DAG_ID='dummy_dag_example' AIRFLOW_CTX_TASK_ID='task_1' AIRFLOW_CTX_EXECUTION_DATE='2025-11-14T21:19:53.391275+00:00' AIRFLOW_CTX_TRY_NUMBER='1' AIRFLOW_CTX_DAG_RUN_ID='manual__2025-11-14T21:19:53.391275+00:00'
[2025-11-14T21:21:21.155+0000] {logging_mixin.py:190} INFO - Task instance is in running state
[2025-11-14T21:21:21.202+0000] {logging_mixin.py:190} INFO -  Previous state of the Task instance: queued
[2025-11-14T21:21:21.255+0000] {logging_mixin.py:190} INFO - Current task name:task_1 state:running start_date:2025-11-14 21:21:16.831534+00:00
[2025-11-14T21:21:21.268+0000] {logging_mixin.py:190} INFO - Dag name:dummy_dag_example and current dag run status:running
[2025-11-14T21:21:21.293+0000] {taskinstance.py:731} INFO - ::endgroup::
[2025-11-14T21:21:21.310+0000] {python.py:240} INFO - Done. Returned value was: 1
[2025-11-14T21:21:21.726+0000] {taskinstance.py:340} INFO - ::group::Post task execution logs
[2025-11-14T21:21:21.733+0000] {taskinstance.py:352} INFO - Marking task as SUCCESS. dag_id=dummy_dag_example, task_id=task_1, run_id=manual__2025-11-14T21:19:53.391275+00:00, execution_date=20251114T211953, start_date=20251114T212116, end_date=20251114T212121
[2025-11-14T21:21:21.992+0000] {logging_mixin.py:190} INFO - Task instance in success state
[2025-11-14T21:21:21.998+0000] {logging_mixin.py:190} INFO -  Previous state of the Task instance: running
[2025-11-14T21:21:22.005+0000] {logging_mixin.py:190} INFO - Dag name:dummy_dag_example queued_at:2025-11-14 21:19:53.488668+00:00
[2025-11-14T21:21:22.012+0000] {logging_mixin.py:190} INFO - Task hostname:065b7b14e6d9 operator:_PythonDecoratedOperator
[2025-11-14T21:21:22.326+0000] {local_task_job_runner.py:266} INFO - Task exited with return code 0
[2025-11-14T21:21:22.387+0000] {standard_task_runner.py:217} INFO - Process not found (most likely exited), stop collecting metrics
[2025-11-14T21:21:22.714+0000] {taskinstance.py:3900} INFO - 0 downstream tasks scheduled from follow-on schedule check
[2025-11-14T21:21:22.734+0000] {local_task_job_runner.py:245} INFO - ::endgroup::
