[2025-11-14T21:15:51.873+0000] {processor.py:186} INFO - Started process (PID=86) to work on /home/airflow/.local/lib/python3.12/site-packages/airflow/example_dags/example_short_circuit_decorator.py
[2025-11-14T21:15:51.876+0000] {processor.py:914} INFO - Processing file /home/airflow/.local/lib/python3.12/site-packages/airflow/example_dags/example_short_circuit_decorator.py for tasks to queue
[2025-11-14T21:15:51.881+0000] {logging_mixin.py:190} INFO - [2025-11-14T21:15:51.880+0000] {dagbag.py:588} INFO - Filling up the DagBag from /home/airflow/.local/lib/python3.12/site-packages/airflow/example_dags/example_short_circuit_decorator.py
[2025-11-14T21:15:51.902+0000] {processor.py:925} INFO - DAG(s) 'example_short_circuit_decorator' retrieved from /home/airflow/.local/lib/python3.12/site-packages/airflow/example_dags/example_short_circuit_decorator.py
[2025-11-14T21:15:52.118+0000] {logging_mixin.py:190} INFO - [2025-11-14T21:15:52.117+0000] {override.py:1900} INFO - Created Permission View: can edit on DAG:example_short_circuit_decorator
[2025-11-14T21:15:52.140+0000] {logging_mixin.py:190} INFO - [2025-11-14T21:15:52.140+0000] {override.py:1900} INFO - Created Permission View: can delete on DAG:example_short_circuit_decorator
[2025-11-14T21:15:52.154+0000] {logging_mixin.py:190} INFO - [2025-11-14T21:15:52.153+0000] {override.py:1900} INFO - Created Permission View: can read on DAG:example_short_circuit_decorator
[2025-11-14T21:15:52.169+0000] {logging_mixin.py:190} INFO - [2025-11-14T21:15:52.169+0000] {override.py:1900} INFO - Created Permission View: menu access on DAG Run:example_short_circuit_decorator
[2025-11-14T21:15:52.181+0000] {logging_mixin.py:190} INFO - [2025-11-14T21:15:52.181+0000] {override.py:1900} INFO - Created Permission View: can create on DAG Run:example_short_circuit_decorator
[2025-11-14T21:15:52.194+0000] {logging_mixin.py:190} INFO - [2025-11-14T21:15:52.193+0000] {override.py:1900} INFO - Created Permission View: can delete on DAG Run:example_short_circuit_decorator
[2025-11-14T21:15:52.205+0000] {logging_mixin.py:190} INFO - [2025-11-14T21:15:52.204+0000] {override.py:1900} INFO - Created Permission View: can read on DAG Run:example_short_circuit_decorator
[2025-11-14T21:15:52.207+0000] {logging_mixin.py:190} INFO - [2025-11-14T21:15:52.206+0000] {dag.py:3239} INFO - Sync 1 DAGs
[2025-11-14T21:15:52.231+0000] {logging_mixin.py:190} INFO - [2025-11-14T21:15:52.230+0000] {dag.py:3262} INFO - Creating ORM DAG for example_short_circuit_decorator
[2025-11-14T21:15:52.233+0000] {logging_mixin.py:190} INFO - [2025-11-14T21:15:52.233+0000] {dag.py:4180} INFO - Setting next_dagrun for example_short_circuit_decorator to None, run_after=None
[2025-11-14T21:15:52.262+0000] {processor.py:208} INFO - Processing /home/airflow/.local/lib/python3.12/site-packages/airflow/example_dags/example_short_circuit_decorator.py took 0.415 seconds
[2025-11-14T21:16:22.488+0000] {processor.py:186} INFO - Started process (PID=150) to work on /home/airflow/.local/lib/python3.12/site-packages/airflow/example_dags/example_short_circuit_decorator.py
[2025-11-14T21:16:22.490+0000] {processor.py:914} INFO - Processing file /home/airflow/.local/lib/python3.12/site-packages/airflow/example_dags/example_short_circuit_decorator.py for tasks to queue
[2025-11-14T21:16:22.495+0000] {logging_mixin.py:190} INFO - [2025-11-14T21:16:22.494+0000] {dagbag.py:588} INFO - Filling up the DagBag from /home/airflow/.local/lib/python3.12/site-packages/airflow/example_dags/example_short_circuit_decorator.py
[2025-11-14T21:16:22.511+0000] {processor.py:925} INFO - DAG(s) 'example_short_circuit_decorator' retrieved from /home/airflow/.local/lib/python3.12/site-packages/airflow/example_dags/example_short_circuit_decorator.py
[2025-11-14T21:16:22.548+0000] {logging_mixin.py:190} INFO - [2025-11-14T21:16:22.548+0000] {dag.py:3239} INFO - Sync 1 DAGs
[2025-11-14T21:16:22.572+0000] {logging_mixin.py:190} INFO - [2025-11-14T21:16:22.572+0000] {dag.py:4180} INFO - Setting next_dagrun for example_short_circuit_decorator to None, run_after=None
[2025-11-14T21:16:22.599+0000] {processor.py:208} INFO - Processing /home/airflow/.local/lib/python3.12/site-packages/airflow/example_dags/example_short_circuit_decorator.py took 0.121 seconds
[2025-11-14T21:16:52.960+0000] {processor.py:186} INFO - Started process (PID=213) to work on /home/airflow/.local/lib/python3.12/site-packages/airflow/example_dags/example_short_circuit_decorator.py
[2025-11-14T21:16:52.962+0000] {processor.py:914} INFO - Processing file /home/airflow/.local/lib/python3.12/site-packages/airflow/example_dags/example_short_circuit_decorator.py for tasks to queue
[2025-11-14T21:16:52.965+0000] {logging_mixin.py:190} INFO - [2025-11-14T21:16:52.964+0000] {dagbag.py:588} INFO - Filling up the DagBag from /home/airflow/.local/lib/python3.12/site-packages/airflow/example_dags/example_short_circuit_decorator.py
[2025-11-14T21:16:52.977+0000] {processor.py:925} INFO - DAG(s) 'example_short_circuit_decorator' retrieved from /home/airflow/.local/lib/python3.12/site-packages/airflow/example_dags/example_short_circuit_decorator.py
[2025-11-14T21:16:53.003+0000] {logging_mixin.py:190} INFO - [2025-11-14T21:16:53.002+0000] {dag.py:3239} INFO - Sync 1 DAGs
[2025-11-14T21:16:53.019+0000] {logging_mixin.py:190} INFO - [2025-11-14T21:16:53.019+0000] {dag.py:4180} INFO - Setting next_dagrun for example_short_circuit_decorator to None, run_after=None
[2025-11-14T21:16:53.043+0000] {processor.py:208} INFO - Processing /home/airflow/.local/lib/python3.12/site-packages/airflow/example_dags/example_short_circuit_decorator.py took 0.089 seconds
[2025-11-14T21:17:23.366+0000] {processor.py:186} INFO - Started process (PID=276) to work on /home/airflow/.local/lib/python3.12/site-packages/airflow/example_dags/example_short_circuit_decorator.py
[2025-11-14T21:17:23.367+0000] {processor.py:914} INFO - Processing file /home/airflow/.local/lib/python3.12/site-packages/airflow/example_dags/example_short_circuit_decorator.py for tasks to queue
[2025-11-14T21:17:23.370+0000] {logging_mixin.py:190} INFO - [2025-11-14T21:17:23.370+0000] {dagbag.py:588} INFO - Filling up the DagBag from /home/airflow/.local/lib/python3.12/site-packages/airflow/example_dags/example_short_circuit_decorator.py
[2025-11-14T21:17:23.382+0000] {processor.py:925} INFO - DAG(s) 'example_short_circuit_decorator' retrieved from /home/airflow/.local/lib/python3.12/site-packages/airflow/example_dags/example_short_circuit_decorator.py
[2025-11-14T21:17:23.413+0000] {logging_mixin.py:190} INFO - [2025-11-14T21:17:23.413+0000] {dag.py:3239} INFO - Sync 1 DAGs
[2025-11-14T21:17:23.435+0000] {logging_mixin.py:190} INFO - [2025-11-14T21:17:23.435+0000] {dag.py:4180} INFO - Setting next_dagrun for example_short_circuit_decorator to None, run_after=None
[2025-11-14T21:17:23.456+0000] {processor.py:208} INFO - Processing /home/airflow/.local/lib/python3.12/site-packages/airflow/example_dags/example_short_circuit_decorator.py took 0.097 seconds
[2025-11-14T21:17:54.441+0000] {processor.py:186} INFO - Started process (PID=345) to work on /home/airflow/.local/lib/python3.12/site-packages/airflow/example_dags/example_short_circuit_decorator.py
[2025-11-14T21:17:54.443+0000] {processor.py:914} INFO - Processing file /home/airflow/.local/lib/python3.12/site-packages/airflow/example_dags/example_short_circuit_decorator.py for tasks to queue
[2025-11-14T21:17:54.446+0000] {logging_mixin.py:190} INFO - [2025-11-14T21:17:54.445+0000] {dagbag.py:588} INFO - Filling up the DagBag from /home/airflow/.local/lib/python3.12/site-packages/airflow/example_dags/example_short_circuit_decorator.py
[2025-11-14T21:17:54.457+0000] {processor.py:925} INFO - DAG(s) 'example_short_circuit_decorator' retrieved from /home/airflow/.local/lib/python3.12/site-packages/airflow/example_dags/example_short_circuit_decorator.py
[2025-11-14T21:17:54.482+0000] {logging_mixin.py:190} INFO - [2025-11-14T21:17:54.482+0000] {dag.py:3239} INFO - Sync 1 DAGs
[2025-11-14T21:17:54.501+0000] {logging_mixin.py:190} INFO - [2025-11-14T21:17:54.501+0000] {dag.py:4180} INFO - Setting next_dagrun for example_short_circuit_decorator to None, run_after=None
[2025-11-14T21:17:54.525+0000] {processor.py:208} INFO - Processing /home/airflow/.local/lib/python3.12/site-packages/airflow/example_dags/example_short_circuit_decorator.py took 0.091 seconds
[2025-11-14T21:18:24.695+0000] {processor.py:186} INFO - Started process (PID=410) to work on /home/airflow/.local/lib/python3.12/site-packages/airflow/example_dags/example_short_circuit_decorator.py
[2025-11-14T21:18:24.697+0000] {processor.py:914} INFO - Processing file /home/airflow/.local/lib/python3.12/site-packages/airflow/example_dags/example_short_circuit_decorator.py for tasks to queue
[2025-11-14T21:18:24.700+0000] {logging_mixin.py:190} INFO - [2025-11-14T21:18:24.699+0000] {dagbag.py:588} INFO - Filling up the DagBag from /home/airflow/.local/lib/python3.12/site-packages/airflow/example_dags/example_short_circuit_decorator.py
[2025-11-14T21:18:24.711+0000] {processor.py:925} INFO - DAG(s) 'example_short_circuit_decorator' retrieved from /home/airflow/.local/lib/python3.12/site-packages/airflow/example_dags/example_short_circuit_decorator.py
[2025-11-14T21:18:24.738+0000] {logging_mixin.py:190} INFO - [2025-11-14T21:18:24.738+0000] {dag.py:3239} INFO - Sync 1 DAGs
[2025-11-14T21:18:24.755+0000] {logging_mixin.py:190} INFO - [2025-11-14T21:18:24.755+0000] {dag.py:4180} INFO - Setting next_dagrun for example_short_circuit_decorator to None, run_after=None
[2025-11-14T21:18:24.774+0000] {processor.py:208} INFO - Processing /home/airflow/.local/lib/python3.12/site-packages/airflow/example_dags/example_short_circuit_decorator.py took 0.086 seconds
[2025-11-14T21:18:55.595+0000] {processor.py:186} INFO - Started process (PID=475) to work on /home/airflow/.local/lib/python3.12/site-packages/airflow/example_dags/example_short_circuit_decorator.py
[2025-11-14T21:18:55.599+0000] {processor.py:914} INFO - Processing file /home/airflow/.local/lib/python3.12/site-packages/airflow/example_dags/example_short_circuit_decorator.py for tasks to queue
[2025-11-14T21:18:55.605+0000] {logging_mixin.py:190} INFO - [2025-11-14T21:18:55.604+0000] {dagbag.py:588} INFO - Filling up the DagBag from /home/airflow/.local/lib/python3.12/site-packages/airflow/example_dags/example_short_circuit_decorator.py
[2025-11-14T21:18:55.632+0000] {processor.py:925} INFO - DAG(s) 'example_short_circuit_decorator' retrieved from /home/airflow/.local/lib/python3.12/site-packages/airflow/example_dags/example_short_circuit_decorator.py
[2025-11-14T21:18:55.683+0000] {logging_mixin.py:190} INFO - [2025-11-14T21:18:55.682+0000] {dag.py:3239} INFO - Sync 1 DAGs
[2025-11-14T21:18:55.717+0000] {logging_mixin.py:190} INFO - [2025-11-14T21:18:55.717+0000] {dag.py:4180} INFO - Setting next_dagrun for example_short_circuit_decorator to None, run_after=None
[2025-11-14T21:18:55.763+0000] {processor.py:208} INFO - Processing /home/airflow/.local/lib/python3.12/site-packages/airflow/example_dags/example_short_circuit_decorator.py took 0.180 seconds
[2025-11-14T21:19:26.830+0000] {processor.py:186} INFO - Started process (PID=540) to work on /home/airflow/.local/lib/python3.12/site-packages/airflow/example_dags/example_short_circuit_decorator.py
[2025-11-14T21:19:26.834+0000] {processor.py:914} INFO - Processing file /home/airflow/.local/lib/python3.12/site-packages/airflow/example_dags/example_short_circuit_decorator.py for tasks to queue
[2025-11-14T21:19:26.843+0000] {logging_mixin.py:190} INFO - [2025-11-14T21:19:26.841+0000] {dagbag.py:588} INFO - Filling up the DagBag from /home/airflow/.local/lib/python3.12/site-packages/airflow/example_dags/example_short_circuit_decorator.py
[2025-11-14T21:19:26.876+0000] {processor.py:925} INFO - DAG(s) 'example_short_circuit_decorator' retrieved from /home/airflow/.local/lib/python3.12/site-packages/airflow/example_dags/example_short_circuit_decorator.py
[2025-11-14T21:19:27.045+0000] {logging_mixin.py:190} INFO - [2025-11-14T21:19:27.043+0000] {dag.py:3239} INFO - Sync 1 DAGs
[2025-11-14T21:19:27.159+0000] {logging_mixin.py:190} INFO - [2025-11-14T21:19:27.158+0000] {dag.py:4180} INFO - Setting next_dagrun for example_short_circuit_decorator to None, run_after=None
[2025-11-14T21:19:27.221+0000] {processor.py:208} INFO - Processing /home/airflow/.local/lib/python3.12/site-packages/airflow/example_dags/example_short_circuit_decorator.py took 0.413 seconds
[2025-11-14T21:20:01.887+0000] {processor.py:186} INFO - Started process (PID=614) to work on /home/airflow/.local/lib/python3.12/site-packages/airflow/example_dags/example_short_circuit_decorator.py
[2025-11-14T21:20:01.966+0000] {processor.py:914} INFO - Processing file /home/airflow/.local/lib/python3.12/site-packages/airflow/example_dags/example_short_circuit_decorator.py for tasks to queue
[2025-11-14T21:20:02.095+0000] {logging_mixin.py:190} INFO - [2025-11-14T21:20:02.077+0000] {dagbag.py:588} INFO - Filling up the DagBag from /home/airflow/.local/lib/python3.12/site-packages/airflow/example_dags/example_short_circuit_decorator.py
[2025-11-14T21:20:02.684+0000] {processor.py:925} INFO - DAG(s) 'example_short_circuit_decorator' retrieved from /home/airflow/.local/lib/python3.12/site-packages/airflow/example_dags/example_short_circuit_decorator.py
[2025-11-14T21:20:04.435+0000] {logging_mixin.py:190} INFO - [2025-11-14T21:20:04.391+0000] {dag.py:3239} INFO - Sync 1 DAGs
[2025-11-14T21:20:05.047+0000] {logging_mixin.py:190} INFO - [2025-11-14T21:20:05.046+0000] {dag.py:4180} INFO - Setting next_dagrun for example_short_circuit_decorator to None, run_after=None
[2025-11-14T21:20:05.342+0000] {processor.py:208} INFO - Processing /home/airflow/.local/lib/python3.12/site-packages/airflow/example_dags/example_short_circuit_decorator.py took 3.708 seconds
[2025-11-14T21:21:37.431+0000] {processor.py:186} INFO - Started process (PID=709) to work on /home/airflow/.local/lib/python3.12/site-packages/airflow/example_dags/example_short_circuit_decorator.py
[2025-11-14T21:21:37.450+0000] {processor.py:914} INFO - Processing file /home/airflow/.local/lib/python3.12/site-packages/airflow/example_dags/example_short_circuit_decorator.py for tasks to queue
[2025-11-14T21:21:37.468+0000] {logging_mixin.py:190} INFO - [2025-11-14T21:21:37.466+0000] {dagbag.py:588} INFO - Filling up the DagBag from /home/airflow/.local/lib/python3.12/site-packages/airflow/example_dags/example_short_circuit_decorator.py
[2025-11-14T21:21:37.535+0000] {processor.py:925} INFO - DAG(s) 'example_short_circuit_decorator' retrieved from /home/airflow/.local/lib/python3.12/site-packages/airflow/example_dags/example_short_circuit_decorator.py
[2025-11-14T21:21:37.676+0000] {logging_mixin.py:190} INFO - [2025-11-14T21:21:37.675+0000] {dag.py:3239} INFO - Sync 1 DAGs
[2025-11-14T21:21:37.766+0000] {logging_mixin.py:190} INFO - [2025-11-14T21:21:37.765+0000] {dag.py:4180} INFO - Setting next_dagrun for example_short_circuit_decorator to None, run_after=None
[2025-11-14T21:21:37.868+0000] {processor.py:208} INFO - Processing /home/airflow/.local/lib/python3.12/site-packages/airflow/example_dags/example_short_circuit_decorator.py took 0.552 seconds
[2025-11-14T21:22:08.932+0000] {processor.py:186} INFO - Started process (PID=773) to work on /home/airflow/.local/lib/python3.12/site-packages/airflow/example_dags/example_short_circuit_decorator.py
[2025-11-14T21:22:08.941+0000] {processor.py:914} INFO - Processing file /home/airflow/.local/lib/python3.12/site-packages/airflow/example_dags/example_short_circuit_decorator.py for tasks to queue
[2025-11-14T21:22:08.956+0000] {logging_mixin.py:190} INFO - [2025-11-14T21:22:08.954+0000] {dagbag.py:588} INFO - Filling up the DagBag from /home/airflow/.local/lib/python3.12/site-packages/airflow/example_dags/example_short_circuit_decorator.py
[2025-11-14T21:22:09.022+0000] {processor.py:925} INFO - DAG(s) 'example_short_circuit_decorator' retrieved from /home/airflow/.local/lib/python3.12/site-packages/airflow/example_dags/example_short_circuit_decorator.py
[2025-11-14T21:22:09.185+0000] {logging_mixin.py:190} INFO - [2025-11-14T21:22:09.184+0000] {dag.py:3239} INFO - Sync 1 DAGs
[2025-11-14T21:22:09.289+0000] {logging_mixin.py:190} INFO - [2025-11-14T21:22:09.288+0000] {dag.py:4180} INFO - Setting next_dagrun for example_short_circuit_decorator to None, run_after=None
[2025-11-14T21:22:09.440+0000] {processor.py:208} INFO - Processing /home/airflow/.local/lib/python3.12/site-packages/airflow/example_dags/example_short_circuit_decorator.py took 0.544 seconds
[2025-11-14T21:22:41.435+0000] {processor.py:186} INFO - Started process (PID=838) to work on /home/airflow/.local/lib/python3.12/site-packages/airflow/example_dags/example_short_circuit_decorator.py
[2025-11-14T21:22:41.442+0000] {processor.py:914} INFO - Processing file /home/airflow/.local/lib/python3.12/site-packages/airflow/example_dags/example_short_circuit_decorator.py for tasks to queue
[2025-11-14T21:22:41.458+0000] {logging_mixin.py:190} INFO - [2025-11-14T21:22:41.456+0000] {dagbag.py:588} INFO - Filling up the DagBag from /home/airflow/.local/lib/python3.12/site-packages/airflow/example_dags/example_short_circuit_decorator.py
[2025-11-14T21:22:41.534+0000] {processor.py:925} INFO - DAG(s) 'example_short_circuit_decorator' retrieved from /home/airflow/.local/lib/python3.12/site-packages/airflow/example_dags/example_short_circuit_decorator.py
[2025-11-14T21:22:41.681+0000] {logging_mixin.py:190} INFO - [2025-11-14T21:22:41.680+0000] {dag.py:3239} INFO - Sync 1 DAGs
[2025-11-14T21:22:41.841+0000] {logging_mixin.py:190} INFO - [2025-11-14T21:22:41.840+0000] {dag.py:4180} INFO - Setting next_dagrun for example_short_circuit_decorator to None, run_after=None
[2025-11-14T21:22:41.972+0000] {processor.py:208} INFO - Processing /home/airflow/.local/lib/python3.12/site-packages/airflow/example_dags/example_short_circuit_decorator.py took 0.589 seconds
[2025-11-14T21:23:13.984+0000] {processor.py:186} INFO - Started process (PID=904) to work on /home/airflow/.local/lib/python3.12/site-packages/airflow/example_dags/example_short_circuit_decorator.py
[2025-11-14T21:23:13.989+0000] {processor.py:914} INFO - Processing file /home/airflow/.local/lib/python3.12/site-packages/airflow/example_dags/example_short_circuit_decorator.py for tasks to queue
[2025-11-14T21:23:13.997+0000] {logging_mixin.py:190} INFO - [2025-11-14T21:23:13.996+0000] {dagbag.py:588} INFO - Filling up the DagBag from /home/airflow/.local/lib/python3.12/site-packages/airflow/example_dags/example_short_circuit_decorator.py
[2025-11-14T21:23:14.037+0000] {processor.py:925} INFO - DAG(s) 'example_short_circuit_decorator' retrieved from /home/airflow/.local/lib/python3.12/site-packages/airflow/example_dags/example_short_circuit_decorator.py
[2025-11-14T21:23:14.117+0000] {logging_mixin.py:190} INFO - [2025-11-14T21:23:14.116+0000] {dag.py:3239} INFO - Sync 1 DAGs
[2025-11-14T21:23:14.175+0000] {logging_mixin.py:190} INFO - [2025-11-14T21:23:14.174+0000] {dag.py:4180} INFO - Setting next_dagrun for example_short_circuit_decorator to None, run_after=None
[2025-11-14T21:23:14.248+0000] {processor.py:208} INFO - Processing /home/airflow/.local/lib/python3.12/site-packages/airflow/example_dags/example_short_circuit_decorator.py took 0.289 seconds
[2025-11-14T21:23:44.713+0000] {processor.py:186} INFO - Started process (PID=968) to work on /home/airflow/.local/lib/python3.12/site-packages/airflow/example_dags/example_short_circuit_decorator.py
[2025-11-14T21:23:44.718+0000] {processor.py:914} INFO - Processing file /home/airflow/.local/lib/python3.12/site-packages/airflow/example_dags/example_short_circuit_decorator.py for tasks to queue
[2025-11-14T21:23:44.725+0000] {logging_mixin.py:190} INFO - [2025-11-14T21:23:44.724+0000] {dagbag.py:588} INFO - Filling up the DagBag from /home/airflow/.local/lib/python3.12/site-packages/airflow/example_dags/example_short_circuit_decorator.py
[2025-11-14T21:23:44.754+0000] {processor.py:925} INFO - DAG(s) 'example_short_circuit_decorator' retrieved from /home/airflow/.local/lib/python3.12/site-packages/airflow/example_dags/example_short_circuit_decorator.py
[2025-11-14T21:23:44.825+0000] {logging_mixin.py:190} INFO - [2025-11-14T21:23:44.825+0000] {dag.py:3239} INFO - Sync 1 DAGs
[2025-11-14T21:23:44.881+0000] {logging_mixin.py:190} INFO - [2025-11-14T21:23:44.879+0000] {dag.py:4180} INFO - Setting next_dagrun for example_short_circuit_decorator to None, run_after=None
[2025-11-14T21:23:44.939+0000] {processor.py:208} INFO - Processing /home/airflow/.local/lib/python3.12/site-packages/airflow/example_dags/example_short_circuit_decorator.py took 0.250 seconds
[2025-11-14T21:24:18.666+0000] {processor.py:186} INFO - Started process (PID=1035) to work on /home/airflow/.local/lib/python3.12/site-packages/airflow/example_dags/example_short_circuit_decorator.py
[2025-11-14T21:24:18.672+0000] {processor.py:914} INFO - Processing file /home/airflow/.local/lib/python3.12/site-packages/airflow/example_dags/example_short_circuit_decorator.py for tasks to queue
[2025-11-14T21:24:18.682+0000] {logging_mixin.py:190} INFO - [2025-11-14T21:24:18.681+0000] {dagbag.py:588} INFO - Filling up the DagBag from /home/airflow/.local/lib/python3.12/site-packages/airflow/example_dags/example_short_circuit_decorator.py
[2025-11-14T21:24:18.723+0000] {processor.py:925} INFO - DAG(s) 'example_short_circuit_decorator' retrieved from /home/airflow/.local/lib/python3.12/site-packages/airflow/example_dags/example_short_circuit_decorator.py
[2025-11-14T21:24:18.818+0000] {logging_mixin.py:190} INFO - [2025-11-14T21:24:18.818+0000] {dag.py:3239} INFO - Sync 1 DAGs
[2025-11-14T21:24:18.879+0000] {logging_mixin.py:190} INFO - [2025-11-14T21:24:18.879+0000] {dag.py:4180} INFO - Setting next_dagrun for example_short_circuit_decorator to None, run_after=None
[2025-11-14T21:24:18.958+0000] {processor.py:208} INFO - Processing /home/airflow/.local/lib/python3.12/site-packages/airflow/example_dags/example_short_circuit_decorator.py took 0.317 seconds
[2025-11-14T21:24:50.088+0000] {processor.py:186} INFO - Started process (PID=1097) to work on /home/airflow/.local/lib/python3.12/site-packages/airflow/example_dags/example_short_circuit_decorator.py
[2025-11-14T21:24:50.096+0000] {processor.py:914} INFO - Processing file /home/airflow/.local/lib/python3.12/site-packages/airflow/example_dags/example_short_circuit_decorator.py for tasks to queue
[2025-11-14T21:24:50.113+0000] {logging_mixin.py:190} INFO - [2025-11-14T21:24:50.112+0000] {dagbag.py:588} INFO - Filling up the DagBag from /home/airflow/.local/lib/python3.12/site-packages/airflow/example_dags/example_short_circuit_decorator.py
[2025-11-14T21:24:50.187+0000] {processor.py:925} INFO - DAG(s) 'example_short_circuit_decorator' retrieved from /home/airflow/.local/lib/python3.12/site-packages/airflow/example_dags/example_short_circuit_decorator.py
[2025-11-14T21:24:50.537+0000] {logging_mixin.py:190} INFO - [2025-11-14T21:24:50.535+0000] {dag.py:3239} INFO - Sync 1 DAGs
[2025-11-14T21:24:50.636+0000] {logging_mixin.py:190} INFO - [2025-11-14T21:24:50.635+0000] {dag.py:4180} INFO - Setting next_dagrun for example_short_circuit_decorator to None, run_after=None
[2025-11-14T21:24:50.845+0000] {processor.py:208} INFO - Processing /home/airflow/.local/lib/python3.12/site-packages/airflow/example_dags/example_short_circuit_decorator.py took 0.806 seconds
[2025-11-14T21:25:21.033+0000] {processor.py:186} INFO - Started process (PID=1161) to work on /home/airflow/.local/lib/python3.12/site-packages/airflow/example_dags/example_short_circuit_decorator.py
[2025-11-14T21:25:21.038+0000] {processor.py:914} INFO - Processing file /home/airflow/.local/lib/python3.12/site-packages/airflow/example_dags/example_short_circuit_decorator.py for tasks to queue
[2025-11-14T21:25:21.046+0000] {logging_mixin.py:190} INFO - [2025-11-14T21:25:21.046+0000] {dagbag.py:588} INFO - Filling up the DagBag from /home/airflow/.local/lib/python3.12/site-packages/airflow/example_dags/example_short_circuit_decorator.py
[2025-11-14T21:25:21.071+0000] {processor.py:925} INFO - DAG(s) 'example_short_circuit_decorator' retrieved from /home/airflow/.local/lib/python3.12/site-packages/airflow/example_dags/example_short_circuit_decorator.py
[2025-11-14T21:25:21.125+0000] {logging_mixin.py:190} INFO - [2025-11-14T21:25:21.125+0000] {dag.py:3239} INFO - Sync 1 DAGs
[2025-11-14T21:25:21.159+0000] {logging_mixin.py:190} INFO - [2025-11-14T21:25:21.159+0000] {dag.py:4180} INFO - Setting next_dagrun for example_short_circuit_decorator to None, run_after=None
[2025-11-14T21:25:21.200+0000] {processor.py:208} INFO - Processing /home/airflow/.local/lib/python3.12/site-packages/airflow/example_dags/example_short_circuit_decorator.py took 0.182 seconds
[2025-11-14T21:25:51.360+0000] {processor.py:186} INFO - Started process (PID=1225) to work on /home/airflow/.local/lib/python3.12/site-packages/airflow/example_dags/example_short_circuit_decorator.py
[2025-11-14T21:25:51.362+0000] {processor.py:914} INFO - Processing file /home/airflow/.local/lib/python3.12/site-packages/airflow/example_dags/example_short_circuit_decorator.py for tasks to queue
[2025-11-14T21:25:51.367+0000] {logging_mixin.py:190} INFO - [2025-11-14T21:25:51.367+0000] {dagbag.py:588} INFO - Filling up the DagBag from /home/airflow/.local/lib/python3.12/site-packages/airflow/example_dags/example_short_circuit_decorator.py
[2025-11-14T21:25:51.387+0000] {processor.py:925} INFO - DAG(s) 'example_short_circuit_decorator' retrieved from /home/airflow/.local/lib/python3.12/site-packages/airflow/example_dags/example_short_circuit_decorator.py
[2025-11-14T21:25:51.433+0000] {logging_mixin.py:190} INFO - [2025-11-14T21:25:51.433+0000] {dag.py:3239} INFO - Sync 1 DAGs
[2025-11-14T21:25:51.462+0000] {logging_mixin.py:190} INFO - [2025-11-14T21:25:51.461+0000] {dag.py:4180} INFO - Setting next_dagrun for example_short_circuit_decorator to None, run_after=None
[2025-11-14T21:25:51.497+0000] {processor.py:208} INFO - Processing /home/airflow/.local/lib/python3.12/site-packages/airflow/example_dags/example_short_circuit_decorator.py took 0.154 seconds
[2025-11-14T21:26:21.801+0000] {processor.py:186} INFO - Started process (PID=1289) to work on /home/airflow/.local/lib/python3.12/site-packages/airflow/example_dags/example_short_circuit_decorator.py
[2025-11-14T21:26:21.805+0000] {processor.py:914} INFO - Processing file /home/airflow/.local/lib/python3.12/site-packages/airflow/example_dags/example_short_circuit_decorator.py for tasks to queue
[2025-11-14T21:26:21.811+0000] {logging_mixin.py:190} INFO - [2025-11-14T21:26:21.810+0000] {dagbag.py:588} INFO - Filling up the DagBag from /home/airflow/.local/lib/python3.12/site-packages/airflow/example_dags/example_short_circuit_decorator.py
[2025-11-14T21:26:21.842+0000] {processor.py:925} INFO - DAG(s) 'example_short_circuit_decorator' retrieved from /home/airflow/.local/lib/python3.12/site-packages/airflow/example_dags/example_short_circuit_decorator.py
[2025-11-14T21:26:21.912+0000] {logging_mixin.py:190} INFO - [2025-11-14T21:26:21.912+0000] {dag.py:3239} INFO - Sync 1 DAGs
[2025-11-14T21:26:21.944+0000] {logging_mixin.py:190} INFO - [2025-11-14T21:26:21.943+0000] {dag.py:4180} INFO - Setting next_dagrun for example_short_circuit_decorator to None, run_after=None
[2025-11-14T21:26:21.993+0000] {processor.py:208} INFO - Processing /home/airflow/.local/lib/python3.12/site-packages/airflow/example_dags/example_short_circuit_decorator.py took 0.207 seconds
[2025-11-14T21:26:52.140+0000] {processor.py:186} INFO - Started process (PID=1353) to work on /home/airflow/.local/lib/python3.12/site-packages/airflow/example_dags/example_short_circuit_decorator.py
[2025-11-14T21:26:52.157+0000] {processor.py:914} INFO - Processing file /home/airflow/.local/lib/python3.12/site-packages/airflow/example_dags/example_short_circuit_decorator.py for tasks to queue
[2025-11-14T21:26:52.182+0000] {logging_mixin.py:190} INFO - [2025-11-14T21:26:52.179+0000] {dagbag.py:588} INFO - Filling up the DagBag from /home/airflow/.local/lib/python3.12/site-packages/airflow/example_dags/example_short_circuit_decorator.py
[2025-11-14T21:26:52.390+0000] {processor.py:925} INFO - DAG(s) 'example_short_circuit_decorator' retrieved from /home/airflow/.local/lib/python3.12/site-packages/airflow/example_dags/example_short_circuit_decorator.py
[2025-11-14T21:26:52.590+0000] {logging_mixin.py:190} INFO - [2025-11-14T21:26:52.590+0000] {dag.py:3239} INFO - Sync 1 DAGs
[2025-11-14T21:26:52.681+0000] {logging_mixin.py:190} INFO - [2025-11-14T21:26:52.681+0000] {dag.py:4180} INFO - Setting next_dagrun for example_short_circuit_decorator to None, run_after=None
[2025-11-14T21:26:52.752+0000] {processor.py:208} INFO - Processing /home/airflow/.local/lib/python3.12/site-packages/airflow/example_dags/example_short_circuit_decorator.py took 0.654 seconds
[2025-11-14T21:27:23.014+0000] {processor.py:186} INFO - Started process (PID=1416) to work on /home/airflow/.local/lib/python3.12/site-packages/airflow/example_dags/example_short_circuit_decorator.py
[2025-11-14T21:27:23.017+0000] {processor.py:914} INFO - Processing file /home/airflow/.local/lib/python3.12/site-packages/airflow/example_dags/example_short_circuit_decorator.py for tasks to queue
[2025-11-14T21:27:23.023+0000] {logging_mixin.py:190} INFO - [2025-11-14T21:27:23.023+0000] {dagbag.py:588} INFO - Filling up the DagBag from /home/airflow/.local/lib/python3.12/site-packages/airflow/example_dags/example_short_circuit_decorator.py
[2025-11-14T21:27:23.051+0000] {processor.py:925} INFO - DAG(s) 'example_short_circuit_decorator' retrieved from /home/airflow/.local/lib/python3.12/site-packages/airflow/example_dags/example_short_circuit_decorator.py
[2025-11-14T21:27:23.110+0000] {logging_mixin.py:190} INFO - [2025-11-14T21:27:23.109+0000] {dag.py:3239} INFO - Sync 1 DAGs
[2025-11-14T21:27:23.141+0000] {logging_mixin.py:190} INFO - [2025-11-14T21:27:23.141+0000] {dag.py:4180} INFO - Setting next_dagrun for example_short_circuit_decorator to None, run_after=None
[2025-11-14T21:27:23.181+0000] {processor.py:208} INFO - Processing /home/airflow/.local/lib/python3.12/site-packages/airflow/example_dags/example_short_circuit_decorator.py took 0.182 seconds
[2025-11-14T21:27:53.982+0000] {processor.py:186} INFO - Started process (PID=1479) to work on /home/airflow/.local/lib/python3.12/site-packages/airflow/example_dags/example_short_circuit_decorator.py
[2025-11-14T21:27:53.987+0000] {processor.py:914} INFO - Processing file /home/airflow/.local/lib/python3.12/site-packages/airflow/example_dags/example_short_circuit_decorator.py for tasks to queue
[2025-11-14T21:27:53.996+0000] {logging_mixin.py:190} INFO - [2025-11-14T21:27:53.995+0000] {dagbag.py:588} INFO - Filling up the DagBag from /home/airflow/.local/lib/python3.12/site-packages/airflow/example_dags/example_short_circuit_decorator.py
[2025-11-14T21:27:54.028+0000] {processor.py:925} INFO - DAG(s) 'example_short_circuit_decorator' retrieved from /home/airflow/.local/lib/python3.12/site-packages/airflow/example_dags/example_short_circuit_decorator.py
[2025-11-14T21:27:54.102+0000] {logging_mixin.py:190} INFO - [2025-11-14T21:27:54.102+0000] {dag.py:3239} INFO - Sync 1 DAGs
[2025-11-14T21:27:54.139+0000] {logging_mixin.py:190} INFO - [2025-11-14T21:27:54.139+0000] {dag.py:4180} INFO - Setting next_dagrun for example_short_circuit_decorator to None, run_after=None
[2025-11-14T21:27:54.186+0000] {processor.py:208} INFO - Processing /home/airflow/.local/lib/python3.12/site-packages/airflow/example_dags/example_short_circuit_decorator.py took 0.224 seconds
