[2025-11-14T21:15:45.859+0000] {processor.py:186} INFO - Started process (PID=66) to work on /home/airflow/.local/lib/python3.12/site-packages/airflow/example_dags/example_datasets.py
[2025-11-14T21:15:45.861+0000] {processor.py:914} INFO - Processing file /home/airflow/.local/lib/python3.12/site-packages/airflow/example_dags/example_datasets.py for tasks to queue
[2025-11-14T21:15:45.867+0000] {logging_mixin.py:190} INFO - [2025-11-14T21:15:45.866+0000] {dagbag.py:588} INFO - Filling up the DagBag from /home/airflow/.local/lib/python3.12/site-packages/airflow/example_dags/example_datasets.py
[2025-11-14T21:15:46.247+0000] {processor.py:925} INFO - DAG(s) 'consume_1_or_both_2_and_3_with_dataset_expressions', 'dataset_consumes_1_and_2', 'consume_1_and_2_with_dataset_expressions', 'consume_1_or_2_with_dataset_expressions', 'dataset_consumes_1', 'dataset_consumes_1_never_scheduled', 'dataset_produces_2', 'conditional_dataset_and_time_based_timetable', 'dataset_produces_1', 'dataset_consumes_unknown_never_scheduled' retrieved from /home/airflow/.local/lib/python3.12/site-packages/airflow/example_dags/example_datasets.py
[2025-11-14T21:15:46.440+0000] {logging_mixin.py:190} INFO - [2025-11-14T21:15:46.439+0000] {override.py:1900} INFO - Created Permission View: can edit on DAG:consume_1_or_both_2_and_3_with_dataset_expressions
[2025-11-14T21:15:46.458+0000] {logging_mixin.py:190} INFO - [2025-11-14T21:15:46.458+0000] {override.py:1900} INFO - Created Permission View: can delete on DAG:consume_1_or_both_2_and_3_with_dataset_expressions
[2025-11-14T21:15:46.471+0000] {logging_mixin.py:190} INFO - [2025-11-14T21:15:46.470+0000] {override.py:1900} INFO - Created Permission View: can read on DAG:consume_1_or_both_2_and_3_with_dataset_expressions
[2025-11-14T21:15:46.483+0000] {logging_mixin.py:190} INFO - [2025-11-14T21:15:46.482+0000] {override.py:1900} INFO - Created Permission View: menu access on DAG Run:consume_1_or_both_2_and_3_with_dataset_expressions
[2025-11-14T21:15:46.495+0000] {logging_mixin.py:190} INFO - [2025-11-14T21:15:46.495+0000] {override.py:1900} INFO - Created Permission View: can create on DAG Run:consume_1_or_both_2_and_3_with_dataset_expressions
[2025-11-14T21:15:46.508+0000] {logging_mixin.py:190} INFO - [2025-11-14T21:15:46.508+0000] {override.py:1900} INFO - Created Permission View: can delete on DAG Run:consume_1_or_both_2_and_3_with_dataset_expressions
[2025-11-14T21:15:46.521+0000] {logging_mixin.py:190} INFO - [2025-11-14T21:15:46.520+0000] {override.py:1900} INFO - Created Permission View: can read on DAG Run:consume_1_or_both_2_and_3_with_dataset_expressions
[2025-11-14T21:15:46.544+0000] {logging_mixin.py:190} INFO - [2025-11-14T21:15:46.544+0000] {override.py:1900} INFO - Created Permission View: can edit on DAG:dataset_consumes_1_and_2
[2025-11-14T21:15:46.559+0000] {logging_mixin.py:190} INFO - [2025-11-14T21:15:46.558+0000] {override.py:1900} INFO - Created Permission View: can delete on DAG:dataset_consumes_1_and_2
[2025-11-14T21:15:46.576+0000] {logging_mixin.py:190} INFO - [2025-11-14T21:15:46.576+0000] {override.py:1900} INFO - Created Permission View: can read on DAG:dataset_consumes_1_and_2
[2025-11-14T21:15:46.593+0000] {logging_mixin.py:190} INFO - [2025-11-14T21:15:46.593+0000] {override.py:1900} INFO - Created Permission View: menu access on DAG Run:dataset_consumes_1_and_2
[2025-11-14T21:15:46.608+0000] {logging_mixin.py:190} INFO - [2025-11-14T21:15:46.607+0000] {override.py:1900} INFO - Created Permission View: can create on DAG Run:dataset_consumes_1_and_2
[2025-11-14T21:15:46.620+0000] {logging_mixin.py:190} INFO - [2025-11-14T21:15:46.620+0000] {override.py:1900} INFO - Created Permission View: can delete on DAG Run:dataset_consumes_1_and_2
[2025-11-14T21:15:46.633+0000] {logging_mixin.py:190} INFO - [2025-11-14T21:15:46.633+0000] {override.py:1900} INFO - Created Permission View: can read on DAG Run:dataset_consumes_1_and_2
[2025-11-14T21:15:46.655+0000] {logging_mixin.py:190} INFO - [2025-11-14T21:15:46.655+0000] {override.py:1900} INFO - Created Permission View: can edit on DAG:consume_1_and_2_with_dataset_expressions
[2025-11-14T21:15:46.667+0000] {logging_mixin.py:190} INFO - [2025-11-14T21:15:46.667+0000] {override.py:1900} INFO - Created Permission View: can delete on DAG:consume_1_and_2_with_dataset_expressions
[2025-11-14T21:15:46.678+0000] {logging_mixin.py:190} INFO - [2025-11-14T21:15:46.678+0000] {override.py:1900} INFO - Created Permission View: can read on DAG:consume_1_and_2_with_dataset_expressions
[2025-11-14T21:15:46.691+0000] {logging_mixin.py:190} INFO - [2025-11-14T21:15:46.690+0000] {override.py:1900} INFO - Created Permission View: menu access on DAG Run:consume_1_and_2_with_dataset_expressions
[2025-11-14T21:15:46.702+0000] {logging_mixin.py:190} INFO - [2025-11-14T21:15:46.702+0000] {override.py:1900} INFO - Created Permission View: can create on DAG Run:consume_1_and_2_with_dataset_expressions
[2025-11-14T21:15:46.713+0000] {logging_mixin.py:190} INFO - [2025-11-14T21:15:46.713+0000] {override.py:1900} INFO - Created Permission View: can delete on DAG Run:consume_1_and_2_with_dataset_expressions
[2025-11-14T21:15:46.725+0000] {logging_mixin.py:190} INFO - [2025-11-14T21:15:46.725+0000] {override.py:1900} INFO - Created Permission View: can read on DAG Run:consume_1_and_2_with_dataset_expressions
[2025-11-14T21:15:46.746+0000] {logging_mixin.py:190} INFO - [2025-11-14T21:15:46.745+0000] {override.py:1900} INFO - Created Permission View: can edit on DAG:consume_1_or_2_with_dataset_expressions
[2025-11-14T21:15:46.757+0000] {logging_mixin.py:190} INFO - [2025-11-14T21:15:46.757+0000] {override.py:1900} INFO - Created Permission View: can delete on DAG:consume_1_or_2_with_dataset_expressions
[2025-11-14T21:15:46.769+0000] {logging_mixin.py:190} INFO - [2025-11-14T21:15:46.769+0000] {override.py:1900} INFO - Created Permission View: can read on DAG:consume_1_or_2_with_dataset_expressions
[2025-11-14T21:15:46.785+0000] {logging_mixin.py:190} INFO - [2025-11-14T21:15:46.784+0000] {override.py:1900} INFO - Created Permission View: menu access on DAG Run:consume_1_or_2_with_dataset_expressions
[2025-11-14T21:15:46.797+0000] {logging_mixin.py:190} INFO - [2025-11-14T21:15:46.797+0000] {override.py:1900} INFO - Created Permission View: can create on DAG Run:consume_1_or_2_with_dataset_expressions
[2025-11-14T21:15:46.809+0000] {logging_mixin.py:190} INFO - [2025-11-14T21:15:46.808+0000] {override.py:1900} INFO - Created Permission View: can delete on DAG Run:consume_1_or_2_with_dataset_expressions
[2025-11-14T21:15:46.820+0000] {logging_mixin.py:190} INFO - [2025-11-14T21:15:46.820+0000] {override.py:1900} INFO - Created Permission View: can read on DAG Run:consume_1_or_2_with_dataset_expressions
[2025-11-14T21:15:46.842+0000] {logging_mixin.py:190} INFO - [2025-11-14T21:15:46.842+0000] {override.py:1900} INFO - Created Permission View: can edit on DAG:dataset_consumes_1
[2025-11-14T21:15:46.856+0000] {logging_mixin.py:190} INFO - [2025-11-14T21:15:46.855+0000] {override.py:1900} INFO - Created Permission View: can delete on DAG:dataset_consumes_1
[2025-11-14T21:15:46.867+0000] {logging_mixin.py:190} INFO - [2025-11-14T21:15:46.867+0000] {override.py:1900} INFO - Created Permission View: can read on DAG:dataset_consumes_1
[2025-11-14T21:15:46.884+0000] {logging_mixin.py:190} INFO - [2025-11-14T21:15:46.883+0000] {override.py:1900} INFO - Created Permission View: menu access on DAG Run:dataset_consumes_1
[2025-11-14T21:15:46.899+0000] {logging_mixin.py:190} INFO - [2025-11-14T21:15:46.898+0000] {override.py:1900} INFO - Created Permission View: can create on DAG Run:dataset_consumes_1
[2025-11-14T21:15:46.911+0000] {logging_mixin.py:190} INFO - [2025-11-14T21:15:46.911+0000] {override.py:1900} INFO - Created Permission View: can delete on DAG Run:dataset_consumes_1
[2025-11-14T21:15:46.925+0000] {logging_mixin.py:190} INFO - [2025-11-14T21:15:46.924+0000] {override.py:1900} INFO - Created Permission View: can read on DAG Run:dataset_consumes_1
[2025-11-14T21:15:46.946+0000] {logging_mixin.py:190} INFO - [2025-11-14T21:15:46.946+0000] {override.py:1900} INFO - Created Permission View: can edit on DAG:dataset_consumes_1_never_scheduled
[2025-11-14T21:15:46.961+0000] {logging_mixin.py:190} INFO - [2025-11-14T21:15:46.961+0000] {override.py:1900} INFO - Created Permission View: can delete on DAG:dataset_consumes_1_never_scheduled
[2025-11-14T21:15:46.975+0000] {logging_mixin.py:190} INFO - [2025-11-14T21:15:46.975+0000] {override.py:1900} INFO - Created Permission View: can read on DAG:dataset_consumes_1_never_scheduled
[2025-11-14T21:15:46.989+0000] {logging_mixin.py:190} INFO - [2025-11-14T21:15:46.988+0000] {override.py:1900} INFO - Created Permission View: menu access on DAG Run:dataset_consumes_1_never_scheduled
[2025-11-14T21:15:47.001+0000] {logging_mixin.py:190} INFO - [2025-11-14T21:15:47.000+0000] {override.py:1900} INFO - Created Permission View: can create on DAG Run:dataset_consumes_1_never_scheduled
[2025-11-14T21:15:47.015+0000] {logging_mixin.py:190} INFO - [2025-11-14T21:15:47.015+0000] {override.py:1900} INFO - Created Permission View: can delete on DAG Run:dataset_consumes_1_never_scheduled
[2025-11-14T21:15:47.028+0000] {logging_mixin.py:190} INFO - [2025-11-14T21:15:47.027+0000] {override.py:1900} INFO - Created Permission View: can read on DAG Run:dataset_consumes_1_never_scheduled
[2025-11-14T21:15:47.047+0000] {logging_mixin.py:190} INFO - [2025-11-14T21:15:47.047+0000] {override.py:1900} INFO - Created Permission View: can edit on DAG:dataset_produces_2
[2025-11-14T21:15:47.059+0000] {logging_mixin.py:190} INFO - [2025-11-14T21:15:47.058+0000] {override.py:1900} INFO - Created Permission View: can delete on DAG:dataset_produces_2
[2025-11-14T21:15:47.072+0000] {logging_mixin.py:190} INFO - [2025-11-14T21:15:47.072+0000] {override.py:1900} INFO - Created Permission View: can read on DAG:dataset_produces_2
[2025-11-14T21:15:47.085+0000] {logging_mixin.py:190} INFO - [2025-11-14T21:15:47.085+0000] {override.py:1900} INFO - Created Permission View: menu access on DAG Run:dataset_produces_2
[2025-11-14T21:15:47.103+0000] {logging_mixin.py:190} INFO - [2025-11-14T21:15:47.103+0000] {override.py:1900} INFO - Created Permission View: can create on DAG Run:dataset_produces_2
[2025-11-14T21:15:47.126+0000] {logging_mixin.py:190} INFO - [2025-11-14T21:15:47.126+0000] {override.py:1900} INFO - Created Permission View: can delete on DAG Run:dataset_produces_2
[2025-11-14T21:15:47.141+0000] {logging_mixin.py:190} INFO - [2025-11-14T21:15:47.140+0000] {override.py:1900} INFO - Created Permission View: can read on DAG Run:dataset_produces_2
[2025-11-14T21:15:47.168+0000] {logging_mixin.py:190} INFO - [2025-11-14T21:15:47.168+0000] {override.py:1900} INFO - Created Permission View: can edit on DAG:conditional_dataset_and_time_based_timetable
[2025-11-14T21:15:47.181+0000] {logging_mixin.py:190} INFO - [2025-11-14T21:15:47.180+0000] {override.py:1900} INFO - Created Permission View: can delete on DAG:conditional_dataset_and_time_based_timetable
[2025-11-14T21:15:47.193+0000] {logging_mixin.py:190} INFO - [2025-11-14T21:15:47.193+0000] {override.py:1900} INFO - Created Permission View: can read on DAG:conditional_dataset_and_time_based_timetable
[2025-11-14T21:15:47.207+0000] {logging_mixin.py:190} INFO - [2025-11-14T21:15:47.206+0000] {override.py:1900} INFO - Created Permission View: menu access on DAG Run:conditional_dataset_and_time_based_timetable
[2025-11-14T21:15:47.219+0000] {logging_mixin.py:190} INFO - [2025-11-14T21:15:47.219+0000] {override.py:1900} INFO - Created Permission View: can create on DAG Run:conditional_dataset_and_time_based_timetable
[2025-11-14T21:15:47.231+0000] {logging_mixin.py:190} INFO - [2025-11-14T21:15:47.231+0000] {override.py:1900} INFO - Created Permission View: can delete on DAG Run:conditional_dataset_and_time_based_timetable
[2025-11-14T21:15:47.242+0000] {logging_mixin.py:190} INFO - [2025-11-14T21:15:47.242+0000] {override.py:1900} INFO - Created Permission View: can read on DAG Run:conditional_dataset_and_time_based_timetable
[2025-11-14T21:15:47.264+0000] {logging_mixin.py:190} INFO - [2025-11-14T21:15:47.264+0000] {override.py:1900} INFO - Created Permission View: can edit on DAG:dataset_produces_1
[2025-11-14T21:15:47.278+0000] {logging_mixin.py:190} INFO - [2025-11-14T21:15:47.277+0000] {override.py:1900} INFO - Created Permission View: can delete on DAG:dataset_produces_1
[2025-11-14T21:15:47.289+0000] {logging_mixin.py:190} INFO - [2025-11-14T21:15:47.289+0000] {override.py:1900} INFO - Created Permission View: can read on DAG:dataset_produces_1
[2025-11-14T21:15:47.303+0000] {logging_mixin.py:190} INFO - [2025-11-14T21:15:47.303+0000] {override.py:1900} INFO - Created Permission View: menu access on DAG Run:dataset_produces_1
[2025-11-14T21:15:47.315+0000] {logging_mixin.py:190} INFO - [2025-11-14T21:15:47.315+0000] {override.py:1900} INFO - Created Permission View: can create on DAG Run:dataset_produces_1
[2025-11-14T21:15:47.327+0000] {logging_mixin.py:190} INFO - [2025-11-14T21:15:47.327+0000] {override.py:1900} INFO - Created Permission View: can delete on DAG Run:dataset_produces_1
[2025-11-14T21:15:47.339+0000] {logging_mixin.py:190} INFO - [2025-11-14T21:15:47.338+0000] {override.py:1900} INFO - Created Permission View: can read on DAG Run:dataset_produces_1
[2025-11-14T21:15:47.358+0000] {logging_mixin.py:190} INFO - [2025-11-14T21:15:47.357+0000] {override.py:1900} INFO - Created Permission View: can edit on DAG:dataset_consumes_unknown_never_scheduled
[2025-11-14T21:15:47.368+0000] {logging_mixin.py:190} INFO - [2025-11-14T21:15:47.368+0000] {override.py:1900} INFO - Created Permission View: can delete on DAG:dataset_consumes_unknown_never_scheduled
[2025-11-14T21:15:47.380+0000] {logging_mixin.py:190} INFO - [2025-11-14T21:15:47.379+0000] {override.py:1900} INFO - Created Permission View: can read on DAG:dataset_consumes_unknown_never_scheduled
[2025-11-14T21:15:47.391+0000] {logging_mixin.py:190} INFO - [2025-11-14T21:15:47.391+0000] {override.py:1900} INFO - Created Permission View: menu access on DAG Run:dataset_consumes_unknown_never_scheduled
[2025-11-14T21:15:47.403+0000] {logging_mixin.py:190} INFO - [2025-11-14T21:15:47.402+0000] {override.py:1900} INFO - Created Permission View: can create on DAG Run:dataset_consumes_unknown_never_scheduled
[2025-11-14T21:15:47.415+0000] {logging_mixin.py:190} INFO - [2025-11-14T21:15:47.414+0000] {override.py:1900} INFO - Created Permission View: can delete on DAG Run:dataset_consumes_unknown_never_scheduled
[2025-11-14T21:15:47.428+0000] {logging_mixin.py:190} INFO - [2025-11-14T21:15:47.428+0000] {override.py:1900} INFO - Created Permission View: can read on DAG Run:dataset_consumes_unknown_never_scheduled
[2025-11-14T21:15:47.430+0000] {logging_mixin.py:190} INFO - [2025-11-14T21:15:47.430+0000] {dag.py:3239} INFO - Sync 10 DAGs
[2025-11-14T21:15:47.457+0000] {logging_mixin.py:190} INFO - [2025-11-14T21:15:47.456+0000] {dag.py:3262} INFO - Creating ORM DAG for consume_1_and_2_with_dataset_expressions
[2025-11-14T21:15:47.459+0000] {logging_mixin.py:190} INFO - [2025-11-14T21:15:47.459+0000] {dag.py:3262} INFO - Creating ORM DAG for conditional_dataset_and_time_based_timetable
[2025-11-14T21:15:47.461+0000] {logging_mixin.py:190} INFO - [2025-11-14T21:15:47.461+0000] {dag.py:3262} INFO - Creating ORM DAG for consume_1_or_both_2_and_3_with_dataset_expressions
[2025-11-14T21:15:47.463+0000] {logging_mixin.py:190} INFO - [2025-11-14T21:15:47.462+0000] {dag.py:3262} INFO - Creating ORM DAG for dataset_consumes_1_never_scheduled
[2025-11-14T21:15:47.465+0000] {logging_mixin.py:190} INFO - [2025-11-14T21:15:47.464+0000] {dag.py:3262} INFO - Creating ORM DAG for dataset_consumes_1_and_2
[2025-11-14T21:15:47.467+0000] {logging_mixin.py:190} INFO - [2025-11-14T21:15:47.466+0000] {dag.py:3262} INFO - Creating ORM DAG for dataset_produces_2
[2025-11-14T21:15:47.469+0000] {logging_mixin.py:190} INFO - [2025-11-14T21:15:47.468+0000] {dag.py:3262} INFO - Creating ORM DAG for dataset_consumes_unknown_never_scheduled
[2025-11-14T21:15:47.470+0000] {logging_mixin.py:190} INFO - [2025-11-14T21:15:47.470+0000] {dag.py:3262} INFO - Creating ORM DAG for consume_1_or_2_with_dataset_expressions
[2025-11-14T21:15:47.472+0000] {logging_mixin.py:190} INFO - [2025-11-14T21:15:47.472+0000] {dag.py:3262} INFO - Creating ORM DAG for dataset_produces_1
[2025-11-14T21:15:47.475+0000] {logging_mixin.py:190} INFO - [2025-11-14T21:15:47.475+0000] {dag.py:3262} INFO - Creating ORM DAG for dataset_consumes_1
[2025-11-14T21:15:47.496+0000] {logging_mixin.py:190} INFO - [2025-11-14T21:15:47.496+0000] {dag.py:4180} INFO - Setting next_dagrun for conditional_dataset_and_time_based_timetable to 2025-11-12 01:00:00+00:00, run_after=2025-11-12 01:00:00+00:00
[2025-11-14T21:15:47.498+0000] {logging_mixin.py:190} INFO - [2025-11-14T21:15:47.498+0000] {dag.py:4180} INFO - Setting next_dagrun for consume_1_and_2_with_dataset_expressions to None, run_after=None
[2025-11-14T21:15:47.500+0000] {logging_mixin.py:190} INFO - [2025-11-14T21:15:47.500+0000] {dag.py:4180} INFO - Setting next_dagrun for consume_1_or_2_with_dataset_expressions to None, run_after=None
[2025-11-14T21:15:47.502+0000] {logging_mixin.py:190} INFO - [2025-11-14T21:15:47.501+0000] {dag.py:4180} INFO - Setting next_dagrun for consume_1_or_both_2_and_3_with_dataset_expressions to None, run_after=None
[2025-11-14T21:15:47.504+0000] {logging_mixin.py:190} INFO - [2025-11-14T21:15:47.503+0000] {dag.py:4180} INFO - Setting next_dagrun for dataset_consumes_1 to None, run_after=None
[2025-11-14T21:15:47.505+0000] {logging_mixin.py:190} INFO - [2025-11-14T21:15:47.505+0000] {dag.py:4180} INFO - Setting next_dagrun for dataset_consumes_1_and_2 to None, run_after=None
[2025-11-14T21:15:47.507+0000] {logging_mixin.py:190} INFO - [2025-11-14T21:15:47.507+0000] {dag.py:4180} INFO - Setting next_dagrun for dataset_consumes_1_never_scheduled to None, run_after=None
[2025-11-14T21:15:47.509+0000] {logging_mixin.py:190} INFO - [2025-11-14T21:15:47.509+0000] {dag.py:4180} INFO - Setting next_dagrun for dataset_consumes_unknown_never_scheduled to None, run_after=None
[2025-11-14T21:15:47.513+0000] {logging_mixin.py:190} INFO - [2025-11-14T21:15:47.513+0000] {dag.py:4180} INFO - Setting next_dagrun for dataset_produces_1 to 2025-11-13 00:00:00+00:00, run_after=2025-11-14 00:00:00+00:00
[2025-11-14T21:15:47.515+0000] {logging_mixin.py:190} INFO - [2025-11-14T21:15:47.515+0000] {dag.py:4180} INFO - Setting next_dagrun for dataset_produces_2 to None, run_after=None
[2025-11-14T21:15:47.614+0000] {processor.py:208} INFO - Processing /home/airflow/.local/lib/python3.12/site-packages/airflow/example_dags/example_datasets.py took 1.768 seconds
[2025-11-14T21:16:18.504+0000] {processor.py:186} INFO - Started process (PID=132) to work on /home/airflow/.local/lib/python3.12/site-packages/airflow/example_dags/example_datasets.py
[2025-11-14T21:16:18.507+0000] {processor.py:914} INFO - Processing file /home/airflow/.local/lib/python3.12/site-packages/airflow/example_dags/example_datasets.py for tasks to queue
[2025-11-14T21:16:18.512+0000] {logging_mixin.py:190} INFO - [2025-11-14T21:16:18.511+0000] {dagbag.py:588} INFO - Filling up the DagBag from /home/airflow/.local/lib/python3.12/site-packages/airflow/example_dags/example_datasets.py
[2025-11-14T21:16:18.766+0000] {processor.py:925} INFO - DAG(s) 'dataset_consumes_1_and_2', 'dataset_produces_1', 'dataset_produces_2', 'dataset_consumes_1_never_scheduled', 'consume_1_or_2_with_dataset_expressions', 'consume_1_or_both_2_and_3_with_dataset_expressions', 'dataset_consumes_unknown_never_scheduled', 'dataset_consumes_1', 'consume_1_and_2_with_dataset_expressions', 'conditional_dataset_and_time_based_timetable' retrieved from /home/airflow/.local/lib/python3.12/site-packages/airflow/example_dags/example_datasets.py
[2025-11-14T21:16:18.836+0000] {logging_mixin.py:190} INFO - [2025-11-14T21:16:18.836+0000] {dag.py:3239} INFO - Sync 10 DAGs
[2025-11-14T21:16:18.883+0000] {logging_mixin.py:190} INFO - [2025-11-14T21:16:18.883+0000] {dag.py:4180} INFO - Setting next_dagrun for conditional_dataset_and_time_based_timetable to 2025-11-12 01:00:00+00:00, run_after=2025-11-12 01:00:00+00:00
[2025-11-14T21:16:18.890+0000] {logging_mixin.py:190} INFO - [2025-11-14T21:16:18.890+0000] {dag.py:4180} INFO - Setting next_dagrun for consume_1_and_2_with_dataset_expressions to None, run_after=None
[2025-11-14T21:16:18.894+0000] {logging_mixin.py:190} INFO - [2025-11-14T21:16:18.894+0000] {dag.py:4180} INFO - Setting next_dagrun for consume_1_or_2_with_dataset_expressions to None, run_after=None
[2025-11-14T21:16:18.896+0000] {logging_mixin.py:190} INFO - [2025-11-14T21:16:18.896+0000] {dag.py:4180} INFO - Setting next_dagrun for consume_1_or_both_2_and_3_with_dataset_expressions to None, run_after=None
[2025-11-14T21:16:18.899+0000] {logging_mixin.py:190} INFO - [2025-11-14T21:16:18.898+0000] {dag.py:4180} INFO - Setting next_dagrun for dataset_consumes_1 to None, run_after=None
[2025-11-14T21:16:18.901+0000] {logging_mixin.py:190} INFO - [2025-11-14T21:16:18.901+0000] {dag.py:4180} INFO - Setting next_dagrun for dataset_consumes_1_and_2 to None, run_after=None
[2025-11-14T21:16:18.903+0000] {logging_mixin.py:190} INFO - [2025-11-14T21:16:18.903+0000] {dag.py:4180} INFO - Setting next_dagrun for dataset_consumes_1_never_scheduled to None, run_after=None
[2025-11-14T21:16:18.906+0000] {logging_mixin.py:190} INFO - [2025-11-14T21:16:18.906+0000] {dag.py:4180} INFO - Setting next_dagrun for dataset_consumes_unknown_never_scheduled to None, run_after=None
[2025-11-14T21:16:18.910+0000] {logging_mixin.py:190} INFO - [2025-11-14T21:16:18.910+0000] {dag.py:4180} INFO - Setting next_dagrun for dataset_produces_1 to 2025-11-13 00:00:00+00:00, run_after=2025-11-14 00:00:00+00:00
[2025-11-14T21:16:18.913+0000] {logging_mixin.py:190} INFO - [2025-11-14T21:16:18.912+0000] {dag.py:4180} INFO - Setting next_dagrun for dataset_produces_2 to None, run_after=None
[2025-11-14T21:16:18.980+0000] {processor.py:208} INFO - Processing /home/airflow/.local/lib/python3.12/site-packages/airflow/example_dags/example_datasets.py took 0.488 seconds
[2025-11-14T21:16:49.892+0000] {processor.py:186} INFO - Started process (PID=197) to work on /home/airflow/.local/lib/python3.12/site-packages/airflow/example_dags/example_datasets.py
[2025-11-14T21:16:49.894+0000] {processor.py:914} INFO - Processing file /home/airflow/.local/lib/python3.12/site-packages/airflow/example_dags/example_datasets.py for tasks to queue
[2025-11-14T21:16:49.897+0000] {logging_mixin.py:190} INFO - [2025-11-14T21:16:49.897+0000] {dagbag.py:588} INFO - Filling up the DagBag from /home/airflow/.local/lib/python3.12/site-packages/airflow/example_dags/example_datasets.py
[2025-11-14T21:16:50.071+0000] {processor.py:925} INFO - DAG(s) 'dataset_consumes_1_never_scheduled', 'dataset_produces_2', 'dataset_consumes_1', 'dataset_consumes_unknown_never_scheduled', 'conditional_dataset_and_time_based_timetable', 'dataset_produces_1', 'consume_1_or_both_2_and_3_with_dataset_expressions', 'consume_1_and_2_with_dataset_expressions', 'consume_1_or_2_with_dataset_expressions', 'dataset_consumes_1_and_2' retrieved from /home/airflow/.local/lib/python3.12/site-packages/airflow/example_dags/example_datasets.py
[2025-11-14T21:16:50.117+0000] {logging_mixin.py:190} INFO - [2025-11-14T21:16:50.116+0000] {dag.py:3239} INFO - Sync 10 DAGs
[2025-11-14T21:16:50.147+0000] {logging_mixin.py:190} INFO - [2025-11-14T21:16:50.147+0000] {dag.py:4180} INFO - Setting next_dagrun for conditional_dataset_and_time_based_timetable to 2025-11-12 01:00:00+00:00, run_after=2025-11-12 01:00:00+00:00
[2025-11-14T21:16:50.152+0000] {logging_mixin.py:190} INFO - [2025-11-14T21:16:50.151+0000] {dag.py:4180} INFO - Setting next_dagrun for consume_1_and_2_with_dataset_expressions to None, run_after=None
[2025-11-14T21:16:50.154+0000] {logging_mixin.py:190} INFO - [2025-11-14T21:16:50.154+0000] {dag.py:4180} INFO - Setting next_dagrun for consume_1_or_2_with_dataset_expressions to None, run_after=None
[2025-11-14T21:16:50.156+0000] {logging_mixin.py:190} INFO - [2025-11-14T21:16:50.156+0000] {dag.py:4180} INFO - Setting next_dagrun for consume_1_or_both_2_and_3_with_dataset_expressions to None, run_after=None
[2025-11-14T21:16:50.158+0000] {logging_mixin.py:190} INFO - [2025-11-14T21:16:50.158+0000] {dag.py:4180} INFO - Setting next_dagrun for dataset_consumes_1 to None, run_after=None
[2025-11-14T21:16:50.160+0000] {logging_mixin.py:190} INFO - [2025-11-14T21:16:50.160+0000] {dag.py:4180} INFO - Setting next_dagrun for dataset_consumes_1_and_2 to None, run_after=None
[2025-11-14T21:16:50.161+0000] {logging_mixin.py:190} INFO - [2025-11-14T21:16:50.161+0000] {dag.py:4180} INFO - Setting next_dagrun for dataset_consumes_1_never_scheduled to None, run_after=None
[2025-11-14T21:16:50.163+0000] {logging_mixin.py:190} INFO - [2025-11-14T21:16:50.163+0000] {dag.py:4180} INFO - Setting next_dagrun for dataset_consumes_unknown_never_scheduled to None, run_after=None
[2025-11-14T21:16:50.166+0000] {logging_mixin.py:190} INFO - [2025-11-14T21:16:50.166+0000] {dag.py:4180} INFO - Setting next_dagrun for dataset_produces_1 to 2025-11-13 00:00:00+00:00, run_after=2025-11-14 00:00:00+00:00
[2025-11-14T21:16:50.168+0000] {logging_mixin.py:190} INFO - [2025-11-14T21:16:50.168+0000] {dag.py:4180} INFO - Setting next_dagrun for dataset_produces_2 to None, run_after=None
[2025-11-14T21:16:50.201+0000] {processor.py:208} INFO - Processing /home/airflow/.local/lib/python3.12/site-packages/airflow/example_dags/example_datasets.py took 0.317 seconds
[2025-11-14T21:17:20.271+0000] {processor.py:186} INFO - Started process (PID=262) to work on /home/airflow/.local/lib/python3.12/site-packages/airflow/example_dags/example_datasets.py
[2025-11-14T21:17:20.273+0000] {processor.py:914} INFO - Processing file /home/airflow/.local/lib/python3.12/site-packages/airflow/example_dags/example_datasets.py for tasks to queue
[2025-11-14T21:17:20.276+0000] {logging_mixin.py:190} INFO - [2025-11-14T21:17:20.275+0000] {dagbag.py:588} INFO - Filling up the DagBag from /home/airflow/.local/lib/python3.12/site-packages/airflow/example_dags/example_datasets.py
[2025-11-14T21:17:20.440+0000] {processor.py:925} INFO - DAG(s) 'dataset_produces_1', 'dataset_consumes_1', 'dataset_consumes_unknown_never_scheduled', 'dataset_consumes_1_never_scheduled', 'dataset_consumes_1_and_2', 'consume_1_or_both_2_and_3_with_dataset_expressions', 'conditional_dataset_and_time_based_timetable', 'consume_1_and_2_with_dataset_expressions', 'consume_1_or_2_with_dataset_expressions', 'dataset_produces_2' retrieved from /home/airflow/.local/lib/python3.12/site-packages/airflow/example_dags/example_datasets.py
[2025-11-14T21:17:20.481+0000] {logging_mixin.py:190} INFO - [2025-11-14T21:17:20.481+0000] {dag.py:3239} INFO - Sync 10 DAGs
[2025-11-14T21:17:20.506+0000] {logging_mixin.py:190} INFO - [2025-11-14T21:17:20.506+0000] {dag.py:4180} INFO - Setting next_dagrun for conditional_dataset_and_time_based_timetable to 2025-11-12 01:00:00+00:00, run_after=2025-11-12 01:00:00+00:00
[2025-11-14T21:17:20.511+0000] {logging_mixin.py:190} INFO - [2025-11-14T21:17:20.510+0000] {dag.py:4180} INFO - Setting next_dagrun for consume_1_and_2_with_dataset_expressions to None, run_after=None
[2025-11-14T21:17:20.512+0000] {logging_mixin.py:190} INFO - [2025-11-14T21:17:20.512+0000] {dag.py:4180} INFO - Setting next_dagrun for consume_1_or_2_with_dataset_expressions to None, run_after=None
[2025-11-14T21:17:20.514+0000] {logging_mixin.py:190} INFO - [2025-11-14T21:17:20.514+0000] {dag.py:4180} INFO - Setting next_dagrun for consume_1_or_both_2_and_3_with_dataset_expressions to None, run_after=None
[2025-11-14T21:17:20.515+0000] {logging_mixin.py:190} INFO - [2025-11-14T21:17:20.515+0000] {dag.py:4180} INFO - Setting next_dagrun for dataset_consumes_1 to None, run_after=None
[2025-11-14T21:17:20.517+0000] {logging_mixin.py:190} INFO - [2025-11-14T21:17:20.517+0000] {dag.py:4180} INFO - Setting next_dagrun for dataset_consumes_1_and_2 to None, run_after=None
[2025-11-14T21:17:20.519+0000] {logging_mixin.py:190} INFO - [2025-11-14T21:17:20.518+0000] {dag.py:4180} INFO - Setting next_dagrun for dataset_consumes_1_never_scheduled to None, run_after=None
[2025-11-14T21:17:20.520+0000] {logging_mixin.py:190} INFO - [2025-11-14T21:17:20.520+0000] {dag.py:4180} INFO - Setting next_dagrun for dataset_consumes_unknown_never_scheduled to None, run_after=None
[2025-11-14T21:17:20.524+0000] {logging_mixin.py:190} INFO - [2025-11-14T21:17:20.523+0000] {dag.py:4180} INFO - Setting next_dagrun for dataset_produces_1 to 2025-11-13 00:00:00+00:00, run_after=2025-11-14 00:00:00+00:00
[2025-11-14T21:17:20.526+0000] {logging_mixin.py:190} INFO - [2025-11-14T21:17:20.525+0000] {dag.py:4180} INFO - Setting next_dagrun for dataset_produces_2 to None, run_after=None
[2025-11-14T21:17:20.556+0000] {processor.py:208} INFO - Processing /home/airflow/.local/lib/python3.12/site-packages/airflow/example_dags/example_datasets.py took 0.292 seconds
[2025-11-14T21:17:51.481+0000] {processor.py:186} INFO - Started process (PID=325) to work on /home/airflow/.local/lib/python3.12/site-packages/airflow/example_dags/example_datasets.py
[2025-11-14T21:17:51.484+0000] {processor.py:914} INFO - Processing file /home/airflow/.local/lib/python3.12/site-packages/airflow/example_dags/example_datasets.py for tasks to queue
[2025-11-14T21:17:51.487+0000] {logging_mixin.py:190} INFO - [2025-11-14T21:17:51.486+0000] {dagbag.py:588} INFO - Filling up the DagBag from /home/airflow/.local/lib/python3.12/site-packages/airflow/example_dags/example_datasets.py
[2025-11-14T21:17:51.646+0000] {processor.py:925} INFO - DAG(s) 'dataset_produces_1', 'dataset_consumes_1', 'consume_1_or_2_with_dataset_expressions', 'dataset_produces_2', 'conditional_dataset_and_time_based_timetable', 'dataset_consumes_1_and_2', 'dataset_consumes_unknown_never_scheduled', 'dataset_consumes_1_never_scheduled', 'consume_1_and_2_with_dataset_expressions', 'consume_1_or_both_2_and_3_with_dataset_expressions' retrieved from /home/airflow/.local/lib/python3.12/site-packages/airflow/example_dags/example_datasets.py
[2025-11-14T21:17:51.690+0000] {logging_mixin.py:190} INFO - [2025-11-14T21:17:51.690+0000] {dag.py:3239} INFO - Sync 10 DAGs
[2025-11-14T21:17:51.720+0000] {logging_mixin.py:190} INFO - [2025-11-14T21:17:51.720+0000] {dag.py:4180} INFO - Setting next_dagrun for conditional_dataset_and_time_based_timetable to 2025-11-12 01:00:00+00:00, run_after=2025-11-12 01:00:00+00:00
[2025-11-14T21:17:51.725+0000] {logging_mixin.py:190} INFO - [2025-11-14T21:17:51.725+0000] {dag.py:4180} INFO - Setting next_dagrun for consume_1_and_2_with_dataset_expressions to None, run_after=None
[2025-11-14T21:17:51.727+0000] {logging_mixin.py:190} INFO - [2025-11-14T21:17:51.726+0000] {dag.py:4180} INFO - Setting next_dagrun for consume_1_or_2_with_dataset_expressions to None, run_after=None
[2025-11-14T21:17:51.728+0000] {logging_mixin.py:190} INFO - [2025-11-14T21:17:51.728+0000] {dag.py:4180} INFO - Setting next_dagrun for consume_1_or_both_2_and_3_with_dataset_expressions to None, run_after=None
[2025-11-14T21:17:51.730+0000] {logging_mixin.py:190} INFO - [2025-11-14T21:17:51.729+0000] {dag.py:4180} INFO - Setting next_dagrun for dataset_consumes_1 to None, run_after=None
[2025-11-14T21:17:51.731+0000] {logging_mixin.py:190} INFO - [2025-11-14T21:17:51.731+0000] {dag.py:4180} INFO - Setting next_dagrun for dataset_consumes_1_and_2 to None, run_after=None
[2025-11-14T21:17:51.733+0000] {logging_mixin.py:190} INFO - [2025-11-14T21:17:51.733+0000] {dag.py:4180} INFO - Setting next_dagrun for dataset_consumes_1_never_scheduled to None, run_after=None
[2025-11-14T21:17:51.734+0000] {logging_mixin.py:190} INFO - [2025-11-14T21:17:51.734+0000] {dag.py:4180} INFO - Setting next_dagrun for dataset_consumes_unknown_never_scheduled to None, run_after=None
[2025-11-14T21:17:51.737+0000] {logging_mixin.py:190} INFO - [2025-11-14T21:17:51.737+0000] {dag.py:4180} INFO - Setting next_dagrun for dataset_produces_1 to 2025-11-13 00:00:00+00:00, run_after=2025-11-14 00:00:00+00:00
[2025-11-14T21:17:51.739+0000] {logging_mixin.py:190} INFO - [2025-11-14T21:17:51.738+0000] {dag.py:4180} INFO - Setting next_dagrun for dataset_produces_2 to None, run_after=None
[2025-11-14T21:17:51.769+0000] {processor.py:208} INFO - Processing /home/airflow/.local/lib/python3.12/site-packages/airflow/example_dags/example_datasets.py took 0.297 seconds
[2025-11-14T21:18:21.855+0000] {processor.py:186} INFO - Started process (PID=390) to work on /home/airflow/.local/lib/python3.12/site-packages/airflow/example_dags/example_datasets.py
[2025-11-14T21:18:21.857+0000] {processor.py:914} INFO - Processing file /home/airflow/.local/lib/python3.12/site-packages/airflow/example_dags/example_datasets.py for tasks to queue
[2025-11-14T21:18:21.859+0000] {logging_mixin.py:190} INFO - [2025-11-14T21:18:21.859+0000] {dagbag.py:588} INFO - Filling up the DagBag from /home/airflow/.local/lib/python3.12/site-packages/airflow/example_dags/example_datasets.py
[2025-11-14T21:18:22.010+0000] {processor.py:925} INFO - DAG(s) 'consume_1_and_2_with_dataset_expressions', 'dataset_produces_1', 'dataset_consumes_1_and_2', 'consume_1_or_both_2_and_3_with_dataset_expressions', 'dataset_produces_2', 'dataset_consumes_unknown_never_scheduled', 'conditional_dataset_and_time_based_timetable', 'dataset_consumes_1_never_scheduled', 'consume_1_or_2_with_dataset_expressions', 'dataset_consumes_1' retrieved from /home/airflow/.local/lib/python3.12/site-packages/airflow/example_dags/example_datasets.py
[2025-11-14T21:18:22.050+0000] {logging_mixin.py:190} INFO - [2025-11-14T21:18:22.050+0000] {dag.py:3239} INFO - Sync 10 DAGs
[2025-11-14T21:18:22.075+0000] {logging_mixin.py:190} INFO - [2025-11-14T21:18:22.075+0000] {dag.py:4180} INFO - Setting next_dagrun for conditional_dataset_and_time_based_timetable to 2025-11-12 01:00:00+00:00, run_after=2025-11-12 01:00:00+00:00
[2025-11-14T21:18:22.080+0000] {logging_mixin.py:190} INFO - [2025-11-14T21:18:22.080+0000] {dag.py:4180} INFO - Setting next_dagrun for consume_1_and_2_with_dataset_expressions to None, run_after=None
[2025-11-14T21:18:22.082+0000] {logging_mixin.py:190} INFO - [2025-11-14T21:18:22.082+0000] {dag.py:4180} INFO - Setting next_dagrun for consume_1_or_2_with_dataset_expressions to None, run_after=None
[2025-11-14T21:18:22.084+0000] {logging_mixin.py:190} INFO - [2025-11-14T21:18:22.083+0000] {dag.py:4180} INFO - Setting next_dagrun for consume_1_or_both_2_and_3_with_dataset_expressions to None, run_after=None
[2025-11-14T21:18:22.085+0000] {logging_mixin.py:190} INFO - [2025-11-14T21:18:22.085+0000] {dag.py:4180} INFO - Setting next_dagrun for dataset_consumes_1 to None, run_after=None
[2025-11-14T21:18:22.086+0000] {logging_mixin.py:190} INFO - [2025-11-14T21:18:22.086+0000] {dag.py:4180} INFO - Setting next_dagrun for dataset_consumes_1_and_2 to None, run_after=None
[2025-11-14T21:18:22.088+0000] {logging_mixin.py:190} INFO - [2025-11-14T21:18:22.088+0000] {dag.py:4180} INFO - Setting next_dagrun for dataset_consumes_1_never_scheduled to None, run_after=None
[2025-11-14T21:18:22.089+0000] {logging_mixin.py:190} INFO - [2025-11-14T21:18:22.089+0000] {dag.py:4180} INFO - Setting next_dagrun for dataset_consumes_unknown_never_scheduled to None, run_after=None
[2025-11-14T21:18:22.091+0000] {logging_mixin.py:190} INFO - [2025-11-14T21:18:22.091+0000] {dag.py:4180} INFO - Setting next_dagrun for dataset_produces_1 to 2025-11-13 00:00:00+00:00, run_after=2025-11-14 00:00:00+00:00
[2025-11-14T21:18:22.093+0000] {logging_mixin.py:190} INFO - [2025-11-14T21:18:22.093+0000] {dag.py:4180} INFO - Setting next_dagrun for dataset_produces_2 to None, run_after=None
[2025-11-14T21:18:22.124+0000] {processor.py:208} INFO - Processing /home/airflow/.local/lib/python3.12/site-packages/airflow/example_dags/example_datasets.py took 0.277 seconds
[2025-11-14T21:18:52.316+0000] {processor.py:186} INFO - Started process (PID=453) to work on /home/airflow/.local/lib/python3.12/site-packages/airflow/example_dags/example_datasets.py
[2025-11-14T21:18:52.320+0000] {processor.py:914} INFO - Processing file /home/airflow/.local/lib/python3.12/site-packages/airflow/example_dags/example_datasets.py for tasks to queue
[2025-11-14T21:18:52.324+0000] {logging_mixin.py:190} INFO - [2025-11-14T21:18:52.324+0000] {dagbag.py:588} INFO - Filling up the DagBag from /home/airflow/.local/lib/python3.12/site-packages/airflow/example_dags/example_datasets.py
[2025-11-14T21:18:52.580+0000] {processor.py:925} INFO - DAG(s) 'consume_1_or_both_2_and_3_with_dataset_expressions', 'consume_1_or_2_with_dataset_expressions', 'dataset_consumes_1_and_2', 'dataset_consumes_1_never_scheduled', 'dataset_produces_1', 'consume_1_and_2_with_dataset_expressions', 'dataset_produces_2', 'conditional_dataset_and_time_based_timetable', 'dataset_consumes_unknown_never_scheduled', 'dataset_consumes_1' retrieved from /home/airflow/.local/lib/python3.12/site-packages/airflow/example_dags/example_datasets.py
[2025-11-14T21:18:52.667+0000] {logging_mixin.py:190} INFO - [2025-11-14T21:18:52.667+0000] {dag.py:3239} INFO - Sync 10 DAGs
[2025-11-14T21:18:52.719+0000] {logging_mixin.py:190} INFO - [2025-11-14T21:18:52.719+0000] {dag.py:4180} INFO - Setting next_dagrun for conditional_dataset_and_time_based_timetable to 2025-11-12 01:00:00+00:00, run_after=2025-11-12 01:00:00+00:00
[2025-11-14T21:18:52.727+0000] {logging_mixin.py:190} INFO - [2025-11-14T21:18:52.726+0000] {dag.py:4180} INFO - Setting next_dagrun for consume_1_and_2_with_dataset_expressions to None, run_after=None
[2025-11-14T21:18:52.729+0000] {logging_mixin.py:190} INFO - [2025-11-14T21:18:52.729+0000] {dag.py:4180} INFO - Setting next_dagrun for consume_1_or_2_with_dataset_expressions to None, run_after=None
[2025-11-14T21:18:52.732+0000] {logging_mixin.py:190} INFO - [2025-11-14T21:18:52.732+0000] {dag.py:4180} INFO - Setting next_dagrun for consume_1_or_both_2_and_3_with_dataset_expressions to None, run_after=None
[2025-11-14T21:18:52.735+0000] {logging_mixin.py:190} INFO - [2025-11-14T21:18:52.734+0000] {dag.py:4180} INFO - Setting next_dagrun for dataset_consumes_1 to None, run_after=None
[2025-11-14T21:18:52.740+0000] {logging_mixin.py:190} INFO - [2025-11-14T21:18:52.739+0000] {dag.py:4180} INFO - Setting next_dagrun for dataset_consumes_1_and_2 to None, run_after=None
[2025-11-14T21:18:52.743+0000] {logging_mixin.py:190} INFO - [2025-11-14T21:18:52.743+0000] {dag.py:4180} INFO - Setting next_dagrun for dataset_consumes_1_never_scheduled to None, run_after=None
[2025-11-14T21:18:52.747+0000] {logging_mixin.py:190} INFO - [2025-11-14T21:18:52.747+0000] {dag.py:4180} INFO - Setting next_dagrun for dataset_consumes_unknown_never_scheduled to None, run_after=None
[2025-11-14T21:18:52.752+0000] {logging_mixin.py:190} INFO - [2025-11-14T21:18:52.751+0000] {dag.py:4180} INFO - Setting next_dagrun for dataset_produces_1 to 2025-11-13 00:00:00+00:00, run_after=2025-11-14 00:00:00+00:00
[2025-11-14T21:18:52.754+0000] {logging_mixin.py:190} INFO - [2025-11-14T21:18:52.754+0000] {dag.py:4180} INFO - Setting next_dagrun for dataset_produces_2 to None, run_after=None
[2025-11-14T21:18:52.795+0000] {processor.py:208} INFO - Processing /home/airflow/.local/lib/python3.12/site-packages/airflow/example_dags/example_datasets.py took 0.492 seconds
[2025-11-14T21:19:22.970+0000] {processor.py:186} INFO - Started process (PID=520) to work on /home/airflow/.local/lib/python3.12/site-packages/airflow/example_dags/example_datasets.py
[2025-11-14T21:19:22.973+0000] {processor.py:914} INFO - Processing file /home/airflow/.local/lib/python3.12/site-packages/airflow/example_dags/example_datasets.py for tasks to queue
[2025-11-14T21:19:22.979+0000] {logging_mixin.py:190} INFO - [2025-11-14T21:19:22.978+0000] {dagbag.py:588} INFO - Filling up the DagBag from /home/airflow/.local/lib/python3.12/site-packages/airflow/example_dags/example_datasets.py
[2025-11-14T21:19:23.307+0000] {processor.py:925} INFO - DAG(s) 'dataset_produces_1', 'dataset_consumes_1_and_2', 'dataset_consumes_1_never_scheduled', 'consume_1_or_both_2_and_3_with_dataset_expressions', 'dataset_consumes_unknown_never_scheduled', 'dataset_produces_2', 'consume_1_and_2_with_dataset_expressions', 'dataset_consumes_1', 'consume_1_or_2_with_dataset_expressions', 'conditional_dataset_and_time_based_timetable' retrieved from /home/airflow/.local/lib/python3.12/site-packages/airflow/example_dags/example_datasets.py
[2025-11-14T21:19:23.390+0000] {logging_mixin.py:190} INFO - [2025-11-14T21:19:23.390+0000] {dag.py:3239} INFO - Sync 10 DAGs
[2025-11-14T21:19:23.444+0000] {logging_mixin.py:190} INFO - [2025-11-14T21:19:23.443+0000] {dag.py:4180} INFO - Setting next_dagrun for conditional_dataset_and_time_based_timetable to 2025-11-12 01:00:00+00:00, run_after=2025-11-12 01:00:00+00:00
[2025-11-14T21:19:23.453+0000] {logging_mixin.py:190} INFO - [2025-11-14T21:19:23.452+0000] {dag.py:4180} INFO - Setting next_dagrun for consume_1_and_2_with_dataset_expressions to None, run_after=None
[2025-11-14T21:19:23.456+0000] {logging_mixin.py:190} INFO - [2025-11-14T21:19:23.456+0000] {dag.py:4180} INFO - Setting next_dagrun for consume_1_or_2_with_dataset_expressions to None, run_after=None
[2025-11-14T21:19:23.460+0000] {logging_mixin.py:190} INFO - [2025-11-14T21:19:23.460+0000] {dag.py:4180} INFO - Setting next_dagrun for consume_1_or_both_2_and_3_with_dataset_expressions to None, run_after=None
[2025-11-14T21:19:23.463+0000] {logging_mixin.py:190} INFO - [2025-11-14T21:19:23.463+0000] {dag.py:4180} INFO - Setting next_dagrun for dataset_consumes_1 to None, run_after=None
[2025-11-14T21:19:23.467+0000] {logging_mixin.py:190} INFO - [2025-11-14T21:19:23.466+0000] {dag.py:4180} INFO - Setting next_dagrun for dataset_consumes_1_and_2 to None, run_after=None
[2025-11-14T21:19:23.470+0000] {logging_mixin.py:190} INFO - [2025-11-14T21:19:23.469+0000] {dag.py:4180} INFO - Setting next_dagrun for dataset_consumes_1_never_scheduled to None, run_after=None
[2025-11-14T21:19:23.472+0000] {logging_mixin.py:190} INFO - [2025-11-14T21:19:23.472+0000] {dag.py:4180} INFO - Setting next_dagrun for dataset_consumes_unknown_never_scheduled to None, run_after=None
[2025-11-14T21:19:23.478+0000] {logging_mixin.py:190} INFO - [2025-11-14T21:19:23.477+0000] {dag.py:4180} INFO - Setting next_dagrun for dataset_produces_1 to 2025-11-13 00:00:00+00:00, run_after=2025-11-14 00:00:00+00:00
[2025-11-14T21:19:23.481+0000] {logging_mixin.py:190} INFO - [2025-11-14T21:19:23.480+0000] {dag.py:4180} INFO - Setting next_dagrun for dataset_produces_2 to None, run_after=None
[2025-11-14T21:19:23.543+0000] {processor.py:208} INFO - Processing /home/airflow/.local/lib/python3.12/site-packages/airflow/example_dags/example_datasets.py took 0.585 seconds
[2025-11-14T21:19:54.006+0000] {processor.py:186} INFO - Started process (PID=581) to work on /home/airflow/.local/lib/python3.12/site-packages/airflow/example_dags/example_datasets.py
[2025-11-14T21:19:54.016+0000] {processor.py:914} INFO - Processing file /home/airflow/.local/lib/python3.12/site-packages/airflow/example_dags/example_datasets.py for tasks to queue
[2025-11-14T21:19:54.036+0000] {logging_mixin.py:190} INFO - [2025-11-14T21:19:54.034+0000] {dagbag.py:588} INFO - Filling up the DagBag from /home/airflow/.local/lib/python3.12/site-packages/airflow/example_dags/example_datasets.py
[2025-11-14T21:19:55.318+0000] {processor.py:925} INFO - DAG(s) 'consume_1_and_2_with_dataset_expressions', 'dataset_consumes_unknown_never_scheduled', 'dataset_produces_1', 'dataset_produces_2', 'consume_1_or_2_with_dataset_expressions', 'dataset_consumes_1_never_scheduled', 'consume_1_or_both_2_and_3_with_dataset_expressions', 'dataset_consumes_1_and_2', 'dataset_consumes_1', 'conditional_dataset_and_time_based_timetable' retrieved from /home/airflow/.local/lib/python3.12/site-packages/airflow/example_dags/example_datasets.py
[2025-11-14T21:19:55.901+0000] {logging_mixin.py:190} INFO - [2025-11-14T21:19:55.900+0000] {dag.py:3239} INFO - Sync 10 DAGs
[2025-11-14T21:19:56.199+0000] {logging_mixin.py:190} INFO - [2025-11-14T21:19:56.198+0000] {dag.py:4180} INFO - Setting next_dagrun for conditional_dataset_and_time_based_timetable to 2025-11-12 01:00:00+00:00, run_after=2025-11-12 01:00:00+00:00
[2025-11-14T21:19:56.220+0000] {logging_mixin.py:190} INFO - [2025-11-14T21:19:56.219+0000] {dag.py:4180} INFO - Setting next_dagrun for consume_1_and_2_with_dataset_expressions to None, run_after=None
[2025-11-14T21:19:56.229+0000] {logging_mixin.py:190} INFO - [2025-11-14T21:19:56.228+0000] {dag.py:4180} INFO - Setting next_dagrun for consume_1_or_2_with_dataset_expressions to None, run_after=None
[2025-11-14T21:19:56.239+0000] {logging_mixin.py:190} INFO - [2025-11-14T21:19:56.238+0000] {dag.py:4180} INFO - Setting next_dagrun for consume_1_or_both_2_and_3_with_dataset_expressions to None, run_after=None
[2025-11-14T21:19:56.250+0000] {logging_mixin.py:190} INFO - [2025-11-14T21:19:56.249+0000] {dag.py:4180} INFO - Setting next_dagrun for dataset_consumes_1 to None, run_after=None
[2025-11-14T21:19:56.261+0000] {logging_mixin.py:190} INFO - [2025-11-14T21:19:56.260+0000] {dag.py:4180} INFO - Setting next_dagrun for dataset_consumes_1_and_2 to None, run_after=None
[2025-11-14T21:19:56.269+0000] {logging_mixin.py:190} INFO - [2025-11-14T21:19:56.268+0000] {dag.py:4180} INFO - Setting next_dagrun for dataset_consumes_1_never_scheduled to None, run_after=None
[2025-11-14T21:19:56.275+0000] {logging_mixin.py:190} INFO - [2025-11-14T21:19:56.274+0000] {dag.py:4180} INFO - Setting next_dagrun for dataset_consumes_unknown_never_scheduled to None, run_after=None
[2025-11-14T21:19:56.290+0000] {logging_mixin.py:190} INFO - [2025-11-14T21:19:56.289+0000] {dag.py:4180} INFO - Setting next_dagrun for dataset_produces_1 to 2025-11-13 00:00:00+00:00, run_after=2025-11-14 00:00:00+00:00
[2025-11-14T21:19:56.297+0000] {logging_mixin.py:190} INFO - [2025-11-14T21:19:56.295+0000] {dag.py:4180} INFO - Setting next_dagrun for dataset_produces_2 to None, run_after=None
[2025-11-14T21:19:56.471+0000] {processor.py:208} INFO - Processing /home/airflow/.local/lib/python3.12/site-packages/airflow/example_dags/example_datasets.py took 2.486 seconds
[2025-11-14T21:21:26.371+0000] {processor.py:186} INFO - Started process (PID=685) to work on /home/airflow/.local/lib/python3.12/site-packages/airflow/example_dags/example_datasets.py
[2025-11-14T21:21:26.394+0000] {processor.py:914} INFO - Processing file /home/airflow/.local/lib/python3.12/site-packages/airflow/example_dags/example_datasets.py for tasks to queue
[2025-11-14T21:21:26.428+0000] {logging_mixin.py:190} INFO - [2025-11-14T21:21:26.426+0000] {dagbag.py:588} INFO - Filling up the DagBag from /home/airflow/.local/lib/python3.12/site-packages/airflow/example_dags/example_datasets.py
[2025-11-14T21:21:28.136+0000] {processor.py:925} INFO - DAG(s) 'consume_1_and_2_with_dataset_expressions', 'consume_1_or_2_with_dataset_expressions', 'consume_1_or_both_2_and_3_with_dataset_expressions', 'dataset_consumes_unknown_never_scheduled', 'dataset_produces_1', 'dataset_consumes_1', 'dataset_produces_2', 'conditional_dataset_and_time_based_timetable', 'dataset_consumes_1_never_scheduled', 'dataset_consumes_1_and_2' retrieved from /home/airflow/.local/lib/python3.12/site-packages/airflow/example_dags/example_datasets.py
[2025-11-14T21:21:28.470+0000] {logging_mixin.py:190} INFO - [2025-11-14T21:21:28.469+0000] {dag.py:3239} INFO - Sync 10 DAGs
[2025-11-14T21:21:28.817+0000] {logging_mixin.py:190} INFO - [2025-11-14T21:21:28.805+0000] {dag.py:4180} INFO - Setting next_dagrun for conditional_dataset_and_time_based_timetable to 2025-11-12 01:00:00+00:00, run_after=2025-11-12 01:00:00+00:00
[2025-11-14T21:21:28.863+0000] {logging_mixin.py:190} INFO - [2025-11-14T21:21:28.862+0000] {dag.py:4180} INFO - Setting next_dagrun for consume_1_and_2_with_dataset_expressions to None, run_after=None
[2025-11-14T21:21:28.884+0000] {logging_mixin.py:190} INFO - [2025-11-14T21:21:28.883+0000] {dag.py:4180} INFO - Setting next_dagrun for consume_1_or_2_with_dataset_expressions to None, run_after=None
[2025-11-14T21:21:28.902+0000] {logging_mixin.py:190} INFO - [2025-11-14T21:21:28.901+0000] {dag.py:4180} INFO - Setting next_dagrun for consume_1_or_both_2_and_3_with_dataset_expressions to None, run_after=None
[2025-11-14T21:21:28.925+0000] {logging_mixin.py:190} INFO - [2025-11-14T21:21:28.923+0000] {dag.py:4180} INFO - Setting next_dagrun for dataset_consumes_1 to None, run_after=None
[2025-11-14T21:21:28.947+0000] {logging_mixin.py:190} INFO - [2025-11-14T21:21:28.943+0000] {dag.py:4180} INFO - Setting next_dagrun for dataset_consumes_1_and_2 to None, run_after=None
[2025-11-14T21:21:28.964+0000] {logging_mixin.py:190} INFO - [2025-11-14T21:21:28.962+0000] {dag.py:4180} INFO - Setting next_dagrun for dataset_consumes_1_never_scheduled to None, run_after=None
[2025-11-14T21:21:28.987+0000] {logging_mixin.py:190} INFO - [2025-11-14T21:21:28.986+0000] {dag.py:4180} INFO - Setting next_dagrun for dataset_consumes_unknown_never_scheduled to None, run_after=None
[2025-11-14T21:21:29.032+0000] {logging_mixin.py:190} INFO - [2025-11-14T21:21:29.031+0000] {dag.py:4180} INFO - Setting next_dagrun for dataset_produces_1 to 2025-11-13 00:00:00+00:00, run_after=2025-11-14 00:00:00+00:00
[2025-11-14T21:21:29.045+0000] {logging_mixin.py:190} INFO - [2025-11-14T21:21:29.043+0000] {dag.py:4180} INFO - Setting next_dagrun for dataset_produces_2 to None, run_after=None
[2025-11-14T21:21:29.281+0000] {processor.py:208} INFO - Processing /home/airflow/.local/lib/python3.12/site-packages/airflow/example_dags/example_datasets.py took 2.990 seconds
[2025-11-14T21:22:00.504+0000] {processor.py:186} INFO - Started process (PID=757) to work on /home/airflow/.local/lib/python3.12/site-packages/airflow/example_dags/example_datasets.py
[2025-11-14T21:22:00.520+0000] {processor.py:914} INFO - Processing file /home/airflow/.local/lib/python3.12/site-packages/airflow/example_dags/example_datasets.py for tasks to queue
[2025-11-14T21:22:00.550+0000] {logging_mixin.py:190} INFO - [2025-11-14T21:22:00.549+0000] {dagbag.py:588} INFO - Filling up the DagBag from /home/airflow/.local/lib/python3.12/site-packages/airflow/example_dags/example_datasets.py
[2025-11-14T21:22:01.314+0000] {processor.py:925} INFO - DAG(s) 'dataset_consumes_1_never_scheduled', 'consume_1_or_both_2_and_3_with_dataset_expressions', 'dataset_produces_1', 'dataset_consumes_1_and_2', 'consume_1_and_2_with_dataset_expressions', 'dataset_consumes_1', 'conditional_dataset_and_time_based_timetable', 'dataset_consumes_unknown_never_scheduled', 'dataset_produces_2', 'consume_1_or_2_with_dataset_expressions' retrieved from /home/airflow/.local/lib/python3.12/site-packages/airflow/example_dags/example_datasets.py
[2025-11-14T21:22:01.481+0000] {logging_mixin.py:190} INFO - [2025-11-14T21:22:01.480+0000] {dag.py:3239} INFO - Sync 10 DAGs
[2025-11-14T21:22:01.602+0000] {logging_mixin.py:190} INFO - [2025-11-14T21:22:01.601+0000] {dag.py:4180} INFO - Setting next_dagrun for conditional_dataset_and_time_based_timetable to 2025-11-12 01:00:00+00:00, run_after=2025-11-12 01:00:00+00:00
[2025-11-14T21:22:01.618+0000] {logging_mixin.py:190} INFO - [2025-11-14T21:22:01.618+0000] {dag.py:4180} INFO - Setting next_dagrun for consume_1_and_2_with_dataset_expressions to None, run_after=None
[2025-11-14T21:22:01.625+0000] {logging_mixin.py:190} INFO - [2025-11-14T21:22:01.624+0000] {dag.py:4180} INFO - Setting next_dagrun for consume_1_or_2_with_dataset_expressions to None, run_after=None
[2025-11-14T21:22:01.635+0000] {logging_mixin.py:190} INFO - [2025-11-14T21:22:01.634+0000] {dag.py:4180} INFO - Setting next_dagrun for consume_1_or_both_2_and_3_with_dataset_expressions to None, run_after=None
[2025-11-14T21:22:01.643+0000] {logging_mixin.py:190} INFO - [2025-11-14T21:22:01.642+0000] {dag.py:4180} INFO - Setting next_dagrun for dataset_consumes_1 to None, run_after=None
[2025-11-14T21:22:01.655+0000] {logging_mixin.py:190} INFO - [2025-11-14T21:22:01.654+0000] {dag.py:4180} INFO - Setting next_dagrun for dataset_consumes_1_and_2 to None, run_after=None
[2025-11-14T21:22:01.667+0000] {logging_mixin.py:190} INFO - [2025-11-14T21:22:01.666+0000] {dag.py:4180} INFO - Setting next_dagrun for dataset_consumes_1_never_scheduled to None, run_after=None
[2025-11-14T21:22:01.683+0000] {logging_mixin.py:190} INFO - [2025-11-14T21:22:01.682+0000] {dag.py:4180} INFO - Setting next_dagrun for dataset_consumes_unknown_never_scheduled to None, run_after=None
[2025-11-14T21:22:01.701+0000] {logging_mixin.py:190} INFO - [2025-11-14T21:22:01.700+0000] {dag.py:4180} INFO - Setting next_dagrun for dataset_produces_1 to 2025-11-13 00:00:00+00:00, run_after=2025-11-14 00:00:00+00:00
[2025-11-14T21:22:01.707+0000] {logging_mixin.py:190} INFO - [2025-11-14T21:22:01.706+0000] {dag.py:4180} INFO - Setting next_dagrun for dataset_produces_2 to None, run_after=None
[2025-11-14T21:22:01.856+0000] {processor.py:208} INFO - Processing /home/airflow/.local/lib/python3.12/site-packages/airflow/example_dags/example_datasets.py took 1.445 seconds
[2025-11-14T21:22:32.509+0000] {processor.py:186} INFO - Started process (PID=822) to work on /home/airflow/.local/lib/python3.12/site-packages/airflow/example_dags/example_datasets.py
[2025-11-14T21:22:32.516+0000] {processor.py:914} INFO - Processing file /home/airflow/.local/lib/python3.12/site-packages/airflow/example_dags/example_datasets.py for tasks to queue
[2025-11-14T21:22:32.529+0000] {logging_mixin.py:190} INFO - [2025-11-14T21:22:32.528+0000] {dagbag.py:588} INFO - Filling up the DagBag from /home/airflow/.local/lib/python3.12/site-packages/airflow/example_dags/example_datasets.py
[2025-11-14T21:22:33.164+0000] {processor.py:925} INFO - DAG(s) 'dataset_consumes_1_never_scheduled', 'dataset_consumes_1', 'dataset_consumes_1_and_2', 'dataset_consumes_unknown_never_scheduled', 'dataset_produces_1', 'consume_1_and_2_with_dataset_expressions', 'consume_1_or_both_2_and_3_with_dataset_expressions', 'dataset_produces_2', 'consume_1_or_2_with_dataset_expressions', 'conditional_dataset_and_time_based_timetable' retrieved from /home/airflow/.local/lib/python3.12/site-packages/airflow/example_dags/example_datasets.py
[2025-11-14T21:22:33.316+0000] {logging_mixin.py:190} INFO - [2025-11-14T21:22:33.316+0000] {dag.py:3239} INFO - Sync 10 DAGs
[2025-11-14T21:22:33.416+0000] {logging_mixin.py:190} INFO - [2025-11-14T21:22:33.415+0000] {dag.py:4180} INFO - Setting next_dagrun for conditional_dataset_and_time_based_timetable to 2025-11-12 01:00:00+00:00, run_after=2025-11-12 01:00:00+00:00
[2025-11-14T21:22:33.431+0000] {logging_mixin.py:190} INFO - [2025-11-14T21:22:33.430+0000] {dag.py:4180} INFO - Setting next_dagrun for consume_1_and_2_with_dataset_expressions to None, run_after=None
[2025-11-14T21:22:33.436+0000] {logging_mixin.py:190} INFO - [2025-11-14T21:22:33.436+0000] {dag.py:4180} INFO - Setting next_dagrun for consume_1_or_2_with_dataset_expressions to None, run_after=None
[2025-11-14T21:22:33.443+0000] {logging_mixin.py:190} INFO - [2025-11-14T21:22:33.442+0000] {dag.py:4180} INFO - Setting next_dagrun for consume_1_or_both_2_and_3_with_dataset_expressions to None, run_after=None
[2025-11-14T21:22:33.449+0000] {logging_mixin.py:190} INFO - [2025-11-14T21:22:33.449+0000] {dag.py:4180} INFO - Setting next_dagrun for dataset_consumes_1 to None, run_after=None
[2025-11-14T21:22:33.455+0000] {logging_mixin.py:190} INFO - [2025-11-14T21:22:33.454+0000] {dag.py:4180} INFO - Setting next_dagrun for dataset_consumes_1_and_2 to None, run_after=None
[2025-11-14T21:22:33.460+0000] {logging_mixin.py:190} INFO - [2025-11-14T21:22:33.460+0000] {dag.py:4180} INFO - Setting next_dagrun for dataset_consumes_1_never_scheduled to None, run_after=None
[2025-11-14T21:22:33.467+0000] {logging_mixin.py:190} INFO - [2025-11-14T21:22:33.467+0000] {dag.py:4180} INFO - Setting next_dagrun for dataset_consumes_unknown_never_scheduled to None, run_after=None
[2025-11-14T21:22:33.476+0000] {logging_mixin.py:190} INFO - [2025-11-14T21:22:33.475+0000] {dag.py:4180} INFO - Setting next_dagrun for dataset_produces_1 to 2025-11-13 00:00:00+00:00, run_after=2025-11-14 00:00:00+00:00
[2025-11-14T21:22:33.483+0000] {logging_mixin.py:190} INFO - [2025-11-14T21:22:33.482+0000] {dag.py:4180} INFO - Setting next_dagrun for dataset_produces_2 to None, run_after=None
[2025-11-14T21:22:33.623+0000] {processor.py:208} INFO - Processing /home/airflow/.local/lib/python3.12/site-packages/airflow/example_dags/example_datasets.py took 1.145 seconds
[2025-11-14T21:23:04.000+0000] {processor.py:186} INFO - Started process (PID=888) to work on /home/airflow/.local/lib/python3.12/site-packages/airflow/example_dags/example_datasets.py
[2025-11-14T21:23:04.008+0000] {processor.py:914} INFO - Processing file /home/airflow/.local/lib/python3.12/site-packages/airflow/example_dags/example_datasets.py for tasks to queue
[2025-11-14T21:23:04.019+0000] {logging_mixin.py:190} INFO - [2025-11-14T21:23:04.018+0000] {dagbag.py:588} INFO - Filling up the DagBag from /home/airflow/.local/lib/python3.12/site-packages/airflow/example_dags/example_datasets.py
[2025-11-14T21:23:04.505+0000] {processor.py:925} INFO - DAG(s) 'dataset_consumes_unknown_never_scheduled', 'dataset_consumes_1_and_2', 'dataset_consumes_1', 'conditional_dataset_and_time_based_timetable', 'dataset_produces_1', 'dataset_produces_2', 'consume_1_or_both_2_and_3_with_dataset_expressions', 'consume_1_and_2_with_dataset_expressions', 'consume_1_or_2_with_dataset_expressions', 'dataset_consumes_1_never_scheduled' retrieved from /home/airflow/.local/lib/python3.12/site-packages/airflow/example_dags/example_datasets.py
[2025-11-14T21:23:04.640+0000] {logging_mixin.py:190} INFO - [2025-11-14T21:23:04.640+0000] {dag.py:3239} INFO - Sync 10 DAGs
[2025-11-14T21:23:04.726+0000] {logging_mixin.py:190} INFO - [2025-11-14T21:23:04.726+0000] {dag.py:4180} INFO - Setting next_dagrun for conditional_dataset_and_time_based_timetable to 2025-11-12 01:00:00+00:00, run_after=2025-11-12 01:00:00+00:00
[2025-11-14T21:23:04.741+0000] {logging_mixin.py:190} INFO - [2025-11-14T21:23:04.740+0000] {dag.py:4180} INFO - Setting next_dagrun for consume_1_and_2_with_dataset_expressions to None, run_after=None
[2025-11-14T21:23:04.747+0000] {logging_mixin.py:190} INFO - [2025-11-14T21:23:04.746+0000] {dag.py:4180} INFO - Setting next_dagrun for consume_1_or_2_with_dataset_expressions to None, run_after=None
[2025-11-14T21:23:04.753+0000] {logging_mixin.py:190} INFO - [2025-11-14T21:23:04.752+0000] {dag.py:4180} INFO - Setting next_dagrun for consume_1_or_both_2_and_3_with_dataset_expressions to None, run_after=None
[2025-11-14T21:23:04.759+0000] {logging_mixin.py:190} INFO - [2025-11-14T21:23:04.758+0000] {dag.py:4180} INFO - Setting next_dagrun for dataset_consumes_1 to None, run_after=None
[2025-11-14T21:23:04.766+0000] {logging_mixin.py:190} INFO - [2025-11-14T21:23:04.766+0000] {dag.py:4180} INFO - Setting next_dagrun for dataset_consumes_1_and_2 to None, run_after=None
[2025-11-14T21:23:04.774+0000] {logging_mixin.py:190} INFO - [2025-11-14T21:23:04.773+0000] {dag.py:4180} INFO - Setting next_dagrun for dataset_consumes_1_never_scheduled to None, run_after=None
[2025-11-14T21:23:04.779+0000] {logging_mixin.py:190} INFO - [2025-11-14T21:23:04.779+0000] {dag.py:4180} INFO - Setting next_dagrun for dataset_consumes_unknown_never_scheduled to None, run_after=None
[2025-11-14T21:23:04.790+0000] {logging_mixin.py:190} INFO - [2025-11-14T21:23:04.790+0000] {dag.py:4180} INFO - Setting next_dagrun for dataset_produces_1 to 2025-11-13 00:00:00+00:00, run_after=2025-11-14 00:00:00+00:00
[2025-11-14T21:23:04.796+0000] {logging_mixin.py:190} INFO - [2025-11-14T21:23:04.795+0000] {dag.py:4180} INFO - Setting next_dagrun for dataset_produces_2 to None, run_after=None
[2025-11-14T21:23:04.912+0000] {processor.py:208} INFO - Processing /home/airflow/.local/lib/python3.12/site-packages/airflow/example_dags/example_datasets.py took 0.935 seconds
[2025-11-14T21:23:38.111+0000] {processor.py:186} INFO - Started process (PID=953) to work on /home/airflow/.local/lib/python3.12/site-packages/airflow/example_dags/example_datasets.py
[2025-11-14T21:23:38.117+0000] {processor.py:914} INFO - Processing file /home/airflow/.local/lib/python3.12/site-packages/airflow/example_dags/example_datasets.py for tasks to queue
[2025-11-14T21:23:38.145+0000] {logging_mixin.py:190} INFO - [2025-11-14T21:23:38.143+0000] {dagbag.py:588} INFO - Filling up the DagBag from /home/airflow/.local/lib/python3.12/site-packages/airflow/example_dags/example_datasets.py
[2025-11-14T21:23:40.021+0000] {processor.py:925} INFO - DAG(s) 'dataset_produces_2', 'consume_1_and_2_with_dataset_expressions', 'dataset_produces_1', 'conditional_dataset_and_time_based_timetable', 'dataset_consumes_unknown_never_scheduled', 'consume_1_or_2_with_dataset_expressions', 'dataset_consumes_1_and_2', 'dataset_consumes_1_never_scheduled', 'consume_1_or_both_2_and_3_with_dataset_expressions', 'dataset_consumes_1' retrieved from /home/airflow/.local/lib/python3.12/site-packages/airflow/example_dags/example_datasets.py
[2025-11-14T21:23:40.365+0000] {logging_mixin.py:190} INFO - [2025-11-14T21:23:40.364+0000] {dag.py:3239} INFO - Sync 10 DAGs
[2025-11-14T21:23:40.540+0000] {logging_mixin.py:190} INFO - [2025-11-14T21:23:40.539+0000] {dag.py:4180} INFO - Setting next_dagrun for conditional_dataset_and_time_based_timetable to 2025-11-12 01:00:00+00:00, run_after=2025-11-12 01:00:00+00:00
[2025-11-14T21:23:40.569+0000] {logging_mixin.py:190} INFO - [2025-11-14T21:23:40.569+0000] {dag.py:4180} INFO - Setting next_dagrun for consume_1_and_2_with_dataset_expressions to None, run_after=None
[2025-11-14T21:23:40.584+0000] {logging_mixin.py:190} INFO - [2025-11-14T21:23:40.584+0000] {dag.py:4180} INFO - Setting next_dagrun for consume_1_or_2_with_dataset_expressions to None, run_after=None
[2025-11-14T21:23:40.598+0000] {logging_mixin.py:190} INFO - [2025-11-14T21:23:40.597+0000] {dag.py:4180} INFO - Setting next_dagrun for consume_1_or_both_2_and_3_with_dataset_expressions to None, run_after=None
[2025-11-14T21:23:40.614+0000] {logging_mixin.py:190} INFO - [2025-11-14T21:23:40.613+0000] {dag.py:4180} INFO - Setting next_dagrun for dataset_consumes_1 to None, run_after=None
[2025-11-14T21:23:40.632+0000] {logging_mixin.py:190} INFO - [2025-11-14T21:23:40.631+0000] {dag.py:4180} INFO - Setting next_dagrun for dataset_consumes_1_and_2 to None, run_after=None
[2025-11-14T21:23:40.646+0000] {logging_mixin.py:190} INFO - [2025-11-14T21:23:40.645+0000] {dag.py:4180} INFO - Setting next_dagrun for dataset_consumes_1_never_scheduled to None, run_after=None
[2025-11-14T21:23:40.665+0000] {logging_mixin.py:190} INFO - [2025-11-14T21:23:40.663+0000] {dag.py:4180} INFO - Setting next_dagrun for dataset_consumes_unknown_never_scheduled to None, run_after=None
[2025-11-14T21:23:40.687+0000] {logging_mixin.py:190} INFO - [2025-11-14T21:23:40.686+0000] {dag.py:4180} INFO - Setting next_dagrun for dataset_produces_1 to 2025-11-13 00:00:00+00:00, run_after=2025-11-14 00:00:00+00:00
[2025-11-14T21:23:40.702+0000] {logging_mixin.py:190} INFO - [2025-11-14T21:23:40.700+0000] {dag.py:4180} INFO - Setting next_dagrun for dataset_produces_2 to None, run_after=None
[2025-11-14T21:23:40.952+0000] {processor.py:208} INFO - Processing /home/airflow/.local/lib/python3.12/site-packages/airflow/example_dags/example_datasets.py took 2.912 seconds
[2025-11-14T21:24:12.413+0000] {processor.py:186} INFO - Started process (PID=1017) to work on /home/airflow/.local/lib/python3.12/site-packages/airflow/example_dags/example_datasets.py
[2025-11-14T21:24:12.425+0000] {processor.py:914} INFO - Processing file /home/airflow/.local/lib/python3.12/site-packages/airflow/example_dags/example_datasets.py for tasks to queue
[2025-11-14T21:24:12.439+0000] {logging_mixin.py:190} INFO - [2025-11-14T21:24:12.437+0000] {dagbag.py:588} INFO - Filling up the DagBag from /home/airflow/.local/lib/python3.12/site-packages/airflow/example_dags/example_datasets.py
[2025-11-14T21:24:13.600+0000] {processor.py:925} INFO - DAG(s) 'conditional_dataset_and_time_based_timetable', 'consume_1_or_2_with_dataset_expressions', 'dataset_consumes_1_never_scheduled', 'consume_1_or_both_2_and_3_with_dataset_expressions', 'dataset_consumes_1_and_2', 'dataset_produces_1', 'dataset_consumes_1', 'consume_1_and_2_with_dataset_expressions', 'dataset_produces_2', 'dataset_consumes_unknown_never_scheduled' retrieved from /home/airflow/.local/lib/python3.12/site-packages/airflow/example_dags/example_datasets.py
[2025-11-14T21:24:13.833+0000] {logging_mixin.py:190} INFO - [2025-11-14T21:24:13.831+0000] {dag.py:3239} INFO - Sync 10 DAGs
[2025-11-14T21:24:13.956+0000] {logging_mixin.py:190} INFO - [2025-11-14T21:24:13.955+0000] {dag.py:4180} INFO - Setting next_dagrun for conditional_dataset_and_time_based_timetable to 2025-11-12 01:00:00+00:00, run_after=2025-11-12 01:00:00+00:00
[2025-11-14T21:24:13.976+0000] {logging_mixin.py:190} INFO - [2025-11-14T21:24:13.974+0000] {dag.py:4180} INFO - Setting next_dagrun for consume_1_and_2_with_dataset_expressions to None, run_after=None
[2025-11-14T21:24:13.988+0000] {logging_mixin.py:190} INFO - [2025-11-14T21:24:13.987+0000] {dag.py:4180} INFO - Setting next_dagrun for consume_1_or_2_with_dataset_expressions to None, run_after=None
[2025-11-14T21:24:13.995+0000] {logging_mixin.py:190} INFO - [2025-11-14T21:24:13.994+0000] {dag.py:4180} INFO - Setting next_dagrun for consume_1_or_both_2_and_3_with_dataset_expressions to None, run_after=None
[2025-11-14T21:24:14.002+0000] {logging_mixin.py:190} INFO - [2025-11-14T21:24:14.001+0000] {dag.py:4180} INFO - Setting next_dagrun for dataset_consumes_1 to None, run_after=None
[2025-11-14T21:24:14.009+0000] {logging_mixin.py:190} INFO - [2025-11-14T21:24:14.008+0000] {dag.py:4180} INFO - Setting next_dagrun for dataset_consumes_1_and_2 to None, run_after=None
[2025-11-14T21:24:14.017+0000] {logging_mixin.py:190} INFO - [2025-11-14T21:24:14.016+0000] {dag.py:4180} INFO - Setting next_dagrun for dataset_consumes_1_never_scheduled to None, run_after=None
[2025-11-14T21:24:14.024+0000] {logging_mixin.py:190} INFO - [2025-11-14T21:24:14.023+0000] {dag.py:4180} INFO - Setting next_dagrun for dataset_consumes_unknown_never_scheduled to None, run_after=None
[2025-11-14T21:24:14.038+0000] {logging_mixin.py:190} INFO - [2025-11-14T21:24:14.037+0000] {dag.py:4180} INFO - Setting next_dagrun for dataset_produces_1 to 2025-11-13 00:00:00+00:00, run_after=2025-11-14 00:00:00+00:00
[2025-11-14T21:24:14.044+0000] {logging_mixin.py:190} INFO - [2025-11-14T21:24:14.043+0000] {dag.py:4180} INFO - Setting next_dagrun for dataset_produces_2 to None, run_after=None
[2025-11-14T21:24:14.185+0000] {processor.py:208} INFO - Processing /home/airflow/.local/lib/python3.12/site-packages/airflow/example_dags/example_datasets.py took 1.808 seconds
[2025-11-14T21:24:44.316+0000] {processor.py:186} INFO - Started process (PID=1082) to work on /home/airflow/.local/lib/python3.12/site-packages/airflow/example_dags/example_datasets.py
[2025-11-14T21:24:44.320+0000] {processor.py:914} INFO - Processing file /home/airflow/.local/lib/python3.12/site-packages/airflow/example_dags/example_datasets.py for tasks to queue
[2025-11-14T21:24:44.328+0000] {logging_mixin.py:190} INFO - [2025-11-14T21:24:44.327+0000] {dagbag.py:588} INFO - Filling up the DagBag from /home/airflow/.local/lib/python3.12/site-packages/airflow/example_dags/example_datasets.py
[2025-11-14T21:24:44.781+0000] {processor.py:925} INFO - DAG(s) 'dataset_consumes_1', 'dataset_produces_1', 'consume_1_or_2_with_dataset_expressions', 'conditional_dataset_and_time_based_timetable', 'consume_1_and_2_with_dataset_expressions', 'dataset_produces_2', 'dataset_consumes_1_never_scheduled', 'dataset_consumes_1_and_2', 'consume_1_or_both_2_and_3_with_dataset_expressions', 'dataset_consumes_unknown_never_scheduled' retrieved from /home/airflow/.local/lib/python3.12/site-packages/airflow/example_dags/example_datasets.py
[2025-11-14T21:24:44.912+0000] {logging_mixin.py:190} INFO - [2025-11-14T21:24:44.911+0000] {dag.py:3239} INFO - Sync 10 DAGs
[2025-11-14T21:24:45.020+0000] {logging_mixin.py:190} INFO - [2025-11-14T21:24:45.019+0000] {dag.py:4180} INFO - Setting next_dagrun for conditional_dataset_and_time_based_timetable to 2025-11-12 01:00:00+00:00, run_after=2025-11-12 01:00:00+00:00
[2025-11-14T21:24:45.049+0000] {logging_mixin.py:190} INFO - [2025-11-14T21:24:45.048+0000] {dag.py:4180} INFO - Setting next_dagrun for consume_1_and_2_with_dataset_expressions to None, run_after=None
[2025-11-14T21:24:45.056+0000] {logging_mixin.py:190} INFO - [2025-11-14T21:24:45.055+0000] {dag.py:4180} INFO - Setting next_dagrun for consume_1_or_2_with_dataset_expressions to None, run_after=None
[2025-11-14T21:24:45.062+0000] {logging_mixin.py:190} INFO - [2025-11-14T21:24:45.061+0000] {dag.py:4180} INFO - Setting next_dagrun for consume_1_or_both_2_and_3_with_dataset_expressions to None, run_after=None
[2025-11-14T21:24:45.067+0000] {logging_mixin.py:190} INFO - [2025-11-14T21:24:45.066+0000] {dag.py:4180} INFO - Setting next_dagrun for dataset_consumes_1 to None, run_after=None
[2025-11-14T21:24:45.073+0000] {logging_mixin.py:190} INFO - [2025-11-14T21:24:45.073+0000] {dag.py:4180} INFO - Setting next_dagrun for dataset_consumes_1_and_2 to None, run_after=None
[2025-11-14T21:24:45.079+0000] {logging_mixin.py:190} INFO - [2025-11-14T21:24:45.078+0000] {dag.py:4180} INFO - Setting next_dagrun for dataset_consumes_1_never_scheduled to None, run_after=None
[2025-11-14T21:24:45.085+0000] {logging_mixin.py:190} INFO - [2025-11-14T21:24:45.085+0000] {dag.py:4180} INFO - Setting next_dagrun for dataset_consumes_unknown_never_scheduled to None, run_after=None
[2025-11-14T21:24:45.094+0000] {logging_mixin.py:190} INFO - [2025-11-14T21:24:45.094+0000] {dag.py:4180} INFO - Setting next_dagrun for dataset_produces_1 to 2025-11-13 00:00:00+00:00, run_after=2025-11-14 00:00:00+00:00
[2025-11-14T21:24:45.099+0000] {logging_mixin.py:190} INFO - [2025-11-14T21:24:45.099+0000] {dag.py:4180} INFO - Setting next_dagrun for dataset_produces_2 to None, run_after=None
[2025-11-14T21:24:45.194+0000] {processor.py:208} INFO - Processing /home/airflow/.local/lib/python3.12/site-packages/airflow/example_dags/example_datasets.py took 0.897 seconds
[2025-11-14T21:25:15.705+0000] {processor.py:186} INFO - Started process (PID=1146) to work on /home/airflow/.local/lib/python3.12/site-packages/airflow/example_dags/example_datasets.py
[2025-11-14T21:25:15.708+0000] {processor.py:914} INFO - Processing file /home/airflow/.local/lib/python3.12/site-packages/airflow/example_dags/example_datasets.py for tasks to queue
[2025-11-14T21:25:15.714+0000] {logging_mixin.py:190} INFO - [2025-11-14T21:25:15.713+0000] {dagbag.py:588} INFO - Filling up the DagBag from /home/airflow/.local/lib/python3.12/site-packages/airflow/example_dags/example_datasets.py
[2025-11-14T21:25:16.076+0000] {processor.py:925} INFO - DAG(s) 'dataset_produces_1', 'conditional_dataset_and_time_based_timetable', 'consume_1_or_both_2_and_3_with_dataset_expressions', 'consume_1_or_2_with_dataset_expressions', 'consume_1_and_2_with_dataset_expressions', 'dataset_produces_2', 'dataset_consumes_unknown_never_scheduled', 'dataset_consumes_1_and_2', 'dataset_consumes_1_never_scheduled', 'dataset_consumes_1' retrieved from /home/airflow/.local/lib/python3.12/site-packages/airflow/example_dags/example_datasets.py
[2025-11-14T21:25:16.170+0000] {logging_mixin.py:190} INFO - [2025-11-14T21:25:16.169+0000] {dag.py:3239} INFO - Sync 10 DAGs
[2025-11-14T21:25:16.230+0000] {logging_mixin.py:190} INFO - [2025-11-14T21:25:16.230+0000] {dag.py:4180} INFO - Setting next_dagrun for conditional_dataset_and_time_based_timetable to 2025-11-12 01:00:00+00:00, run_after=2025-11-12 01:00:00+00:00
[2025-11-14T21:25:16.240+0000] {logging_mixin.py:190} INFO - [2025-11-14T21:25:16.239+0000] {dag.py:4180} INFO - Setting next_dagrun for consume_1_and_2_with_dataset_expressions to None, run_after=None
[2025-11-14T21:25:16.243+0000] {logging_mixin.py:190} INFO - [2025-11-14T21:25:16.243+0000] {dag.py:4180} INFO - Setting next_dagrun for consume_1_or_2_with_dataset_expressions to None, run_after=None
[2025-11-14T21:25:16.247+0000] {logging_mixin.py:190} INFO - [2025-11-14T21:25:16.247+0000] {dag.py:4180} INFO - Setting next_dagrun for consume_1_or_both_2_and_3_with_dataset_expressions to None, run_after=None
[2025-11-14T21:25:16.251+0000] {logging_mixin.py:190} INFO - [2025-11-14T21:25:16.251+0000] {dag.py:4180} INFO - Setting next_dagrun for dataset_consumes_1 to None, run_after=None
[2025-11-14T21:25:16.257+0000] {logging_mixin.py:190} INFO - [2025-11-14T21:25:16.257+0000] {dag.py:4180} INFO - Setting next_dagrun for dataset_consumes_1_and_2 to None, run_after=None
[2025-11-14T21:25:16.261+0000] {logging_mixin.py:190} INFO - [2025-11-14T21:25:16.261+0000] {dag.py:4180} INFO - Setting next_dagrun for dataset_consumes_1_never_scheduled to None, run_after=None
[2025-11-14T21:25:16.264+0000] {logging_mixin.py:190} INFO - [2025-11-14T21:25:16.264+0000] {dag.py:4180} INFO - Setting next_dagrun for dataset_consumes_unknown_never_scheduled to None, run_after=None
[2025-11-14T21:25:16.271+0000] {logging_mixin.py:190} INFO - [2025-11-14T21:25:16.271+0000] {dag.py:4180} INFO - Setting next_dagrun for dataset_produces_1 to 2025-11-13 00:00:00+00:00, run_after=2025-11-14 00:00:00+00:00
[2025-11-14T21:25:16.275+0000] {logging_mixin.py:190} INFO - [2025-11-14T21:25:16.275+0000] {dag.py:4180} INFO - Setting next_dagrun for dataset_produces_2 to None, run_after=None
[2025-11-14T21:25:16.346+0000] {processor.py:208} INFO - Processing /home/airflow/.local/lib/python3.12/site-packages/airflow/example_dags/example_datasets.py took 0.656 seconds
[2025-11-14T21:25:46.521+0000] {processor.py:186} INFO - Started process (PID=1212) to work on /home/airflow/.local/lib/python3.12/site-packages/airflow/example_dags/example_datasets.py
[2025-11-14T21:25:46.524+0000] {processor.py:914} INFO - Processing file /home/airflow/.local/lib/python3.12/site-packages/airflow/example_dags/example_datasets.py for tasks to queue
[2025-11-14T21:25:46.529+0000] {logging_mixin.py:190} INFO - [2025-11-14T21:25:46.528+0000] {dagbag.py:588} INFO - Filling up the DagBag from /home/airflow/.local/lib/python3.12/site-packages/airflow/example_dags/example_datasets.py
[2025-11-14T21:25:46.975+0000] {processor.py:925} INFO - DAG(s) 'dataset_consumes_1_and_2', 'dataset_produces_2', 'dataset_produces_1', 'dataset_consumes_unknown_never_scheduled', 'consume_1_and_2_with_dataset_expressions', 'dataset_consumes_1', 'consume_1_or_both_2_and_3_with_dataset_expressions', 'consume_1_or_2_with_dataset_expressions', 'conditional_dataset_and_time_based_timetable', 'dataset_consumes_1_never_scheduled' retrieved from /home/airflow/.local/lib/python3.12/site-packages/airflow/example_dags/example_datasets.py
[2025-11-14T21:25:47.092+0000] {logging_mixin.py:190} INFO - [2025-11-14T21:25:47.091+0000] {dag.py:3239} INFO - Sync 10 DAGs
[2025-11-14T21:25:47.159+0000] {logging_mixin.py:190} INFO - [2025-11-14T21:25:47.158+0000] {dag.py:4180} INFO - Setting next_dagrun for conditional_dataset_and_time_based_timetable to 2025-11-12 01:00:00+00:00, run_after=2025-11-12 01:00:00+00:00
[2025-11-14T21:25:47.167+0000] {logging_mixin.py:190} INFO - [2025-11-14T21:25:47.166+0000] {dag.py:4180} INFO - Setting next_dagrun for consume_1_and_2_with_dataset_expressions to None, run_after=None
[2025-11-14T21:25:47.171+0000] {logging_mixin.py:190} INFO - [2025-11-14T21:25:47.171+0000] {dag.py:4180} INFO - Setting next_dagrun for consume_1_or_2_with_dataset_expressions to None, run_after=None
[2025-11-14T21:25:47.175+0000] {logging_mixin.py:190} INFO - [2025-11-14T21:25:47.174+0000] {dag.py:4180} INFO - Setting next_dagrun for consume_1_or_both_2_and_3_with_dataset_expressions to None, run_after=None
[2025-11-14T21:25:47.179+0000] {logging_mixin.py:190} INFO - [2025-11-14T21:25:47.178+0000] {dag.py:4180} INFO - Setting next_dagrun for dataset_consumes_1 to None, run_after=None
[2025-11-14T21:25:47.183+0000] {logging_mixin.py:190} INFO - [2025-11-14T21:25:47.183+0000] {dag.py:4180} INFO - Setting next_dagrun for dataset_consumes_1_and_2 to None, run_after=None
[2025-11-14T21:25:47.188+0000] {logging_mixin.py:190} INFO - [2025-11-14T21:25:47.187+0000] {dag.py:4180} INFO - Setting next_dagrun for dataset_consumes_1_never_scheduled to None, run_after=None
[2025-11-14T21:25:47.193+0000] {logging_mixin.py:190} INFO - [2025-11-14T21:25:47.192+0000] {dag.py:4180} INFO - Setting next_dagrun for dataset_consumes_unknown_never_scheduled to None, run_after=None
[2025-11-14T21:25:47.200+0000] {logging_mixin.py:190} INFO - [2025-11-14T21:25:47.199+0000] {dag.py:4180} INFO - Setting next_dagrun for dataset_produces_1 to 2025-11-13 00:00:00+00:00, run_after=2025-11-14 00:00:00+00:00
[2025-11-14T21:25:47.204+0000] {logging_mixin.py:190} INFO - [2025-11-14T21:25:47.204+0000] {dag.py:4180} INFO - Setting next_dagrun for dataset_produces_2 to None, run_after=None
[2025-11-14T21:25:47.308+0000] {processor.py:208} INFO - Processing /home/airflow/.local/lib/python3.12/site-packages/airflow/example_dags/example_datasets.py took 0.798 seconds
[2025-11-14T21:26:17.702+0000] {processor.py:186} INFO - Started process (PID=1276) to work on /home/airflow/.local/lib/python3.12/site-packages/airflow/example_dags/example_datasets.py
[2025-11-14T21:26:17.708+0000] {processor.py:914} INFO - Processing file /home/airflow/.local/lib/python3.12/site-packages/airflow/example_dags/example_datasets.py for tasks to queue
[2025-11-14T21:26:17.727+0000] {logging_mixin.py:190} INFO - [2025-11-14T21:26:17.725+0000] {dagbag.py:588} INFO - Filling up the DagBag from /home/airflow/.local/lib/python3.12/site-packages/airflow/example_dags/example_datasets.py
[2025-11-14T21:26:18.448+0000] {processor.py:925} INFO - DAG(s) 'conditional_dataset_and_time_based_timetable', 'dataset_consumes_1', 'consume_1_or_2_with_dataset_expressions', 'dataset_consumes_1_never_scheduled', 'consume_1_or_both_2_and_3_with_dataset_expressions', 'dataset_produces_2', 'dataset_produces_1', 'dataset_consumes_1_and_2', 'dataset_consumes_unknown_never_scheduled', 'consume_1_and_2_with_dataset_expressions' retrieved from /home/airflow/.local/lib/python3.12/site-packages/airflow/example_dags/example_datasets.py
[2025-11-14T21:26:18.568+0000] {logging_mixin.py:190} INFO - [2025-11-14T21:26:18.567+0000] {dag.py:3239} INFO - Sync 10 DAGs
[2025-11-14T21:26:18.629+0000] {logging_mixin.py:190} INFO - [2025-11-14T21:26:18.629+0000] {dag.py:4180} INFO - Setting next_dagrun for conditional_dataset_and_time_based_timetable to 2025-11-12 01:00:00+00:00, run_after=2025-11-12 01:00:00+00:00
[2025-11-14T21:26:18.641+0000] {logging_mixin.py:190} INFO - [2025-11-14T21:26:18.640+0000] {dag.py:4180} INFO - Setting next_dagrun for consume_1_and_2_with_dataset_expressions to None, run_after=None
[2025-11-14T21:26:18.645+0000] {logging_mixin.py:190} INFO - [2025-11-14T21:26:18.644+0000] {dag.py:4180} INFO - Setting next_dagrun for consume_1_or_2_with_dataset_expressions to None, run_after=None
[2025-11-14T21:26:18.649+0000] {logging_mixin.py:190} INFO - [2025-11-14T21:26:18.649+0000] {dag.py:4180} INFO - Setting next_dagrun for consume_1_or_both_2_and_3_with_dataset_expressions to None, run_after=None
[2025-11-14T21:26:18.653+0000] {logging_mixin.py:190} INFO - [2025-11-14T21:26:18.653+0000] {dag.py:4180} INFO - Setting next_dagrun for dataset_consumes_1 to None, run_after=None
[2025-11-14T21:26:18.657+0000] {logging_mixin.py:190} INFO - [2025-11-14T21:26:18.657+0000] {dag.py:4180} INFO - Setting next_dagrun for dataset_consumes_1_and_2 to None, run_after=None
[2025-11-14T21:26:18.660+0000] {logging_mixin.py:190} INFO - [2025-11-14T21:26:18.660+0000] {dag.py:4180} INFO - Setting next_dagrun for dataset_consumes_1_never_scheduled to None, run_after=None
[2025-11-14T21:26:18.665+0000] {logging_mixin.py:190} INFO - [2025-11-14T21:26:18.664+0000] {dag.py:4180} INFO - Setting next_dagrun for dataset_consumes_unknown_never_scheduled to None, run_after=None
[2025-11-14T21:26:18.674+0000] {logging_mixin.py:190} INFO - [2025-11-14T21:26:18.673+0000] {dag.py:4180} INFO - Setting next_dagrun for dataset_produces_1 to 2025-11-13 00:00:00+00:00, run_after=2025-11-14 00:00:00+00:00
[2025-11-14T21:26:18.679+0000] {logging_mixin.py:190} INFO - [2025-11-14T21:26:18.678+0000] {dag.py:4180} INFO - Setting next_dagrun for dataset_produces_2 to None, run_after=None
[2025-11-14T21:26:18.751+0000] {processor.py:208} INFO - Processing /home/airflow/.local/lib/python3.12/site-packages/airflow/example_dags/example_datasets.py took 1.089 seconds
[2025-11-14T21:26:49.573+0000] {processor.py:186} INFO - Started process (PID=1342) to work on /home/airflow/.local/lib/python3.12/site-packages/airflow/example_dags/example_datasets.py
[2025-11-14T21:26:49.576+0000] {processor.py:914} INFO - Processing file /home/airflow/.local/lib/python3.12/site-packages/airflow/example_dags/example_datasets.py for tasks to queue
[2025-11-14T21:26:49.581+0000] {logging_mixin.py:190} INFO - [2025-11-14T21:26:49.580+0000] {dagbag.py:588} INFO - Filling up the DagBag from /home/airflow/.local/lib/python3.12/site-packages/airflow/example_dags/example_datasets.py
[2025-11-14T21:26:49.872+0000] {processor.py:925} INFO - DAG(s) 'dataset_consumes_1', 'dataset_consumes_1_and_2', 'consume_1_and_2_with_dataset_expressions', 'consume_1_or_2_with_dataset_expressions', 'conditional_dataset_and_time_based_timetable', 'dataset_produces_2', 'consume_1_or_both_2_and_3_with_dataset_expressions', 'dataset_consumes_1_never_scheduled', 'dataset_consumes_unknown_never_scheduled', 'dataset_produces_1' retrieved from /home/airflow/.local/lib/python3.12/site-packages/airflow/example_dags/example_datasets.py
[2025-11-14T21:26:49.950+0000] {logging_mixin.py:190} INFO - [2025-11-14T21:26:49.949+0000] {dag.py:3239} INFO - Sync 10 DAGs
[2025-11-14T21:26:50.011+0000] {logging_mixin.py:190} INFO - [2025-11-14T21:26:50.011+0000] {dag.py:4180} INFO - Setting next_dagrun for conditional_dataset_and_time_based_timetable to 2025-11-12 01:00:00+00:00, run_after=2025-11-12 01:00:00+00:00
[2025-11-14T21:26:50.020+0000] {logging_mixin.py:190} INFO - [2025-11-14T21:26:50.019+0000] {dag.py:4180} INFO - Setting next_dagrun for consume_1_and_2_with_dataset_expressions to None, run_after=None
[2025-11-14T21:26:50.023+0000] {logging_mixin.py:190} INFO - [2025-11-14T21:26:50.023+0000] {dag.py:4180} INFO - Setting next_dagrun for consume_1_or_2_with_dataset_expressions to None, run_after=None
[2025-11-14T21:26:50.027+0000] {logging_mixin.py:190} INFO - [2025-11-14T21:26:50.026+0000] {dag.py:4180} INFO - Setting next_dagrun for consume_1_or_both_2_and_3_with_dataset_expressions to None, run_after=None
[2025-11-14T21:26:50.030+0000] {logging_mixin.py:190} INFO - [2025-11-14T21:26:50.030+0000] {dag.py:4180} INFO - Setting next_dagrun for dataset_consumes_1 to None, run_after=None
[2025-11-14T21:26:50.034+0000] {logging_mixin.py:190} INFO - [2025-11-14T21:26:50.033+0000] {dag.py:4180} INFO - Setting next_dagrun for dataset_consumes_1_and_2 to None, run_after=None
[2025-11-14T21:26:50.037+0000] {logging_mixin.py:190} INFO - [2025-11-14T21:26:50.036+0000] {dag.py:4180} INFO - Setting next_dagrun for dataset_consumes_1_never_scheduled to None, run_after=None
[2025-11-14T21:26:50.039+0000] {logging_mixin.py:190} INFO - [2025-11-14T21:26:50.039+0000] {dag.py:4180} INFO - Setting next_dagrun for dataset_consumes_unknown_never_scheduled to None, run_after=None
[2025-11-14T21:26:50.044+0000] {logging_mixin.py:190} INFO - [2025-11-14T21:26:50.044+0000] {dag.py:4180} INFO - Setting next_dagrun for dataset_produces_1 to 2025-11-13 00:00:00+00:00, run_after=2025-11-14 00:00:00+00:00
[2025-11-14T21:26:50.047+0000] {logging_mixin.py:190} INFO - [2025-11-14T21:26:50.047+0000] {dag.py:4180} INFO - Setting next_dagrun for dataset_produces_2 to None, run_after=None
[2025-11-14T21:26:50.111+0000] {processor.py:208} INFO - Processing /home/airflow/.local/lib/python3.12/site-packages/airflow/example_dags/example_datasets.py took 0.550 seconds
[2025-11-14T21:27:20.279+0000] {processor.py:186} INFO - Started process (PID=1406) to work on /home/airflow/.local/lib/python3.12/site-packages/airflow/example_dags/example_datasets.py
[2025-11-14T21:27:20.282+0000] {processor.py:914} INFO - Processing file /home/airflow/.local/lib/python3.12/site-packages/airflow/example_dags/example_datasets.py for tasks to queue
[2025-11-14T21:27:20.289+0000] {logging_mixin.py:190} INFO - [2025-11-14T21:27:20.288+0000] {dagbag.py:588} INFO - Filling up the DagBag from /home/airflow/.local/lib/python3.12/site-packages/airflow/example_dags/example_datasets.py
[2025-11-14T21:27:20.633+0000] {processor.py:925} INFO - DAG(s) 'dataset_consumes_1', 'dataset_produces_1', 'consume_1_or_both_2_and_3_with_dataset_expressions', 'dataset_consumes_unknown_never_scheduled', 'dataset_produces_2', 'conditional_dataset_and_time_based_timetable', 'dataset_consumes_1_never_scheduled', 'consume_1_and_2_with_dataset_expressions', 'dataset_consumes_1_and_2', 'consume_1_or_2_with_dataset_expressions' retrieved from /home/airflow/.local/lib/python3.12/site-packages/airflow/example_dags/example_datasets.py
[2025-11-14T21:27:20.731+0000] {logging_mixin.py:190} INFO - [2025-11-14T21:27:20.730+0000] {dag.py:3239} INFO - Sync 10 DAGs
[2025-11-14T21:27:20.811+0000] {logging_mixin.py:190} INFO - [2025-11-14T21:27:20.811+0000] {dag.py:4180} INFO - Setting next_dagrun for conditional_dataset_and_time_based_timetable to 2025-11-12 01:00:00+00:00, run_after=2025-11-12 01:00:00+00:00
[2025-11-14T21:27:20.821+0000] {logging_mixin.py:190} INFO - [2025-11-14T21:27:20.821+0000] {dag.py:4180} INFO - Setting next_dagrun for consume_1_and_2_with_dataset_expressions to None, run_after=None
[2025-11-14T21:27:20.825+0000] {logging_mixin.py:190} INFO - [2025-11-14T21:27:20.825+0000] {dag.py:4180} INFO - Setting next_dagrun for consume_1_or_2_with_dataset_expressions to None, run_after=None
[2025-11-14T21:27:20.830+0000] {logging_mixin.py:190} INFO - [2025-11-14T21:27:20.830+0000] {dag.py:4180} INFO - Setting next_dagrun for consume_1_or_both_2_and_3_with_dataset_expressions to None, run_after=None
[2025-11-14T21:27:20.835+0000] {logging_mixin.py:190} INFO - [2025-11-14T21:27:20.835+0000] {dag.py:4180} INFO - Setting next_dagrun for dataset_consumes_1 to None, run_after=None
[2025-11-14T21:27:20.840+0000] {logging_mixin.py:190} INFO - [2025-11-14T21:27:20.839+0000] {dag.py:4180} INFO - Setting next_dagrun for dataset_consumes_1_and_2 to None, run_after=None
[2025-11-14T21:27:20.843+0000] {logging_mixin.py:190} INFO - [2025-11-14T21:27:20.843+0000] {dag.py:4180} INFO - Setting next_dagrun for dataset_consumes_1_never_scheduled to None, run_after=None
[2025-11-14T21:27:20.847+0000] {logging_mixin.py:190} INFO - [2025-11-14T21:27:20.847+0000] {dag.py:4180} INFO - Setting next_dagrun for dataset_consumes_unknown_never_scheduled to None, run_after=None
[2025-11-14T21:27:20.857+0000] {logging_mixin.py:190} INFO - [2025-11-14T21:27:20.856+0000] {dag.py:4180} INFO - Setting next_dagrun for dataset_produces_1 to 2025-11-13 00:00:00+00:00, run_after=2025-11-14 00:00:00+00:00
[2025-11-14T21:27:20.860+0000] {logging_mixin.py:190} INFO - [2025-11-14T21:27:20.860+0000] {dag.py:4180} INFO - Setting next_dagrun for dataset_produces_2 to None, run_after=None
[2025-11-14T21:27:20.931+0000] {processor.py:208} INFO - Processing /home/airflow/.local/lib/python3.12/site-packages/airflow/example_dags/example_datasets.py took 0.664 seconds
[2025-11-14T21:27:51.362+0000] {processor.py:186} INFO - Started process (PID=1472) to work on /home/airflow/.local/lib/python3.12/site-packages/airflow/example_dags/example_datasets.py
[2025-11-14T21:27:51.366+0000] {processor.py:914} INFO - Processing file /home/airflow/.local/lib/python3.12/site-packages/airflow/example_dags/example_datasets.py for tasks to queue
[2025-11-14T21:27:51.372+0000] {logging_mixin.py:190} INFO - [2025-11-14T21:27:51.372+0000] {dagbag.py:588} INFO - Filling up the DagBag from /home/airflow/.local/lib/python3.12/site-packages/airflow/example_dags/example_datasets.py
[2025-11-14T21:27:51.831+0000] {processor.py:925} INFO - DAG(s) 'dataset_produces_1', 'dataset_consumes_unknown_never_scheduled', 'dataset_consumes_1_and_2', 'conditional_dataset_and_time_based_timetable', 'consume_1_or_both_2_and_3_with_dataset_expressions', 'consume_1_and_2_with_dataset_expressions', 'consume_1_or_2_with_dataset_expressions', 'dataset_consumes_1_never_scheduled', 'dataset_produces_2', 'dataset_consumes_1' retrieved from /home/airflow/.local/lib/python3.12/site-packages/airflow/example_dags/example_datasets.py
[2025-11-14T21:27:51.990+0000] {logging_mixin.py:190} INFO - [2025-11-14T21:27:51.989+0000] {dag.py:3239} INFO - Sync 10 DAGs
[2025-11-14T21:27:52.071+0000] {logging_mixin.py:190} INFO - [2025-11-14T21:27:52.071+0000] {dag.py:4180} INFO - Setting next_dagrun for conditional_dataset_and_time_based_timetable to 2025-11-12 01:00:00+00:00, run_after=2025-11-12 01:00:00+00:00
[2025-11-14T21:27:52.084+0000] {logging_mixin.py:190} INFO - [2025-11-14T21:27:52.083+0000] {dag.py:4180} INFO - Setting next_dagrun for consume_1_and_2_with_dataset_expressions to None, run_after=None
[2025-11-14T21:27:52.091+0000] {logging_mixin.py:190} INFO - [2025-11-14T21:27:52.090+0000] {dag.py:4180} INFO - Setting next_dagrun for consume_1_or_2_with_dataset_expressions to None, run_after=None
[2025-11-14T21:27:52.104+0000] {logging_mixin.py:190} INFO - [2025-11-14T21:27:52.103+0000] {dag.py:4180} INFO - Setting next_dagrun for consume_1_or_both_2_and_3_with_dataset_expressions to None, run_after=None
[2025-11-14T21:27:52.110+0000] {logging_mixin.py:190} INFO - [2025-11-14T21:27:52.109+0000] {dag.py:4180} INFO - Setting next_dagrun for dataset_consumes_1 to None, run_after=None
[2025-11-14T21:27:52.120+0000] {logging_mixin.py:190} INFO - [2025-11-14T21:27:52.120+0000] {dag.py:4180} INFO - Setting next_dagrun for dataset_consumes_1_and_2 to None, run_after=None
[2025-11-14T21:27:52.127+0000] {logging_mixin.py:190} INFO - [2025-11-14T21:27:52.126+0000] {dag.py:4180} INFO - Setting next_dagrun for dataset_consumes_1_never_scheduled to None, run_after=None
[2025-11-14T21:27:52.137+0000] {logging_mixin.py:190} INFO - [2025-11-14T21:27:52.136+0000] {dag.py:4180} INFO - Setting next_dagrun for dataset_consumes_unknown_never_scheduled to None, run_after=None
[2025-11-14T21:27:52.152+0000] {logging_mixin.py:190} INFO - [2025-11-14T21:27:52.152+0000] {dag.py:4180} INFO - Setting next_dagrun for dataset_produces_1 to 2025-11-13 00:00:00+00:00, run_after=2025-11-14 00:00:00+00:00
[2025-11-14T21:27:52.167+0000] {logging_mixin.py:190} INFO - [2025-11-14T21:27:52.167+0000] {dag.py:4180} INFO - Setting next_dagrun for dataset_produces_2 to None, run_after=None
[2025-11-14T21:27:52.401+0000] {processor.py:208} INFO - Processing /home/airflow/.local/lib/python3.12/site-packages/airflow/example_dags/example_datasets.py took 1.054 seconds
