[2025-11-14T21:15:32.714+0000] {processor.py:186} INFO - Started process (PID=39) to work on /home/airflow/.local/lib/python3.12/site-packages/airflow/example_dags/example_sla_dag.py
[2025-11-14T21:15:32.717+0000] {processor.py:914} INFO - Processing file /home/airflow/.local/lib/python3.12/site-packages/airflow/example_dags/example_sla_dag.py for tasks to queue
[2025-11-14T21:15:32.725+0000] {logging_mixin.py:190} INFO - [2025-11-14T21:15:32.724+0000] {dagbag.py:588} INFO - Filling up the DagBag from /home/airflow/.local/lib/python3.12/site-packages/airflow/example_dags/example_sla_dag.py
[2025-11-14T21:15:32.757+0000] {processor.py:925} INFO - DAG(s) 'example_sla_dag' retrieved from /home/airflow/.local/lib/python3.12/site-packages/airflow/example_dags/example_sla_dag.py
[2025-11-14T21:15:33.158+0000] {logging_mixin.py:190} INFO - [2025-11-14T21:15:33.156+0000] {override.py:1900} INFO - Created Permission View: can edit on DAG:example_sla_dag
[2025-11-14T21:15:33.183+0000] {logging_mixin.py:190} INFO - [2025-11-14T21:15:33.182+0000] {override.py:1900} INFO - Created Permission View: can delete on DAG:example_sla_dag
[2025-11-14T21:15:33.198+0000] {logging_mixin.py:190} INFO - [2025-11-14T21:15:33.197+0000] {override.py:1900} INFO - Created Permission View: can read on DAG:example_sla_dag
[2025-11-14T21:15:33.219+0000] {logging_mixin.py:190} INFO - [2025-11-14T21:15:33.218+0000] {override.py:1900} INFO - Created Permission View: menu access on DAG Run:example_sla_dag
[2025-11-14T21:15:33.236+0000] {logging_mixin.py:190} INFO - [2025-11-14T21:15:33.235+0000] {override.py:1900} INFO - Created Permission View: can create on DAG Run:example_sla_dag
[2025-11-14T21:15:33.254+0000] {logging_mixin.py:190} INFO - [2025-11-14T21:15:33.254+0000] {override.py:1900} INFO - Created Permission View: can delete on DAG Run:example_sla_dag
[2025-11-14T21:15:33.272+0000] {logging_mixin.py:190} INFO - [2025-11-14T21:15:33.271+0000] {override.py:1900} INFO - Created Permission View: can read on DAG Run:example_sla_dag
[2025-11-14T21:15:33.277+0000] {logging_mixin.py:190} INFO - [2025-11-14T21:15:33.275+0000] {dag.py:3239} INFO - Sync 1 DAGs
[2025-11-14T21:15:33.336+0000] {logging_mixin.py:190} INFO - [2025-11-14T21:15:33.336+0000] {dag.py:3262} INFO - Creating ORM DAG for example_sla_dag
[2025-11-14T21:15:33.384+0000] {logging_mixin.py:190} INFO - [2025-11-14T21:15:33.383+0000] {dag.py:4180} INFO - Setting next_dagrun for example_sla_dag to 2025-11-14 21:12:00+00:00, run_after=2025-11-14 21:14:00+00:00
[2025-11-14T21:15:33.437+0000] {processor.py:208} INFO - Processing /home/airflow/.local/lib/python3.12/site-packages/airflow/example_dags/example_sla_dag.py took 0.734 seconds
[2025-11-14T21:16:03.526+0000] {processor.py:186} INFO - Started process (PID=103) to work on /home/airflow/.local/lib/python3.12/site-packages/airflow/example_dags/example_sla_dag.py
[2025-11-14T21:16:03.529+0000] {processor.py:914} INFO - Processing file /home/airflow/.local/lib/python3.12/site-packages/airflow/example_dags/example_sla_dag.py for tasks to queue
[2025-11-14T21:16:03.533+0000] {logging_mixin.py:190} INFO - [2025-11-14T21:16:03.533+0000] {dagbag.py:588} INFO - Filling up the DagBag from /home/airflow/.local/lib/python3.12/site-packages/airflow/example_dags/example_sla_dag.py
[2025-11-14T21:16:03.553+0000] {processor.py:925} INFO - DAG(s) 'example_sla_dag' retrieved from /home/airflow/.local/lib/python3.12/site-packages/airflow/example_dags/example_sla_dag.py
[2025-11-14T21:16:03.587+0000] {logging_mixin.py:190} INFO - [2025-11-14T21:16:03.586+0000] {dag.py:3239} INFO - Sync 1 DAGs
[2025-11-14T21:16:03.638+0000] {logging_mixin.py:190} INFO - [2025-11-14T21:16:03.638+0000] {dag.py:4180} INFO - Setting next_dagrun for example_sla_dag to 2025-11-14 21:14:00+00:00, run_after=2025-11-14 21:16:00+00:00
[2025-11-14T21:16:03.668+0000] {processor.py:208} INFO - Processing /home/airflow/.local/lib/python3.12/site-packages/airflow/example_dags/example_sla_dag.py took 0.156 seconds
[2025-11-14T21:16:34.260+0000] {processor.py:186} INFO - Started process (PID=166) to work on /home/airflow/.local/lib/python3.12/site-packages/airflow/example_dags/example_sla_dag.py
[2025-11-14T21:16:34.263+0000] {processor.py:914} INFO - Processing file /home/airflow/.local/lib/python3.12/site-packages/airflow/example_dags/example_sla_dag.py for tasks to queue
[2025-11-14T21:16:34.266+0000] {logging_mixin.py:190} INFO - [2025-11-14T21:16:34.266+0000] {dagbag.py:588} INFO - Filling up the DagBag from /home/airflow/.local/lib/python3.12/site-packages/airflow/example_dags/example_sla_dag.py
[2025-11-14T21:16:34.280+0000] {processor.py:925} INFO - DAG(s) 'example_sla_dag' retrieved from /home/airflow/.local/lib/python3.12/site-packages/airflow/example_dags/example_sla_dag.py
[2025-11-14T21:16:34.304+0000] {logging_mixin.py:190} INFO - [2025-11-14T21:16:34.303+0000] {dag.py:3239} INFO - Sync 1 DAGs
[2025-11-14T21:16:34.338+0000] {logging_mixin.py:190} INFO - [2025-11-14T21:16:34.338+0000] {dag.py:4180} INFO - Setting next_dagrun for example_sla_dag to 2025-11-14 21:14:00+00:00, run_after=2025-11-14 21:16:00+00:00
[2025-11-14T21:16:34.357+0000] {processor.py:208} INFO - Processing /home/airflow/.local/lib/python3.12/site-packages/airflow/example_dags/example_sla_dag.py took 0.105 seconds
[2025-11-14T21:17:04.432+0000] {processor.py:186} INFO - Started process (PID=229) to work on /home/airflow/.local/lib/python3.12/site-packages/airflow/example_dags/example_sla_dag.py
[2025-11-14T21:17:04.434+0000] {processor.py:914} INFO - Processing file /home/airflow/.local/lib/python3.12/site-packages/airflow/example_dags/example_sla_dag.py for tasks to queue
[2025-11-14T21:17:04.437+0000] {logging_mixin.py:190} INFO - [2025-11-14T21:17:04.437+0000] {dagbag.py:588} INFO - Filling up the DagBag from /home/airflow/.local/lib/python3.12/site-packages/airflow/example_dags/example_sla_dag.py
[2025-11-14T21:17:04.453+0000] {processor.py:925} INFO - DAG(s) 'example_sla_dag' retrieved from /home/airflow/.local/lib/python3.12/site-packages/airflow/example_dags/example_sla_dag.py
[2025-11-14T21:17:04.474+0000] {logging_mixin.py:190} INFO - [2025-11-14T21:17:04.474+0000] {dag.py:3239} INFO - Sync 1 DAGs
[2025-11-14T21:17:04.502+0000] {logging_mixin.py:190} INFO - [2025-11-14T21:17:04.502+0000] {dag.py:4180} INFO - Setting next_dagrun for example_sla_dag to 2025-11-14 21:14:00+00:00, run_after=2025-11-14 21:16:00+00:00
[2025-11-14T21:17:04.522+0000] {processor.py:208} INFO - Processing /home/airflow/.local/lib/python3.12/site-packages/airflow/example_dags/example_sla_dag.py took 0.096 seconds
[2025-11-14T21:17:34.893+0000] {processor.py:186} INFO - Started process (PID=292) to work on /home/airflow/.local/lib/python3.12/site-packages/airflow/example_dags/example_sla_dag.py
[2025-11-14T21:17:34.895+0000] {processor.py:914} INFO - Processing file /home/airflow/.local/lib/python3.12/site-packages/airflow/example_dags/example_sla_dag.py for tasks to queue
[2025-11-14T21:17:34.898+0000] {logging_mixin.py:190} INFO - [2025-11-14T21:17:34.898+0000] {dagbag.py:588} INFO - Filling up the DagBag from /home/airflow/.local/lib/python3.12/site-packages/airflow/example_dags/example_sla_dag.py
[2025-11-14T21:17:34.910+0000] {processor.py:925} INFO - DAG(s) 'example_sla_dag' retrieved from /home/airflow/.local/lib/python3.12/site-packages/airflow/example_dags/example_sla_dag.py
[2025-11-14T21:17:34.935+0000] {logging_mixin.py:190} INFO - [2025-11-14T21:17:34.934+0000] {dag.py:3239} INFO - Sync 1 DAGs
[2025-11-14T21:17:34.963+0000] {logging_mixin.py:190} INFO - [2025-11-14T21:17:34.962+0000] {dag.py:4180} INFO - Setting next_dagrun for example_sla_dag to 2025-11-14 21:14:00+00:00, run_after=2025-11-14 21:16:00+00:00
[2025-11-14T21:17:34.980+0000] {processor.py:208} INFO - Processing /home/airflow/.local/lib/python3.12/site-packages/airflow/example_dags/example_sla_dag.py took 0.094 seconds
[2025-11-14T21:18:05.960+0000] {processor.py:186} INFO - Started process (PID=355) to work on /home/airflow/.local/lib/python3.12/site-packages/airflow/example_dags/example_sla_dag.py
[2025-11-14T21:18:05.962+0000] {processor.py:914} INFO - Processing file /home/airflow/.local/lib/python3.12/site-packages/airflow/example_dags/example_sla_dag.py for tasks to queue
[2025-11-14T21:18:05.965+0000] {logging_mixin.py:190} INFO - [2025-11-14T21:18:05.965+0000] {dagbag.py:588} INFO - Filling up the DagBag from /home/airflow/.local/lib/python3.12/site-packages/airflow/example_dags/example_sla_dag.py
[2025-11-14T21:18:05.978+0000] {processor.py:925} INFO - DAG(s) 'example_sla_dag' retrieved from /home/airflow/.local/lib/python3.12/site-packages/airflow/example_dags/example_sla_dag.py
[2025-11-14T21:18:05.999+0000] {logging_mixin.py:190} INFO - [2025-11-14T21:18:05.999+0000] {dag.py:3239} INFO - Sync 1 DAGs
[2025-11-14T21:18:06.027+0000] {logging_mixin.py:190} INFO - [2025-11-14T21:18:06.027+0000] {dag.py:4180} INFO - Setting next_dagrun for example_sla_dag to 2025-11-14 21:16:00+00:00, run_after=2025-11-14 21:18:00+00:00
[2025-11-14T21:18:06.046+0000] {processor.py:208} INFO - Processing /home/airflow/.local/lib/python3.12/site-packages/airflow/example_dags/example_sla_dag.py took 0.093 seconds
[2025-11-14T21:18:37.622+0000] {processor.py:186} INFO - Started process (PID=420) to work on /home/airflow/.local/lib/python3.12/site-packages/airflow/example_dags/example_sla_dag.py
[2025-11-14T21:18:37.626+0000] {processor.py:914} INFO - Processing file /home/airflow/.local/lib/python3.12/site-packages/airflow/example_dags/example_sla_dag.py for tasks to queue
[2025-11-14T21:18:37.636+0000] {logging_mixin.py:190} INFO - [2025-11-14T21:18:37.634+0000] {dagbag.py:588} INFO - Filling up the DagBag from /home/airflow/.local/lib/python3.12/site-packages/airflow/example_dags/example_sla_dag.py
[2025-11-14T21:18:37.680+0000] {processor.py:925} INFO - DAG(s) 'example_sla_dag' retrieved from /home/airflow/.local/lib/python3.12/site-packages/airflow/example_dags/example_sla_dag.py
[2025-11-14T21:18:37.747+0000] {logging_mixin.py:190} INFO - [2025-11-14T21:18:37.746+0000] {dag.py:3239} INFO - Sync 1 DAGs
[2025-11-14T21:18:37.813+0000] {logging_mixin.py:190} INFO - [2025-11-14T21:18:37.812+0000] {dag.py:4180} INFO - Setting next_dagrun for example_sla_dag to 2025-11-14 21:16:00+00:00, run_after=2025-11-14 21:18:00+00:00
[2025-11-14T21:18:37.922+0000] {processor.py:208} INFO - Processing /home/airflow/.local/lib/python3.12/site-packages/airflow/example_dags/example_sla_dag.py took 0.322 seconds
[2025-11-14T21:19:08.516+0000] {processor.py:186} INFO - Started process (PID=485) to work on /home/airflow/.local/lib/python3.12/site-packages/airflow/example_dags/example_sla_dag.py
[2025-11-14T21:19:08.518+0000] {processor.py:914} INFO - Processing file /home/airflow/.local/lib/python3.12/site-packages/airflow/example_dags/example_sla_dag.py for tasks to queue
[2025-11-14T21:19:08.522+0000] {logging_mixin.py:190} INFO - [2025-11-14T21:19:08.522+0000] {dagbag.py:588} INFO - Filling up the DagBag from /home/airflow/.local/lib/python3.12/site-packages/airflow/example_dags/example_sla_dag.py
[2025-11-14T21:19:08.542+0000] {processor.py:925} INFO - DAG(s) 'example_sla_dag' retrieved from /home/airflow/.local/lib/python3.12/site-packages/airflow/example_dags/example_sla_dag.py
[2025-11-14T21:19:08.586+0000] {logging_mixin.py:190} INFO - [2025-11-14T21:19:08.586+0000] {dag.py:3239} INFO - Sync 1 DAGs
[2025-11-14T21:19:08.643+0000] {logging_mixin.py:190} INFO - [2025-11-14T21:19:08.643+0000] {dag.py:4180} INFO - Setting next_dagrun for example_sla_dag to 2025-11-14 21:16:00+00:00, run_after=2025-11-14 21:18:00+00:00
[2025-11-14T21:19:08.674+0000] {processor.py:208} INFO - Processing /home/airflow/.local/lib/python3.12/site-packages/airflow/example_dags/example_sla_dag.py took 0.169 seconds
[2025-11-14T21:19:38.884+0000] {processor.py:186} INFO - Started process (PID=550) to work on /home/airflow/.local/lib/python3.12/site-packages/airflow/example_dags/example_sla_dag.py
[2025-11-14T21:19:38.890+0000] {processor.py:914} INFO - Processing file /home/airflow/.local/lib/python3.12/site-packages/airflow/example_dags/example_sla_dag.py for tasks to queue
[2025-11-14T21:19:38.898+0000] {logging_mixin.py:190} INFO - [2025-11-14T21:19:38.897+0000] {dagbag.py:588} INFO - Filling up the DagBag from /home/airflow/.local/lib/python3.12/site-packages/airflow/example_dags/example_sla_dag.py
[2025-11-14T21:19:38.939+0000] {processor.py:925} INFO - DAG(s) 'example_sla_dag' retrieved from /home/airflow/.local/lib/python3.12/site-packages/airflow/example_dags/example_sla_dag.py
[2025-11-14T21:19:39.000+0000] {logging_mixin.py:190} INFO - [2025-11-14T21:19:38.999+0000] {dag.py:3239} INFO - Sync 1 DAGs
[2025-11-14T21:19:39.080+0000] {logging_mixin.py:190} INFO - [2025-11-14T21:19:39.079+0000] {dag.py:4180} INFO - Setting next_dagrun for example_sla_dag to 2025-11-14 21:16:00+00:00, run_after=2025-11-14 21:18:00+00:00
[2025-11-14T21:19:39.131+0000] {processor.py:208} INFO - Processing /home/airflow/.local/lib/python3.12/site-packages/airflow/example_dags/example_sla_dag.py took 0.266 seconds
[2025-11-14T21:20:16.998+0000] {processor.py:186} INFO - Started process (PID=624) to work on /home/airflow/.local/lib/python3.12/site-packages/airflow/example_dags/example_sla_dag.py
[2025-11-14T21:20:17.088+0000] {processor.py:914} INFO - Processing file /home/airflow/.local/lib/python3.12/site-packages/airflow/example_dags/example_sla_dag.py for tasks to queue
[2025-11-14T21:20:17.205+0000] {logging_mixin.py:190} INFO - [2025-11-14T21:20:17.201+0000] {dagbag.py:588} INFO - Filling up the DagBag from /home/airflow/.local/lib/python3.12/site-packages/airflow/example_dags/example_sla_dag.py
[2025-11-14T21:20:17.491+0000] {processor.py:925} INFO - DAG(s) 'example_sla_dag' retrieved from /home/airflow/.local/lib/python3.12/site-packages/airflow/example_dags/example_sla_dag.py
[2025-11-14T21:20:17.900+0000] {logging_mixin.py:190} INFO - [2025-11-14T21:20:17.899+0000] {dag.py:3239} INFO - Sync 1 DAGs
[2025-11-14T21:20:18.446+0000] {logging_mixin.py:190} INFO - [2025-11-14T21:20:18.445+0000] {dag.py:4180} INFO - Setting next_dagrun for example_sla_dag to 2025-11-14 21:18:00+00:00, run_after=2025-11-14 21:20:00+00:00
[2025-11-14T21:20:19.632+0000] {processor.py:208} INFO - Processing /home/airflow/.local/lib/python3.12/site-packages/airflow/example_dags/example_sla_dag.py took 3.168 seconds
[2025-11-14T21:21:11.835+0000] {processor.py:186} INFO - Started process (PID=670) to work on /home/airflow/.local/lib/python3.12/site-packages/airflow/example_dags/example_sla_dag.py
[2025-11-14T21:21:11.844+0000] {processor.py:914} INFO - Processing file /home/airflow/.local/lib/python3.12/site-packages/airflow/example_dags/example_sla_dag.py for tasks to queue
[2025-11-14T21:21:11.864+0000] {logging_mixin.py:190} INFO - [2025-11-14T21:21:11.860+0000] {dagbag.py:588} INFO - Filling up the DagBag from /home/airflow/.local/lib/python3.12/site-packages/airflow/example_dags/example_sla_dag.py
[2025-11-14T21:21:11.947+0000] {processor.py:925} INFO - DAG(s) 'example_sla_dag' retrieved from /home/airflow/.local/lib/python3.12/site-packages/airflow/example_dags/example_sla_dag.py
[2025-11-14T21:21:12.100+0000] {logging_mixin.py:190} INFO - [2025-11-14T21:21:12.098+0000] {dag.py:3239} INFO - Sync 1 DAGs
[2025-11-14T21:21:12.345+0000] {logging_mixin.py:190} INFO - [2025-11-14T21:21:12.344+0000] {dag.py:4180} INFO - Setting next_dagrun for example_sla_dag to 2025-11-14 21:18:00+00:00, run_after=2025-11-14 21:20:00+00:00
[2025-11-14T21:21:12.527+0000] {processor.py:208} INFO - Processing /home/airflow/.local/lib/python3.12/site-packages/airflow/example_dags/example_sla_dag.py took 0.756 seconds
[2025-11-14T21:21:47.604+0000] {processor.py:186} INFO - Started process (PID=732) to work on /home/airflow/.local/lib/python3.12/site-packages/airflow/example_dags/example_sla_dag.py
[2025-11-14T21:21:47.614+0000] {processor.py:914} INFO - Processing file /home/airflow/.local/lib/python3.12/site-packages/airflow/example_dags/example_sla_dag.py for tasks to queue
[2025-11-14T21:21:47.667+0000] {logging_mixin.py:190} INFO - [2025-11-14T21:21:47.664+0000] {dagbag.py:588} INFO - Filling up the DagBag from /home/airflow/.local/lib/python3.12/site-packages/airflow/example_dags/example_sla_dag.py
[2025-11-14T21:21:47.909+0000] {processor.py:925} INFO - DAG(s) 'example_sla_dag' retrieved from /home/airflow/.local/lib/python3.12/site-packages/airflow/example_dags/example_sla_dag.py
[2025-11-14T21:21:48.111+0000] {logging_mixin.py:190} INFO - [2025-11-14T21:21:48.110+0000] {dag.py:3239} INFO - Sync 1 DAGs
[2025-11-14T21:21:48.497+0000] {logging_mixin.py:190} INFO - [2025-11-14T21:21:48.496+0000] {dag.py:4180} INFO - Setting next_dagrun for example_sla_dag to 2025-11-14 21:18:00+00:00, run_after=2025-11-14 21:20:00+00:00
[2025-11-14T21:21:48.689+0000] {processor.py:208} INFO - Processing /home/airflow/.local/lib/python3.12/site-packages/airflow/example_dags/example_sla_dag.py took 1.208 seconds
[2025-11-14T21:22:19.042+0000] {processor.py:186} INFO - Started process (PID=796) to work on /home/airflow/.local/lib/python3.12/site-packages/airflow/example_dags/example_sla_dag.py
[2025-11-14T21:22:19.049+0000] {processor.py:914} INFO - Processing file /home/airflow/.local/lib/python3.12/site-packages/airflow/example_dags/example_sla_dag.py for tasks to queue
[2025-11-14T21:22:19.064+0000] {logging_mixin.py:190} INFO - [2025-11-14T21:22:19.062+0000] {dagbag.py:588} INFO - Filling up the DagBag from /home/airflow/.local/lib/python3.12/site-packages/airflow/example_dags/example_sla_dag.py
[2025-11-14T21:22:19.146+0000] {processor.py:925} INFO - DAG(s) 'example_sla_dag' retrieved from /home/airflow/.local/lib/python3.12/site-packages/airflow/example_dags/example_sla_dag.py
[2025-11-14T21:22:19.275+0000] {logging_mixin.py:190} INFO - [2025-11-14T21:22:19.274+0000] {dag.py:3239} INFO - Sync 1 DAGs
[2025-11-14T21:22:19.426+0000] {logging_mixin.py:190} INFO - [2025-11-14T21:22:19.425+0000] {dag.py:4180} INFO - Setting next_dagrun for example_sla_dag to 2025-11-14 21:20:00+00:00, run_after=2025-11-14 21:22:00+00:00
[2025-11-14T21:22:19.527+0000] {processor.py:208} INFO - Processing /home/airflow/.local/lib/python3.12/site-packages/airflow/example_dags/example_sla_dag.py took 0.517 seconds
[2025-11-14T21:22:50.001+0000] {processor.py:186} INFO - Started process (PID=861) to work on /home/airflow/.local/lib/python3.12/site-packages/airflow/example_dags/example_sla_dag.py
[2025-11-14T21:22:50.007+0000] {processor.py:914} INFO - Processing file /home/airflow/.local/lib/python3.12/site-packages/airflow/example_dags/example_sla_dag.py for tasks to queue
[2025-11-14T21:22:50.028+0000] {logging_mixin.py:190} INFO - [2025-11-14T21:22:50.026+0000] {dagbag.py:588} INFO - Filling up the DagBag from /home/airflow/.local/lib/python3.12/site-packages/airflow/example_dags/example_sla_dag.py
[2025-11-14T21:22:50.086+0000] {processor.py:925} INFO - DAG(s) 'example_sla_dag' retrieved from /home/airflow/.local/lib/python3.12/site-packages/airflow/example_dags/example_sla_dag.py
[2025-11-14T21:22:50.185+0000] {logging_mixin.py:190} INFO - [2025-11-14T21:22:50.184+0000] {dag.py:3239} INFO - Sync 1 DAGs
[2025-11-14T21:22:50.362+0000] {logging_mixin.py:190} INFO - [2025-11-14T21:22:50.361+0000] {dag.py:4180} INFO - Setting next_dagrun for example_sla_dag to 2025-11-14 21:20:00+00:00, run_after=2025-11-14 21:22:00+00:00
[2025-11-14T21:22:50.453+0000] {processor.py:208} INFO - Processing /home/airflow/.local/lib/python3.12/site-packages/airflow/example_dags/example_sla_dag.py took 0.487 seconds
[2025-11-14T21:23:20.565+0000] {processor.py:186} INFO - Started process (PID=925) to work on /home/airflow/.local/lib/python3.12/site-packages/airflow/example_dags/example_sla_dag.py
[2025-11-14T21:23:20.570+0000] {processor.py:914} INFO - Processing file /home/airflow/.local/lib/python3.12/site-packages/airflow/example_dags/example_sla_dag.py for tasks to queue
[2025-11-14T21:23:20.580+0000] {logging_mixin.py:190} INFO - [2025-11-14T21:23:20.579+0000] {dagbag.py:588} INFO - Filling up the DagBag from /home/airflow/.local/lib/python3.12/site-packages/airflow/example_dags/example_sla_dag.py
[2025-11-14T21:23:20.627+0000] {processor.py:925} INFO - DAG(s) 'example_sla_dag' retrieved from /home/airflow/.local/lib/python3.12/site-packages/airflow/example_dags/example_sla_dag.py
[2025-11-14T21:23:20.714+0000] {logging_mixin.py:190} INFO - [2025-11-14T21:23:20.714+0000] {dag.py:3239} INFO - Sync 1 DAGs
[2025-11-14T21:23:20.814+0000] {logging_mixin.py:190} INFO - [2025-11-14T21:23:20.813+0000] {dag.py:4180} INFO - Setting next_dagrun for example_sla_dag to 2025-11-14 21:20:00+00:00, run_after=2025-11-14 21:22:00+00:00
[2025-11-14T21:23:20.882+0000] {processor.py:208} INFO - Processing /home/airflow/.local/lib/python3.12/site-packages/airflow/example_dags/example_sla_dag.py took 0.336 seconds
[2025-11-14T21:23:51.325+0000] {processor.py:186} INFO - Started process (PID=989) to work on /home/airflow/.local/lib/python3.12/site-packages/airflow/example_dags/example_sla_dag.py
[2025-11-14T21:23:51.330+0000] {processor.py:914} INFO - Processing file /home/airflow/.local/lib/python3.12/site-packages/airflow/example_dags/example_sla_dag.py for tasks to queue
[2025-11-14T21:23:51.340+0000] {logging_mixin.py:190} INFO - [2025-11-14T21:23:51.339+0000] {dagbag.py:588} INFO - Filling up the DagBag from /home/airflow/.local/lib/python3.12/site-packages/airflow/example_dags/example_sla_dag.py
[2025-11-14T21:23:51.380+0000] {processor.py:925} INFO - DAG(s) 'example_sla_dag' retrieved from /home/airflow/.local/lib/python3.12/site-packages/airflow/example_dags/example_sla_dag.py
[2025-11-14T21:23:51.455+0000] {logging_mixin.py:190} INFO - [2025-11-14T21:23:51.455+0000] {dag.py:3239} INFO - Sync 1 DAGs
[2025-11-14T21:23:51.582+0000] {logging_mixin.py:190} INFO - [2025-11-14T21:23:51.581+0000] {dag.py:4180} INFO - Setting next_dagrun for example_sla_dag to 2025-11-14 21:20:00+00:00, run_after=2025-11-14 21:22:00+00:00
[2025-11-14T21:23:51.658+0000] {processor.py:208} INFO - Processing /home/airflow/.local/lib/python3.12/site-packages/airflow/example_dags/example_sla_dag.py took 0.362 seconds
[2025-11-14T21:24:22.658+0000] {processor.py:186} INFO - Started process (PID=1052) to work on /home/airflow/.local/lib/python3.12/site-packages/airflow/example_dags/example_sla_dag.py
[2025-11-14T21:24:22.662+0000] {processor.py:914} INFO - Processing file /home/airflow/.local/lib/python3.12/site-packages/airflow/example_dags/example_sla_dag.py for tasks to queue
[2025-11-14T21:24:22.672+0000] {logging_mixin.py:190} INFO - [2025-11-14T21:24:22.671+0000] {dagbag.py:588} INFO - Filling up the DagBag from /home/airflow/.local/lib/python3.12/site-packages/airflow/example_dags/example_sla_dag.py
[2025-11-14T21:24:22.728+0000] {processor.py:925} INFO - DAG(s) 'example_sla_dag' retrieved from /home/airflow/.local/lib/python3.12/site-packages/airflow/example_dags/example_sla_dag.py
[2025-11-14T21:24:22.833+0000] {logging_mixin.py:190} INFO - [2025-11-14T21:24:22.832+0000] {dag.py:3239} INFO - Sync 1 DAGs
[2025-11-14T21:24:23.023+0000] {logging_mixin.py:190} INFO - [2025-11-14T21:24:23.022+0000] {dag.py:4180} INFO - Setting next_dagrun for example_sla_dag to 2025-11-14 21:22:00+00:00, run_after=2025-11-14 21:24:00+00:00
[2025-11-14T21:24:23.136+0000] {processor.py:208} INFO - Processing /home/airflow/.local/lib/python3.12/site-packages/airflow/example_dags/example_sla_dag.py took 0.506 seconds
[2025-11-14T21:24:54.723+0000] {processor.py:186} INFO - Started process (PID=1113) to work on /home/airflow/.local/lib/python3.12/site-packages/airflow/example_dags/example_sla_dag.py
[2025-11-14T21:24:54.728+0000] {processor.py:914} INFO - Processing file /home/airflow/.local/lib/python3.12/site-packages/airflow/example_dags/example_sla_dag.py for tasks to queue
[2025-11-14T21:24:54.737+0000] {logging_mixin.py:190} INFO - [2025-11-14T21:24:54.736+0000] {dagbag.py:588} INFO - Filling up the DagBag from /home/airflow/.local/lib/python3.12/site-packages/airflow/example_dags/example_sla_dag.py
[2025-11-14T21:24:54.770+0000] {processor.py:925} INFO - DAG(s) 'example_sla_dag' retrieved from /home/airflow/.local/lib/python3.12/site-packages/airflow/example_dags/example_sla_dag.py
[2025-11-14T21:24:54.832+0000] {logging_mixin.py:190} INFO - [2025-11-14T21:24:54.831+0000] {dag.py:3239} INFO - Sync 1 DAGs
[2025-11-14T21:24:54.930+0000] {logging_mixin.py:190} INFO - [2025-11-14T21:24:54.929+0000] {dag.py:4180} INFO - Setting next_dagrun for example_sla_dag to 2025-11-14 21:22:00+00:00, run_after=2025-11-14 21:24:00+00:00
[2025-11-14T21:24:55.002+0000] {processor.py:208} INFO - Processing /home/airflow/.local/lib/python3.12/site-packages/airflow/example_dags/example_sla_dag.py took 0.299 seconds
[2025-11-14T21:25:25.602+0000] {processor.py:186} INFO - Started process (PID=1177) to work on /home/airflow/.local/lib/python3.12/site-packages/airflow/example_dags/example_sla_dag.py
[2025-11-14T21:25:25.606+0000] {processor.py:914} INFO - Processing file /home/airflow/.local/lib/python3.12/site-packages/airflow/example_dags/example_sla_dag.py for tasks to queue
[2025-11-14T21:25:25.621+0000] {logging_mixin.py:190} INFO - [2025-11-14T21:25:25.618+0000] {dagbag.py:588} INFO - Filling up the DagBag from /home/airflow/.local/lib/python3.12/site-packages/airflow/example_dags/example_sla_dag.py
[2025-11-14T21:25:25.652+0000] {processor.py:925} INFO - DAG(s) 'example_sla_dag' retrieved from /home/airflow/.local/lib/python3.12/site-packages/airflow/example_dags/example_sla_dag.py
[2025-11-14T21:25:25.692+0000] {logging_mixin.py:190} INFO - [2025-11-14T21:25:25.691+0000] {dag.py:3239} INFO - Sync 1 DAGs
[2025-11-14T21:25:25.754+0000] {logging_mixin.py:190} INFO - [2025-11-14T21:25:25.754+0000] {dag.py:4180} INFO - Setting next_dagrun for example_sla_dag to 2025-11-14 21:22:00+00:00, run_after=2025-11-14 21:24:00+00:00
[2025-11-14T21:25:25.794+0000] {processor.py:208} INFO - Processing /home/airflow/.local/lib/python3.12/site-packages/airflow/example_dags/example_sla_dag.py took 0.213 seconds
[2025-11-14T21:25:55.872+0000] {processor.py:186} INFO - Started process (PID=1240) to work on /home/airflow/.local/lib/python3.12/site-packages/airflow/example_dags/example_sla_dag.py
[2025-11-14T21:25:55.875+0000] {processor.py:914} INFO - Processing file /home/airflow/.local/lib/python3.12/site-packages/airflow/example_dags/example_sla_dag.py for tasks to queue
[2025-11-14T21:25:55.881+0000] {logging_mixin.py:190} INFO - [2025-11-14T21:25:55.880+0000] {dagbag.py:588} INFO - Filling up the DagBag from /home/airflow/.local/lib/python3.12/site-packages/airflow/example_dags/example_sla_dag.py
[2025-11-14T21:25:55.906+0000] {processor.py:925} INFO - DAG(s) 'example_sla_dag' retrieved from /home/airflow/.local/lib/python3.12/site-packages/airflow/example_dags/example_sla_dag.py
[2025-11-14T21:25:55.951+0000] {logging_mixin.py:190} INFO - [2025-11-14T21:25:55.951+0000] {dag.py:3239} INFO - Sync 1 DAGs
[2025-11-14T21:25:56.010+0000] {logging_mixin.py:190} INFO - [2025-11-14T21:25:56.009+0000] {dag.py:4180} INFO - Setting next_dagrun for example_sla_dag to 2025-11-14 21:22:00+00:00, run_after=2025-11-14 21:24:00+00:00
[2025-11-14T21:25:56.050+0000] {processor.py:208} INFO - Processing /home/airflow/.local/lib/python3.12/site-packages/airflow/example_dags/example_sla_dag.py took 0.196 seconds
[2025-11-14T21:26:26.140+0000] {processor.py:186} INFO - Started process (PID=1301) to work on /home/airflow/.local/lib/python3.12/site-packages/airflow/example_dags/example_sla_dag.py
[2025-11-14T21:26:26.143+0000] {processor.py:914} INFO - Processing file /home/airflow/.local/lib/python3.12/site-packages/airflow/example_dags/example_sla_dag.py for tasks to queue
[2025-11-14T21:26:26.149+0000] {logging_mixin.py:190} INFO - [2025-11-14T21:26:26.149+0000] {dagbag.py:588} INFO - Filling up the DagBag from /home/airflow/.local/lib/python3.12/site-packages/airflow/example_dags/example_sla_dag.py
[2025-11-14T21:26:26.169+0000] {processor.py:925} INFO - DAG(s) 'example_sla_dag' retrieved from /home/airflow/.local/lib/python3.12/site-packages/airflow/example_dags/example_sla_dag.py
[2025-11-14T21:26:26.205+0000] {logging_mixin.py:190} INFO - [2025-11-14T21:26:26.204+0000] {dag.py:3239} INFO - Sync 1 DAGs
[2025-11-14T21:26:26.254+0000] {logging_mixin.py:190} INFO - [2025-11-14T21:26:26.254+0000] {dag.py:4180} INFO - Setting next_dagrun for example_sla_dag to 2025-11-14 21:24:00+00:00, run_after=2025-11-14 21:26:00+00:00
[2025-11-14T21:26:26.287+0000] {processor.py:208} INFO - Processing /home/airflow/.local/lib/python3.12/site-packages/airflow/example_dags/example_sla_dag.py took 0.158 seconds
[2025-11-14T21:26:56.407+0000] {processor.py:186} INFO - Started process (PID=1362) to work on /home/airflow/.local/lib/python3.12/site-packages/airflow/example_dags/example_sla_dag.py
[2025-11-14T21:26:56.410+0000] {processor.py:914} INFO - Processing file /home/airflow/.local/lib/python3.12/site-packages/airflow/example_dags/example_sla_dag.py for tasks to queue
[2025-11-14T21:26:56.415+0000] {logging_mixin.py:190} INFO - [2025-11-14T21:26:56.414+0000] {dagbag.py:588} INFO - Filling up the DagBag from /home/airflow/.local/lib/python3.12/site-packages/airflow/example_dags/example_sla_dag.py
[2025-11-14T21:26:56.436+0000] {processor.py:925} INFO - DAG(s) 'example_sla_dag' retrieved from /home/airflow/.local/lib/python3.12/site-packages/airflow/example_dags/example_sla_dag.py
[2025-11-14T21:26:56.478+0000] {logging_mixin.py:190} INFO - [2025-11-14T21:26:56.478+0000] {dag.py:3239} INFO - Sync 1 DAGs
[2025-11-14T21:26:56.539+0000] {logging_mixin.py:190} INFO - [2025-11-14T21:26:56.539+0000] {dag.py:4180} INFO - Setting next_dagrun for example_sla_dag to 2025-11-14 21:24:00+00:00, run_after=2025-11-14 21:26:00+00:00
[2025-11-14T21:26:56.583+0000] {processor.py:208} INFO - Processing /home/airflow/.local/lib/python3.12/site-packages/airflow/example_dags/example_sla_dag.py took 0.189 seconds
[2025-11-14T21:27:26.924+0000] {processor.py:186} INFO - Started process (PID=1425) to work on /home/airflow/.local/lib/python3.12/site-packages/airflow/example_dags/example_sla_dag.py
[2025-11-14T21:27:26.927+0000] {processor.py:914} INFO - Processing file /home/airflow/.local/lib/python3.12/site-packages/airflow/example_dags/example_sla_dag.py for tasks to queue
[2025-11-14T21:27:26.932+0000] {logging_mixin.py:190} INFO - [2025-11-14T21:27:26.931+0000] {dagbag.py:588} INFO - Filling up the DagBag from /home/airflow/.local/lib/python3.12/site-packages/airflow/example_dags/example_sla_dag.py
[2025-11-14T21:27:26.955+0000] {processor.py:925} INFO - DAG(s) 'example_sla_dag' retrieved from /home/airflow/.local/lib/python3.12/site-packages/airflow/example_dags/example_sla_dag.py
[2025-11-14T21:27:26.992+0000] {logging_mixin.py:190} INFO - [2025-11-14T21:27:26.991+0000] {dag.py:3239} INFO - Sync 1 DAGs
[2025-11-14T21:27:27.042+0000] {logging_mixin.py:190} INFO - [2025-11-14T21:27:27.041+0000] {dag.py:4180} INFO - Setting next_dagrun for example_sla_dag to 2025-11-14 21:24:00+00:00, run_after=2025-11-14 21:26:00+00:00
[2025-11-14T21:27:27.076+0000] {processor.py:208} INFO - Processing /home/airflow/.local/lib/python3.12/site-packages/airflow/example_dags/example_sla_dag.py took 0.164 seconds
[2025-11-14T21:27:57.175+0000] {processor.py:186} INFO - Started process (PID=1488) to work on /home/airflow/.local/lib/python3.12/site-packages/airflow/example_dags/example_sla_dag.py
[2025-11-14T21:27:57.183+0000] {processor.py:914} INFO - Processing file /home/airflow/.local/lib/python3.12/site-packages/airflow/example_dags/example_sla_dag.py for tasks to queue
[2025-11-14T21:27:57.192+0000] {logging_mixin.py:190} INFO - [2025-11-14T21:27:57.191+0000] {dagbag.py:588} INFO - Filling up the DagBag from /home/airflow/.local/lib/python3.12/site-packages/airflow/example_dags/example_sla_dag.py
[2025-11-14T21:27:57.241+0000] {processor.py:925} INFO - DAG(s) 'example_sla_dag' retrieved from /home/airflow/.local/lib/python3.12/site-packages/airflow/example_dags/example_sla_dag.py
[2025-11-14T21:27:57.323+0000] {logging_mixin.py:190} INFO - [2025-11-14T21:27:57.323+0000] {dag.py:3239} INFO - Sync 1 DAGs
[2025-11-14T21:27:57.411+0000] {logging_mixin.py:190} INFO - [2025-11-14T21:27:57.411+0000] {dag.py:4180} INFO - Setting next_dagrun for example_sla_dag to 2025-11-14 21:24:00+00:00, run_after=2025-11-14 21:26:00+00:00
[2025-11-14T21:27:57.494+0000] {processor.py:208} INFO - Processing /home/airflow/.local/lib/python3.12/site-packages/airflow/example_dags/example_sla_dag.py took 0.335 seconds
