[2025-11-14T21:15:33.542+0000] {processor.py:186} INFO - Started process (PID=41) to work on /home/airflow/.local/lib/python3.12/site-packages/airflow/example_dags/example_complex.py
[2025-11-14T21:15:33.596+0000] {processor.py:914} INFO - Processing file /home/airflow/.local/lib/python3.12/site-packages/airflow/example_dags/example_complex.py for tasks to queue
[2025-11-14T21:15:33.751+0000] {logging_mixin.py:190} INFO - [2025-11-14T21:15:33.746+0000] {dagbag.py:588} INFO - Filling up the DagBag from /home/airflow/.local/lib/python3.12/site-packages/airflow/example_dags/example_complex.py
[2025-11-14T21:15:33.968+0000] {processor.py:925} INFO - DAG(s) 'example_complex' retrieved from /home/airflow/.local/lib/python3.12/site-packages/airflow/example_dags/example_complex.py
[2025-11-14T21:15:35.245+0000] {logging_mixin.py:190} INFO - [2025-11-14T21:15:35.243+0000] {override.py:1900} INFO - Created Permission View: can edit on DAG:example_complex
[2025-11-14T21:15:35.271+0000] {logging_mixin.py:190} INFO - [2025-11-14T21:15:35.271+0000] {override.py:1900} INFO - Created Permission View: can delete on DAG:example_complex
[2025-11-14T21:15:35.289+0000] {logging_mixin.py:190} INFO - [2025-11-14T21:15:35.288+0000] {override.py:1900} INFO - Created Permission View: can read on DAG:example_complex
[2025-11-14T21:15:35.311+0000] {logging_mixin.py:190} INFO - [2025-11-14T21:15:35.311+0000] {override.py:1900} INFO - Created Permission View: menu access on DAG Run:example_complex
[2025-11-14T21:15:35.332+0000] {logging_mixin.py:190} INFO - [2025-11-14T21:15:35.331+0000] {override.py:1900} INFO - Created Permission View: can create on DAG Run:example_complex
[2025-11-14T21:15:35.354+0000] {logging_mixin.py:190} INFO - [2025-11-14T21:15:35.353+0000] {override.py:1900} INFO - Created Permission View: can delete on DAG Run:example_complex
[2025-11-14T21:15:35.376+0000] {logging_mixin.py:190} INFO - [2025-11-14T21:15:35.376+0000] {override.py:1900} INFO - Created Permission View: can read on DAG Run:example_complex
[2025-11-14T21:15:35.381+0000] {logging_mixin.py:190} INFO - [2025-11-14T21:15:35.379+0000] {dag.py:3239} INFO - Sync 1 DAGs
[2025-11-14T21:15:35.440+0000] {logging_mixin.py:190} INFO - [2025-11-14T21:15:35.439+0000] {dag.py:3262} INFO - Creating ORM DAG for example_complex
[2025-11-14T21:15:35.446+0000] {logging_mixin.py:190} INFO - [2025-11-14T21:15:35.445+0000] {dag.py:4180} INFO - Setting next_dagrun for example_complex to None, run_after=None
[2025-11-14T21:15:35.511+0000] {processor.py:208} INFO - Processing /home/airflow/.local/lib/python3.12/site-packages/airflow/example_dags/example_complex.py took 2.004 seconds
[2025-11-14T21:16:05.859+0000] {processor.py:186} INFO - Started process (PID=105) to work on /home/airflow/.local/lib/python3.12/site-packages/airflow/example_dags/example_complex.py
[2025-11-14T21:16:05.864+0000] {processor.py:914} INFO - Processing file /home/airflow/.local/lib/python3.12/site-packages/airflow/example_dags/example_complex.py for tasks to queue
[2025-11-14T21:16:05.882+0000] {logging_mixin.py:190} INFO - [2025-11-14T21:16:05.880+0000] {dagbag.py:588} INFO - Filling up the DagBag from /home/airflow/.local/lib/python3.12/site-packages/airflow/example_dags/example_complex.py
[2025-11-14T21:16:05.939+0000] {processor.py:925} INFO - DAG(s) 'example_complex' retrieved from /home/airflow/.local/lib/python3.12/site-packages/airflow/example_dags/example_complex.py
[2025-11-14T21:16:06.042+0000] {logging_mixin.py:190} INFO - [2025-11-14T21:16:06.042+0000] {dag.py:3239} INFO - Sync 1 DAGs
[2025-11-14T21:16:06.083+0000] {logging_mixin.py:190} INFO - [2025-11-14T21:16:06.083+0000] {dag.py:4180} INFO - Setting next_dagrun for example_complex to None, run_after=None
[2025-11-14T21:16:06.130+0000] {processor.py:208} INFO - Processing /home/airflow/.local/lib/python3.12/site-packages/airflow/example_dags/example_complex.py took 0.306 seconds
[2025-11-14T21:16:36.393+0000] {processor.py:186} INFO - Started process (PID=168) to work on /home/airflow/.local/lib/python3.12/site-packages/airflow/example_dags/example_complex.py
[2025-11-14T21:16:36.395+0000] {processor.py:914} INFO - Processing file /home/airflow/.local/lib/python3.12/site-packages/airflow/example_dags/example_complex.py for tasks to queue
[2025-11-14T21:16:36.398+0000] {logging_mixin.py:190} INFO - [2025-11-14T21:16:36.397+0000] {dagbag.py:588} INFO - Filling up the DagBag from /home/airflow/.local/lib/python3.12/site-packages/airflow/example_dags/example_complex.py
[2025-11-14T21:16:36.414+0000] {processor.py:925} INFO - DAG(s) 'example_complex' retrieved from /home/airflow/.local/lib/python3.12/site-packages/airflow/example_dags/example_complex.py
[2025-11-14T21:16:36.457+0000] {logging_mixin.py:190} INFO - [2025-11-14T21:16:36.456+0000] {dag.py:3239} INFO - Sync 1 DAGs
[2025-11-14T21:16:36.479+0000] {logging_mixin.py:190} INFO - [2025-11-14T21:16:36.478+0000] {dag.py:4180} INFO - Setting next_dagrun for example_complex to None, run_after=None
[2025-11-14T21:16:36.502+0000] {processor.py:208} INFO - Processing /home/airflow/.local/lib/python3.12/site-packages/airflow/example_dags/example_complex.py took 0.117 seconds
[2025-11-14T21:17:06.566+0000] {processor.py:186} INFO - Started process (PID=231) to work on /home/airflow/.local/lib/python3.12/site-packages/airflow/example_dags/example_complex.py
[2025-11-14T21:17:06.568+0000] {processor.py:914} INFO - Processing file /home/airflow/.local/lib/python3.12/site-packages/airflow/example_dags/example_complex.py for tasks to queue
[2025-11-14T21:17:06.571+0000] {logging_mixin.py:190} INFO - [2025-11-14T21:17:06.570+0000] {dagbag.py:588} INFO - Filling up the DagBag from /home/airflow/.local/lib/python3.12/site-packages/airflow/example_dags/example_complex.py
[2025-11-14T21:17:06.586+0000] {processor.py:925} INFO - DAG(s) 'example_complex' retrieved from /home/airflow/.local/lib/python3.12/site-packages/airflow/example_dags/example_complex.py
[2025-11-14T21:17:06.621+0000] {logging_mixin.py:190} INFO - [2025-11-14T21:17:06.621+0000] {dag.py:3239} INFO - Sync 1 DAGs
[2025-11-14T21:17:06.637+0000] {logging_mixin.py:190} INFO - [2025-11-14T21:17:06.636+0000] {dag.py:4180} INFO - Setting next_dagrun for example_complex to None, run_after=None
[2025-11-14T21:17:06.655+0000] {processor.py:208} INFO - Processing /home/airflow/.local/lib/python3.12/site-packages/airflow/example_dags/example_complex.py took 0.097 seconds
[2025-11-14T21:17:37.030+0000] {processor.py:186} INFO - Started process (PID=294) to work on /home/airflow/.local/lib/python3.12/site-packages/airflow/example_dags/example_complex.py
[2025-11-14T21:17:37.032+0000] {processor.py:914} INFO - Processing file /home/airflow/.local/lib/python3.12/site-packages/airflow/example_dags/example_complex.py for tasks to queue
[2025-11-14T21:17:37.035+0000] {logging_mixin.py:190} INFO - [2025-11-14T21:17:37.034+0000] {dagbag.py:588} INFO - Filling up the DagBag from /home/airflow/.local/lib/python3.12/site-packages/airflow/example_dags/example_complex.py
[2025-11-14T21:17:37.051+0000] {processor.py:925} INFO - DAG(s) 'example_complex' retrieved from /home/airflow/.local/lib/python3.12/site-packages/airflow/example_dags/example_complex.py
[2025-11-14T21:17:37.086+0000] {logging_mixin.py:190} INFO - [2025-11-14T21:17:37.086+0000] {dag.py:3239} INFO - Sync 1 DAGs
[2025-11-14T21:17:37.107+0000] {logging_mixin.py:190} INFO - [2025-11-14T21:17:37.106+0000] {dag.py:4180} INFO - Setting next_dagrun for example_complex to None, run_after=None
[2025-11-14T21:17:37.125+0000] {processor.py:208} INFO - Processing /home/airflow/.local/lib/python3.12/site-packages/airflow/example_dags/example_complex.py took 0.104 seconds
[2025-11-14T21:18:08.089+0000] {processor.py:186} INFO - Started process (PID=357) to work on /home/airflow/.local/lib/python3.12/site-packages/airflow/example_dags/example_complex.py
[2025-11-14T21:18:08.091+0000] {processor.py:914} INFO - Processing file /home/airflow/.local/lib/python3.12/site-packages/airflow/example_dags/example_complex.py for tasks to queue
[2025-11-14T21:18:08.095+0000] {logging_mixin.py:190} INFO - [2025-11-14T21:18:08.094+0000] {dagbag.py:588} INFO - Filling up the DagBag from /home/airflow/.local/lib/python3.12/site-packages/airflow/example_dags/example_complex.py
[2025-11-14T21:18:08.110+0000] {processor.py:925} INFO - DAG(s) 'example_complex' retrieved from /home/airflow/.local/lib/python3.12/site-packages/airflow/example_dags/example_complex.py
[2025-11-14T21:18:08.145+0000] {logging_mixin.py:190} INFO - [2025-11-14T21:18:08.144+0000] {dag.py:3239} INFO - Sync 1 DAGs
[2025-11-14T21:18:08.162+0000] {logging_mixin.py:190} INFO - [2025-11-14T21:18:08.162+0000] {dag.py:4180} INFO - Setting next_dagrun for example_complex to None, run_after=None
[2025-11-14T21:18:08.180+0000] {processor.py:208} INFO - Processing /home/airflow/.local/lib/python3.12/site-packages/airflow/example_dags/example_complex.py took 0.099 seconds
[2025-11-14T21:18:38.948+0000] {processor.py:186} INFO - Started process (PID=422) to work on /home/airflow/.local/lib/python3.12/site-packages/airflow/example_dags/example_complex.py
[2025-11-14T21:18:38.951+0000] {processor.py:914} INFO - Processing file /home/airflow/.local/lib/python3.12/site-packages/airflow/example_dags/example_complex.py for tasks to queue
[2025-11-14T21:18:38.956+0000] {logging_mixin.py:190} INFO - [2025-11-14T21:18:38.955+0000] {dagbag.py:588} INFO - Filling up the DagBag from /home/airflow/.local/lib/python3.12/site-packages/airflow/example_dags/example_complex.py
[2025-11-14T21:18:38.978+0000] {processor.py:925} INFO - DAG(s) 'example_complex' retrieved from /home/airflow/.local/lib/python3.12/site-packages/airflow/example_dags/example_complex.py
[2025-11-14T21:18:39.066+0000] {logging_mixin.py:190} INFO - [2025-11-14T21:18:39.065+0000] {dag.py:3239} INFO - Sync 1 DAGs
[2025-11-14T21:18:39.101+0000] {logging_mixin.py:190} INFO - [2025-11-14T21:18:39.100+0000] {dag.py:4180} INFO - Setting next_dagrun for example_complex to None, run_after=None
[2025-11-14T21:18:39.292+0000] {processor.py:208} INFO - Processing /home/airflow/.local/lib/python3.12/site-packages/airflow/example_dags/example_complex.py took 0.356 seconds
[2025-11-14T21:19:09.609+0000] {processor.py:186} INFO - Started process (PID=487) to work on /home/airflow/.local/lib/python3.12/site-packages/airflow/example_dags/example_complex.py
[2025-11-14T21:19:09.615+0000] {processor.py:914} INFO - Processing file /home/airflow/.local/lib/python3.12/site-packages/airflow/example_dags/example_complex.py for tasks to queue
[2025-11-14T21:19:09.631+0000] {logging_mixin.py:190} INFO - [2025-11-14T21:19:09.629+0000] {dagbag.py:588} INFO - Filling up the DagBag from /home/airflow/.local/lib/python3.12/site-packages/airflow/example_dags/example_complex.py
[2025-11-14T21:19:09.684+0000] {processor.py:925} INFO - DAG(s) 'example_complex' retrieved from /home/airflow/.local/lib/python3.12/site-packages/airflow/example_dags/example_complex.py
[2025-11-14T21:19:09.772+0000] {logging_mixin.py:190} INFO - [2025-11-14T21:19:09.771+0000] {dag.py:3239} INFO - Sync 1 DAGs
[2025-11-14T21:19:09.814+0000] {logging_mixin.py:190} INFO - [2025-11-14T21:19:09.813+0000] {dag.py:4180} INFO - Setting next_dagrun for example_complex to None, run_after=None
[2025-11-14T21:19:09.856+0000] {processor.py:208} INFO - Processing /home/airflow/.local/lib/python3.12/site-packages/airflow/example_dags/example_complex.py took 0.285 seconds
[2025-11-14T21:19:40.263+0000] {processor.py:186} INFO - Started process (PID=552) to work on /home/airflow/.local/lib/python3.12/site-packages/airflow/example_dags/example_complex.py
[2025-11-14T21:19:40.269+0000] {processor.py:914} INFO - Processing file /home/airflow/.local/lib/python3.12/site-packages/airflow/example_dags/example_complex.py for tasks to queue
[2025-11-14T21:19:40.289+0000] {logging_mixin.py:190} INFO - [2025-11-14T21:19:40.287+0000] {dagbag.py:588} INFO - Filling up the DagBag from /home/airflow/.local/lib/python3.12/site-packages/airflow/example_dags/example_complex.py
[2025-11-14T21:19:40.483+0000] {processor.py:925} INFO - DAG(s) 'example_complex' retrieved from /home/airflow/.local/lib/python3.12/site-packages/airflow/example_dags/example_complex.py
[2025-11-14T21:19:40.749+0000] {logging_mixin.py:190} INFO - [2025-11-14T21:19:40.746+0000] {dag.py:3239} INFO - Sync 1 DAGs
[2025-11-14T21:19:40.888+0000] {logging_mixin.py:190} INFO - [2025-11-14T21:19:40.887+0000] {dag.py:4180} INFO - Setting next_dagrun for example_complex to None, run_after=None
[2025-11-14T21:19:40.980+0000] {processor.py:208} INFO - Processing /home/airflow/.local/lib/python3.12/site-packages/airflow/example_dags/example_complex.py took 0.750 seconds
[2025-11-14T21:20:20.288+0000] {processor.py:186} INFO - Started process (PID=626) to work on /home/airflow/.local/lib/python3.12/site-packages/airflow/example_dags/example_complex.py
[2025-11-14T21:20:20.296+0000] {processor.py:914} INFO - Processing file /home/airflow/.local/lib/python3.12/site-packages/airflow/example_dags/example_complex.py for tasks to queue
[2025-11-14T21:20:20.319+0000] {logging_mixin.py:190} INFO - [2025-11-14T21:20:20.317+0000] {dagbag.py:588} INFO - Filling up the DagBag from /home/airflow/.local/lib/python3.12/site-packages/airflow/example_dags/example_complex.py
[2025-11-14T21:20:20.842+0000] {processor.py:925} INFO - DAG(s) 'example_complex' retrieved from /home/airflow/.local/lib/python3.12/site-packages/airflow/example_dags/example_complex.py
[2025-11-14T21:20:21.394+0000] {logging_mixin.py:190} INFO - [2025-11-14T21:20:21.392+0000] {dag.py:3239} INFO - Sync 1 DAGs
[2025-11-14T21:20:21.589+0000] {logging_mixin.py:190} INFO - [2025-11-14T21:20:21.588+0000] {dag.py:4180} INFO - Setting next_dagrun for example_complex to None, run_after=None
[2025-11-14T21:20:21.709+0000] {processor.py:208} INFO - Processing /home/airflow/.local/lib/python3.12/site-packages/airflow/example_dags/example_complex.py took 1.524 seconds
[2025-11-14T21:21:13.079+0000] {processor.py:186} INFO - Started process (PID=672) to work on /home/airflow/.local/lib/python3.12/site-packages/airflow/example_dags/example_complex.py
[2025-11-14T21:21:13.091+0000] {processor.py:914} INFO - Processing file /home/airflow/.local/lib/python3.12/site-packages/airflow/example_dags/example_complex.py for tasks to queue
[2025-11-14T21:21:13.113+0000] {logging_mixin.py:190} INFO - [2025-11-14T21:21:13.111+0000] {dagbag.py:588} INFO - Filling up the DagBag from /home/airflow/.local/lib/python3.12/site-packages/airflow/example_dags/example_complex.py
[2025-11-14T21:21:13.273+0000] {processor.py:925} INFO - DAG(s) 'example_complex' retrieved from /home/airflow/.local/lib/python3.12/site-packages/airflow/example_dags/example_complex.py
[2025-11-14T21:21:13.632+0000] {logging_mixin.py:190} INFO - [2025-11-14T21:21:13.630+0000] {dag.py:3239} INFO - Sync 1 DAGs
[2025-11-14T21:21:13.741+0000] {logging_mixin.py:190} INFO - [2025-11-14T21:21:13.739+0000] {dag.py:4180} INFO - Setting next_dagrun for example_complex to None, run_after=None
[2025-11-14T21:21:13.947+0000] {processor.py:208} INFO - Processing /home/airflow/.local/lib/python3.12/site-packages/airflow/example_dags/example_complex.py took 0.961 seconds
[2025-11-14T21:21:49.403+0000] {processor.py:186} INFO - Started process (PID=734) to work on /home/airflow/.local/lib/python3.12/site-packages/airflow/example_dags/example_complex.py
[2025-11-14T21:21:49.412+0000] {processor.py:914} INFO - Processing file /home/airflow/.local/lib/python3.12/site-packages/airflow/example_dags/example_complex.py for tasks to queue
[2025-11-14T21:21:49.436+0000] {logging_mixin.py:190} INFO - [2025-11-14T21:21:49.434+0000] {dagbag.py:588} INFO - Filling up the DagBag from /home/airflow/.local/lib/python3.12/site-packages/airflow/example_dags/example_complex.py
[2025-11-14T21:21:49.559+0000] {processor.py:925} INFO - DAG(s) 'example_complex' retrieved from /home/airflow/.local/lib/python3.12/site-packages/airflow/example_dags/example_complex.py
[2025-11-14T21:21:49.875+0000] {logging_mixin.py:190} INFO - [2025-11-14T21:21:49.872+0000] {dag.py:3239} INFO - Sync 1 DAGs
[2025-11-14T21:21:50.029+0000] {logging_mixin.py:190} INFO - [2025-11-14T21:21:50.028+0000] {dag.py:4180} INFO - Setting next_dagrun for example_complex to None, run_after=None
[2025-11-14T21:21:50.162+0000] {processor.py:208} INFO - Processing /home/airflow/.local/lib/python3.12/site-packages/airflow/example_dags/example_complex.py took 0.832 seconds
[2025-11-14T21:22:20.711+0000] {processor.py:186} INFO - Started process (PID=798) to work on /home/airflow/.local/lib/python3.12/site-packages/airflow/example_dags/example_complex.py
[2025-11-14T21:22:20.724+0000] {processor.py:914} INFO - Processing file /home/airflow/.local/lib/python3.12/site-packages/airflow/example_dags/example_complex.py for tasks to queue
[2025-11-14T21:22:20.749+0000] {logging_mixin.py:190} INFO - [2025-11-14T21:22:20.745+0000] {dagbag.py:588} INFO - Filling up the DagBag from /home/airflow/.local/lib/python3.12/site-packages/airflow/example_dags/example_complex.py
[2025-11-14T21:22:21.021+0000] {processor.py:925} INFO - DAG(s) 'example_complex' retrieved from /home/airflow/.local/lib/python3.12/site-packages/airflow/example_dags/example_complex.py
[2025-11-14T21:22:21.613+0000] {logging_mixin.py:190} INFO - [2025-11-14T21:22:21.611+0000] {dag.py:3239} INFO - Sync 1 DAGs
[2025-11-14T21:22:22.099+0000] {logging_mixin.py:190} INFO - [2025-11-14T21:22:22.098+0000] {dag.py:4180} INFO - Setting next_dagrun for example_complex to None, run_after=None
[2025-11-14T21:22:22.457+0000] {processor.py:208} INFO - Processing /home/airflow/.local/lib/python3.12/site-packages/airflow/example_dags/example_complex.py took 1.792 seconds
[2025-11-14T21:22:52.633+0000] {processor.py:186} INFO - Started process (PID=863) to work on /home/airflow/.local/lib/python3.12/site-packages/airflow/example_dags/example_complex.py
[2025-11-14T21:22:52.639+0000] {processor.py:914} INFO - Processing file /home/airflow/.local/lib/python3.12/site-packages/airflow/example_dags/example_complex.py for tasks to queue
[2025-11-14T21:22:52.652+0000] {logging_mixin.py:190} INFO - [2025-11-14T21:22:52.651+0000] {dagbag.py:588} INFO - Filling up the DagBag from /home/airflow/.local/lib/python3.12/site-packages/airflow/example_dags/example_complex.py
[2025-11-14T21:22:52.719+0000] {processor.py:925} INFO - DAG(s) 'example_complex' retrieved from /home/airflow/.local/lib/python3.12/site-packages/airflow/example_dags/example_complex.py
[2025-11-14T21:22:52.899+0000] {logging_mixin.py:190} INFO - [2025-11-14T21:22:52.897+0000] {dag.py:3239} INFO - Sync 1 DAGs
[2025-11-14T21:22:52.981+0000] {logging_mixin.py:190} INFO - [2025-11-14T21:22:52.980+0000] {dag.py:4180} INFO - Setting next_dagrun for example_complex to None, run_after=None
[2025-11-14T21:22:53.059+0000] {processor.py:208} INFO - Processing /home/airflow/.local/lib/python3.12/site-packages/airflow/example_dags/example_complex.py took 0.456 seconds
[2025-11-14T21:23:23.329+0000] {processor.py:186} INFO - Started process (PID=927) to work on /home/airflow/.local/lib/python3.12/site-packages/airflow/example_dags/example_complex.py
[2025-11-14T21:23:23.336+0000] {processor.py:914} INFO - Processing file /home/airflow/.local/lib/python3.12/site-packages/airflow/example_dags/example_complex.py for tasks to queue
[2025-11-14T21:23:23.350+0000] {logging_mixin.py:190} INFO - [2025-11-14T21:23:23.350+0000] {dagbag.py:588} INFO - Filling up the DagBag from /home/airflow/.local/lib/python3.12/site-packages/airflow/example_dags/example_complex.py
[2025-11-14T21:23:23.412+0000] {processor.py:925} INFO - DAG(s) 'example_complex' retrieved from /home/airflow/.local/lib/python3.12/site-packages/airflow/example_dags/example_complex.py
[2025-11-14T21:23:23.551+0000] {logging_mixin.py:190} INFO - [2025-11-14T21:23:23.550+0000] {dag.py:3239} INFO - Sync 1 DAGs
[2025-11-14T21:23:23.607+0000] {logging_mixin.py:190} INFO - [2025-11-14T21:23:23.606+0000] {dag.py:4180} INFO - Setting next_dagrun for example_complex to None, run_after=None
[2025-11-14T21:23:23.685+0000] {processor.py:208} INFO - Processing /home/airflow/.local/lib/python3.12/site-packages/airflow/example_dags/example_complex.py took 0.398 seconds
[2025-11-14T21:23:53.885+0000] {processor.py:186} INFO - Started process (PID=991) to work on /home/airflow/.local/lib/python3.12/site-packages/airflow/example_dags/example_complex.py
[2025-11-14T21:23:53.897+0000] {processor.py:914} INFO - Processing file /home/airflow/.local/lib/python3.12/site-packages/airflow/example_dags/example_complex.py for tasks to queue
[2025-11-14T21:23:53.911+0000] {logging_mixin.py:190} INFO - [2025-11-14T21:23:53.910+0000] {dagbag.py:588} INFO - Filling up the DagBag from /home/airflow/.local/lib/python3.12/site-packages/airflow/example_dags/example_complex.py
[2025-11-14T21:23:54.023+0000] {processor.py:925} INFO - DAG(s) 'example_complex' retrieved from /home/airflow/.local/lib/python3.12/site-packages/airflow/example_dags/example_complex.py
[2025-11-14T21:23:54.383+0000] {logging_mixin.py:190} INFO - [2025-11-14T21:23:54.381+0000] {dag.py:3239} INFO - Sync 1 DAGs
[2025-11-14T21:23:54.495+0000] {logging_mixin.py:190} INFO - [2025-11-14T21:23:54.494+0000] {dag.py:4180} INFO - Setting next_dagrun for example_complex to None, run_after=None
[2025-11-14T21:23:54.702+0000] {processor.py:208} INFO - Processing /home/airflow/.local/lib/python3.12/site-packages/airflow/example_dags/example_complex.py took 0.847 seconds
[2025-11-14T21:24:25.081+0000] {processor.py:186} INFO - Started process (PID=1054) to work on /home/airflow/.local/lib/python3.12/site-packages/airflow/example_dags/example_complex.py
[2025-11-14T21:24:25.089+0000] {processor.py:914} INFO - Processing file /home/airflow/.local/lib/python3.12/site-packages/airflow/example_dags/example_complex.py for tasks to queue
[2025-11-14T21:24:25.104+0000] {logging_mixin.py:190} INFO - [2025-11-14T21:24:25.102+0000] {dagbag.py:588} INFO - Filling up the DagBag from /home/airflow/.local/lib/python3.12/site-packages/airflow/example_dags/example_complex.py
[2025-11-14T21:24:25.175+0000] {processor.py:925} INFO - DAG(s) 'example_complex' retrieved from /home/airflow/.local/lib/python3.12/site-packages/airflow/example_dags/example_complex.py
[2025-11-14T21:24:25.384+0000] {logging_mixin.py:190} INFO - [2025-11-14T21:24:25.383+0000] {dag.py:3239} INFO - Sync 1 DAGs
[2025-11-14T21:24:25.463+0000] {logging_mixin.py:190} INFO - [2025-11-14T21:24:25.461+0000] {dag.py:4180} INFO - Setting next_dagrun for example_complex to None, run_after=None
[2025-11-14T21:24:25.552+0000] {processor.py:208} INFO - Processing /home/airflow/.local/lib/python3.12/site-packages/airflow/example_dags/example_complex.py took 0.500 seconds
[2025-11-14T21:24:55.776+0000] {processor.py:186} INFO - Started process (PID=1118) to work on /home/airflow/.local/lib/python3.12/site-packages/airflow/example_dags/example_complex.py
[2025-11-14T21:24:55.781+0000] {processor.py:914} INFO - Processing file /home/airflow/.local/lib/python3.12/site-packages/airflow/example_dags/example_complex.py for tasks to queue
[2025-11-14T21:24:55.791+0000] {logging_mixin.py:190} INFO - [2025-11-14T21:24:55.789+0000] {dagbag.py:588} INFO - Filling up the DagBag from /home/airflow/.local/lib/python3.12/site-packages/airflow/example_dags/example_complex.py
[2025-11-14T21:24:55.827+0000] {processor.py:925} INFO - DAG(s) 'example_complex' retrieved from /home/airflow/.local/lib/python3.12/site-packages/airflow/example_dags/example_complex.py
[2025-11-14T21:24:55.930+0000] {logging_mixin.py:190} INFO - [2025-11-14T21:24:55.930+0000] {dag.py:3239} INFO - Sync 1 DAGs
[2025-11-14T21:24:55.976+0000] {logging_mixin.py:190} INFO - [2025-11-14T21:24:55.975+0000] {dag.py:4180} INFO - Setting next_dagrun for example_complex to None, run_after=None
[2025-11-14T21:24:56.049+0000] {processor.py:208} INFO - Processing /home/airflow/.local/lib/python3.12/site-packages/airflow/example_dags/example_complex.py took 0.296 seconds
[2025-11-14T21:25:26.400+0000] {processor.py:186} INFO - Started process (PID=1180) to work on /home/airflow/.local/lib/python3.12/site-packages/airflow/example_dags/example_complex.py
[2025-11-14T21:25:26.404+0000] {processor.py:914} INFO - Processing file /home/airflow/.local/lib/python3.12/site-packages/airflow/example_dags/example_complex.py for tasks to queue
[2025-11-14T21:25:26.410+0000] {logging_mixin.py:190} INFO - [2025-11-14T21:25:26.409+0000] {dagbag.py:588} INFO - Filling up the DagBag from /home/airflow/.local/lib/python3.12/site-packages/airflow/example_dags/example_complex.py
[2025-11-14T21:25:26.444+0000] {processor.py:925} INFO - DAG(s) 'example_complex' retrieved from /home/airflow/.local/lib/python3.12/site-packages/airflow/example_dags/example_complex.py
[2025-11-14T21:25:26.525+0000] {logging_mixin.py:190} INFO - [2025-11-14T21:25:26.525+0000] {dag.py:3239} INFO - Sync 1 DAGs
[2025-11-14T21:25:26.562+0000] {logging_mixin.py:190} INFO - [2025-11-14T21:25:26.562+0000] {dag.py:4180} INFO - Setting next_dagrun for example_complex to None, run_after=None
[2025-11-14T21:25:26.610+0000] {processor.py:208} INFO - Processing /home/airflow/.local/lib/python3.12/site-packages/airflow/example_dags/example_complex.py took 0.223 seconds
[2025-11-14T21:25:56.945+0000] {processor.py:186} INFO - Started process (PID=1244) to work on /home/airflow/.local/lib/python3.12/site-packages/airflow/example_dags/example_complex.py
[2025-11-14T21:25:56.951+0000] {processor.py:914} INFO - Processing file /home/airflow/.local/lib/python3.12/site-packages/airflow/example_dags/example_complex.py for tasks to queue
[2025-11-14T21:25:56.961+0000] {logging_mixin.py:190} INFO - [2025-11-14T21:25:56.960+0000] {dagbag.py:588} INFO - Filling up the DagBag from /home/airflow/.local/lib/python3.12/site-packages/airflow/example_dags/example_complex.py
[2025-11-14T21:25:57.003+0000] {processor.py:925} INFO - DAG(s) 'example_complex' retrieved from /home/airflow/.local/lib/python3.12/site-packages/airflow/example_dags/example_complex.py
[2025-11-14T21:25:57.125+0000] {logging_mixin.py:190} INFO - [2025-11-14T21:25:57.124+0000] {dag.py:3239} INFO - Sync 1 DAGs
[2025-11-14T21:25:57.174+0000] {logging_mixin.py:190} INFO - [2025-11-14T21:25:57.173+0000] {dag.py:4180} INFO - Setting next_dagrun for example_complex to None, run_after=None
[2025-11-14T21:25:57.225+0000] {processor.py:208} INFO - Processing /home/airflow/.local/lib/python3.12/site-packages/airflow/example_dags/example_complex.py took 0.299 seconds
[2025-11-14T21:26:28.020+0000] {processor.py:186} INFO - Started process (PID=1308) to work on /home/airflow/.local/lib/python3.12/site-packages/airflow/example_dags/example_complex.py
[2025-11-14T21:26:28.025+0000] {processor.py:914} INFO - Processing file /home/airflow/.local/lib/python3.12/site-packages/airflow/example_dags/example_complex.py for tasks to queue
[2025-11-14T21:26:28.031+0000] {logging_mixin.py:190} INFO - [2025-11-14T21:26:28.031+0000] {dagbag.py:588} INFO - Filling up the DagBag from /home/airflow/.local/lib/python3.12/site-packages/airflow/example_dags/example_complex.py
[2025-11-14T21:26:28.060+0000] {processor.py:925} INFO - DAG(s) 'example_complex' retrieved from /home/airflow/.local/lib/python3.12/site-packages/airflow/example_dags/example_complex.py
[2025-11-14T21:26:28.122+0000] {logging_mixin.py:190} INFO - [2025-11-14T21:26:28.122+0000] {dag.py:3239} INFO - Sync 1 DAGs
[2025-11-14T21:26:28.152+0000] {logging_mixin.py:190} INFO - [2025-11-14T21:26:28.151+0000] {dag.py:4180} INFO - Setting next_dagrun for example_complex to None, run_after=None
[2025-11-14T21:26:28.188+0000] {processor.py:208} INFO - Processing /home/airflow/.local/lib/python3.12/site-packages/airflow/example_dags/example_complex.py took 0.187 seconds
[2025-11-14T21:26:59.028+0000] {processor.py:186} INFO - Started process (PID=1372) to work on /home/airflow/.local/lib/python3.12/site-packages/airflow/example_dags/example_complex.py
[2025-11-14T21:26:59.031+0000] {processor.py:914} INFO - Processing file /home/airflow/.local/lib/python3.12/site-packages/airflow/example_dags/example_complex.py for tasks to queue
[2025-11-14T21:26:59.037+0000] {logging_mixin.py:190} INFO - [2025-11-14T21:26:59.036+0000] {dagbag.py:588} INFO - Filling up the DagBag from /home/airflow/.local/lib/python3.12/site-packages/airflow/example_dags/example_complex.py
[2025-11-14T21:26:59.066+0000] {processor.py:925} INFO - DAG(s) 'example_complex' retrieved from /home/airflow/.local/lib/python3.12/site-packages/airflow/example_dags/example_complex.py
[2025-11-14T21:26:59.131+0000] {logging_mixin.py:190} INFO - [2025-11-14T21:26:59.130+0000] {dag.py:3239} INFO - Sync 1 DAGs
[2025-11-14T21:26:59.164+0000] {logging_mixin.py:190} INFO - [2025-11-14T21:26:59.163+0000] {dag.py:4180} INFO - Setting next_dagrun for example_complex to None, run_after=None
[2025-11-14T21:26:59.200+0000] {processor.py:208} INFO - Processing /home/airflow/.local/lib/python3.12/site-packages/airflow/example_dags/example_complex.py took 0.185 seconds
[2025-11-14T21:27:29.429+0000] {processor.py:186} INFO - Started process (PID=1435) to work on /home/airflow/.local/lib/python3.12/site-packages/airflow/example_dags/example_complex.py
[2025-11-14T21:27:29.434+0000] {processor.py:914} INFO - Processing file /home/airflow/.local/lib/python3.12/site-packages/airflow/example_dags/example_complex.py for tasks to queue
[2025-11-14T21:27:29.441+0000] {logging_mixin.py:190} INFO - [2025-11-14T21:27:29.440+0000] {dagbag.py:588} INFO - Filling up the DagBag from /home/airflow/.local/lib/python3.12/site-packages/airflow/example_dags/example_complex.py
[2025-11-14T21:27:29.483+0000] {processor.py:925} INFO - DAG(s) 'example_complex' retrieved from /home/airflow/.local/lib/python3.12/site-packages/airflow/example_dags/example_complex.py
[2025-11-14T21:27:29.591+0000] {logging_mixin.py:190} INFO - [2025-11-14T21:27:29.590+0000] {dag.py:3239} INFO - Sync 1 DAGs
[2025-11-14T21:27:29.649+0000] {logging_mixin.py:190} INFO - [2025-11-14T21:27:29.649+0000] {dag.py:4180} INFO - Setting next_dagrun for example_complex to None, run_after=None
[2025-11-14T21:27:29.708+0000] {processor.py:208} INFO - Processing /home/airflow/.local/lib/python3.12/site-packages/airflow/example_dags/example_complex.py took 0.301 seconds
[2025-11-14T21:28:00.187+0000] {processor.py:186} INFO - Started process (PID=1498) to work on /home/airflow/.local/lib/python3.12/site-packages/airflow/example_dags/example_complex.py
[2025-11-14T21:28:00.190+0000] {processor.py:914} INFO - Processing file /home/airflow/.local/lib/python3.12/site-packages/airflow/example_dags/example_complex.py for tasks to queue
[2025-11-14T21:28:00.198+0000] {logging_mixin.py:190} INFO - [2025-11-14T21:28:00.197+0000] {dagbag.py:588} INFO - Filling up the DagBag from /home/airflow/.local/lib/python3.12/site-packages/airflow/example_dags/example_complex.py
[2025-11-14T21:28:00.232+0000] {processor.py:925} INFO - DAG(s) 'example_complex' retrieved from /home/airflow/.local/lib/python3.12/site-packages/airflow/example_dags/example_complex.py
[2025-11-14T21:28:00.311+0000] {logging_mixin.py:190} INFO - [2025-11-14T21:28:00.310+0000] {dag.py:3239} INFO - Sync 1 DAGs
[2025-11-14T21:28:00.347+0000] {logging_mixin.py:190} INFO - [2025-11-14T21:28:00.346+0000] {dag.py:4180} INFO - Setting next_dagrun for example_complex to None, run_after=None
[2025-11-14T21:28:00.396+0000] {processor.py:208} INFO - Processing /home/airflow/.local/lib/python3.12/site-packages/airflow/example_dags/example_complex.py took 0.223 seconds
