[2025-11-14T21:15:39.874+0000] {processor.py:186} INFO - Started process (PID=48) to work on /home/airflow/.local/lib/python3.12/site-packages/airflow/example_dags/example_outlet_event_extra.py
[2025-11-14T21:15:39.877+0000] {processor.py:914} INFO - Processing file /home/airflow/.local/lib/python3.12/site-packages/airflow/example_dags/example_outlet_event_extra.py for tasks to queue
[2025-11-14T21:15:39.882+0000] {logging_mixin.py:190} INFO - [2025-11-14T21:15:39.882+0000] {dagbag.py:588} INFO - Filling up the DagBag from /home/airflow/.local/lib/python3.12/site-packages/airflow/example_dags/example_outlet_event_extra.py
[2025-11-14T21:15:40.295+0000] {processor.py:925} INFO - DAG(s) 'dataset_with_extra_from_classic_operator', 'dataset_with_extra_by_context', 'dataset_with_extra_by_yield' retrieved from /home/airflow/.local/lib/python3.12/site-packages/airflow/example_dags/example_outlet_event_extra.py
[2025-11-14T21:15:40.541+0000] {logging_mixin.py:190} INFO - [2025-11-14T21:15:40.539+0000] {override.py:1900} INFO - Created Permission View: can edit on DAG:dataset_with_extra_from_classic_operator
[2025-11-14T21:15:40.565+0000] {logging_mixin.py:190} INFO - [2025-11-14T21:15:40.564+0000] {override.py:1900} INFO - Created Permission View: can delete on DAG:dataset_with_extra_from_classic_operator
[2025-11-14T21:15:40.580+0000] {logging_mixin.py:190} INFO - [2025-11-14T21:15:40.579+0000] {override.py:1900} INFO - Created Permission View: can read on DAG:dataset_with_extra_from_classic_operator
[2025-11-14T21:15:40.594+0000] {logging_mixin.py:190} INFO - [2025-11-14T21:15:40.594+0000] {override.py:1900} INFO - Created Permission View: menu access on DAG Run:dataset_with_extra_from_classic_operator
[2025-11-14T21:15:40.608+0000] {logging_mixin.py:190} INFO - [2025-11-14T21:15:40.607+0000] {override.py:1900} INFO - Created Permission View: can create on DAG Run:dataset_with_extra_from_classic_operator
[2025-11-14T21:15:40.623+0000] {logging_mixin.py:190} INFO - [2025-11-14T21:15:40.623+0000] {override.py:1900} INFO - Created Permission View: can delete on DAG Run:dataset_with_extra_from_classic_operator
[2025-11-14T21:15:40.637+0000] {logging_mixin.py:190} INFO - [2025-11-14T21:15:40.637+0000] {override.py:1900} INFO - Created Permission View: can read on DAG Run:dataset_with_extra_from_classic_operator
[2025-11-14T21:15:40.660+0000] {logging_mixin.py:190} INFO - [2025-11-14T21:15:40.660+0000] {override.py:1900} INFO - Created Permission View: can edit on DAG:dataset_with_extra_by_context
[2025-11-14T21:15:40.675+0000] {logging_mixin.py:190} INFO - [2025-11-14T21:15:40.675+0000] {override.py:1900} INFO - Created Permission View: can delete on DAG:dataset_with_extra_by_context
[2025-11-14T21:15:40.686+0000] {logging_mixin.py:190} INFO - [2025-11-14T21:15:40.685+0000] {override.py:1900} INFO - Created Permission View: can read on DAG:dataset_with_extra_by_context
[2025-11-14T21:15:40.696+0000] {logging_mixin.py:190} INFO - [2025-11-14T21:15:40.696+0000] {override.py:1900} INFO - Created Permission View: menu access on DAG Run:dataset_with_extra_by_context
[2025-11-14T21:15:40.706+0000] {logging_mixin.py:190} INFO - [2025-11-14T21:15:40.706+0000] {override.py:1900} INFO - Created Permission View: can create on DAG Run:dataset_with_extra_by_context
[2025-11-14T21:15:40.717+0000] {logging_mixin.py:190} INFO - [2025-11-14T21:15:40.717+0000] {override.py:1900} INFO - Created Permission View: can delete on DAG Run:dataset_with_extra_by_context
[2025-11-14T21:15:40.731+0000] {logging_mixin.py:190} INFO - [2025-11-14T21:15:40.730+0000] {override.py:1900} INFO - Created Permission View: can read on DAG Run:dataset_with_extra_by_context
[2025-11-14T21:15:40.750+0000] {logging_mixin.py:190} INFO - [2025-11-14T21:15:40.750+0000] {override.py:1900} INFO - Created Permission View: can edit on DAG:dataset_with_extra_by_yield
[2025-11-14T21:15:40.762+0000] {logging_mixin.py:190} INFO - [2025-11-14T21:15:40.761+0000] {override.py:1900} INFO - Created Permission View: can delete on DAG:dataset_with_extra_by_yield
[2025-11-14T21:15:40.778+0000] {logging_mixin.py:190} INFO - [2025-11-14T21:15:40.777+0000] {override.py:1900} INFO - Created Permission View: can read on DAG:dataset_with_extra_by_yield
[2025-11-14T21:15:40.801+0000] {logging_mixin.py:190} INFO - [2025-11-14T21:15:40.800+0000] {override.py:1900} INFO - Created Permission View: menu access on DAG Run:dataset_with_extra_by_yield
[2025-11-14T21:15:40.823+0000] {logging_mixin.py:190} INFO - [2025-11-14T21:15:40.822+0000] {override.py:1900} INFO - Created Permission View: can create on DAG Run:dataset_with_extra_by_yield
[2025-11-14T21:15:40.844+0000] {logging_mixin.py:190} INFO - [2025-11-14T21:15:40.843+0000] {override.py:1900} INFO - Created Permission View: can delete on DAG Run:dataset_with_extra_by_yield
[2025-11-14T21:15:40.859+0000] {logging_mixin.py:190} INFO - [2025-11-14T21:15:40.859+0000] {override.py:1900} INFO - Created Permission View: can read on DAG Run:dataset_with_extra_by_yield
[2025-11-14T21:15:40.862+0000] {logging_mixin.py:190} INFO - [2025-11-14T21:15:40.861+0000] {dag.py:3239} INFO - Sync 3 DAGs
[2025-11-14T21:15:40.900+0000] {logging_mixin.py:190} INFO - [2025-11-14T21:15:40.900+0000] {dag.py:3262} INFO - Creating ORM DAG for dataset_with_extra_from_classic_operator
[2025-11-14T21:15:40.903+0000] {logging_mixin.py:190} INFO - [2025-11-14T21:15:40.902+0000] {dag.py:3262} INFO - Creating ORM DAG for dataset_with_extra_by_yield
[2025-11-14T21:15:40.905+0000] {logging_mixin.py:190} INFO - [2025-11-14T21:15:40.905+0000] {dag.py:3262} INFO - Creating ORM DAG for dataset_with_extra_by_context
[2025-11-14T21:15:40.929+0000] {logging_mixin.py:190} INFO - [2025-11-14T21:15:40.929+0000] {dag.py:4180} INFO - Setting next_dagrun for dataset_with_extra_by_context to 2025-11-13 00:00:00+00:00, run_after=2025-11-14 00:00:00+00:00
[2025-11-14T21:15:40.936+0000] {logging_mixin.py:190} INFO - [2025-11-14T21:15:40.935+0000] {dag.py:4180} INFO - Setting next_dagrun for dataset_with_extra_by_yield to 2025-11-13 00:00:00+00:00, run_after=2025-11-14 00:00:00+00:00
[2025-11-14T21:15:40.941+0000] {logging_mixin.py:190} INFO - [2025-11-14T21:15:40.940+0000] {dag.py:4180} INFO - Setting next_dagrun for dataset_with_extra_from_classic_operator to 2025-11-13 00:00:00+00:00, run_after=2025-11-14 00:00:00+00:00
[2025-11-14T21:15:40.999+0000] {processor.py:208} INFO - Processing /home/airflow/.local/lib/python3.12/site-packages/airflow/example_dags/example_outlet_event_extra.py took 1.141 seconds
[2025-11-14T21:16:11.141+0000] {processor.py:186} INFO - Started process (PID=113) to work on /home/airflow/.local/lib/python3.12/site-packages/airflow/example_dags/example_outlet_event_extra.py
[2025-11-14T21:16:11.144+0000] {processor.py:914} INFO - Processing file /home/airflow/.local/lib/python3.12/site-packages/airflow/example_dags/example_outlet_event_extra.py for tasks to queue
[2025-11-14T21:16:11.150+0000] {logging_mixin.py:190} INFO - [2025-11-14T21:16:11.149+0000] {dagbag.py:588} INFO - Filling up the DagBag from /home/airflow/.local/lib/python3.12/site-packages/airflow/example_dags/example_outlet_event_extra.py
[2025-11-14T21:16:11.398+0000] {processor.py:925} INFO - DAG(s) 'dataset_with_extra_by_context', 'dataset_with_extra_by_yield', 'dataset_with_extra_from_classic_operator' retrieved from /home/airflow/.local/lib/python3.12/site-packages/airflow/example_dags/example_outlet_event_extra.py
[2025-11-14T21:16:11.443+0000] {logging_mixin.py:190} INFO - [2025-11-14T21:16:11.443+0000] {dag.py:3239} INFO - Sync 3 DAGs
[2025-11-14T21:16:11.487+0000] {logging_mixin.py:190} INFO - [2025-11-14T21:16:11.487+0000] {dag.py:4180} INFO - Setting next_dagrun for dataset_with_extra_by_context to 2025-11-13 00:00:00+00:00, run_after=2025-11-14 00:00:00+00:00
[2025-11-14T21:16:11.496+0000] {logging_mixin.py:190} INFO - [2025-11-14T21:16:11.495+0000] {dag.py:4180} INFO - Setting next_dagrun for dataset_with_extra_by_yield to 2025-11-13 00:00:00+00:00, run_after=2025-11-14 00:00:00+00:00
[2025-11-14T21:16:11.500+0000] {logging_mixin.py:190} INFO - [2025-11-14T21:16:11.500+0000] {dag.py:4180} INFO - Setting next_dagrun for dataset_with_extra_from_classic_operator to 2025-11-13 00:00:00+00:00, run_after=2025-11-14 00:00:00+00:00
[2025-11-14T21:16:11.534+0000] {processor.py:208} INFO - Processing /home/airflow/.local/lib/python3.12/site-packages/airflow/example_dags/example_outlet_event_extra.py took 0.405 seconds
[2025-11-14T21:16:42.074+0000] {processor.py:186} INFO - Started process (PID=175) to work on /home/airflow/.local/lib/python3.12/site-packages/airflow/example_dags/example_outlet_event_extra.py
[2025-11-14T21:16:42.076+0000] {processor.py:914} INFO - Processing file /home/airflow/.local/lib/python3.12/site-packages/airflow/example_dags/example_outlet_event_extra.py for tasks to queue
[2025-11-14T21:16:42.079+0000] {logging_mixin.py:190} INFO - [2025-11-14T21:16:42.079+0000] {dagbag.py:588} INFO - Filling up the DagBag from /home/airflow/.local/lib/python3.12/site-packages/airflow/example_dags/example_outlet_event_extra.py
[2025-11-14T21:16:42.261+0000] {processor.py:925} INFO - DAG(s) 'dataset_with_extra_by_yield', 'dataset_with_extra_from_classic_operator', 'dataset_with_extra_by_context' retrieved from /home/airflow/.local/lib/python3.12/site-packages/airflow/example_dags/example_outlet_event_extra.py
[2025-11-14T21:16:42.293+0000] {logging_mixin.py:190} INFO - [2025-11-14T21:16:42.292+0000] {dag.py:3239} INFO - Sync 3 DAGs
[2025-11-14T21:16:42.330+0000] {logging_mixin.py:190} INFO - [2025-11-14T21:16:42.329+0000] {dag.py:4180} INFO - Setting next_dagrun for dataset_with_extra_by_context to 2025-11-13 00:00:00+00:00, run_after=2025-11-14 00:00:00+00:00
[2025-11-14T21:16:42.336+0000] {logging_mixin.py:190} INFO - [2025-11-14T21:16:42.336+0000] {dag.py:4180} INFO - Setting next_dagrun for dataset_with_extra_by_yield to 2025-11-13 00:00:00+00:00, run_after=2025-11-14 00:00:00+00:00
[2025-11-14T21:16:42.340+0000] {logging_mixin.py:190} INFO - [2025-11-14T21:16:42.340+0000] {dag.py:4180} INFO - Setting next_dagrun for dataset_with_extra_from_classic_operator to 2025-11-13 00:00:00+00:00, run_after=2025-11-14 00:00:00+00:00
[2025-11-14T21:16:42.366+0000] {processor.py:208} INFO - Processing /home/airflow/.local/lib/python3.12/site-packages/airflow/example_dags/example_outlet_event_extra.py took 0.299 seconds
[2025-11-14T21:17:13.287+0000] {processor.py:186} INFO - Started process (PID=238) to work on /home/airflow/.local/lib/python3.12/site-packages/airflow/example_dags/example_outlet_event_extra.py
[2025-11-14T21:17:13.289+0000] {processor.py:914} INFO - Processing file /home/airflow/.local/lib/python3.12/site-packages/airflow/example_dags/example_outlet_event_extra.py for tasks to queue
[2025-11-14T21:17:13.292+0000] {logging_mixin.py:190} INFO - [2025-11-14T21:17:13.292+0000] {dagbag.py:588} INFO - Filling up the DagBag from /home/airflow/.local/lib/python3.12/site-packages/airflow/example_dags/example_outlet_event_extra.py
[2025-11-14T21:17:13.446+0000] {processor.py:925} INFO - DAG(s) 'dataset_with_extra_from_classic_operator', 'dataset_with_extra_by_context', 'dataset_with_extra_by_yield' retrieved from /home/airflow/.local/lib/python3.12/site-packages/airflow/example_dags/example_outlet_event_extra.py
[2025-11-14T21:17:13.473+0000] {logging_mixin.py:190} INFO - [2025-11-14T21:17:13.473+0000] {dag.py:3239} INFO - Sync 3 DAGs
[2025-11-14T21:17:13.501+0000] {logging_mixin.py:190} INFO - [2025-11-14T21:17:13.500+0000] {dag.py:4180} INFO - Setting next_dagrun for dataset_with_extra_by_context to 2025-11-13 00:00:00+00:00, run_after=2025-11-14 00:00:00+00:00
[2025-11-14T21:17:13.507+0000] {logging_mixin.py:190} INFO - [2025-11-14T21:17:13.507+0000] {dag.py:4180} INFO - Setting next_dagrun for dataset_with_extra_by_yield to 2025-11-13 00:00:00+00:00, run_after=2025-11-14 00:00:00+00:00
[2025-11-14T21:17:13.510+0000] {logging_mixin.py:190} INFO - [2025-11-14T21:17:13.510+0000] {dag.py:4180} INFO - Setting next_dagrun for dataset_with_extra_from_classic_operator to 2025-11-13 00:00:00+00:00, run_after=2025-11-14 00:00:00+00:00
[2025-11-14T21:17:13.531+0000] {processor.py:208} INFO - Processing /home/airflow/.local/lib/python3.12/site-packages/airflow/example_dags/example_outlet_event_extra.py took 0.251 seconds
[2025-11-14T21:17:43.792+0000] {processor.py:186} INFO - Started process (PID=302) to work on /home/airflow/.local/lib/python3.12/site-packages/airflow/example_dags/example_outlet_event_extra.py
[2025-11-14T21:17:43.794+0000] {processor.py:914} INFO - Processing file /home/airflow/.local/lib/python3.12/site-packages/airflow/example_dags/example_outlet_event_extra.py for tasks to queue
[2025-11-14T21:17:43.797+0000] {logging_mixin.py:190} INFO - [2025-11-14T21:17:43.797+0000] {dagbag.py:588} INFO - Filling up the DagBag from /home/airflow/.local/lib/python3.12/site-packages/airflow/example_dags/example_outlet_event_extra.py
[2025-11-14T21:17:43.941+0000] {processor.py:925} INFO - DAG(s) 'dataset_with_extra_by_yield', 'dataset_with_extra_from_classic_operator', 'dataset_with_extra_by_context' retrieved from /home/airflow/.local/lib/python3.12/site-packages/airflow/example_dags/example_outlet_event_extra.py
[2025-11-14T21:17:43.966+0000] {logging_mixin.py:190} INFO - [2025-11-14T21:17:43.966+0000] {dag.py:3239} INFO - Sync 3 DAGs
[2025-11-14T21:17:43.999+0000] {logging_mixin.py:190} INFO - [2025-11-14T21:17:43.999+0000] {dag.py:4180} INFO - Setting next_dagrun for dataset_with_extra_by_context to 2025-11-13 00:00:00+00:00, run_after=2025-11-14 00:00:00+00:00
[2025-11-14T21:17:44.005+0000] {logging_mixin.py:190} INFO - [2025-11-14T21:17:44.005+0000] {dag.py:4180} INFO - Setting next_dagrun for dataset_with_extra_by_yield to 2025-11-13 00:00:00+00:00, run_after=2025-11-14 00:00:00+00:00
[2025-11-14T21:17:44.009+0000] {logging_mixin.py:190} INFO - [2025-11-14T21:17:44.009+0000] {dag.py:4180} INFO - Setting next_dagrun for dataset_with_extra_from_classic_operator to 2025-11-13 00:00:00+00:00, run_after=2025-11-14 00:00:00+00:00
[2025-11-14T21:17:44.036+0000] {processor.py:208} INFO - Processing /home/airflow/.local/lib/python3.12/site-packages/airflow/example_dags/example_outlet_event_extra.py took 0.251 seconds
[2025-11-14T21:18:14.829+0000] {processor.py:186} INFO - Started process (PID=364) to work on /home/airflow/.local/lib/python3.12/site-packages/airflow/example_dags/example_outlet_event_extra.py
[2025-11-14T21:18:14.831+0000] {processor.py:914} INFO - Processing file /home/airflow/.local/lib/python3.12/site-packages/airflow/example_dags/example_outlet_event_extra.py for tasks to queue
[2025-11-14T21:18:14.835+0000] {logging_mixin.py:190} INFO - [2025-11-14T21:18:14.834+0000] {dagbag.py:588} INFO - Filling up the DagBag from /home/airflow/.local/lib/python3.12/site-packages/airflow/example_dags/example_outlet_event_extra.py
[2025-11-14T21:18:14.965+0000] {processor.py:925} INFO - DAG(s) 'dataset_with_extra_by_yield', 'dataset_with_extra_from_classic_operator', 'dataset_with_extra_by_context' retrieved from /home/airflow/.local/lib/python3.12/site-packages/airflow/example_dags/example_outlet_event_extra.py
[2025-11-14T21:18:14.988+0000] {logging_mixin.py:190} INFO - [2025-11-14T21:18:14.988+0000] {dag.py:3239} INFO - Sync 3 DAGs
[2025-11-14T21:18:15.012+0000] {logging_mixin.py:190} INFO - [2025-11-14T21:18:15.011+0000] {dag.py:4180} INFO - Setting next_dagrun for dataset_with_extra_by_context to 2025-11-13 00:00:00+00:00, run_after=2025-11-14 00:00:00+00:00
[2025-11-14T21:18:15.017+0000] {logging_mixin.py:190} INFO - [2025-11-14T21:18:15.017+0000] {dag.py:4180} INFO - Setting next_dagrun for dataset_with_extra_by_yield to 2025-11-13 00:00:00+00:00, run_after=2025-11-14 00:00:00+00:00
[2025-11-14T21:18:15.020+0000] {logging_mixin.py:190} INFO - [2025-11-14T21:18:15.020+0000] {dag.py:4180} INFO - Setting next_dagrun for dataset_with_extra_from_classic_operator to 2025-11-13 00:00:00+00:00, run_after=2025-11-14 00:00:00+00:00
[2025-11-14T21:18:15.039+0000] {processor.py:208} INFO - Processing /home/airflow/.local/lib/python3.12/site-packages/airflow/example_dags/example_outlet_event_extra.py took 0.216 seconds
[2025-11-14T21:18:46.255+0000] {processor.py:186} INFO - Started process (PID=429) to work on /home/airflow/.local/lib/python3.12/site-packages/airflow/example_dags/example_outlet_event_extra.py
[2025-11-14T21:18:46.257+0000] {processor.py:914} INFO - Processing file /home/airflow/.local/lib/python3.12/site-packages/airflow/example_dags/example_outlet_event_extra.py for tasks to queue
[2025-11-14T21:18:46.261+0000] {logging_mixin.py:190} INFO - [2025-11-14T21:18:46.260+0000] {dagbag.py:588} INFO - Filling up the DagBag from /home/airflow/.local/lib/python3.12/site-packages/airflow/example_dags/example_outlet_event_extra.py
[2025-11-14T21:18:46.443+0000] {processor.py:925} INFO - DAG(s) 'dataset_with_extra_by_context', 'dataset_with_extra_by_yield', 'dataset_with_extra_from_classic_operator' retrieved from /home/airflow/.local/lib/python3.12/site-packages/airflow/example_dags/example_outlet_event_extra.py
[2025-11-14T21:18:46.473+0000] {logging_mixin.py:190} INFO - [2025-11-14T21:18:46.473+0000] {dag.py:3239} INFO - Sync 3 DAGs
[2025-11-14T21:18:46.506+0000] {logging_mixin.py:190} INFO - [2025-11-14T21:18:46.505+0000] {dag.py:4180} INFO - Setting next_dagrun for dataset_with_extra_by_context to 2025-11-13 00:00:00+00:00, run_after=2025-11-14 00:00:00+00:00
[2025-11-14T21:18:46.512+0000] {logging_mixin.py:190} INFO - [2025-11-14T21:18:46.511+0000] {dag.py:4180} INFO - Setting next_dagrun for dataset_with_extra_by_yield to 2025-11-13 00:00:00+00:00, run_after=2025-11-14 00:00:00+00:00
[2025-11-14T21:18:46.515+0000] {logging_mixin.py:190} INFO - [2025-11-14T21:18:46.515+0000] {dag.py:4180} INFO - Setting next_dagrun for dataset_with_extra_from_classic_operator to 2025-11-13 00:00:00+00:00, run_after=2025-11-14 00:00:00+00:00
[2025-11-14T21:18:46.544+0000] {processor.py:208} INFO - Processing /home/airflow/.local/lib/python3.12/site-packages/airflow/example_dags/example_outlet_event_extra.py took 0.297 seconds
[2025-11-14T21:19:17.465+0000] {processor.py:186} INFO - Started process (PID=495) to work on /home/airflow/.local/lib/python3.12/site-packages/airflow/example_dags/example_outlet_event_extra.py
[2025-11-14T21:19:17.468+0000] {processor.py:914} INFO - Processing file /home/airflow/.local/lib/python3.12/site-packages/airflow/example_dags/example_outlet_event_extra.py for tasks to queue
[2025-11-14T21:19:17.474+0000] {logging_mixin.py:190} INFO - [2025-11-14T21:19:17.474+0000] {dagbag.py:588} INFO - Filling up the DagBag from /home/airflow/.local/lib/python3.12/site-packages/airflow/example_dags/example_outlet_event_extra.py
[2025-11-14T21:19:17.748+0000] {processor.py:925} INFO - DAG(s) 'dataset_with_extra_by_context', 'dataset_with_extra_from_classic_operator', 'dataset_with_extra_by_yield' retrieved from /home/airflow/.local/lib/python3.12/site-packages/airflow/example_dags/example_outlet_event_extra.py
[2025-11-14T21:19:17.794+0000] {logging_mixin.py:190} INFO - [2025-11-14T21:19:17.793+0000] {dag.py:3239} INFO - Sync 3 DAGs
[2025-11-14T21:19:17.844+0000] {logging_mixin.py:190} INFO - [2025-11-14T21:19:17.844+0000] {dag.py:4180} INFO - Setting next_dagrun for dataset_with_extra_by_context to 2025-11-13 00:00:00+00:00, run_after=2025-11-14 00:00:00+00:00
[2025-11-14T21:19:17.854+0000] {logging_mixin.py:190} INFO - [2025-11-14T21:19:17.853+0000] {dag.py:4180} INFO - Setting next_dagrun for dataset_with_extra_by_yield to 2025-11-13 00:00:00+00:00, run_after=2025-11-14 00:00:00+00:00
[2025-11-14T21:19:17.859+0000] {logging_mixin.py:190} INFO - [2025-11-14T21:19:17.859+0000] {dag.py:4180} INFO - Setting next_dagrun for dataset_with_extra_from_classic_operator to 2025-11-13 00:00:00+00:00, run_after=2025-11-14 00:00:00+00:00
[2025-11-14T21:19:17.896+0000] {processor.py:208} INFO - Processing /home/airflow/.local/lib/python3.12/site-packages/airflow/example_dags/example_outlet_event_extra.py took 0.445 seconds
[2025-11-14T21:19:48.851+0000] {processor.py:186} INFO - Started process (PID=561) to work on /home/airflow/.local/lib/python3.12/site-packages/airflow/example_dags/example_outlet_event_extra.py
[2025-11-14T21:19:48.856+0000] {processor.py:914} INFO - Processing file /home/airflow/.local/lib/python3.12/site-packages/airflow/example_dags/example_outlet_event_extra.py for tasks to queue
[2025-11-14T21:19:48.866+0000] {logging_mixin.py:190} INFO - [2025-11-14T21:19:48.865+0000] {dagbag.py:588} INFO - Filling up the DagBag from /home/airflow/.local/lib/python3.12/site-packages/airflow/example_dags/example_outlet_event_extra.py
[2025-11-14T21:19:49.419+0000] {processor.py:925} INFO - DAG(s) 'dataset_with_extra_by_context', 'dataset_with_extra_from_classic_operator', 'dataset_with_extra_by_yield' retrieved from /home/airflow/.local/lib/python3.12/site-packages/airflow/example_dags/example_outlet_event_extra.py
[2025-11-14T21:19:49.511+0000] {logging_mixin.py:190} INFO - [2025-11-14T21:19:49.511+0000] {dag.py:3239} INFO - Sync 3 DAGs
[2025-11-14T21:19:49.588+0000] {logging_mixin.py:190} INFO - [2025-11-14T21:19:49.587+0000] {dag.py:4180} INFO - Setting next_dagrun for dataset_with_extra_by_context to 2025-11-13 00:00:00+00:00, run_after=2025-11-14 00:00:00+00:00
[2025-11-14T21:19:49.603+0000] {logging_mixin.py:190} INFO - [2025-11-14T21:19:49.602+0000] {dag.py:4180} INFO - Setting next_dagrun for dataset_with_extra_by_yield to 2025-11-13 00:00:00+00:00, run_after=2025-11-14 00:00:00+00:00
[2025-11-14T21:19:49.612+0000] {logging_mixin.py:190} INFO - [2025-11-14T21:19:49.611+0000] {dag.py:4180} INFO - Setting next_dagrun for dataset_with_extra_from_classic_operator to 2025-11-13 00:00:00+00:00, run_after=2025-11-14 00:00:00+00:00
[2025-11-14T21:19:49.687+0000] {processor.py:208} INFO - Processing /home/airflow/.local/lib/python3.12/site-packages/airflow/example_dags/example_outlet_event_extra.py took 0.854 seconds
[2025-11-14T21:20:29.453+0000] {processor.py:186} INFO - Started process (PID=639) to work on /home/airflow/.local/lib/python3.12/site-packages/airflow/example_dags/example_outlet_event_extra.py
[2025-11-14T21:20:29.460+0000] {processor.py:914} INFO - Processing file /home/airflow/.local/lib/python3.12/site-packages/airflow/example_dags/example_outlet_event_extra.py for tasks to queue
[2025-11-14T21:20:29.479+0000] {logging_mixin.py:190} INFO - [2025-11-14T21:20:29.477+0000] {dagbag.py:588} INFO - Filling up the DagBag from /home/airflow/.local/lib/python3.12/site-packages/airflow/example_dags/example_outlet_event_extra.py
[2025-11-14T21:20:30.821+0000] {processor.py:925} INFO - DAG(s) 'dataset_with_extra_by_yield', 'dataset_with_extra_from_classic_operator', 'dataset_with_extra_by_context' retrieved from /home/airflow/.local/lib/python3.12/site-packages/airflow/example_dags/example_outlet_event_extra.py
[2025-11-14T21:20:31.022+0000] {logging_mixin.py:190} INFO - [2025-11-14T21:20:31.021+0000] {dag.py:3239} INFO - Sync 3 DAGs
[2025-11-14T21:20:31.837+0000] {logging_mixin.py:190} INFO - [2025-11-14T21:20:31.836+0000] {dag.py:4180} INFO - Setting next_dagrun for dataset_with_extra_by_context to 2025-11-13 00:00:00+00:00, run_after=2025-11-14 00:00:00+00:00
[2025-11-14T21:20:31.995+0000] {logging_mixin.py:190} INFO - [2025-11-14T21:20:31.993+0000] {dag.py:4180} INFO - Setting next_dagrun for dataset_with_extra_by_yield to 2025-11-13 00:00:00+00:00, run_after=2025-11-14 00:00:00+00:00
[2025-11-14T21:20:32.068+0000] {logging_mixin.py:190} INFO - [2025-11-14T21:20:32.061+0000] {dag.py:4180} INFO - Setting next_dagrun for dataset_with_extra_from_classic_operator to 2025-11-13 00:00:00+00:00, run_after=2025-11-14 00:00:00+00:00
[2025-11-14T21:20:33.061+0000] {processor.py:208} INFO - Processing /home/airflow/.local/lib/python3.12/site-packages/airflow/example_dags/example_outlet_event_extra.py took 3.662 seconds
[2025-11-14T21:21:19.912+0000] {processor.py:186} INFO - Started process (PID=679) to work on /home/airflow/.local/lib/python3.12/site-packages/airflow/example_dags/example_outlet_event_extra.py
[2025-11-14T21:21:19.931+0000] {processor.py:914} INFO - Processing file /home/airflow/.local/lib/python3.12/site-packages/airflow/example_dags/example_outlet_event_extra.py for tasks to queue
[2025-11-14T21:21:19.992+0000] {logging_mixin.py:190} INFO - [2025-11-14T21:21:19.986+0000] {dagbag.py:588} INFO - Filling up the DagBag from /home/airflow/.local/lib/python3.12/site-packages/airflow/example_dags/example_outlet_event_extra.py
[2025-11-14T21:21:23.317+0000] {processor.py:925} INFO - DAG(s) 'dataset_with_extra_by_context', 'dataset_with_extra_from_classic_operator', 'dataset_with_extra_by_yield' retrieved from /home/airflow/.local/lib/python3.12/site-packages/airflow/example_dags/example_outlet_event_extra.py
[2025-11-14T21:21:23.676+0000] {logging_mixin.py:190} INFO - [2025-11-14T21:21:23.675+0000] {dag.py:3239} INFO - Sync 3 DAGs
[2025-11-14T21:21:23.893+0000] {logging_mixin.py:190} INFO - [2025-11-14T21:21:23.891+0000] {dag.py:4180} INFO - Setting next_dagrun for dataset_with_extra_by_context to 2025-11-13 00:00:00+00:00, run_after=2025-11-14 00:00:00+00:00
[2025-11-14T21:21:23.931+0000] {logging_mixin.py:190} INFO - [2025-11-14T21:21:23.930+0000] {dag.py:4180} INFO - Setting next_dagrun for dataset_with_extra_by_yield to 2025-11-13 00:00:00+00:00, run_after=2025-11-14 00:00:00+00:00
[2025-11-14T21:21:23.955+0000] {logging_mixin.py:190} INFO - [2025-11-14T21:21:23.954+0000] {dag.py:4180} INFO - Setting next_dagrun for dataset_with_extra_from_classic_operator to 2025-11-13 00:00:00+00:00, run_after=2025-11-14 00:00:00+00:00
[2025-11-14T21:21:24.091+0000] {processor.py:208} INFO - Processing /home/airflow/.local/lib/python3.12/site-packages/airflow/example_dags/example_outlet_event_extra.py took 4.312 seconds
[2025-11-14T21:21:56.836+0000] {processor.py:186} INFO - Started process (PID=744) to work on /home/airflow/.local/lib/python3.12/site-packages/airflow/example_dags/example_outlet_event_extra.py
[2025-11-14T21:21:56.847+0000] {processor.py:914} INFO - Processing file /home/airflow/.local/lib/python3.12/site-packages/airflow/example_dags/example_outlet_event_extra.py for tasks to queue
[2025-11-14T21:21:56.867+0000] {logging_mixin.py:190} INFO - [2025-11-14T21:21:56.865+0000] {dagbag.py:588} INFO - Filling up the DagBag from /home/airflow/.local/lib/python3.12/site-packages/airflow/example_dags/example_outlet_event_extra.py
[2025-11-14T21:21:58.238+0000] {processor.py:925} INFO - DAG(s) 'dataset_with_extra_by_context', 'dataset_with_extra_from_classic_operator', 'dataset_with_extra_by_yield' retrieved from /home/airflow/.local/lib/python3.12/site-packages/airflow/example_dags/example_outlet_event_extra.py
[2025-11-14T21:21:58.417+0000] {logging_mixin.py:190} INFO - [2025-11-14T21:21:58.416+0000] {dag.py:3239} INFO - Sync 3 DAGs
[2025-11-14T21:21:58.578+0000] {logging_mixin.py:190} INFO - [2025-11-14T21:21:58.577+0000] {dag.py:4180} INFO - Setting next_dagrun for dataset_with_extra_by_context to 2025-11-13 00:00:00+00:00, run_after=2025-11-14 00:00:00+00:00
[2025-11-14T21:21:58.607+0000] {logging_mixin.py:190} INFO - [2025-11-14T21:21:58.606+0000] {dag.py:4180} INFO - Setting next_dagrun for dataset_with_extra_by_yield to 2025-11-13 00:00:00+00:00, run_after=2025-11-14 00:00:00+00:00
[2025-11-14T21:21:58.627+0000] {logging_mixin.py:190} INFO - [2025-11-14T21:21:58.626+0000] {dag.py:4180} INFO - Setting next_dagrun for dataset_with_extra_from_classic_operator to 2025-11-13 00:00:00+00:00, run_after=2025-11-14 00:00:00+00:00
[2025-11-14T21:21:58.757+0000] {processor.py:208} INFO - Processing /home/airflow/.local/lib/python3.12/site-packages/airflow/example_dags/example_outlet_event_extra.py took 1.960 seconds
[2025-11-14T21:22:29.672+0000] {processor.py:186} INFO - Started process (PID=809) to work on /home/airflow/.local/lib/python3.12/site-packages/airflow/example_dags/example_outlet_event_extra.py
[2025-11-14T21:22:29.678+0000] {processor.py:914} INFO - Processing file /home/airflow/.local/lib/python3.12/site-packages/airflow/example_dags/example_outlet_event_extra.py for tasks to queue
[2025-11-14T21:22:29.701+0000] {logging_mixin.py:190} INFO - [2025-11-14T21:22:29.699+0000] {dagbag.py:588} INFO - Filling up the DagBag from /home/airflow/.local/lib/python3.12/site-packages/airflow/example_dags/example_outlet_event_extra.py
[2025-11-14T21:22:30.458+0000] {processor.py:925} INFO - DAG(s) 'dataset_with_extra_from_classic_operator', 'dataset_with_extra_by_yield', 'dataset_with_extra_by_context' retrieved from /home/airflow/.local/lib/python3.12/site-packages/airflow/example_dags/example_outlet_event_extra.py
[2025-11-14T21:22:30.652+0000] {logging_mixin.py:190} INFO - [2025-11-14T21:22:30.651+0000] {dag.py:3239} INFO - Sync 3 DAGs
[2025-11-14T21:22:30.894+0000] {logging_mixin.py:190} INFO - [2025-11-14T21:22:30.892+0000] {dag.py:4180} INFO - Setting next_dagrun for dataset_with_extra_by_context to 2025-11-13 00:00:00+00:00, run_after=2025-11-14 00:00:00+00:00
[2025-11-14T21:22:30.993+0000] {logging_mixin.py:190} INFO - [2025-11-14T21:22:30.992+0000] {dag.py:4180} INFO - Setting next_dagrun for dataset_with_extra_by_yield to 2025-11-13 00:00:00+00:00, run_after=2025-11-14 00:00:00+00:00
[2025-11-14T21:22:31.064+0000] {logging_mixin.py:190} INFO - [2025-11-14T21:22:31.063+0000] {dag.py:4180} INFO - Setting next_dagrun for dataset_with_extra_from_classic_operator to 2025-11-13 00:00:00+00:00, run_after=2025-11-14 00:00:00+00:00
[2025-11-14T21:22:31.261+0000] {processor.py:208} INFO - Processing /home/airflow/.local/lib/python3.12/site-packages/airflow/example_dags/example_outlet_event_extra.py took 1.619 seconds
[2025-11-14T21:23:01.519+0000] {processor.py:186} INFO - Started process (PID=882) to work on /home/airflow/.local/lib/python3.12/site-packages/airflow/example_dags/example_outlet_event_extra.py
[2025-11-14T21:23:01.523+0000] {processor.py:914} INFO - Processing file /home/airflow/.local/lib/python3.12/site-packages/airflow/example_dags/example_outlet_event_extra.py for tasks to queue
[2025-11-14T21:23:01.532+0000] {logging_mixin.py:190} INFO - [2025-11-14T21:23:01.531+0000] {dagbag.py:588} INFO - Filling up the DagBag from /home/airflow/.local/lib/python3.12/site-packages/airflow/example_dags/example_outlet_event_extra.py
[2025-11-14T21:23:02.098+0000] {processor.py:925} INFO - DAG(s) 'dataset_with_extra_by_context', 'dataset_with_extra_by_yield', 'dataset_with_extra_from_classic_operator' retrieved from /home/airflow/.local/lib/python3.12/site-packages/airflow/example_dags/example_outlet_event_extra.py
[2025-11-14T21:23:02.199+0000] {logging_mixin.py:190} INFO - [2025-11-14T21:23:02.197+0000] {dag.py:3239} INFO - Sync 3 DAGs
[2025-11-14T21:23:02.319+0000] {logging_mixin.py:190} INFO - [2025-11-14T21:23:02.318+0000] {dag.py:4180} INFO - Setting next_dagrun for dataset_with_extra_by_context to 2025-11-13 00:00:00+00:00, run_after=2025-11-14 00:00:00+00:00
[2025-11-14T21:23:02.342+0000] {logging_mixin.py:190} INFO - [2025-11-14T21:23:02.341+0000] {dag.py:4180} INFO - Setting next_dagrun for dataset_with_extra_by_yield to 2025-11-13 00:00:00+00:00, run_after=2025-11-14 00:00:00+00:00
[2025-11-14T21:23:02.358+0000] {logging_mixin.py:190} INFO - [2025-11-14T21:23:02.357+0000] {dag.py:4180} INFO - Setting next_dagrun for dataset_with_extra_from_classic_operator to 2025-11-13 00:00:00+00:00, run_after=2025-11-14 00:00:00+00:00
[2025-11-14T21:23:02.437+0000] {processor.py:208} INFO - Processing /home/airflow/.local/lib/python3.12/site-packages/airflow/example_dags/example_outlet_event_extra.py took 0.943 seconds
[2025-11-14T21:23:32.941+0000] {processor.py:186} INFO - Started process (PID=947) to work on /home/airflow/.local/lib/python3.12/site-packages/airflow/example_dags/example_outlet_event_extra.py
[2025-11-14T21:23:32.948+0000] {processor.py:914} INFO - Processing file /home/airflow/.local/lib/python3.12/site-packages/airflow/example_dags/example_outlet_event_extra.py for tasks to queue
[2025-11-14T21:23:32.958+0000] {logging_mixin.py:190} INFO - [2025-11-14T21:23:32.957+0000] {dagbag.py:588} INFO - Filling up the DagBag from /home/airflow/.local/lib/python3.12/site-packages/airflow/example_dags/example_outlet_event_extra.py
[2025-11-14T21:23:33.435+0000] {processor.py:925} INFO - DAG(s) 'dataset_with_extra_by_yield', 'dataset_with_extra_by_context', 'dataset_with_extra_from_classic_operator' retrieved from /home/airflow/.local/lib/python3.12/site-packages/airflow/example_dags/example_outlet_event_extra.py
[2025-11-14T21:23:33.535+0000] {logging_mixin.py:190} INFO - [2025-11-14T21:23:33.534+0000] {dag.py:3239} INFO - Sync 3 DAGs
[2025-11-14T21:23:33.635+0000] {logging_mixin.py:190} INFO - [2025-11-14T21:23:33.635+0000] {dag.py:4180} INFO - Setting next_dagrun for dataset_with_extra_by_context to 2025-11-13 00:00:00+00:00, run_after=2025-11-14 00:00:00+00:00
[2025-11-14T21:23:33.655+0000] {logging_mixin.py:190} INFO - [2025-11-14T21:23:33.655+0000] {dag.py:4180} INFO - Setting next_dagrun for dataset_with_extra_by_yield to 2025-11-13 00:00:00+00:00, run_after=2025-11-14 00:00:00+00:00
[2025-11-14T21:23:33.666+0000] {logging_mixin.py:190} INFO - [2025-11-14T21:23:33.665+0000] {dag.py:4180} INFO - Setting next_dagrun for dataset_with_extra_from_classic_operator to 2025-11-13 00:00:00+00:00, run_after=2025-11-14 00:00:00+00:00
[2025-11-14T21:23:33.754+0000] {processor.py:208} INFO - Processing /home/airflow/.local/lib/python3.12/site-packages/airflow/example_dags/example_outlet_event_extra.py took 0.843 seconds
[2025-11-14T21:24:04.228+0000] {processor.py:186} INFO - Started process (PID=1010) to work on /home/airflow/.local/lib/python3.12/site-packages/airflow/example_dags/example_outlet_event_extra.py
[2025-11-14T21:24:04.233+0000] {processor.py:914} INFO - Processing file /home/airflow/.local/lib/python3.12/site-packages/airflow/example_dags/example_outlet_event_extra.py for tasks to queue
[2025-11-14T21:24:04.247+0000] {logging_mixin.py:190} INFO - [2025-11-14T21:24:04.245+0000] {dagbag.py:588} INFO - Filling up the DagBag from /home/airflow/.local/lib/python3.12/site-packages/airflow/example_dags/example_outlet_event_extra.py
[2025-11-14T21:24:04.884+0000] {processor.py:925} INFO - DAG(s) 'dataset_with_extra_by_yield', 'dataset_with_extra_by_context', 'dataset_with_extra_from_classic_operator' retrieved from /home/airflow/.local/lib/python3.12/site-packages/airflow/example_dags/example_outlet_event_extra.py
[2025-11-14T21:24:04.993+0000] {logging_mixin.py:190} INFO - [2025-11-14T21:24:04.991+0000] {dag.py:3239} INFO - Sync 3 DAGs
[2025-11-14T21:24:05.108+0000] {logging_mixin.py:190} INFO - [2025-11-14T21:24:05.107+0000] {dag.py:4180} INFO - Setting next_dagrun for dataset_with_extra_by_context to 2025-11-13 00:00:00+00:00, run_after=2025-11-14 00:00:00+00:00
[2025-11-14T21:24:05.131+0000] {logging_mixin.py:190} INFO - [2025-11-14T21:24:05.130+0000] {dag.py:4180} INFO - Setting next_dagrun for dataset_with_extra_by_yield to 2025-11-13 00:00:00+00:00, run_after=2025-11-14 00:00:00+00:00
[2025-11-14T21:24:05.147+0000] {logging_mixin.py:190} INFO - [2025-11-14T21:24:05.146+0000] {dag.py:4180} INFO - Setting next_dagrun for dataset_with_extra_from_classic_operator to 2025-11-13 00:00:00+00:00, run_after=2025-11-14 00:00:00+00:00
[2025-11-14T21:24:05.220+0000] {processor.py:208} INFO - Processing /home/airflow/.local/lib/python3.12/site-packages/airflow/example_dags/example_outlet_event_extra.py took 1.022 seconds
[2025-11-14T21:24:36.508+0000] {processor.py:186} INFO - Started process (PID=1073) to work on /home/airflow/.local/lib/python3.12/site-packages/airflow/example_dags/example_outlet_event_extra.py
[2025-11-14T21:24:36.514+0000] {processor.py:914} INFO - Processing file /home/airflow/.local/lib/python3.12/site-packages/airflow/example_dags/example_outlet_event_extra.py for tasks to queue
[2025-11-14T21:24:36.524+0000] {logging_mixin.py:190} INFO - [2025-11-14T21:24:36.523+0000] {dagbag.py:588} INFO - Filling up the DagBag from /home/airflow/.local/lib/python3.12/site-packages/airflow/example_dags/example_outlet_event_extra.py
[2025-11-14T21:24:37.077+0000] {processor.py:925} INFO - DAG(s) 'dataset_with_extra_by_yield', 'dataset_with_extra_by_context', 'dataset_with_extra_from_classic_operator' retrieved from /home/airflow/.local/lib/python3.12/site-packages/airflow/example_dags/example_outlet_event_extra.py
[2025-11-14T21:24:37.177+0000] {logging_mixin.py:190} INFO - [2025-11-14T21:24:37.177+0000] {dag.py:3239} INFO - Sync 3 DAGs
[2025-11-14T21:24:37.306+0000] {logging_mixin.py:190} INFO - [2025-11-14T21:24:37.306+0000] {dag.py:4180} INFO - Setting next_dagrun for dataset_with_extra_by_context to 2025-11-13 00:00:00+00:00, run_after=2025-11-14 00:00:00+00:00
[2025-11-14T21:24:37.328+0000] {logging_mixin.py:190} INFO - [2025-11-14T21:24:37.328+0000] {dag.py:4180} INFO - Setting next_dagrun for dataset_with_extra_by_yield to 2025-11-13 00:00:00+00:00, run_after=2025-11-14 00:00:00+00:00
[2025-11-14T21:24:37.367+0000] {logging_mixin.py:190} INFO - [2025-11-14T21:24:37.366+0000] {dag.py:4180} INFO - Setting next_dagrun for dataset_with_extra_from_classic_operator to 2025-11-13 00:00:00+00:00, run_after=2025-11-14 00:00:00+00:00
[2025-11-14T21:24:37.460+0000] {processor.py:208} INFO - Processing /home/airflow/.local/lib/python3.12/site-packages/airflow/example_dags/example_outlet_event_extra.py took 0.986 seconds
[2025-11-14T21:25:07.993+0000] {processor.py:186} INFO - Started process (PID=1137) to work on /home/airflow/.local/lib/python3.12/site-packages/airflow/example_dags/example_outlet_event_extra.py
[2025-11-14T21:25:07.996+0000] {processor.py:914} INFO - Processing file /home/airflow/.local/lib/python3.12/site-packages/airflow/example_dags/example_outlet_event_extra.py for tasks to queue
[2025-11-14T21:25:08.002+0000] {logging_mixin.py:190} INFO - [2025-11-14T21:25:08.001+0000] {dagbag.py:588} INFO - Filling up the DagBag from /home/airflow/.local/lib/python3.12/site-packages/airflow/example_dags/example_outlet_event_extra.py
[2025-11-14T21:25:08.338+0000] {processor.py:925} INFO - DAG(s) 'dataset_with_extra_by_yield', 'dataset_with_extra_by_context', 'dataset_with_extra_from_classic_operator' retrieved from /home/airflow/.local/lib/python3.12/site-packages/airflow/example_dags/example_outlet_event_extra.py
[2025-11-14T21:25:08.397+0000] {logging_mixin.py:190} INFO - [2025-11-14T21:25:08.397+0000] {dag.py:3239} INFO - Sync 3 DAGs
[2025-11-14T21:25:08.458+0000] {logging_mixin.py:190} INFO - [2025-11-14T21:25:08.458+0000] {dag.py:4180} INFO - Setting next_dagrun for dataset_with_extra_by_context to 2025-11-13 00:00:00+00:00, run_after=2025-11-14 00:00:00+00:00
[2025-11-14T21:25:08.470+0000] {logging_mixin.py:190} INFO - [2025-11-14T21:25:08.470+0000] {dag.py:4180} INFO - Setting next_dagrun for dataset_with_extra_by_yield to 2025-11-13 00:00:00+00:00, run_after=2025-11-14 00:00:00+00:00
[2025-11-14T21:25:08.477+0000] {logging_mixin.py:190} INFO - [2025-11-14T21:25:08.477+0000] {dag.py:4180} INFO - Setting next_dagrun for dataset_with_extra_from_classic_operator to 2025-11-13 00:00:00+00:00, run_after=2025-11-14 00:00:00+00:00
[2025-11-14T21:25:08.526+0000] {processor.py:208} INFO - Processing /home/airflow/.local/lib/python3.12/site-packages/airflow/example_dags/example_outlet_event_extra.py took 0.572 seconds
[2025-11-14T21:25:39.824+0000] {processor.py:186} INFO - Started process (PID=1202) to work on /home/airflow/.local/lib/python3.12/site-packages/airflow/example_dags/example_outlet_event_extra.py
[2025-11-14T21:25:39.842+0000] {processor.py:914} INFO - Processing file /home/airflow/.local/lib/python3.12/site-packages/airflow/example_dags/example_outlet_event_extra.py for tasks to queue
[2025-11-14T21:25:39.864+0000] {logging_mixin.py:190} INFO - [2025-11-14T21:25:39.862+0000] {dagbag.py:588} INFO - Filling up the DagBag from /home/airflow/.local/lib/python3.12/site-packages/airflow/example_dags/example_outlet_event_extra.py
[2025-11-14T21:25:40.446+0000] {processor.py:925} INFO - DAG(s) 'dataset_with_extra_by_yield', 'dataset_with_extra_by_context', 'dataset_with_extra_from_classic_operator' retrieved from /home/airflow/.local/lib/python3.12/site-packages/airflow/example_dags/example_outlet_event_extra.py
[2025-11-14T21:25:40.521+0000] {logging_mixin.py:190} INFO - [2025-11-14T21:25:40.520+0000] {dag.py:3239} INFO - Sync 3 DAGs
[2025-11-14T21:25:40.595+0000] {logging_mixin.py:190} INFO - [2025-11-14T21:25:40.595+0000] {dag.py:4180} INFO - Setting next_dagrun for dataset_with_extra_by_context to 2025-11-13 00:00:00+00:00, run_after=2025-11-14 00:00:00+00:00
[2025-11-14T21:25:40.608+0000] {logging_mixin.py:190} INFO - [2025-11-14T21:25:40.607+0000] {dag.py:4180} INFO - Setting next_dagrun for dataset_with_extra_by_yield to 2025-11-13 00:00:00+00:00, run_after=2025-11-14 00:00:00+00:00
[2025-11-14T21:25:40.617+0000] {logging_mixin.py:190} INFO - [2025-11-14T21:25:40.617+0000] {dag.py:4180} INFO - Setting next_dagrun for dataset_with_extra_from_classic_operator to 2025-11-13 00:00:00+00:00, run_after=2025-11-14 00:00:00+00:00
[2025-11-14T21:25:40.661+0000] {processor.py:208} INFO - Processing /home/airflow/.local/lib/python3.12/site-packages/airflow/example_dags/example_outlet_event_extra.py took 0.922 seconds
[2025-11-14T21:26:10.845+0000] {processor.py:186} INFO - Started process (PID=1267) to work on /home/airflow/.local/lib/python3.12/site-packages/airflow/example_dags/example_outlet_event_extra.py
[2025-11-14T21:26:10.848+0000] {processor.py:914} INFO - Processing file /home/airflow/.local/lib/python3.12/site-packages/airflow/example_dags/example_outlet_event_extra.py for tasks to queue
[2025-11-14T21:26:10.853+0000] {logging_mixin.py:190} INFO - [2025-11-14T21:26:10.852+0000] {dagbag.py:588} INFO - Filling up the DagBag from /home/airflow/.local/lib/python3.12/site-packages/airflow/example_dags/example_outlet_event_extra.py
[2025-11-14T21:26:11.132+0000] {processor.py:925} INFO - DAG(s) 'dataset_with_extra_from_classic_operator', 'dataset_with_extra_by_context', 'dataset_with_extra_by_yield' retrieved from /home/airflow/.local/lib/python3.12/site-packages/airflow/example_dags/example_outlet_event_extra.py
[2025-11-14T21:26:11.179+0000] {logging_mixin.py:190} INFO - [2025-11-14T21:26:11.179+0000] {dag.py:3239} INFO - Sync 3 DAGs
[2025-11-14T21:26:11.234+0000] {logging_mixin.py:190} INFO - [2025-11-14T21:26:11.234+0000] {dag.py:4180} INFO - Setting next_dagrun for dataset_with_extra_by_context to 2025-11-13 00:00:00+00:00, run_after=2025-11-14 00:00:00+00:00
[2025-11-14T21:26:11.249+0000] {logging_mixin.py:190} INFO - [2025-11-14T21:26:11.248+0000] {dag.py:4180} INFO - Setting next_dagrun for dataset_with_extra_by_yield to 2025-11-13 00:00:00+00:00, run_after=2025-11-14 00:00:00+00:00
[2025-11-14T21:26:11.255+0000] {logging_mixin.py:190} INFO - [2025-11-14T21:26:11.254+0000] {dag.py:4180} INFO - Setting next_dagrun for dataset_with_extra_from_classic_operator to 2025-11-13 00:00:00+00:00, run_after=2025-11-14 00:00:00+00:00
[2025-11-14T21:26:11.311+0000] {processor.py:208} INFO - Processing /home/airflow/.local/lib/python3.12/site-packages/airflow/example_dags/example_outlet_event_extra.py took 0.478 seconds
[2025-11-14T21:26:42.177+0000] {processor.py:186} INFO - Started process (PID=1332) to work on /home/airflow/.local/lib/python3.12/site-packages/airflow/example_dags/example_outlet_event_extra.py
[2025-11-14T21:26:42.180+0000] {processor.py:914} INFO - Processing file /home/airflow/.local/lib/python3.12/site-packages/airflow/example_dags/example_outlet_event_extra.py for tasks to queue
[2025-11-14T21:26:42.189+0000] {logging_mixin.py:190} INFO - [2025-11-14T21:26:42.188+0000] {dagbag.py:588} INFO - Filling up the DagBag from /home/airflow/.local/lib/python3.12/site-packages/airflow/example_dags/example_outlet_event_extra.py
[2025-11-14T21:26:42.465+0000] {processor.py:925} INFO - DAG(s) 'dataset_with_extra_from_classic_operator', 'dataset_with_extra_by_context', 'dataset_with_extra_by_yield' retrieved from /home/airflow/.local/lib/python3.12/site-packages/airflow/example_dags/example_outlet_event_extra.py
[2025-11-14T21:26:42.520+0000] {logging_mixin.py:190} INFO - [2025-11-14T21:26:42.519+0000] {dag.py:3239} INFO - Sync 3 DAGs
[2025-11-14T21:26:42.570+0000] {logging_mixin.py:190} INFO - [2025-11-14T21:26:42.569+0000] {dag.py:4180} INFO - Setting next_dagrun for dataset_with_extra_by_context to 2025-11-13 00:00:00+00:00, run_after=2025-11-14 00:00:00+00:00
[2025-11-14T21:26:42.580+0000] {logging_mixin.py:190} INFO - [2025-11-14T21:26:42.580+0000] {dag.py:4180} INFO - Setting next_dagrun for dataset_with_extra_by_yield to 2025-11-13 00:00:00+00:00, run_after=2025-11-14 00:00:00+00:00
[2025-11-14T21:26:42.587+0000] {logging_mixin.py:190} INFO - [2025-11-14T21:26:42.586+0000] {dag.py:4180} INFO - Setting next_dagrun for dataset_with_extra_from_classic_operator to 2025-11-13 00:00:00+00:00, run_after=2025-11-14 00:00:00+00:00
[2025-11-14T21:26:42.635+0000] {processor.py:208} INFO - Processing /home/airflow/.local/lib/python3.12/site-packages/airflow/example_dags/example_outlet_event_extra.py took 0.471 seconds
[2025-11-14T21:27:12.944+0000] {processor.py:186} INFO - Started process (PID=1395) to work on /home/airflow/.local/lib/python3.12/site-packages/airflow/example_dags/example_outlet_event_extra.py
[2025-11-14T21:27:12.946+0000] {processor.py:914} INFO - Processing file /home/airflow/.local/lib/python3.12/site-packages/airflow/example_dags/example_outlet_event_extra.py for tasks to queue
[2025-11-14T21:27:12.951+0000] {logging_mixin.py:190} INFO - [2025-11-14T21:27:12.951+0000] {dagbag.py:588} INFO - Filling up the DagBag from /home/airflow/.local/lib/python3.12/site-packages/airflow/example_dags/example_outlet_event_extra.py
[2025-11-14T21:27:13.222+0000] {processor.py:925} INFO - DAG(s) 'dataset_with_extra_by_context', 'dataset_with_extra_by_yield', 'dataset_with_extra_from_classic_operator' retrieved from /home/airflow/.local/lib/python3.12/site-packages/airflow/example_dags/example_outlet_event_extra.py
[2025-11-14T21:27:13.271+0000] {logging_mixin.py:190} INFO - [2025-11-14T21:27:13.271+0000] {dag.py:3239} INFO - Sync 3 DAGs
[2025-11-14T21:27:13.315+0000] {logging_mixin.py:190} INFO - [2025-11-14T21:27:13.315+0000] {dag.py:4180} INFO - Setting next_dagrun for dataset_with_extra_by_context to 2025-11-13 00:00:00+00:00, run_after=2025-11-14 00:00:00+00:00
[2025-11-14T21:27:13.324+0000] {logging_mixin.py:190} INFO - [2025-11-14T21:27:13.324+0000] {dag.py:4180} INFO - Setting next_dagrun for dataset_with_extra_by_yield to 2025-11-13 00:00:00+00:00, run_after=2025-11-14 00:00:00+00:00
[2025-11-14T21:27:13.330+0000] {logging_mixin.py:190} INFO - [2025-11-14T21:27:13.330+0000] {dag.py:4180} INFO - Setting next_dagrun for dataset_with_extra_from_classic_operator to 2025-11-13 00:00:00+00:00, run_after=2025-11-14 00:00:00+00:00
[2025-11-14T21:27:13.365+0000] {processor.py:208} INFO - Processing /home/airflow/.local/lib/python3.12/site-packages/airflow/example_dags/example_outlet_event_extra.py took 0.433 seconds
[2025-11-14T21:27:43.443+0000] {processor.py:186} INFO - Started process (PID=1458) to work on /home/airflow/.local/lib/python3.12/site-packages/airflow/example_dags/example_outlet_event_extra.py
[2025-11-14T21:27:43.447+0000] {processor.py:914} INFO - Processing file /home/airflow/.local/lib/python3.12/site-packages/airflow/example_dags/example_outlet_event_extra.py for tasks to queue
[2025-11-14T21:27:43.452+0000] {logging_mixin.py:190} INFO - [2025-11-14T21:27:43.452+0000] {dagbag.py:588} INFO - Filling up the DagBag from /home/airflow/.local/lib/python3.12/site-packages/airflow/example_dags/example_outlet_event_extra.py
[2025-11-14T21:27:43.794+0000] {processor.py:925} INFO - DAG(s) 'dataset_with_extra_by_yield', 'dataset_with_extra_from_classic_operator', 'dataset_with_extra_by_context' retrieved from /home/airflow/.local/lib/python3.12/site-packages/airflow/example_dags/example_outlet_event_extra.py
[2025-11-14T21:27:43.852+0000] {logging_mixin.py:190} INFO - [2025-11-14T21:27:43.852+0000] {dag.py:3239} INFO - Sync 3 DAGs
[2025-11-14T21:27:43.910+0000] {logging_mixin.py:190} INFO - [2025-11-14T21:27:43.910+0000] {dag.py:4180} INFO - Setting next_dagrun for dataset_with_extra_by_context to 2025-11-13 00:00:00+00:00, run_after=2025-11-14 00:00:00+00:00
[2025-11-14T21:27:43.921+0000] {logging_mixin.py:190} INFO - [2025-11-14T21:27:43.921+0000] {dag.py:4180} INFO - Setting next_dagrun for dataset_with_extra_by_yield to 2025-11-13 00:00:00+00:00, run_after=2025-11-14 00:00:00+00:00
[2025-11-14T21:27:43.927+0000] {logging_mixin.py:190} INFO - [2025-11-14T21:27:43.927+0000] {dag.py:4180} INFO - Setting next_dagrun for dataset_with_extra_from_classic_operator to 2025-11-13 00:00:00+00:00, run_after=2025-11-14 00:00:00+00:00
[2025-11-14T21:27:43.977+0000] {processor.py:208} INFO - Processing /home/airflow/.local/lib/python3.12/site-packages/airflow/example_dags/example_outlet_event_extra.py took 0.547 seconds
[2025-11-14T21:28:14.163+0000] {processor.py:186} INFO - Started process (PID=1521) to work on /home/airflow/.local/lib/python3.12/site-packages/airflow/example_dags/example_outlet_event_extra.py
[2025-11-14T21:28:14.167+0000] {processor.py:914} INFO - Processing file /home/airflow/.local/lib/python3.12/site-packages/airflow/example_dags/example_outlet_event_extra.py for tasks to queue
[2025-11-14T21:28:14.178+0000] {logging_mixin.py:190} INFO - [2025-11-14T21:28:14.177+0000] {dagbag.py:588} INFO - Filling up the DagBag from /home/airflow/.local/lib/python3.12/site-packages/airflow/example_dags/example_outlet_event_extra.py
[2025-11-14T21:28:14.524+0000] {processor.py:925} INFO - DAG(s) 'dataset_with_extra_by_context', 'dataset_with_extra_from_classic_operator', 'dataset_with_extra_by_yield' retrieved from /home/airflow/.local/lib/python3.12/site-packages/airflow/example_dags/example_outlet_event_extra.py
[2025-11-14T21:28:14.585+0000] {logging_mixin.py:190} INFO - [2025-11-14T21:28:14.584+0000] {dag.py:3239} INFO - Sync 3 DAGs
[2025-11-14T21:28:14.641+0000] {logging_mixin.py:190} INFO - [2025-11-14T21:28:14.641+0000] {dag.py:4180} INFO - Setting next_dagrun for dataset_with_extra_by_context to 2025-11-13 00:00:00+00:00, run_after=2025-11-14 00:00:00+00:00
[2025-11-14T21:28:14.653+0000] {logging_mixin.py:190} INFO - [2025-11-14T21:28:14.652+0000] {dag.py:4180} INFO - Setting next_dagrun for dataset_with_extra_by_yield to 2025-11-13 00:00:00+00:00, run_after=2025-11-14 00:00:00+00:00
[2025-11-14T21:28:14.659+0000] {logging_mixin.py:190} INFO - [2025-11-14T21:28:14.658+0000] {dag.py:4180} INFO - Setting next_dagrun for dataset_with_extra_from_classic_operator to 2025-11-13 00:00:00+00:00, run_after=2025-11-14 00:00:00+00:00
[2025-11-14T21:28:14.702+0000] {processor.py:208} INFO - Processing /home/airflow/.local/lib/python3.12/site-packages/airflow/example_dags/example_outlet_event_extra.py took 0.554 seconds
