[2025-11-14T21:15:51.139+0000] {processor.py:186} INFO - Started process (PID=83) to work on /home/airflow/.local/lib/python3.12/site-packages/airflow/example_dags/example_python_decorator.py
[2025-11-14T21:15:51.141+0000] {processor.py:914} INFO - Processing file /home/airflow/.local/lib/python3.12/site-packages/airflow/example_dags/example_python_decorator.py for tasks to queue
[2025-11-14T21:15:51.148+0000] {logging_mixin.py:190} INFO - [2025-11-14T21:15:51.147+0000] {dagbag.py:588} INFO - Filling up the DagBag from /home/airflow/.local/lib/python3.12/site-packages/airflow/example_dags/example_python_decorator.py
[2025-11-14T21:15:51.186+0000] {processor.py:925} INFO - DAG(s) 'example_python_decorator' retrieved from /home/airflow/.local/lib/python3.12/site-packages/airflow/example_dags/example_python_decorator.py
[2025-11-14T21:15:51.426+0000] {logging_mixin.py:190} INFO - [2025-11-14T21:15:51.425+0000] {override.py:1900} INFO - Created Permission View: can edit on DAG:example_python_decorator
[2025-11-14T21:15:51.444+0000] {logging_mixin.py:190} INFO - [2025-11-14T21:15:51.444+0000] {override.py:1900} INFO - Created Permission View: can delete on DAG:example_python_decorator
[2025-11-14T21:15:51.455+0000] {logging_mixin.py:190} INFO - [2025-11-14T21:15:51.455+0000] {override.py:1900} INFO - Created Permission View: can read on DAG:example_python_decorator
[2025-11-14T21:15:51.466+0000] {logging_mixin.py:190} INFO - [2025-11-14T21:15:51.466+0000] {override.py:1900} INFO - Created Permission View: menu access on DAG Run:example_python_decorator
[2025-11-14T21:15:51.478+0000] {logging_mixin.py:190} INFO - [2025-11-14T21:15:51.478+0000] {override.py:1900} INFO - Created Permission View: can create on DAG Run:example_python_decorator
[2025-11-14T21:15:51.489+0000] {logging_mixin.py:190} INFO - [2025-11-14T21:15:51.489+0000] {override.py:1900} INFO - Created Permission View: can delete on DAG Run:example_python_decorator
[2025-11-14T21:15:51.503+0000] {logging_mixin.py:190} INFO - [2025-11-14T21:15:51.503+0000] {override.py:1900} INFO - Created Permission View: can read on DAG Run:example_python_decorator
[2025-11-14T21:15:51.505+0000] {logging_mixin.py:190} INFO - [2025-11-14T21:15:51.505+0000] {dag.py:3239} INFO - Sync 1 DAGs
[2025-11-14T21:15:51.535+0000] {logging_mixin.py:190} INFO - [2025-11-14T21:15:51.535+0000] {dag.py:3262} INFO - Creating ORM DAG for example_python_decorator
[2025-11-14T21:15:51.539+0000] {logging_mixin.py:190} INFO - [2025-11-14T21:15:51.538+0000] {dag.py:4180} INFO - Setting next_dagrun for example_python_decorator to None, run_after=None
[2025-11-14T21:15:51.575+0000] {processor.py:208} INFO - Processing /home/airflow/.local/lib/python3.12/site-packages/airflow/example_dags/example_python_decorator.py took 0.449 seconds
[2025-11-14T21:16:22.162+0000] {processor.py:186} INFO - Started process (PID=147) to work on /home/airflow/.local/lib/python3.12/site-packages/airflow/example_dags/example_python_decorator.py
[2025-11-14T21:16:22.164+0000] {processor.py:914} INFO - Processing file /home/airflow/.local/lib/python3.12/site-packages/airflow/example_dags/example_python_decorator.py for tasks to queue
[2025-11-14T21:16:22.168+0000] {logging_mixin.py:190} INFO - [2025-11-14T21:16:22.168+0000] {dagbag.py:588} INFO - Filling up the DagBag from /home/airflow/.local/lib/python3.12/site-packages/airflow/example_dags/example_python_decorator.py
[2025-11-14T21:16:22.192+0000] {processor.py:925} INFO - DAG(s) 'example_python_decorator' retrieved from /home/airflow/.local/lib/python3.12/site-packages/airflow/example_dags/example_python_decorator.py
[2025-11-14T21:16:22.225+0000] {logging_mixin.py:190} INFO - [2025-11-14T21:16:22.225+0000] {dag.py:3239} INFO - Sync 1 DAGs
[2025-11-14T21:16:22.249+0000] {logging_mixin.py:190} INFO - [2025-11-14T21:16:22.249+0000] {dag.py:4180} INFO - Setting next_dagrun for example_python_decorator to None, run_after=None
[2025-11-14T21:16:22.277+0000] {processor.py:208} INFO - Processing /home/airflow/.local/lib/python3.12/site-packages/airflow/example_dags/example_python_decorator.py took 0.126 seconds
[2025-11-14T21:16:52.738+0000] {processor.py:186} INFO - Started process (PID=210) to work on /home/airflow/.local/lib/python3.12/site-packages/airflow/example_dags/example_python_decorator.py
[2025-11-14T21:16:52.739+0000] {processor.py:914} INFO - Processing file /home/airflow/.local/lib/python3.12/site-packages/airflow/example_dags/example_python_decorator.py for tasks to queue
[2025-11-14T21:16:52.742+0000] {logging_mixin.py:190} INFO - [2025-11-14T21:16:52.742+0000] {dagbag.py:588} INFO - Filling up the DagBag from /home/airflow/.local/lib/python3.12/site-packages/airflow/example_dags/example_python_decorator.py
[2025-11-14T21:16:52.760+0000] {processor.py:925} INFO - DAG(s) 'example_python_decorator' retrieved from /home/airflow/.local/lib/python3.12/site-packages/airflow/example_dags/example_python_decorator.py
[2025-11-14T21:16:52.782+0000] {logging_mixin.py:190} INFO - [2025-11-14T21:16:52.782+0000] {dag.py:3239} INFO - Sync 1 DAGs
[2025-11-14T21:16:52.798+0000] {logging_mixin.py:190} INFO - [2025-11-14T21:16:52.798+0000] {dag.py:4180} INFO - Setting next_dagrun for example_python_decorator to None, run_after=None
[2025-11-14T21:16:52.817+0000] {processor.py:208} INFO - Processing /home/airflow/.local/lib/python3.12/site-packages/airflow/example_dags/example_python_decorator.py took 0.087 seconds
[2025-11-14T21:17:23.133+0000] {processor.py:186} INFO - Started process (PID=273) to work on /home/airflow/.local/lib/python3.12/site-packages/airflow/example_dags/example_python_decorator.py
[2025-11-14T21:17:23.134+0000] {processor.py:914} INFO - Processing file /home/airflow/.local/lib/python3.12/site-packages/airflow/example_dags/example_python_decorator.py for tasks to queue
[2025-11-14T21:17:23.137+0000] {logging_mixin.py:190} INFO - [2025-11-14T21:17:23.137+0000] {dagbag.py:588} INFO - Filling up the DagBag from /home/airflow/.local/lib/python3.12/site-packages/airflow/example_dags/example_python_decorator.py
[2025-11-14T21:17:23.155+0000] {processor.py:925} INFO - DAG(s) 'example_python_decorator' retrieved from /home/airflow/.local/lib/python3.12/site-packages/airflow/example_dags/example_python_decorator.py
[2025-11-14T21:17:23.179+0000] {logging_mixin.py:190} INFO - [2025-11-14T21:17:23.179+0000] {dag.py:3239} INFO - Sync 1 DAGs
[2025-11-14T21:17:23.195+0000] {logging_mixin.py:190} INFO - [2025-11-14T21:17:23.195+0000] {dag.py:4180} INFO - Setting next_dagrun for example_python_decorator to None, run_after=None
[2025-11-14T21:17:23.214+0000] {processor.py:208} INFO - Processing /home/airflow/.local/lib/python3.12/site-packages/airflow/example_dags/example_python_decorator.py took 0.089 seconds
[2025-11-14T21:17:54.196+0000] {processor.py:186} INFO - Started process (PID=336) to work on /home/airflow/.local/lib/python3.12/site-packages/airflow/example_dags/example_python_decorator.py
[2025-11-14T21:17:54.198+0000] {processor.py:914} INFO - Processing file /home/airflow/.local/lib/python3.12/site-packages/airflow/example_dags/example_python_decorator.py for tasks to queue
[2025-11-14T21:17:54.201+0000] {logging_mixin.py:190} INFO - [2025-11-14T21:17:54.201+0000] {dagbag.py:588} INFO - Filling up the DagBag from /home/airflow/.local/lib/python3.12/site-packages/airflow/example_dags/example_python_decorator.py
[2025-11-14T21:17:54.218+0000] {processor.py:925} INFO - DAG(s) 'example_python_decorator' retrieved from /home/airflow/.local/lib/python3.12/site-packages/airflow/example_dags/example_python_decorator.py
[2025-11-14T21:17:54.243+0000] {logging_mixin.py:190} INFO - [2025-11-14T21:17:54.243+0000] {dag.py:3239} INFO - Sync 1 DAGs
[2025-11-14T21:17:54.258+0000] {logging_mixin.py:190} INFO - [2025-11-14T21:17:54.258+0000] {dag.py:4180} INFO - Setting next_dagrun for example_python_decorator to None, run_after=None
[2025-11-14T21:17:54.280+0000] {processor.py:208} INFO - Processing /home/airflow/.local/lib/python3.12/site-packages/airflow/example_dags/example_python_decorator.py took 0.093 seconds
[2025-11-14T21:18:24.366+0000] {processor.py:186} INFO - Started process (PID=399) to work on /home/airflow/.local/lib/python3.12/site-packages/airflow/example_dags/example_python_decorator.py
[2025-11-14T21:18:24.370+0000] {processor.py:914} INFO - Processing file /home/airflow/.local/lib/python3.12/site-packages/airflow/example_dags/example_python_decorator.py for tasks to queue
[2025-11-14T21:18:24.373+0000] {logging_mixin.py:190} INFO - [2025-11-14T21:18:24.373+0000] {dagbag.py:588} INFO - Filling up the DagBag from /home/airflow/.local/lib/python3.12/site-packages/airflow/example_dags/example_python_decorator.py
[2025-11-14T21:18:24.393+0000] {processor.py:925} INFO - DAG(s) 'example_python_decorator' retrieved from /home/airflow/.local/lib/python3.12/site-packages/airflow/example_dags/example_python_decorator.py
[2025-11-14T21:18:24.417+0000] {logging_mixin.py:190} INFO - [2025-11-14T21:18:24.417+0000] {dag.py:3239} INFO - Sync 1 DAGs
[2025-11-14T21:18:24.441+0000] {logging_mixin.py:190} INFO - [2025-11-14T21:18:24.441+0000] {dag.py:4180} INFO - Setting next_dagrun for example_python_decorator to None, run_after=None
[2025-11-14T21:18:24.460+0000] {processor.py:208} INFO - Processing /home/airflow/.local/lib/python3.12/site-packages/airflow/example_dags/example_python_decorator.py took 0.101 seconds
[2025-11-14T21:18:55.019+0000] {processor.py:186} INFO - Started process (PID=472) to work on /home/airflow/.local/lib/python3.12/site-packages/airflow/example_dags/example_python_decorator.py
[2025-11-14T21:18:55.022+0000] {processor.py:914} INFO - Processing file /home/airflow/.local/lib/python3.12/site-packages/airflow/example_dags/example_python_decorator.py for tasks to queue
[2025-11-14T21:18:55.028+0000] {logging_mixin.py:190} INFO - [2025-11-14T21:18:55.027+0000] {dagbag.py:588} INFO - Filling up the DagBag from /home/airflow/.local/lib/python3.12/site-packages/airflow/example_dags/example_python_decorator.py
[2025-11-14T21:18:55.081+0000] {processor.py:925} INFO - DAG(s) 'example_python_decorator' retrieved from /home/airflow/.local/lib/python3.12/site-packages/airflow/example_dags/example_python_decorator.py
[2025-11-14T21:18:55.149+0000] {logging_mixin.py:190} INFO - [2025-11-14T21:18:55.148+0000] {dag.py:3239} INFO - Sync 1 DAGs
[2025-11-14T21:18:55.205+0000] {logging_mixin.py:190} INFO - [2025-11-14T21:18:55.204+0000] {dag.py:4180} INFO - Setting next_dagrun for example_python_decorator to None, run_after=None
[2025-11-14T21:18:55.259+0000] {processor.py:208} INFO - Processing /home/airflow/.local/lib/python3.12/site-packages/airflow/example_dags/example_python_decorator.py took 0.253 seconds
[2025-11-14T21:19:26.093+0000] {processor.py:186} INFO - Started process (PID=537) to work on /home/airflow/.local/lib/python3.12/site-packages/airflow/example_dags/example_python_decorator.py
[2025-11-14T21:19:26.097+0000] {processor.py:914} INFO - Processing file /home/airflow/.local/lib/python3.12/site-packages/airflow/example_dags/example_python_decorator.py for tasks to queue
[2025-11-14T21:19:26.104+0000] {logging_mixin.py:190} INFO - [2025-11-14T21:19:26.103+0000] {dagbag.py:588} INFO - Filling up the DagBag from /home/airflow/.local/lib/python3.12/site-packages/airflow/example_dags/example_python_decorator.py
[2025-11-14T21:19:26.141+0000] {processor.py:925} INFO - DAG(s) 'example_python_decorator' retrieved from /home/airflow/.local/lib/python3.12/site-packages/airflow/example_dags/example_python_decorator.py
[2025-11-14T21:19:26.199+0000] {logging_mixin.py:190} INFO - [2025-11-14T21:19:26.198+0000] {dag.py:3239} INFO - Sync 1 DAGs
[2025-11-14T21:19:26.232+0000] {logging_mixin.py:190} INFO - [2025-11-14T21:19:26.232+0000] {dag.py:4180} INFO - Setting next_dagrun for example_python_decorator to None, run_after=None
[2025-11-14T21:19:26.280+0000] {processor.py:208} INFO - Processing /home/airflow/.local/lib/python3.12/site-packages/airflow/example_dags/example_python_decorator.py took 0.201 seconds
[2025-11-14T21:19:59.358+0000] {processor.py:186} INFO - Started process (PID=611) to work on /home/airflow/.local/lib/python3.12/site-packages/airflow/example_dags/example_python_decorator.py
[2025-11-14T21:19:59.372+0000] {processor.py:914} INFO - Processing file /home/airflow/.local/lib/python3.12/site-packages/airflow/example_dags/example_python_decorator.py for tasks to queue
[2025-11-14T21:19:59.391+0000] {logging_mixin.py:190} INFO - [2025-11-14T21:19:59.390+0000] {dagbag.py:588} INFO - Filling up the DagBag from /home/airflow/.local/lib/python3.12/site-packages/airflow/example_dags/example_python_decorator.py
[2025-11-14T21:19:59.519+0000] {processor.py:925} INFO - DAG(s) 'example_python_decorator' retrieved from /home/airflow/.local/lib/python3.12/site-packages/airflow/example_dags/example_python_decorator.py
[2025-11-14T21:19:59.632+0000] {logging_mixin.py:190} INFO - [2025-11-14T21:19:59.631+0000] {dag.py:3239} INFO - Sync 1 DAGs
[2025-11-14T21:19:59.724+0000] {logging_mixin.py:190} INFO - [2025-11-14T21:19:59.723+0000] {dag.py:4180} INFO - Setting next_dagrun for example_python_decorator to None, run_after=None
[2025-11-14T21:20:00.119+0000] {processor.py:208} INFO - Processing /home/airflow/.local/lib/python3.12/site-packages/airflow/example_dags/example_python_decorator.py took 0.773 seconds
[2025-11-14T21:21:35.473+0000] {processor.py:186} INFO - Started process (PID=706) to work on /home/airflow/.local/lib/python3.12/site-packages/airflow/example_dags/example_python_decorator.py
[2025-11-14T21:21:35.482+0000] {processor.py:914} INFO - Processing file /home/airflow/.local/lib/python3.12/site-packages/airflow/example_dags/example_python_decorator.py for tasks to queue
[2025-11-14T21:21:35.500+0000] {logging_mixin.py:190} INFO - [2025-11-14T21:21:35.498+0000] {dagbag.py:588} INFO - Filling up the DagBag from /home/airflow/.local/lib/python3.12/site-packages/airflow/example_dags/example_python_decorator.py
[2025-11-14T21:21:35.599+0000] {processor.py:925} INFO - DAG(s) 'example_python_decorator' retrieved from /home/airflow/.local/lib/python3.12/site-packages/airflow/example_dags/example_python_decorator.py
[2025-11-14T21:21:35.915+0000] {logging_mixin.py:190} INFO - [2025-11-14T21:21:35.913+0000] {dag.py:3239} INFO - Sync 1 DAGs
[2025-11-14T21:21:36.095+0000] {logging_mixin.py:190} INFO - [2025-11-14T21:21:36.093+0000] {dag.py:4180} INFO - Setting next_dagrun for example_python_decorator to None, run_after=None
[2025-11-14T21:21:36.330+0000] {processor.py:208} INFO - Processing /home/airflow/.local/lib/python3.12/site-packages/airflow/example_dags/example_python_decorator.py took 0.962 seconds
[2025-11-14T21:22:06.906+0000] {processor.py:186} INFO - Started process (PID=769) to work on /home/airflow/.local/lib/python3.12/site-packages/airflow/example_dags/example_python_decorator.py
[2025-11-14T21:22:06.939+0000] {processor.py:914} INFO - Processing file /home/airflow/.local/lib/python3.12/site-packages/airflow/example_dags/example_python_decorator.py for tasks to queue
[2025-11-14T21:22:06.985+0000] {logging_mixin.py:190} INFO - [2025-11-14T21:22:06.983+0000] {dagbag.py:588} INFO - Filling up the DagBag from /home/airflow/.local/lib/python3.12/site-packages/airflow/example_dags/example_python_decorator.py
[2025-11-14T21:22:07.216+0000] {processor.py:925} INFO - DAG(s) 'example_python_decorator' retrieved from /home/airflow/.local/lib/python3.12/site-packages/airflow/example_dags/example_python_decorator.py
[2025-11-14T21:22:07.449+0000] {logging_mixin.py:190} INFO - [2025-11-14T21:22:07.447+0000] {dag.py:3239} INFO - Sync 1 DAGs
[2025-11-14T21:22:07.643+0000] {logging_mixin.py:190} INFO - [2025-11-14T21:22:07.642+0000] {dag.py:4180} INFO - Setting next_dagrun for example_python_decorator to None, run_after=None
[2025-11-14T21:22:07.833+0000] {processor.py:208} INFO - Processing /home/airflow/.local/lib/python3.12/site-packages/airflow/example_dags/example_python_decorator.py took 1.108 seconds
[2025-11-14T21:22:40.193+0000] {processor.py:186} INFO - Started process (PID=835) to work on /home/airflow/.local/lib/python3.12/site-packages/airflow/example_dags/example_python_decorator.py
[2025-11-14T21:22:40.231+0000] {processor.py:914} INFO - Processing file /home/airflow/.local/lib/python3.12/site-packages/airflow/example_dags/example_python_decorator.py for tasks to queue
[2025-11-14T21:22:40.269+0000] {logging_mixin.py:190} INFO - [2025-11-14T21:22:40.267+0000] {dagbag.py:588} INFO - Filling up the DagBag from /home/airflow/.local/lib/python3.12/site-packages/airflow/example_dags/example_python_decorator.py
[2025-11-14T21:22:40.391+0000] {processor.py:925} INFO - DAG(s) 'example_python_decorator' retrieved from /home/airflow/.local/lib/python3.12/site-packages/airflow/example_dags/example_python_decorator.py
[2025-11-14T21:22:40.656+0000] {logging_mixin.py:190} INFO - [2025-11-14T21:22:40.654+0000] {dag.py:3239} INFO - Sync 1 DAGs
[2025-11-14T21:22:40.920+0000] {logging_mixin.py:190} INFO - [2025-11-14T21:22:40.917+0000] {dag.py:4180} INFO - Setting next_dagrun for example_python_decorator to None, run_after=None
[2025-11-14T21:22:41.095+0000] {processor.py:208} INFO - Processing /home/airflow/.local/lib/python3.12/site-packages/airflow/example_dags/example_python_decorator.py took 1.069 seconds
[2025-11-14T21:23:11.960+0000] {processor.py:186} INFO - Started process (PID=899) to work on /home/airflow/.local/lib/python3.12/site-packages/airflow/example_dags/example_python_decorator.py
[2025-11-14T21:23:11.977+0000] {processor.py:914} INFO - Processing file /home/airflow/.local/lib/python3.12/site-packages/airflow/example_dags/example_python_decorator.py for tasks to queue
[2025-11-14T21:23:12.051+0000] {logging_mixin.py:190} INFO - [2025-11-14T21:23:12.044+0000] {dagbag.py:588} INFO - Filling up the DagBag from /home/airflow/.local/lib/python3.12/site-packages/airflow/example_dags/example_python_decorator.py
[2025-11-14T21:23:12.270+0000] {processor.py:925} INFO - DAG(s) 'example_python_decorator' retrieved from /home/airflow/.local/lib/python3.12/site-packages/airflow/example_dags/example_python_decorator.py
[2025-11-14T21:23:12.372+0000] {logging_mixin.py:190} INFO - [2025-11-14T21:23:12.370+0000] {dag.py:3239} INFO - Sync 1 DAGs
[2025-11-14T21:23:12.456+0000] {logging_mixin.py:190} INFO - [2025-11-14T21:23:12.456+0000] {dag.py:4180} INFO - Setting next_dagrun for example_python_decorator to None, run_after=None
[2025-11-14T21:23:12.537+0000] {processor.py:208} INFO - Processing /home/airflow/.local/lib/python3.12/site-packages/airflow/example_dags/example_python_decorator.py took 0.614 seconds
[2025-11-14T21:23:43.790+0000] {processor.py:186} INFO - Started process (PID=964) to work on /home/airflow/.local/lib/python3.12/site-packages/airflow/example_dags/example_python_decorator.py
[2025-11-14T21:23:43.794+0000] {processor.py:914} INFO - Processing file /home/airflow/.local/lib/python3.12/site-packages/airflow/example_dags/example_python_decorator.py for tasks to queue
[2025-11-14T21:23:43.802+0000] {logging_mixin.py:190} INFO - [2025-11-14T21:23:43.801+0000] {dagbag.py:588} INFO - Filling up the DagBag from /home/airflow/.local/lib/python3.12/site-packages/airflow/example_dags/example_python_decorator.py
[2025-11-14T21:23:43.852+0000] {processor.py:925} INFO - DAG(s) 'example_python_decorator' retrieved from /home/airflow/.local/lib/python3.12/site-packages/airflow/example_dags/example_python_decorator.py
[2025-11-14T21:23:43.921+0000] {logging_mixin.py:190} INFO - [2025-11-14T21:23:43.920+0000] {dag.py:3239} INFO - Sync 1 DAGs
[2025-11-14T21:23:43.968+0000] {logging_mixin.py:190} INFO - [2025-11-14T21:23:43.967+0000] {dag.py:4180} INFO - Setting next_dagrun for example_python_decorator to None, run_after=None
[2025-11-14T21:23:44.021+0000] {processor.py:208} INFO - Processing /home/airflow/.local/lib/python3.12/site-packages/airflow/example_dags/example_python_decorator.py took 0.252 seconds
[2025-11-14T21:24:16.521+0000] {processor.py:186} INFO - Started process (PID=1028) to work on /home/airflow/.local/lib/python3.12/site-packages/airflow/example_dags/example_python_decorator.py
[2025-11-14T21:24:16.526+0000] {processor.py:914} INFO - Processing file /home/airflow/.local/lib/python3.12/site-packages/airflow/example_dags/example_python_decorator.py for tasks to queue
[2025-11-14T21:24:16.537+0000] {logging_mixin.py:190} INFO - [2025-11-14T21:24:16.535+0000] {dagbag.py:588} INFO - Filling up the DagBag from /home/airflow/.local/lib/python3.12/site-packages/airflow/example_dags/example_python_decorator.py
[2025-11-14T21:24:16.604+0000] {processor.py:925} INFO - DAG(s) 'example_python_decorator' retrieved from /home/airflow/.local/lib/python3.12/site-packages/airflow/example_dags/example_python_decorator.py
[2025-11-14T21:24:16.699+0000] {logging_mixin.py:190} INFO - [2025-11-14T21:24:16.698+0000] {dag.py:3239} INFO - Sync 1 DAGs
[2025-11-14T21:24:16.756+0000] {logging_mixin.py:190} INFO - [2025-11-14T21:24:16.755+0000] {dag.py:4180} INFO - Setting next_dagrun for example_python_decorator to None, run_after=None
[2025-11-14T21:24:16.841+0000] {processor.py:208} INFO - Processing /home/airflow/.local/lib/python3.12/site-packages/airflow/example_dags/example_python_decorator.py took 0.354 seconds
[2025-11-14T21:24:48.123+0000] {processor.py:186} INFO - Started process (PID=1091) to work on /home/airflow/.local/lib/python3.12/site-packages/airflow/example_dags/example_python_decorator.py
[2025-11-14T21:24:48.130+0000] {processor.py:914} INFO - Processing file /home/airflow/.local/lib/python3.12/site-packages/airflow/example_dags/example_python_decorator.py for tasks to queue
[2025-11-14T21:24:48.140+0000] {logging_mixin.py:190} INFO - [2025-11-14T21:24:48.139+0000] {dagbag.py:588} INFO - Filling up the DagBag from /home/airflow/.local/lib/python3.12/site-packages/airflow/example_dags/example_python_decorator.py
[2025-11-14T21:24:48.194+0000] {processor.py:925} INFO - DAG(s) 'example_python_decorator' retrieved from /home/airflow/.local/lib/python3.12/site-packages/airflow/example_dags/example_python_decorator.py
[2025-11-14T21:24:48.279+0000] {logging_mixin.py:190} INFO - [2025-11-14T21:24:48.278+0000] {dag.py:3239} INFO - Sync 1 DAGs
[2025-11-14T21:24:48.338+0000] {logging_mixin.py:190} INFO - [2025-11-14T21:24:48.337+0000] {dag.py:4180} INFO - Setting next_dagrun for example_python_decorator to None, run_after=None
[2025-11-14T21:24:48.429+0000] {processor.py:208} INFO - Processing /home/airflow/.local/lib/python3.12/site-packages/airflow/example_dags/example_python_decorator.py took 0.328 seconds
[2025-11-14T21:25:19.224+0000] {processor.py:186} INFO - Started process (PID=1156) to work on /home/airflow/.local/lib/python3.12/site-packages/airflow/example_dags/example_python_decorator.py
[2025-11-14T21:25:19.229+0000] {processor.py:914} INFO - Processing file /home/airflow/.local/lib/python3.12/site-packages/airflow/example_dags/example_python_decorator.py for tasks to queue
[2025-11-14T21:25:19.239+0000] {logging_mixin.py:190} INFO - [2025-11-14T21:25:19.238+0000] {dagbag.py:588} INFO - Filling up the DagBag from /home/airflow/.local/lib/python3.12/site-packages/airflow/example_dags/example_python_decorator.py
[2025-11-14T21:25:19.296+0000] {processor.py:925} INFO - DAG(s) 'example_python_decorator' retrieved from /home/airflow/.local/lib/python3.12/site-packages/airflow/example_dags/example_python_decorator.py
[2025-11-14T21:25:19.368+0000] {logging_mixin.py:190} INFO - [2025-11-14T21:25:19.368+0000] {dag.py:3239} INFO - Sync 1 DAGs
[2025-11-14T21:25:19.416+0000] {logging_mixin.py:190} INFO - [2025-11-14T21:25:19.416+0000] {dag.py:4180} INFO - Setting next_dagrun for example_python_decorator to None, run_after=None
[2025-11-14T21:25:19.460+0000] {processor.py:208} INFO - Processing /home/airflow/.local/lib/python3.12/site-packages/airflow/example_dags/example_python_decorator.py took 0.255 seconds
[2025-11-14T21:25:49.763+0000] {processor.py:186} INFO - Started process (PID=1221) to work on /home/airflow/.local/lib/python3.12/site-packages/airflow/example_dags/example_python_decorator.py
[2025-11-14T21:25:49.765+0000] {processor.py:914} INFO - Processing file /home/airflow/.local/lib/python3.12/site-packages/airflow/example_dags/example_python_decorator.py for tasks to queue
[2025-11-14T21:25:49.770+0000] {logging_mixin.py:190} INFO - [2025-11-14T21:25:49.770+0000] {dagbag.py:588} INFO - Filling up the DagBag from /home/airflow/.local/lib/python3.12/site-packages/airflow/example_dags/example_python_decorator.py
[2025-11-14T21:25:49.809+0000] {processor.py:925} INFO - DAG(s) 'example_python_decorator' retrieved from /home/airflow/.local/lib/python3.12/site-packages/airflow/example_dags/example_python_decorator.py
[2025-11-14T21:25:49.856+0000] {logging_mixin.py:190} INFO - [2025-11-14T21:25:49.855+0000] {dag.py:3239} INFO - Sync 1 DAGs
[2025-11-14T21:25:49.887+0000] {logging_mixin.py:190} INFO - [2025-11-14T21:25:49.887+0000] {dag.py:4180} INFO - Setting next_dagrun for example_python_decorator to None, run_after=None
[2025-11-14T21:25:49.923+0000] {processor.py:208} INFO - Processing /home/airflow/.local/lib/python3.12/site-packages/airflow/example_dags/example_python_decorator.py took 0.172 seconds
[2025-11-14T21:26:20.249+0000] {processor.py:186} INFO - Started process (PID=1285) to work on /home/airflow/.local/lib/python3.12/site-packages/airflow/example_dags/example_python_decorator.py
[2025-11-14T21:26:20.252+0000] {processor.py:914} INFO - Processing file /home/airflow/.local/lib/python3.12/site-packages/airflow/example_dags/example_python_decorator.py for tasks to queue
[2025-11-14T21:26:20.257+0000] {logging_mixin.py:190} INFO - [2025-11-14T21:26:20.257+0000] {dagbag.py:588} INFO - Filling up the DagBag from /home/airflow/.local/lib/python3.12/site-packages/airflow/example_dags/example_python_decorator.py
[2025-11-14T21:26:20.287+0000] {processor.py:925} INFO - DAG(s) 'example_python_decorator' retrieved from /home/airflow/.local/lib/python3.12/site-packages/airflow/example_dags/example_python_decorator.py
[2025-11-14T21:26:20.329+0000] {logging_mixin.py:190} INFO - [2025-11-14T21:26:20.329+0000] {dag.py:3239} INFO - Sync 1 DAGs
[2025-11-14T21:26:20.357+0000] {logging_mixin.py:190} INFO - [2025-11-14T21:26:20.357+0000] {dag.py:4180} INFO - Setting next_dagrun for example_python_decorator to None, run_after=None
[2025-11-14T21:26:20.392+0000] {processor.py:208} INFO - Processing /home/airflow/.local/lib/python3.12/site-packages/airflow/example_dags/example_python_decorator.py took 0.156 seconds
[2025-11-14T21:26:50.667+0000] {processor.py:186} INFO - Started process (PID=1349) to work on /home/airflow/.local/lib/python3.12/site-packages/airflow/example_dags/example_python_decorator.py
[2025-11-14T21:26:50.670+0000] {processor.py:914} INFO - Processing file /home/airflow/.local/lib/python3.12/site-packages/airflow/example_dags/example_python_decorator.py for tasks to queue
[2025-11-14T21:26:50.675+0000] {logging_mixin.py:190} INFO - [2025-11-14T21:26:50.674+0000] {dagbag.py:588} INFO - Filling up the DagBag from /home/airflow/.local/lib/python3.12/site-packages/airflow/example_dags/example_python_decorator.py
[2025-11-14T21:26:50.705+0000] {processor.py:925} INFO - DAG(s) 'example_python_decorator' retrieved from /home/airflow/.local/lib/python3.12/site-packages/airflow/example_dags/example_python_decorator.py
[2025-11-14T21:26:50.745+0000] {logging_mixin.py:190} INFO - [2025-11-14T21:26:50.745+0000] {dag.py:3239} INFO - Sync 1 DAGs
[2025-11-14T21:26:50.773+0000] {logging_mixin.py:190} INFO - [2025-11-14T21:26:50.773+0000] {dag.py:4180} INFO - Setting next_dagrun for example_python_decorator to None, run_after=None
[2025-11-14T21:26:50.805+0000] {processor.py:208} INFO - Processing /home/airflow/.local/lib/python3.12/site-packages/airflow/example_dags/example_python_decorator.py took 0.151 seconds
[2025-11-14T21:27:21.209+0000] {processor.py:186} INFO - Started process (PID=1412) to work on /home/airflow/.local/lib/python3.12/site-packages/airflow/example_dags/example_python_decorator.py
[2025-11-14T21:27:21.212+0000] {processor.py:914} INFO - Processing file /home/airflow/.local/lib/python3.12/site-packages/airflow/example_dags/example_python_decorator.py for tasks to queue
[2025-11-14T21:27:21.218+0000] {logging_mixin.py:190} INFO - [2025-11-14T21:27:21.217+0000] {dagbag.py:588} INFO - Filling up the DagBag from /home/airflow/.local/lib/python3.12/site-packages/airflow/example_dags/example_python_decorator.py
[2025-11-14T21:27:21.248+0000] {processor.py:925} INFO - DAG(s) 'example_python_decorator' retrieved from /home/airflow/.local/lib/python3.12/site-packages/airflow/example_dags/example_python_decorator.py
[2025-11-14T21:27:21.295+0000] {logging_mixin.py:190} INFO - [2025-11-14T21:27:21.295+0000] {dag.py:3239} INFO - Sync 1 DAGs
[2025-11-14T21:27:21.326+0000] {logging_mixin.py:190} INFO - [2025-11-14T21:27:21.326+0000] {dag.py:4180} INFO - Setting next_dagrun for example_python_decorator to None, run_after=None
[2025-11-14T21:27:21.362+0000] {processor.py:208} INFO - Processing /home/airflow/.local/lib/python3.12/site-packages/airflow/example_dags/example_python_decorator.py took 0.166 seconds
[2025-11-14T21:27:52.288+0000] {processor.py:186} INFO - Started process (PID=1475) to work on /home/airflow/.local/lib/python3.12/site-packages/airflow/example_dags/example_python_decorator.py
[2025-11-14T21:27:52.306+0000] {processor.py:914} INFO - Processing file /home/airflow/.local/lib/python3.12/site-packages/airflow/example_dags/example_python_decorator.py for tasks to queue
[2025-11-14T21:27:52.340+0000] {logging_mixin.py:190} INFO - [2025-11-14T21:27:52.337+0000] {dagbag.py:588} INFO - Filling up the DagBag from /home/airflow/.local/lib/python3.12/site-packages/airflow/example_dags/example_python_decorator.py
[2025-11-14T21:27:52.433+0000] {processor.py:925} INFO - DAG(s) 'example_python_decorator' retrieved from /home/airflow/.local/lib/python3.12/site-packages/airflow/example_dags/example_python_decorator.py
[2025-11-14T21:27:52.576+0000] {logging_mixin.py:190} INFO - [2025-11-14T21:27:52.575+0000] {dag.py:3239} INFO - Sync 1 DAGs
[2025-11-14T21:27:52.632+0000] {logging_mixin.py:190} INFO - [2025-11-14T21:27:52.632+0000] {dag.py:4180} INFO - Setting next_dagrun for example_python_decorator to None, run_after=None
[2025-11-14T21:27:52.697+0000] {processor.py:208} INFO - Processing /home/airflow/.local/lib/python3.12/site-packages/airflow/example_dags/example_python_decorator.py took 0.444 seconds
