[2025-11-14T21:15:44.021+0000] {processor.py:186} INFO - Started process (PID=60) to work on /home/airflow/.local/lib/python3.12/site-packages/airflow/example_dags/example_dag_decorator.py
[2025-11-14T21:15:44.024+0000] {processor.py:914} INFO - Processing file /home/airflow/.local/lib/python3.12/site-packages/airflow/example_dags/example_dag_decorator.py for tasks to queue
[2025-11-14T21:15:44.031+0000] {logging_mixin.py:190} INFO - [2025-11-14T21:15:44.030+0000] {dagbag.py:588} INFO - Filling up the DagBag from /home/airflow/.local/lib/python3.12/site-packages/airflow/example_dags/example_dag_decorator.py
[2025-11-14T21:15:44.056+0000] {processor.py:925} INFO - DAG(s) 'example_dag_decorator' retrieved from /home/airflow/.local/lib/python3.12/site-packages/airflow/example_dags/example_dag_decorator.py
[2025-11-14T21:15:44.272+0000] {logging_mixin.py:190} INFO - [2025-11-14T21:15:44.271+0000] {override.py:1900} INFO - Created Permission View: can edit on DAG:example_dag_decorator
[2025-11-14T21:15:44.291+0000] {logging_mixin.py:190} INFO - [2025-11-14T21:15:44.290+0000] {override.py:1900} INFO - Created Permission View: can delete on DAG:example_dag_decorator
[2025-11-14T21:15:44.302+0000] {logging_mixin.py:190} INFO - [2025-11-14T21:15:44.302+0000] {override.py:1900} INFO - Created Permission View: can read on DAG:example_dag_decorator
[2025-11-14T21:15:44.315+0000] {logging_mixin.py:190} INFO - [2025-11-14T21:15:44.315+0000] {override.py:1900} INFO - Created Permission View: menu access on DAG Run:example_dag_decorator
[2025-11-14T21:15:44.327+0000] {logging_mixin.py:190} INFO - [2025-11-14T21:15:44.327+0000] {override.py:1900} INFO - Created Permission View: can create on DAG Run:example_dag_decorator
[2025-11-14T21:15:44.339+0000] {logging_mixin.py:190} INFO - [2025-11-14T21:15:44.339+0000] {override.py:1900} INFO - Created Permission View: can delete on DAG Run:example_dag_decorator
[2025-11-14T21:15:44.351+0000] {logging_mixin.py:190} INFO - [2025-11-14T21:15:44.350+0000] {override.py:1900} INFO - Created Permission View: can read on DAG Run:example_dag_decorator
[2025-11-14T21:15:44.352+0000] {logging_mixin.py:190} INFO - [2025-11-14T21:15:44.352+0000] {dag.py:3239} INFO - Sync 1 DAGs
[2025-11-14T21:15:44.378+0000] {logging_mixin.py:190} INFO - [2025-11-14T21:15:44.377+0000] {dag.py:3262} INFO - Creating ORM DAG for example_dag_decorator
[2025-11-14T21:15:44.380+0000] {logging_mixin.py:190} INFO - [2025-11-14T21:15:44.380+0000] {dag.py:4180} INFO - Setting next_dagrun for example_dag_decorator to None, run_after=None
[2025-11-14T21:15:44.408+0000] {processor.py:208} INFO - Processing /home/airflow/.local/lib/python3.12/site-packages/airflow/example_dags/example_dag_decorator.py took 0.400 seconds
[2025-11-14T21:16:14.474+0000] {processor.py:186} INFO - Started process (PID=124) to work on /home/airflow/.local/lib/python3.12/site-packages/airflow/example_dags/example_dag_decorator.py
[2025-11-14T21:16:14.477+0000] {processor.py:914} INFO - Processing file /home/airflow/.local/lib/python3.12/site-packages/airflow/example_dags/example_dag_decorator.py for tasks to queue
[2025-11-14T21:16:14.481+0000] {logging_mixin.py:190} INFO - [2025-11-14T21:16:14.480+0000] {dagbag.py:588} INFO - Filling up the DagBag from /home/airflow/.local/lib/python3.12/site-packages/airflow/example_dags/example_dag_decorator.py
[2025-11-14T21:16:14.502+0000] {processor.py:925} INFO - DAG(s) 'example_dag_decorator' retrieved from /home/airflow/.local/lib/python3.12/site-packages/airflow/example_dags/example_dag_decorator.py
[2025-11-14T21:16:14.696+0000] {logging_mixin.py:190} INFO - [2025-11-14T21:16:14.696+0000] {dag.py:3239} INFO - Sync 1 DAGs
[2025-11-14T21:16:14.717+0000] {logging_mixin.py:190} INFO - [2025-11-14T21:16:14.717+0000] {dag.py:4180} INFO - Setting next_dagrun for example_dag_decorator to None, run_after=None
[2025-11-14T21:16:14.746+0000] {processor.py:208} INFO - Processing /home/airflow/.local/lib/python3.12/site-packages/airflow/example_dags/example_dag_decorator.py took 0.283 seconds
[2025-11-14T21:16:44.851+0000] {processor.py:186} INFO - Started process (PID=187) to work on /home/airflow/.local/lib/python3.12/site-packages/airflow/example_dags/example_dag_decorator.py
[2025-11-14T21:16:44.853+0000] {processor.py:914} INFO - Processing file /home/airflow/.local/lib/python3.12/site-packages/airflow/example_dags/example_dag_decorator.py for tasks to queue
[2025-11-14T21:16:44.856+0000] {logging_mixin.py:190} INFO - [2025-11-14T21:16:44.856+0000] {dagbag.py:588} INFO - Filling up the DagBag from /home/airflow/.local/lib/python3.12/site-packages/airflow/example_dags/example_dag_decorator.py
[2025-11-14T21:16:44.871+0000] {processor.py:925} INFO - DAG(s) 'example_dag_decorator' retrieved from /home/airflow/.local/lib/python3.12/site-packages/airflow/example_dags/example_dag_decorator.py
[2025-11-14T21:16:45.006+0000] {logging_mixin.py:190} INFO - [2025-11-14T21:16:45.006+0000] {dag.py:3239} INFO - Sync 1 DAGs
[2025-11-14T21:16:45.021+0000] {logging_mixin.py:190} INFO - [2025-11-14T21:16:45.020+0000] {dag.py:4180} INFO - Setting next_dagrun for example_dag_decorator to None, run_after=None
[2025-11-14T21:16:45.041+0000] {processor.py:208} INFO - Processing /home/airflow/.local/lib/python3.12/site-packages/airflow/example_dags/example_dag_decorator.py took 0.197 seconds
[2025-11-14T21:17:15.381+0000] {processor.py:186} INFO - Started process (PID=250) to work on /home/airflow/.local/lib/python3.12/site-packages/airflow/example_dags/example_dag_decorator.py
[2025-11-14T21:17:15.383+0000] {processor.py:914} INFO - Processing file /home/airflow/.local/lib/python3.12/site-packages/airflow/example_dags/example_dag_decorator.py for tasks to queue
[2025-11-14T21:17:15.386+0000] {logging_mixin.py:190} INFO - [2025-11-14T21:17:15.385+0000] {dagbag.py:588} INFO - Filling up the DagBag from /home/airflow/.local/lib/python3.12/site-packages/airflow/example_dags/example_dag_decorator.py
[2025-11-14T21:17:15.400+0000] {processor.py:925} INFO - DAG(s) 'example_dag_decorator' retrieved from /home/airflow/.local/lib/python3.12/site-packages/airflow/example_dags/example_dag_decorator.py
[2025-11-14T21:17:15.523+0000] {logging_mixin.py:190} INFO - [2025-11-14T21:17:15.523+0000] {dag.py:3239} INFO - Sync 1 DAGs
[2025-11-14T21:17:15.537+0000] {logging_mixin.py:190} INFO - [2025-11-14T21:17:15.536+0000] {dag.py:4180} INFO - Setting next_dagrun for example_dag_decorator to None, run_after=None
[2025-11-14T21:17:15.553+0000] {processor.py:208} INFO - Processing /home/airflow/.local/lib/python3.12/site-packages/airflow/example_dags/example_dag_decorator.py took 0.180 seconds
[2025-11-14T21:17:45.657+0000] {processor.py:186} INFO - Started process (PID=314) to work on /home/airflow/.local/lib/python3.12/site-packages/airflow/example_dags/example_dag_decorator.py
[2025-11-14T21:17:45.659+0000] {processor.py:914} INFO - Processing file /home/airflow/.local/lib/python3.12/site-packages/airflow/example_dags/example_dag_decorator.py for tasks to queue
[2025-11-14T21:17:45.662+0000] {logging_mixin.py:190} INFO - [2025-11-14T21:17:45.661+0000] {dagbag.py:588} INFO - Filling up the DagBag from /home/airflow/.local/lib/python3.12/site-packages/airflow/example_dags/example_dag_decorator.py
[2025-11-14T21:17:45.677+0000] {processor.py:925} INFO - DAG(s) 'example_dag_decorator' retrieved from /home/airflow/.local/lib/python3.12/site-packages/airflow/example_dags/example_dag_decorator.py
[2025-11-14T21:17:45.819+0000] {logging_mixin.py:190} INFO - [2025-11-14T21:17:45.819+0000] {dag.py:3239} INFO - Sync 1 DAGs
[2025-11-14T21:17:45.832+0000] {logging_mixin.py:190} INFO - [2025-11-14T21:17:45.832+0000] {dag.py:4180} INFO - Setting next_dagrun for example_dag_decorator to None, run_after=None
[2025-11-14T21:17:45.851+0000] {processor.py:208} INFO - Processing /home/airflow/.local/lib/python3.12/site-packages/airflow/example_dags/example_dag_decorator.py took 0.201 seconds
[2025-11-14T21:18:16.719+0000] {processor.py:186} INFO - Started process (PID=377) to work on /home/airflow/.local/lib/python3.12/site-packages/airflow/example_dags/example_dag_decorator.py
[2025-11-14T21:18:16.721+0000] {processor.py:914} INFO - Processing file /home/airflow/.local/lib/python3.12/site-packages/airflow/example_dags/example_dag_decorator.py for tasks to queue
[2025-11-14T21:18:16.724+0000] {logging_mixin.py:190} INFO - [2025-11-14T21:18:16.723+0000] {dagbag.py:588} INFO - Filling up the DagBag from /home/airflow/.local/lib/python3.12/site-packages/airflow/example_dags/example_dag_decorator.py
[2025-11-14T21:18:16.736+0000] {processor.py:925} INFO - DAG(s) 'example_dag_decorator' retrieved from /home/airflow/.local/lib/python3.12/site-packages/airflow/example_dags/example_dag_decorator.py
[2025-11-14T21:18:16.844+0000] {logging_mixin.py:190} INFO - [2025-11-14T21:18:16.843+0000] {dag.py:3239} INFO - Sync 1 DAGs
[2025-11-14T21:18:16.857+0000] {logging_mixin.py:190} INFO - [2025-11-14T21:18:16.857+0000] {dag.py:4180} INFO - Setting next_dagrun for example_dag_decorator to None, run_after=None
[2025-11-14T21:18:16.874+0000] {processor.py:208} INFO - Processing /home/airflow/.local/lib/python3.12/site-packages/airflow/example_dags/example_dag_decorator.py took 0.162 seconds
[2025-11-14T21:18:47.167+0000] {processor.py:186} INFO - Started process (PID=442) to work on /home/airflow/.local/lib/python3.12/site-packages/airflow/example_dags/example_dag_decorator.py
[2025-11-14T21:18:47.169+0000] {processor.py:914} INFO - Processing file /home/airflow/.local/lib/python3.12/site-packages/airflow/example_dags/example_dag_decorator.py for tasks to queue
[2025-11-14T21:18:47.172+0000] {logging_mixin.py:190} INFO - [2025-11-14T21:18:47.172+0000] {dagbag.py:588} INFO - Filling up the DagBag from /home/airflow/.local/lib/python3.12/site-packages/airflow/example_dags/example_dag_decorator.py
[2025-11-14T21:18:47.188+0000] {processor.py:925} INFO - DAG(s) 'example_dag_decorator' retrieved from /home/airflow/.local/lib/python3.12/site-packages/airflow/example_dags/example_dag_decorator.py
[2025-11-14T21:18:47.323+0000] {logging_mixin.py:190} INFO - [2025-11-14T21:18:47.323+0000] {dag.py:3239} INFO - Sync 1 DAGs
[2025-11-14T21:18:47.338+0000] {logging_mixin.py:190} INFO - [2025-11-14T21:18:47.338+0000] {dag.py:4180} INFO - Setting next_dagrun for example_dag_decorator to None, run_after=None
[2025-11-14T21:18:47.358+0000] {processor.py:208} INFO - Processing /home/airflow/.local/lib/python3.12/site-packages/airflow/example_dags/example_dag_decorator.py took 0.198 seconds
[2025-11-14T21:19:19.058+0000] {processor.py:186} INFO - Started process (PID=506) to work on /home/airflow/.local/lib/python3.12/site-packages/airflow/example_dags/example_dag_decorator.py
[2025-11-14T21:19:19.061+0000] {processor.py:914} INFO - Processing file /home/airflow/.local/lib/python3.12/site-packages/airflow/example_dags/example_dag_decorator.py for tasks to queue
[2025-11-14T21:19:19.066+0000] {logging_mixin.py:190} INFO - [2025-11-14T21:19:19.065+0000] {dagbag.py:588} INFO - Filling up the DagBag from /home/airflow/.local/lib/python3.12/site-packages/airflow/example_dags/example_dag_decorator.py
[2025-11-14T21:19:19.089+0000] {processor.py:925} INFO - DAG(s) 'example_dag_decorator' retrieved from /home/airflow/.local/lib/python3.12/site-packages/airflow/example_dags/example_dag_decorator.py
[2025-11-14T21:19:19.329+0000] {logging_mixin.py:190} INFO - [2025-11-14T21:19:19.328+0000] {dag.py:3239} INFO - Sync 1 DAGs
[2025-11-14T21:19:19.356+0000] {logging_mixin.py:190} INFO - [2025-11-14T21:19:19.356+0000] {dag.py:4180} INFO - Setting next_dagrun for example_dag_decorator to None, run_after=None
[2025-11-14T21:19:19.394+0000] {processor.py:208} INFO - Processing /home/airflow/.local/lib/python3.12/site-packages/airflow/example_dags/example_dag_decorator.py took 0.347 seconds
[2025-11-14T21:19:51.905+0000] {processor.py:186} INFO - Started process (PID=571) to work on /home/airflow/.local/lib/python3.12/site-packages/airflow/example_dags/example_dag_decorator.py
[2025-11-14T21:19:51.912+0000] {processor.py:914} INFO - Processing file /home/airflow/.local/lib/python3.12/site-packages/airflow/example_dags/example_dag_decorator.py for tasks to queue
[2025-11-14T21:19:51.921+0000] {logging_mixin.py:190} INFO - [2025-11-14T21:19:51.920+0000] {dagbag.py:588} INFO - Filling up the DagBag from /home/airflow/.local/lib/python3.12/site-packages/airflow/example_dags/example_dag_decorator.py
[2025-11-14T21:19:51.962+0000] {processor.py:925} INFO - DAG(s) 'example_dag_decorator' retrieved from /home/airflow/.local/lib/python3.12/site-packages/airflow/example_dags/example_dag_decorator.py
[2025-11-14T21:19:52.393+0000] {logging_mixin.py:190} INFO - [2025-11-14T21:19:52.393+0000] {dag.py:3239} INFO - Sync 1 DAGs
[2025-11-14T21:19:52.442+0000] {logging_mixin.py:190} INFO - [2025-11-14T21:19:52.442+0000] {dag.py:4180} INFO - Setting next_dagrun for example_dag_decorator to None, run_after=None
[2025-11-14T21:19:52.500+0000] {processor.py:208} INFO - Processing /home/airflow/.local/lib/python3.12/site-packages/airflow/example_dags/example_dag_decorator.py took 0.613 seconds
[2025-11-14T21:20:58.059+0000] {processor.py:186} INFO - Started process (PID=651) to work on /home/airflow/.local/lib/python3.12/site-packages/airflow/example_dags/example_dag_decorator.py
[2025-11-14T21:20:58.218+0000] {processor.py:914} INFO - Processing file /home/airflow/.local/lib/python3.12/site-packages/airflow/example_dags/example_dag_decorator.py for tasks to queue
[2025-11-14T21:20:58.621+0000] {logging_mixin.py:190} INFO - [2025-11-14T21:20:58.618+0000] {dagbag.py:588} INFO - Filling up the DagBag from /home/airflow/.local/lib/python3.12/site-packages/airflow/example_dags/example_dag_decorator.py
[2025-11-14T21:20:58.823+0000] {processor.py:925} INFO - DAG(s) 'example_dag_decorator' retrieved from /home/airflow/.local/lib/python3.12/site-packages/airflow/example_dags/example_dag_decorator.py
[2025-11-14T21:21:00.269+0000] {logging_mixin.py:190} INFO - [2025-11-14T21:21:00.267+0000] {dag.py:3239} INFO - Sync 1 DAGs
[2025-11-14T21:21:00.561+0000] {logging_mixin.py:190} INFO - [2025-11-14T21:21:00.560+0000] {dag.py:4180} INFO - Setting next_dagrun for example_dag_decorator to None, run_after=None
[2025-11-14T21:21:00.847+0000] {processor.py:208} INFO - Processing /home/airflow/.local/lib/python3.12/site-packages/airflow/example_dags/example_dag_decorator.py took 3.281 seconds
[2025-11-14T21:21:41.668+0000] {processor.py:186} INFO - Started process (PID=722) to work on /home/airflow/.local/lib/python3.12/site-packages/airflow/example_dags/example_dag_decorator.py
[2025-11-14T21:21:41.678+0000] {processor.py:914} INFO - Processing file /home/airflow/.local/lib/python3.12/site-packages/airflow/example_dags/example_dag_decorator.py for tasks to queue
[2025-11-14T21:21:41.695+0000] {logging_mixin.py:190} INFO - [2025-11-14T21:21:41.694+0000] {dagbag.py:588} INFO - Filling up the DagBag from /home/airflow/.local/lib/python3.12/site-packages/airflow/example_dags/example_dag_decorator.py
[2025-11-14T21:21:41.759+0000] {processor.py:925} INFO - DAG(s) 'example_dag_decorator' retrieved from /home/airflow/.local/lib/python3.12/site-packages/airflow/example_dags/example_dag_decorator.py
[2025-11-14T21:21:42.403+0000] {logging_mixin.py:190} INFO - [2025-11-14T21:21:42.403+0000] {dag.py:3239} INFO - Sync 1 DAGs
[2025-11-14T21:21:42.498+0000] {logging_mixin.py:190} INFO - [2025-11-14T21:21:42.497+0000] {dag.py:4180} INFO - Setting next_dagrun for example_dag_decorator to None, run_after=None
[2025-11-14T21:21:42.609+0000] {processor.py:208} INFO - Processing /home/airflow/.local/lib/python3.12/site-packages/airflow/example_dags/example_dag_decorator.py took 1.006 seconds
[2025-11-14T21:22:14.006+0000] {processor.py:186} INFO - Started process (PID=786) to work on /home/airflow/.local/lib/python3.12/site-packages/airflow/example_dags/example_dag_decorator.py
[2025-11-14T21:22:14.014+0000] {processor.py:914} INFO - Processing file /home/airflow/.local/lib/python3.12/site-packages/airflow/example_dags/example_dag_decorator.py for tasks to queue
[2025-11-14T21:22:14.030+0000] {logging_mixin.py:190} INFO - [2025-11-14T21:22:14.028+0000] {dagbag.py:588} INFO - Filling up the DagBag from /home/airflow/.local/lib/python3.12/site-packages/airflow/example_dags/example_dag_decorator.py
[2025-11-14T21:22:14.113+0000] {processor.py:925} INFO - DAG(s) 'example_dag_decorator' retrieved from /home/airflow/.local/lib/python3.12/site-packages/airflow/example_dags/example_dag_decorator.py
[2025-11-14T21:22:14.892+0000] {logging_mixin.py:190} INFO - [2025-11-14T21:22:14.891+0000] {dag.py:3239} INFO - Sync 1 DAGs
[2025-11-14T21:22:15.041+0000] {logging_mixin.py:190} INFO - [2025-11-14T21:22:15.039+0000] {dag.py:4180} INFO - Setting next_dagrun for example_dag_decorator to None, run_after=None
[2025-11-14T21:22:15.330+0000] {processor.py:208} INFO - Processing /home/airflow/.local/lib/python3.12/site-packages/airflow/example_dags/example_dag_decorator.py took 1.357 seconds
[2025-11-14T21:22:45.566+0000] {processor.py:186} INFO - Started process (PID=851) to work on /home/airflow/.local/lib/python3.12/site-packages/airflow/example_dags/example_dag_decorator.py
[2025-11-14T21:22:45.572+0000] {processor.py:914} INFO - Processing file /home/airflow/.local/lib/python3.12/site-packages/airflow/example_dags/example_dag_decorator.py for tasks to queue
[2025-11-14T21:22:45.585+0000] {logging_mixin.py:190} INFO - [2025-11-14T21:22:45.583+0000] {dagbag.py:588} INFO - Filling up the DagBag from /home/airflow/.local/lib/python3.12/site-packages/airflow/example_dags/example_dag_decorator.py
[2025-11-14T21:22:45.627+0000] {processor.py:925} INFO - DAG(s) 'example_dag_decorator' retrieved from /home/airflow/.local/lib/python3.12/site-packages/airflow/example_dags/example_dag_decorator.py
[2025-11-14T21:22:46.021+0000] {logging_mixin.py:190} INFO - [2025-11-14T21:22:46.020+0000] {dag.py:3239} INFO - Sync 1 DAGs
[2025-11-14T21:22:46.075+0000] {logging_mixin.py:190} INFO - [2025-11-14T21:22:46.074+0000] {dag.py:4180} INFO - Setting next_dagrun for example_dag_decorator to None, run_after=None
[2025-11-14T21:22:46.155+0000] {processor.py:208} INFO - Processing /home/airflow/.local/lib/python3.12/site-packages/airflow/example_dags/example_dag_decorator.py took 0.615 seconds
[2025-11-14T21:23:16.342+0000] {processor.py:186} INFO - Started process (PID=915) to work on /home/airflow/.local/lib/python3.12/site-packages/airflow/example_dags/example_dag_decorator.py
[2025-11-14T21:23:16.348+0000] {processor.py:914} INFO - Processing file /home/airflow/.local/lib/python3.12/site-packages/airflow/example_dags/example_dag_decorator.py for tasks to queue
[2025-11-14T21:23:16.366+0000] {logging_mixin.py:190} INFO - [2025-11-14T21:23:16.364+0000] {dagbag.py:588} INFO - Filling up the DagBag from /home/airflow/.local/lib/python3.12/site-packages/airflow/example_dags/example_dag_decorator.py
[2025-11-14T21:23:16.443+0000] {processor.py:925} INFO - DAG(s) 'example_dag_decorator' retrieved from /home/airflow/.local/lib/python3.12/site-packages/airflow/example_dags/example_dag_decorator.py
[2025-11-14T21:23:16.843+0000] {logging_mixin.py:190} INFO - [2025-11-14T21:23:16.843+0000] {dag.py:3239} INFO - Sync 1 DAGs
[2025-11-14T21:23:16.884+0000] {logging_mixin.py:190} INFO - [2025-11-14T21:23:16.883+0000] {dag.py:4180} INFO - Setting next_dagrun for example_dag_decorator to None, run_after=None
[2025-11-14T21:23:16.937+0000] {processor.py:208} INFO - Processing /home/airflow/.local/lib/python3.12/site-packages/airflow/example_dags/example_dag_decorator.py took 0.638 seconds
[2025-11-14T21:23:47.052+0000] {processor.py:186} INFO - Started process (PID=978) to work on /home/airflow/.local/lib/python3.12/site-packages/airflow/example_dags/example_dag_decorator.py
[2025-11-14T21:23:47.056+0000] {processor.py:914} INFO - Processing file /home/airflow/.local/lib/python3.12/site-packages/airflow/example_dags/example_dag_decorator.py for tasks to queue
[2025-11-14T21:23:47.063+0000] {logging_mixin.py:190} INFO - [2025-11-14T21:23:47.062+0000] {dagbag.py:588} INFO - Filling up the DagBag from /home/airflow/.local/lib/python3.12/site-packages/airflow/example_dags/example_dag_decorator.py
[2025-11-14T21:23:47.096+0000] {processor.py:925} INFO - DAG(s) 'example_dag_decorator' retrieved from /home/airflow/.local/lib/python3.12/site-packages/airflow/example_dags/example_dag_decorator.py
[2025-11-14T21:23:47.437+0000] {logging_mixin.py:190} INFO - [2025-11-14T21:23:47.436+0000] {dag.py:3239} INFO - Sync 1 DAGs
[2025-11-14T21:23:47.475+0000] {logging_mixin.py:190} INFO - [2025-11-14T21:23:47.474+0000] {dag.py:4180} INFO - Setting next_dagrun for example_dag_decorator to None, run_after=None
[2025-11-14T21:23:47.525+0000] {processor.py:208} INFO - Processing /home/airflow/.local/lib/python3.12/site-packages/airflow/example_dags/example_dag_decorator.py took 0.490 seconds
[2025-11-14T21:24:18.648+0000] {processor.py:186} INFO - Started process (PID=1034) to work on /home/airflow/.local/lib/python3.12/site-packages/airflow/example_dags/example_dag_decorator.py
[2025-11-14T21:24:18.654+0000] {processor.py:914} INFO - Processing file /home/airflow/.local/lib/python3.12/site-packages/airflow/example_dags/example_dag_decorator.py for tasks to queue
[2025-11-14T21:24:18.663+0000] {logging_mixin.py:190} INFO - [2025-11-14T21:24:18.662+0000] {dagbag.py:588} INFO - Filling up the DagBag from /home/airflow/.local/lib/python3.12/site-packages/airflow/example_dags/example_dag_decorator.py
[2025-11-14T21:24:18.718+0000] {processor.py:925} INFO - DAG(s) 'example_dag_decorator' retrieved from /home/airflow/.local/lib/python3.12/site-packages/airflow/example_dags/example_dag_decorator.py
[2025-11-14T21:24:19.212+0000] {logging_mixin.py:190} INFO - [2025-11-14T21:24:19.211+0000] {dag.py:3239} INFO - Sync 1 DAGs
[2025-11-14T21:24:19.266+0000] {logging_mixin.py:190} INFO - [2025-11-14T21:24:19.266+0000] {dag.py:4180} INFO - Setting next_dagrun for example_dag_decorator to None, run_after=None
[2025-11-14T21:24:19.347+0000] {processor.py:208} INFO - Processing /home/airflow/.local/lib/python3.12/site-packages/airflow/example_dags/example_dag_decorator.py took 0.730 seconds
[2025-11-14T21:24:50.247+0000] {processor.py:186} INFO - Started process (PID=1098) to work on /home/airflow/.local/lib/python3.12/site-packages/airflow/example_dags/example_dag_decorator.py
[2025-11-14T21:24:50.259+0000] {processor.py:914} INFO - Processing file /home/airflow/.local/lib/python3.12/site-packages/airflow/example_dags/example_dag_decorator.py for tasks to queue
[2025-11-14T21:24:50.335+0000] {logging_mixin.py:190} INFO - [2025-11-14T21:24:50.332+0000] {dagbag.py:588} INFO - Filling up the DagBag from /home/airflow/.local/lib/python3.12/site-packages/airflow/example_dags/example_dag_decorator.py
[2025-11-14T21:24:50.455+0000] {processor.py:925} INFO - DAG(s) 'example_dag_decorator' retrieved from /home/airflow/.local/lib/python3.12/site-packages/airflow/example_dags/example_dag_decorator.py
[2025-11-14T21:24:51.491+0000] {logging_mixin.py:190} INFO - [2025-11-14T21:24:51.490+0000] {dag.py:3239} INFO - Sync 1 DAGs
[2025-11-14T21:24:51.582+0000] {logging_mixin.py:190} INFO - [2025-11-14T21:24:51.581+0000] {dag.py:4180} INFO - Setting next_dagrun for example_dag_decorator to None, run_after=None
[2025-11-14T21:24:51.679+0000] {processor.py:208} INFO - Processing /home/airflow/.local/lib/python3.12/site-packages/airflow/example_dags/example_dag_decorator.py took 1.505 seconds
[2025-11-14T21:25:22.059+0000] {processor.py:186} INFO - Started process (PID=1162) to work on /home/airflow/.local/lib/python3.12/site-packages/airflow/example_dags/example_dag_decorator.py
[2025-11-14T21:25:22.063+0000] {processor.py:914} INFO - Processing file /home/airflow/.local/lib/python3.12/site-packages/airflow/example_dags/example_dag_decorator.py for tasks to queue
[2025-11-14T21:25:22.070+0000] {logging_mixin.py:190} INFO - [2025-11-14T21:25:22.069+0000] {dagbag.py:588} INFO - Filling up the DagBag from /home/airflow/.local/lib/python3.12/site-packages/airflow/example_dags/example_dag_decorator.py
[2025-11-14T21:25:22.106+0000] {processor.py:925} INFO - DAG(s) 'example_dag_decorator' retrieved from /home/airflow/.local/lib/python3.12/site-packages/airflow/example_dags/example_dag_decorator.py
[2025-11-14T21:25:22.378+0000] {logging_mixin.py:190} INFO - [2025-11-14T21:25:22.378+0000] {dag.py:3239} INFO - Sync 1 DAGs
[2025-11-14T21:25:22.407+0000] {logging_mixin.py:190} INFO - [2025-11-14T21:25:22.407+0000] {dag.py:4180} INFO - Setting next_dagrun for example_dag_decorator to None, run_after=None
[2025-11-14T21:25:22.450+0000] {processor.py:208} INFO - Processing /home/airflow/.local/lib/python3.12/site-packages/airflow/example_dags/example_dag_decorator.py took 0.409 seconds
[2025-11-14T21:25:52.564+0000] {processor.py:186} INFO - Started process (PID=1227) to work on /home/airflow/.local/lib/python3.12/site-packages/airflow/example_dags/example_dag_decorator.py
[2025-11-14T21:25:52.567+0000] {processor.py:914} INFO - Processing file /home/airflow/.local/lib/python3.12/site-packages/airflow/example_dags/example_dag_decorator.py for tasks to queue
[2025-11-14T21:25:52.573+0000] {logging_mixin.py:190} INFO - [2025-11-14T21:25:52.571+0000] {dagbag.py:588} INFO - Filling up the DagBag from /home/airflow/.local/lib/python3.12/site-packages/airflow/example_dags/example_dag_decorator.py
[2025-11-14T21:25:52.596+0000] {processor.py:925} INFO - DAG(s) 'example_dag_decorator' retrieved from /home/airflow/.local/lib/python3.12/site-packages/airflow/example_dags/example_dag_decorator.py
[2025-11-14T21:25:52.821+0000] {logging_mixin.py:190} INFO - [2025-11-14T21:25:52.820+0000] {dag.py:3239} INFO - Sync 1 DAGs
[2025-11-14T21:25:52.849+0000] {logging_mixin.py:190} INFO - [2025-11-14T21:25:52.849+0000] {dag.py:4180} INFO - Setting next_dagrun for example_dag_decorator to None, run_after=None
[2025-11-14T21:25:52.885+0000] {processor.py:208} INFO - Processing /home/airflow/.local/lib/python3.12/site-packages/airflow/example_dags/example_dag_decorator.py took 0.333 seconds
[2025-11-14T21:26:23.030+0000] {processor.py:186} INFO - Started process (PID=1290) to work on /home/airflow/.local/lib/python3.12/site-packages/airflow/example_dags/example_dag_decorator.py
[2025-11-14T21:26:23.033+0000] {processor.py:914} INFO - Processing file /home/airflow/.local/lib/python3.12/site-packages/airflow/example_dags/example_dag_decorator.py for tasks to queue
[2025-11-14T21:26:23.038+0000] {logging_mixin.py:190} INFO - [2025-11-14T21:26:23.037+0000] {dagbag.py:588} INFO - Filling up the DagBag from /home/airflow/.local/lib/python3.12/site-packages/airflow/example_dags/example_dag_decorator.py
[2025-11-14T21:26:23.061+0000] {processor.py:925} INFO - DAG(s) 'example_dag_decorator' retrieved from /home/airflow/.local/lib/python3.12/site-packages/airflow/example_dags/example_dag_decorator.py
[2025-11-14T21:26:23.278+0000] {logging_mixin.py:190} INFO - [2025-11-14T21:26:23.278+0000] {dag.py:3239} INFO - Sync 1 DAGs
[2025-11-14T21:26:23.305+0000] {logging_mixin.py:190} INFO - [2025-11-14T21:26:23.305+0000] {dag.py:4180} INFO - Setting next_dagrun for example_dag_decorator to None, run_after=None
[2025-11-14T21:26:23.342+0000] {processor.py:208} INFO - Processing /home/airflow/.local/lib/python3.12/site-packages/airflow/example_dags/example_dag_decorator.py took 0.324 seconds
[2025-11-14T21:26:53.806+0000] {processor.py:186} INFO - Started process (PID=1355) to work on /home/airflow/.local/lib/python3.12/site-packages/airflow/example_dags/example_dag_decorator.py
[2025-11-14T21:26:53.808+0000] {processor.py:914} INFO - Processing file /home/airflow/.local/lib/python3.12/site-packages/airflow/example_dags/example_dag_decorator.py for tasks to queue
[2025-11-14T21:26:53.814+0000] {logging_mixin.py:190} INFO - [2025-11-14T21:26:53.813+0000] {dagbag.py:588} INFO - Filling up the DagBag from /home/airflow/.local/lib/python3.12/site-packages/airflow/example_dags/example_dag_decorator.py
[2025-11-14T21:26:53.837+0000] {processor.py:925} INFO - DAG(s) 'example_dag_decorator' retrieved from /home/airflow/.local/lib/python3.12/site-packages/airflow/example_dags/example_dag_decorator.py
[2025-11-14T21:26:54.059+0000] {logging_mixin.py:190} INFO - [2025-11-14T21:26:54.059+0000] {dag.py:3239} INFO - Sync 1 DAGs
[2025-11-14T21:26:54.087+0000] {logging_mixin.py:190} INFO - [2025-11-14T21:26:54.086+0000] {dag.py:4180} INFO - Setting next_dagrun for example_dag_decorator to None, run_after=None
[2025-11-14T21:26:54.121+0000] {processor.py:208} INFO - Processing /home/airflow/.local/lib/python3.12/site-packages/airflow/example_dags/example_dag_decorator.py took 0.328 seconds
[2025-11-14T21:27:24.289+0000] {processor.py:186} INFO - Started process (PID=1418) to work on /home/airflow/.local/lib/python3.12/site-packages/airflow/example_dags/example_dag_decorator.py
[2025-11-14T21:27:24.297+0000] {processor.py:914} INFO - Processing file /home/airflow/.local/lib/python3.12/site-packages/airflow/example_dags/example_dag_decorator.py for tasks to queue
[2025-11-14T21:27:24.305+0000] {logging_mixin.py:190} INFO - [2025-11-14T21:27:24.304+0000] {dagbag.py:588} INFO - Filling up the DagBag from /home/airflow/.local/lib/python3.12/site-packages/airflow/example_dags/example_dag_decorator.py
[2025-11-14T21:27:24.337+0000] {processor.py:925} INFO - DAG(s) 'example_dag_decorator' retrieved from /home/airflow/.local/lib/python3.12/site-packages/airflow/example_dags/example_dag_decorator.py
[2025-11-14T21:27:24.574+0000] {logging_mixin.py:190} INFO - [2025-11-14T21:27:24.573+0000] {dag.py:3239} INFO - Sync 1 DAGs
[2025-11-14T21:27:24.597+0000] {logging_mixin.py:190} INFO - [2025-11-14T21:27:24.597+0000] {dag.py:4180} INFO - Setting next_dagrun for example_dag_decorator to None, run_after=None
[2025-11-14T21:27:24.632+0000] {processor.py:208} INFO - Processing /home/airflow/.local/lib/python3.12/site-packages/airflow/example_dags/example_dag_decorator.py took 0.364 seconds
[2025-11-14T21:27:55.295+0000] {processor.py:186} INFO - Started process (PID=1481) to work on /home/airflow/.local/lib/python3.12/site-packages/airflow/example_dags/example_dag_decorator.py
[2025-11-14T21:27:55.299+0000] {processor.py:914} INFO - Processing file /home/airflow/.local/lib/python3.12/site-packages/airflow/example_dags/example_dag_decorator.py for tasks to queue
[2025-11-14T21:27:55.311+0000] {logging_mixin.py:190} INFO - [2025-11-14T21:27:55.310+0000] {dagbag.py:588} INFO - Filling up the DagBag from /home/airflow/.local/lib/python3.12/site-packages/airflow/example_dags/example_dag_decorator.py
[2025-11-14T21:27:55.342+0000] {processor.py:925} INFO - DAG(s) 'example_dag_decorator' retrieved from /home/airflow/.local/lib/python3.12/site-packages/airflow/example_dags/example_dag_decorator.py
[2025-11-14T21:27:55.685+0000] {logging_mixin.py:190} INFO - [2025-11-14T21:27:55.684+0000] {dag.py:3239} INFO - Sync 1 DAGs
[2025-11-14T21:27:55.725+0000] {logging_mixin.py:190} INFO - [2025-11-14T21:27:55.724+0000] {dag.py:4180} INFO - Setting next_dagrun for example_dag_decorator to None, run_after=None
[2025-11-14T21:27:55.793+0000] {processor.py:208} INFO - Processing /home/airflow/.local/lib/python3.12/site-packages/airflow/example_dags/example_dag_decorator.py took 0.520 seconds
