[2025-11-14T21:15:47.687+0000] {processor.py:186} INFO - Started process (PID=71) to work on /home/airflow/.local/lib/python3.12/site-packages/airflow/example_dags/example_python_operator.py
[2025-11-14T21:15:47.689+0000] {processor.py:914} INFO - Processing file /home/airflow/.local/lib/python3.12/site-packages/airflow/example_dags/example_python_operator.py for tasks to queue
[2025-11-14T21:15:47.695+0000] {logging_mixin.py:190} INFO - [2025-11-14T21:15:47.694+0000] {dagbag.py:588} INFO - Filling up the DagBag from /home/airflow/.local/lib/python3.12/site-packages/airflow/example_dags/example_python_operator.py
[2025-11-14T21:15:47.721+0000] {processor.py:925} INFO - DAG(s) 'example_python_operator' retrieved from /home/airflow/.local/lib/python3.12/site-packages/airflow/example_dags/example_python_operator.py
[2025-11-14T21:15:47.926+0000] {logging_mixin.py:190} INFO - [2025-11-14T21:15:47.925+0000] {override.py:1900} INFO - Created Permission View: can edit on DAG:example_python_operator
[2025-11-14T21:15:47.943+0000] {logging_mixin.py:190} INFO - [2025-11-14T21:15:47.943+0000] {override.py:1900} INFO - Created Permission View: can delete on DAG:example_python_operator
[2025-11-14T21:15:47.955+0000] {logging_mixin.py:190} INFO - [2025-11-14T21:15:47.955+0000] {override.py:1900} INFO - Created Permission View: can read on DAG:example_python_operator
[2025-11-14T21:15:47.966+0000] {logging_mixin.py:190} INFO - [2025-11-14T21:15:47.966+0000] {override.py:1900} INFO - Created Permission View: menu access on DAG Run:example_python_operator
[2025-11-14T21:15:47.977+0000] {logging_mixin.py:190} INFO - [2025-11-14T21:15:47.977+0000] {override.py:1900} INFO - Created Permission View: can create on DAG Run:example_python_operator
[2025-11-14T21:15:47.988+0000] {logging_mixin.py:190} INFO - [2025-11-14T21:15:47.988+0000] {override.py:1900} INFO - Created Permission View: can delete on DAG Run:example_python_operator
[2025-11-14T21:15:47.999+0000] {logging_mixin.py:190} INFO - [2025-11-14T21:15:47.999+0000] {override.py:1900} INFO - Created Permission View: can read on DAG Run:example_python_operator
[2025-11-14T21:15:48.001+0000] {logging_mixin.py:190} INFO - [2025-11-14T21:15:48.001+0000] {dag.py:3239} INFO - Sync 1 DAGs
[2025-11-14T21:15:48.028+0000] {logging_mixin.py:190} INFO - [2025-11-14T21:15:48.027+0000] {dag.py:3262} INFO - Creating ORM DAG for example_python_operator
[2025-11-14T21:15:48.030+0000] {logging_mixin.py:190} INFO - [2025-11-14T21:15:48.030+0000] {dag.py:4180} INFO - Setting next_dagrun for example_python_operator to None, run_after=None
[2025-11-14T21:15:48.060+0000] {processor.py:208} INFO - Processing /home/airflow/.local/lib/python3.12/site-packages/airflow/example_dags/example_python_operator.py took 0.386 seconds
[2025-11-14T21:16:18.886+0000] {processor.py:186} INFO - Started process (PID=135) to work on /home/airflow/.local/lib/python3.12/site-packages/airflow/example_dags/example_python_operator.py
[2025-11-14T21:16:18.888+0000] {processor.py:914} INFO - Processing file /home/airflow/.local/lib/python3.12/site-packages/airflow/example_dags/example_python_operator.py for tasks to queue
[2025-11-14T21:16:18.893+0000] {logging_mixin.py:190} INFO - [2025-11-14T21:16:18.892+0000] {dagbag.py:588} INFO - Filling up the DagBag from /home/airflow/.local/lib/python3.12/site-packages/airflow/example_dags/example_python_operator.py
[2025-11-14T21:16:18.921+0000] {processor.py:925} INFO - DAG(s) 'example_python_operator' retrieved from /home/airflow/.local/lib/python3.12/site-packages/airflow/example_dags/example_python_operator.py
[2025-11-14T21:16:18.972+0000] {logging_mixin.py:190} INFO - [2025-11-14T21:16:18.972+0000] {dag.py:3239} INFO - Sync 1 DAGs
[2025-11-14T21:16:19.000+0000] {logging_mixin.py:190} INFO - [2025-11-14T21:16:18.999+0000] {dag.py:4180} INFO - Setting next_dagrun for example_python_operator to None, run_after=None
[2025-11-14T21:16:19.031+0000] {processor.py:208} INFO - Processing /home/airflow/.local/lib/python3.12/site-packages/airflow/example_dags/example_python_operator.py took 0.156 seconds
[2025-11-14T21:16:49.900+0000] {processor.py:186} INFO - Started process (PID=198) to work on /home/airflow/.local/lib/python3.12/site-packages/airflow/example_dags/example_python_operator.py
[2025-11-14T21:16:49.902+0000] {processor.py:914} INFO - Processing file /home/airflow/.local/lib/python3.12/site-packages/airflow/example_dags/example_python_operator.py for tasks to queue
[2025-11-14T21:16:49.905+0000] {logging_mixin.py:190} INFO - [2025-11-14T21:16:49.905+0000] {dagbag.py:588} INFO - Filling up the DagBag from /home/airflow/.local/lib/python3.12/site-packages/airflow/example_dags/example_python_operator.py
[2025-11-14T21:16:49.920+0000] {processor.py:925} INFO - DAG(s) 'example_python_operator' retrieved from /home/airflow/.local/lib/python3.12/site-packages/airflow/example_dags/example_python_operator.py
[2025-11-14T21:16:49.944+0000] {logging_mixin.py:190} INFO - [2025-11-14T21:16:49.944+0000] {dag.py:3239} INFO - Sync 1 DAGs
[2025-11-14T21:16:49.961+0000] {logging_mixin.py:190} INFO - [2025-11-14T21:16:49.960+0000] {dag.py:4180} INFO - Setting next_dagrun for example_python_operator to None, run_after=None
[2025-11-14T21:16:49.979+0000] {processor.py:208} INFO - Processing /home/airflow/.local/lib/python3.12/site-packages/airflow/example_dags/example_python_operator.py took 0.087 seconds
[2025-11-14T21:17:20.039+0000] {processor.py:186} INFO - Started process (PID=260) to work on /home/airflow/.local/lib/python3.12/site-packages/airflow/example_dags/example_python_operator.py
[2025-11-14T21:17:20.041+0000] {processor.py:914} INFO - Processing file /home/airflow/.local/lib/python3.12/site-packages/airflow/example_dags/example_python_operator.py for tasks to queue
[2025-11-14T21:17:20.044+0000] {logging_mixin.py:190} INFO - [2025-11-14T21:17:20.044+0000] {dagbag.py:588} INFO - Filling up the DagBag from /home/airflow/.local/lib/python3.12/site-packages/airflow/example_dags/example_python_operator.py
[2025-11-14T21:17:20.059+0000] {processor.py:925} INFO - DAG(s) 'example_python_operator' retrieved from /home/airflow/.local/lib/python3.12/site-packages/airflow/example_dags/example_python_operator.py
[2025-11-14T21:17:20.083+0000] {logging_mixin.py:190} INFO - [2025-11-14T21:17:20.083+0000] {dag.py:3239} INFO - Sync 1 DAGs
[2025-11-14T21:17:20.100+0000] {logging_mixin.py:190} INFO - [2025-11-14T21:17:20.099+0000] {dag.py:4180} INFO - Setting next_dagrun for example_python_operator to None, run_after=None
[2025-11-14T21:17:20.117+0000] {processor.py:208} INFO - Processing /home/airflow/.local/lib/python3.12/site-packages/airflow/example_dags/example_python_operator.py took 0.087 seconds
[2025-11-14T21:17:50.351+0000] {processor.py:186} INFO - Started process (PID=323) to work on /home/airflow/.local/lib/python3.12/site-packages/airflow/example_dags/example_python_operator.py
[2025-11-14T21:17:50.354+0000] {processor.py:914} INFO - Processing file /home/airflow/.local/lib/python3.12/site-packages/airflow/example_dags/example_python_operator.py for tasks to queue
[2025-11-14T21:17:50.357+0000] {logging_mixin.py:190} INFO - [2025-11-14T21:17:50.357+0000] {dagbag.py:588} INFO - Filling up the DagBag from /home/airflow/.local/lib/python3.12/site-packages/airflow/example_dags/example_python_operator.py
[2025-11-14T21:17:50.372+0000] {processor.py:925} INFO - DAG(s) 'example_python_operator' retrieved from /home/airflow/.local/lib/python3.12/site-packages/airflow/example_dags/example_python_operator.py
[2025-11-14T21:17:50.399+0000] {logging_mixin.py:190} INFO - [2025-11-14T21:17:50.398+0000] {dag.py:3239} INFO - Sync 1 DAGs
[2025-11-14T21:17:50.415+0000] {logging_mixin.py:190} INFO - [2025-11-14T21:17:50.415+0000] {dag.py:4180} INFO - Setting next_dagrun for example_python_operator to None, run_after=None
[2025-11-14T21:17:50.434+0000] {processor.py:208} INFO - Processing /home/airflow/.local/lib/python3.12/site-packages/airflow/example_dags/example_python_operator.py took 0.090 seconds
[2025-11-14T21:18:20.494+0000] {processor.py:186} INFO - Started process (PID=386) to work on /home/airflow/.local/lib/python3.12/site-packages/airflow/example_dags/example_python_operator.py
[2025-11-14T21:18:20.496+0000] {processor.py:914} INFO - Processing file /home/airflow/.local/lib/python3.12/site-packages/airflow/example_dags/example_python_operator.py for tasks to queue
[2025-11-14T21:18:20.499+0000] {logging_mixin.py:190} INFO - [2025-11-14T21:18:20.499+0000] {dagbag.py:588} INFO - Filling up the DagBag from /home/airflow/.local/lib/python3.12/site-packages/airflow/example_dags/example_python_operator.py
[2025-11-14T21:18:20.516+0000] {processor.py:925} INFO - DAG(s) 'example_python_operator' retrieved from /home/airflow/.local/lib/python3.12/site-packages/airflow/example_dags/example_python_operator.py
[2025-11-14T21:18:20.547+0000] {logging_mixin.py:190} INFO - [2025-11-14T21:18:20.547+0000] {dag.py:3239} INFO - Sync 1 DAGs
[2025-11-14T21:18:20.565+0000] {logging_mixin.py:190} INFO - [2025-11-14T21:18:20.565+0000] {dag.py:4180} INFO - Setting next_dagrun for example_python_operator to None, run_after=None
[2025-11-14T21:18:20.584+0000] {processor.py:208} INFO - Processing /home/airflow/.local/lib/python3.12/site-packages/airflow/example_dags/example_python_operator.py took 0.099 seconds
[2025-11-14T21:18:50.986+0000] {processor.py:186} INFO - Started process (PID=451) to work on /home/airflow/.local/lib/python3.12/site-packages/airflow/example_dags/example_python_operator.py
[2025-11-14T21:18:50.989+0000] {processor.py:914} INFO - Processing file /home/airflow/.local/lib/python3.12/site-packages/airflow/example_dags/example_python_operator.py for tasks to queue
[2025-11-14T21:18:50.998+0000] {logging_mixin.py:190} INFO - [2025-11-14T21:18:50.996+0000] {dagbag.py:588} INFO - Filling up the DagBag from /home/airflow/.local/lib/python3.12/site-packages/airflow/example_dags/example_python_operator.py
[2025-11-14T21:18:51.082+0000] {processor.py:925} INFO - DAG(s) 'example_python_operator' retrieved from /home/airflow/.local/lib/python3.12/site-packages/airflow/example_dags/example_python_operator.py
[2025-11-14T21:18:51.187+0000] {logging_mixin.py:190} INFO - [2025-11-14T21:18:51.186+0000] {dag.py:3239} INFO - Sync 1 DAGs
[2025-11-14T21:18:51.226+0000] {logging_mixin.py:190} INFO - [2025-11-14T21:18:51.226+0000] {dag.py:4180} INFO - Setting next_dagrun for example_python_operator to None, run_after=None
[2025-11-14T21:18:51.260+0000] {processor.py:208} INFO - Processing /home/airflow/.local/lib/python3.12/site-packages/airflow/example_dags/example_python_operator.py took 0.285 seconds
[2025-11-14T21:19:21.536+0000] {processor.py:186} INFO - Started process (PID=516) to work on /home/airflow/.local/lib/python3.12/site-packages/airflow/example_dags/example_python_operator.py
[2025-11-14T21:19:21.539+0000] {processor.py:914} INFO - Processing file /home/airflow/.local/lib/python3.12/site-packages/airflow/example_dags/example_python_operator.py for tasks to queue
[2025-11-14T21:19:21.545+0000] {logging_mixin.py:190} INFO - [2025-11-14T21:19:21.545+0000] {dagbag.py:588} INFO - Filling up the DagBag from /home/airflow/.local/lib/python3.12/site-packages/airflow/example_dags/example_python_operator.py
[2025-11-14T21:19:21.571+0000] {processor.py:925} INFO - DAG(s) 'example_python_operator' retrieved from /home/airflow/.local/lib/python3.12/site-packages/airflow/example_dags/example_python_operator.py
[2025-11-14T21:19:21.622+0000] {logging_mixin.py:190} INFO - [2025-11-14T21:19:21.621+0000] {dag.py:3239} INFO - Sync 1 DAGs
[2025-11-14T21:19:21.655+0000] {logging_mixin.py:190} INFO - [2025-11-14T21:19:21.655+0000] {dag.py:4180} INFO - Setting next_dagrun for example_python_operator to None, run_after=None
[2025-11-14T21:19:21.697+0000] {processor.py:208} INFO - Processing /home/airflow/.local/lib/python3.12/site-packages/airflow/example_dags/example_python_operator.py took 0.174 seconds
[2025-11-14T21:19:54.258+0000] {processor.py:186} INFO - Started process (PID=582) to work on /home/airflow/.local/lib/python3.12/site-packages/airflow/example_dags/example_python_operator.py
[2025-11-14T21:19:54.264+0000] {processor.py:914} INFO - Processing file /home/airflow/.local/lib/python3.12/site-packages/airflow/example_dags/example_python_operator.py for tasks to queue
[2025-11-14T21:19:54.278+0000] {logging_mixin.py:190} INFO - [2025-11-14T21:19:54.276+0000] {dagbag.py:588} INFO - Filling up the DagBag from /home/airflow/.local/lib/python3.12/site-packages/airflow/example_dags/example_python_operator.py
[2025-11-14T21:19:54.316+0000] {processor.py:925} INFO - DAG(s) 'example_python_operator' retrieved from /home/airflow/.local/lib/python3.12/site-packages/airflow/example_dags/example_python_operator.py
[2025-11-14T21:19:54.415+0000] {logging_mixin.py:190} INFO - [2025-11-14T21:19:54.414+0000] {dag.py:3239} INFO - Sync 1 DAGs
[2025-11-14T21:19:54.700+0000] {logging_mixin.py:190} INFO - [2025-11-14T21:19:54.699+0000] {dag.py:4180} INFO - Setting next_dagrun for example_python_operator to None, run_after=None
[2025-11-14T21:19:54.947+0000] {processor.py:208} INFO - Processing /home/airflow/.local/lib/python3.12/site-packages/airflow/example_dags/example_python_operator.py took 0.712 seconds
[2025-11-14T21:21:26.576+0000] {processor.py:186} INFO - Started process (PID=686) to work on /home/airflow/.local/lib/python3.12/site-packages/airflow/example_dags/example_python_operator.py
[2025-11-14T21:21:26.606+0000] {processor.py:914} INFO - Processing file /home/airflow/.local/lib/python3.12/site-packages/airflow/example_dags/example_python_operator.py for tasks to queue
[2025-11-14T21:21:26.677+0000] {logging_mixin.py:190} INFO - [2025-11-14T21:21:26.673+0000] {dagbag.py:588} INFO - Filling up the DagBag from /home/airflow/.local/lib/python3.12/site-packages/airflow/example_dags/example_python_operator.py
[2025-11-14T21:21:26.968+0000] {processor.py:925} INFO - DAG(s) 'example_python_operator' retrieved from /home/airflow/.local/lib/python3.12/site-packages/airflow/example_dags/example_python_operator.py
[2025-11-14T21:21:27.214+0000] {logging_mixin.py:190} INFO - [2025-11-14T21:21:27.214+0000] {dag.py:3239} INFO - Sync 1 DAGs
[2025-11-14T21:21:27.329+0000] {logging_mixin.py:190} INFO - [2025-11-14T21:21:27.328+0000] {dag.py:4180} INFO - Setting next_dagrun for example_python_operator to None, run_after=None
[2025-11-14T21:21:27.431+0000] {processor.py:208} INFO - Processing /home/airflow/.local/lib/python3.12/site-packages/airflow/example_dags/example_python_operator.py took 1.034 seconds
[2025-11-14T21:22:00.972+0000] {processor.py:186} INFO - Started process (PID=758) to work on /home/airflow/.local/lib/python3.12/site-packages/airflow/example_dags/example_python_operator.py
[2025-11-14T21:22:00.979+0000] {processor.py:914} INFO - Processing file /home/airflow/.local/lib/python3.12/site-packages/airflow/example_dags/example_python_operator.py for tasks to queue
[2025-11-14T21:22:00.994+0000] {logging_mixin.py:190} INFO - [2025-11-14T21:22:00.992+0000] {dagbag.py:588} INFO - Filling up the DagBag from /home/airflow/.local/lib/python3.12/site-packages/airflow/example_dags/example_python_operator.py
[2025-11-14T21:22:01.045+0000] {processor.py:925} INFO - DAG(s) 'example_python_operator' retrieved from /home/airflow/.local/lib/python3.12/site-packages/airflow/example_dags/example_python_operator.py
[2025-11-14T21:22:01.128+0000] {logging_mixin.py:190} INFO - [2025-11-14T21:22:01.127+0000] {dag.py:3239} INFO - Sync 1 DAGs
[2025-11-14T21:22:01.188+0000] {logging_mixin.py:190} INFO - [2025-11-14T21:22:01.187+0000] {dag.py:4180} INFO - Setting next_dagrun for example_python_operator to None, run_after=None
[2025-11-14T21:22:01.261+0000] {processor.py:208} INFO - Processing /home/airflow/.local/lib/python3.12/site-packages/airflow/example_dags/example_python_operator.py took 0.312 seconds
[2025-11-14T21:22:32.706+0000] {processor.py:186} INFO - Started process (PID=823) to work on /home/airflow/.local/lib/python3.12/site-packages/airflow/example_dags/example_python_operator.py
[2025-11-14T21:22:32.714+0000] {processor.py:914} INFO - Processing file /home/airflow/.local/lib/python3.12/site-packages/airflow/example_dags/example_python_operator.py for tasks to queue
[2025-11-14T21:22:32.727+0000] {logging_mixin.py:190} INFO - [2025-11-14T21:22:32.726+0000] {dagbag.py:588} INFO - Filling up the DagBag from /home/airflow/.local/lib/python3.12/site-packages/airflow/example_dags/example_python_operator.py
[2025-11-14T21:22:32.800+0000] {processor.py:925} INFO - DAG(s) 'example_python_operator' retrieved from /home/airflow/.local/lib/python3.12/site-packages/airflow/example_dags/example_python_operator.py
[2025-11-14T21:22:32.887+0000] {logging_mixin.py:190} INFO - [2025-11-14T21:22:32.887+0000] {dag.py:3239} INFO - Sync 1 DAGs
[2025-11-14T21:22:32.944+0000] {logging_mixin.py:190} INFO - [2025-11-14T21:22:32.944+0000] {dag.py:4180} INFO - Setting next_dagrun for example_python_operator to None, run_after=None
[2025-11-14T21:22:33.008+0000] {processor.py:208} INFO - Processing /home/airflow/.local/lib/python3.12/site-packages/airflow/example_dags/example_python_operator.py took 0.337 seconds
[2025-11-14T21:23:03.589+0000] {processor.py:186} INFO - Started process (PID=886) to work on /home/airflow/.local/lib/python3.12/site-packages/airflow/example_dags/example_python_operator.py
[2025-11-14T21:23:03.594+0000] {processor.py:914} INFO - Processing file /home/airflow/.local/lib/python3.12/site-packages/airflow/example_dags/example_python_operator.py for tasks to queue
[2025-11-14T21:23:03.602+0000] {logging_mixin.py:190} INFO - [2025-11-14T21:23:03.601+0000] {dagbag.py:588} INFO - Filling up the DagBag from /home/airflow/.local/lib/python3.12/site-packages/airflow/example_dags/example_python_operator.py
[2025-11-14T21:23:03.643+0000] {processor.py:925} INFO - DAG(s) 'example_python_operator' retrieved from /home/airflow/.local/lib/python3.12/site-packages/airflow/example_dags/example_python_operator.py
[2025-11-14T21:23:03.712+0000] {logging_mixin.py:190} INFO - [2025-11-14T21:23:03.712+0000] {dag.py:3239} INFO - Sync 1 DAGs
[2025-11-14T21:23:03.762+0000] {logging_mixin.py:190} INFO - [2025-11-14T21:23:03.761+0000] {dag.py:4180} INFO - Setting next_dagrun for example_python_operator to None, run_after=None
[2025-11-14T21:23:03.832+0000] {processor.py:208} INFO - Processing /home/airflow/.local/lib/python3.12/site-packages/airflow/example_dags/example_python_operator.py took 0.263 seconds
[2025-11-14T21:23:33.922+0000] {processor.py:186} INFO - Started process (PID=949) to work on /home/airflow/.local/lib/python3.12/site-packages/airflow/example_dags/example_python_operator.py
[2025-11-14T21:23:33.926+0000] {processor.py:914} INFO - Processing file /home/airflow/.local/lib/python3.12/site-packages/airflow/example_dags/example_python_operator.py for tasks to queue
[2025-11-14T21:23:33.934+0000] {logging_mixin.py:190} INFO - [2025-11-14T21:23:33.934+0000] {dagbag.py:588} INFO - Filling up the DagBag from /home/airflow/.local/lib/python3.12/site-packages/airflow/example_dags/example_python_operator.py
[2025-11-14T21:23:33.970+0000] {processor.py:925} INFO - DAG(s) 'example_python_operator' retrieved from /home/airflow/.local/lib/python3.12/site-packages/airflow/example_dags/example_python_operator.py
[2025-11-14T21:23:34.054+0000] {logging_mixin.py:190} INFO - [2025-11-14T21:23:34.052+0000] {dag.py:3239} INFO - Sync 1 DAGs
[2025-11-14T21:23:34.098+0000] {logging_mixin.py:190} INFO - [2025-11-14T21:23:34.097+0000] {dag.py:4180} INFO - Setting next_dagrun for example_python_operator to None, run_after=None
[2025-11-14T21:23:34.149+0000] {processor.py:208} INFO - Processing /home/airflow/.local/lib/python3.12/site-packages/airflow/example_dags/example_python_operator.py took 0.245 seconds
[2025-11-14T21:24:04.760+0000] {processor.py:186} INFO - Started process (PID=1012) to work on /home/airflow/.local/lib/python3.12/site-packages/airflow/example_dags/example_python_operator.py
[2025-11-14T21:24:04.764+0000] {processor.py:914} INFO - Processing file /home/airflow/.local/lib/python3.12/site-packages/airflow/example_dags/example_python_operator.py for tasks to queue
[2025-11-14T21:24:04.772+0000] {logging_mixin.py:190} INFO - [2025-11-14T21:24:04.771+0000] {dagbag.py:588} INFO - Filling up the DagBag from /home/airflow/.local/lib/python3.12/site-packages/airflow/example_dags/example_python_operator.py
[2025-11-14T21:24:04.835+0000] {processor.py:925} INFO - DAG(s) 'example_python_operator' retrieved from /home/airflow/.local/lib/python3.12/site-packages/airflow/example_dags/example_python_operator.py
[2025-11-14T21:24:04.946+0000] {logging_mixin.py:190} INFO - [2025-11-14T21:24:04.945+0000] {dag.py:3239} INFO - Sync 1 DAGs
[2025-11-14T21:24:05.013+0000] {logging_mixin.py:190} INFO - [2025-11-14T21:24:05.012+0000] {dag.py:4180} INFO - Setting next_dagrun for example_python_operator to None, run_after=None
[2025-11-14T21:24:05.071+0000] {processor.py:208} INFO - Processing /home/airflow/.local/lib/python3.12/site-packages/airflow/example_dags/example_python_operator.py took 0.336 seconds
[2025-11-14T21:24:37.802+0000] {processor.py:186} INFO - Started process (PID=1076) to work on /home/airflow/.local/lib/python3.12/site-packages/airflow/example_dags/example_python_operator.py
[2025-11-14T21:24:37.807+0000] {processor.py:914} INFO - Processing file /home/airflow/.local/lib/python3.12/site-packages/airflow/example_dags/example_python_operator.py for tasks to queue
[2025-11-14T21:24:37.820+0000] {logging_mixin.py:190} INFO - [2025-11-14T21:24:37.819+0000] {dagbag.py:588} INFO - Filling up the DagBag from /home/airflow/.local/lib/python3.12/site-packages/airflow/example_dags/example_python_operator.py
[2025-11-14T21:24:37.888+0000] {processor.py:925} INFO - DAG(s) 'example_python_operator' retrieved from /home/airflow/.local/lib/python3.12/site-packages/airflow/example_dags/example_python_operator.py
[2025-11-14T21:24:37.989+0000] {logging_mixin.py:190} INFO - [2025-11-14T21:24:37.989+0000] {dag.py:3239} INFO - Sync 1 DAGs
[2025-11-14T21:24:38.042+0000] {logging_mixin.py:190} INFO - [2025-11-14T21:24:38.041+0000] {dag.py:4180} INFO - Setting next_dagrun for example_python_operator to None, run_after=None
[2025-11-14T21:24:38.280+0000] {processor.py:208} INFO - Processing /home/airflow/.local/lib/python3.12/site-packages/airflow/example_dags/example_python_operator.py took 0.527 seconds
[2025-11-14T21:25:08.566+0000] {processor.py:186} INFO - Started process (PID=1140) to work on /home/airflow/.local/lib/python3.12/site-packages/airflow/example_dags/example_python_operator.py
[2025-11-14T21:25:08.570+0000] {processor.py:914} INFO - Processing file /home/airflow/.local/lib/python3.12/site-packages/airflow/example_dags/example_python_operator.py for tasks to queue
[2025-11-14T21:25:08.576+0000] {logging_mixin.py:190} INFO - [2025-11-14T21:25:08.575+0000] {dagbag.py:588} INFO - Filling up the DagBag from /home/airflow/.local/lib/python3.12/site-packages/airflow/example_dags/example_python_operator.py
[2025-11-14T21:25:08.607+0000] {processor.py:925} INFO - DAG(s) 'example_python_operator' retrieved from /home/airflow/.local/lib/python3.12/site-packages/airflow/example_dags/example_python_operator.py
[2025-11-14T21:25:08.657+0000] {logging_mixin.py:190} INFO - [2025-11-14T21:25:08.657+0000] {dag.py:3239} INFO - Sync 1 DAGs
[2025-11-14T21:25:08.693+0000] {logging_mixin.py:190} INFO - [2025-11-14T21:25:08.693+0000] {dag.py:4180} INFO - Setting next_dagrun for example_python_operator to None, run_after=None
[2025-11-14T21:25:08.735+0000] {processor.py:208} INFO - Processing /home/airflow/.local/lib/python3.12/site-packages/airflow/example_dags/example_python_operator.py took 0.195 seconds
[2025-11-14T21:25:40.549+0000] {processor.py:186} INFO - Started process (PID=1204) to work on /home/airflow/.local/lib/python3.12/site-packages/airflow/example_dags/example_python_operator.py
[2025-11-14T21:25:40.553+0000] {processor.py:914} INFO - Processing file /home/airflow/.local/lib/python3.12/site-packages/airflow/example_dags/example_python_operator.py for tasks to queue
[2025-11-14T21:25:40.559+0000] {logging_mixin.py:190} INFO - [2025-11-14T21:25:40.558+0000] {dagbag.py:588} INFO - Filling up the DagBag from /home/airflow/.local/lib/python3.12/site-packages/airflow/example_dags/example_python_operator.py
[2025-11-14T21:25:40.600+0000] {processor.py:925} INFO - DAG(s) 'example_python_operator' retrieved from /home/airflow/.local/lib/python3.12/site-packages/airflow/example_dags/example_python_operator.py
[2025-11-14T21:25:40.651+0000] {logging_mixin.py:190} INFO - [2025-11-14T21:25:40.651+0000] {dag.py:3239} INFO - Sync 1 DAGs
[2025-11-14T21:25:40.692+0000] {logging_mixin.py:190} INFO - [2025-11-14T21:25:40.692+0000] {dag.py:4180} INFO - Setting next_dagrun for example_python_operator to None, run_after=None
[2025-11-14T21:25:40.733+0000] {processor.py:208} INFO - Processing /home/airflow/.local/lib/python3.12/site-packages/airflow/example_dags/example_python_operator.py took 0.199 seconds
[2025-11-14T21:26:10.859+0000] {processor.py:186} INFO - Started process (PID=1268) to work on /home/airflow/.local/lib/python3.12/site-packages/airflow/example_dags/example_python_operator.py
[2025-11-14T21:26:10.862+0000] {processor.py:914} INFO - Processing file /home/airflow/.local/lib/python3.12/site-packages/airflow/example_dags/example_python_operator.py for tasks to queue
[2025-11-14T21:26:10.868+0000] {logging_mixin.py:190} INFO - [2025-11-14T21:26:10.868+0000] {dagbag.py:588} INFO - Filling up the DagBag from /home/airflow/.local/lib/python3.12/site-packages/airflow/example_dags/example_python_operator.py
[2025-11-14T21:26:10.894+0000] {processor.py:925} INFO - DAG(s) 'example_python_operator' retrieved from /home/airflow/.local/lib/python3.12/site-packages/airflow/example_dags/example_python_operator.py
[2025-11-14T21:26:10.939+0000] {logging_mixin.py:190} INFO - [2025-11-14T21:26:10.939+0000] {dag.py:3239} INFO - Sync 1 DAGs
[2025-11-14T21:26:10.969+0000] {logging_mixin.py:190} INFO - [2025-11-14T21:26:10.968+0000] {dag.py:4180} INFO - Setting next_dagrun for example_python_operator to None, run_after=None
[2025-11-14T21:26:11.007+0000] {processor.py:208} INFO - Processing /home/airflow/.local/lib/python3.12/site-packages/airflow/example_dags/example_python_operator.py took 0.162 seconds
[2025-11-14T21:26:41.145+0000] {processor.py:186} INFO - Started process (PID=1331) to work on /home/airflow/.local/lib/python3.12/site-packages/airflow/example_dags/example_python_operator.py
[2025-11-14T21:26:41.148+0000] {processor.py:914} INFO - Processing file /home/airflow/.local/lib/python3.12/site-packages/airflow/example_dags/example_python_operator.py for tasks to queue
[2025-11-14T21:26:41.153+0000] {logging_mixin.py:190} INFO - [2025-11-14T21:26:41.152+0000] {dagbag.py:588} INFO - Filling up the DagBag from /home/airflow/.local/lib/python3.12/site-packages/airflow/example_dags/example_python_operator.py
[2025-11-14T21:26:41.176+0000] {processor.py:925} INFO - DAG(s) 'example_python_operator' retrieved from /home/airflow/.local/lib/python3.12/site-packages/airflow/example_dags/example_python_operator.py
[2025-11-14T21:26:41.219+0000] {logging_mixin.py:190} INFO - [2025-11-14T21:26:41.219+0000] {dag.py:3239} INFO - Sync 1 DAGs
[2025-11-14T21:26:41.248+0000] {logging_mixin.py:190} INFO - [2025-11-14T21:26:41.248+0000] {dag.py:4180} INFO - Setting next_dagrun for example_python_operator to None, run_after=None
[2025-11-14T21:26:41.280+0000] {processor.py:208} INFO - Processing /home/airflow/.local/lib/python3.12/site-packages/airflow/example_dags/example_python_operator.py took 0.146 seconds
[2025-11-14T21:27:11.893+0000] {processor.py:186} INFO - Started process (PID=1394) to work on /home/airflow/.local/lib/python3.12/site-packages/airflow/example_dags/example_python_operator.py
[2025-11-14T21:27:11.895+0000] {processor.py:914} INFO - Processing file /home/airflow/.local/lib/python3.12/site-packages/airflow/example_dags/example_python_operator.py for tasks to queue
[2025-11-14T21:27:11.904+0000] {logging_mixin.py:190} INFO - [2025-11-14T21:27:11.903+0000] {dagbag.py:588} INFO - Filling up the DagBag from /home/airflow/.local/lib/python3.12/site-packages/airflow/example_dags/example_python_operator.py
[2025-11-14T21:27:11.935+0000] {processor.py:925} INFO - DAG(s) 'example_python_operator' retrieved from /home/airflow/.local/lib/python3.12/site-packages/airflow/example_dags/example_python_operator.py
[2025-11-14T21:27:11.994+0000] {logging_mixin.py:190} INFO - [2025-11-14T21:27:11.994+0000] {dag.py:3239} INFO - Sync 1 DAGs
[2025-11-14T21:27:12.037+0000] {logging_mixin.py:190} INFO - [2025-11-14T21:27:12.037+0000] {dag.py:4180} INFO - Setting next_dagrun for example_python_operator to None, run_after=None
[2025-11-14T21:27:12.079+0000] {processor.py:208} INFO - Processing /home/airflow/.local/lib/python3.12/site-packages/airflow/example_dags/example_python_operator.py took 0.204 seconds
[2025-11-14T21:27:42.391+0000] {processor.py:186} INFO - Started process (PID=1457) to work on /home/airflow/.local/lib/python3.12/site-packages/airflow/example_dags/example_python_operator.py
[2025-11-14T21:27:42.394+0000] {processor.py:914} INFO - Processing file /home/airflow/.local/lib/python3.12/site-packages/airflow/example_dags/example_python_operator.py for tasks to queue
[2025-11-14T21:27:42.400+0000] {logging_mixin.py:190} INFO - [2025-11-14T21:27:42.399+0000] {dagbag.py:588} INFO - Filling up the DagBag from /home/airflow/.local/lib/python3.12/site-packages/airflow/example_dags/example_python_operator.py
[2025-11-14T21:27:42.426+0000] {processor.py:925} INFO - DAG(s) 'example_python_operator' retrieved from /home/airflow/.local/lib/python3.12/site-packages/airflow/example_dags/example_python_operator.py
[2025-11-14T21:27:42.477+0000] {logging_mixin.py:190} INFO - [2025-11-14T21:27:42.476+0000] {dag.py:3239} INFO - Sync 1 DAGs
[2025-11-14T21:27:42.517+0000] {logging_mixin.py:190} INFO - [2025-11-14T21:27:42.516+0000] {dag.py:4180} INFO - Setting next_dagrun for example_python_operator to None, run_after=None
[2025-11-14T21:27:42.572+0000] {processor.py:208} INFO - Processing /home/airflow/.local/lib/python3.12/site-packages/airflow/example_dags/example_python_operator.py took 0.195 seconds
[2025-11-14T21:28:12.931+0000] {processor.py:186} INFO - Started process (PID=1520) to work on /home/airflow/.local/lib/python3.12/site-packages/airflow/example_dags/example_python_operator.py
[2025-11-14T21:28:12.935+0000] {processor.py:914} INFO - Processing file /home/airflow/.local/lib/python3.12/site-packages/airflow/example_dags/example_python_operator.py for tasks to queue
[2025-11-14T21:28:12.942+0000] {logging_mixin.py:190} INFO - [2025-11-14T21:28:12.941+0000] {dagbag.py:588} INFO - Filling up the DagBag from /home/airflow/.local/lib/python3.12/site-packages/airflow/example_dags/example_python_operator.py
[2025-11-14T21:28:12.971+0000] {processor.py:925} INFO - DAG(s) 'example_python_operator' retrieved from /home/airflow/.local/lib/python3.12/site-packages/airflow/example_dags/example_python_operator.py
[2025-11-14T21:28:13.019+0000] {logging_mixin.py:190} INFO - [2025-11-14T21:28:13.019+0000] {dag.py:3239} INFO - Sync 1 DAGs
[2025-11-14T21:28:13.052+0000] {logging_mixin.py:190} INFO - [2025-11-14T21:28:13.052+0000] {dag.py:4180} INFO - Setting next_dagrun for example_python_operator to None, run_after=None
[2025-11-14T21:28:13.091+0000] {processor.py:208} INFO - Processing /home/airflow/.local/lib/python3.12/site-packages/airflow/example_dags/example_python_operator.py took 0.175 seconds
