[2025-11-14T21:15:45.118+0000] {processor.py:186} INFO - Started process (PID=64) to work on /home/airflow/.local/lib/python3.12/site-packages/airflow/example_dags/example_branch_python_dop_operator_3.py
[2025-11-14T21:15:45.121+0000] {processor.py:914} INFO - Processing file /home/airflow/.local/lib/python3.12/site-packages/airflow/example_dags/example_branch_python_dop_operator_3.py for tasks to queue
[2025-11-14T21:15:45.127+0000] {logging_mixin.py:190} INFO - [2025-11-14T21:15:45.127+0000] {dagbag.py:588} INFO - Filling up the DagBag from /home/airflow/.local/lib/python3.12/site-packages/airflow/example_dags/example_branch_python_dop_operator_3.py
[2025-11-14T21:15:45.161+0000] {processor.py:925} INFO - DAG(s) 'example_branch_dop_operator_v3' retrieved from /home/airflow/.local/lib/python3.12/site-packages/airflow/example_dags/example_branch_python_dop_operator_3.py
[2025-11-14T21:15:45.551+0000] {logging_mixin.py:190} INFO - [2025-11-14T21:15:45.550+0000] {override.py:1900} INFO - Created Permission View: can edit on DAG:example_branch_dop_operator_v3
[2025-11-14T21:15:45.578+0000] {logging_mixin.py:190} INFO - [2025-11-14T21:15:45.578+0000] {override.py:1900} INFO - Created Permission View: can delete on DAG:example_branch_dop_operator_v3
[2025-11-14T21:15:45.592+0000] {logging_mixin.py:190} INFO - [2025-11-14T21:15:45.591+0000] {override.py:1900} INFO - Created Permission View: can read on DAG:example_branch_dop_operator_v3
[2025-11-14T21:15:45.608+0000] {logging_mixin.py:190} INFO - [2025-11-14T21:15:45.608+0000] {override.py:1900} INFO - Created Permission View: menu access on DAG Run:example_branch_dop_operator_v3
[2025-11-14T21:15:45.627+0000] {logging_mixin.py:190} INFO - [2025-11-14T21:15:45.627+0000] {override.py:1900} INFO - Created Permission View: can create on DAG Run:example_branch_dop_operator_v3
[2025-11-14T21:15:45.644+0000] {logging_mixin.py:190} INFO - [2025-11-14T21:15:45.643+0000] {override.py:1900} INFO - Created Permission View: can delete on DAG Run:example_branch_dop_operator_v3
[2025-11-14T21:15:45.661+0000] {logging_mixin.py:190} INFO - [2025-11-14T21:15:45.660+0000] {override.py:1900} INFO - Created Permission View: can read on DAG Run:example_branch_dop_operator_v3
[2025-11-14T21:15:45.664+0000] {logging_mixin.py:190} INFO - [2025-11-14T21:15:45.663+0000] {dag.py:3239} INFO - Sync 1 DAGs
[2025-11-14T21:15:45.706+0000] {logging_mixin.py:190} INFO - [2025-11-14T21:15:45.706+0000] {dag.py:3262} INFO - Creating ORM DAG for example_branch_dop_operator_v3
[2025-11-14T21:15:45.743+0000] {logging_mixin.py:190} INFO - [2025-11-14T21:15:45.743+0000] {dag.py:4180} INFO - Setting next_dagrun for example_branch_dop_operator_v3 to 2025-11-14 21:14:00+00:00, run_after=2025-11-14 21:15:00+00:00
[2025-11-14T21:15:45.785+0000] {processor.py:208} INFO - Processing /home/airflow/.local/lib/python3.12/site-packages/airflow/example_dags/example_branch_python_dop_operator_3.py took 0.687 seconds
[2025-11-14T21:16:16.078+0000] {processor.py:186} INFO - Started process (PID=128) to work on /home/airflow/.local/lib/python3.12/site-packages/airflow/example_dags/example_branch_python_dop_operator_3.py
[2025-11-14T21:16:16.083+0000] {processor.py:914} INFO - Processing file /home/airflow/.local/lib/python3.12/site-packages/airflow/example_dags/example_branch_python_dop_operator_3.py for tasks to queue
[2025-11-14T21:16:16.093+0000] {logging_mixin.py:190} INFO - [2025-11-14T21:16:16.092+0000] {dagbag.py:588} INFO - Filling up the DagBag from /home/airflow/.local/lib/python3.12/site-packages/airflow/example_dags/example_branch_python_dop_operator_3.py
[2025-11-14T21:16:16.119+0000] {processor.py:925} INFO - DAG(s) 'example_branch_dop_operator_v3' retrieved from /home/airflow/.local/lib/python3.12/site-packages/airflow/example_dags/example_branch_python_dop_operator_3.py
[2025-11-14T21:16:16.156+0000] {logging_mixin.py:190} INFO - [2025-11-14T21:16:16.155+0000] {dag.py:3239} INFO - Sync 1 DAGs
[2025-11-14T21:16:16.205+0000] {logging_mixin.py:190} INFO - [2025-11-14T21:16:16.204+0000] {dag.py:4180} INFO - Setting next_dagrun for example_branch_dop_operator_v3 to 2025-11-14 21:15:00+00:00, run_after=2025-11-14 21:16:00+00:00
[2025-11-14T21:16:16.236+0000] {processor.py:208} INFO - Processing /home/airflow/.local/lib/python3.12/site-packages/airflow/example_dags/example_branch_python_dop_operator_3.py took 0.174 seconds
[2025-11-14T21:16:46.311+0000] {processor.py:186} INFO - Started process (PID=191) to work on /home/airflow/.local/lib/python3.12/site-packages/airflow/example_dags/example_branch_python_dop_operator_3.py
[2025-11-14T21:16:46.312+0000] {processor.py:914} INFO - Processing file /home/airflow/.local/lib/python3.12/site-packages/airflow/example_dags/example_branch_python_dop_operator_3.py for tasks to queue
[2025-11-14T21:16:46.315+0000] {logging_mixin.py:190} INFO - [2025-11-14T21:16:46.315+0000] {dagbag.py:588} INFO - Filling up the DagBag from /home/airflow/.local/lib/python3.12/site-packages/airflow/example_dags/example_branch_python_dop_operator_3.py
[2025-11-14T21:16:46.327+0000] {processor.py:925} INFO - DAG(s) 'example_branch_dop_operator_v3' retrieved from /home/airflow/.local/lib/python3.12/site-packages/airflow/example_dags/example_branch_python_dop_operator_3.py
[2025-11-14T21:16:46.349+0000] {logging_mixin.py:190} INFO - [2025-11-14T21:16:46.349+0000] {dag.py:3239} INFO - Sync 1 DAGs
[2025-11-14T21:16:46.379+0000] {logging_mixin.py:190} INFO - [2025-11-14T21:16:46.378+0000] {dag.py:4180} INFO - Setting next_dagrun for example_branch_dop_operator_v3 to 2025-11-14 21:15:00+00:00, run_after=2025-11-14 21:16:00+00:00
[2025-11-14T21:16:46.397+0000] {processor.py:208} INFO - Processing /home/airflow/.local/lib/python3.12/site-packages/airflow/example_dags/example_branch_python_dop_operator_3.py took 0.094 seconds
[2025-11-14T21:17:16.614+0000] {processor.py:186} INFO - Started process (PID=254) to work on /home/airflow/.local/lib/python3.12/site-packages/airflow/example_dags/example_branch_python_dop_operator_3.py
[2025-11-14T21:17:16.615+0000] {processor.py:914} INFO - Processing file /home/airflow/.local/lib/python3.12/site-packages/airflow/example_dags/example_branch_python_dop_operator_3.py for tasks to queue
[2025-11-14T21:17:16.619+0000] {logging_mixin.py:190} INFO - [2025-11-14T21:17:16.619+0000] {dagbag.py:588} INFO - Filling up the DagBag from /home/airflow/.local/lib/python3.12/site-packages/airflow/example_dags/example_branch_python_dop_operator_3.py
[2025-11-14T21:17:16.631+0000] {processor.py:925} INFO - DAG(s) 'example_branch_dop_operator_v3' retrieved from /home/airflow/.local/lib/python3.12/site-packages/airflow/example_dags/example_branch_python_dop_operator_3.py
[2025-11-14T21:17:16.653+0000] {logging_mixin.py:190} INFO - [2025-11-14T21:17:16.653+0000] {dag.py:3239} INFO - Sync 1 DAGs
[2025-11-14T21:17:16.684+0000] {logging_mixin.py:190} INFO - [2025-11-14T21:17:16.683+0000] {dag.py:4180} INFO - Setting next_dagrun for example_branch_dop_operator_v3 to 2025-11-14 21:16:00+00:00, run_after=2025-11-14 21:17:00+00:00
[2025-11-14T21:17:16.702+0000] {processor.py:208} INFO - Processing /home/airflow/.local/lib/python3.12/site-packages/airflow/example_dags/example_branch_python_dop_operator_3.py took 0.095 seconds
[2025-11-14T21:17:46.934+0000] {processor.py:186} INFO - Started process (PID=317) to work on /home/airflow/.local/lib/python3.12/site-packages/airflow/example_dags/example_branch_python_dop_operator_3.py
[2025-11-14T21:17:46.936+0000] {processor.py:914} INFO - Processing file /home/airflow/.local/lib/python3.12/site-packages/airflow/example_dags/example_branch_python_dop_operator_3.py for tasks to queue
[2025-11-14T21:17:46.939+0000] {logging_mixin.py:190} INFO - [2025-11-14T21:17:46.939+0000] {dagbag.py:588} INFO - Filling up the DagBag from /home/airflow/.local/lib/python3.12/site-packages/airflow/example_dags/example_branch_python_dop_operator_3.py
[2025-11-14T21:17:46.951+0000] {processor.py:925} INFO - DAG(s) 'example_branch_dop_operator_v3' retrieved from /home/airflow/.local/lib/python3.12/site-packages/airflow/example_dags/example_branch_python_dop_operator_3.py
[2025-11-14T21:17:46.972+0000] {logging_mixin.py:190} INFO - [2025-11-14T21:17:46.972+0000] {dag.py:3239} INFO - Sync 1 DAGs
[2025-11-14T21:17:47.004+0000] {logging_mixin.py:190} INFO - [2025-11-14T21:17:47.004+0000] {dag.py:4180} INFO - Setting next_dagrun for example_branch_dop_operator_v3 to 2025-11-14 21:16:00+00:00, run_after=2025-11-14 21:17:00+00:00
[2025-11-14T21:17:47.023+0000] {processor.py:208} INFO - Processing /home/airflow/.local/lib/python3.12/site-packages/airflow/example_dags/example_branch_python_dop_operator_3.py took 0.096 seconds
[2025-11-14T21:18:17.068+0000] {processor.py:186} INFO - Started process (PID=380) to work on /home/airflow/.local/lib/python3.12/site-packages/airflow/example_dags/example_branch_python_dop_operator_3.py
[2025-11-14T21:18:17.071+0000] {processor.py:914} INFO - Processing file /home/airflow/.local/lib/python3.12/site-packages/airflow/example_dags/example_branch_python_dop_operator_3.py for tasks to queue
[2025-11-14T21:18:17.074+0000] {logging_mixin.py:190} INFO - [2025-11-14T21:18:17.074+0000] {dagbag.py:588} INFO - Filling up the DagBag from /home/airflow/.local/lib/python3.12/site-packages/airflow/example_dags/example_branch_python_dop_operator_3.py
[2025-11-14T21:18:17.085+0000] {processor.py:925} INFO - DAG(s) 'example_branch_dop_operator_v3' retrieved from /home/airflow/.local/lib/python3.12/site-packages/airflow/example_dags/example_branch_python_dop_operator_3.py
[2025-11-14T21:18:17.108+0000] {logging_mixin.py:190} INFO - [2025-11-14T21:18:17.108+0000] {dag.py:3239} INFO - Sync 1 DAGs
[2025-11-14T21:18:17.140+0000] {logging_mixin.py:190} INFO - [2025-11-14T21:18:17.140+0000] {dag.py:4180} INFO - Setting next_dagrun for example_branch_dop_operator_v3 to 2025-11-14 21:17:00+00:00, run_after=2025-11-14 21:18:00+00:00
[2025-11-14T21:18:17.161+0000] {processor.py:208} INFO - Processing /home/airflow/.local/lib/python3.12/site-packages/airflow/example_dags/example_branch_python_dop_operator_3.py took 0.100 seconds
[2025-11-14T21:18:47.505+0000] {processor.py:186} INFO - Started process (PID=445) to work on /home/airflow/.local/lib/python3.12/site-packages/airflow/example_dags/example_branch_python_dop_operator_3.py
[2025-11-14T21:18:47.506+0000] {processor.py:914} INFO - Processing file /home/airflow/.local/lib/python3.12/site-packages/airflow/example_dags/example_branch_python_dop_operator_3.py for tasks to queue
[2025-11-14T21:18:47.510+0000] {logging_mixin.py:190} INFO - [2025-11-14T21:18:47.509+0000] {dagbag.py:588} INFO - Filling up the DagBag from /home/airflow/.local/lib/python3.12/site-packages/airflow/example_dags/example_branch_python_dop_operator_3.py
[2025-11-14T21:18:47.522+0000] {processor.py:925} INFO - DAG(s) 'example_branch_dop_operator_v3' retrieved from /home/airflow/.local/lib/python3.12/site-packages/airflow/example_dags/example_branch_python_dop_operator_3.py
[2025-11-14T21:18:47.548+0000] {logging_mixin.py:190} INFO - [2025-11-14T21:18:47.548+0000] {dag.py:3239} INFO - Sync 1 DAGs
[2025-11-14T21:18:47.580+0000] {logging_mixin.py:190} INFO - [2025-11-14T21:18:47.580+0000] {dag.py:4180} INFO - Setting next_dagrun for example_branch_dop_operator_v3 to 2025-11-14 21:17:00+00:00, run_after=2025-11-14 21:18:00+00:00
[2025-11-14T21:18:47.600+0000] {processor.py:208} INFO - Processing /home/airflow/.local/lib/python3.12/site-packages/airflow/example_dags/example_branch_python_dop_operator_3.py took 0.102 seconds
[2025-11-14T21:19:19.716+0000] {processor.py:186} INFO - Started process (PID=510) to work on /home/airflow/.local/lib/python3.12/site-packages/airflow/example_dags/example_branch_python_dop_operator_3.py
[2025-11-14T21:19:19.720+0000] {processor.py:914} INFO - Processing file /home/airflow/.local/lib/python3.12/site-packages/airflow/example_dags/example_branch_python_dop_operator_3.py for tasks to queue
[2025-11-14T21:19:19.729+0000] {logging_mixin.py:190} INFO - [2025-11-14T21:19:19.727+0000] {dagbag.py:588} INFO - Filling up the DagBag from /home/airflow/.local/lib/python3.12/site-packages/airflow/example_dags/example_branch_python_dop_operator_3.py
[2025-11-14T21:19:19.761+0000] {processor.py:925} INFO - DAG(s) 'example_branch_dop_operator_v3' retrieved from /home/airflow/.local/lib/python3.12/site-packages/airflow/example_dags/example_branch_python_dop_operator_3.py
[2025-11-14T21:19:19.819+0000] {logging_mixin.py:190} INFO - [2025-11-14T21:19:19.819+0000] {dag.py:3239} INFO - Sync 1 DAGs
[2025-11-14T21:19:19.920+0000] {logging_mixin.py:190} INFO - [2025-11-14T21:19:19.919+0000] {dag.py:4180} INFO - Setting next_dagrun for example_branch_dop_operator_v3 to 2025-11-14 21:18:00+00:00, run_after=2025-11-14 21:19:00+00:00
[2025-11-14T21:19:19.969+0000] {processor.py:208} INFO - Processing /home/airflow/.local/lib/python3.12/site-packages/airflow/example_dags/example_branch_python_dop_operator_3.py took 0.271 seconds
[2025-11-14T21:19:52.769+0000] {processor.py:186} INFO - Started process (PID=575) to work on /home/airflow/.local/lib/python3.12/site-packages/airflow/example_dags/example_branch_python_dop_operator_3.py
[2025-11-14T21:19:52.775+0000] {processor.py:914} INFO - Processing file /home/airflow/.local/lib/python3.12/site-packages/airflow/example_dags/example_branch_python_dop_operator_3.py for tasks to queue
[2025-11-14T21:19:52.785+0000] {logging_mixin.py:190} INFO - [2025-11-14T21:19:52.783+0000] {dagbag.py:588} INFO - Filling up the DagBag from /home/airflow/.local/lib/python3.12/site-packages/airflow/example_dags/example_branch_python_dop_operator_3.py
[2025-11-14T21:19:52.819+0000] {processor.py:925} INFO - DAG(s) 'example_branch_dop_operator_v3' retrieved from /home/airflow/.local/lib/python3.12/site-packages/airflow/example_dags/example_branch_python_dop_operator_3.py
[2025-11-14T21:19:52.881+0000] {logging_mixin.py:190} INFO - [2025-11-14T21:19:52.879+0000] {dag.py:3239} INFO - Sync 1 DAGs
[2025-11-14T21:19:52.964+0000] {logging_mixin.py:190} INFO - [2025-11-14T21:19:52.963+0000] {dag.py:4180} INFO - Setting next_dagrun for example_branch_dop_operator_v3 to 2025-11-14 21:18:00+00:00, run_after=2025-11-14 21:19:00+00:00
[2025-11-14T21:19:53.023+0000] {processor.py:208} INFO - Processing /home/airflow/.local/lib/python3.12/site-packages/airflow/example_dags/example_branch_python_dop_operator_3.py took 0.272 seconds
[2025-11-14T21:21:02.137+0000] {processor.py:186} INFO - Started process (PID=661) to work on /home/airflow/.local/lib/python3.12/site-packages/airflow/example_dags/example_branch_python_dop_operator_3.py
[2025-11-14T21:21:02.153+0000] {processor.py:914} INFO - Processing file /home/airflow/.local/lib/python3.12/site-packages/airflow/example_dags/example_branch_python_dop_operator_3.py for tasks to queue
[2025-11-14T21:21:02.184+0000] {logging_mixin.py:190} INFO - [2025-11-14T21:21:02.181+0000] {dagbag.py:588} INFO - Filling up the DagBag from /home/airflow/.local/lib/python3.12/site-packages/airflow/example_dags/example_branch_python_dop_operator_3.py
[2025-11-14T21:21:02.304+0000] {processor.py:925} INFO - DAG(s) 'example_branch_dop_operator_v3' retrieved from /home/airflow/.local/lib/python3.12/site-packages/airflow/example_dags/example_branch_python_dop_operator_3.py
[2025-11-14T21:21:03.742+0000] {logging_mixin.py:190} INFO - [2025-11-14T21:21:03.737+0000] {dag.py:3239} INFO - Sync 1 DAGs
[2025-11-14T21:21:04.771+0000] {logging_mixin.py:190} INFO - [2025-11-14T21:21:04.770+0000] {dag.py:4180} INFO - Setting next_dagrun for example_branch_dop_operator_v3 to 2025-11-14 21:20:00+00:00, run_after=2025-11-14 21:21:00+00:00
[2025-11-14T21:21:05.071+0000] {processor.py:208} INFO - Processing /home/airflow/.local/lib/python3.12/site-packages/airflow/example_dags/example_branch_python_dop_operator_3.py took 3.022 seconds
[2025-11-14T21:21:43.441+0000] {processor.py:186} INFO - Started process (PID=726) to work on /home/airflow/.local/lib/python3.12/site-packages/airflow/example_dags/example_branch_python_dop_operator_3.py
[2025-11-14T21:21:43.454+0000] {processor.py:914} INFO - Processing file /home/airflow/.local/lib/python3.12/site-packages/airflow/example_dags/example_branch_python_dop_operator_3.py for tasks to queue
[2025-11-14T21:21:43.624+0000] {logging_mixin.py:190} INFO - [2025-11-14T21:21:43.608+0000] {dagbag.py:588} INFO - Filling up the DagBag from /home/airflow/.local/lib/python3.12/site-packages/airflow/example_dags/example_branch_python_dop_operator_3.py
[2025-11-14T21:21:43.726+0000] {processor.py:925} INFO - DAG(s) 'example_branch_dop_operator_v3' retrieved from /home/airflow/.local/lib/python3.12/site-packages/airflow/example_dags/example_branch_python_dop_operator_3.py
[2025-11-14T21:21:43.861+0000] {logging_mixin.py:190} INFO - [2025-11-14T21:21:43.860+0000] {dag.py:3239} INFO - Sync 1 DAGs
[2025-11-14T21:21:44.028+0000] {logging_mixin.py:190} INFO - [2025-11-14T21:21:44.027+0000] {dag.py:4180} INFO - Setting next_dagrun for example_branch_dop_operator_v3 to 2025-11-14 21:20:00+00:00, run_after=2025-11-14 21:21:00+00:00
[2025-11-14T21:21:44.108+0000] {processor.py:208} INFO - Processing /home/airflow/.local/lib/python3.12/site-packages/airflow/example_dags/example_branch_python_dop_operator_3.py took 0.707 seconds
[2025-11-14T21:22:16.256+0000] {processor.py:186} INFO - Started process (PID=790) to work on /home/airflow/.local/lib/python3.12/site-packages/airflow/example_dags/example_branch_python_dop_operator_3.py
[2025-11-14T21:22:16.266+0000] {processor.py:914} INFO - Processing file /home/airflow/.local/lib/python3.12/site-packages/airflow/example_dags/example_branch_python_dop_operator_3.py for tasks to queue
[2025-11-14T21:22:16.295+0000] {logging_mixin.py:190} INFO - [2025-11-14T21:22:16.293+0000] {dagbag.py:588} INFO - Filling up the DagBag from /home/airflow/.local/lib/python3.12/site-packages/airflow/example_dags/example_branch_python_dop_operator_3.py
[2025-11-14T21:22:16.383+0000] {processor.py:925} INFO - DAG(s) 'example_branch_dop_operator_v3' retrieved from /home/airflow/.local/lib/python3.12/site-packages/airflow/example_dags/example_branch_python_dop_operator_3.py
[2025-11-14T21:22:16.636+0000] {logging_mixin.py:190} INFO - [2025-11-14T21:22:16.635+0000] {dag.py:3239} INFO - Sync 1 DAGs
[2025-11-14T21:22:17.288+0000] {logging_mixin.py:190} INFO - [2025-11-14T21:22:17.287+0000] {dag.py:4180} INFO - Setting next_dagrun for example_branch_dop_operator_v3 to 2025-11-14 21:21:00+00:00, run_after=2025-11-14 21:22:00+00:00
[2025-11-14T21:22:17.429+0000] {processor.py:208} INFO - Processing /home/airflow/.local/lib/python3.12/site-packages/airflow/example_dags/example_branch_python_dop_operator_3.py took 1.205 seconds
[2025-11-14T21:22:47.613+0000] {processor.py:186} INFO - Started process (PID=855) to work on /home/airflow/.local/lib/python3.12/site-packages/airflow/example_dags/example_branch_python_dop_operator_3.py
[2025-11-14T21:22:47.617+0000] {processor.py:914} INFO - Processing file /home/airflow/.local/lib/python3.12/site-packages/airflow/example_dags/example_branch_python_dop_operator_3.py for tasks to queue
[2025-11-14T21:22:47.627+0000] {logging_mixin.py:190} INFO - [2025-11-14T21:22:47.626+0000] {dagbag.py:588} INFO - Filling up the DagBag from /home/airflow/.local/lib/python3.12/site-packages/airflow/example_dags/example_branch_python_dop_operator_3.py
[2025-11-14T21:22:47.660+0000] {processor.py:925} INFO - DAG(s) 'example_branch_dop_operator_v3' retrieved from /home/airflow/.local/lib/python3.12/site-packages/airflow/example_dags/example_branch_python_dop_operator_3.py
[2025-11-14T21:22:47.727+0000] {logging_mixin.py:190} INFO - [2025-11-14T21:22:47.726+0000] {dag.py:3239} INFO - Sync 1 DAGs
[2025-11-14T21:22:47.825+0000] {logging_mixin.py:190} INFO - [2025-11-14T21:22:47.825+0000] {dag.py:4180} INFO - Setting next_dagrun for example_branch_dop_operator_v3 to 2025-11-14 21:21:00+00:00, run_after=2025-11-14 21:22:00+00:00
[2025-11-14T21:22:47.897+0000] {processor.py:208} INFO - Processing /home/airflow/.local/lib/python3.12/site-packages/airflow/example_dags/example_branch_python_dop_operator_3.py took 0.304 seconds
[2025-11-14T21:23:18.359+0000] {processor.py:186} INFO - Started process (PID=919) to work on /home/airflow/.local/lib/python3.12/site-packages/airflow/example_dags/example_branch_python_dop_operator_3.py
[2025-11-14T21:23:18.363+0000] {processor.py:914} INFO - Processing file /home/airflow/.local/lib/python3.12/site-packages/airflow/example_dags/example_branch_python_dop_operator_3.py for tasks to queue
[2025-11-14T21:23:18.374+0000] {logging_mixin.py:190} INFO - [2025-11-14T21:23:18.373+0000] {dagbag.py:588} INFO - Filling up the DagBag from /home/airflow/.local/lib/python3.12/site-packages/airflow/example_dags/example_branch_python_dop_operator_3.py
[2025-11-14T21:23:18.408+0000] {processor.py:925} INFO - DAG(s) 'example_branch_dop_operator_v3' retrieved from /home/airflow/.local/lib/python3.12/site-packages/airflow/example_dags/example_branch_python_dop_operator_3.py
[2025-11-14T21:23:18.498+0000] {logging_mixin.py:190} INFO - [2025-11-14T21:23:18.497+0000] {dag.py:3239} INFO - Sync 1 DAGs
[2025-11-14T21:23:18.640+0000] {logging_mixin.py:190} INFO - [2025-11-14T21:23:18.639+0000] {dag.py:4180} INFO - Setting next_dagrun for example_branch_dop_operator_v3 to 2025-11-14 21:22:00+00:00, run_after=2025-11-14 21:23:00+00:00
[2025-11-14T21:23:18.720+0000] {processor.py:208} INFO - Processing /home/airflow/.local/lib/python3.12/site-packages/airflow/example_dags/example_branch_python_dop_operator_3.py took 0.382 seconds
[2025-11-14T21:23:48.918+0000] {processor.py:186} INFO - Started process (PID=983) to work on /home/airflow/.local/lib/python3.12/site-packages/airflow/example_dags/example_branch_python_dop_operator_3.py
[2025-11-14T21:23:48.922+0000] {processor.py:914} INFO - Processing file /home/airflow/.local/lib/python3.12/site-packages/airflow/example_dags/example_branch_python_dop_operator_3.py for tasks to queue
[2025-11-14T21:23:48.929+0000] {logging_mixin.py:190} INFO - [2025-11-14T21:23:48.928+0000] {dagbag.py:588} INFO - Filling up the DagBag from /home/airflow/.local/lib/python3.12/site-packages/airflow/example_dags/example_branch_python_dop_operator_3.py
[2025-11-14T21:23:48.960+0000] {processor.py:925} INFO - DAG(s) 'example_branch_dop_operator_v3' retrieved from /home/airflow/.local/lib/python3.12/site-packages/airflow/example_dags/example_branch_python_dop_operator_3.py
[2025-11-14T21:23:49.022+0000] {logging_mixin.py:190} INFO - [2025-11-14T21:23:49.022+0000] {dag.py:3239} INFO - Sync 1 DAGs
[2025-11-14T21:23:49.096+0000] {logging_mixin.py:190} INFO - [2025-11-14T21:23:49.096+0000] {dag.py:4180} INFO - Setting next_dagrun for example_branch_dop_operator_v3 to 2025-11-14 21:22:00+00:00, run_after=2025-11-14 21:23:00+00:00
[2025-11-14T21:23:49.143+0000] {processor.py:208} INFO - Processing /home/airflow/.local/lib/python3.12/site-packages/airflow/example_dags/example_branch_python_dop_operator_3.py took 0.242 seconds
[2025-11-14T21:24:21.161+0000] {processor.py:186} INFO - Started process (PID=1046) to work on /home/airflow/.local/lib/python3.12/site-packages/airflow/example_dags/example_branch_python_dop_operator_3.py
[2025-11-14T21:24:21.166+0000] {processor.py:914} INFO - Processing file /home/airflow/.local/lib/python3.12/site-packages/airflow/example_dags/example_branch_python_dop_operator_3.py for tasks to queue
[2025-11-14T21:24:21.177+0000] {logging_mixin.py:190} INFO - [2025-11-14T21:24:21.176+0000] {dagbag.py:588} INFO - Filling up the DagBag from /home/airflow/.local/lib/python3.12/site-packages/airflow/example_dags/example_branch_python_dop_operator_3.py
[2025-11-14T21:24:21.232+0000] {processor.py:925} INFO - DAG(s) 'example_branch_dop_operator_v3' retrieved from /home/airflow/.local/lib/python3.12/site-packages/airflow/example_dags/example_branch_python_dop_operator_3.py
[2025-11-14T21:24:21.335+0000] {logging_mixin.py:190} INFO - [2025-11-14T21:24:21.334+0000] {dag.py:3239} INFO - Sync 1 DAGs
[2025-11-14T21:24:21.482+0000] {logging_mixin.py:190} INFO - [2025-11-14T21:24:21.481+0000] {dag.py:4180} INFO - Setting next_dagrun for example_branch_dop_operator_v3 to 2025-11-14 21:23:00+00:00, run_after=2025-11-14 21:24:00+00:00
[2025-11-14T21:24:21.569+0000] {processor.py:208} INFO - Processing /home/airflow/.local/lib/python3.12/site-packages/airflow/example_dags/example_branch_python_dop_operator_3.py took 0.433 seconds
[2025-11-14T21:24:53.889+0000] {processor.py:186} INFO - Started process (PID=1110) to work on /home/airflow/.local/lib/python3.12/site-packages/airflow/example_dags/example_branch_python_dop_operator_3.py
[2025-11-14T21:24:53.896+0000] {processor.py:914} INFO - Processing file /home/airflow/.local/lib/python3.12/site-packages/airflow/example_dags/example_branch_python_dop_operator_3.py for tasks to queue
[2025-11-14T21:24:53.907+0000] {logging_mixin.py:190} INFO - [2025-11-14T21:24:53.906+0000] {dagbag.py:588} INFO - Filling up the DagBag from /home/airflow/.local/lib/python3.12/site-packages/airflow/example_dags/example_branch_python_dop_operator_3.py
[2025-11-14T21:24:53.957+0000] {processor.py:925} INFO - DAG(s) 'example_branch_dop_operator_v3' retrieved from /home/airflow/.local/lib/python3.12/site-packages/airflow/example_dags/example_branch_python_dop_operator_3.py
[2025-11-14T21:24:54.033+0000] {logging_mixin.py:190} INFO - [2025-11-14T21:24:54.032+0000] {dag.py:3239} INFO - Sync 1 DAGs
[2025-11-14T21:24:54.142+0000] {logging_mixin.py:190} INFO - [2025-11-14T21:24:54.141+0000] {dag.py:4180} INFO - Setting next_dagrun for example_branch_dop_operator_v3 to 2025-11-14 21:23:00+00:00, run_after=2025-11-14 21:24:00+00:00
[2025-11-14T21:24:54.220+0000] {processor.py:208} INFO - Processing /home/airflow/.local/lib/python3.12/site-packages/airflow/example_dags/example_branch_python_dop_operator_3.py took 0.371 seconds
[2025-11-14T21:25:24.338+0000] {processor.py:186} INFO - Started process (PID=1174) to work on /home/airflow/.local/lib/python3.12/site-packages/airflow/example_dags/example_branch_python_dop_operator_3.py
[2025-11-14T21:25:24.341+0000] {processor.py:914} INFO - Processing file /home/airflow/.local/lib/python3.12/site-packages/airflow/example_dags/example_branch_python_dop_operator_3.py for tasks to queue
[2025-11-14T21:25:24.353+0000] {logging_mixin.py:190} INFO - [2025-11-14T21:25:24.352+0000] {dagbag.py:588} INFO - Filling up the DagBag from /home/airflow/.local/lib/python3.12/site-packages/airflow/example_dags/example_branch_python_dop_operator_3.py
[2025-11-14T21:25:24.382+0000] {processor.py:925} INFO - DAG(s) 'example_branch_dop_operator_v3' retrieved from /home/airflow/.local/lib/python3.12/site-packages/airflow/example_dags/example_branch_python_dop_operator_3.py
[2025-11-14T21:25:24.438+0000] {logging_mixin.py:190} INFO - [2025-11-14T21:25:24.437+0000] {dag.py:3239} INFO - Sync 1 DAGs
[2025-11-14T21:25:24.530+0000] {logging_mixin.py:190} INFO - [2025-11-14T21:25:24.529+0000] {dag.py:4180} INFO - Setting next_dagrun for example_branch_dop_operator_v3 to 2025-11-14 21:24:00+00:00, run_after=2025-11-14 21:25:00+00:00
[2025-11-14T21:25:24.575+0000] {processor.py:208} INFO - Processing /home/airflow/.local/lib/python3.12/site-packages/airflow/example_dags/example_branch_python_dop_operator_3.py took 0.252 seconds
[2025-11-14T21:25:55.533+0000] {processor.py:186} INFO - Started process (PID=1238) to work on /home/airflow/.local/lib/python3.12/site-packages/airflow/example_dags/example_branch_python_dop_operator_3.py
[2025-11-14T21:25:55.538+0000] {processor.py:914} INFO - Processing file /home/airflow/.local/lib/python3.12/site-packages/airflow/example_dags/example_branch_python_dop_operator_3.py for tasks to queue
[2025-11-14T21:25:55.552+0000] {logging_mixin.py:190} INFO - [2025-11-14T21:25:55.551+0000] {dagbag.py:588} INFO - Filling up the DagBag from /home/airflow/.local/lib/python3.12/site-packages/airflow/example_dags/example_branch_python_dop_operator_3.py
[2025-11-14T21:25:55.587+0000] {processor.py:925} INFO - DAG(s) 'example_branch_dop_operator_v3' retrieved from /home/airflow/.local/lib/python3.12/site-packages/airflow/example_dags/example_branch_python_dop_operator_3.py
[2025-11-14T21:25:55.647+0000] {logging_mixin.py:190} INFO - [2025-11-14T21:25:55.647+0000] {dag.py:3239} INFO - Sync 1 DAGs
[2025-11-14T21:25:55.735+0000] {logging_mixin.py:190} INFO - [2025-11-14T21:25:55.734+0000] {dag.py:4180} INFO - Setting next_dagrun for example_branch_dop_operator_v3 to 2025-11-14 21:24:00+00:00, run_after=2025-11-14 21:25:00+00:00
[2025-11-14T21:25:55.789+0000] {processor.py:208} INFO - Processing /home/airflow/.local/lib/python3.12/site-packages/airflow/example_dags/example_branch_python_dop_operator_3.py took 0.276 seconds
[2025-11-14T21:26:26.344+0000] {processor.py:186} INFO - Started process (PID=1303) to work on /home/airflow/.local/lib/python3.12/site-packages/airflow/example_dags/example_branch_python_dop_operator_3.py
[2025-11-14T21:26:26.347+0000] {processor.py:914} INFO - Processing file /home/airflow/.local/lib/python3.12/site-packages/airflow/example_dags/example_branch_python_dop_operator_3.py for tasks to queue
[2025-11-14T21:26:26.355+0000] {logging_mixin.py:190} INFO - [2025-11-14T21:26:26.354+0000] {dagbag.py:588} INFO - Filling up the DagBag from /home/airflow/.local/lib/python3.12/site-packages/airflow/example_dags/example_branch_python_dop_operator_3.py
[2025-11-14T21:26:26.379+0000] {processor.py:925} INFO - DAG(s) 'example_branch_dop_operator_v3' retrieved from /home/airflow/.local/lib/python3.12/site-packages/airflow/example_dags/example_branch_python_dop_operator_3.py
[2025-11-14T21:26:26.425+0000] {logging_mixin.py:190} INFO - [2025-11-14T21:26:26.424+0000] {dag.py:3239} INFO - Sync 1 DAGs
[2025-11-14T21:26:26.475+0000] {logging_mixin.py:190} INFO - [2025-11-14T21:26:26.474+0000] {dag.py:4180} INFO - Setting next_dagrun for example_branch_dop_operator_v3 to 2025-11-14 21:25:00+00:00, run_after=2025-11-14 21:26:00+00:00
[2025-11-14T21:26:26.510+0000] {processor.py:208} INFO - Processing /home/airflow/.local/lib/python3.12/site-packages/airflow/example_dags/example_branch_python_dop_operator_3.py took 0.178 seconds
[2025-11-14T21:26:57.786+0000] {processor.py:186} INFO - Started process (PID=1369) to work on /home/airflow/.local/lib/python3.12/site-packages/airflow/example_dags/example_branch_python_dop_operator_3.py
[2025-11-14T21:26:57.789+0000] {processor.py:914} INFO - Processing file /home/airflow/.local/lib/python3.12/site-packages/airflow/example_dags/example_branch_python_dop_operator_3.py for tasks to queue
[2025-11-14T21:26:57.794+0000] {logging_mixin.py:190} INFO - [2025-11-14T21:26:57.794+0000] {dagbag.py:588} INFO - Filling up the DagBag from /home/airflow/.local/lib/python3.12/site-packages/airflow/example_dags/example_branch_python_dop_operator_3.py
[2025-11-14T21:26:57.815+0000] {processor.py:925} INFO - DAG(s) 'example_branch_dop_operator_v3' retrieved from /home/airflow/.local/lib/python3.12/site-packages/airflow/example_dags/example_branch_python_dop_operator_3.py
[2025-11-14T21:26:57.853+0000] {logging_mixin.py:190} INFO - [2025-11-14T21:26:57.852+0000] {dag.py:3239} INFO - Sync 1 DAGs
[2025-11-14T21:26:57.905+0000] {logging_mixin.py:190} INFO - [2025-11-14T21:26:57.905+0000] {dag.py:4180} INFO - Setting next_dagrun for example_branch_dop_operator_v3 to 2025-11-14 21:25:00+00:00, run_after=2025-11-14 21:26:00+00:00
[2025-11-14T21:26:57.937+0000] {processor.py:208} INFO - Processing /home/airflow/.local/lib/python3.12/site-packages/airflow/example_dags/example_branch_python_dop_operator_3.py took 0.162 seconds
[2025-11-14T21:27:28.074+0000] {processor.py:186} INFO - Started process (PID=1432) to work on /home/airflow/.local/lib/python3.12/site-packages/airflow/example_dags/example_branch_python_dop_operator_3.py
[2025-11-14T21:27:28.077+0000] {processor.py:914} INFO - Processing file /home/airflow/.local/lib/python3.12/site-packages/airflow/example_dags/example_branch_python_dop_operator_3.py for tasks to queue
[2025-11-14T21:27:28.083+0000] {logging_mixin.py:190} INFO - [2025-11-14T21:27:28.083+0000] {dagbag.py:588} INFO - Filling up the DagBag from /home/airflow/.local/lib/python3.12/site-packages/airflow/example_dags/example_branch_python_dop_operator_3.py
[2025-11-14T21:27:28.105+0000] {processor.py:925} INFO - DAG(s) 'example_branch_dop_operator_v3' retrieved from /home/airflow/.local/lib/python3.12/site-packages/airflow/example_dags/example_branch_python_dop_operator_3.py
[2025-11-14T21:27:28.148+0000] {logging_mixin.py:190} INFO - [2025-11-14T21:27:28.147+0000] {dag.py:3239} INFO - Sync 1 DAGs
[2025-11-14T21:27:28.207+0000] {logging_mixin.py:190} INFO - [2025-11-14T21:27:28.206+0000] {dag.py:4180} INFO - Setting next_dagrun for example_branch_dop_operator_v3 to 2025-11-14 21:26:00+00:00, run_after=2025-11-14 21:27:00+00:00
[2025-11-14T21:27:28.245+0000] {processor.py:208} INFO - Processing /home/airflow/.local/lib/python3.12/site-packages/airflow/example_dags/example_branch_python_dop_operator_3.py took 0.185 seconds
[2025-11-14T21:27:59.828+0000] {processor.py:186} INFO - Started process (PID=1495) to work on /home/airflow/.local/lib/python3.12/site-packages/airflow/example_dags/example_branch_python_dop_operator_3.py
[2025-11-14T21:27:59.832+0000] {processor.py:914} INFO - Processing file /home/airflow/.local/lib/python3.12/site-packages/airflow/example_dags/example_branch_python_dop_operator_3.py for tasks to queue
[2025-11-14T21:27:59.839+0000] {logging_mixin.py:190} INFO - [2025-11-14T21:27:59.838+0000] {dagbag.py:588} INFO - Filling up the DagBag from /home/airflow/.local/lib/python3.12/site-packages/airflow/example_dags/example_branch_python_dop_operator_3.py
[2025-11-14T21:27:59.863+0000] {processor.py:925} INFO - DAG(s) 'example_branch_dop_operator_v3' retrieved from /home/airflow/.local/lib/python3.12/site-packages/airflow/example_dags/example_branch_python_dop_operator_3.py
[2025-11-14T21:27:59.909+0000] {logging_mixin.py:190} INFO - [2025-11-14T21:27:59.908+0000] {dag.py:3239} INFO - Sync 1 DAGs
[2025-11-14T21:27:59.969+0000] {logging_mixin.py:190} INFO - [2025-11-14T21:27:59.969+0000] {dag.py:4180} INFO - Setting next_dagrun for example_branch_dop_operator_v3 to 2025-11-14 21:26:00+00:00, run_after=2025-11-14 21:27:00+00:00
[2025-11-14T21:28:00.010+0000] {processor.py:208} INFO - Processing /home/airflow/.local/lib/python3.12/site-packages/airflow/example_dags/example_branch_python_dop_operator_3.py took 0.196 seconds
