[2025-11-14T21:15:37.411+0000] {processor.py:186} INFO - Started process (PID=46) to work on /home/airflow/.local/lib/python3.12/site-packages/airflow/example_dags/example_dataset_alias_with_no_taskflow.py
[2025-11-14T21:15:37.413+0000] {processor.py:914} INFO - Processing file /home/airflow/.local/lib/python3.12/site-packages/airflow/example_dags/example_dataset_alias_with_no_taskflow.py for tasks to queue
[2025-11-14T21:15:37.419+0000] {logging_mixin.py:190} INFO - [2025-11-14T21:15:37.418+0000] {dagbag.py:588} INFO - Filling up the DagBag from /home/airflow/.local/lib/python3.12/site-packages/airflow/example_dags/example_dataset_alias_with_no_taskflow.py
[2025-11-14T21:15:38.801+0000] {processor.py:925} INFO - DAG(s) 'dataset_alias_example_alias_producer_with_no_taskflow', 'dataset_s3_bucket_consumer_with_no_taskflow', 'dataset_s3_bucket_producer_with_no_taskflow', 'dataset_alias_example_alias_consumer_with_no_taskflow' retrieved from /home/airflow/.local/lib/python3.12/site-packages/airflow/example_dags/example_dataset_alias_with_no_taskflow.py
[2025-11-14T21:15:39.025+0000] {logging_mixin.py:190} INFO - [2025-11-14T21:15:39.023+0000] {override.py:1900} INFO - Created Permission View: can edit on DAG:dataset_alias_example_alias_producer_with_no_taskflow
[2025-11-14T21:15:39.050+0000] {logging_mixin.py:190} INFO - [2025-11-14T21:15:39.049+0000] {override.py:1900} INFO - Created Permission View: can delete on DAG:dataset_alias_example_alias_producer_with_no_taskflow
[2025-11-14T21:15:39.068+0000] {logging_mixin.py:190} INFO - [2025-11-14T21:15:39.067+0000] {override.py:1900} INFO - Created Permission View: can read on DAG:dataset_alias_example_alias_producer_with_no_taskflow
[2025-11-14T21:15:39.090+0000] {logging_mixin.py:190} INFO - [2025-11-14T21:15:39.089+0000] {override.py:1900} INFO - Created Permission View: menu access on DAG Run:dataset_alias_example_alias_producer_with_no_taskflow
[2025-11-14T21:15:39.106+0000] {logging_mixin.py:190} INFO - [2025-11-14T21:15:39.106+0000] {override.py:1900} INFO - Created Permission View: can create on DAG Run:dataset_alias_example_alias_producer_with_no_taskflow
[2025-11-14T21:15:39.124+0000] {logging_mixin.py:190} INFO - [2025-11-14T21:15:39.123+0000] {override.py:1900} INFO - Created Permission View: can delete on DAG Run:dataset_alias_example_alias_producer_with_no_taskflow
[2025-11-14T21:15:39.145+0000] {logging_mixin.py:190} INFO - [2025-11-14T21:15:39.145+0000] {override.py:1900} INFO - Created Permission View: can read on DAG Run:dataset_alias_example_alias_producer_with_no_taskflow
[2025-11-14T21:15:39.198+0000] {logging_mixin.py:190} INFO - [2025-11-14T21:15:39.197+0000] {override.py:1900} INFO - Created Permission View: can edit on DAG:dataset_s3_bucket_consumer_with_no_taskflow
[2025-11-14T21:15:39.217+0000] {logging_mixin.py:190} INFO - [2025-11-14T21:15:39.216+0000] {override.py:1900} INFO - Created Permission View: can delete on DAG:dataset_s3_bucket_consumer_with_no_taskflow
[2025-11-14T21:15:39.238+0000] {logging_mixin.py:190} INFO - [2025-11-14T21:15:39.237+0000] {override.py:1900} INFO - Created Permission View: can read on DAG:dataset_s3_bucket_consumer_with_no_taskflow
[2025-11-14T21:15:39.250+0000] {logging_mixin.py:190} INFO - [2025-11-14T21:15:39.249+0000] {override.py:1900} INFO - Created Permission View: menu access on DAG Run:dataset_s3_bucket_consumer_with_no_taskflow
[2025-11-14T21:15:39.263+0000] {logging_mixin.py:190} INFO - [2025-11-14T21:15:39.263+0000] {override.py:1900} INFO - Created Permission View: can create on DAG Run:dataset_s3_bucket_consumer_with_no_taskflow
[2025-11-14T21:15:39.280+0000] {logging_mixin.py:190} INFO - [2025-11-14T21:15:39.280+0000] {override.py:1900} INFO - Created Permission View: can delete on DAG Run:dataset_s3_bucket_consumer_with_no_taskflow
[2025-11-14T21:15:39.299+0000] {logging_mixin.py:190} INFO - [2025-11-14T21:15:39.299+0000] {override.py:1900} INFO - Created Permission View: can read on DAG Run:dataset_s3_bucket_consumer_with_no_taskflow
[2025-11-14T21:15:39.338+0000] {logging_mixin.py:190} INFO - [2025-11-14T21:15:39.337+0000] {override.py:1900} INFO - Created Permission View: can edit on DAG:dataset_s3_bucket_producer_with_no_taskflow
[2025-11-14T21:15:39.356+0000] {logging_mixin.py:190} INFO - [2025-11-14T21:15:39.355+0000] {override.py:1900} INFO - Created Permission View: can delete on DAG:dataset_s3_bucket_producer_with_no_taskflow
[2025-11-14T21:15:39.373+0000] {logging_mixin.py:190} INFO - [2025-11-14T21:15:39.372+0000] {override.py:1900} INFO - Created Permission View: can read on DAG:dataset_s3_bucket_producer_with_no_taskflow
[2025-11-14T21:15:39.395+0000] {logging_mixin.py:190} INFO - [2025-11-14T21:15:39.394+0000] {override.py:1900} INFO - Created Permission View: menu access on DAG Run:dataset_s3_bucket_producer_with_no_taskflow
[2025-11-14T21:15:39.443+0000] {logging_mixin.py:190} INFO - [2025-11-14T21:15:39.442+0000] {override.py:1900} INFO - Created Permission View: can create on DAG Run:dataset_s3_bucket_producer_with_no_taskflow
[2025-11-14T21:15:39.458+0000] {logging_mixin.py:190} INFO - [2025-11-14T21:15:39.457+0000] {override.py:1900} INFO - Created Permission View: can delete on DAG Run:dataset_s3_bucket_producer_with_no_taskflow
[2025-11-14T21:15:39.473+0000] {logging_mixin.py:190} INFO - [2025-11-14T21:15:39.473+0000] {override.py:1900} INFO - Created Permission View: can read on DAG Run:dataset_s3_bucket_producer_with_no_taskflow
[2025-11-14T21:15:39.497+0000] {logging_mixin.py:190} INFO - [2025-11-14T21:15:39.496+0000] {override.py:1900} INFO - Created Permission View: can edit on DAG:dataset_alias_example_alias_consumer_with_no_taskflow
[2025-11-14T21:15:39.512+0000] {logging_mixin.py:190} INFO - [2025-11-14T21:15:39.512+0000] {override.py:1900} INFO - Created Permission View: can delete on DAG:dataset_alias_example_alias_consumer_with_no_taskflow
[2025-11-14T21:15:39.529+0000] {logging_mixin.py:190} INFO - [2025-11-14T21:15:39.529+0000] {override.py:1900} INFO - Created Permission View: can read on DAG:dataset_alias_example_alias_consumer_with_no_taskflow
[2025-11-14T21:15:39.548+0000] {logging_mixin.py:190} INFO - [2025-11-14T21:15:39.547+0000] {override.py:1900} INFO - Created Permission View: menu access on DAG Run:dataset_alias_example_alias_consumer_with_no_taskflow
[2025-11-14T21:15:39.562+0000] {logging_mixin.py:190} INFO - [2025-11-14T21:15:39.562+0000] {override.py:1900} INFO - Created Permission View: can create on DAG Run:dataset_alias_example_alias_consumer_with_no_taskflow
[2025-11-14T21:15:39.600+0000] {logging_mixin.py:190} INFO - [2025-11-14T21:15:39.600+0000] {override.py:1900} INFO - Created Permission View: can delete on DAG Run:dataset_alias_example_alias_consumer_with_no_taskflow
[2025-11-14T21:15:39.623+0000] {logging_mixin.py:190} INFO - [2025-11-14T21:15:39.622+0000] {override.py:1900} INFO - Created Permission View: can read on DAG Run:dataset_alias_example_alias_consumer_with_no_taskflow
[2025-11-14T21:15:39.625+0000] {logging_mixin.py:190} INFO - [2025-11-14T21:15:39.625+0000] {dag.py:3239} INFO - Sync 4 DAGs
[2025-11-14T21:15:39.665+0000] {logging_mixin.py:190} INFO - [2025-11-14T21:15:39.665+0000] {dag.py:3262} INFO - Creating ORM DAG for dataset_s3_bucket_producer_with_no_taskflow
[2025-11-14T21:15:39.668+0000] {logging_mixin.py:190} INFO - [2025-11-14T21:15:39.668+0000] {dag.py:3262} INFO - Creating ORM DAG for dataset_s3_bucket_consumer_with_no_taskflow
[2025-11-14T21:15:39.671+0000] {logging_mixin.py:190} INFO - [2025-11-14T21:15:39.671+0000] {dag.py:3262} INFO - Creating ORM DAG for dataset_alias_example_alias_consumer_with_no_taskflow
[2025-11-14T21:15:39.674+0000] {logging_mixin.py:190} INFO - [2025-11-14T21:15:39.674+0000] {dag.py:3262} INFO - Creating ORM DAG for dataset_alias_example_alias_producer_with_no_taskflow
[2025-11-14T21:15:39.703+0000] {logging_mixin.py:190} INFO - [2025-11-14T21:15:39.703+0000] {dag.py:4180} INFO - Setting next_dagrun for dataset_alias_example_alias_consumer_with_no_taskflow to None, run_after=None
[2025-11-14T21:15:39.707+0000] {logging_mixin.py:190} INFO - [2025-11-14T21:15:39.707+0000] {dag.py:4180} INFO - Setting next_dagrun for dataset_alias_example_alias_producer_with_no_taskflow to None, run_after=None
[2025-11-14T21:15:39.712+0000] {logging_mixin.py:190} INFO - [2025-11-14T21:15:39.711+0000] {dag.py:4180} INFO - Setting next_dagrun for dataset_s3_bucket_consumer_with_no_taskflow to None, run_after=None
[2025-11-14T21:15:39.716+0000] {logging_mixin.py:190} INFO - [2025-11-14T21:15:39.715+0000] {dag.py:4180} INFO - Setting next_dagrun for dataset_s3_bucket_producer_with_no_taskflow to None, run_after=None
[2025-11-14T21:15:39.787+0000] {processor.py:208} INFO - Processing /home/airflow/.local/lib/python3.12/site-packages/airflow/example_dags/example_dataset_alias_with_no_taskflow.py took 2.409 seconds
[2025-11-14T21:16:10.497+0000] {processor.py:186} INFO - Started process (PID=110) to work on /home/airflow/.local/lib/python3.12/site-packages/airflow/example_dags/example_dataset_alias_with_no_taskflow.py
[2025-11-14T21:16:10.500+0000] {processor.py:914} INFO - Processing file /home/airflow/.local/lib/python3.12/site-packages/airflow/example_dags/example_dataset_alias_with_no_taskflow.py for tasks to queue
[2025-11-14T21:16:10.506+0000] {logging_mixin.py:190} INFO - [2025-11-14T21:16:10.505+0000] {dagbag.py:588} INFO - Filling up the DagBag from /home/airflow/.local/lib/python3.12/site-packages/airflow/example_dags/example_dataset_alias_with_no_taskflow.py
[2025-11-14T21:16:10.800+0000] {processor.py:925} INFO - DAG(s) 'dataset_s3_bucket_consumer_with_no_taskflow', 'dataset_alias_example_alias_consumer_with_no_taskflow', 'dataset_s3_bucket_producer_with_no_taskflow', 'dataset_alias_example_alias_producer_with_no_taskflow' retrieved from /home/airflow/.local/lib/python3.12/site-packages/airflow/example_dags/example_dataset_alias_with_no_taskflow.py
[2025-11-14T21:16:10.835+0000] {logging_mixin.py:190} INFO - [2025-11-14T21:16:10.835+0000] {dag.py:3239} INFO - Sync 4 DAGs
[2025-11-14T21:16:10.876+0000] {logging_mixin.py:190} INFO - [2025-11-14T21:16:10.875+0000] {dag.py:4180} INFO - Setting next_dagrun for dataset_alias_example_alias_consumer_with_no_taskflow to None, run_after=None
[2025-11-14T21:16:10.881+0000] {logging_mixin.py:190} INFO - [2025-11-14T21:16:10.881+0000] {dag.py:4180} INFO - Setting next_dagrun for dataset_alias_example_alias_producer_with_no_taskflow to None, run_after=None
[2025-11-14T21:16:10.884+0000] {logging_mixin.py:190} INFO - [2025-11-14T21:16:10.884+0000] {dag.py:4180} INFO - Setting next_dagrun for dataset_s3_bucket_consumer_with_no_taskflow to None, run_after=None
[2025-11-14T21:16:10.887+0000] {logging_mixin.py:190} INFO - [2025-11-14T21:16:10.887+0000] {dag.py:4180} INFO - Setting next_dagrun for dataset_s3_bucket_producer_with_no_taskflow to None, run_after=None
[2025-11-14T21:16:10.922+0000] {processor.py:208} INFO - Processing /home/airflow/.local/lib/python3.12/site-packages/airflow/example_dags/example_dataset_alias_with_no_taskflow.py took 0.437 seconds
[2025-11-14T21:16:41.744+0000] {processor.py:186} INFO - Started process (PID=173) to work on /home/airflow/.local/lib/python3.12/site-packages/airflow/example_dags/example_dataset_alias_with_no_taskflow.py
[2025-11-14T21:16:41.745+0000] {processor.py:914} INFO - Processing file /home/airflow/.local/lib/python3.12/site-packages/airflow/example_dags/example_dataset_alias_with_no_taskflow.py for tasks to queue
[2025-11-14T21:16:41.749+0000] {logging_mixin.py:190} INFO - [2025-11-14T21:16:41.749+0000] {dagbag.py:588} INFO - Filling up the DagBag from /home/airflow/.local/lib/python3.12/site-packages/airflow/example_dags/example_dataset_alias_with_no_taskflow.py
[2025-11-14T21:16:41.929+0000] {processor.py:925} INFO - DAG(s) 'dataset_s3_bucket_producer_with_no_taskflow', 'dataset_s3_bucket_consumer_with_no_taskflow', 'dataset_alias_example_alias_consumer_with_no_taskflow', 'dataset_alias_example_alias_producer_with_no_taskflow' retrieved from /home/airflow/.local/lib/python3.12/site-packages/airflow/example_dags/example_dataset_alias_with_no_taskflow.py
[2025-11-14T21:16:41.957+0000] {logging_mixin.py:190} INFO - [2025-11-14T21:16:41.957+0000] {dag.py:3239} INFO - Sync 4 DAGs
[2025-11-14T21:16:41.999+0000] {logging_mixin.py:190} INFO - [2025-11-14T21:16:41.998+0000] {dag.py:4180} INFO - Setting next_dagrun for dataset_alias_example_alias_consumer_with_no_taskflow to None, run_after=None
[2025-11-14T21:16:42.003+0000] {logging_mixin.py:190} INFO - [2025-11-14T21:16:42.003+0000] {dag.py:4180} INFO - Setting next_dagrun for dataset_alias_example_alias_producer_with_no_taskflow to None, run_after=None
[2025-11-14T21:16:42.005+0000] {logging_mixin.py:190} INFO - [2025-11-14T21:16:42.005+0000] {dag.py:4180} INFO - Setting next_dagrun for dataset_s3_bucket_consumer_with_no_taskflow to None, run_after=None
[2025-11-14T21:16:42.007+0000] {logging_mixin.py:190} INFO - [2025-11-14T21:16:42.007+0000] {dag.py:4180} INFO - Setting next_dagrun for dataset_s3_bucket_producer_with_no_taskflow to None, run_after=None
[2025-11-14T21:16:42.037+0000] {processor.py:208} INFO - Processing /home/airflow/.local/lib/python3.12/site-packages/airflow/example_dags/example_dataset_alias_with_no_taskflow.py took 0.302 seconds
[2025-11-14T21:17:12.919+0000] {processor.py:186} INFO - Started process (PID=236) to work on /home/airflow/.local/lib/python3.12/site-packages/airflow/example_dags/example_dataset_alias_with_no_taskflow.py
[2025-11-14T21:17:12.921+0000] {processor.py:914} INFO - Processing file /home/airflow/.local/lib/python3.12/site-packages/airflow/example_dags/example_dataset_alias_with_no_taskflow.py for tasks to queue
[2025-11-14T21:17:12.926+0000] {logging_mixin.py:190} INFO - [2025-11-14T21:17:12.925+0000] {dagbag.py:588} INFO - Filling up the DagBag from /home/airflow/.local/lib/python3.12/site-packages/airflow/example_dags/example_dataset_alias_with_no_taskflow.py
[2025-11-14T21:17:13.175+0000] {processor.py:925} INFO - DAG(s) 'dataset_s3_bucket_producer_with_no_taskflow', 'dataset_s3_bucket_consumer_with_no_taskflow', 'dataset_alias_example_alias_consumer_with_no_taskflow', 'dataset_alias_example_alias_producer_with_no_taskflow' retrieved from /home/airflow/.local/lib/python3.12/site-packages/airflow/example_dags/example_dataset_alias_with_no_taskflow.py
[2025-11-14T21:17:13.200+0000] {logging_mixin.py:190} INFO - [2025-11-14T21:17:13.200+0000] {dag.py:3239} INFO - Sync 4 DAGs
[2025-11-14T21:17:13.226+0000] {logging_mixin.py:190} INFO - [2025-11-14T21:17:13.226+0000] {dag.py:4180} INFO - Setting next_dagrun for dataset_alias_example_alias_consumer_with_no_taskflow to None, run_after=None
[2025-11-14T21:17:13.229+0000] {logging_mixin.py:190} INFO - [2025-11-14T21:17:13.229+0000] {dag.py:4180} INFO - Setting next_dagrun for dataset_alias_example_alias_producer_with_no_taskflow to None, run_after=None
[2025-11-14T21:17:13.231+0000] {logging_mixin.py:190} INFO - [2025-11-14T21:17:13.231+0000] {dag.py:4180} INFO - Setting next_dagrun for dataset_s3_bucket_consumer_with_no_taskflow to None, run_after=None
[2025-11-14T21:17:13.233+0000] {logging_mixin.py:190} INFO - [2025-11-14T21:17:13.232+0000] {dag.py:4180} INFO - Setting next_dagrun for dataset_s3_bucket_producer_with_no_taskflow to None, run_after=None
[2025-11-14T21:17:13.253+0000] {processor.py:208} INFO - Processing /home/airflow/.local/lib/python3.12/site-packages/airflow/example_dags/example_dataset_alias_with_no_taskflow.py took 0.344 seconds
[2025-11-14T21:17:43.430+0000] {processor.py:186} INFO - Started process (PID=299) to work on /home/airflow/.local/lib/python3.12/site-packages/airflow/example_dags/example_dataset_alias_with_no_taskflow.py
[2025-11-14T21:17:43.432+0000] {processor.py:914} INFO - Processing file /home/airflow/.local/lib/python3.12/site-packages/airflow/example_dags/example_dataset_alias_with_no_taskflow.py for tasks to queue
[2025-11-14T21:17:43.436+0000] {logging_mixin.py:190} INFO - [2025-11-14T21:17:43.435+0000] {dagbag.py:588} INFO - Filling up the DagBag from /home/airflow/.local/lib/python3.12/site-packages/airflow/example_dags/example_dataset_alias_with_no_taskflow.py
[2025-11-14T21:17:43.586+0000] {processor.py:925} INFO - DAG(s) 'dataset_alias_example_alias_consumer_with_no_taskflow', 'dataset_s3_bucket_producer_with_no_taskflow', 'dataset_alias_example_alias_producer_with_no_taskflow', 'dataset_s3_bucket_consumer_with_no_taskflow' retrieved from /home/airflow/.local/lib/python3.12/site-packages/airflow/example_dags/example_dataset_alias_with_no_taskflow.py
[2025-11-14T21:17:43.608+0000] {logging_mixin.py:190} INFO - [2025-11-14T21:17:43.607+0000] {dag.py:3239} INFO - Sync 4 DAGs
[2025-11-14T21:17:43.632+0000] {logging_mixin.py:190} INFO - [2025-11-14T21:17:43.631+0000] {dag.py:4180} INFO - Setting next_dagrun for dataset_alias_example_alias_consumer_with_no_taskflow to None, run_after=None
[2025-11-14T21:17:43.635+0000] {logging_mixin.py:190} INFO - [2025-11-14T21:17:43.635+0000] {dag.py:4180} INFO - Setting next_dagrun for dataset_alias_example_alias_producer_with_no_taskflow to None, run_after=None
[2025-11-14T21:17:43.637+0000] {logging_mixin.py:190} INFO - [2025-11-14T21:17:43.637+0000] {dag.py:4180} INFO - Setting next_dagrun for dataset_s3_bucket_consumer_with_no_taskflow to None, run_after=None
[2025-11-14T21:17:43.638+0000] {logging_mixin.py:190} INFO - [2025-11-14T21:17:43.638+0000] {dag.py:4180} INFO - Setting next_dagrun for dataset_s3_bucket_producer_with_no_taskflow to None, run_after=None
[2025-11-14T21:17:43.660+0000] {processor.py:208} INFO - Processing /home/airflow/.local/lib/python3.12/site-packages/airflow/example_dags/example_dataset_alias_with_no_taskflow.py took 0.237 seconds
[2025-11-14T21:18:14.564+0000] {processor.py:186} INFO - Started process (PID=362) to work on /home/airflow/.local/lib/python3.12/site-packages/airflow/example_dags/example_dataset_alias_with_no_taskflow.py
[2025-11-14T21:18:14.566+0000] {processor.py:914} INFO - Processing file /home/airflow/.local/lib/python3.12/site-packages/airflow/example_dags/example_dataset_alias_with_no_taskflow.py for tasks to queue
[2025-11-14T21:18:14.570+0000] {logging_mixin.py:190} INFO - [2025-11-14T21:18:14.570+0000] {dagbag.py:588} INFO - Filling up the DagBag from /home/airflow/.local/lib/python3.12/site-packages/airflow/example_dags/example_dataset_alias_with_no_taskflow.py
[2025-11-14T21:18:14.727+0000] {processor.py:925} INFO - DAG(s) 'dataset_s3_bucket_producer_with_no_taskflow', 'dataset_alias_example_alias_producer_with_no_taskflow', 'dataset_s3_bucket_consumer_with_no_taskflow', 'dataset_alias_example_alias_consumer_with_no_taskflow' retrieved from /home/airflow/.local/lib/python3.12/site-packages/airflow/example_dags/example_dataset_alias_with_no_taskflow.py
[2025-11-14T21:18:14.747+0000] {logging_mixin.py:190} INFO - [2025-11-14T21:18:14.747+0000] {dag.py:3239} INFO - Sync 4 DAGs
[2025-11-14T21:18:14.768+0000] {logging_mixin.py:190} INFO - [2025-11-14T21:18:14.768+0000] {dag.py:4180} INFO - Setting next_dagrun for dataset_alias_example_alias_consumer_with_no_taskflow to None, run_after=None
[2025-11-14T21:18:14.772+0000] {logging_mixin.py:190} INFO - [2025-11-14T21:18:14.772+0000] {dag.py:4180} INFO - Setting next_dagrun for dataset_alias_example_alias_producer_with_no_taskflow to None, run_after=None
[2025-11-14T21:18:14.774+0000] {logging_mixin.py:190} INFO - [2025-11-14T21:18:14.774+0000] {dag.py:4180} INFO - Setting next_dagrun for dataset_s3_bucket_consumer_with_no_taskflow to None, run_after=None
[2025-11-14T21:18:14.776+0000] {logging_mixin.py:190} INFO - [2025-11-14T21:18:14.776+0000] {dag.py:4180} INFO - Setting next_dagrun for dataset_s3_bucket_producer_with_no_taskflow to None, run_after=None
[2025-11-14T21:18:14.797+0000] {processor.py:208} INFO - Processing /home/airflow/.local/lib/python3.12/site-packages/airflow/example_dags/example_dataset_alias_with_no_taskflow.py took 0.240 seconds
[2025-11-14T21:18:45.514+0000] {processor.py:186} INFO - Started process (PID=427) to work on /home/airflow/.local/lib/python3.12/site-packages/airflow/example_dags/example_dataset_alias_with_no_taskflow.py
[2025-11-14T21:18:45.516+0000] {processor.py:914} INFO - Processing file /home/airflow/.local/lib/python3.12/site-packages/airflow/example_dags/example_dataset_alias_with_no_taskflow.py for tasks to queue
[2025-11-14T21:18:45.521+0000] {logging_mixin.py:190} INFO - [2025-11-14T21:18:45.520+0000] {dagbag.py:588} INFO - Filling up the DagBag from /home/airflow/.local/lib/python3.12/site-packages/airflow/example_dags/example_dataset_alias_with_no_taskflow.py
[2025-11-14T21:18:46.049+0000] {processor.py:925} INFO - DAG(s) 'dataset_s3_bucket_producer_with_no_taskflow', 'dataset_s3_bucket_consumer_with_no_taskflow', 'dataset_alias_example_alias_producer_with_no_taskflow', 'dataset_alias_example_alias_consumer_with_no_taskflow' retrieved from /home/airflow/.local/lib/python3.12/site-packages/airflow/example_dags/example_dataset_alias_with_no_taskflow.py
[2025-11-14T21:18:46.091+0000] {logging_mixin.py:190} INFO - [2025-11-14T21:18:46.091+0000] {dag.py:3239} INFO - Sync 4 DAGs
[2025-11-14T21:18:46.149+0000] {logging_mixin.py:190} INFO - [2025-11-14T21:18:46.149+0000] {dag.py:4180} INFO - Setting next_dagrun for dataset_alias_example_alias_consumer_with_no_taskflow to None, run_after=None
[2025-11-14T21:18:46.156+0000] {logging_mixin.py:190} INFO - [2025-11-14T21:18:46.156+0000] {dag.py:4180} INFO - Setting next_dagrun for dataset_alias_example_alias_producer_with_no_taskflow to None, run_after=None
[2025-11-14T21:18:46.161+0000] {logging_mixin.py:190} INFO - [2025-11-14T21:18:46.160+0000] {dag.py:4180} INFO - Setting next_dagrun for dataset_s3_bucket_consumer_with_no_taskflow to None, run_after=None
[2025-11-14T21:18:46.167+0000] {logging_mixin.py:190} INFO - [2025-11-14T21:18:46.166+0000] {dag.py:4180} INFO - Setting next_dagrun for dataset_s3_bucket_producer_with_no_taskflow to None, run_after=None
[2025-11-14T21:18:46.212+0000] {processor.py:208} INFO - Processing /home/airflow/.local/lib/python3.12/site-packages/airflow/example_dags/example_dataset_alias_with_no_taskflow.py took 0.707 seconds
[2025-11-14T21:19:16.404+0000] {processor.py:186} INFO - Started process (PID=492) to work on /home/airflow/.local/lib/python3.12/site-packages/airflow/example_dags/example_dataset_alias_with_no_taskflow.py
[2025-11-14T21:19:16.411+0000] {processor.py:914} INFO - Processing file /home/airflow/.local/lib/python3.12/site-packages/airflow/example_dags/example_dataset_alias_with_no_taskflow.py for tasks to queue
[2025-11-14T21:19:16.427+0000] {logging_mixin.py:190} INFO - [2025-11-14T21:19:16.425+0000] {dagbag.py:588} INFO - Filling up the DagBag from /home/airflow/.local/lib/python3.12/site-packages/airflow/example_dags/example_dataset_alias_with_no_taskflow.py
[2025-11-14T21:19:17.039+0000] {processor.py:925} INFO - DAG(s) 'dataset_alias_example_alias_consumer_with_no_taskflow', 'dataset_s3_bucket_consumer_with_no_taskflow', 'dataset_s3_bucket_producer_with_no_taskflow', 'dataset_alias_example_alias_producer_with_no_taskflow' retrieved from /home/airflow/.local/lib/python3.12/site-packages/airflow/example_dags/example_dataset_alias_with_no_taskflow.py
[2025-11-14T21:19:17.105+0000] {logging_mixin.py:190} INFO - [2025-11-14T21:19:17.103+0000] {dag.py:3239} INFO - Sync 4 DAGs
[2025-11-14T21:19:17.191+0000] {logging_mixin.py:190} INFO - [2025-11-14T21:19:17.190+0000] {dag.py:4180} INFO - Setting next_dagrun for dataset_alias_example_alias_consumer_with_no_taskflow to None, run_after=None
[2025-11-14T21:19:17.205+0000] {logging_mixin.py:190} INFO - [2025-11-14T21:19:17.204+0000] {dag.py:4180} INFO - Setting next_dagrun for dataset_alias_example_alias_producer_with_no_taskflow to None, run_after=None
[2025-11-14T21:19:17.210+0000] {logging_mixin.py:190} INFO - [2025-11-14T21:19:17.210+0000] {dag.py:4180} INFO - Setting next_dagrun for dataset_s3_bucket_consumer_with_no_taskflow to None, run_after=None
[2025-11-14T21:19:17.216+0000] {logging_mixin.py:190} INFO - [2025-11-14T21:19:17.215+0000] {dag.py:4180} INFO - Setting next_dagrun for dataset_s3_bucket_producer_with_no_taskflow to None, run_after=None
[2025-11-14T21:19:17.275+0000] {processor.py:208} INFO - Processing /home/airflow/.local/lib/python3.12/site-packages/airflow/example_dags/example_dataset_alias_with_no_taskflow.py took 0.898 seconds
[2025-11-14T21:19:47.784+0000] {processor.py:186} INFO - Started process (PID=557) to work on /home/airflow/.local/lib/python3.12/site-packages/airflow/example_dags/example_dataset_alias_with_no_taskflow.py
[2025-11-14T21:19:47.789+0000] {processor.py:914} INFO - Processing file /home/airflow/.local/lib/python3.12/site-packages/airflow/example_dags/example_dataset_alias_with_no_taskflow.py for tasks to queue
[2025-11-14T21:19:47.797+0000] {logging_mixin.py:190} INFO - [2025-11-14T21:19:47.796+0000] {dagbag.py:588} INFO - Filling up the DagBag from /home/airflow/.local/lib/python3.12/site-packages/airflow/example_dags/example_dataset_alias_with_no_taskflow.py
[2025-11-14T21:19:48.250+0000] {processor.py:925} INFO - DAG(s) 'dataset_s3_bucket_consumer_with_no_taskflow', 'dataset_alias_example_alias_producer_with_no_taskflow', 'dataset_s3_bucket_producer_with_no_taskflow', 'dataset_alias_example_alias_consumer_with_no_taskflow' retrieved from /home/airflow/.local/lib/python3.12/site-packages/airflow/example_dags/example_dataset_alias_with_no_taskflow.py
[2025-11-14T21:19:48.312+0000] {logging_mixin.py:190} INFO - [2025-11-14T21:19:48.312+0000] {dag.py:3239} INFO - Sync 4 DAGs
[2025-11-14T21:19:48.379+0000] {logging_mixin.py:190} INFO - [2025-11-14T21:19:48.379+0000] {dag.py:4180} INFO - Setting next_dagrun for dataset_alias_example_alias_consumer_with_no_taskflow to None, run_after=None
[2025-11-14T21:19:48.388+0000] {logging_mixin.py:190} INFO - [2025-11-14T21:19:48.387+0000] {dag.py:4180} INFO - Setting next_dagrun for dataset_alias_example_alias_producer_with_no_taskflow to None, run_after=None
[2025-11-14T21:19:48.393+0000] {logging_mixin.py:190} INFO - [2025-11-14T21:19:48.393+0000] {dag.py:4180} INFO - Setting next_dagrun for dataset_s3_bucket_consumer_with_no_taskflow to None, run_after=None
[2025-11-14T21:19:48.397+0000] {logging_mixin.py:190} INFO - [2025-11-14T21:19:48.397+0000] {dag.py:4180} INFO - Setting next_dagrun for dataset_s3_bucket_producer_with_no_taskflow to None, run_after=None
[2025-11-14T21:19:48.462+0000] {processor.py:208} INFO - Processing /home/airflow/.local/lib/python3.12/site-packages/airflow/example_dags/example_dataset_alias_with_no_taskflow.py took 0.700 seconds
[2025-11-14T21:20:24.572+0000] {processor.py:186} INFO - Started process (PID=631) to work on /home/airflow/.local/lib/python3.12/site-packages/airflow/example_dags/example_dataset_alias_with_no_taskflow.py
[2025-11-14T21:20:24.595+0000] {processor.py:914} INFO - Processing file /home/airflow/.local/lib/python3.12/site-packages/airflow/example_dags/example_dataset_alias_with_no_taskflow.py for tasks to queue
[2025-11-14T21:20:24.640+0000] {logging_mixin.py:190} INFO - [2025-11-14T21:20:24.638+0000] {dagbag.py:588} INFO - Filling up the DagBag from /home/airflow/.local/lib/python3.12/site-packages/airflow/example_dags/example_dataset_alias_with_no_taskflow.py
[2025-11-14T21:20:28.376+0000] {processor.py:925} INFO - DAG(s) 'dataset_s3_bucket_consumer_with_no_taskflow', 'dataset_alias_example_alias_producer_with_no_taskflow', 'dataset_alias_example_alias_consumer_with_no_taskflow', 'dataset_s3_bucket_producer_with_no_taskflow' retrieved from /home/airflow/.local/lib/python3.12/site-packages/airflow/example_dags/example_dataset_alias_with_no_taskflow.py
[2025-11-14T21:20:28.528+0000] {logging_mixin.py:190} INFO - [2025-11-14T21:20:28.527+0000] {dag.py:3239} INFO - Sync 4 DAGs
[2025-11-14T21:20:28.846+0000] {logging_mixin.py:190} INFO - [2025-11-14T21:20:28.845+0000] {dag.py:4180} INFO - Setting next_dagrun for dataset_alias_example_alias_consumer_with_no_taskflow to None, run_after=None
[2025-11-14T21:20:28.896+0000] {logging_mixin.py:190} INFO - [2025-11-14T21:20:28.891+0000] {dag.py:4180} INFO - Setting next_dagrun for dataset_alias_example_alias_producer_with_no_taskflow to None, run_after=None
[2025-11-14T21:20:28.910+0000] {logging_mixin.py:190} INFO - [2025-11-14T21:20:28.908+0000] {dag.py:4180} INFO - Setting next_dagrun for dataset_s3_bucket_consumer_with_no_taskflow to None, run_after=None
[2025-11-14T21:20:28.925+0000] {logging_mixin.py:190} INFO - [2025-11-14T21:20:28.924+0000] {dag.py:4180} INFO - Setting next_dagrun for dataset_s3_bucket_producer_with_no_taskflow to None, run_after=None
[2025-11-14T21:20:29.333+0000] {processor.py:208} INFO - Processing /home/airflow/.local/lib/python3.12/site-packages/airflow/example_dags/example_dataset_alias_with_no_taskflow.py took 4.821 seconds
[2025-11-14T21:21:15.540+0000] {processor.py:186} INFO - Started process (PID=677) to work on /home/airflow/.local/lib/python3.12/site-packages/airflow/example_dags/example_dataset_alias_with_no_taskflow.py
[2025-11-14T21:21:15.561+0000] {processor.py:914} INFO - Processing file /home/airflow/.local/lib/python3.12/site-packages/airflow/example_dags/example_dataset_alias_with_no_taskflow.py for tasks to queue
[2025-11-14T21:21:15.594+0000] {logging_mixin.py:190} INFO - [2025-11-14T21:21:15.592+0000] {dagbag.py:588} INFO - Filling up the DagBag from /home/airflow/.local/lib/python3.12/site-packages/airflow/example_dags/example_dataset_alias_with_no_taskflow.py
[2025-11-14T21:21:18.450+0000] {processor.py:925} INFO - DAG(s) 'dataset_alias_example_alias_consumer_with_no_taskflow', 'dataset_s3_bucket_producer_with_no_taskflow', 'dataset_s3_bucket_consumer_with_no_taskflow', 'dataset_alias_example_alias_producer_with_no_taskflow' retrieved from /home/airflow/.local/lib/python3.12/site-packages/airflow/example_dags/example_dataset_alias_with_no_taskflow.py
[2025-11-14T21:21:18.799+0000] {logging_mixin.py:190} INFO - [2025-11-14T21:21:18.797+0000] {dag.py:3239} INFO - Sync 4 DAGs
[2025-11-14T21:21:19.111+0000] {logging_mixin.py:190} INFO - [2025-11-14T21:21:19.109+0000] {dag.py:4180} INFO - Setting next_dagrun for dataset_alias_example_alias_consumer_with_no_taskflow to None, run_after=None
[2025-11-14T21:21:19.129+0000] {logging_mixin.py:190} INFO - [2025-11-14T21:21:19.128+0000] {dag.py:4180} INFO - Setting next_dagrun for dataset_alias_example_alias_producer_with_no_taskflow to None, run_after=None
[2025-11-14T21:21:19.140+0000] {logging_mixin.py:190} INFO - [2025-11-14T21:21:19.139+0000] {dag.py:4180} INFO - Setting next_dagrun for dataset_s3_bucket_consumer_with_no_taskflow to None, run_after=None
[2025-11-14T21:21:19.151+0000] {logging_mixin.py:190} INFO - [2025-11-14T21:21:19.149+0000] {dag.py:4180} INFO - Setting next_dagrun for dataset_s3_bucket_producer_with_no_taskflow to None, run_after=None
[2025-11-14T21:21:19.443+0000] {processor.py:208} INFO - Processing /home/airflow/.local/lib/python3.12/site-packages/airflow/example_dags/example_dataset_alias_with_no_taskflow.py took 3.987 seconds
[2025-11-14T21:21:55.067+0000] {processor.py:186} INFO - Started process (PID=742) to work on /home/airflow/.local/lib/python3.12/site-packages/airflow/example_dags/example_dataset_alias_with_no_taskflow.py
[2025-11-14T21:21:55.077+0000] {processor.py:914} INFO - Processing file /home/airflow/.local/lib/python3.12/site-packages/airflow/example_dags/example_dataset_alias_with_no_taskflow.py for tasks to queue
[2025-11-14T21:21:55.097+0000] {logging_mixin.py:190} INFO - [2025-11-14T21:21:55.096+0000] {dagbag.py:588} INFO - Filling up the DagBag from /home/airflow/.local/lib/python3.12/site-packages/airflow/example_dags/example_dataset_alias_with_no_taskflow.py
[2025-11-14T21:21:56.150+0000] {processor.py:925} INFO - DAG(s) 'dataset_alias_example_alias_consumer_with_no_taskflow', 'dataset_alias_example_alias_producer_with_no_taskflow', 'dataset_s3_bucket_consumer_with_no_taskflow', 'dataset_s3_bucket_producer_with_no_taskflow' retrieved from /home/airflow/.local/lib/python3.12/site-packages/airflow/example_dags/example_dataset_alias_with_no_taskflow.py
[2025-11-14T21:21:56.274+0000] {logging_mixin.py:190} INFO - [2025-11-14T21:21:56.273+0000] {dag.py:3239} INFO - Sync 4 DAGs
[2025-11-14T21:21:56.396+0000] {logging_mixin.py:190} INFO - [2025-11-14T21:21:56.396+0000] {dag.py:4180} INFO - Setting next_dagrun for dataset_alias_example_alias_consumer_with_no_taskflow to None, run_after=None
[2025-11-14T21:21:56.415+0000] {logging_mixin.py:190} INFO - [2025-11-14T21:21:56.414+0000] {dag.py:4180} INFO - Setting next_dagrun for dataset_alias_example_alias_producer_with_no_taskflow to None, run_after=None
[2025-11-14T21:21:56.427+0000] {logging_mixin.py:190} INFO - [2025-11-14T21:21:56.426+0000] {dag.py:4180} INFO - Setting next_dagrun for dataset_s3_bucket_consumer_with_no_taskflow to None, run_after=None
[2025-11-14T21:21:56.438+0000] {logging_mixin.py:190} INFO - [2025-11-14T21:21:56.436+0000] {dag.py:4180} INFO - Setting next_dagrun for dataset_s3_bucket_producer_with_no_taskflow to None, run_after=None
[2025-11-14T21:21:56.633+0000] {processor.py:208} INFO - Processing /home/airflow/.local/lib/python3.12/site-packages/airflow/example_dags/example_dataset_alias_with_no_taskflow.py took 1.625 seconds
[2025-11-14T21:22:27.625+0000] {processor.py:186} INFO - Started process (PID=806) to work on /home/airflow/.local/lib/python3.12/site-packages/airflow/example_dags/example_dataset_alias_with_no_taskflow.py
[2025-11-14T21:22:27.632+0000] {processor.py:914} INFO - Processing file /home/airflow/.local/lib/python3.12/site-packages/airflow/example_dags/example_dataset_alias_with_no_taskflow.py for tasks to queue
[2025-11-14T21:22:27.648+0000] {logging_mixin.py:190} INFO - [2025-11-14T21:22:27.647+0000] {dagbag.py:588} INFO - Filling up the DagBag from /home/airflow/.local/lib/python3.12/site-packages/airflow/example_dags/example_dataset_alias_with_no_taskflow.py
[2025-11-14T21:22:28.881+0000] {processor.py:925} INFO - DAG(s) 'dataset_alias_example_alias_producer_with_no_taskflow', 'dataset_alias_example_alias_consumer_with_no_taskflow', 'dataset_s3_bucket_producer_with_no_taskflow', 'dataset_s3_bucket_consumer_with_no_taskflow' retrieved from /home/airflow/.local/lib/python3.12/site-packages/airflow/example_dags/example_dataset_alias_with_no_taskflow.py
[2025-11-14T21:22:29.003+0000] {logging_mixin.py:190} INFO - [2025-11-14T21:22:29.002+0000] {dag.py:3239} INFO - Sync 4 DAGs
[2025-11-14T21:22:29.122+0000] {logging_mixin.py:190} INFO - [2025-11-14T21:22:29.121+0000] {dag.py:4180} INFO - Setting next_dagrun for dataset_alias_example_alias_consumer_with_no_taskflow to None, run_after=None
[2025-11-14T21:22:29.133+0000] {logging_mixin.py:190} INFO - [2025-11-14T21:22:29.132+0000] {dag.py:4180} INFO - Setting next_dagrun for dataset_alias_example_alias_producer_with_no_taskflow to None, run_after=None
[2025-11-14T21:22:29.145+0000] {logging_mixin.py:190} INFO - [2025-11-14T21:22:29.144+0000] {dag.py:4180} INFO - Setting next_dagrun for dataset_s3_bucket_consumer_with_no_taskflow to None, run_after=None
[2025-11-14T21:22:29.152+0000] {logging_mixin.py:190} INFO - [2025-11-14T21:22:29.152+0000] {dag.py:4180} INFO - Setting next_dagrun for dataset_s3_bucket_producer_with_no_taskflow to None, run_after=None
[2025-11-14T21:22:29.244+0000] {processor.py:208} INFO - Processing /home/airflow/.local/lib/python3.12/site-packages/airflow/example_dags/example_dataset_alias_with_no_taskflow.py took 1.652 seconds
[2025-11-14T21:22:59.871+0000] {processor.py:186} INFO - Started process (PID=871) to work on /home/airflow/.local/lib/python3.12/site-packages/airflow/example_dags/example_dataset_alias_with_no_taskflow.py
[2025-11-14T21:22:59.876+0000] {processor.py:914} INFO - Processing file /home/airflow/.local/lib/python3.12/site-packages/airflow/example_dags/example_dataset_alias_with_no_taskflow.py for tasks to queue
[2025-11-14T21:22:59.897+0000] {logging_mixin.py:190} INFO - [2025-11-14T21:22:59.895+0000] {dagbag.py:588} INFO - Filling up the DagBag from /home/airflow/.local/lib/python3.12/site-packages/airflow/example_dags/example_dataset_alias_with_no_taskflow.py
[2025-11-14T21:23:00.402+0000] {processor.py:925} INFO - DAG(s) 'dataset_alias_example_alias_producer_with_no_taskflow', 'dataset_s3_bucket_producer_with_no_taskflow', 'dataset_alias_example_alias_consumer_with_no_taskflow', 'dataset_s3_bucket_consumer_with_no_taskflow' retrieved from /home/airflow/.local/lib/python3.12/site-packages/airflow/example_dags/example_dataset_alias_with_no_taskflow.py
[2025-11-14T21:23:00.487+0000] {logging_mixin.py:190} INFO - [2025-11-14T21:23:00.486+0000] {dag.py:3239} INFO - Sync 4 DAGs
[2025-11-14T21:23:00.600+0000] {logging_mixin.py:190} INFO - [2025-11-14T21:23:00.599+0000] {dag.py:4180} INFO - Setting next_dagrun for dataset_alias_example_alias_consumer_with_no_taskflow to None, run_after=None
[2025-11-14T21:23:00.613+0000] {logging_mixin.py:190} INFO - [2025-11-14T21:23:00.612+0000] {dag.py:4180} INFO - Setting next_dagrun for dataset_alias_example_alias_producer_with_no_taskflow to None, run_after=None
[2025-11-14T21:23:00.619+0000] {logging_mixin.py:190} INFO - [2025-11-14T21:23:00.618+0000] {dag.py:4180} INFO - Setting next_dagrun for dataset_s3_bucket_consumer_with_no_taskflow to None, run_after=None
[2025-11-14T21:23:00.626+0000] {logging_mixin.py:190} INFO - [2025-11-14T21:23:00.625+0000] {dag.py:4180} INFO - Setting next_dagrun for dataset_s3_bucket_producer_with_no_taskflow to None, run_after=None
[2025-11-14T21:23:00.722+0000] {processor.py:208} INFO - Processing /home/airflow/.local/lib/python3.12/site-packages/airflow/example_dags/example_dataset_alias_with_no_taskflow.py took 0.876 seconds
[2025-11-14T21:23:30.961+0000] {processor.py:186} INFO - Started process (PID=935) to work on /home/airflow/.local/lib/python3.12/site-packages/airflow/example_dags/example_dataset_alias_with_no_taskflow.py
[2025-11-14T21:23:30.976+0000] {processor.py:914} INFO - Processing file /home/airflow/.local/lib/python3.12/site-packages/airflow/example_dags/example_dataset_alias_with_no_taskflow.py for tasks to queue
[2025-11-14T21:23:30.990+0000] {logging_mixin.py:190} INFO - [2025-11-14T21:23:30.989+0000] {dagbag.py:588} INFO - Filling up the DagBag from /home/airflow/.local/lib/python3.12/site-packages/airflow/example_dags/example_dataset_alias_with_no_taskflow.py
[2025-11-14T21:23:31.536+0000] {processor.py:925} INFO - DAG(s) 'dataset_alias_example_alias_consumer_with_no_taskflow', 'dataset_s3_bucket_producer_with_no_taskflow', 'dataset_alias_example_alias_producer_with_no_taskflow', 'dataset_s3_bucket_consumer_with_no_taskflow' retrieved from /home/airflow/.local/lib/python3.12/site-packages/airflow/example_dags/example_dataset_alias_with_no_taskflow.py
[2025-11-14T21:23:31.636+0000] {logging_mixin.py:190} INFO - [2025-11-14T21:23:31.635+0000] {dag.py:3239} INFO - Sync 4 DAGs
[2025-11-14T21:23:31.745+0000] {logging_mixin.py:190} INFO - [2025-11-14T21:23:31.744+0000] {dag.py:4180} INFO - Setting next_dagrun for dataset_alias_example_alias_consumer_with_no_taskflow to None, run_after=None
[2025-11-14T21:23:31.758+0000] {logging_mixin.py:190} INFO - [2025-11-14T21:23:31.758+0000] {dag.py:4180} INFO - Setting next_dagrun for dataset_alias_example_alias_producer_with_no_taskflow to None, run_after=None
[2025-11-14T21:23:31.766+0000] {logging_mixin.py:190} INFO - [2025-11-14T21:23:31.765+0000] {dag.py:4180} INFO - Setting next_dagrun for dataset_s3_bucket_consumer_with_no_taskflow to None, run_after=None
[2025-11-14T21:23:31.779+0000] {logging_mixin.py:190} INFO - [2025-11-14T21:23:31.777+0000] {dag.py:4180} INFO - Setting next_dagrun for dataset_s3_bucket_producer_with_no_taskflow to None, run_after=None
[2025-11-14T21:23:31.880+0000] {processor.py:208} INFO - Processing /home/airflow/.local/lib/python3.12/site-packages/airflow/example_dags/example_dataset_alias_with_no_taskflow.py took 0.938 seconds
[2025-11-14T21:24:02.592+0000] {processor.py:186} INFO - Started process (PID=1005) to work on /home/airflow/.local/lib/python3.12/site-packages/airflow/example_dags/example_dataset_alias_with_no_taskflow.py
[2025-11-14T21:24:02.597+0000] {processor.py:914} INFO - Processing file /home/airflow/.local/lib/python3.12/site-packages/airflow/example_dags/example_dataset_alias_with_no_taskflow.py for tasks to queue
[2025-11-14T21:24:02.607+0000] {logging_mixin.py:190} INFO - [2025-11-14T21:24:02.606+0000] {dagbag.py:588} INFO - Filling up the DagBag from /home/airflow/.local/lib/python3.12/site-packages/airflow/example_dags/example_dataset_alias_with_no_taskflow.py
[2025-11-14T21:24:03.125+0000] {processor.py:925} INFO - DAG(s) 'dataset_s3_bucket_producer_with_no_taskflow', 'dataset_s3_bucket_consumer_with_no_taskflow', 'dataset_alias_example_alias_producer_with_no_taskflow', 'dataset_alias_example_alias_consumer_with_no_taskflow' retrieved from /home/airflow/.local/lib/python3.12/site-packages/airflow/example_dags/example_dataset_alias_with_no_taskflow.py
[2025-11-14T21:24:03.192+0000] {logging_mixin.py:190} INFO - [2025-11-14T21:24:03.191+0000] {dag.py:3239} INFO - Sync 4 DAGs
[2025-11-14T21:24:03.297+0000] {logging_mixin.py:190} INFO - [2025-11-14T21:24:03.296+0000] {dag.py:4180} INFO - Setting next_dagrun for dataset_alias_example_alias_consumer_with_no_taskflow to None, run_after=None
[2025-11-14T21:24:03.310+0000] {logging_mixin.py:190} INFO - [2025-11-14T21:24:03.310+0000] {dag.py:4180} INFO - Setting next_dagrun for dataset_alias_example_alias_producer_with_no_taskflow to None, run_after=None
[2025-11-14T21:24:03.316+0000] {logging_mixin.py:190} INFO - [2025-11-14T21:24:03.316+0000] {dag.py:4180} INFO - Setting next_dagrun for dataset_s3_bucket_consumer_with_no_taskflow to None, run_after=None
[2025-11-14T21:24:03.321+0000] {logging_mixin.py:190} INFO - [2025-11-14T21:24:03.320+0000] {dag.py:4180} INFO - Setting next_dagrun for dataset_s3_bucket_producer_with_no_taskflow to None, run_after=None
[2025-11-14T21:24:03.417+0000] {processor.py:208} INFO - Processing /home/airflow/.local/lib/python3.12/site-packages/airflow/example_dags/example_dataset_alias_with_no_taskflow.py took 0.853 seconds
[2025-11-14T21:24:33.717+0000] {processor.py:186} INFO - Started process (PID=1068) to work on /home/airflow/.local/lib/python3.12/site-packages/airflow/example_dags/example_dataset_alias_with_no_taskflow.py
[2025-11-14T21:24:33.728+0000] {processor.py:914} INFO - Processing file /home/airflow/.local/lib/python3.12/site-packages/airflow/example_dags/example_dataset_alias_with_no_taskflow.py for tasks to queue
[2025-11-14T21:24:33.740+0000] {logging_mixin.py:190} INFO - [2025-11-14T21:24:33.739+0000] {dagbag.py:588} INFO - Filling up the DagBag from /home/airflow/.local/lib/python3.12/site-packages/airflow/example_dags/example_dataset_alias_with_no_taskflow.py
[2025-11-14T21:24:34.874+0000] {processor.py:925} INFO - DAG(s) 'dataset_s3_bucket_consumer_with_no_taskflow', 'dataset_s3_bucket_producer_with_no_taskflow', 'dataset_alias_example_alias_producer_with_no_taskflow', 'dataset_alias_example_alias_consumer_with_no_taskflow' retrieved from /home/airflow/.local/lib/python3.12/site-packages/airflow/example_dags/example_dataset_alias_with_no_taskflow.py
[2025-11-14T21:24:34.970+0000] {logging_mixin.py:190} INFO - [2025-11-14T21:24:34.969+0000] {dag.py:3239} INFO - Sync 4 DAGs
[2025-11-14T21:24:35.074+0000] {logging_mixin.py:190} INFO - [2025-11-14T21:24:35.073+0000] {dag.py:4180} INFO - Setting next_dagrun for dataset_alias_example_alias_consumer_with_no_taskflow to None, run_after=None
[2025-11-14T21:24:35.089+0000] {logging_mixin.py:190} INFO - [2025-11-14T21:24:35.088+0000] {dag.py:4180} INFO - Setting next_dagrun for dataset_alias_example_alias_producer_with_no_taskflow to None, run_after=None
[2025-11-14T21:24:35.097+0000] {logging_mixin.py:190} INFO - [2025-11-14T21:24:35.096+0000] {dag.py:4180} INFO - Setting next_dagrun for dataset_s3_bucket_consumer_with_no_taskflow to None, run_after=None
[2025-11-14T21:24:35.104+0000] {logging_mixin.py:190} INFO - [2025-11-14T21:24:35.104+0000] {dag.py:4180} INFO - Setting next_dagrun for dataset_s3_bucket_producer_with_no_taskflow to None, run_after=None
[2025-11-14T21:24:35.192+0000] {processor.py:208} INFO - Processing /home/airflow/.local/lib/python3.12/site-packages/airflow/example_dags/example_dataset_alias_with_no_taskflow.py took 1.630 seconds
[2025-11-14T21:25:05.315+0000] {processor.py:186} INFO - Started process (PID=1132) to work on /home/airflow/.local/lib/python3.12/site-packages/airflow/example_dags/example_dataset_alias_with_no_taskflow.py
[2025-11-14T21:25:05.320+0000] {processor.py:914} INFO - Processing file /home/airflow/.local/lib/python3.12/site-packages/airflow/example_dags/example_dataset_alias_with_no_taskflow.py for tasks to queue
[2025-11-14T21:25:05.328+0000] {logging_mixin.py:190} INFO - [2025-11-14T21:25:05.328+0000] {dagbag.py:588} INFO - Filling up the DagBag from /home/airflow/.local/lib/python3.12/site-packages/airflow/example_dags/example_dataset_alias_with_no_taskflow.py
[2025-11-14T21:25:05.956+0000] {processor.py:925} INFO - DAG(s) 'dataset_alias_example_alias_consumer_with_no_taskflow', 'dataset_alias_example_alias_producer_with_no_taskflow', 'dataset_s3_bucket_producer_with_no_taskflow', 'dataset_s3_bucket_consumer_with_no_taskflow' retrieved from /home/airflow/.local/lib/python3.12/site-packages/airflow/example_dags/example_dataset_alias_with_no_taskflow.py
[2025-11-14T21:25:06.030+0000] {logging_mixin.py:190} INFO - [2025-11-14T21:25:06.029+0000] {dag.py:3239} INFO - Sync 4 DAGs
[2025-11-14T21:25:06.116+0000] {logging_mixin.py:190} INFO - [2025-11-14T21:25:06.115+0000] {dag.py:4180} INFO - Setting next_dagrun for dataset_alias_example_alias_consumer_with_no_taskflow to None, run_after=None
[2025-11-14T21:25:06.125+0000] {logging_mixin.py:190} INFO - [2025-11-14T21:25:06.124+0000] {dag.py:4180} INFO - Setting next_dagrun for dataset_alias_example_alias_producer_with_no_taskflow to None, run_after=None
[2025-11-14T21:25:06.130+0000] {logging_mixin.py:190} INFO - [2025-11-14T21:25:06.130+0000] {dag.py:4180} INFO - Setting next_dagrun for dataset_s3_bucket_consumer_with_no_taskflow to None, run_after=None
[2025-11-14T21:25:06.139+0000] {logging_mixin.py:190} INFO - [2025-11-14T21:25:06.138+0000] {dag.py:4180} INFO - Setting next_dagrun for dataset_s3_bucket_producer_with_no_taskflow to None, run_after=None
[2025-11-14T21:25:06.221+0000] {processor.py:208} INFO - Processing /home/airflow/.local/lib/python3.12/site-packages/airflow/example_dags/example_dataset_alias_with_no_taskflow.py took 0.929 seconds
[2025-11-14T21:25:36.898+0000] {processor.py:186} INFO - Started process (PID=1196) to work on /home/airflow/.local/lib/python3.12/site-packages/airflow/example_dags/example_dataset_alias_with_no_taskflow.py
[2025-11-14T21:25:36.902+0000] {processor.py:914} INFO - Processing file /home/airflow/.local/lib/python3.12/site-packages/airflow/example_dags/example_dataset_alias_with_no_taskflow.py for tasks to queue
[2025-11-14T21:25:36.919+0000] {logging_mixin.py:190} INFO - [2025-11-14T21:25:36.915+0000] {dagbag.py:588} INFO - Filling up the DagBag from /home/airflow/.local/lib/python3.12/site-packages/airflow/example_dags/example_dataset_alias_with_no_taskflow.py
[2025-11-14T21:25:37.806+0000] {processor.py:925} INFO - DAG(s) 'dataset_s3_bucket_producer_with_no_taskflow', 'dataset_s3_bucket_consumer_with_no_taskflow', 'dataset_alias_example_alias_producer_with_no_taskflow', 'dataset_alias_example_alias_consumer_with_no_taskflow' retrieved from /home/airflow/.local/lib/python3.12/site-packages/airflow/example_dags/example_dataset_alias_with_no_taskflow.py
[2025-11-14T21:25:37.858+0000] {logging_mixin.py:190} INFO - [2025-11-14T21:25:37.858+0000] {dag.py:3239} INFO - Sync 4 DAGs
[2025-11-14T21:25:37.957+0000] {logging_mixin.py:190} INFO - [2025-11-14T21:25:37.957+0000] {dag.py:4180} INFO - Setting next_dagrun for dataset_alias_example_alias_consumer_with_no_taskflow to None, run_after=None
[2025-11-14T21:25:37.965+0000] {logging_mixin.py:190} INFO - [2025-11-14T21:25:37.965+0000] {dag.py:4180} INFO - Setting next_dagrun for dataset_alias_example_alias_producer_with_no_taskflow to None, run_after=None
[2025-11-14T21:25:37.970+0000] {logging_mixin.py:190} INFO - [2025-11-14T21:25:37.970+0000] {dag.py:4180} INFO - Setting next_dagrun for dataset_s3_bucket_consumer_with_no_taskflow to None, run_after=None
[2025-11-14T21:25:37.975+0000] {logging_mixin.py:190} INFO - [2025-11-14T21:25:37.975+0000] {dag.py:4180} INFO - Setting next_dagrun for dataset_s3_bucket_producer_with_no_taskflow to None, run_after=None
[2025-11-14T21:25:38.052+0000] {processor.py:208} INFO - Processing /home/airflow/.local/lib/python3.12/site-packages/airflow/example_dags/example_dataset_alias_with_no_taskflow.py took 1.179 seconds
[2025-11-14T21:26:08.664+0000] {processor.py:186} INFO - Started process (PID=1261) to work on /home/airflow/.local/lib/python3.12/site-packages/airflow/example_dags/example_dataset_alias_with_no_taskflow.py
[2025-11-14T21:26:08.667+0000] {processor.py:914} INFO - Processing file /home/airflow/.local/lib/python3.12/site-packages/airflow/example_dags/example_dataset_alias_with_no_taskflow.py for tasks to queue
[2025-11-14T21:26:08.672+0000] {logging_mixin.py:190} INFO - [2025-11-14T21:26:08.671+0000] {dagbag.py:588} INFO - Filling up the DagBag from /home/airflow/.local/lib/python3.12/site-packages/airflow/example_dags/example_dataset_alias_with_no_taskflow.py
[2025-11-14T21:26:08.964+0000] {processor.py:925} INFO - DAG(s) 'dataset_alias_example_alias_producer_with_no_taskflow', 'dataset_s3_bucket_consumer_with_no_taskflow', 'dataset_s3_bucket_producer_with_no_taskflow', 'dataset_alias_example_alias_consumer_with_no_taskflow' retrieved from /home/airflow/.local/lib/python3.12/site-packages/airflow/example_dags/example_dataset_alias_with_no_taskflow.py
[2025-11-14T21:26:09.002+0000] {logging_mixin.py:190} INFO - [2025-11-14T21:26:09.002+0000] {dag.py:3239} INFO - Sync 4 DAGs
[2025-11-14T21:26:09.046+0000] {logging_mixin.py:190} INFO - [2025-11-14T21:26:09.046+0000] {dag.py:4180} INFO - Setting next_dagrun for dataset_alias_example_alias_consumer_with_no_taskflow to None, run_after=None
[2025-11-14T21:26:09.052+0000] {logging_mixin.py:190} INFO - [2025-11-14T21:26:09.052+0000] {dag.py:4180} INFO - Setting next_dagrun for dataset_alias_example_alias_producer_with_no_taskflow to None, run_after=None
[2025-11-14T21:26:09.055+0000] {logging_mixin.py:190} INFO - [2025-11-14T21:26:09.054+0000] {dag.py:4180} INFO - Setting next_dagrun for dataset_s3_bucket_consumer_with_no_taskflow to None, run_after=None
[2025-11-14T21:26:09.058+0000] {logging_mixin.py:190} INFO - [2025-11-14T21:26:09.057+0000] {dag.py:4180} INFO - Setting next_dagrun for dataset_s3_bucket_producer_with_no_taskflow to None, run_after=None
[2025-11-14T21:26:09.096+0000] {processor.py:208} INFO - Processing /home/airflow/.local/lib/python3.12/site-packages/airflow/example_dags/example_dataset_alias_with_no_taskflow.py took 0.446 seconds
[2025-11-14T21:26:39.209+0000] {processor.py:186} INFO - Started process (PID=1325) to work on /home/airflow/.local/lib/python3.12/site-packages/airflow/example_dags/example_dataset_alias_with_no_taskflow.py
[2025-11-14T21:26:39.212+0000] {processor.py:914} INFO - Processing file /home/airflow/.local/lib/python3.12/site-packages/airflow/example_dags/example_dataset_alias_with_no_taskflow.py for tasks to queue
[2025-11-14T21:26:39.218+0000] {logging_mixin.py:190} INFO - [2025-11-14T21:26:39.217+0000] {dagbag.py:588} INFO - Filling up the DagBag from /home/airflow/.local/lib/python3.12/site-packages/airflow/example_dags/example_dataset_alias_with_no_taskflow.py
[2025-11-14T21:26:39.499+0000] {processor.py:925} INFO - DAG(s) 'dataset_alias_example_alias_producer_with_no_taskflow', 'dataset_s3_bucket_producer_with_no_taskflow', 'dataset_alias_example_alias_consumer_with_no_taskflow', 'dataset_s3_bucket_consumer_with_no_taskflow' retrieved from /home/airflow/.local/lib/python3.12/site-packages/airflow/example_dags/example_dataset_alias_with_no_taskflow.py
[2025-11-14T21:26:39.537+0000] {logging_mixin.py:190} INFO - [2025-11-14T21:26:39.536+0000] {dag.py:3239} INFO - Sync 4 DAGs
[2025-11-14T21:26:39.577+0000] {logging_mixin.py:190} INFO - [2025-11-14T21:26:39.577+0000] {dag.py:4180} INFO - Setting next_dagrun for dataset_alias_example_alias_consumer_with_no_taskflow to None, run_after=None
[2025-11-14T21:26:39.583+0000] {logging_mixin.py:190} INFO - [2025-11-14T21:26:39.583+0000] {dag.py:4180} INFO - Setting next_dagrun for dataset_alias_example_alias_producer_with_no_taskflow to None, run_after=None
[2025-11-14T21:26:39.586+0000] {logging_mixin.py:190} INFO - [2025-11-14T21:26:39.586+0000] {dag.py:4180} INFO - Setting next_dagrun for dataset_s3_bucket_consumer_with_no_taskflow to None, run_after=None
[2025-11-14T21:26:39.589+0000] {logging_mixin.py:190} INFO - [2025-11-14T21:26:39.589+0000] {dag.py:4180} INFO - Setting next_dagrun for dataset_s3_bucket_producer_with_no_taskflow to None, run_after=None
[2025-11-14T21:26:39.629+0000] {processor.py:208} INFO - Processing /home/airflow/.local/lib/python3.12/site-packages/airflow/example_dags/example_dataset_alias_with_no_taskflow.py took 0.434 seconds
[2025-11-14T21:27:09.817+0000] {processor.py:186} INFO - Started process (PID=1388) to work on /home/airflow/.local/lib/python3.12/site-packages/airflow/example_dags/example_dataset_alias_with_no_taskflow.py
[2025-11-14T21:27:09.820+0000] {processor.py:914} INFO - Processing file /home/airflow/.local/lib/python3.12/site-packages/airflow/example_dags/example_dataset_alias_with_no_taskflow.py for tasks to queue
[2025-11-14T21:27:09.825+0000] {logging_mixin.py:190} INFO - [2025-11-14T21:27:09.825+0000] {dagbag.py:588} INFO - Filling up the DagBag from /home/airflow/.local/lib/python3.12/site-packages/airflow/example_dags/example_dataset_alias_with_no_taskflow.py
[2025-11-14T21:27:10.143+0000] {processor.py:925} INFO - DAG(s) 'dataset_s3_bucket_consumer_with_no_taskflow', 'dataset_alias_example_alias_producer_with_no_taskflow', 'dataset_alias_example_alias_consumer_with_no_taskflow', 'dataset_s3_bucket_producer_with_no_taskflow' retrieved from /home/airflow/.local/lib/python3.12/site-packages/airflow/example_dags/example_dataset_alias_with_no_taskflow.py
[2025-11-14T21:27:10.180+0000] {logging_mixin.py:190} INFO - [2025-11-14T21:27:10.180+0000] {dag.py:3239} INFO - Sync 4 DAGs
[2025-11-14T21:27:10.223+0000] {logging_mixin.py:190} INFO - [2025-11-14T21:27:10.223+0000] {dag.py:4180} INFO - Setting next_dagrun for dataset_alias_example_alias_consumer_with_no_taskflow to None, run_after=None
[2025-11-14T21:27:10.231+0000] {logging_mixin.py:190} INFO - [2025-11-14T21:27:10.230+0000] {dag.py:4180} INFO - Setting next_dagrun for dataset_alias_example_alias_producer_with_no_taskflow to None, run_after=None
[2025-11-14T21:27:10.234+0000] {logging_mixin.py:190} INFO - [2025-11-14T21:27:10.234+0000] {dag.py:4180} INFO - Setting next_dagrun for dataset_s3_bucket_consumer_with_no_taskflow to None, run_after=None
[2025-11-14T21:27:10.240+0000] {logging_mixin.py:190} INFO - [2025-11-14T21:27:10.239+0000] {dag.py:4180} INFO - Setting next_dagrun for dataset_s3_bucket_producer_with_no_taskflow to None, run_after=None
[2025-11-14T21:27:10.292+0000] {processor.py:208} INFO - Processing /home/airflow/.local/lib/python3.12/site-packages/airflow/example_dags/example_dataset_alias_with_no_taskflow.py took 0.490 seconds
[2025-11-14T21:27:40.552+0000] {processor.py:186} INFO - Started process (PID=1452) to work on /home/airflow/.local/lib/python3.12/site-packages/airflow/example_dags/example_dataset_alias_with_no_taskflow.py
[2025-11-14T21:27:40.555+0000] {processor.py:914} INFO - Processing file /home/airflow/.local/lib/python3.12/site-packages/airflow/example_dags/example_dataset_alias_with_no_taskflow.py for tasks to queue
[2025-11-14T21:27:40.561+0000] {logging_mixin.py:190} INFO - [2025-11-14T21:27:40.560+0000] {dagbag.py:588} INFO - Filling up the DagBag from /home/airflow/.local/lib/python3.12/site-packages/airflow/example_dags/example_dataset_alias_with_no_taskflow.py
[2025-11-14T21:27:40.893+0000] {processor.py:925} INFO - DAG(s) 'dataset_alias_example_alias_consumer_with_no_taskflow', 'dataset_alias_example_alias_producer_with_no_taskflow', 'dataset_s3_bucket_producer_with_no_taskflow', 'dataset_s3_bucket_consumer_with_no_taskflow' retrieved from /home/airflow/.local/lib/python3.12/site-packages/airflow/example_dags/example_dataset_alias_with_no_taskflow.py
[2025-11-14T21:27:40.935+0000] {logging_mixin.py:190} INFO - [2025-11-14T21:27:40.934+0000] {dag.py:3239} INFO - Sync 4 DAGs
[2025-11-14T21:27:40.981+0000] {logging_mixin.py:190} INFO - [2025-11-14T21:27:40.981+0000] {dag.py:4180} INFO - Setting next_dagrun for dataset_alias_example_alias_consumer_with_no_taskflow to None, run_after=None
[2025-11-14T21:27:40.987+0000] {logging_mixin.py:190} INFO - [2025-11-14T21:27:40.987+0000] {dag.py:4180} INFO - Setting next_dagrun for dataset_alias_example_alias_producer_with_no_taskflow to None, run_after=None
[2025-11-14T21:27:40.992+0000] {logging_mixin.py:190} INFO - [2025-11-14T21:27:40.991+0000] {dag.py:4180} INFO - Setting next_dagrun for dataset_s3_bucket_consumer_with_no_taskflow to None, run_after=None
[2025-11-14T21:27:40.995+0000] {logging_mixin.py:190} INFO - [2025-11-14T21:27:40.995+0000] {dag.py:4180} INFO - Setting next_dagrun for dataset_s3_bucket_producer_with_no_taskflow to None, run_after=None
[2025-11-14T21:27:41.036+0000] {processor.py:208} INFO - Processing /home/airflow/.local/lib/python3.12/site-packages/airflow/example_dags/example_dataset_alias_with_no_taskflow.py took 0.498 seconds
[2025-11-14T21:28:11.647+0000] {processor.py:186} INFO - Started process (PID=1514) to work on /home/airflow/.local/lib/python3.12/site-packages/airflow/example_dags/example_dataset_alias_with_no_taskflow.py
[2025-11-14T21:28:11.650+0000] {processor.py:914} INFO - Processing file /home/airflow/.local/lib/python3.12/site-packages/airflow/example_dags/example_dataset_alias_with_no_taskflow.py for tasks to queue
[2025-11-14T21:28:11.659+0000] {logging_mixin.py:190} INFO - [2025-11-14T21:28:11.657+0000] {dagbag.py:588} INFO - Filling up the DagBag from /home/airflow/.local/lib/python3.12/site-packages/airflow/example_dags/example_dataset_alias_with_no_taskflow.py
[2025-11-14T21:28:12.001+0000] {processor.py:925} INFO - DAG(s) 'dataset_alias_example_alias_producer_with_no_taskflow', 'dataset_alias_example_alias_consumer_with_no_taskflow', 'dataset_s3_bucket_producer_with_no_taskflow', 'dataset_s3_bucket_consumer_with_no_taskflow' retrieved from /home/airflow/.local/lib/python3.12/site-packages/airflow/example_dags/example_dataset_alias_with_no_taskflow.py
[2025-11-14T21:28:12.050+0000] {logging_mixin.py:190} INFO - [2025-11-14T21:28:12.050+0000] {dag.py:3239} INFO - Sync 4 DAGs
[2025-11-14T21:28:12.100+0000] {logging_mixin.py:190} INFO - [2025-11-14T21:28:12.100+0000] {dag.py:4180} INFO - Setting next_dagrun for dataset_alias_example_alias_consumer_with_no_taskflow to None, run_after=None
[2025-11-14T21:28:12.107+0000] {logging_mixin.py:190} INFO - [2025-11-14T21:28:12.107+0000] {dag.py:4180} INFO - Setting next_dagrun for dataset_alias_example_alias_producer_with_no_taskflow to None, run_after=None
[2025-11-14T21:28:12.111+0000] {logging_mixin.py:190} INFO - [2025-11-14T21:28:12.111+0000] {dag.py:4180} INFO - Setting next_dagrun for dataset_s3_bucket_consumer_with_no_taskflow to None, run_after=None
[2025-11-14T21:28:12.114+0000] {logging_mixin.py:190} INFO - [2025-11-14T21:28:12.114+0000] {dag.py:4180} INFO - Setting next_dagrun for dataset_s3_bucket_producer_with_no_taskflow to None, run_after=None
[2025-11-14T21:28:12.159+0000] {processor.py:208} INFO - Processing /home/airflow/.local/lib/python3.12/site-packages/airflow/example_dags/example_dataset_alias_with_no_taskflow.py took 0.527 seconds
