[2025-11-14T21:15:41.612+0000] {processor.py:186} INFO - Started process (PID=53) to work on /home/airflow/.local/lib/python3.12/site-packages/airflow/example_dags/example_subdag_operator.py
[2025-11-14T21:15:41.614+0000] {processor.py:914} INFO - Processing file /home/airflow/.local/lib/python3.12/site-packages/airflow/example_dags/example_subdag_operator.py for tasks to queue
[2025-11-14T21:15:41.619+0000] {logging_mixin.py:190} INFO - [2025-11-14T21:15:41.618+0000] {dagbag.py:588} INFO - Filling up the DagBag from /home/airflow/.local/lib/python3.12/site-packages/airflow/example_dags/example_subdag_operator.py
[2025-11-14T21:15:41.675+0000] {processor.py:925} INFO - DAG(s) 'example_subdag_operator.section-1', 'example_subdag_operator.section-2', 'example_subdag_operator' retrieved from /home/airflow/.local/lib/python3.12/site-packages/airflow/example_dags/example_subdag_operator.py
[2025-11-14T21:15:41.870+0000] {logging_mixin.py:190} INFO - [2025-11-14T21:15:41.869+0000] {override.py:1900} INFO - Created Permission View: can edit on DAG:example_subdag_operator
[2025-11-14T21:15:41.889+0000] {logging_mixin.py:190} INFO - [2025-11-14T21:15:41.888+0000] {override.py:1900} INFO - Created Permission View: can delete on DAG:example_subdag_operator
[2025-11-14T21:15:41.902+0000] {logging_mixin.py:190} INFO - [2025-11-14T21:15:41.901+0000] {override.py:1900} INFO - Created Permission View: can read on DAG:example_subdag_operator
[2025-11-14T21:15:41.915+0000] {logging_mixin.py:190} INFO - [2025-11-14T21:15:41.915+0000] {override.py:1900} INFO - Created Permission View: menu access on DAG Run:example_subdag_operator
[2025-11-14T21:15:41.929+0000] {logging_mixin.py:190} INFO - [2025-11-14T21:15:41.928+0000] {override.py:1900} INFO - Created Permission View: can create on DAG Run:example_subdag_operator
[2025-11-14T21:15:41.942+0000] {logging_mixin.py:190} INFO - [2025-11-14T21:15:41.941+0000] {override.py:1900} INFO - Created Permission View: can delete on DAG Run:example_subdag_operator
[2025-11-14T21:15:41.953+0000] {logging_mixin.py:190} INFO - [2025-11-14T21:15:41.953+0000] {override.py:1900} INFO - Created Permission View: can read on DAG Run:example_subdag_operator
[2025-11-14T21:15:41.955+0000] {logging_mixin.py:190} INFO - [2025-11-14T21:15:41.955+0000] {dag.py:3239} INFO - Sync 3 DAGs
[2025-11-14T21:15:41.982+0000] {logging_mixin.py:190} INFO - [2025-11-14T21:15:41.981+0000] {dag.py:3262} INFO - Creating ORM DAG for example_subdag_operator
[2025-11-14T21:15:41.984+0000] {logging_mixin.py:190} INFO - [2025-11-14T21:15:41.984+0000] {dag.py:3262} INFO - Creating ORM DAG for example_subdag_operator.section-2
[2025-11-14T21:15:41.986+0000] {logging_mixin.py:190} INFO - [2025-11-14T21:15:41.986+0000] {dag.py:3262} INFO - Creating ORM DAG for example_subdag_operator.section-1
[2025-11-14T21:15:42.004+0000] {logging_mixin.py:190} INFO - [2025-11-14T21:15:42.003+0000] {dag.py:4180} INFO - Setting next_dagrun for example_subdag_operator to 2022-01-01 00:00:00+00:00, run_after=2022-01-01 00:00:00+00:00
[2025-11-14T21:15:42.006+0000] {logging_mixin.py:190} INFO - [2025-11-14T21:15:42.006+0000] {dag.py:4180} INFO - Setting next_dagrun for example_subdag_operator.section-1 to None, run_after=None
[2025-11-14T21:15:42.009+0000] {logging_mixin.py:190} INFO - [2025-11-14T21:15:42.008+0000] {dag.py:4180} INFO - Setting next_dagrun for example_subdag_operator.section-2 to None, run_after=None
[2025-11-14T21:15:42.026+0000] {logging_mixin.py:190} INFO - [2025-11-14T21:15:42.026+0000] {dag.py:3239} INFO - Sync 2 DAGs
[2025-11-14T21:15:42.036+0000] {logging_mixin.py:190} INFO - [2025-11-14T21:15:42.036+0000] {dag.py:4180} INFO - Setting next_dagrun for example_subdag_operator.section-1 to None, run_after=None
[2025-11-14T21:15:42.042+0000] {logging_mixin.py:190} INFO - [2025-11-14T21:15:42.042+0000] {dag.py:4180} INFO - Setting next_dagrun for example_subdag_operator.section-2 to None, run_after=None
[2025-11-14T21:15:42.067+0000] {processor.py:208} INFO - Processing /home/airflow/.local/lib/python3.12/site-packages/airflow/example_dags/example_subdag_operator.py took 0.468 seconds
[2025-11-14T21:16:12.621+0000] {processor.py:186} INFO - Started process (PID=117) to work on /home/airflow/.local/lib/python3.12/site-packages/airflow/example_dags/example_subdag_operator.py
[2025-11-14T21:16:12.623+0000] {processor.py:914} INFO - Processing file /home/airflow/.local/lib/python3.12/site-packages/airflow/example_dags/example_subdag_operator.py for tasks to queue
[2025-11-14T21:16:12.628+0000] {logging_mixin.py:190} INFO - [2025-11-14T21:16:12.627+0000] {dagbag.py:588} INFO - Filling up the DagBag from /home/airflow/.local/lib/python3.12/site-packages/airflow/example_dags/example_subdag_operator.py
[2025-11-14T21:16:12.672+0000] {processor.py:925} INFO - DAG(s) 'example_subdag_operator.section-1', 'example_subdag_operator.section-2', 'example_subdag_operator' retrieved from /home/airflow/.local/lib/python3.12/site-packages/airflow/example_dags/example_subdag_operator.py
[2025-11-14T21:16:12.700+0000] {logging_mixin.py:190} INFO - [2025-11-14T21:16:12.700+0000] {dag.py:3239} INFO - Sync 3 DAGs
[2025-11-14T21:16:12.740+0000] {logging_mixin.py:190} INFO - [2025-11-14T21:16:12.740+0000] {dag.py:4180} INFO - Setting next_dagrun for example_subdag_operator to 2022-01-01 00:00:00+00:00, run_after=2022-01-01 00:00:00+00:00
[2025-11-14T21:16:12.749+0000] {logging_mixin.py:190} INFO - [2025-11-14T21:16:12.748+0000] {dag.py:4180} INFO - Setting next_dagrun for example_subdag_operator.section-1 to None, run_after=None
[2025-11-14T21:16:12.752+0000] {logging_mixin.py:190} INFO - [2025-11-14T21:16:12.752+0000] {dag.py:4180} INFO - Setting next_dagrun for example_subdag_operator.section-2 to None, run_after=None
[2025-11-14T21:16:12.769+0000] {logging_mixin.py:190} INFO - [2025-11-14T21:16:12.768+0000] {dag.py:3239} INFO - Sync 2 DAGs
[2025-11-14T21:16:12.784+0000] {logging_mixin.py:190} INFO - [2025-11-14T21:16:12.783+0000] {dag.py:4180} INFO - Setting next_dagrun for example_subdag_operator.section-1 to None, run_after=None
[2025-11-14T21:16:12.786+0000] {logging_mixin.py:190} INFO - [2025-11-14T21:16:12.786+0000] {dag.py:4180} INFO - Setting next_dagrun for example_subdag_operator.section-2 to None, run_after=None
[2025-11-14T21:16:12.809+0000] {processor.py:208} INFO - Processing /home/airflow/.local/lib/python3.12/site-packages/airflow/example_dags/example_subdag_operator.py took 0.200 seconds
[2025-11-14T21:16:43.420+0000] {processor.py:186} INFO - Started process (PID=180) to work on /home/airflow/.local/lib/python3.12/site-packages/airflow/example_dags/example_subdag_operator.py
[2025-11-14T21:16:43.422+0000] {processor.py:914} INFO - Processing file /home/airflow/.local/lib/python3.12/site-packages/airflow/example_dags/example_subdag_operator.py for tasks to queue
[2025-11-14T21:16:43.424+0000] {logging_mixin.py:190} INFO - [2025-11-14T21:16:43.424+0000] {dagbag.py:588} INFO - Filling up the DagBag from /home/airflow/.local/lib/python3.12/site-packages/airflow/example_dags/example_subdag_operator.py
[2025-11-14T21:16:43.456+0000] {processor.py:925} INFO - DAG(s) 'example_subdag_operator.section-1', 'example_subdag_operator.section-2', 'example_subdag_operator' retrieved from /home/airflow/.local/lib/python3.12/site-packages/airflow/example_dags/example_subdag_operator.py
[2025-11-14T21:16:43.475+0000] {logging_mixin.py:190} INFO - [2025-11-14T21:16:43.475+0000] {dag.py:3239} INFO - Sync 3 DAGs
[2025-11-14T21:16:43.502+0000] {logging_mixin.py:190} INFO - [2025-11-14T21:16:43.502+0000] {dag.py:4180} INFO - Setting next_dagrun for example_subdag_operator to 2022-01-01 00:00:00+00:00, run_after=2022-01-01 00:00:00+00:00
[2025-11-14T21:16:43.507+0000] {logging_mixin.py:190} INFO - [2025-11-14T21:16:43.507+0000] {dag.py:4180} INFO - Setting next_dagrun for example_subdag_operator.section-1 to None, run_after=None
[2025-11-14T21:16:43.511+0000] {logging_mixin.py:190} INFO - [2025-11-14T21:16:43.510+0000] {dag.py:4180} INFO - Setting next_dagrun for example_subdag_operator.section-2 to None, run_after=None
[2025-11-14T21:16:43.520+0000] {logging_mixin.py:190} INFO - [2025-11-14T21:16:43.520+0000] {dag.py:3239} INFO - Sync 2 DAGs
[2025-11-14T21:16:43.527+0000] {logging_mixin.py:190} INFO - [2025-11-14T21:16:43.527+0000] {dag.py:4180} INFO - Setting next_dagrun for example_subdag_operator.section-1 to None, run_after=None
[2025-11-14T21:16:43.528+0000] {logging_mixin.py:190} INFO - [2025-11-14T21:16:43.528+0000] {dag.py:4180} INFO - Setting next_dagrun for example_subdag_operator.section-2 to None, run_after=None
[2025-11-14T21:16:43.540+0000] {processor.py:208} INFO - Processing /home/airflow/.local/lib/python3.12/site-packages/airflow/example_dags/example_subdag_operator.py took 0.128 seconds
[2025-11-14T21:17:13.630+0000] {processor.py:186} INFO - Started process (PID=243) to work on /home/airflow/.local/lib/python3.12/site-packages/airflow/example_dags/example_subdag_operator.py
[2025-11-14T21:17:13.632+0000] {processor.py:914} INFO - Processing file /home/airflow/.local/lib/python3.12/site-packages/airflow/example_dags/example_subdag_operator.py for tasks to queue
[2025-11-14T21:17:13.635+0000] {logging_mixin.py:190} INFO - [2025-11-14T21:17:13.634+0000] {dagbag.py:588} INFO - Filling up the DagBag from /home/airflow/.local/lib/python3.12/site-packages/airflow/example_dags/example_subdag_operator.py
[2025-11-14T21:17:13.663+0000] {processor.py:925} INFO - DAG(s) 'example_subdag_operator.section-1', 'example_subdag_operator.section-2', 'example_subdag_operator' retrieved from /home/airflow/.local/lib/python3.12/site-packages/airflow/example_dags/example_subdag_operator.py
[2025-11-14T21:17:13.683+0000] {logging_mixin.py:190} INFO - [2025-11-14T21:17:13.682+0000] {dag.py:3239} INFO - Sync 3 DAGs
[2025-11-14T21:17:13.711+0000] {logging_mixin.py:190} INFO - [2025-11-14T21:17:13.711+0000] {dag.py:4180} INFO - Setting next_dagrun for example_subdag_operator to 2022-01-01 00:00:00+00:00, run_after=2022-01-01 00:00:00+00:00
[2025-11-14T21:17:13.716+0000] {logging_mixin.py:190} INFO - [2025-11-14T21:17:13.716+0000] {dag.py:4180} INFO - Setting next_dagrun for example_subdag_operator.section-1 to None, run_after=None
[2025-11-14T21:17:13.718+0000] {logging_mixin.py:190} INFO - [2025-11-14T21:17:13.718+0000] {dag.py:4180} INFO - Setting next_dagrun for example_subdag_operator.section-2 to None, run_after=None
[2025-11-14T21:17:13.726+0000] {logging_mixin.py:190} INFO - [2025-11-14T21:17:13.726+0000] {dag.py:3239} INFO - Sync 2 DAGs
[2025-11-14T21:17:13.732+0000] {logging_mixin.py:190} INFO - [2025-11-14T21:17:13.732+0000] {dag.py:4180} INFO - Setting next_dagrun for example_subdag_operator.section-1 to None, run_after=None
[2025-11-14T21:17:13.734+0000] {logging_mixin.py:190} INFO - [2025-11-14T21:17:13.733+0000] {dag.py:4180} INFO - Setting next_dagrun for example_subdag_operator.section-2 to None, run_after=None
[2025-11-14T21:17:13.744+0000] {processor.py:208} INFO - Processing /home/airflow/.local/lib/python3.12/site-packages/airflow/example_dags/example_subdag_operator.py took 0.122 seconds
[2025-11-14T21:17:44.073+0000] {processor.py:186} INFO - Started process (PID=306) to work on /home/airflow/.local/lib/python3.12/site-packages/airflow/example_dags/example_subdag_operator.py
[2025-11-14T21:17:44.074+0000] {processor.py:914} INFO - Processing file /home/airflow/.local/lib/python3.12/site-packages/airflow/example_dags/example_subdag_operator.py for tasks to queue
[2025-11-14T21:17:44.077+0000] {logging_mixin.py:190} INFO - [2025-11-14T21:17:44.077+0000] {dagbag.py:588} INFO - Filling up the DagBag from /home/airflow/.local/lib/python3.12/site-packages/airflow/example_dags/example_subdag_operator.py
[2025-11-14T21:17:44.106+0000] {processor.py:925} INFO - DAG(s) 'example_subdag_operator.section-1', 'example_subdag_operator.section-2', 'example_subdag_operator' retrieved from /home/airflow/.local/lib/python3.12/site-packages/airflow/example_dags/example_subdag_operator.py
[2025-11-14T21:17:44.124+0000] {logging_mixin.py:190} INFO - [2025-11-14T21:17:44.124+0000] {dag.py:3239} INFO - Sync 3 DAGs
[2025-11-14T21:17:44.153+0000] {logging_mixin.py:190} INFO - [2025-11-14T21:17:44.152+0000] {dag.py:4180} INFO - Setting next_dagrun for example_subdag_operator to 2022-01-01 00:00:00+00:00, run_after=2022-01-01 00:00:00+00:00
[2025-11-14T21:17:44.158+0000] {logging_mixin.py:190} INFO - [2025-11-14T21:17:44.158+0000] {dag.py:4180} INFO - Setting next_dagrun for example_subdag_operator.section-1 to None, run_after=None
[2025-11-14T21:17:44.160+0000] {logging_mixin.py:190} INFO - [2025-11-14T21:17:44.160+0000] {dag.py:4180} INFO - Setting next_dagrun for example_subdag_operator.section-2 to None, run_after=None
[2025-11-14T21:17:44.168+0000] {logging_mixin.py:190} INFO - [2025-11-14T21:17:44.168+0000] {dag.py:3239} INFO - Sync 2 DAGs
[2025-11-14T21:17:44.175+0000] {logging_mixin.py:190} INFO - [2025-11-14T21:17:44.175+0000] {dag.py:4180} INFO - Setting next_dagrun for example_subdag_operator.section-1 to None, run_after=None
[2025-11-14T21:17:44.176+0000] {logging_mixin.py:190} INFO - [2025-11-14T21:17:44.176+0000] {dag.py:4180} INFO - Setting next_dagrun for example_subdag_operator.section-2 to None, run_after=None
[2025-11-14T21:17:44.188+0000] {processor.py:208} INFO - Processing /home/airflow/.local/lib/python3.12/site-packages/airflow/example_dags/example_subdag_operator.py took 0.123 seconds
[2025-11-14T21:18:15.290+0000] {processor.py:186} INFO - Started process (PID=369) to work on /home/airflow/.local/lib/python3.12/site-packages/airflow/example_dags/example_subdag_operator.py
[2025-11-14T21:18:15.292+0000] {processor.py:914} INFO - Processing file /home/airflow/.local/lib/python3.12/site-packages/airflow/example_dags/example_subdag_operator.py for tasks to queue
[2025-11-14T21:18:15.295+0000] {logging_mixin.py:190} INFO - [2025-11-14T21:18:15.294+0000] {dagbag.py:588} INFO - Filling up the DagBag from /home/airflow/.local/lib/python3.12/site-packages/airflow/example_dags/example_subdag_operator.py
[2025-11-14T21:18:15.325+0000] {processor.py:925} INFO - DAG(s) 'example_subdag_operator.section-1', 'example_subdag_operator.section-2', 'example_subdag_operator' retrieved from /home/airflow/.local/lib/python3.12/site-packages/airflow/example_dags/example_subdag_operator.py
[2025-11-14T21:18:15.342+0000] {logging_mixin.py:190} INFO - [2025-11-14T21:18:15.342+0000] {dag.py:3239} INFO - Sync 3 DAGs
[2025-11-14T21:18:15.368+0000] {logging_mixin.py:190} INFO - [2025-11-14T21:18:15.368+0000] {dag.py:4180} INFO - Setting next_dagrun for example_subdag_operator to 2022-01-01 00:00:00+00:00, run_after=2022-01-01 00:00:00+00:00
[2025-11-14T21:18:15.373+0000] {logging_mixin.py:190} INFO - [2025-11-14T21:18:15.373+0000] {dag.py:4180} INFO - Setting next_dagrun for example_subdag_operator.section-1 to None, run_after=None
[2025-11-14T21:18:15.375+0000] {logging_mixin.py:190} INFO - [2025-11-14T21:18:15.374+0000] {dag.py:4180} INFO - Setting next_dagrun for example_subdag_operator.section-2 to None, run_after=None
[2025-11-14T21:18:15.382+0000] {logging_mixin.py:190} INFO - [2025-11-14T21:18:15.382+0000] {dag.py:3239} INFO - Sync 2 DAGs
[2025-11-14T21:18:15.387+0000] {logging_mixin.py:190} INFO - [2025-11-14T21:18:15.387+0000] {dag.py:4180} INFO - Setting next_dagrun for example_subdag_operator.section-1 to None, run_after=None
[2025-11-14T21:18:15.388+0000] {logging_mixin.py:190} INFO - [2025-11-14T21:18:15.388+0000] {dag.py:4180} INFO - Setting next_dagrun for example_subdag_operator.section-2 to None, run_after=None
[2025-11-14T21:18:15.397+0000] {processor.py:208} INFO - Processing /home/airflow/.local/lib/python3.12/site-packages/airflow/example_dags/example_subdag_operator.py took 0.114 seconds
[2025-11-14T21:18:46.638+0000] {processor.py:186} INFO - Started process (PID=434) to work on /home/airflow/.local/lib/python3.12/site-packages/airflow/example_dags/example_subdag_operator.py
[2025-11-14T21:18:46.639+0000] {processor.py:914} INFO - Processing file /home/airflow/.local/lib/python3.12/site-packages/airflow/example_dags/example_subdag_operator.py for tasks to queue
[2025-11-14T21:18:46.643+0000] {logging_mixin.py:190} INFO - [2025-11-14T21:18:46.642+0000] {dagbag.py:588} INFO - Filling up the DagBag from /home/airflow/.local/lib/python3.12/site-packages/airflow/example_dags/example_subdag_operator.py
[2025-11-14T21:18:46.677+0000] {processor.py:925} INFO - DAG(s) 'example_subdag_operator.section-1', 'example_subdag_operator.section-2', 'example_subdag_operator' retrieved from /home/airflow/.local/lib/python3.12/site-packages/airflow/example_dags/example_subdag_operator.py
[2025-11-14T21:18:46.705+0000] {logging_mixin.py:190} INFO - [2025-11-14T21:18:46.705+0000] {dag.py:3239} INFO - Sync 3 DAGs
[2025-11-14T21:18:46.736+0000] {logging_mixin.py:190} INFO - [2025-11-14T21:18:46.735+0000] {dag.py:4180} INFO - Setting next_dagrun for example_subdag_operator to 2022-01-01 00:00:00+00:00, run_after=2022-01-01 00:00:00+00:00
[2025-11-14T21:18:46.740+0000] {logging_mixin.py:190} INFO - [2025-11-14T21:18:46.740+0000] {dag.py:4180} INFO - Setting next_dagrun for example_subdag_operator.section-1 to None, run_after=None
[2025-11-14T21:18:46.742+0000] {logging_mixin.py:190} INFO - [2025-11-14T21:18:46.742+0000] {dag.py:4180} INFO - Setting next_dagrun for example_subdag_operator.section-2 to None, run_after=None
[2025-11-14T21:18:46.750+0000] {logging_mixin.py:190} INFO - [2025-11-14T21:18:46.750+0000] {dag.py:3239} INFO - Sync 2 DAGs
[2025-11-14T21:18:46.757+0000] {logging_mixin.py:190} INFO - [2025-11-14T21:18:46.756+0000] {dag.py:4180} INFO - Setting next_dagrun for example_subdag_operator.section-1 to None, run_after=None
[2025-11-14T21:18:46.758+0000] {logging_mixin.py:190} INFO - [2025-11-14T21:18:46.758+0000] {dag.py:4180} INFO - Setting next_dagrun for example_subdag_operator.section-2 to None, run_after=None
[2025-11-14T21:18:46.772+0000] {processor.py:208} INFO - Processing /home/airflow/.local/lib/python3.12/site-packages/airflow/example_dags/example_subdag_operator.py took 0.143 seconds
[2025-11-14T21:19:17.957+0000] {processor.py:186} INFO - Started process (PID=499) to work on /home/airflow/.local/lib/python3.12/site-packages/airflow/example_dags/example_subdag_operator.py
[2025-11-14T21:19:17.960+0000] {processor.py:914} INFO - Processing file /home/airflow/.local/lib/python3.12/site-packages/airflow/example_dags/example_subdag_operator.py for tasks to queue
[2025-11-14T21:19:17.965+0000] {logging_mixin.py:190} INFO - [2025-11-14T21:19:17.964+0000] {dagbag.py:588} INFO - Filling up the DagBag from /home/airflow/.local/lib/python3.12/site-packages/airflow/example_dags/example_subdag_operator.py
[2025-11-14T21:19:18.016+0000] {processor.py:925} INFO - DAG(s) 'example_subdag_operator.section-1', 'example_subdag_operator.section-2', 'example_subdag_operator' retrieved from /home/airflow/.local/lib/python3.12/site-packages/airflow/example_dags/example_subdag_operator.py
[2025-11-14T21:19:18.055+0000] {logging_mixin.py:190} INFO - [2025-11-14T21:19:18.054+0000] {dag.py:3239} INFO - Sync 3 DAGs
[2025-11-14T21:19:18.113+0000] {logging_mixin.py:190} INFO - [2025-11-14T21:19:18.113+0000] {dag.py:4180} INFO - Setting next_dagrun for example_subdag_operator to 2022-01-01 00:00:00+00:00, run_after=2022-01-01 00:00:00+00:00
[2025-11-14T21:19:18.121+0000] {logging_mixin.py:190} INFO - [2025-11-14T21:19:18.120+0000] {dag.py:4180} INFO - Setting next_dagrun for example_subdag_operator.section-1 to None, run_after=None
[2025-11-14T21:19:18.124+0000] {logging_mixin.py:190} INFO - [2025-11-14T21:19:18.123+0000] {dag.py:4180} INFO - Setting next_dagrun for example_subdag_operator.section-2 to None, run_after=None
[2025-11-14T21:19:18.138+0000] {logging_mixin.py:190} INFO - [2025-11-14T21:19:18.137+0000] {dag.py:3239} INFO - Sync 2 DAGs
[2025-11-14T21:19:18.147+0000] {logging_mixin.py:190} INFO - [2025-11-14T21:19:18.147+0000] {dag.py:4180} INFO - Setting next_dagrun for example_subdag_operator.section-1 to None, run_after=None
[2025-11-14T21:19:18.149+0000] {logging_mixin.py:190} INFO - [2025-11-14T21:19:18.149+0000] {dag.py:4180} INFO - Setting next_dagrun for example_subdag_operator.section-2 to None, run_after=None
[2025-11-14T21:19:18.170+0000] {processor.py:208} INFO - Processing /home/airflow/.local/lib/python3.12/site-packages/airflow/example_dags/example_subdag_operator.py took 0.225 seconds
[2025-11-14T21:19:49.727+0000] {processor.py:186} INFO - Started process (PID=564) to work on /home/airflow/.local/lib/python3.12/site-packages/airflow/example_dags/example_subdag_operator.py
[2025-11-14T21:19:49.732+0000] {processor.py:914} INFO - Processing file /home/airflow/.local/lib/python3.12/site-packages/airflow/example_dags/example_subdag_operator.py for tasks to queue
[2025-11-14T21:19:49.743+0000] {logging_mixin.py:190} INFO - [2025-11-14T21:19:49.741+0000] {dagbag.py:588} INFO - Filling up the DagBag from /home/airflow/.local/lib/python3.12/site-packages/airflow/example_dags/example_subdag_operator.py
[2025-11-14T21:19:49.849+0000] {processor.py:925} INFO - DAG(s) 'example_subdag_operator.section-1', 'example_subdag_operator.section-2', 'example_subdag_operator' retrieved from /home/airflow/.local/lib/python3.12/site-packages/airflow/example_dags/example_subdag_operator.py
[2025-11-14T21:19:49.925+0000] {logging_mixin.py:190} INFO - [2025-11-14T21:19:49.923+0000] {dag.py:3239} INFO - Sync 3 DAGs
[2025-11-14T21:19:50.026+0000] {logging_mixin.py:190} INFO - [2025-11-14T21:19:50.025+0000] {dag.py:4180} INFO - Setting next_dagrun for example_subdag_operator to 2022-01-01 00:00:00+00:00, run_after=2022-01-01 00:00:00+00:00
[2025-11-14T21:19:50.041+0000] {logging_mixin.py:190} INFO - [2025-11-14T21:19:50.041+0000] {dag.py:4180} INFO - Setting next_dagrun for example_subdag_operator.section-1 to None, run_after=None
[2025-11-14T21:19:50.050+0000] {logging_mixin.py:190} INFO - [2025-11-14T21:19:50.050+0000] {dag.py:4180} INFO - Setting next_dagrun for example_subdag_operator.section-2 to None, run_after=None
[2025-11-14T21:19:50.074+0000] {logging_mixin.py:190} INFO - [2025-11-14T21:19:50.073+0000] {dag.py:3239} INFO - Sync 2 DAGs
[2025-11-14T21:19:50.119+0000] {logging_mixin.py:190} INFO - [2025-11-14T21:19:50.117+0000] {dag.py:4180} INFO - Setting next_dagrun for example_subdag_operator.section-1 to None, run_after=None
[2025-11-14T21:19:50.125+0000] {logging_mixin.py:190} INFO - [2025-11-14T21:19:50.123+0000] {dag.py:4180} INFO - Setting next_dagrun for example_subdag_operator.section-2 to None, run_after=None
[2025-11-14T21:19:50.183+0000] {processor.py:208} INFO - Processing /home/airflow/.local/lib/python3.12/site-packages/airflow/example_dags/example_subdag_operator.py took 0.483 seconds
[2025-11-14T21:20:35.069+0000] {processor.py:186} INFO - Started process (PID=644) to work on /home/airflow/.local/lib/python3.12/site-packages/airflow/example_dags/example_subdag_operator.py
[2025-11-14T21:20:35.078+0000] {processor.py:914} INFO - Processing file /home/airflow/.local/lib/python3.12/site-packages/airflow/example_dags/example_subdag_operator.py for tasks to queue
[2025-11-14T21:20:35.138+0000] {logging_mixin.py:190} INFO - [2025-11-14T21:20:35.135+0000] {dagbag.py:588} INFO - Filling up the DagBag from /home/airflow/.local/lib/python3.12/site-packages/airflow/example_dags/example_subdag_operator.py
[2025-11-14T21:20:35.711+0000] {processor.py:925} INFO - DAG(s) 'example_subdag_operator.section-1', 'example_subdag_operator.section-2', 'example_subdag_operator' retrieved from /home/airflow/.local/lib/python3.12/site-packages/airflow/example_dags/example_subdag_operator.py
[2025-11-14T21:20:35.994+0000] {logging_mixin.py:190} INFO - [2025-11-14T21:20:35.991+0000] {dag.py:3239} INFO - Sync 3 DAGs
[2025-11-14T21:20:37.700+0000] {logging_mixin.py:190} INFO - [2025-11-14T21:20:37.682+0000] {dag.py:4180} INFO - Setting next_dagrun for example_subdag_operator to 2022-01-01 00:00:00+00:00, run_after=2022-01-01 00:00:00+00:00
[2025-11-14T21:20:37.870+0000] {logging_mixin.py:190} INFO - [2025-11-14T21:20:37.849+0000] {dag.py:4180} INFO - Setting next_dagrun for example_subdag_operator.section-1 to None, run_after=None
[2025-11-14T21:20:37.935+0000] {logging_mixin.py:190} INFO - [2025-11-14T21:20:37.931+0000] {dag.py:4180} INFO - Setting next_dagrun for example_subdag_operator.section-2 to None, run_after=None
[2025-11-14T21:20:38.282+0000] {logging_mixin.py:190} INFO - [2025-11-14T21:20:38.232+0000] {dag.py:3239} INFO - Sync 2 DAGs
[2025-11-14T21:20:38.598+0000] {logging_mixin.py:190} INFO - [2025-11-14T21:20:38.596+0000] {dag.py:4180} INFO - Setting next_dagrun for example_subdag_operator.section-1 to None, run_after=None
[2025-11-14T21:20:38.643+0000] {logging_mixin.py:190} INFO - [2025-11-14T21:20:38.641+0000] {dag.py:4180} INFO - Setting next_dagrun for example_subdag_operator.section-2 to None, run_after=None
[2025-11-14T21:20:39.193+0000] {processor.py:208} INFO - Processing /home/airflow/.local/lib/python3.12/site-packages/airflow/example_dags/example_subdag_operator.py took 4.476 seconds
[2025-11-14T21:21:25.144+0000] {processor.py:186} INFO - Started process (PID=684) to work on /home/airflow/.local/lib/python3.12/site-packages/airflow/example_dags/example_subdag_operator.py
[2025-11-14T21:21:25.155+0000] {processor.py:914} INFO - Processing file /home/airflow/.local/lib/python3.12/site-packages/airflow/example_dags/example_subdag_operator.py for tasks to queue
[2025-11-14T21:21:25.179+0000] {logging_mixin.py:190} INFO - [2025-11-14T21:21:25.177+0000] {dagbag.py:588} INFO - Filling up the DagBag from /home/airflow/.local/lib/python3.12/site-packages/airflow/example_dags/example_subdag_operator.py
[2025-11-14T21:21:25.450+0000] {processor.py:925} INFO - DAG(s) 'example_subdag_operator.section-1', 'example_subdag_operator.section-2', 'example_subdag_operator' retrieved from /home/airflow/.local/lib/python3.12/site-packages/airflow/example_dags/example_subdag_operator.py
[2025-11-14T21:21:25.619+0000] {logging_mixin.py:190} INFO - [2025-11-14T21:21:25.616+0000] {dag.py:3239} INFO - Sync 3 DAGs
[2025-11-14T21:21:25.834+0000] {logging_mixin.py:190} INFO - [2025-11-14T21:21:25.832+0000] {dag.py:4180} INFO - Setting next_dagrun for example_subdag_operator to 2022-01-01 00:00:00+00:00, run_after=2022-01-01 00:00:00+00:00
[2025-11-14T21:21:25.860+0000] {logging_mixin.py:190} INFO - [2025-11-14T21:21:25.859+0000] {dag.py:4180} INFO - Setting next_dagrun for example_subdag_operator.section-1 to None, run_after=None
[2025-11-14T21:21:25.872+0000] {logging_mixin.py:190} INFO - [2025-11-14T21:21:25.871+0000] {dag.py:4180} INFO - Setting next_dagrun for example_subdag_operator.section-2 to None, run_after=None
[2025-11-14T21:21:25.943+0000] {logging_mixin.py:190} INFO - [2025-11-14T21:21:25.941+0000] {dag.py:3239} INFO - Sync 2 DAGs
[2025-11-14T21:21:25.986+0000] {logging_mixin.py:190} INFO - [2025-11-14T21:21:25.984+0000] {dag.py:4180} INFO - Setting next_dagrun for example_subdag_operator.section-1 to None, run_after=None
[2025-11-14T21:21:25.994+0000] {logging_mixin.py:190} INFO - [2025-11-14T21:21:25.993+0000] {dag.py:4180} INFO - Setting next_dagrun for example_subdag_operator.section-2 to None, run_after=None
[2025-11-14T21:21:26.121+0000] {processor.py:208} INFO - Processing /home/airflow/.local/lib/python3.12/site-packages/airflow/example_dags/example_subdag_operator.py took 1.040 seconds
[2025-11-14T21:21:59.994+0000] {processor.py:186} INFO - Started process (PID=749) to work on /home/airflow/.local/lib/python3.12/site-packages/airflow/example_dags/example_subdag_operator.py
[2025-11-14T21:22:00.003+0000] {processor.py:914} INFO - Processing file /home/airflow/.local/lib/python3.12/site-packages/airflow/example_dags/example_subdag_operator.py for tasks to queue
[2025-11-14T21:22:00.029+0000] {logging_mixin.py:190} INFO - [2025-11-14T21:22:00.027+0000] {dagbag.py:588} INFO - Filling up the DagBag from /home/airflow/.local/lib/python3.12/site-packages/airflow/example_dags/example_subdag_operator.py
[2025-11-14T21:22:00.249+0000] {processor.py:925} INFO - DAG(s) 'example_subdag_operator.section-1', 'example_subdag_operator.section-2', 'example_subdag_operator' retrieved from /home/airflow/.local/lib/python3.12/site-packages/airflow/example_dags/example_subdag_operator.py
[2025-11-14T21:22:00.443+0000] {logging_mixin.py:190} INFO - [2025-11-14T21:22:00.441+0000] {dag.py:3239} INFO - Sync 3 DAGs
[2025-11-14T21:22:00.671+0000] {logging_mixin.py:190} INFO - [2025-11-14T21:22:00.670+0000] {dag.py:4180} INFO - Setting next_dagrun for example_subdag_operator to 2022-01-01 00:00:00+00:00, run_after=2022-01-01 00:00:00+00:00
[2025-11-14T21:22:00.698+0000] {logging_mixin.py:190} INFO - [2025-11-14T21:22:00.697+0000] {dag.py:4180} INFO - Setting next_dagrun for example_subdag_operator.section-1 to None, run_after=None
[2025-11-14T21:22:00.706+0000] {logging_mixin.py:190} INFO - [2025-11-14T21:22:00.705+0000] {dag.py:4180} INFO - Setting next_dagrun for example_subdag_operator.section-2 to None, run_after=None
[2025-11-14T21:22:00.739+0000] {logging_mixin.py:190} INFO - [2025-11-14T21:22:00.738+0000] {dag.py:3239} INFO - Sync 2 DAGs
[2025-11-14T21:22:00.766+0000] {logging_mixin.py:190} INFO - [2025-11-14T21:22:00.766+0000] {dag.py:4180} INFO - Setting next_dagrun for example_subdag_operator.section-1 to None, run_after=None
[2025-11-14T21:22:00.770+0000] {logging_mixin.py:190} INFO - [2025-11-14T21:22:00.769+0000] {dag.py:4180} INFO - Setting next_dagrun for example_subdag_operator.section-2 to None, run_after=None
[2025-11-14T21:22:00.825+0000] {processor.py:208} INFO - Processing /home/airflow/.local/lib/python3.12/site-packages/airflow/example_dags/example_subdag_operator.py took 0.877 seconds
[2025-11-14T21:22:32.020+0000] {processor.py:186} INFO - Started process (PID=821) to work on /home/airflow/.local/lib/python3.12/site-packages/airflow/example_dags/example_subdag_operator.py
[2025-11-14T21:22:32.025+0000] {processor.py:914} INFO - Processing file /home/airflow/.local/lib/python3.12/site-packages/airflow/example_dags/example_subdag_operator.py for tasks to queue
[2025-11-14T21:22:32.041+0000] {logging_mixin.py:190} INFO - [2025-11-14T21:22:32.039+0000] {dagbag.py:588} INFO - Filling up the DagBag from /home/airflow/.local/lib/python3.12/site-packages/airflow/example_dags/example_subdag_operator.py
[2025-11-14T21:22:32.184+0000] {processor.py:925} INFO - DAG(s) 'example_subdag_operator.section-1', 'example_subdag_operator.section-2', 'example_subdag_operator' retrieved from /home/airflow/.local/lib/python3.12/site-packages/airflow/example_dags/example_subdag_operator.py
[2025-11-14T21:22:32.276+0000] {logging_mixin.py:190} INFO - [2025-11-14T21:22:32.276+0000] {dag.py:3239} INFO - Sync 3 DAGs
[2025-11-14T21:22:32.421+0000] {logging_mixin.py:190} INFO - [2025-11-14T21:22:32.419+0000] {dag.py:4180} INFO - Setting next_dagrun for example_subdag_operator to 2022-01-01 00:00:00+00:00, run_after=2022-01-01 00:00:00+00:00
[2025-11-14T21:22:32.438+0000] {logging_mixin.py:190} INFO - [2025-11-14T21:22:32.437+0000] {dag.py:4180} INFO - Setting next_dagrun for example_subdag_operator.section-1 to None, run_after=None
[2025-11-14T21:22:32.447+0000] {logging_mixin.py:190} INFO - [2025-11-14T21:22:32.446+0000] {dag.py:4180} INFO - Setting next_dagrun for example_subdag_operator.section-2 to None, run_after=None
[2025-11-14T21:22:32.487+0000] {logging_mixin.py:190} INFO - [2025-11-14T21:22:32.487+0000] {dag.py:3239} INFO - Sync 2 DAGs
[2025-11-14T21:22:32.519+0000] {logging_mixin.py:190} INFO - [2025-11-14T21:22:32.518+0000] {dag.py:4180} INFO - Setting next_dagrun for example_subdag_operator.section-1 to None, run_after=None
[2025-11-14T21:22:32.524+0000] {logging_mixin.py:190} INFO - [2025-11-14T21:22:32.523+0000] {dag.py:4180} INFO - Setting next_dagrun for example_subdag_operator.section-2 to None, run_after=None
[2025-11-14T21:22:32.571+0000] {processor.py:208} INFO - Processing /home/airflow/.local/lib/python3.12/site-packages/airflow/example_dags/example_subdag_operator.py took 0.582 seconds
[2025-11-14T21:23:03.563+0000] {processor.py:186} INFO - Started process (PID=885) to work on /home/airflow/.local/lib/python3.12/site-packages/airflow/example_dags/example_subdag_operator.py
[2025-11-14T21:23:03.567+0000] {processor.py:914} INFO - Processing file /home/airflow/.local/lib/python3.12/site-packages/airflow/example_dags/example_subdag_operator.py for tasks to queue
[2025-11-14T21:23:03.575+0000] {logging_mixin.py:190} INFO - [2025-11-14T21:23:03.574+0000] {dagbag.py:588} INFO - Filling up the DagBag from /home/airflow/.local/lib/python3.12/site-packages/airflow/example_dags/example_subdag_operator.py
[2025-11-14T21:23:03.659+0000] {processor.py:925} INFO - DAG(s) 'example_subdag_operator.section-1', 'example_subdag_operator.section-2', 'example_subdag_operator' retrieved from /home/airflow/.local/lib/python3.12/site-packages/airflow/example_dags/example_subdag_operator.py
[2025-11-14T21:23:03.711+0000] {logging_mixin.py:190} INFO - [2025-11-14T21:23:03.711+0000] {dag.py:3239} INFO - Sync 3 DAGs
[2025-11-14T21:23:03.790+0000] {logging_mixin.py:190} INFO - [2025-11-14T21:23:03.789+0000] {dag.py:4180} INFO - Setting next_dagrun for example_subdag_operator to 2022-01-01 00:00:00+00:00, run_after=2022-01-01 00:00:00+00:00
[2025-11-14T21:23:03.806+0000] {logging_mixin.py:190} INFO - [2025-11-14T21:23:03.805+0000] {dag.py:4180} INFO - Setting next_dagrun for example_subdag_operator.section-1 to None, run_after=None
[2025-11-14T21:23:03.813+0000] {logging_mixin.py:190} INFO - [2025-11-14T21:23:03.812+0000] {dag.py:4180} INFO - Setting next_dagrun for example_subdag_operator.section-2 to None, run_after=None
[2025-11-14T21:23:03.840+0000] {logging_mixin.py:190} INFO - [2025-11-14T21:23:03.839+0000] {dag.py:3239} INFO - Sync 2 DAGs
[2025-11-14T21:23:03.859+0000] {logging_mixin.py:190} INFO - [2025-11-14T21:23:03.859+0000] {dag.py:4180} INFO - Setting next_dagrun for example_subdag_operator.section-1 to None, run_after=None
[2025-11-14T21:23:03.862+0000] {logging_mixin.py:190} INFO - [2025-11-14T21:23:03.862+0000] {dag.py:4180} INFO - Setting next_dagrun for example_subdag_operator.section-2 to None, run_after=None
[2025-11-14T21:23:03.898+0000] {processor.py:208} INFO - Processing /home/airflow/.local/lib/python3.12/site-packages/airflow/example_dags/example_subdag_operator.py took 0.356 seconds
[2025-11-14T21:23:34.247+0000] {processor.py:186} INFO - Started process (PID=950) to work on /home/airflow/.local/lib/python3.12/site-packages/airflow/example_dags/example_subdag_operator.py
[2025-11-14T21:23:34.252+0000] {processor.py:914} INFO - Processing file /home/airflow/.local/lib/python3.12/site-packages/airflow/example_dags/example_subdag_operator.py for tasks to queue
[2025-11-14T21:23:34.260+0000] {logging_mixin.py:190} INFO - [2025-11-14T21:23:34.260+0000] {dagbag.py:588} INFO - Filling up the DagBag from /home/airflow/.local/lib/python3.12/site-packages/airflow/example_dags/example_subdag_operator.py
[2025-11-14T21:23:34.343+0000] {processor.py:925} INFO - DAG(s) 'example_subdag_operator.section-1', 'example_subdag_operator.section-2', 'example_subdag_operator' retrieved from /home/airflow/.local/lib/python3.12/site-packages/airflow/example_dags/example_subdag_operator.py
[2025-11-14T21:23:34.401+0000] {logging_mixin.py:190} INFO - [2025-11-14T21:23:34.400+0000] {dag.py:3239} INFO - Sync 3 DAGs
[2025-11-14T21:23:34.490+0000] {logging_mixin.py:190} INFO - [2025-11-14T21:23:34.489+0000] {dag.py:4180} INFO - Setting next_dagrun for example_subdag_operator to 2022-01-01 00:00:00+00:00, run_after=2022-01-01 00:00:00+00:00
[2025-11-14T21:23:34.509+0000] {logging_mixin.py:190} INFO - [2025-11-14T21:23:34.508+0000] {dag.py:4180} INFO - Setting next_dagrun for example_subdag_operator.section-1 to None, run_after=None
[2025-11-14T21:23:34.515+0000] {logging_mixin.py:190} INFO - [2025-11-14T21:23:34.515+0000] {dag.py:4180} INFO - Setting next_dagrun for example_subdag_operator.section-2 to None, run_after=None
[2025-11-14T21:23:34.554+0000] {logging_mixin.py:190} INFO - [2025-11-14T21:23:34.554+0000] {dag.py:3239} INFO - Sync 2 DAGs
[2025-11-14T21:23:34.593+0000] {logging_mixin.py:190} INFO - [2025-11-14T21:23:34.592+0000] {dag.py:4180} INFO - Setting next_dagrun for example_subdag_operator.section-1 to None, run_after=None
[2025-11-14T21:23:34.598+0000] {logging_mixin.py:190} INFO - [2025-11-14T21:23:34.597+0000] {dag.py:4180} INFO - Setting next_dagrun for example_subdag_operator.section-2 to None, run_after=None
[2025-11-14T21:23:34.661+0000] {processor.py:208} INFO - Processing /home/airflow/.local/lib/python3.12/site-packages/airflow/example_dags/example_subdag_operator.py took 0.440 seconds
[2025-11-14T21:24:05.188+0000] {processor.py:186} INFO - Started process (PID=1013) to work on /home/airflow/.local/lib/python3.12/site-packages/airflow/example_dags/example_subdag_operator.py
[2025-11-14T21:24:05.195+0000] {processor.py:914} INFO - Processing file /home/airflow/.local/lib/python3.12/site-packages/airflow/example_dags/example_subdag_operator.py for tasks to queue
[2025-11-14T21:24:05.207+0000] {logging_mixin.py:190} INFO - [2025-11-14T21:24:05.205+0000] {dagbag.py:588} INFO - Filling up the DagBag from /home/airflow/.local/lib/python3.12/site-packages/airflow/example_dags/example_subdag_operator.py
[2025-11-14T21:24:05.535+0000] {processor.py:925} INFO - DAG(s) 'example_subdag_operator.section-1', 'example_subdag_operator.section-2', 'example_subdag_operator' retrieved from /home/airflow/.local/lib/python3.12/site-packages/airflow/example_dags/example_subdag_operator.py
[2025-11-14T21:24:05.640+0000] {logging_mixin.py:190} INFO - [2025-11-14T21:24:05.639+0000] {dag.py:3239} INFO - Sync 3 DAGs
[2025-11-14T21:24:05.759+0000] {logging_mixin.py:190} INFO - [2025-11-14T21:24:05.759+0000] {dag.py:4180} INFO - Setting next_dagrun for example_subdag_operator to 2022-01-01 00:00:00+00:00, run_after=2022-01-01 00:00:00+00:00
[2025-11-14T21:24:05.774+0000] {logging_mixin.py:190} INFO - [2025-11-14T21:24:05.773+0000] {dag.py:4180} INFO - Setting next_dagrun for example_subdag_operator.section-1 to None, run_after=None
[2025-11-14T21:24:05.784+0000] {logging_mixin.py:190} INFO - [2025-11-14T21:24:05.783+0000] {dag.py:4180} INFO - Setting next_dagrun for example_subdag_operator.section-2 to None, run_after=None
[2025-11-14T21:24:05.822+0000] {logging_mixin.py:190} INFO - [2025-11-14T21:24:05.821+0000] {dag.py:3239} INFO - Sync 2 DAGs
[2025-11-14T21:24:05.861+0000] {logging_mixin.py:190} INFO - [2025-11-14T21:24:05.859+0000] {dag.py:4180} INFO - Setting next_dagrun for example_subdag_operator.section-1 to None, run_after=None
[2025-11-14T21:24:05.866+0000] {logging_mixin.py:190} INFO - [2025-11-14T21:24:05.865+0000] {dag.py:4180} INFO - Setting next_dagrun for example_subdag_operator.section-2 to None, run_after=None
[2025-11-14T21:24:06.113+0000] {processor.py:208} INFO - Processing /home/airflow/.local/lib/python3.12/site-packages/airflow/example_dags/example_subdag_operator.py took 0.947 seconds
[2025-11-14T21:24:37.565+0000] {processor.py:186} INFO - Started process (PID=1075) to work on /home/airflow/.local/lib/python3.12/site-packages/airflow/example_dags/example_subdag_operator.py
[2025-11-14T21:24:37.569+0000] {processor.py:914} INFO - Processing file /home/airflow/.local/lib/python3.12/site-packages/airflow/example_dags/example_subdag_operator.py for tasks to queue
[2025-11-14T21:24:37.576+0000] {logging_mixin.py:190} INFO - [2025-11-14T21:24:37.576+0000] {dagbag.py:588} INFO - Filling up the DagBag from /home/airflow/.local/lib/python3.12/site-packages/airflow/example_dags/example_subdag_operator.py
[2025-11-14T21:24:37.661+0000] {processor.py:925} INFO - DAG(s) 'example_subdag_operator.section-1', 'example_subdag_operator.section-2', 'example_subdag_operator' retrieved from /home/airflow/.local/lib/python3.12/site-packages/airflow/example_dags/example_subdag_operator.py
[2025-11-14T21:24:37.731+0000] {logging_mixin.py:190} INFO - [2025-11-14T21:24:37.730+0000] {dag.py:3239} INFO - Sync 3 DAGs
[2025-11-14T21:24:37.879+0000] {logging_mixin.py:190} INFO - [2025-11-14T21:24:37.878+0000] {dag.py:4180} INFO - Setting next_dagrun for example_subdag_operator to 2022-01-01 00:00:00+00:00, run_after=2022-01-01 00:00:00+00:00
[2025-11-14T21:24:37.898+0000] {logging_mixin.py:190} INFO - [2025-11-14T21:24:37.897+0000] {dag.py:4180} INFO - Setting next_dagrun for example_subdag_operator.section-1 to None, run_after=None
[2025-11-14T21:24:37.909+0000] {logging_mixin.py:190} INFO - [2025-11-14T21:24:37.907+0000] {dag.py:4180} INFO - Setting next_dagrun for example_subdag_operator.section-2 to None, run_after=None
[2025-11-14T21:24:37.967+0000] {logging_mixin.py:190} INFO - [2025-11-14T21:24:37.967+0000] {dag.py:3239} INFO - Sync 2 DAGs
[2025-11-14T21:24:37.989+0000] {logging_mixin.py:190} INFO - [2025-11-14T21:24:37.988+0000] {dag.py:4180} INFO - Setting next_dagrun for example_subdag_operator.section-1 to None, run_after=None
[2025-11-14T21:24:37.992+0000] {logging_mixin.py:190} INFO - [2025-11-14T21:24:37.991+0000] {dag.py:4180} INFO - Setting next_dagrun for example_subdag_operator.section-2 to None, run_after=None
[2025-11-14T21:24:38.029+0000] {processor.py:208} INFO - Processing /home/airflow/.local/lib/python3.12/site-packages/airflow/example_dags/example_subdag_operator.py took 0.489 seconds
[2025-11-14T21:25:08.248+0000] {processor.py:186} INFO - Started process (PID=1139) to work on /home/airflow/.local/lib/python3.12/site-packages/airflow/example_dags/example_subdag_operator.py
[2025-11-14T21:25:08.251+0000] {processor.py:914} INFO - Processing file /home/airflow/.local/lib/python3.12/site-packages/airflow/example_dags/example_subdag_operator.py for tasks to queue
[2025-11-14T21:25:08.258+0000] {logging_mixin.py:190} INFO - [2025-11-14T21:25:08.257+0000] {dagbag.py:588} INFO - Filling up the DagBag from /home/airflow/.local/lib/python3.12/site-packages/airflow/example_dags/example_subdag_operator.py
[2025-11-14T21:25:08.318+0000] {processor.py:925} INFO - DAG(s) 'example_subdag_operator.section-1', 'example_subdag_operator.section-2', 'example_subdag_operator' retrieved from /home/airflow/.local/lib/python3.12/site-packages/airflow/example_dags/example_subdag_operator.py
[2025-11-14T21:25:08.357+0000] {logging_mixin.py:190} INFO - [2025-11-14T21:25:08.356+0000] {dag.py:3239} INFO - Sync 3 DAGs
[2025-11-14T21:25:08.412+0000] {logging_mixin.py:190} INFO - [2025-11-14T21:25:08.411+0000] {dag.py:4180} INFO - Setting next_dagrun for example_subdag_operator to 2022-01-01 00:00:00+00:00, run_after=2022-01-01 00:00:00+00:00
[2025-11-14T21:25:08.421+0000] {logging_mixin.py:190} INFO - [2025-11-14T21:25:08.420+0000] {dag.py:4180} INFO - Setting next_dagrun for example_subdag_operator.section-1 to None, run_after=None
[2025-11-14T21:25:08.424+0000] {logging_mixin.py:190} INFO - [2025-11-14T21:25:08.424+0000] {dag.py:4180} INFO - Setting next_dagrun for example_subdag_operator.section-2 to None, run_after=None
[2025-11-14T21:25:08.442+0000] {logging_mixin.py:190} INFO - [2025-11-14T21:25:08.442+0000] {dag.py:3239} INFO - Sync 2 DAGs
[2025-11-14T21:25:08.456+0000] {logging_mixin.py:190} INFO - [2025-11-14T21:25:08.455+0000] {dag.py:4180} INFO - Setting next_dagrun for example_subdag_operator.section-1 to None, run_after=None
[2025-11-14T21:25:08.458+0000] {logging_mixin.py:190} INFO - [2025-11-14T21:25:08.457+0000] {dag.py:4180} INFO - Setting next_dagrun for example_subdag_operator.section-2 to None, run_after=None
[2025-11-14T21:25:08.482+0000] {processor.py:208} INFO - Processing /home/airflow/.local/lib/python3.12/site-packages/airflow/example_dags/example_subdag_operator.py took 0.250 seconds
[2025-11-14T21:25:40.111+0000] {processor.py:186} INFO - Started process (PID=1203) to work on /home/airflow/.local/lib/python3.12/site-packages/airflow/example_dags/example_subdag_operator.py
[2025-11-14T21:25:40.116+0000] {processor.py:914} INFO - Processing file /home/airflow/.local/lib/python3.12/site-packages/airflow/example_dags/example_subdag_operator.py for tasks to queue
[2025-11-14T21:25:40.129+0000] {logging_mixin.py:190} INFO - [2025-11-14T21:25:40.128+0000] {dagbag.py:588} INFO - Filling up the DagBag from /home/airflow/.local/lib/python3.12/site-packages/airflow/example_dags/example_subdag_operator.py
[2025-11-14T21:25:40.244+0000] {processor.py:925} INFO - DAG(s) 'example_subdag_operator.section-1', 'example_subdag_operator.section-2', 'example_subdag_operator' retrieved from /home/airflow/.local/lib/python3.12/site-packages/airflow/example_dags/example_subdag_operator.py
[2025-11-14T21:25:40.298+0000] {logging_mixin.py:190} INFO - [2025-11-14T21:25:40.297+0000] {dag.py:3239} INFO - Sync 3 DAGs
[2025-11-14T21:25:40.380+0000] {logging_mixin.py:190} INFO - [2025-11-14T21:25:40.380+0000] {dag.py:4180} INFO - Setting next_dagrun for example_subdag_operator to 2022-01-01 00:00:00+00:00, run_after=2022-01-01 00:00:00+00:00
[2025-11-14T21:25:40.395+0000] {logging_mixin.py:190} INFO - [2025-11-14T21:25:40.394+0000] {dag.py:4180} INFO - Setting next_dagrun for example_subdag_operator.section-1 to None, run_after=None
[2025-11-14T21:25:40.403+0000] {logging_mixin.py:190} INFO - [2025-11-14T21:25:40.402+0000] {dag.py:4180} INFO - Setting next_dagrun for example_subdag_operator.section-2 to None, run_after=None
[2025-11-14T21:25:40.421+0000] {logging_mixin.py:190} INFO - [2025-11-14T21:25:40.420+0000] {dag.py:3239} INFO - Sync 2 DAGs
[2025-11-14T21:25:40.439+0000] {logging_mixin.py:190} INFO - [2025-11-14T21:25:40.439+0000] {dag.py:4180} INFO - Setting next_dagrun for example_subdag_operator.section-1 to None, run_after=None
[2025-11-14T21:25:40.441+0000] {logging_mixin.py:190} INFO - [2025-11-14T21:25:40.441+0000] {dag.py:4180} INFO - Setting next_dagrun for example_subdag_operator.section-2 to None, run_after=None
[2025-11-14T21:25:40.470+0000] {processor.py:208} INFO - Processing /home/airflow/.local/lib/python3.12/site-packages/airflow/example_dags/example_subdag_operator.py took 0.381 seconds
[2025-11-14T21:26:10.589+0000] {processor.py:186} INFO - Started process (PID=1266) to work on /home/airflow/.local/lib/python3.12/site-packages/airflow/example_dags/example_subdag_operator.py
[2025-11-14T21:26:10.592+0000] {processor.py:914} INFO - Processing file /home/airflow/.local/lib/python3.12/site-packages/airflow/example_dags/example_subdag_operator.py for tasks to queue
[2025-11-14T21:26:10.598+0000] {logging_mixin.py:190} INFO - [2025-11-14T21:26:10.597+0000] {dagbag.py:588} INFO - Filling up the DagBag from /home/airflow/.local/lib/python3.12/site-packages/airflow/example_dags/example_subdag_operator.py
[2025-11-14T21:26:10.656+0000] {processor.py:925} INFO - DAG(s) 'example_subdag_operator.section-1', 'example_subdag_operator.section-2', 'example_subdag_operator' retrieved from /home/airflow/.local/lib/python3.12/site-packages/airflow/example_dags/example_subdag_operator.py
[2025-11-14T21:26:10.690+0000] {logging_mixin.py:190} INFO - [2025-11-14T21:26:10.689+0000] {dag.py:3239} INFO - Sync 3 DAGs
[2025-11-14T21:26:10.735+0000] {logging_mixin.py:190} INFO - [2025-11-14T21:26:10.735+0000] {dag.py:4180} INFO - Setting next_dagrun for example_subdag_operator to 2022-01-01 00:00:00+00:00, run_after=2022-01-01 00:00:00+00:00
[2025-11-14T21:26:10.743+0000] {logging_mixin.py:190} INFO - [2025-11-14T21:26:10.743+0000] {dag.py:4180} INFO - Setting next_dagrun for example_subdag_operator.section-1 to None, run_after=None
[2025-11-14T21:26:10.746+0000] {logging_mixin.py:190} INFO - [2025-11-14T21:26:10.746+0000] {dag.py:4180} INFO - Setting next_dagrun for example_subdag_operator.section-2 to None, run_after=None
[2025-11-14T21:26:10.760+0000] {logging_mixin.py:190} INFO - [2025-11-14T21:26:10.759+0000] {dag.py:3239} INFO - Sync 2 DAGs
[2025-11-14T21:26:10.769+0000] {logging_mixin.py:190} INFO - [2025-11-14T21:26:10.769+0000] {dag.py:4180} INFO - Setting next_dagrun for example_subdag_operator.section-1 to None, run_after=None
[2025-11-14T21:26:10.771+0000] {logging_mixin.py:190} INFO - [2025-11-14T21:26:10.771+0000] {dag.py:4180} INFO - Setting next_dagrun for example_subdag_operator.section-2 to None, run_after=None
[2025-11-14T21:26:10.790+0000] {processor.py:208} INFO - Processing /home/airflow/.local/lib/python3.12/site-packages/airflow/example_dags/example_subdag_operator.py took 0.215 seconds
[2025-11-14T21:26:40.912+0000] {processor.py:186} INFO - Started process (PID=1330) to work on /home/airflow/.local/lib/python3.12/site-packages/airflow/example_dags/example_subdag_operator.py
[2025-11-14T21:26:40.914+0000] {processor.py:914} INFO - Processing file /home/airflow/.local/lib/python3.12/site-packages/airflow/example_dags/example_subdag_operator.py for tasks to queue
[2025-11-14T21:26:40.920+0000] {logging_mixin.py:190} INFO - [2025-11-14T21:26:40.919+0000] {dagbag.py:588} INFO - Filling up the DagBag from /home/airflow/.local/lib/python3.12/site-packages/airflow/example_dags/example_subdag_operator.py
[2025-11-14T21:26:40.973+0000] {processor.py:925} INFO - DAG(s) 'example_subdag_operator.section-1', 'example_subdag_operator.section-2', 'example_subdag_operator' retrieved from /home/airflow/.local/lib/python3.12/site-packages/airflow/example_dags/example_subdag_operator.py
[2025-11-14T21:26:41.002+0000] {logging_mixin.py:190} INFO - [2025-11-14T21:26:41.001+0000] {dag.py:3239} INFO - Sync 3 DAGs
[2025-11-14T21:26:41.047+0000] {logging_mixin.py:190} INFO - [2025-11-14T21:26:41.047+0000] {dag.py:4180} INFO - Setting next_dagrun for example_subdag_operator to 2022-01-01 00:00:00+00:00, run_after=2022-01-01 00:00:00+00:00
[2025-11-14T21:26:41.054+0000] {logging_mixin.py:190} INFO - [2025-11-14T21:26:41.054+0000] {dag.py:4180} INFO - Setting next_dagrun for example_subdag_operator.section-1 to None, run_after=None
[2025-11-14T21:26:41.058+0000] {logging_mixin.py:190} INFO - [2025-11-14T21:26:41.057+0000] {dag.py:4180} INFO - Setting next_dagrun for example_subdag_operator.section-2 to None, run_after=None
[2025-11-14T21:26:41.074+0000] {logging_mixin.py:190} INFO - [2025-11-14T21:26:41.074+0000] {dag.py:3239} INFO - Sync 2 DAGs
[2025-11-14T21:26:41.084+0000] {logging_mixin.py:190} INFO - [2025-11-14T21:26:41.084+0000] {dag.py:4180} INFO - Setting next_dagrun for example_subdag_operator.section-1 to None, run_after=None
[2025-11-14T21:26:41.086+0000] {logging_mixin.py:190} INFO - [2025-11-14T21:26:41.086+0000] {dag.py:4180} INFO - Setting next_dagrun for example_subdag_operator.section-2 to None, run_after=None
[2025-11-14T21:26:41.110+0000] {processor.py:208} INFO - Processing /home/airflow/.local/lib/python3.12/site-packages/airflow/example_dags/example_subdag_operator.py took 0.209 seconds
[2025-11-14T21:27:11.602+0000] {processor.py:186} INFO - Started process (PID=1393) to work on /home/airflow/.local/lib/python3.12/site-packages/airflow/example_dags/example_subdag_operator.py
[2025-11-14T21:27:11.607+0000] {processor.py:914} INFO - Processing file /home/airflow/.local/lib/python3.12/site-packages/airflow/example_dags/example_subdag_operator.py for tasks to queue
[2025-11-14T21:27:11.613+0000] {logging_mixin.py:190} INFO - [2025-11-14T21:27:11.613+0000] {dagbag.py:588} INFO - Filling up the DagBag from /home/airflow/.local/lib/python3.12/site-packages/airflow/example_dags/example_subdag_operator.py
[2025-11-14T21:27:11.680+0000] {processor.py:925} INFO - DAG(s) 'example_subdag_operator.section-1', 'example_subdag_operator.section-2', 'example_subdag_operator' retrieved from /home/airflow/.local/lib/python3.12/site-packages/airflow/example_dags/example_subdag_operator.py
[2025-11-14T21:27:11.719+0000] {logging_mixin.py:190} INFO - [2025-11-14T21:27:11.719+0000] {dag.py:3239} INFO - Sync 3 DAGs
[2025-11-14T21:27:11.782+0000] {logging_mixin.py:190} INFO - [2025-11-14T21:27:11.781+0000] {dag.py:4180} INFO - Setting next_dagrun for example_subdag_operator to 2022-01-01 00:00:00+00:00, run_after=2022-01-01 00:00:00+00:00
[2025-11-14T21:27:11.792+0000] {logging_mixin.py:190} INFO - [2025-11-14T21:27:11.792+0000] {dag.py:4180} INFO - Setting next_dagrun for example_subdag_operator.section-1 to None, run_after=None
[2025-11-14T21:27:11.796+0000] {logging_mixin.py:190} INFO - [2025-11-14T21:27:11.796+0000] {dag.py:4180} INFO - Setting next_dagrun for example_subdag_operator.section-2 to None, run_after=None
[2025-11-14T21:27:11.816+0000] {logging_mixin.py:190} INFO - [2025-11-14T21:27:11.816+0000] {dag.py:3239} INFO - Sync 2 DAGs
[2025-11-14T21:27:11.832+0000] {logging_mixin.py:190} INFO - [2025-11-14T21:27:11.831+0000] {dag.py:4180} INFO - Setting next_dagrun for example_subdag_operator.section-1 to None, run_after=None
[2025-11-14T21:27:11.834+0000] {logging_mixin.py:190} INFO - [2025-11-14T21:27:11.834+0000] {dag.py:4180} INFO - Setting next_dagrun for example_subdag_operator.section-2 to None, run_after=None
[2025-11-14T21:27:11.862+0000] {processor.py:208} INFO - Processing /home/airflow/.local/lib/python3.12/site-packages/airflow/example_dags/example_subdag_operator.py took 0.274 seconds
[2025-11-14T21:27:42.146+0000] {processor.py:186} INFO - Started process (PID=1456) to work on /home/airflow/.local/lib/python3.12/site-packages/airflow/example_dags/example_subdag_operator.py
[2025-11-14T21:27:42.149+0000] {processor.py:914} INFO - Processing file /home/airflow/.local/lib/python3.12/site-packages/airflow/example_dags/example_subdag_operator.py for tasks to queue
[2025-11-14T21:27:42.155+0000] {logging_mixin.py:190} INFO - [2025-11-14T21:27:42.155+0000] {dagbag.py:588} INFO - Filling up the DagBag from /home/airflow/.local/lib/python3.12/site-packages/airflow/example_dags/example_subdag_operator.py
[2025-11-14T21:27:42.213+0000] {processor.py:925} INFO - DAG(s) 'example_subdag_operator.section-1', 'example_subdag_operator.section-2', 'example_subdag_operator' retrieved from /home/airflow/.local/lib/python3.12/site-packages/airflow/example_dags/example_subdag_operator.py
[2025-11-14T21:27:42.251+0000] {logging_mixin.py:190} INFO - [2025-11-14T21:27:42.250+0000] {dag.py:3239} INFO - Sync 3 DAGs
[2025-11-14T21:27:42.298+0000] {logging_mixin.py:190} INFO - [2025-11-14T21:27:42.297+0000] {dag.py:4180} INFO - Setting next_dagrun for example_subdag_operator to 2022-01-01 00:00:00+00:00, run_after=2022-01-01 00:00:00+00:00
[2025-11-14T21:27:42.306+0000] {logging_mixin.py:190} INFO - [2025-11-14T21:27:42.306+0000] {dag.py:4180} INFO - Setting next_dagrun for example_subdag_operator.section-1 to None, run_after=None
[2025-11-14T21:27:42.311+0000] {logging_mixin.py:190} INFO - [2025-11-14T21:27:42.311+0000] {dag.py:4180} INFO - Setting next_dagrun for example_subdag_operator.section-2 to None, run_after=None
[2025-11-14T21:27:42.330+0000] {logging_mixin.py:190} INFO - [2025-11-14T21:27:42.329+0000] {dag.py:3239} INFO - Sync 2 DAGs
[2025-11-14T21:27:42.345+0000] {logging_mixin.py:190} INFO - [2025-11-14T21:27:42.344+0000] {dag.py:4180} INFO - Setting next_dagrun for example_subdag_operator.section-1 to None, run_after=None
[2025-11-14T21:27:42.347+0000] {logging_mixin.py:190} INFO - [2025-11-14T21:27:42.346+0000] {dag.py:4180} INFO - Setting next_dagrun for example_subdag_operator.section-2 to None, run_after=None
[2025-11-14T21:27:42.369+0000] {processor.py:208} INFO - Processing /home/airflow/.local/lib/python3.12/site-packages/airflow/example_dags/example_subdag_operator.py took 0.236 seconds
[2025-11-14T21:28:12.702+0000] {processor.py:186} INFO - Started process (PID=1519) to work on /home/airflow/.local/lib/python3.12/site-packages/airflow/example_dags/example_subdag_operator.py
[2025-11-14T21:28:12.705+0000] {processor.py:914} INFO - Processing file /home/airflow/.local/lib/python3.12/site-packages/airflow/example_dags/example_subdag_operator.py for tasks to queue
[2025-11-14T21:28:12.711+0000] {logging_mixin.py:190} INFO - [2025-11-14T21:28:12.710+0000] {dagbag.py:588} INFO - Filling up the DagBag from /home/airflow/.local/lib/python3.12/site-packages/airflow/example_dags/example_subdag_operator.py
[2025-11-14T21:28:12.769+0000] {processor.py:925} INFO - DAG(s) 'example_subdag_operator.section-1', 'example_subdag_operator.section-2', 'example_subdag_operator' retrieved from /home/airflow/.local/lib/python3.12/site-packages/airflow/example_dags/example_subdag_operator.py
[2025-11-14T21:28:12.804+0000] {logging_mixin.py:190} INFO - [2025-11-14T21:28:12.803+0000] {dag.py:3239} INFO - Sync 3 DAGs
[2025-11-14T21:28:12.855+0000] {logging_mixin.py:190} INFO - [2025-11-14T21:28:12.855+0000] {dag.py:4180} INFO - Setting next_dagrun for example_subdag_operator to 2022-01-01 00:00:00+00:00, run_after=2022-01-01 00:00:00+00:00
[2025-11-14T21:28:12.864+0000] {logging_mixin.py:190} INFO - [2025-11-14T21:28:12.863+0000] {dag.py:4180} INFO - Setting next_dagrun for example_subdag_operator.section-1 to None, run_after=None
[2025-11-14T21:28:12.867+0000] {logging_mixin.py:190} INFO - [2025-11-14T21:28:12.867+0000] {dag.py:4180} INFO - Setting next_dagrun for example_subdag_operator.section-2 to None, run_after=None
[2025-11-14T21:28:12.885+0000] {logging_mixin.py:190} INFO - [2025-11-14T21:28:12.885+0000] {dag.py:3239} INFO - Sync 2 DAGs
[2025-11-14T21:28:12.902+0000] {logging_mixin.py:190} INFO - [2025-11-14T21:28:12.902+0000] {dag.py:4180} INFO - Setting next_dagrun for example_subdag_operator.section-1 to None, run_after=None
[2025-11-14T21:28:12.904+0000] {logging_mixin.py:190} INFO - [2025-11-14T21:28:12.904+0000] {dag.py:4180} INFO - Setting next_dagrun for example_subdag_operator.section-2 to None, run_after=None
[2025-11-14T21:28:12.926+0000] {processor.py:208} INFO - Processing /home/airflow/.local/lib/python3.12/site-packages/airflow/example_dags/example_subdag_operator.py took 0.240 seconds
