[2025-11-14T21:15:36.065+0000] {processor.py:186} INFO - Started process (PID=44) to work on /home/airflow/.local/lib/python3.12/site-packages/airflow/example_dags/example_setup_teardown.py
[2025-11-14T21:15:36.081+0000] {processor.py:914} INFO - Processing file /home/airflow/.local/lib/python3.12/site-packages/airflow/example_dags/example_setup_teardown.py for tasks to queue
[2025-11-14T21:15:36.123+0000] {logging_mixin.py:190} INFO - [2025-11-14T21:15:36.119+0000] {dagbag.py:588} INFO - Filling up the DagBag from /home/airflow/.local/lib/python3.12/site-packages/airflow/example_dags/example_setup_teardown.py
[2025-11-14T21:15:36.393+0000] {processor.py:925} INFO - DAG(s) 'example_setup_teardown' retrieved from /home/airflow/.local/lib/python3.12/site-packages/airflow/example_dags/example_setup_teardown.py
[2025-11-14T21:15:37.108+0000] {logging_mixin.py:190} INFO - [2025-11-14T21:15:37.107+0000] {override.py:1900} INFO - Created Permission View: can edit on DAG:example_setup_teardown
[2025-11-14T21:15:37.129+0000] {logging_mixin.py:190} INFO - [2025-11-14T21:15:37.128+0000] {override.py:1900} INFO - Created Permission View: can delete on DAG:example_setup_teardown
[2025-11-14T21:15:37.145+0000] {logging_mixin.py:190} INFO - [2025-11-14T21:15:37.144+0000] {override.py:1900} INFO - Created Permission View: can read on DAG:example_setup_teardown
[2025-11-14T21:15:37.160+0000] {logging_mixin.py:190} INFO - [2025-11-14T21:15:37.160+0000] {override.py:1900} INFO - Created Permission View: menu access on DAG Run:example_setup_teardown
[2025-11-14T21:15:37.176+0000] {logging_mixin.py:190} INFO - [2025-11-14T21:15:37.176+0000] {override.py:1900} INFO - Created Permission View: can create on DAG Run:example_setup_teardown
[2025-11-14T21:15:37.195+0000] {logging_mixin.py:190} INFO - [2025-11-14T21:15:37.194+0000] {override.py:1900} INFO - Created Permission View: can delete on DAG Run:example_setup_teardown
[2025-11-14T21:15:37.210+0000] {logging_mixin.py:190} INFO - [2025-11-14T21:15:37.210+0000] {override.py:1900} INFO - Created Permission View: can read on DAG Run:example_setup_teardown
[2025-11-14T21:15:37.213+0000] {logging_mixin.py:190} INFO - [2025-11-14T21:15:37.212+0000] {dag.py:3239} INFO - Sync 1 DAGs
[2025-11-14T21:15:37.266+0000] {logging_mixin.py:190} INFO - [2025-11-14T21:15:37.265+0000] {dag.py:3262} INFO - Creating ORM DAG for example_setup_teardown
[2025-11-14T21:15:37.270+0000] {logging_mixin.py:190} INFO - [2025-11-14T21:15:37.269+0000] {dag.py:4180} INFO - Setting next_dagrun for example_setup_teardown to None, run_after=None
[2025-11-14T21:15:37.344+0000] {processor.py:208} INFO - Processing /home/airflow/.local/lib/python3.12/site-packages/airflow/example_dags/example_setup_teardown.py took 1.323 seconds
[2025-11-14T21:16:08.272+0000] {processor.py:186} INFO - Started process (PID=108) to work on /home/airflow/.local/lib/python3.12/site-packages/airflow/example_dags/example_setup_teardown.py
[2025-11-14T21:16:08.275+0000] {processor.py:914} INFO - Processing file /home/airflow/.local/lib/python3.12/site-packages/airflow/example_dags/example_setup_teardown.py for tasks to queue
[2025-11-14T21:16:08.281+0000] {logging_mixin.py:190} INFO - [2025-11-14T21:16:08.280+0000] {dagbag.py:588} INFO - Filling up the DagBag from /home/airflow/.local/lib/python3.12/site-packages/airflow/example_dags/example_setup_teardown.py
[2025-11-14T21:16:08.298+0000] {processor.py:925} INFO - DAG(s) 'example_setup_teardown' retrieved from /home/airflow/.local/lib/python3.12/site-packages/airflow/example_dags/example_setup_teardown.py
[2025-11-14T21:16:08.354+0000] {logging_mixin.py:190} INFO - [2025-11-14T21:16:08.354+0000] {dag.py:3239} INFO - Sync 1 DAGs
[2025-11-14T21:16:08.386+0000] {logging_mixin.py:190} INFO - [2025-11-14T21:16:08.386+0000] {dag.py:4180} INFO - Setting next_dagrun for example_setup_teardown to None, run_after=None
[2025-11-14T21:16:08.425+0000] {processor.py:208} INFO - Processing /home/airflow/.local/lib/python3.12/site-packages/airflow/example_dags/example_setup_teardown.py took 0.165 seconds
[2025-11-14T21:16:38.613+0000] {processor.py:186} INFO - Started process (PID=171) to work on /home/airflow/.local/lib/python3.12/site-packages/airflow/example_dags/example_setup_teardown.py
[2025-11-14T21:16:38.615+0000] {processor.py:914} INFO - Processing file /home/airflow/.local/lib/python3.12/site-packages/airflow/example_dags/example_setup_teardown.py for tasks to queue
[2025-11-14T21:16:38.619+0000] {logging_mixin.py:190} INFO - [2025-11-14T21:16:38.618+0000] {dagbag.py:588} INFO - Filling up the DagBag from /home/airflow/.local/lib/python3.12/site-packages/airflow/example_dags/example_setup_teardown.py
[2025-11-14T21:16:38.630+0000] {processor.py:925} INFO - DAG(s) 'example_setup_teardown' retrieved from /home/airflow/.local/lib/python3.12/site-packages/airflow/example_dags/example_setup_teardown.py
[2025-11-14T21:16:38.655+0000] {logging_mixin.py:190} INFO - [2025-11-14T21:16:38.655+0000] {dag.py:3239} INFO - Sync 1 DAGs
[2025-11-14T21:16:38.673+0000] {logging_mixin.py:190} INFO - [2025-11-14T21:16:38.673+0000] {dag.py:4180} INFO - Setting next_dagrun for example_setup_teardown to None, run_after=None
[2025-11-14T21:16:38.696+0000] {processor.py:208} INFO - Processing /home/airflow/.local/lib/python3.12/site-packages/airflow/example_dags/example_setup_teardown.py took 0.091 seconds
[2025-11-14T21:17:08.773+0000] {processor.py:186} INFO - Started process (PID=234) to work on /home/airflow/.local/lib/python3.12/site-packages/airflow/example_dags/example_setup_teardown.py
[2025-11-14T21:17:08.775+0000] {processor.py:914} INFO - Processing file /home/airflow/.local/lib/python3.12/site-packages/airflow/example_dags/example_setup_teardown.py for tasks to queue
[2025-11-14T21:17:08.778+0000] {logging_mixin.py:190} INFO - [2025-11-14T21:17:08.778+0000] {dagbag.py:588} INFO - Filling up the DagBag from /home/airflow/.local/lib/python3.12/site-packages/airflow/example_dags/example_setup_teardown.py
[2025-11-14T21:17:08.788+0000] {processor.py:925} INFO - DAG(s) 'example_setup_teardown' retrieved from /home/airflow/.local/lib/python3.12/site-packages/airflow/example_dags/example_setup_teardown.py
[2025-11-14T21:17:08.811+0000] {logging_mixin.py:190} INFO - [2025-11-14T21:17:08.810+0000] {dag.py:3239} INFO - Sync 1 DAGs
[2025-11-14T21:17:08.827+0000] {logging_mixin.py:190} INFO - [2025-11-14T21:17:08.827+0000] {dag.py:4180} INFO - Setting next_dagrun for example_setup_teardown to None, run_after=None
[2025-11-14T21:17:08.846+0000] {processor.py:208} INFO - Processing /home/airflow/.local/lib/python3.12/site-packages/airflow/example_dags/example_setup_teardown.py took 0.080 seconds
[2025-11-14T21:17:39.264+0000] {processor.py:186} INFO - Started process (PID=297) to work on /home/airflow/.local/lib/python3.12/site-packages/airflow/example_dags/example_setup_teardown.py
[2025-11-14T21:17:39.266+0000] {processor.py:914} INFO - Processing file /home/airflow/.local/lib/python3.12/site-packages/airflow/example_dags/example_setup_teardown.py for tasks to queue
[2025-11-14T21:17:39.270+0000] {logging_mixin.py:190} INFO - [2025-11-14T21:17:39.269+0000] {dagbag.py:588} INFO - Filling up the DagBag from /home/airflow/.local/lib/python3.12/site-packages/airflow/example_dags/example_setup_teardown.py
[2025-11-14T21:17:39.280+0000] {processor.py:925} INFO - DAG(s) 'example_setup_teardown' retrieved from /home/airflow/.local/lib/python3.12/site-packages/airflow/example_dags/example_setup_teardown.py
[2025-11-14T21:17:39.303+0000] {logging_mixin.py:190} INFO - [2025-11-14T21:17:39.303+0000] {dag.py:3239} INFO - Sync 1 DAGs
[2025-11-14T21:17:39.320+0000] {logging_mixin.py:190} INFO - [2025-11-14T21:17:39.319+0000] {dag.py:4180} INFO - Setting next_dagrun for example_setup_teardown to None, run_after=None
[2025-11-14T21:17:39.339+0000] {processor.py:208} INFO - Processing /home/airflow/.local/lib/python3.12/site-packages/airflow/example_dags/example_setup_teardown.py took 0.083 seconds
[2025-11-14T21:18:09.408+0000] {processor.py:186} INFO - Started process (PID=360) to work on /home/airflow/.local/lib/python3.12/site-packages/airflow/example_dags/example_setup_teardown.py
[2025-11-14T21:18:09.411+0000] {processor.py:914} INFO - Processing file /home/airflow/.local/lib/python3.12/site-packages/airflow/example_dags/example_setup_teardown.py for tasks to queue
[2025-11-14T21:18:09.414+0000] {logging_mixin.py:190} INFO - [2025-11-14T21:18:09.413+0000] {dagbag.py:588} INFO - Filling up the DagBag from /home/airflow/.local/lib/python3.12/site-packages/airflow/example_dags/example_setup_teardown.py
[2025-11-14T21:18:09.424+0000] {processor.py:925} INFO - DAG(s) 'example_setup_teardown' retrieved from /home/airflow/.local/lib/python3.12/site-packages/airflow/example_dags/example_setup_teardown.py
[2025-11-14T21:18:09.448+0000] {logging_mixin.py:190} INFO - [2025-11-14T21:18:09.447+0000] {dag.py:3239} INFO - Sync 1 DAGs
[2025-11-14T21:18:09.464+0000] {logging_mixin.py:190} INFO - [2025-11-14T21:18:09.464+0000] {dag.py:4180} INFO - Setting next_dagrun for example_setup_teardown to None, run_after=None
[2025-11-14T21:18:09.487+0000] {processor.py:208} INFO - Processing /home/airflow/.local/lib/python3.12/site-packages/airflow/example_dags/example_setup_teardown.py took 0.086 seconds
[2025-11-14T21:18:40.235+0000] {processor.py:186} INFO - Started process (PID=425) to work on /home/airflow/.local/lib/python3.12/site-packages/airflow/example_dags/example_setup_teardown.py
[2025-11-14T21:18:40.237+0000] {processor.py:914} INFO - Processing file /home/airflow/.local/lib/python3.12/site-packages/airflow/example_dags/example_setup_teardown.py for tasks to queue
[2025-11-14T21:18:40.242+0000] {logging_mixin.py:190} INFO - [2025-11-14T21:18:40.241+0000] {dagbag.py:588} INFO - Filling up the DagBag from /home/airflow/.local/lib/python3.12/site-packages/airflow/example_dags/example_setup_teardown.py
[2025-11-14T21:18:40.256+0000] {processor.py:925} INFO - DAG(s) 'example_setup_teardown' retrieved from /home/airflow/.local/lib/python3.12/site-packages/airflow/example_dags/example_setup_teardown.py
[2025-11-14T21:18:40.301+0000] {logging_mixin.py:190} INFO - [2025-11-14T21:18:40.300+0000] {dag.py:3239} INFO - Sync 1 DAGs
[2025-11-14T21:18:40.344+0000] {logging_mixin.py:190} INFO - [2025-11-14T21:18:40.344+0000] {dag.py:4180} INFO - Setting next_dagrun for example_setup_teardown to None, run_after=None
[2025-11-14T21:18:40.390+0000] {processor.py:208} INFO - Processing /home/airflow/.local/lib/python3.12/site-packages/airflow/example_dags/example_setup_teardown.py took 0.170 seconds
[2025-11-14T21:19:11.125+0000] {processor.py:186} INFO - Started process (PID=490) to work on /home/airflow/.local/lib/python3.12/site-packages/airflow/example_dags/example_setup_teardown.py
[2025-11-14T21:19:11.128+0000] {processor.py:914} INFO - Processing file /home/airflow/.local/lib/python3.12/site-packages/airflow/example_dags/example_setup_teardown.py for tasks to queue
[2025-11-14T21:19:11.133+0000] {logging_mixin.py:190} INFO - [2025-11-14T21:19:11.132+0000] {dagbag.py:588} INFO - Filling up the DagBag from /home/airflow/.local/lib/python3.12/site-packages/airflow/example_dags/example_setup_teardown.py
[2025-11-14T21:19:11.151+0000] {processor.py:925} INFO - DAG(s) 'example_setup_teardown' retrieved from /home/airflow/.local/lib/python3.12/site-packages/airflow/example_dags/example_setup_teardown.py
[2025-11-14T21:19:11.200+0000] {logging_mixin.py:190} INFO - [2025-11-14T21:19:11.200+0000] {dag.py:3239} INFO - Sync 1 DAGs
[2025-11-14T21:19:11.227+0000] {logging_mixin.py:190} INFO - [2025-11-14T21:19:11.227+0000] {dag.py:4180} INFO - Setting next_dagrun for example_setup_teardown to None, run_after=None
[2025-11-14T21:19:11.268+0000] {processor.py:208} INFO - Processing /home/airflow/.local/lib/python3.12/site-packages/airflow/example_dags/example_setup_teardown.py took 0.154 seconds
[2025-11-14T21:19:42.379+0000] {processor.py:186} INFO - Started process (PID=555) to work on /home/airflow/.local/lib/python3.12/site-packages/airflow/example_dags/example_setup_teardown.py
[2025-11-14T21:19:42.385+0000] {processor.py:914} INFO - Processing file /home/airflow/.local/lib/python3.12/site-packages/airflow/example_dags/example_setup_teardown.py for tasks to queue
[2025-11-14T21:19:42.402+0000] {logging_mixin.py:190} INFO - [2025-11-14T21:19:42.400+0000] {dagbag.py:588} INFO - Filling up the DagBag from /home/airflow/.local/lib/python3.12/site-packages/airflow/example_dags/example_setup_teardown.py
[2025-11-14T21:19:42.439+0000] {processor.py:925} INFO - DAG(s) 'example_setup_teardown' retrieved from /home/airflow/.local/lib/python3.12/site-packages/airflow/example_dags/example_setup_teardown.py
[2025-11-14T21:19:42.501+0000] {logging_mixin.py:190} INFO - [2025-11-14T21:19:42.501+0000] {dag.py:3239} INFO - Sync 1 DAGs
[2025-11-14T21:19:42.544+0000] {logging_mixin.py:190} INFO - [2025-11-14T21:19:42.543+0000] {dag.py:4180} INFO - Setting next_dagrun for example_setup_teardown to None, run_after=None
[2025-11-14T21:19:42.590+0000] {processor.py:208} INFO - Processing /home/airflow/.local/lib/python3.12/site-packages/airflow/example_dags/example_setup_teardown.py took 0.240 seconds
[2025-11-14T21:20:23.519+0000] {processor.py:186} INFO - Started process (PID=629) to work on /home/airflow/.local/lib/python3.12/site-packages/airflow/example_dags/example_setup_teardown.py
[2025-11-14T21:20:23.528+0000] {processor.py:914} INFO - Processing file /home/airflow/.local/lib/python3.12/site-packages/airflow/example_dags/example_setup_teardown.py for tasks to queue
[2025-11-14T21:20:23.549+0000] {logging_mixin.py:190} INFO - [2025-11-14T21:20:23.547+0000] {dagbag.py:588} INFO - Filling up the DagBag from /home/airflow/.local/lib/python3.12/site-packages/airflow/example_dags/example_setup_teardown.py
[2025-11-14T21:20:23.621+0000] {processor.py:925} INFO - DAG(s) 'example_setup_teardown' retrieved from /home/airflow/.local/lib/python3.12/site-packages/airflow/example_dags/example_setup_teardown.py
[2025-11-14T21:20:23.932+0000] {logging_mixin.py:190} INFO - [2025-11-14T21:20:23.930+0000] {dag.py:3239} INFO - Sync 1 DAGs
[2025-11-14T21:20:24.102+0000] {logging_mixin.py:190} INFO - [2025-11-14T21:20:24.101+0000] {dag.py:4180} INFO - Setting next_dagrun for example_setup_teardown to None, run_after=None
[2025-11-14T21:20:24.275+0000] {processor.py:208} INFO - Processing /home/airflow/.local/lib/python3.12/site-packages/airflow/example_dags/example_setup_teardown.py took 0.834 seconds
[2025-11-14T21:21:14.460+0000] {processor.py:186} INFO - Started process (PID=675) to work on /home/airflow/.local/lib/python3.12/site-packages/airflow/example_dags/example_setup_teardown.py
[2025-11-14T21:21:14.478+0000] {processor.py:914} INFO - Processing file /home/airflow/.local/lib/python3.12/site-packages/airflow/example_dags/example_setup_teardown.py for tasks to queue
[2025-11-14T21:21:14.503+0000] {logging_mixin.py:190} INFO - [2025-11-14T21:21:14.501+0000] {dagbag.py:588} INFO - Filling up the DagBag from /home/airflow/.local/lib/python3.12/site-packages/airflow/example_dags/example_setup_teardown.py
[2025-11-14T21:21:14.607+0000] {processor.py:925} INFO - DAG(s) 'example_setup_teardown' retrieved from /home/airflow/.local/lib/python3.12/site-packages/airflow/example_dags/example_setup_teardown.py
[2025-11-14T21:21:14.826+0000] {logging_mixin.py:190} INFO - [2025-11-14T21:21:14.825+0000] {dag.py:3239} INFO - Sync 1 DAGs
[2025-11-14T21:21:15.155+0000] {logging_mixin.py:190} INFO - [2025-11-14T21:21:15.153+0000] {dag.py:4180} INFO - Setting next_dagrun for example_setup_teardown to None, run_after=None
[2025-11-14T21:21:15.286+0000] {processor.py:208} INFO - Processing /home/airflow/.local/lib/python3.12/site-packages/airflow/example_dags/example_setup_teardown.py took 0.930 seconds
[2025-11-14T21:21:54.175+0000] {processor.py:186} INFO - Started process (PID=740) to work on /home/airflow/.local/lib/python3.12/site-packages/airflow/example_dags/example_setup_teardown.py
[2025-11-14T21:21:54.182+0000] {processor.py:914} INFO - Processing file /home/airflow/.local/lib/python3.12/site-packages/airflow/example_dags/example_setup_teardown.py for tasks to queue
[2025-11-14T21:21:54.198+0000] {logging_mixin.py:190} INFO - [2025-11-14T21:21:54.196+0000] {dagbag.py:588} INFO - Filling up the DagBag from /home/airflow/.local/lib/python3.12/site-packages/airflow/example_dags/example_setup_teardown.py
[2025-11-14T21:21:54.366+0000] {processor.py:925} INFO - DAG(s) 'example_setup_teardown' retrieved from /home/airflow/.local/lib/python3.12/site-packages/airflow/example_dags/example_setup_teardown.py
[2025-11-14T21:21:54.513+0000] {logging_mixin.py:190} INFO - [2025-11-14T21:21:54.511+0000] {dag.py:3239} INFO - Sync 1 DAGs
[2025-11-14T21:21:54.653+0000] {logging_mixin.py:190} INFO - [2025-11-14T21:21:54.652+0000] {dag.py:4180} INFO - Setting next_dagrun for example_setup_teardown to None, run_after=None
[2025-11-14T21:21:54.806+0000] {processor.py:208} INFO - Processing /home/airflow/.local/lib/python3.12/site-packages/airflow/example_dags/example_setup_teardown.py took 0.674 seconds
[2025-11-14T21:22:26.165+0000] {processor.py:186} INFO - Started process (PID=804) to work on /home/airflow/.local/lib/python3.12/site-packages/airflow/example_dags/example_setup_teardown.py
[2025-11-14T21:22:26.174+0000] {processor.py:914} INFO - Processing file /home/airflow/.local/lib/python3.12/site-packages/airflow/example_dags/example_setup_teardown.py for tasks to queue
[2025-11-14T21:22:26.192+0000] {logging_mixin.py:190} INFO - [2025-11-14T21:22:26.191+0000] {dagbag.py:588} INFO - Filling up the DagBag from /home/airflow/.local/lib/python3.12/site-packages/airflow/example_dags/example_setup_teardown.py
[2025-11-14T21:22:26.260+0000] {processor.py:925} INFO - DAG(s) 'example_setup_teardown' retrieved from /home/airflow/.local/lib/python3.12/site-packages/airflow/example_dags/example_setup_teardown.py
[2025-11-14T21:22:26.397+0000] {logging_mixin.py:190} INFO - [2025-11-14T21:22:26.396+0000] {dag.py:3239} INFO - Sync 1 DAGs
[2025-11-14T21:22:26.956+0000] {logging_mixin.py:190} INFO - [2025-11-14T21:22:26.955+0000] {dag.py:4180} INFO - Setting next_dagrun for example_setup_teardown to None, run_after=None
[2025-11-14T21:22:27.411+0000] {processor.py:208} INFO - Processing /home/airflow/.local/lib/python3.12/site-packages/airflow/example_dags/example_setup_teardown.py took 1.290 seconds
[2025-11-14T21:22:57.815+0000] {processor.py:186} INFO - Started process (PID=869) to work on /home/airflow/.local/lib/python3.12/site-packages/airflow/example_dags/example_setup_teardown.py
[2025-11-14T21:22:57.821+0000] {processor.py:914} INFO - Processing file /home/airflow/.local/lib/python3.12/site-packages/airflow/example_dags/example_setup_teardown.py for tasks to queue
[2025-11-14T21:22:57.844+0000] {logging_mixin.py:190} INFO - [2025-11-14T21:22:57.843+0000] {dagbag.py:588} INFO - Filling up the DagBag from /home/airflow/.local/lib/python3.12/site-packages/airflow/example_dags/example_setup_teardown.py
[2025-11-14T21:22:57.876+0000] {processor.py:925} INFO - DAG(s) 'example_setup_teardown' retrieved from /home/airflow/.local/lib/python3.12/site-packages/airflow/example_dags/example_setup_teardown.py
[2025-11-14T21:22:57.958+0000] {logging_mixin.py:190} INFO - [2025-11-14T21:22:57.958+0000] {dag.py:3239} INFO - Sync 1 DAGs
[2025-11-14T21:22:58.020+0000] {logging_mixin.py:190} INFO - [2025-11-14T21:22:58.020+0000] {dag.py:4180} INFO - Setting next_dagrun for example_setup_teardown to None, run_after=None
[2025-11-14T21:22:58.087+0000] {processor.py:208} INFO - Processing /home/airflow/.local/lib/python3.12/site-packages/airflow/example_dags/example_setup_teardown.py took 0.299 seconds
[2025-11-14T21:23:29.126+0000] {processor.py:186} INFO - Started process (PID=933) to work on /home/airflow/.local/lib/python3.12/site-packages/airflow/example_dags/example_setup_teardown.py
[2025-11-14T21:23:29.131+0000] {processor.py:914} INFO - Processing file /home/airflow/.local/lib/python3.12/site-packages/airflow/example_dags/example_setup_teardown.py for tasks to queue
[2025-11-14T21:23:29.141+0000] {logging_mixin.py:190} INFO - [2025-11-14T21:23:29.140+0000] {dagbag.py:588} INFO - Filling up the DagBag from /home/airflow/.local/lib/python3.12/site-packages/airflow/example_dags/example_setup_teardown.py
[2025-11-14T21:23:29.169+0000] {processor.py:925} INFO - DAG(s) 'example_setup_teardown' retrieved from /home/airflow/.local/lib/python3.12/site-packages/airflow/example_dags/example_setup_teardown.py
[2025-11-14T21:23:29.261+0000] {logging_mixin.py:190} INFO - [2025-11-14T21:23:29.260+0000] {dag.py:3239} INFO - Sync 1 DAGs
[2025-11-14T21:23:29.305+0000] {logging_mixin.py:190} INFO - [2025-11-14T21:23:29.304+0000] {dag.py:4180} INFO - Setting next_dagrun for example_setup_teardown to None, run_after=None
[2025-11-14T21:23:29.371+0000] {processor.py:208} INFO - Processing /home/airflow/.local/lib/python3.12/site-packages/airflow/example_dags/example_setup_teardown.py took 0.264 seconds
[2025-11-14T21:23:59.606+0000] {processor.py:186} INFO - Started process (PID=995) to work on /home/airflow/.local/lib/python3.12/site-packages/airflow/example_dags/example_setup_teardown.py
[2025-11-14T21:23:59.612+0000] {processor.py:914} INFO - Processing file /home/airflow/.local/lib/python3.12/site-packages/airflow/example_dags/example_setup_teardown.py for tasks to queue
[2025-11-14T21:23:59.630+0000] {logging_mixin.py:190} INFO - [2025-11-14T21:23:59.628+0000] {dagbag.py:588} INFO - Filling up the DagBag from /home/airflow/.local/lib/python3.12/site-packages/airflow/example_dags/example_setup_teardown.py
[2025-11-14T21:23:59.672+0000] {processor.py:925} INFO - DAG(s) 'example_setup_teardown' retrieved from /home/airflow/.local/lib/python3.12/site-packages/airflow/example_dags/example_setup_teardown.py
[2025-11-14T21:23:59.780+0000] {logging_mixin.py:190} INFO - [2025-11-14T21:23:59.779+0000] {dag.py:3239} INFO - Sync 1 DAGs
[2025-11-14T21:23:59.846+0000] {logging_mixin.py:190} INFO - [2025-11-14T21:23:59.846+0000] {dag.py:4180} INFO - Setting next_dagrun for example_setup_teardown to None, run_after=None
[2025-11-14T21:23:59.930+0000] {processor.py:208} INFO - Processing /home/airflow/.local/lib/python3.12/site-packages/airflow/example_dags/example_setup_teardown.py took 0.352 seconds
[2025-11-14T21:24:30.140+0000] {processor.py:186} INFO - Started process (PID=1058) to work on /home/airflow/.local/lib/python3.12/site-packages/airflow/example_dags/example_setup_teardown.py
[2025-11-14T21:24:30.147+0000] {processor.py:914} INFO - Processing file /home/airflow/.local/lib/python3.12/site-packages/airflow/example_dags/example_setup_teardown.py for tasks to queue
[2025-11-14T21:24:30.157+0000] {logging_mixin.py:190} INFO - [2025-11-14T21:24:30.156+0000] {dagbag.py:588} INFO - Filling up the DagBag from /home/airflow/.local/lib/python3.12/site-packages/airflow/example_dags/example_setup_teardown.py
[2025-11-14T21:24:30.188+0000] {processor.py:925} INFO - DAG(s) 'example_setup_teardown' retrieved from /home/airflow/.local/lib/python3.12/site-packages/airflow/example_dags/example_setup_teardown.py
[2025-11-14T21:24:30.267+0000] {logging_mixin.py:190} INFO - [2025-11-14T21:24:30.267+0000] {dag.py:3239} INFO - Sync 1 DAGs
[2025-11-14T21:24:30.327+0000] {logging_mixin.py:190} INFO - [2025-11-14T21:24:30.326+0000] {dag.py:4180} INFO - Setting next_dagrun for example_setup_teardown to None, run_after=None
[2025-11-14T21:24:30.396+0000] {processor.py:208} INFO - Processing /home/airflow/.local/lib/python3.12/site-packages/airflow/example_dags/example_setup_teardown.py took 0.278 seconds
[2025-11-14T21:25:00.665+0000] {processor.py:186} INFO - Started process (PID=1121) to work on /home/airflow/.local/lib/python3.12/site-packages/airflow/example_dags/example_setup_teardown.py
[2025-11-14T21:25:00.670+0000] {processor.py:914} INFO - Processing file /home/airflow/.local/lib/python3.12/site-packages/airflow/example_dags/example_setup_teardown.py for tasks to queue
[2025-11-14T21:25:00.680+0000] {logging_mixin.py:190} INFO - [2025-11-14T21:25:00.679+0000] {dagbag.py:588} INFO - Filling up the DagBag from /home/airflow/.local/lib/python3.12/site-packages/airflow/example_dags/example_setup_teardown.py
[2025-11-14T21:25:00.710+0000] {processor.py:925} INFO - DAG(s) 'example_setup_teardown' retrieved from /home/airflow/.local/lib/python3.12/site-packages/airflow/example_dags/example_setup_teardown.py
[2025-11-14T21:25:00.772+0000] {logging_mixin.py:190} INFO - [2025-11-14T21:25:00.771+0000] {dag.py:3239} INFO - Sync 1 DAGs
[2025-11-14T21:25:00.813+0000] {logging_mixin.py:190} INFO - [2025-11-14T21:25:00.812+0000] {dag.py:4180} INFO - Setting next_dagrun for example_setup_teardown to None, run_after=None
[2025-11-14T21:25:00.860+0000] {processor.py:208} INFO - Processing /home/airflow/.local/lib/python3.12/site-packages/airflow/example_dags/example_setup_teardown.py took 0.215 seconds
[2025-11-14T21:25:30.928+0000] {processor.py:186} INFO - Started process (PID=1185) to work on /home/airflow/.local/lib/python3.12/site-packages/airflow/example_dags/example_setup_teardown.py
[2025-11-14T21:25:30.932+0000] {processor.py:914} INFO - Processing file /home/airflow/.local/lib/python3.12/site-packages/airflow/example_dags/example_setup_teardown.py for tasks to queue
[2025-11-14T21:25:30.940+0000] {logging_mixin.py:190} INFO - [2025-11-14T21:25:30.938+0000] {dagbag.py:588} INFO - Filling up the DagBag from /home/airflow/.local/lib/python3.12/site-packages/airflow/example_dags/example_setup_teardown.py
[2025-11-14T21:25:30.958+0000] {processor.py:925} INFO - DAG(s) 'example_setup_teardown' retrieved from /home/airflow/.local/lib/python3.12/site-packages/airflow/example_dags/example_setup_teardown.py
[2025-11-14T21:25:31.005+0000] {logging_mixin.py:190} INFO - [2025-11-14T21:25:31.004+0000] {dag.py:3239} INFO - Sync 1 DAGs
[2025-11-14T21:25:31.037+0000] {logging_mixin.py:190} INFO - [2025-11-14T21:25:31.036+0000] {dag.py:4180} INFO - Setting next_dagrun for example_setup_teardown to None, run_after=None
[2025-11-14T21:25:31.074+0000] {processor.py:208} INFO - Processing /home/airflow/.local/lib/python3.12/site-packages/airflow/example_dags/example_setup_teardown.py took 0.160 seconds
[2025-11-14T21:26:01.329+0000] {processor.py:186} INFO - Started process (PID=1248) to work on /home/airflow/.local/lib/python3.12/site-packages/airflow/example_dags/example_setup_teardown.py
[2025-11-14T21:26:01.332+0000] {processor.py:914} INFO - Processing file /home/airflow/.local/lib/python3.12/site-packages/airflow/example_dags/example_setup_teardown.py for tasks to queue
[2025-11-14T21:26:01.337+0000] {logging_mixin.py:190} INFO - [2025-11-14T21:26:01.336+0000] {dagbag.py:588} INFO - Filling up the DagBag from /home/airflow/.local/lib/python3.12/site-packages/airflow/example_dags/example_setup_teardown.py
[2025-11-14T21:26:01.354+0000] {processor.py:925} INFO - DAG(s) 'example_setup_teardown' retrieved from /home/airflow/.local/lib/python3.12/site-packages/airflow/example_dags/example_setup_teardown.py
[2025-11-14T21:26:01.394+0000] {logging_mixin.py:190} INFO - [2025-11-14T21:26:01.393+0000] {dag.py:3239} INFO - Sync 1 DAGs
[2025-11-14T21:26:01.425+0000] {logging_mixin.py:190} INFO - [2025-11-14T21:26:01.425+0000] {dag.py:4180} INFO - Setting next_dagrun for example_setup_teardown to None, run_after=None
[2025-11-14T21:26:01.463+0000] {processor.py:208} INFO - Processing /home/airflow/.local/lib/python3.12/site-packages/airflow/example_dags/example_setup_teardown.py took 0.146 seconds
[2025-11-14T21:26:32.302+0000] {processor.py:186} INFO - Started process (PID=1312) to work on /home/airflow/.local/lib/python3.12/site-packages/airflow/example_dags/example_setup_teardown.py
[2025-11-14T21:26:32.306+0000] {processor.py:914} INFO - Processing file /home/airflow/.local/lib/python3.12/site-packages/airflow/example_dags/example_setup_teardown.py for tasks to queue
[2025-11-14T21:26:32.320+0000] {logging_mixin.py:190} INFO - [2025-11-14T21:26:32.318+0000] {dagbag.py:588} INFO - Filling up the DagBag from /home/airflow/.local/lib/python3.12/site-packages/airflow/example_dags/example_setup_teardown.py
[2025-11-14T21:26:32.354+0000] {processor.py:925} INFO - DAG(s) 'example_setup_teardown' retrieved from /home/airflow/.local/lib/python3.12/site-packages/airflow/example_dags/example_setup_teardown.py
[2025-11-14T21:26:32.495+0000] {logging_mixin.py:190} INFO - [2025-11-14T21:26:32.495+0000] {dag.py:3239} INFO - Sync 1 DAGs
[2025-11-14T21:26:32.588+0000] {logging_mixin.py:190} INFO - [2025-11-14T21:26:32.587+0000] {dag.py:4180} INFO - Setting next_dagrun for example_setup_teardown to None, run_after=None
[2025-11-14T21:26:32.693+0000] {processor.py:208} INFO - Processing /home/airflow/.local/lib/python3.12/site-packages/airflow/example_dags/example_setup_teardown.py took 0.407 seconds
[2025-11-14T21:27:03.327+0000] {processor.py:186} INFO - Started process (PID=1382) to work on /home/airflow/.local/lib/python3.12/site-packages/airflow/example_dags/example_setup_teardown.py
[2025-11-14T21:27:03.330+0000] {processor.py:914} INFO - Processing file /home/airflow/.local/lib/python3.12/site-packages/airflow/example_dags/example_setup_teardown.py for tasks to queue
[2025-11-14T21:27:03.338+0000] {logging_mixin.py:190} INFO - [2025-11-14T21:27:03.338+0000] {dagbag.py:588} INFO - Filling up the DagBag from /home/airflow/.local/lib/python3.12/site-packages/airflow/example_dags/example_setup_teardown.py
[2025-11-14T21:27:03.359+0000] {processor.py:925} INFO - DAG(s) 'example_setup_teardown' retrieved from /home/airflow/.local/lib/python3.12/site-packages/airflow/example_dags/example_setup_teardown.py
[2025-11-14T21:27:03.401+0000] {logging_mixin.py:190} INFO - [2025-11-14T21:27:03.401+0000] {dag.py:3239} INFO - Sync 1 DAGs
[2025-11-14T21:27:03.438+0000] {logging_mixin.py:190} INFO - [2025-11-14T21:27:03.437+0000] {dag.py:4180} INFO - Setting next_dagrun for example_setup_teardown to None, run_after=None
[2025-11-14T21:27:03.483+0000] {processor.py:208} INFO - Processing /home/airflow/.local/lib/python3.12/site-packages/airflow/example_dags/example_setup_teardown.py took 0.177 seconds
[2025-11-14T21:27:33.839+0000] {processor.py:186} INFO - Started process (PID=1445) to work on /home/airflow/.local/lib/python3.12/site-packages/airflow/example_dags/example_setup_teardown.py
[2025-11-14T21:27:33.842+0000] {processor.py:914} INFO - Processing file /home/airflow/.local/lib/python3.12/site-packages/airflow/example_dags/example_setup_teardown.py for tasks to queue
[2025-11-14T21:27:33.847+0000] {logging_mixin.py:190} INFO - [2025-11-14T21:27:33.846+0000] {dagbag.py:588} INFO - Filling up the DagBag from /home/airflow/.local/lib/python3.12/site-packages/airflow/example_dags/example_setup_teardown.py
[2025-11-14T21:27:33.865+0000] {processor.py:925} INFO - DAG(s) 'example_setup_teardown' retrieved from /home/airflow/.local/lib/python3.12/site-packages/airflow/example_dags/example_setup_teardown.py
[2025-11-14T21:27:33.907+0000] {logging_mixin.py:190} INFO - [2025-11-14T21:27:33.907+0000] {dag.py:3239} INFO - Sync 1 DAGs
[2025-11-14T21:27:33.940+0000] {logging_mixin.py:190} INFO - [2025-11-14T21:27:33.939+0000] {dag.py:4180} INFO - Setting next_dagrun for example_setup_teardown to None, run_after=None
[2025-11-14T21:27:33.984+0000] {processor.py:208} INFO - Processing /home/airflow/.local/lib/python3.12/site-packages/airflow/example_dags/example_setup_teardown.py took 0.158 seconds
[2025-11-14T21:28:04.530+0000] {processor.py:186} INFO - Started process (PID=1508) to work on /home/airflow/.local/lib/python3.12/site-packages/airflow/example_dags/example_setup_teardown.py
[2025-11-14T21:28:04.533+0000] {processor.py:914} INFO - Processing file /home/airflow/.local/lib/python3.12/site-packages/airflow/example_dags/example_setup_teardown.py for tasks to queue
[2025-11-14T21:28:04.539+0000] {logging_mixin.py:190} INFO - [2025-11-14T21:28:04.538+0000] {dagbag.py:588} INFO - Filling up the DagBag from /home/airflow/.local/lib/python3.12/site-packages/airflow/example_dags/example_setup_teardown.py
[2025-11-14T21:28:04.560+0000] {processor.py:925} INFO - DAG(s) 'example_setup_teardown' retrieved from /home/airflow/.local/lib/python3.12/site-packages/airflow/example_dags/example_setup_teardown.py
[2025-11-14T21:28:04.609+0000] {logging_mixin.py:190} INFO - [2025-11-14T21:28:04.609+0000] {dag.py:3239} INFO - Sync 1 DAGs
[2025-11-14T21:28:04.643+0000] {logging_mixin.py:190} INFO - [2025-11-14T21:28:04.643+0000] {dag.py:4180} INFO - Setting next_dagrun for example_setup_teardown to None, run_after=None
[2025-11-14T21:28:04.685+0000] {processor.py:208} INFO - Processing /home/airflow/.local/lib/python3.12/site-packages/airflow/example_dags/example_setup_teardown.py took 0.173 seconds
