[2025-11-14T21:15:43.613+0000] {processor.py:186} INFO - Started process (PID=59) to work on /home/airflow/.local/lib/python3.12/site-packages/airflow/example_dags/example_task_group.py
[2025-11-14T21:15:43.616+0000] {processor.py:914} INFO - Processing file /home/airflow/.local/lib/python3.12/site-packages/airflow/example_dags/example_task_group.py for tasks to queue
[2025-11-14T21:15:43.622+0000] {logging_mixin.py:190} INFO - [2025-11-14T21:15:43.621+0000] {dagbag.py:588} INFO - Filling up the DagBag from /home/airflow/.local/lib/python3.12/site-packages/airflow/example_dags/example_task_group.py
[2025-11-14T21:15:43.640+0000] {processor.py:925} INFO - DAG(s) 'example_task_group' retrieved from /home/airflow/.local/lib/python3.12/site-packages/airflow/example_dags/example_task_group.py
[2025-11-14T21:15:43.848+0000] {logging_mixin.py:190} INFO - [2025-11-14T21:15:43.847+0000] {override.py:1900} INFO - Created Permission View: can edit on DAG:example_task_group
[2025-11-14T21:15:43.866+0000] {logging_mixin.py:190} INFO - [2025-11-14T21:15:43.866+0000] {override.py:1900} INFO - Created Permission View: can delete on DAG:example_task_group
[2025-11-14T21:15:43.883+0000] {logging_mixin.py:190} INFO - [2025-11-14T21:15:43.882+0000] {override.py:1900} INFO - Created Permission View: can read on DAG:example_task_group
[2025-11-14T21:15:43.901+0000] {logging_mixin.py:190} INFO - [2025-11-14T21:15:43.900+0000] {override.py:1900} INFO - Created Permission View: menu access on DAG Run:example_task_group
[2025-11-14T21:15:43.915+0000] {logging_mixin.py:190} INFO - [2025-11-14T21:15:43.914+0000] {override.py:1900} INFO - Created Permission View: can create on DAG Run:example_task_group
[2025-11-14T21:15:43.929+0000] {logging_mixin.py:190} INFO - [2025-11-14T21:15:43.929+0000] {override.py:1900} INFO - Created Permission View: can delete on DAG Run:example_task_group
[2025-11-14T21:15:43.946+0000] {logging_mixin.py:190} INFO - [2025-11-14T21:15:43.945+0000] {override.py:1900} INFO - Created Permission View: can read on DAG Run:example_task_group
[2025-11-14T21:15:43.948+0000] {logging_mixin.py:190} INFO - [2025-11-14T21:15:43.947+0000] {dag.py:3239} INFO - Sync 1 DAGs
[2025-11-14T21:15:43.974+0000] {logging_mixin.py:190} INFO - [2025-11-14T21:15:43.974+0000] {dag.py:3262} INFO - Creating ORM DAG for example_task_group
[2025-11-14T21:15:43.977+0000] {logging_mixin.py:190} INFO - [2025-11-14T21:15:43.977+0000] {dag.py:4180} INFO - Setting next_dagrun for example_task_group to None, run_after=None
[2025-11-14T21:15:44.011+0000] {processor.py:208} INFO - Processing /home/airflow/.local/lib/python3.12/site-packages/airflow/example_dags/example_task_group.py took 0.410 seconds
[2025-11-14T21:16:14.462+0000] {processor.py:186} INFO - Started process (PID=123) to work on /home/airflow/.local/lib/python3.12/site-packages/airflow/example_dags/example_task_group.py
[2025-11-14T21:16:14.464+0000] {processor.py:914} INFO - Processing file /home/airflow/.local/lib/python3.12/site-packages/airflow/example_dags/example_task_group.py for tasks to queue
[2025-11-14T21:16:14.469+0000] {logging_mixin.py:190} INFO - [2025-11-14T21:16:14.468+0000] {dagbag.py:588} INFO - Filling up the DagBag from /home/airflow/.local/lib/python3.12/site-packages/airflow/example_dags/example_task_group.py
[2025-11-14T21:16:14.484+0000] {processor.py:925} INFO - DAG(s) 'example_task_group' retrieved from /home/airflow/.local/lib/python3.12/site-packages/airflow/example_dags/example_task_group.py
[2025-11-14T21:16:14.520+0000] {logging_mixin.py:190} INFO - [2025-11-14T21:16:14.520+0000] {dag.py:3239} INFO - Sync 1 DAGs
[2025-11-14T21:16:14.545+0000] {logging_mixin.py:190} INFO - [2025-11-14T21:16:14.544+0000] {dag.py:4180} INFO - Setting next_dagrun for example_task_group to None, run_after=None
[2025-11-14T21:16:14.574+0000] {processor.py:208} INFO - Processing /home/airflow/.local/lib/python3.12/site-packages/airflow/example_dags/example_task_group.py took 0.123 seconds
[2025-11-14T21:16:44.735+0000] {processor.py:186} INFO - Started process (PID=186) to work on /home/airflow/.local/lib/python3.12/site-packages/airflow/example_dags/example_task_group.py
[2025-11-14T21:16:44.737+0000] {processor.py:914} INFO - Processing file /home/airflow/.local/lib/python3.12/site-packages/airflow/example_dags/example_task_group.py for tasks to queue
[2025-11-14T21:16:44.740+0000] {logging_mixin.py:190} INFO - [2025-11-14T21:16:44.739+0000] {dagbag.py:588} INFO - Filling up the DagBag from /home/airflow/.local/lib/python3.12/site-packages/airflow/example_dags/example_task_group.py
[2025-11-14T21:16:44.750+0000] {processor.py:925} INFO - DAG(s) 'example_task_group' retrieved from /home/airflow/.local/lib/python3.12/site-packages/airflow/example_dags/example_task_group.py
[2025-11-14T21:16:44.777+0000] {logging_mixin.py:190} INFO - [2025-11-14T21:16:44.777+0000] {dag.py:3239} INFO - Sync 1 DAGs
[2025-11-14T21:16:44.796+0000] {logging_mixin.py:190} INFO - [2025-11-14T21:16:44.795+0000] {dag.py:4180} INFO - Setting next_dagrun for example_task_group to None, run_after=None
[2025-11-14T21:16:44.817+0000] {processor.py:208} INFO - Processing /home/airflow/.local/lib/python3.12/site-packages/airflow/example_dags/example_task_group.py took 0.090 seconds
[2025-11-14T21:17:14.960+0000] {processor.py:186} INFO - Started process (PID=248) to work on /home/airflow/.local/lib/python3.12/site-packages/airflow/example_dags/example_task_group.py
[2025-11-14T21:17:14.962+0000] {processor.py:914} INFO - Processing file /home/airflow/.local/lib/python3.12/site-packages/airflow/example_dags/example_task_group.py for tasks to queue
[2025-11-14T21:17:14.965+0000] {logging_mixin.py:190} INFO - [2025-11-14T21:17:14.964+0000] {dagbag.py:588} INFO - Filling up the DagBag from /home/airflow/.local/lib/python3.12/site-packages/airflow/example_dags/example_task_group.py
[2025-11-14T21:17:14.974+0000] {processor.py:925} INFO - DAG(s) 'example_task_group' retrieved from /home/airflow/.local/lib/python3.12/site-packages/airflow/example_dags/example_task_group.py
[2025-11-14T21:17:14.997+0000] {logging_mixin.py:190} INFO - [2025-11-14T21:17:14.997+0000] {dag.py:3239} INFO - Sync 1 DAGs
[2025-11-14T21:17:15.011+0000] {logging_mixin.py:190} INFO - [2025-11-14T21:17:15.011+0000] {dag.py:4180} INFO - Setting next_dagrun for example_task_group to None, run_after=None
[2025-11-14T21:17:15.032+0000] {processor.py:208} INFO - Processing /home/airflow/.local/lib/python3.12/site-packages/airflow/example_dags/example_task_group.py took 0.078 seconds
[2025-11-14T21:17:45.423+0000] {processor.py:186} INFO - Started process (PID=311) to work on /home/airflow/.local/lib/python3.12/site-packages/airflow/example_dags/example_task_group.py
[2025-11-14T21:17:45.424+0000] {processor.py:914} INFO - Processing file /home/airflow/.local/lib/python3.12/site-packages/airflow/example_dags/example_task_group.py for tasks to queue
[2025-11-14T21:17:45.427+0000] {logging_mixin.py:190} INFO - [2025-11-14T21:17:45.427+0000] {dagbag.py:588} INFO - Filling up the DagBag from /home/airflow/.local/lib/python3.12/site-packages/airflow/example_dags/example_task_group.py
[2025-11-14T21:17:45.437+0000] {processor.py:925} INFO - DAG(s) 'example_task_group' retrieved from /home/airflow/.local/lib/python3.12/site-packages/airflow/example_dags/example_task_group.py
[2025-11-14T21:17:45.460+0000] {logging_mixin.py:190} INFO - [2025-11-14T21:17:45.460+0000] {dag.py:3239} INFO - Sync 1 DAGs
[2025-11-14T21:17:45.477+0000] {logging_mixin.py:190} INFO - [2025-11-14T21:17:45.477+0000] {dag.py:4180} INFO - Setting next_dagrun for example_task_group to None, run_after=None
[2025-11-14T21:17:45.499+0000] {processor.py:208} INFO - Processing /home/airflow/.local/lib/python3.12/site-packages/airflow/example_dags/example_task_group.py took 0.083 seconds
[2025-11-14T21:18:15.594+0000] {processor.py:186} INFO - Started process (PID=374) to work on /home/airflow/.local/lib/python3.12/site-packages/airflow/example_dags/example_task_group.py
[2025-11-14T21:18:15.595+0000] {processor.py:914} INFO - Processing file /home/airflow/.local/lib/python3.12/site-packages/airflow/example_dags/example_task_group.py for tasks to queue
[2025-11-14T21:18:15.599+0000] {logging_mixin.py:190} INFO - [2025-11-14T21:18:15.599+0000] {dagbag.py:588} INFO - Filling up the DagBag from /home/airflow/.local/lib/python3.12/site-packages/airflow/example_dags/example_task_group.py
[2025-11-14T21:18:15.609+0000] {processor.py:925} INFO - DAG(s) 'example_task_group' retrieved from /home/airflow/.local/lib/python3.12/site-packages/airflow/example_dags/example_task_group.py
[2025-11-14T21:18:15.635+0000] {logging_mixin.py:190} INFO - [2025-11-14T21:18:15.634+0000] {dag.py:3239} INFO - Sync 1 DAGs
[2025-11-14T21:18:15.653+0000] {logging_mixin.py:190} INFO - [2025-11-14T21:18:15.652+0000] {dag.py:4180} INFO - Setting next_dagrun for example_task_group to None, run_after=None
[2025-11-14T21:18:15.672+0000] {processor.py:208} INFO - Processing /home/airflow/.local/lib/python3.12/site-packages/airflow/example_dags/example_task_group.py took 0.086 seconds
[2025-11-14T21:18:47.024+0000] {processor.py:186} INFO - Started process (PID=439) to work on /home/airflow/.local/lib/python3.12/site-packages/airflow/example_dags/example_task_group.py
[2025-11-14T21:18:47.025+0000] {processor.py:914} INFO - Processing file /home/airflow/.local/lib/python3.12/site-packages/airflow/example_dags/example_task_group.py for tasks to queue
[2025-11-14T21:18:47.029+0000] {logging_mixin.py:190} INFO - [2025-11-14T21:18:47.028+0000] {dagbag.py:588} INFO - Filling up the DagBag from /home/airflow/.local/lib/python3.12/site-packages/airflow/example_dags/example_task_group.py
[2025-11-14T21:18:47.041+0000] {processor.py:925} INFO - DAG(s) 'example_task_group' retrieved from /home/airflow/.local/lib/python3.12/site-packages/airflow/example_dags/example_task_group.py
[2025-11-14T21:18:47.066+0000] {logging_mixin.py:190} INFO - [2025-11-14T21:18:47.066+0000] {dag.py:3239} INFO - Sync 1 DAGs
[2025-11-14T21:18:47.085+0000] {logging_mixin.py:190} INFO - [2025-11-14T21:18:47.084+0000] {dag.py:4180} INFO - Setting next_dagrun for example_task_group to None, run_after=None
[2025-11-14T21:18:47.103+0000] {processor.py:208} INFO - Processing /home/airflow/.local/lib/python3.12/site-packages/airflow/example_dags/example_task_group.py took 0.087 seconds
[2025-11-14T21:19:19.046+0000] {processor.py:186} INFO - Started process (PID=505) to work on /home/airflow/.local/lib/python3.12/site-packages/airflow/example_dags/example_task_group.py
[2025-11-14T21:19:19.049+0000] {processor.py:914} INFO - Processing file /home/airflow/.local/lib/python3.12/site-packages/airflow/example_dags/example_task_group.py for tasks to queue
[2025-11-14T21:19:19.054+0000] {logging_mixin.py:190} INFO - [2025-11-14T21:19:19.054+0000] {dagbag.py:588} INFO - Filling up the DagBag from /home/airflow/.local/lib/python3.12/site-packages/airflow/example_dags/example_task_group.py
[2025-11-14T21:19:19.071+0000] {processor.py:925} INFO - DAG(s) 'example_task_group' retrieved from /home/airflow/.local/lib/python3.12/site-packages/airflow/example_dags/example_task_group.py
[2025-11-14T21:19:19.113+0000] {logging_mixin.py:190} INFO - [2025-11-14T21:19:19.113+0000] {dag.py:3239} INFO - Sync 1 DAGs
[2025-11-14T21:19:19.141+0000] {logging_mixin.py:190} INFO - [2025-11-14T21:19:19.141+0000] {dag.py:4180} INFO - Setting next_dagrun for example_task_group to None, run_after=None
[2025-11-14T21:19:19.175+0000] {processor.py:208} INFO - Processing /home/airflow/.local/lib/python3.12/site-packages/airflow/example_dags/example_task_group.py took 0.140 seconds
[2025-11-14T21:19:51.344+0000] {processor.py:186} INFO - Started process (PID=570) to work on /home/airflow/.local/lib/python3.12/site-packages/airflow/example_dags/example_task_group.py
[2025-11-14T21:19:51.352+0000] {processor.py:914} INFO - Processing file /home/airflow/.local/lib/python3.12/site-packages/airflow/example_dags/example_task_group.py for tasks to queue
[2025-11-14T21:19:51.376+0000] {logging_mixin.py:190} INFO - [2025-11-14T21:19:51.371+0000] {dagbag.py:588} INFO - Filling up the DagBag from /home/airflow/.local/lib/python3.12/site-packages/airflow/example_dags/example_task_group.py
[2025-11-14T21:19:51.423+0000] {processor.py:925} INFO - DAG(s) 'example_task_group' retrieved from /home/airflow/.local/lib/python3.12/site-packages/airflow/example_dags/example_task_group.py
[2025-11-14T21:19:51.603+0000] {logging_mixin.py:190} INFO - [2025-11-14T21:19:51.602+0000] {dag.py:3239} INFO - Sync 1 DAGs
[2025-11-14T21:19:51.707+0000] {logging_mixin.py:190} INFO - [2025-11-14T21:19:51.706+0000] {dag.py:4180} INFO - Setting next_dagrun for example_task_group to None, run_after=None
[2025-11-14T21:19:51.812+0000] {processor.py:208} INFO - Processing /home/airflow/.local/lib/python3.12/site-packages/airflow/example_dags/example_task_group.py took 0.494 seconds
[2025-11-14T21:20:53.709+0000] {processor.py:186} INFO - Started process (PID=650) to work on /home/airflow/.local/lib/python3.12/site-packages/airflow/example_dags/example_task_group.py
[2025-11-14T21:20:53.720+0000] {processor.py:914} INFO - Processing file /home/airflow/.local/lib/python3.12/site-packages/airflow/example_dags/example_task_group.py for tasks to queue
[2025-11-14T21:20:53.970+0000] {logging_mixin.py:190} INFO - [2025-11-14T21:20:53.956+0000] {dagbag.py:588} INFO - Filling up the DagBag from /home/airflow/.local/lib/python3.12/site-packages/airflow/example_dags/example_task_group.py
[2025-11-14T21:20:55.481+0000] {processor.py:925} INFO - DAG(s) 'example_task_group' retrieved from /home/airflow/.local/lib/python3.12/site-packages/airflow/example_dags/example_task_group.py
[2025-11-14T21:20:56.164+0000] {logging_mixin.py:190} INFO - [2025-11-14T21:20:56.162+0000] {dag.py:3239} INFO - Sync 1 DAGs
[2025-11-14T21:20:56.547+0000] {logging_mixin.py:190} INFO - [2025-11-14T21:20:56.545+0000] {dag.py:4180} INFO - Setting next_dagrun for example_task_group to None, run_after=None
[2025-11-14T21:20:56.983+0000] {processor.py:208} INFO - Processing /home/airflow/.local/lib/python3.12/site-packages/airflow/example_dags/example_task_group.py took 3.335 seconds
[2025-11-14T21:21:40.943+0000] {processor.py:186} INFO - Started process (PID=721) to work on /home/airflow/.local/lib/python3.12/site-packages/airflow/example_dags/example_task_group.py
[2025-11-14T21:21:40.949+0000] {processor.py:914} INFO - Processing file /home/airflow/.local/lib/python3.12/site-packages/airflow/example_dags/example_task_group.py for tasks to queue
[2025-11-14T21:21:40.961+0000] {logging_mixin.py:190} INFO - [2025-11-14T21:21:40.960+0000] {dagbag.py:588} INFO - Filling up the DagBag from /home/airflow/.local/lib/python3.12/site-packages/airflow/example_dags/example_task_group.py
[2025-11-14T21:21:41.016+0000] {processor.py:925} INFO - DAG(s) 'example_task_group' retrieved from /home/airflow/.local/lib/python3.12/site-packages/airflow/example_dags/example_task_group.py
[2025-11-14T21:21:41.166+0000] {logging_mixin.py:190} INFO - [2025-11-14T21:21:41.165+0000] {dag.py:3239} INFO - Sync 1 DAGs
[2025-11-14T21:21:41.270+0000] {logging_mixin.py:190} INFO - [2025-11-14T21:21:41.269+0000] {dag.py:4180} INFO - Setting next_dagrun for example_task_group to None, run_after=None
[2025-11-14T21:21:41.398+0000] {processor.py:208} INFO - Processing /home/airflow/.local/lib/python3.12/site-packages/airflow/example_dags/example_task_group.py took 0.487 seconds
[2025-11-14T21:22:13.040+0000] {processor.py:186} INFO - Started process (PID=785) to work on /home/airflow/.local/lib/python3.12/site-packages/airflow/example_dags/example_task_group.py
[2025-11-14T21:22:13.052+0000] {processor.py:914} INFO - Processing file /home/airflow/.local/lib/python3.12/site-packages/airflow/example_dags/example_task_group.py for tasks to queue
[2025-11-14T21:22:13.085+0000] {logging_mixin.py:190} INFO - [2025-11-14T21:22:13.082+0000] {dagbag.py:588} INFO - Filling up the DagBag from /home/airflow/.local/lib/python3.12/site-packages/airflow/example_dags/example_task_group.py
[2025-11-14T21:22:13.172+0000] {processor.py:925} INFO - DAG(s) 'example_task_group' retrieved from /home/airflow/.local/lib/python3.12/site-packages/airflow/example_dags/example_task_group.py
[2025-11-14T21:22:13.485+0000] {logging_mixin.py:190} INFO - [2025-11-14T21:22:13.484+0000] {dag.py:3239} INFO - Sync 1 DAGs
[2025-11-14T21:22:13.623+0000] {logging_mixin.py:190} INFO - [2025-11-14T21:22:13.622+0000] {dag.py:4180} INFO - Setting next_dagrun for example_task_group to None, run_after=None
[2025-11-14T21:22:13.810+0000] {processor.py:208} INFO - Processing /home/airflow/.local/lib/python3.12/site-packages/airflow/example_dags/example_task_group.py took 0.803 seconds
[2025-11-14T21:22:44.185+0000] {processor.py:186} INFO - Started process (PID=849) to work on /home/airflow/.local/lib/python3.12/site-packages/airflow/example_dags/example_task_group.py
[2025-11-14T21:22:44.189+0000] {processor.py:914} INFO - Processing file /home/airflow/.local/lib/python3.12/site-packages/airflow/example_dags/example_task_group.py for tasks to queue
[2025-11-14T21:22:44.197+0000] {logging_mixin.py:190} INFO - [2025-11-14T21:22:44.196+0000] {dagbag.py:588} INFO - Filling up the DagBag from /home/airflow/.local/lib/python3.12/site-packages/airflow/example_dags/example_task_group.py
[2025-11-14T21:22:44.226+0000] {processor.py:925} INFO - DAG(s) 'example_task_group' retrieved from /home/airflow/.local/lib/python3.12/site-packages/airflow/example_dags/example_task_group.py
[2025-11-14T21:22:44.315+0000] {logging_mixin.py:190} INFO - [2025-11-14T21:22:44.315+0000] {dag.py:3239} INFO - Sync 1 DAGs
[2025-11-14T21:22:44.366+0000] {logging_mixin.py:190} INFO - [2025-11-14T21:22:44.365+0000] {dag.py:4180} INFO - Setting next_dagrun for example_task_group to None, run_after=None
[2025-11-14T21:22:44.428+0000] {processor.py:208} INFO - Processing /home/airflow/.local/lib/python3.12/site-packages/airflow/example_dags/example_task_group.py took 0.264 seconds
[2025-11-14T21:23:15.141+0000] {processor.py:186} INFO - Started process (PID=913) to work on /home/airflow/.local/lib/python3.12/site-packages/airflow/example_dags/example_task_group.py
[2025-11-14T21:23:15.147+0000] {processor.py:914} INFO - Processing file /home/airflow/.local/lib/python3.12/site-packages/airflow/example_dags/example_task_group.py for tasks to queue
[2025-11-14T21:23:15.166+0000] {logging_mixin.py:190} INFO - [2025-11-14T21:23:15.164+0000] {dagbag.py:588} INFO - Filling up the DagBag from /home/airflow/.local/lib/python3.12/site-packages/airflow/example_dags/example_task_group.py
[2025-11-14T21:23:15.217+0000] {processor.py:925} INFO - DAG(s) 'example_task_group' retrieved from /home/airflow/.local/lib/python3.12/site-packages/airflow/example_dags/example_task_group.py
[2025-11-14T21:23:15.300+0000] {logging_mixin.py:190} INFO - [2025-11-14T21:23:15.300+0000] {dag.py:3239} INFO - Sync 1 DAGs
[2025-11-14T21:23:15.348+0000] {logging_mixin.py:190} INFO - [2025-11-14T21:23:15.347+0000] {dag.py:4180} INFO - Setting next_dagrun for example_task_group to None, run_after=None
[2025-11-14T21:23:15.410+0000] {processor.py:208} INFO - Processing /home/airflow/.local/lib/python3.12/site-packages/airflow/example_dags/example_task_group.py took 0.298 seconds
[2025-11-14T21:23:45.763+0000] {processor.py:186} INFO - Started process (PID=976) to work on /home/airflow/.local/lib/python3.12/site-packages/airflow/example_dags/example_task_group.py
[2025-11-14T21:23:45.767+0000] {processor.py:914} INFO - Processing file /home/airflow/.local/lib/python3.12/site-packages/airflow/example_dags/example_task_group.py for tasks to queue
[2025-11-14T21:23:45.775+0000] {logging_mixin.py:190} INFO - [2025-11-14T21:23:45.774+0000] {dagbag.py:588} INFO - Filling up the DagBag from /home/airflow/.local/lib/python3.12/site-packages/airflow/example_dags/example_task_group.py
[2025-11-14T21:23:45.801+0000] {processor.py:925} INFO - DAG(s) 'example_task_group' retrieved from /home/airflow/.local/lib/python3.12/site-packages/airflow/example_dags/example_task_group.py
[2025-11-14T21:23:45.862+0000] {logging_mixin.py:190} INFO - [2025-11-14T21:23:45.861+0000] {dag.py:3239} INFO - Sync 1 DAGs
[2025-11-14T21:23:45.904+0000] {logging_mixin.py:190} INFO - [2025-11-14T21:23:45.903+0000] {dag.py:4180} INFO - Setting next_dagrun for example_task_group to None, run_after=None
[2025-11-14T21:23:45.956+0000] {processor.py:208} INFO - Processing /home/airflow/.local/lib/python3.12/site-packages/airflow/example_dags/example_task_group.py took 0.211 seconds
[2025-11-14T21:24:18.218+0000] {processor.py:186} INFO - Started process (PID=1033) to work on /home/airflow/.local/lib/python3.12/site-packages/airflow/example_dags/example_task_group.py
[2025-11-14T21:24:18.225+0000] {processor.py:914} INFO - Processing file /home/airflow/.local/lib/python3.12/site-packages/airflow/example_dags/example_task_group.py for tasks to queue
[2025-11-14T21:24:18.238+0000] {logging_mixin.py:190} INFO - [2025-11-14T21:24:18.237+0000] {dagbag.py:588} INFO - Filling up the DagBag from /home/airflow/.local/lib/python3.12/site-packages/airflow/example_dags/example_task_group.py
[2025-11-14T21:24:18.279+0000] {processor.py:925} INFO - DAG(s) 'example_task_group' retrieved from /home/airflow/.local/lib/python3.12/site-packages/airflow/example_dags/example_task_group.py
[2025-11-14T21:24:18.376+0000] {logging_mixin.py:190} INFO - [2025-11-14T21:24:18.375+0000] {dag.py:3239} INFO - Sync 1 DAGs
[2025-11-14T21:24:18.457+0000] {logging_mixin.py:190} INFO - [2025-11-14T21:24:18.456+0000] {dag.py:4180} INFO - Setting next_dagrun for example_task_group to None, run_after=None
[2025-11-14T21:24:18.532+0000] {processor.py:208} INFO - Processing /home/airflow/.local/lib/python3.12/site-packages/airflow/example_dags/example_task_group.py took 0.354 seconds
[2025-11-14T21:24:49.318+0000] {processor.py:186} INFO - Started process (PID=1096) to work on /home/airflow/.local/lib/python3.12/site-packages/airflow/example_dags/example_task_group.py
[2025-11-14T21:24:49.324+0000] {processor.py:914} INFO - Processing file /home/airflow/.local/lib/python3.12/site-packages/airflow/example_dags/example_task_group.py for tasks to queue
[2025-11-14T21:24:49.336+0000] {logging_mixin.py:190} INFO - [2025-11-14T21:24:49.334+0000] {dagbag.py:588} INFO - Filling up the DagBag from /home/airflow/.local/lib/python3.12/site-packages/airflow/example_dags/example_task_group.py
[2025-11-14T21:24:49.431+0000] {processor.py:925} INFO - DAG(s) 'example_task_group' retrieved from /home/airflow/.local/lib/python3.12/site-packages/airflow/example_dags/example_task_group.py
[2025-11-14T21:24:49.644+0000] {logging_mixin.py:190} INFO - [2025-11-14T21:24:49.643+0000] {dag.py:3239} INFO - Sync 1 DAGs
[2025-11-14T21:24:49.861+0000] {logging_mixin.py:190} INFO - [2025-11-14T21:24:49.860+0000] {dag.py:4180} INFO - Setting next_dagrun for example_task_group to None, run_after=None
[2025-11-14T21:24:50.001+0000] {processor.py:208} INFO - Processing /home/airflow/.local/lib/python3.12/site-packages/airflow/example_dags/example_task_group.py took 0.708 seconds
[2025-11-14T21:25:20.807+0000] {processor.py:186} INFO - Started process (PID=1160) to work on /home/airflow/.local/lib/python3.12/site-packages/airflow/example_dags/example_task_group.py
[2025-11-14T21:25:20.810+0000] {processor.py:914} INFO - Processing file /home/airflow/.local/lib/python3.12/site-packages/airflow/example_dags/example_task_group.py for tasks to queue
[2025-11-14T21:25:20.817+0000] {logging_mixin.py:190} INFO - [2025-11-14T21:25:20.816+0000] {dagbag.py:588} INFO - Filling up the DagBag from /home/airflow/.local/lib/python3.12/site-packages/airflow/example_dags/example_task_group.py
[2025-11-14T21:25:20.837+0000] {processor.py:925} INFO - DAG(s) 'example_task_group' retrieved from /home/airflow/.local/lib/python3.12/site-packages/airflow/example_dags/example_task_group.py
[2025-11-14T21:25:20.884+0000] {logging_mixin.py:190} INFO - [2025-11-14T21:25:20.884+0000] {dag.py:3239} INFO - Sync 1 DAGs
[2025-11-14T21:25:20.921+0000] {logging_mixin.py:190} INFO - [2025-11-14T21:25:20.920+0000] {dag.py:4180} INFO - Setting next_dagrun for example_task_group to None, run_after=None
[2025-11-14T21:25:20.969+0000] {processor.py:208} INFO - Processing /home/airflow/.local/lib/python3.12/site-packages/airflow/example_dags/example_task_group.py took 0.175 seconds
[2025-11-14T21:25:51.170+0000] {processor.py:186} INFO - Started process (PID=1224) to work on /home/airflow/.local/lib/python3.12/site-packages/airflow/example_dags/example_task_group.py
[2025-11-14T21:25:51.173+0000] {processor.py:914} INFO - Processing file /home/airflow/.local/lib/python3.12/site-packages/airflow/example_dags/example_task_group.py for tasks to queue
[2025-11-14T21:25:51.178+0000] {logging_mixin.py:190} INFO - [2025-11-14T21:25:51.178+0000] {dagbag.py:588} INFO - Filling up the DagBag from /home/airflow/.local/lib/python3.12/site-packages/airflow/example_dags/example_task_group.py
[2025-11-14T21:25:51.197+0000] {processor.py:925} INFO - DAG(s) 'example_task_group' retrieved from /home/airflow/.local/lib/python3.12/site-packages/airflow/example_dags/example_task_group.py
[2025-11-14T21:25:51.239+0000] {logging_mixin.py:190} INFO - [2025-11-14T21:25:51.239+0000] {dag.py:3239} INFO - Sync 1 DAGs
[2025-11-14T21:25:51.267+0000] {logging_mixin.py:190} INFO - [2025-11-14T21:25:51.267+0000] {dag.py:4180} INFO - Setting next_dagrun for example_task_group to None, run_after=None
[2025-11-14T21:25:51.303+0000] {processor.py:208} INFO - Processing /home/airflow/.local/lib/python3.12/site-packages/airflow/example_dags/example_task_group.py took 0.144 seconds
[2025-11-14T21:26:21.785+0000] {processor.py:186} INFO - Started process (PID=1288) to work on /home/airflow/.local/lib/python3.12/site-packages/airflow/example_dags/example_task_group.py
[2025-11-14T21:26:21.788+0000] {processor.py:914} INFO - Processing file /home/airflow/.local/lib/python3.12/site-packages/airflow/example_dags/example_task_group.py for tasks to queue
[2025-11-14T21:26:21.795+0000] {logging_mixin.py:190} INFO - [2025-11-14T21:26:21.794+0000] {dagbag.py:588} INFO - Filling up the DagBag from /home/airflow/.local/lib/python3.12/site-packages/airflow/example_dags/example_task_group.py
[2025-11-14T21:26:21.815+0000] {processor.py:925} INFO - DAG(s) 'example_task_group' retrieved from /home/airflow/.local/lib/python3.12/site-packages/airflow/example_dags/example_task_group.py
[2025-11-14T21:26:21.890+0000] {logging_mixin.py:190} INFO - [2025-11-14T21:26:21.889+0000] {dag.py:3239} INFO - Sync 1 DAGs
[2025-11-14T21:26:21.924+0000] {logging_mixin.py:190} INFO - [2025-11-14T21:26:21.924+0000] {dag.py:4180} INFO - Setting next_dagrun for example_task_group to None, run_after=None
[2025-11-14T21:26:21.960+0000] {processor.py:208} INFO - Processing /home/airflow/.local/lib/python3.12/site-packages/airflow/example_dags/example_task_group.py took 0.195 seconds
[2025-11-14T21:26:52.098+0000] {processor.py:186} INFO - Started process (PID=1352) to work on /home/airflow/.local/lib/python3.12/site-packages/airflow/example_dags/example_task_group.py
[2025-11-14T21:26:52.103+0000] {processor.py:914} INFO - Processing file /home/airflow/.local/lib/python3.12/site-packages/airflow/example_dags/example_task_group.py for tasks to queue
[2025-11-14T21:26:52.121+0000] {logging_mixin.py:190} INFO - [2025-11-14T21:26:52.117+0000] {dagbag.py:588} INFO - Filling up the DagBag from /home/airflow/.local/lib/python3.12/site-packages/airflow/example_dags/example_task_group.py
[2025-11-14T21:26:52.229+0000] {processor.py:925} INFO - DAG(s) 'example_task_group' retrieved from /home/airflow/.local/lib/python3.12/site-packages/airflow/example_dags/example_task_group.py
[2025-11-14T21:26:52.538+0000] {logging_mixin.py:190} INFO - [2025-11-14T21:26:52.537+0000] {dag.py:3239} INFO - Sync 1 DAGs
[2025-11-14T21:26:52.616+0000] {logging_mixin.py:190} INFO - [2025-11-14T21:26:52.615+0000] {dag.py:4180} INFO - Setting next_dagrun for example_task_group to None, run_after=None
[2025-11-14T21:26:52.702+0000] {processor.py:208} INFO - Processing /home/airflow/.local/lib/python3.12/site-packages/airflow/example_dags/example_task_group.py took 0.630 seconds
[2025-11-14T21:27:23.001+0000] {processor.py:186} INFO - Started process (PID=1415) to work on /home/airflow/.local/lib/python3.12/site-packages/airflow/example_dags/example_task_group.py
[2025-11-14T21:27:23.005+0000] {processor.py:914} INFO - Processing file /home/airflow/.local/lib/python3.12/site-packages/airflow/example_dags/example_task_group.py for tasks to queue
[2025-11-14T21:27:23.012+0000] {logging_mixin.py:190} INFO - [2025-11-14T21:27:23.012+0000] {dagbag.py:588} INFO - Filling up the DagBag from /home/airflow/.local/lib/python3.12/site-packages/airflow/example_dags/example_task_group.py
[2025-11-14T21:27:23.033+0000] {processor.py:925} INFO - DAG(s) 'example_task_group' retrieved from /home/airflow/.local/lib/python3.12/site-packages/airflow/example_dags/example_task_group.py
[2025-11-14T21:27:23.090+0000] {logging_mixin.py:190} INFO - [2025-11-14T21:27:23.090+0000] {dag.py:3239} INFO - Sync 1 DAGs
[2025-11-14T21:27:23.121+0000] {logging_mixin.py:190} INFO - [2025-11-14T21:27:23.120+0000] {dag.py:4180} INFO - Setting next_dagrun for example_task_group to None, run_after=None
[2025-11-14T21:27:23.158+0000] {processor.py:208} INFO - Processing /home/airflow/.local/lib/python3.12/site-packages/airflow/example_dags/example_task_group.py took 0.171 seconds
[2025-11-14T21:27:53.972+0000] {processor.py:186} INFO - Started process (PID=1478) to work on /home/airflow/.local/lib/python3.12/site-packages/airflow/example_dags/example_task_group.py
[2025-11-14T21:27:53.978+0000] {processor.py:914} INFO - Processing file /home/airflow/.local/lib/python3.12/site-packages/airflow/example_dags/example_task_group.py for tasks to queue
[2025-11-14T21:27:53.994+0000] {logging_mixin.py:190} INFO - [2025-11-14T21:27:53.992+0000] {dagbag.py:588} INFO - Filling up the DagBag from /home/airflow/.local/lib/python3.12/site-packages/airflow/example_dags/example_task_group.py
[2025-11-14T21:27:54.025+0000] {processor.py:925} INFO - DAG(s) 'example_task_group' retrieved from /home/airflow/.local/lib/python3.12/site-packages/airflow/example_dags/example_task_group.py
[2025-11-14T21:27:54.100+0000] {logging_mixin.py:190} INFO - [2025-11-14T21:27:54.099+0000] {dag.py:3239} INFO - Sync 1 DAGs
[2025-11-14T21:27:54.147+0000] {logging_mixin.py:190} INFO - [2025-11-14T21:27:54.146+0000] {dag.py:4180} INFO - Setting next_dagrun for example_task_group to None, run_after=None
[2025-11-14T21:27:54.196+0000] {processor.py:208} INFO - Processing /home/airflow/.local/lib/python3.12/site-packages/airflow/example_dags/example_task_group.py took 0.253 seconds
