[2025-11-14T21:15:41.063+0000] {processor.py:186} INFO - Started process (PID=51) to work on /home/airflow/.local/lib/python3.12/site-packages/airflow/example_dags/example_external_task_marker_dag.py
[2025-11-14T21:15:41.066+0000] {processor.py:914} INFO - Processing file /home/airflow/.local/lib/python3.12/site-packages/airflow/example_dags/example_external_task_marker_dag.py for tasks to queue
[2025-11-14T21:15:41.071+0000] {logging_mixin.py:190} INFO - [2025-11-14T21:15:41.070+0000] {dagbag.py:588} INFO - Filling up the DagBag from /home/airflow/.local/lib/python3.12/site-packages/airflow/example_dags/example_external_task_marker_dag.py
[2025-11-14T21:15:41.088+0000] {processor.py:925} INFO - DAG(s) 'example_external_task_marker_parent', 'example_external_task_marker_child' retrieved from /home/airflow/.local/lib/python3.12/site-packages/airflow/example_dags/example_external_task_marker_dag.py
[2025-11-14T21:15:41.290+0000] {logging_mixin.py:190} INFO - [2025-11-14T21:15:41.289+0000] {override.py:1900} INFO - Created Permission View: can edit on DAG:example_external_task_marker_parent
[2025-11-14T21:15:41.308+0000] {logging_mixin.py:190} INFO - [2025-11-14T21:15:41.307+0000] {override.py:1900} INFO - Created Permission View: can delete on DAG:example_external_task_marker_parent
[2025-11-14T21:15:41.320+0000] {logging_mixin.py:190} INFO - [2025-11-14T21:15:41.319+0000] {override.py:1900} INFO - Created Permission View: can read on DAG:example_external_task_marker_parent
[2025-11-14T21:15:41.332+0000] {logging_mixin.py:190} INFO - [2025-11-14T21:15:41.332+0000] {override.py:1900} INFO - Created Permission View: menu access on DAG Run:example_external_task_marker_parent
[2025-11-14T21:15:41.344+0000] {logging_mixin.py:190} INFO - [2025-11-14T21:15:41.344+0000] {override.py:1900} INFO - Created Permission View: can create on DAG Run:example_external_task_marker_parent
[2025-11-14T21:15:41.355+0000] {logging_mixin.py:190} INFO - [2025-11-14T21:15:41.355+0000] {override.py:1900} INFO - Created Permission View: can delete on DAG Run:example_external_task_marker_parent
[2025-11-14T21:15:41.366+0000] {logging_mixin.py:190} INFO - [2025-11-14T21:15:41.366+0000] {override.py:1900} INFO - Created Permission View: can read on DAG Run:example_external_task_marker_parent
[2025-11-14T21:15:41.389+0000] {logging_mixin.py:190} INFO - [2025-11-14T21:15:41.389+0000] {override.py:1900} INFO - Created Permission View: can edit on DAG:example_external_task_marker_child
[2025-11-14T21:15:41.401+0000] {logging_mixin.py:190} INFO - [2025-11-14T21:15:41.401+0000] {override.py:1900} INFO - Created Permission View: can delete on DAG:example_external_task_marker_child
[2025-11-14T21:15:41.412+0000] {logging_mixin.py:190} INFO - [2025-11-14T21:15:41.412+0000] {override.py:1900} INFO - Created Permission View: can read on DAG:example_external_task_marker_child
[2025-11-14T21:15:41.425+0000] {logging_mixin.py:190} INFO - [2025-11-14T21:15:41.424+0000] {override.py:1900} INFO - Created Permission View: menu access on DAG Run:example_external_task_marker_child
[2025-11-14T21:15:41.436+0000] {logging_mixin.py:190} INFO - [2025-11-14T21:15:41.436+0000] {override.py:1900} INFO - Created Permission View: can create on DAG Run:example_external_task_marker_child
[2025-11-14T21:15:41.448+0000] {logging_mixin.py:190} INFO - [2025-11-14T21:15:41.447+0000] {override.py:1900} INFO - Created Permission View: can delete on DAG Run:example_external_task_marker_child
[2025-11-14T21:15:41.458+0000] {logging_mixin.py:190} INFO - [2025-11-14T21:15:41.458+0000] {override.py:1900} INFO - Created Permission View: can read on DAG Run:example_external_task_marker_child
[2025-11-14T21:15:41.460+0000] {logging_mixin.py:190} INFO - [2025-11-14T21:15:41.460+0000] {dag.py:3239} INFO - Sync 2 DAGs
[2025-11-14T21:15:41.488+0000] {logging_mixin.py:190} INFO - [2025-11-14T21:15:41.488+0000] {dag.py:3262} INFO - Creating ORM DAG for example_external_task_marker_parent
[2025-11-14T21:15:41.491+0000] {logging_mixin.py:190} INFO - [2025-11-14T21:15:41.491+0000] {dag.py:3262} INFO - Creating ORM DAG for example_external_task_marker_child
[2025-11-14T21:15:41.494+0000] {logging_mixin.py:190} INFO - [2025-11-14T21:15:41.494+0000] {dag.py:4180} INFO - Setting next_dagrun for example_external_task_marker_child to None, run_after=None
[2025-11-14T21:15:41.496+0000] {logging_mixin.py:190} INFO - [2025-11-14T21:15:41.496+0000] {dag.py:4180} INFO - Setting next_dagrun for example_external_task_marker_parent to None, run_after=None
[2025-11-14T21:15:41.527+0000] {processor.py:208} INFO - Processing /home/airflow/.local/lib/python3.12/site-packages/airflow/example_dags/example_external_task_marker_dag.py took 0.476 seconds
[2025-11-14T21:16:11.586+0000] {processor.py:186} INFO - Started process (PID=115) to work on /home/airflow/.local/lib/python3.12/site-packages/airflow/example_dags/example_external_task_marker_dag.py
[2025-11-14T21:16:11.589+0000] {processor.py:914} INFO - Processing file /home/airflow/.local/lib/python3.12/site-packages/airflow/example_dags/example_external_task_marker_dag.py for tasks to queue
[2025-11-14T21:16:11.594+0000] {logging_mixin.py:190} INFO - [2025-11-14T21:16:11.594+0000] {dagbag.py:588} INFO - Filling up the DagBag from /home/airflow/.local/lib/python3.12/site-packages/airflow/example_dags/example_external_task_marker_dag.py
[2025-11-14T21:16:11.608+0000] {processor.py:925} INFO - DAG(s) 'example_external_task_marker_parent', 'example_external_task_marker_child' retrieved from /home/airflow/.local/lib/python3.12/site-packages/airflow/example_dags/example_external_task_marker_dag.py
[2025-11-14T21:16:11.649+0000] {logging_mixin.py:190} INFO - [2025-11-14T21:16:11.649+0000] {dag.py:3239} INFO - Sync 2 DAGs
[2025-11-14T21:16:11.676+0000] {logging_mixin.py:190} INFO - [2025-11-14T21:16:11.675+0000] {dag.py:4180} INFO - Setting next_dagrun for example_external_task_marker_child to None, run_after=None
[2025-11-14T21:16:11.683+0000] {logging_mixin.py:190} INFO - [2025-11-14T21:16:11.683+0000] {dag.py:4180} INFO - Setting next_dagrun for example_external_task_marker_parent to None, run_after=None
[2025-11-14T21:16:11.710+0000] {processor.py:208} INFO - Processing /home/airflow/.local/lib/python3.12/site-packages/airflow/example_dags/example_external_task_marker_dag.py took 0.134 seconds
[2025-11-14T21:16:42.348+0000] {processor.py:186} INFO - Started process (PID=178) to work on /home/airflow/.local/lib/python3.12/site-packages/airflow/example_dags/example_external_task_marker_dag.py
[2025-11-14T21:16:42.350+0000] {processor.py:914} INFO - Processing file /home/airflow/.local/lib/python3.12/site-packages/airflow/example_dags/example_external_task_marker_dag.py for tasks to queue
[2025-11-14T21:16:42.353+0000] {logging_mixin.py:190} INFO - [2025-11-14T21:16:42.353+0000] {dagbag.py:588} INFO - Filling up the DagBag from /home/airflow/.local/lib/python3.12/site-packages/airflow/example_dags/example_external_task_marker_dag.py
[2025-11-14T21:16:42.364+0000] {processor.py:925} INFO - DAG(s) 'example_external_task_marker_child', 'example_external_task_marker_parent' retrieved from /home/airflow/.local/lib/python3.12/site-packages/airflow/example_dags/example_external_task_marker_dag.py
[2025-11-14T21:16:42.396+0000] {logging_mixin.py:190} INFO - [2025-11-14T21:16:42.395+0000] {dag.py:3239} INFO - Sync 2 DAGs
[2025-11-14T21:16:42.416+0000] {logging_mixin.py:190} INFO - [2025-11-14T21:16:42.416+0000] {dag.py:4180} INFO - Setting next_dagrun for example_external_task_marker_child to None, run_after=None
[2025-11-14T21:16:42.426+0000] {logging_mixin.py:190} INFO - [2025-11-14T21:16:42.426+0000] {dag.py:4180} INFO - Setting next_dagrun for example_external_task_marker_parent to None, run_after=None
[2025-11-14T21:16:42.444+0000] {processor.py:208} INFO - Processing /home/airflow/.local/lib/python3.12/site-packages/airflow/example_dags/example_external_task_marker_dag.py took 0.104 seconds
[2025-11-14T21:17:13.515+0000] {processor.py:186} INFO - Started process (PID=241) to work on /home/airflow/.local/lib/python3.12/site-packages/airflow/example_dags/example_external_task_marker_dag.py
[2025-11-14T21:17:13.517+0000] {processor.py:914} INFO - Processing file /home/airflow/.local/lib/python3.12/site-packages/airflow/example_dags/example_external_task_marker_dag.py for tasks to queue
[2025-11-14T21:17:13.520+0000] {logging_mixin.py:190} INFO - [2025-11-14T21:17:13.520+0000] {dagbag.py:588} INFO - Filling up the DagBag from /home/airflow/.local/lib/python3.12/site-packages/airflow/example_dags/example_external_task_marker_dag.py
[2025-11-14T21:17:13.529+0000] {processor.py:925} INFO - DAG(s) 'example_external_task_marker_child', 'example_external_task_marker_parent' retrieved from /home/airflow/.local/lib/python3.12/site-packages/airflow/example_dags/example_external_task_marker_dag.py
[2025-11-14T21:17:13.556+0000] {logging_mixin.py:190} INFO - [2025-11-14T21:17:13.556+0000] {dag.py:3239} INFO - Sync 2 DAGs
[2025-11-14T21:17:13.576+0000] {logging_mixin.py:190} INFO - [2025-11-14T21:17:13.575+0000] {dag.py:4180} INFO - Setting next_dagrun for example_external_task_marker_child to None, run_after=None
[2025-11-14T21:17:13.580+0000] {logging_mixin.py:190} INFO - [2025-11-14T21:17:13.580+0000] {dag.py:4180} INFO - Setting next_dagrun for example_external_task_marker_parent to None, run_after=None
[2025-11-14T21:17:13.597+0000] {processor.py:208} INFO - Processing /home/airflow/.local/lib/python3.12/site-packages/airflow/example_dags/example_external_task_marker_dag.py took 0.088 seconds
[2025-11-14T21:17:43.911+0000] {processor.py:186} INFO - Started process (PID=304) to work on /home/airflow/.local/lib/python3.12/site-packages/airflow/example_dags/example_external_task_marker_dag.py
[2025-11-14T21:17:43.913+0000] {processor.py:914} INFO - Processing file /home/airflow/.local/lib/python3.12/site-packages/airflow/example_dags/example_external_task_marker_dag.py for tasks to queue
[2025-11-14T21:17:43.916+0000] {logging_mixin.py:190} INFO - [2025-11-14T21:17:43.915+0000] {dagbag.py:588} INFO - Filling up the DagBag from /home/airflow/.local/lib/python3.12/site-packages/airflow/example_dags/example_external_task_marker_dag.py
[2025-11-14T21:17:43.924+0000] {processor.py:925} INFO - DAG(s) 'example_external_task_marker_child', 'example_external_task_marker_parent' retrieved from /home/airflow/.local/lib/python3.12/site-packages/airflow/example_dags/example_external_task_marker_dag.py
[2025-11-14T21:17:43.948+0000] {logging_mixin.py:190} INFO - [2025-11-14T21:17:43.948+0000] {dag.py:3239} INFO - Sync 2 DAGs
[2025-11-14T21:17:43.964+0000] {logging_mixin.py:190} INFO - [2025-11-14T21:17:43.964+0000] {dag.py:4180} INFO - Setting next_dagrun for example_external_task_marker_child to None, run_after=None
[2025-11-14T21:17:43.969+0000] {logging_mixin.py:190} INFO - [2025-11-14T21:17:43.969+0000] {dag.py:4180} INFO - Setting next_dagrun for example_external_task_marker_parent to None, run_after=None
[2025-11-14T21:17:43.986+0000] {processor.py:208} INFO - Processing /home/airflow/.local/lib/python3.12/site-packages/airflow/example_dags/example_external_task_marker_dag.py took 0.082 seconds
[2025-11-14T21:18:15.182+0000] {processor.py:186} INFO - Started process (PID=367) to work on /home/airflow/.local/lib/python3.12/site-packages/airflow/example_dags/example_external_task_marker_dag.py
[2025-11-14T21:18:15.184+0000] {processor.py:914} INFO - Processing file /home/airflow/.local/lib/python3.12/site-packages/airflow/example_dags/example_external_task_marker_dag.py for tasks to queue
[2025-11-14T21:18:15.186+0000] {logging_mixin.py:190} INFO - [2025-11-14T21:18:15.186+0000] {dagbag.py:588} INFO - Filling up the DagBag from /home/airflow/.local/lib/python3.12/site-packages/airflow/example_dags/example_external_task_marker_dag.py
[2025-11-14T21:18:15.196+0000] {processor.py:925} INFO - DAG(s) 'example_external_task_marker_parent', 'example_external_task_marker_child' retrieved from /home/airflow/.local/lib/python3.12/site-packages/airflow/example_dags/example_external_task_marker_dag.py
[2025-11-14T21:18:15.220+0000] {logging_mixin.py:190} INFO - [2025-11-14T21:18:15.219+0000] {dag.py:3239} INFO - Sync 2 DAGs
[2025-11-14T21:18:15.237+0000] {logging_mixin.py:190} INFO - [2025-11-14T21:18:15.237+0000] {dag.py:4180} INFO - Setting next_dagrun for example_external_task_marker_child to None, run_after=None
[2025-11-14T21:18:15.243+0000] {logging_mixin.py:190} INFO - [2025-11-14T21:18:15.243+0000] {dag.py:4180} INFO - Setting next_dagrun for example_external_task_marker_parent to None, run_after=None
[2025-11-14T21:18:15.259+0000] {processor.py:208} INFO - Processing /home/airflow/.local/lib/python3.12/site-packages/airflow/example_dags/example_external_task_marker_dag.py took 0.085 seconds
[2025-11-14T21:18:46.505+0000] {processor.py:186} INFO - Started process (PID=432) to work on /home/airflow/.local/lib/python3.12/site-packages/airflow/example_dags/example_external_task_marker_dag.py
[2025-11-14T21:18:46.507+0000] {processor.py:914} INFO - Processing file /home/airflow/.local/lib/python3.12/site-packages/airflow/example_dags/example_external_task_marker_dag.py for tasks to queue
[2025-11-14T21:18:46.510+0000] {logging_mixin.py:190} INFO - [2025-11-14T21:18:46.510+0000] {dagbag.py:588} INFO - Filling up the DagBag from /home/airflow/.local/lib/python3.12/site-packages/airflow/example_dags/example_external_task_marker_dag.py
[2025-11-14T21:18:46.519+0000] {processor.py:925} INFO - DAG(s) 'example_external_task_marker_parent', 'example_external_task_marker_child' retrieved from /home/airflow/.local/lib/python3.12/site-packages/airflow/example_dags/example_external_task_marker_dag.py
[2025-11-14T21:18:46.550+0000] {logging_mixin.py:190} INFO - [2025-11-14T21:18:46.550+0000] {dag.py:3239} INFO - Sync 2 DAGs
[2025-11-14T21:18:46.571+0000] {logging_mixin.py:190} INFO - [2025-11-14T21:18:46.571+0000] {dag.py:4180} INFO - Setting next_dagrun for example_external_task_marker_child to None, run_after=None
[2025-11-14T21:18:46.578+0000] {logging_mixin.py:190} INFO - [2025-11-14T21:18:46.577+0000] {dag.py:4180} INFO - Setting next_dagrun for example_external_task_marker_parent to None, run_after=None
[2025-11-14T21:18:46.598+0000] {processor.py:208} INFO - Processing /home/airflow/.local/lib/python3.12/site-packages/airflow/example_dags/example_external_task_marker_dag.py took 0.100 seconds
[2025-11-14T21:19:17.737+0000] {processor.py:186} INFO - Started process (PID=497) to work on /home/airflow/.local/lib/python3.12/site-packages/airflow/example_dags/example_external_task_marker_dag.py
[2025-11-14T21:19:17.741+0000] {processor.py:914} INFO - Processing file /home/airflow/.local/lib/python3.12/site-packages/airflow/example_dags/example_external_task_marker_dag.py for tasks to queue
[2025-11-14T21:19:17.746+0000] {logging_mixin.py:190} INFO - [2025-11-14T21:19:17.745+0000] {dagbag.py:588} INFO - Filling up the DagBag from /home/airflow/.local/lib/python3.12/site-packages/airflow/example_dags/example_external_task_marker_dag.py
[2025-11-14T21:19:17.762+0000] {processor.py:925} INFO - DAG(s) 'example_external_task_marker_child', 'example_external_task_marker_parent' retrieved from /home/airflow/.local/lib/python3.12/site-packages/airflow/example_dags/example_external_task_marker_dag.py
[2025-11-14T21:19:17.809+0000] {logging_mixin.py:190} INFO - [2025-11-14T21:19:17.809+0000] {dag.py:3239} INFO - Sync 2 DAGs
[2025-11-14T21:19:17.841+0000] {logging_mixin.py:190} INFO - [2025-11-14T21:19:17.841+0000] {dag.py:4180} INFO - Setting next_dagrun for example_external_task_marker_child to None, run_after=None
[2025-11-14T21:19:17.850+0000] {logging_mixin.py:190} INFO - [2025-11-14T21:19:17.850+0000] {dag.py:4180} INFO - Setting next_dagrun for example_external_task_marker_parent to None, run_after=None
[2025-11-14T21:19:17.876+0000] {processor.py:208} INFO - Processing /home/airflow/.local/lib/python3.12/site-packages/airflow/example_dags/example_external_task_marker_dag.py took 0.167 seconds
[2025-11-14T21:19:48.948+0000] {processor.py:186} INFO - Started process (PID=562) to work on /home/airflow/.local/lib/python3.12/site-packages/airflow/example_dags/example_external_task_marker_dag.py
[2025-11-14T21:19:48.954+0000] {processor.py:914} INFO - Processing file /home/airflow/.local/lib/python3.12/site-packages/airflow/example_dags/example_external_task_marker_dag.py for tasks to queue
[2025-11-14T21:19:48.966+0000] {logging_mixin.py:190} INFO - [2025-11-14T21:19:48.964+0000] {dagbag.py:588} INFO - Filling up the DagBag from /home/airflow/.local/lib/python3.12/site-packages/airflow/example_dags/example_external_task_marker_dag.py
[2025-11-14T21:19:49.001+0000] {processor.py:925} INFO - DAG(s) 'example_external_task_marker_child', 'example_external_task_marker_parent' retrieved from /home/airflow/.local/lib/python3.12/site-packages/airflow/example_dags/example_external_task_marker_dag.py
[2025-11-14T21:19:49.111+0000] {logging_mixin.py:190} INFO - [2025-11-14T21:19:49.111+0000] {dag.py:3239} INFO - Sync 2 DAGs
[2025-11-14T21:19:49.157+0000] {logging_mixin.py:190} INFO - [2025-11-14T21:19:49.156+0000] {dag.py:4180} INFO - Setting next_dagrun for example_external_task_marker_child to None, run_after=None
[2025-11-14T21:19:49.174+0000] {logging_mixin.py:190} INFO - [2025-11-14T21:19:49.173+0000] {dag.py:4180} INFO - Setting next_dagrun for example_external_task_marker_parent to None, run_after=None
[2025-11-14T21:19:49.238+0000] {processor.py:208} INFO - Processing /home/airflow/.local/lib/python3.12/site-packages/airflow/example_dags/example_external_task_marker_dag.py took 0.316 seconds
[2025-11-14T21:20:31.329+0000] {processor.py:186} INFO - Started process (PID=642) to work on /home/airflow/.local/lib/python3.12/site-packages/airflow/example_dags/example_external_task_marker_dag.py
[2025-11-14T21:20:31.343+0000] {processor.py:914} INFO - Processing file /home/airflow/.local/lib/python3.12/site-packages/airflow/example_dags/example_external_task_marker_dag.py for tasks to queue
[2025-11-14T21:20:31.368+0000] {logging_mixin.py:190} INFO - [2025-11-14T21:20:31.366+0000] {dagbag.py:588} INFO - Filling up the DagBag from /home/airflow/.local/lib/python3.12/site-packages/airflow/example_dags/example_external_task_marker_dag.py
[2025-11-14T21:20:31.626+0000] {processor.py:925} INFO - DAG(s) 'example_external_task_marker_parent', 'example_external_task_marker_child' retrieved from /home/airflow/.local/lib/python3.12/site-packages/airflow/example_dags/example_external_task_marker_dag.py
[2025-11-14T21:20:32.010+0000] {logging_mixin.py:190} INFO - [2025-11-14T21:20:32.009+0000] {dag.py:3239} INFO - Sync 2 DAGs
[2025-11-14T21:20:32.732+0000] {logging_mixin.py:190} INFO - [2025-11-14T21:20:32.730+0000] {dag.py:4180} INFO - Setting next_dagrun for example_external_task_marker_child to None, run_after=None
[2025-11-14T21:20:32.947+0000] {logging_mixin.py:190} INFO - [2025-11-14T21:20:32.899+0000] {dag.py:4180} INFO - Setting next_dagrun for example_external_task_marker_parent to None, run_after=None
[2025-11-14T21:20:33.558+0000] {processor.py:208} INFO - Processing /home/airflow/.local/lib/python3.12/site-packages/airflow/example_dags/example_external_task_marker_dag.py took 2.340 seconds
[2025-11-14T21:21:24.273+0000] {processor.py:186} INFO - Started process (PID=682) to work on /home/airflow/.local/lib/python3.12/site-packages/airflow/example_dags/example_external_task_marker_dag.py
[2025-11-14T21:21:24.282+0000] {processor.py:914} INFO - Processing file /home/airflow/.local/lib/python3.12/site-packages/airflow/example_dags/example_external_task_marker_dag.py for tasks to queue
[2025-11-14T21:21:24.302+0000] {logging_mixin.py:190} INFO - [2025-11-14T21:21:24.297+0000] {dagbag.py:588} INFO - Filling up the DagBag from /home/airflow/.local/lib/python3.12/site-packages/airflow/example_dags/example_external_task_marker_dag.py
[2025-11-14T21:21:24.377+0000] {processor.py:925} INFO - DAG(s) 'example_external_task_marker_parent', 'example_external_task_marker_child' retrieved from /home/airflow/.local/lib/python3.12/site-packages/airflow/example_dags/example_external_task_marker_dag.py
[2025-11-14T21:21:24.555+0000] {logging_mixin.py:190} INFO - [2025-11-14T21:21:24.553+0000] {dag.py:3239} INFO - Sync 2 DAGs
[2025-11-14T21:21:24.667+0000] {logging_mixin.py:190} INFO - [2025-11-14T21:21:24.666+0000] {dag.py:4180} INFO - Setting next_dagrun for example_external_task_marker_child to None, run_after=None
[2025-11-14T21:21:24.702+0000] {logging_mixin.py:190} INFO - [2025-11-14T21:21:24.700+0000] {dag.py:4180} INFO - Setting next_dagrun for example_external_task_marker_parent to None, run_after=None
[2025-11-14T21:21:24.850+0000] {processor.py:208} INFO - Processing /home/airflow/.local/lib/python3.12/site-packages/airflow/example_dags/example_external_task_marker_dag.py took 0.626 seconds
[2025-11-14T21:21:58.896+0000] {processor.py:186} INFO - Started process (PID=747) to work on /home/airflow/.local/lib/python3.12/site-packages/airflow/example_dags/example_external_task_marker_dag.py
[2025-11-14T21:21:58.901+0000] {processor.py:914} INFO - Processing file /home/airflow/.local/lib/python3.12/site-packages/airflow/example_dags/example_external_task_marker_dag.py for tasks to queue
[2025-11-14T21:21:58.912+0000] {logging_mixin.py:190} INFO - [2025-11-14T21:21:58.911+0000] {dagbag.py:588} INFO - Filling up the DagBag from /home/airflow/.local/lib/python3.12/site-packages/airflow/example_dags/example_external_task_marker_dag.py
[2025-11-14T21:21:58.949+0000] {processor.py:925} INFO - DAG(s) 'example_external_task_marker_parent', 'example_external_task_marker_child' retrieved from /home/airflow/.local/lib/python3.12/site-packages/airflow/example_dags/example_external_task_marker_dag.py
[2025-11-14T21:21:59.049+0000] {logging_mixin.py:190} INFO - [2025-11-14T21:21:59.049+0000] {dag.py:3239} INFO - Sync 2 DAGs
[2025-11-14T21:21:59.117+0000] {logging_mixin.py:190} INFO - [2025-11-14T21:21:59.116+0000] {dag.py:4180} INFO - Setting next_dagrun for example_external_task_marker_child to None, run_after=None
[2025-11-14T21:21:59.134+0000] {logging_mixin.py:190} INFO - [2025-11-14T21:21:59.133+0000] {dag.py:4180} INFO - Setting next_dagrun for example_external_task_marker_parent to None, run_after=None
[2025-11-14T21:21:59.212+0000] {processor.py:208} INFO - Processing /home/airflow/.local/lib/python3.12/site-packages/airflow/example_dags/example_external_task_marker_dag.py took 0.350 seconds
[2025-11-14T21:22:30.483+0000] {processor.py:186} INFO - Started process (PID=811) to work on /home/airflow/.local/lib/python3.12/site-packages/airflow/example_dags/example_external_task_marker_dag.py
[2025-11-14T21:22:30.495+0000] {processor.py:914} INFO - Processing file /home/airflow/.local/lib/python3.12/site-packages/airflow/example_dags/example_external_task_marker_dag.py for tasks to queue
[2025-11-14T21:22:30.519+0000] {logging_mixin.py:190} INFO - [2025-11-14T21:22:30.517+0000] {dagbag.py:588} INFO - Filling up the DagBag from /home/airflow/.local/lib/python3.12/site-packages/airflow/example_dags/example_external_task_marker_dag.py
[2025-11-14T21:22:30.562+0000] {processor.py:925} INFO - DAG(s) 'example_external_task_marker_child', 'example_external_task_marker_parent' retrieved from /home/airflow/.local/lib/python3.12/site-packages/airflow/example_dags/example_external_task_marker_dag.py
[2025-11-14T21:22:30.741+0000] {logging_mixin.py:190} INFO - [2025-11-14T21:22:30.740+0000] {dag.py:3239} INFO - Sync 2 DAGs
[2025-11-14T21:22:30.989+0000] {logging_mixin.py:190} INFO - [2025-11-14T21:22:30.988+0000] {dag.py:4180} INFO - Setting next_dagrun for example_external_task_marker_child to None, run_after=None
[2025-11-14T21:22:31.075+0000] {logging_mixin.py:190} INFO - [2025-11-14T21:22:31.074+0000] {dag.py:4180} INFO - Setting next_dagrun for example_external_task_marker_parent to None, run_after=None
[2025-11-14T21:22:31.234+0000] {processor.py:208} INFO - Processing /home/airflow/.local/lib/python3.12/site-packages/airflow/example_dags/example_external_task_marker_dag.py took 0.793 seconds
[2025-11-14T21:23:01.804+0000] {processor.py:186} INFO - Started process (PID=883) to work on /home/airflow/.local/lib/python3.12/site-packages/airflow/example_dags/example_external_task_marker_dag.py
[2025-11-14T21:23:01.809+0000] {processor.py:914} INFO - Processing file /home/airflow/.local/lib/python3.12/site-packages/airflow/example_dags/example_external_task_marker_dag.py for tasks to queue
[2025-11-14T21:23:01.818+0000] {logging_mixin.py:190} INFO - [2025-11-14T21:23:01.817+0000] {dagbag.py:588} INFO - Filling up the DagBag from /home/airflow/.local/lib/python3.12/site-packages/airflow/example_dags/example_external_task_marker_dag.py
[2025-11-14T21:23:01.845+0000] {processor.py:925} INFO - DAG(s) 'example_external_task_marker_parent', 'example_external_task_marker_child' retrieved from /home/airflow/.local/lib/python3.12/site-packages/airflow/example_dags/example_external_task_marker_dag.py
[2025-11-14T21:23:01.955+0000] {logging_mixin.py:190} INFO - [2025-11-14T21:23:01.954+0000] {dag.py:3239} INFO - Sync 2 DAGs
[2025-11-14T21:23:02.022+0000] {logging_mixin.py:190} INFO - [2025-11-14T21:23:02.022+0000] {dag.py:4180} INFO - Setting next_dagrun for example_external_task_marker_child to None, run_after=None
[2025-11-14T21:23:02.038+0000] {logging_mixin.py:190} INFO - [2025-11-14T21:23:02.037+0000] {dag.py:4180} INFO - Setting next_dagrun for example_external_task_marker_parent to None, run_after=None
[2025-11-14T21:23:02.094+0000] {processor.py:208} INFO - Processing /home/airflow/.local/lib/python3.12/site-packages/airflow/example_dags/example_external_task_marker_dag.py took 0.311 seconds
[2025-11-14T21:23:32.455+0000] {processor.py:186} INFO - Started process (PID=946) to work on /home/airflow/.local/lib/python3.12/site-packages/airflow/example_dags/example_external_task_marker_dag.py
[2025-11-14T21:23:32.460+0000] {processor.py:914} INFO - Processing file /home/airflow/.local/lib/python3.12/site-packages/airflow/example_dags/example_external_task_marker_dag.py for tasks to queue
[2025-11-14T21:23:32.476+0000] {logging_mixin.py:190} INFO - [2025-11-14T21:23:32.475+0000] {dagbag.py:588} INFO - Filling up the DagBag from /home/airflow/.local/lib/python3.12/site-packages/airflow/example_dags/example_external_task_marker_dag.py
[2025-11-14T21:23:32.528+0000] {processor.py:925} INFO - DAG(s) 'example_external_task_marker_parent', 'example_external_task_marker_child' retrieved from /home/airflow/.local/lib/python3.12/site-packages/airflow/example_dags/example_external_task_marker_dag.py
[2025-11-14T21:23:32.618+0000] {logging_mixin.py:190} INFO - [2025-11-14T21:23:32.618+0000] {dag.py:3239} INFO - Sync 2 DAGs
[2025-11-14T21:23:32.703+0000] {logging_mixin.py:190} INFO - [2025-11-14T21:23:32.703+0000] {dag.py:4180} INFO - Setting next_dagrun for example_external_task_marker_child to None, run_after=None
[2025-11-14T21:23:32.721+0000] {logging_mixin.py:190} INFO - [2025-11-14T21:23:32.720+0000] {dag.py:4180} INFO - Setting next_dagrun for example_external_task_marker_parent to None, run_after=None
[2025-11-14T21:23:32.824+0000] {processor.py:208} INFO - Processing /home/airflow/.local/lib/python3.12/site-packages/airflow/example_dags/example_external_task_marker_dag.py took 0.409 seconds
[2025-11-14T21:24:03.888+0000] {processor.py:186} INFO - Started process (PID=1009) to work on /home/airflow/.local/lib/python3.12/site-packages/airflow/example_dags/example_external_task_marker_dag.py
[2025-11-14T21:24:03.894+0000] {processor.py:914} INFO - Processing file /home/airflow/.local/lib/python3.12/site-packages/airflow/example_dags/example_external_task_marker_dag.py for tasks to queue
[2025-11-14T21:24:03.909+0000] {logging_mixin.py:190} INFO - [2025-11-14T21:24:03.907+0000] {dagbag.py:588} INFO - Filling up the DagBag from /home/airflow/.local/lib/python3.12/site-packages/airflow/example_dags/example_external_task_marker_dag.py
[2025-11-14T21:24:03.941+0000] {processor.py:925} INFO - DAG(s) 'example_external_task_marker_parent', 'example_external_task_marker_child' retrieved from /home/airflow/.local/lib/python3.12/site-packages/airflow/example_dags/example_external_task_marker_dag.py
[2025-11-14T21:24:04.025+0000] {logging_mixin.py:190} INFO - [2025-11-14T21:24:04.024+0000] {dag.py:3239} INFO - Sync 2 DAGs
[2025-11-14T21:24:04.093+0000] {logging_mixin.py:190} INFO - [2025-11-14T21:24:04.092+0000] {dag.py:4180} INFO - Setting next_dagrun for example_external_task_marker_child to None, run_after=None
[2025-11-14T21:24:04.110+0000] {logging_mixin.py:190} INFO - [2025-11-14T21:24:04.110+0000] {dag.py:4180} INFO - Setting next_dagrun for example_external_task_marker_parent to None, run_after=None
[2025-11-14T21:24:04.162+0000] {processor.py:208} INFO - Processing /home/airflow/.local/lib/python3.12/site-packages/airflow/example_dags/example_external_task_marker_dag.py took 0.297 seconds
[2025-11-14T21:24:35.767+0000] {processor.py:186} INFO - Started process (PID=1072) to work on /home/airflow/.local/lib/python3.12/site-packages/airflow/example_dags/example_external_task_marker_dag.py
[2025-11-14T21:24:35.772+0000] {processor.py:914} INFO - Processing file /home/airflow/.local/lib/python3.12/site-packages/airflow/example_dags/example_external_task_marker_dag.py for tasks to queue
[2025-11-14T21:24:35.789+0000] {logging_mixin.py:190} INFO - [2025-11-14T21:24:35.787+0000] {dagbag.py:588} INFO - Filling up the DagBag from /home/airflow/.local/lib/python3.12/site-packages/airflow/example_dags/example_external_task_marker_dag.py
[2025-11-14T21:24:35.859+0000] {processor.py:925} INFO - DAG(s) 'example_external_task_marker_child', 'example_external_task_marker_parent' retrieved from /home/airflow/.local/lib/python3.12/site-packages/airflow/example_dags/example_external_task_marker_dag.py
[2025-11-14T21:24:36.137+0000] {logging_mixin.py:190} INFO - [2025-11-14T21:24:36.136+0000] {dag.py:3239} INFO - Sync 2 DAGs
[2025-11-14T21:24:36.300+0000] {logging_mixin.py:190} INFO - [2025-11-14T21:24:36.299+0000] {dag.py:4180} INFO - Setting next_dagrun for example_external_task_marker_child to None, run_after=None
[2025-11-14T21:24:36.319+0000] {logging_mixin.py:190} INFO - [2025-11-14T21:24:36.318+0000] {dag.py:4180} INFO - Setting next_dagrun for example_external_task_marker_parent to None, run_after=None
[2025-11-14T21:24:36.388+0000] {processor.py:208} INFO - Processing /home/airflow/.local/lib/python3.12/site-packages/airflow/example_dags/example_external_task_marker_dag.py took 0.652 seconds
[2025-11-14T21:25:06.973+0000] {processor.py:186} INFO - Started process (PID=1136) to work on /home/airflow/.local/lib/python3.12/site-packages/airflow/example_dags/example_external_task_marker_dag.py
[2025-11-14T21:25:06.978+0000] {processor.py:914} INFO - Processing file /home/airflow/.local/lib/python3.12/site-packages/airflow/example_dags/example_external_task_marker_dag.py for tasks to queue
[2025-11-14T21:25:06.993+0000] {logging_mixin.py:190} INFO - [2025-11-14T21:25:06.990+0000] {dagbag.py:588} INFO - Filling up the DagBag from /home/airflow/.local/lib/python3.12/site-packages/airflow/example_dags/example_external_task_marker_dag.py
[2025-11-14T21:25:07.022+0000] {processor.py:925} INFO - DAG(s) 'example_external_task_marker_child', 'example_external_task_marker_parent' retrieved from /home/airflow/.local/lib/python3.12/site-packages/airflow/example_dags/example_external_task_marker_dag.py
[2025-11-14T21:25:07.093+0000] {logging_mixin.py:190} INFO - [2025-11-14T21:25:07.093+0000] {dag.py:3239} INFO - Sync 2 DAGs
[2025-11-14T21:25:07.134+0000] {logging_mixin.py:190} INFO - [2025-11-14T21:25:07.133+0000] {dag.py:4180} INFO - Setting next_dagrun for example_external_task_marker_child to None, run_after=None
[2025-11-14T21:25:07.147+0000] {logging_mixin.py:190} INFO - [2025-11-14T21:25:07.146+0000] {dag.py:4180} INFO - Setting next_dagrun for example_external_task_marker_parent to None, run_after=None
[2025-11-14T21:25:07.192+0000] {processor.py:208} INFO - Processing /home/airflow/.local/lib/python3.12/site-packages/airflow/example_dags/example_external_task_marker_dag.py took 0.234 seconds
[2025-11-14T21:25:38.561+0000] {processor.py:186} INFO - Started process (PID=1200) to work on /home/airflow/.local/lib/python3.12/site-packages/airflow/example_dags/example_external_task_marker_dag.py
[2025-11-14T21:25:38.564+0000] {processor.py:914} INFO - Processing file /home/airflow/.local/lib/python3.12/site-packages/airflow/example_dags/example_external_task_marker_dag.py for tasks to queue
[2025-11-14T21:25:38.578+0000] {logging_mixin.py:190} INFO - [2025-11-14T21:25:38.576+0000] {dagbag.py:588} INFO - Filling up the DagBag from /home/airflow/.local/lib/python3.12/site-packages/airflow/example_dags/example_external_task_marker_dag.py
[2025-11-14T21:25:38.600+0000] {processor.py:925} INFO - DAG(s) 'example_external_task_marker_child', 'example_external_task_marker_parent' retrieved from /home/airflow/.local/lib/python3.12/site-packages/airflow/example_dags/example_external_task_marker_dag.py
[2025-11-14T21:25:38.671+0000] {logging_mixin.py:190} INFO - [2025-11-14T21:25:38.667+0000] {dag.py:3239} INFO - Sync 2 DAGs
[2025-11-14T21:25:38.854+0000] {logging_mixin.py:190} INFO - [2025-11-14T21:25:38.852+0000] {dag.py:4180} INFO - Setting next_dagrun for example_external_task_marker_child to None, run_after=None
[2025-11-14T21:25:38.878+0000] {logging_mixin.py:190} INFO - [2025-11-14T21:25:38.876+0000] {dag.py:4180} INFO - Setting next_dagrun for example_external_task_marker_parent to None, run_after=None
[2025-11-14T21:25:38.958+0000] {processor.py:208} INFO - Processing /home/airflow/.local/lib/python3.12/site-packages/airflow/example_dags/example_external_task_marker_dag.py took 0.413 seconds
[2025-11-14T21:26:09.178+0000] {processor.py:186} INFO - Started process (PID=1264) to work on /home/airflow/.local/lib/python3.12/site-packages/airflow/example_dags/example_external_task_marker_dag.py
[2025-11-14T21:26:09.181+0000] {processor.py:914} INFO - Processing file /home/airflow/.local/lib/python3.12/site-packages/airflow/example_dags/example_external_task_marker_dag.py for tasks to queue
[2025-11-14T21:26:09.188+0000] {logging_mixin.py:190} INFO - [2025-11-14T21:26:09.187+0000] {dagbag.py:588} INFO - Filling up the DagBag from /home/airflow/.local/lib/python3.12/site-packages/airflow/example_dags/example_external_task_marker_dag.py
[2025-11-14T21:26:09.205+0000] {processor.py:925} INFO - DAG(s) 'example_external_task_marker_child', 'example_external_task_marker_parent' retrieved from /home/airflow/.local/lib/python3.12/site-packages/airflow/example_dags/example_external_task_marker_dag.py
[2025-11-14T21:26:09.252+0000] {logging_mixin.py:190} INFO - [2025-11-14T21:26:09.252+0000] {dag.py:3239} INFO - Sync 2 DAGs
[2025-11-14T21:26:09.283+0000] {logging_mixin.py:190} INFO - [2025-11-14T21:26:09.282+0000] {dag.py:4180} INFO - Setting next_dagrun for example_external_task_marker_child to None, run_after=None
[2025-11-14T21:26:09.291+0000] {logging_mixin.py:190} INFO - [2025-11-14T21:26:09.290+0000] {dag.py:4180} INFO - Setting next_dagrun for example_external_task_marker_parent to None, run_after=None
[2025-11-14T21:26:09.326+0000] {processor.py:208} INFO - Processing /home/airflow/.local/lib/python3.12/site-packages/airflow/example_dags/example_external_task_marker_dag.py took 0.161 seconds
[2025-11-14T21:26:39.888+0000] {processor.py:186} INFO - Started process (PID=1328) to work on /home/airflow/.local/lib/python3.12/site-packages/airflow/example_dags/example_external_task_marker_dag.py
[2025-11-14T21:26:39.891+0000] {processor.py:914} INFO - Processing file /home/airflow/.local/lib/python3.12/site-packages/airflow/example_dags/example_external_task_marker_dag.py for tasks to queue
[2025-11-14T21:26:39.897+0000] {logging_mixin.py:190} INFO - [2025-11-14T21:26:39.896+0000] {dagbag.py:588} INFO - Filling up the DagBag from /home/airflow/.local/lib/python3.12/site-packages/airflow/example_dags/example_external_task_marker_dag.py
[2025-11-14T21:26:39.912+0000] {processor.py:925} INFO - DAG(s) 'example_external_task_marker_child', 'example_external_task_marker_parent' retrieved from /home/airflow/.local/lib/python3.12/site-packages/airflow/example_dags/example_external_task_marker_dag.py
[2025-11-14T21:26:39.959+0000] {logging_mixin.py:190} INFO - [2025-11-14T21:26:39.958+0000] {dag.py:3239} INFO - Sync 2 DAGs
[2025-11-14T21:26:39.998+0000] {logging_mixin.py:190} INFO - [2025-11-14T21:26:39.998+0000] {dag.py:4180} INFO - Setting next_dagrun for example_external_task_marker_child to None, run_after=None
[2025-11-14T21:26:40.010+0000] {logging_mixin.py:190} INFO - [2025-11-14T21:26:40.010+0000] {dag.py:4180} INFO - Setting next_dagrun for example_external_task_marker_parent to None, run_after=None
[2025-11-14T21:26:40.041+0000] {processor.py:208} INFO - Processing /home/airflow/.local/lib/python3.12/site-packages/airflow/example_dags/example_external_task_marker_dag.py took 0.165 seconds
[2025-11-14T21:27:10.559+0000] {processor.py:186} INFO - Started process (PID=1391) to work on /home/airflow/.local/lib/python3.12/site-packages/airflow/example_dags/example_external_task_marker_dag.py
[2025-11-14T21:27:10.562+0000] {processor.py:914} INFO - Processing file /home/airflow/.local/lib/python3.12/site-packages/airflow/example_dags/example_external_task_marker_dag.py for tasks to queue
[2025-11-14T21:27:10.568+0000] {logging_mixin.py:190} INFO - [2025-11-14T21:27:10.567+0000] {dagbag.py:588} INFO - Filling up the DagBag from /home/airflow/.local/lib/python3.12/site-packages/airflow/example_dags/example_external_task_marker_dag.py
[2025-11-14T21:27:10.583+0000] {processor.py:925} INFO - DAG(s) 'example_external_task_marker_child', 'example_external_task_marker_parent' retrieved from /home/airflow/.local/lib/python3.12/site-packages/airflow/example_dags/example_external_task_marker_dag.py
[2025-11-14T21:27:10.625+0000] {logging_mixin.py:190} INFO - [2025-11-14T21:27:10.625+0000] {dag.py:3239} INFO - Sync 2 DAGs
[2025-11-14T21:27:10.654+0000] {logging_mixin.py:190} INFO - [2025-11-14T21:27:10.654+0000] {dag.py:4180} INFO - Setting next_dagrun for example_external_task_marker_child to None, run_after=None
[2025-11-14T21:27:10.661+0000] {logging_mixin.py:190} INFO - [2025-11-14T21:27:10.661+0000] {dag.py:4180} INFO - Setting next_dagrun for example_external_task_marker_parent to None, run_after=None
[2025-11-14T21:27:10.691+0000] {processor.py:208} INFO - Processing /home/airflow/.local/lib/python3.12/site-packages/airflow/example_dags/example_external_task_marker_dag.py took 0.143 seconds
[2025-11-14T21:27:41.108+0000] {processor.py:186} INFO - Started process (PID=1454) to work on /home/airflow/.local/lib/python3.12/site-packages/airflow/example_dags/example_external_task_marker_dag.py
[2025-11-14T21:27:41.112+0000] {processor.py:914} INFO - Processing file /home/airflow/.local/lib/python3.12/site-packages/airflow/example_dags/example_external_task_marker_dag.py for tasks to queue
[2025-11-14T21:27:41.118+0000] {logging_mixin.py:190} INFO - [2025-11-14T21:27:41.117+0000] {dagbag.py:588} INFO - Filling up the DagBag from /home/airflow/.local/lib/python3.12/site-packages/airflow/example_dags/example_external_task_marker_dag.py
[2025-11-14T21:27:41.135+0000] {processor.py:925} INFO - DAG(s) 'example_external_task_marker_child', 'example_external_task_marker_parent' retrieved from /home/airflow/.local/lib/python3.12/site-packages/airflow/example_dags/example_external_task_marker_dag.py
[2025-11-14T21:27:41.185+0000] {logging_mixin.py:190} INFO - [2025-11-14T21:27:41.184+0000] {dag.py:3239} INFO - Sync 2 DAGs
[2025-11-14T21:27:41.219+0000] {logging_mixin.py:190} INFO - [2025-11-14T21:27:41.218+0000] {dag.py:4180} INFO - Setting next_dagrun for example_external_task_marker_child to None, run_after=None
[2025-11-14T21:27:41.228+0000] {logging_mixin.py:190} INFO - [2025-11-14T21:27:41.228+0000] {dag.py:4180} INFO - Setting next_dagrun for example_external_task_marker_parent to None, run_after=None
[2025-11-14T21:27:41.262+0000] {processor.py:208} INFO - Processing /home/airflow/.local/lib/python3.12/site-packages/airflow/example_dags/example_external_task_marker_dag.py took 0.167 seconds
[2025-11-14T21:28:12.464+0000] {processor.py:186} INFO - Started process (PID=1517) to work on /home/airflow/.local/lib/python3.12/site-packages/airflow/example_dags/example_external_task_marker_dag.py
[2025-11-14T21:28:12.467+0000] {processor.py:914} INFO - Processing file /home/airflow/.local/lib/python3.12/site-packages/airflow/example_dags/example_external_task_marker_dag.py for tasks to queue
[2025-11-14T21:28:12.473+0000] {logging_mixin.py:190} INFO - [2025-11-14T21:28:12.472+0000] {dagbag.py:588} INFO - Filling up the DagBag from /home/airflow/.local/lib/python3.12/site-packages/airflow/example_dags/example_external_task_marker_dag.py
[2025-11-14T21:28:12.492+0000] {processor.py:925} INFO - DAG(s) 'example_external_task_marker_parent', 'example_external_task_marker_child' retrieved from /home/airflow/.local/lib/python3.12/site-packages/airflow/example_dags/example_external_task_marker_dag.py
[2025-11-14T21:28:12.544+0000] {logging_mixin.py:190} INFO - [2025-11-14T21:28:12.544+0000] {dag.py:3239} INFO - Sync 2 DAGs
[2025-11-14T21:28:12.579+0000] {logging_mixin.py:190} INFO - [2025-11-14T21:28:12.578+0000] {dag.py:4180} INFO - Setting next_dagrun for example_external_task_marker_child to None, run_after=None
[2025-11-14T21:28:12.588+0000] {logging_mixin.py:190} INFO - [2025-11-14T21:28:12.588+0000] {dag.py:4180} INFO - Setting next_dagrun for example_external_task_marker_parent to None, run_after=None
[2025-11-14T21:28:12.622+0000] {processor.py:208} INFO - Processing /home/airflow/.local/lib/python3.12/site-packages/airflow/example_dags/example_external_task_marker_dag.py took 0.173 seconds
