[2025-11-14T21:15:47.156+0000] {processor.py:186} INFO - Started process (PID=69) to work on /home/airflow/.local/lib/python3.12/site-packages/airflow/example_dags/example_bash_operator.py
[2025-11-14T21:15:47.159+0000] {processor.py:914} INFO - Processing file /home/airflow/.local/lib/python3.12/site-packages/airflow/example_dags/example_bash_operator.py for tasks to queue
[2025-11-14T21:15:47.165+0000] {logging_mixin.py:190} INFO - [2025-11-14T21:15:47.164+0000] {dagbag.py:588} INFO - Filling up the DagBag from /home/airflow/.local/lib/python3.12/site-packages/airflow/example_dags/example_bash_operator.py
[2025-11-14T21:15:47.194+0000] {processor.py:925} INFO - DAG(s) 'example_bash_operator' retrieved from /home/airflow/.local/lib/python3.12/site-packages/airflow/example_dags/example_bash_operator.py
[2025-11-14T21:15:47.422+0000] {logging_mixin.py:190} INFO - [2025-11-14T21:15:47.421+0000] {override.py:1900} INFO - Created Permission View: can edit on DAG:example_bash_operator
[2025-11-14T21:15:47.441+0000] {logging_mixin.py:190} INFO - [2025-11-14T21:15:47.440+0000] {override.py:1900} INFO - Created Permission View: can delete on DAG:example_bash_operator
[2025-11-14T21:15:47.453+0000] {logging_mixin.py:190} INFO - [2025-11-14T21:15:47.452+0000] {override.py:1900} INFO - Created Permission View: can read on DAG:example_bash_operator
[2025-11-14T21:15:47.466+0000] {logging_mixin.py:190} INFO - [2025-11-14T21:15:47.465+0000] {override.py:1900} INFO - Created Permission View: menu access on DAG Run:example_bash_operator
[2025-11-14T21:15:47.478+0000] {logging_mixin.py:190} INFO - [2025-11-14T21:15:47.477+0000] {override.py:1900} INFO - Created Permission View: can create on DAG Run:example_bash_operator
[2025-11-14T21:15:47.490+0000] {logging_mixin.py:190} INFO - [2025-11-14T21:15:47.489+0000] {override.py:1900} INFO - Created Permission View: can delete on DAG Run:example_bash_operator
[2025-11-14T21:15:47.502+0000] {logging_mixin.py:190} INFO - [2025-11-14T21:15:47.502+0000] {override.py:1900} INFO - Created Permission View: can read on DAG Run:example_bash_operator
[2025-11-14T21:15:47.504+0000] {logging_mixin.py:190} INFO - [2025-11-14T21:15:47.503+0000] {dag.py:3239} INFO - Sync 1 DAGs
[2025-11-14T21:15:47.532+0000] {logging_mixin.py:190} INFO - [2025-11-14T21:15:47.531+0000] {dag.py:3262} INFO - Creating ORM DAG for example_bash_operator
[2025-11-14T21:15:47.554+0000] {logging_mixin.py:190} INFO - [2025-11-14T21:15:47.553+0000] {dag.py:4180} INFO - Setting next_dagrun for example_bash_operator to 2025-11-13 00:00:00+00:00, run_after=2025-11-14 00:00:00+00:00
[2025-11-14T21:15:47.585+0000] {processor.py:208} INFO - Processing /home/airflow/.local/lib/python3.12/site-packages/airflow/example_dags/example_bash_operator.py took 0.442 seconds
[2025-11-14T21:16:18.516+0000] {processor.py:186} INFO - Started process (PID=133) to work on /home/airflow/.local/lib/python3.12/site-packages/airflow/example_dags/example_bash_operator.py
[2025-11-14T21:16:18.518+0000] {processor.py:914} INFO - Processing file /home/airflow/.local/lib/python3.12/site-packages/airflow/example_dags/example_bash_operator.py for tasks to queue
[2025-11-14T21:16:18.523+0000] {logging_mixin.py:190} INFO - [2025-11-14T21:16:18.522+0000] {dagbag.py:588} INFO - Filling up the DagBag from /home/airflow/.local/lib/python3.12/site-packages/airflow/example_dags/example_bash_operator.py
[2025-11-14T21:16:18.546+0000] {processor.py:925} INFO - DAG(s) 'example_bash_operator' retrieved from /home/airflow/.local/lib/python3.12/site-packages/airflow/example_dags/example_bash_operator.py
[2025-11-14T21:16:18.594+0000] {logging_mixin.py:190} INFO - [2025-11-14T21:16:18.594+0000] {dag.py:3239} INFO - Sync 1 DAGs
[2025-11-14T21:16:18.635+0000] {logging_mixin.py:190} INFO - [2025-11-14T21:16:18.634+0000] {dag.py:4180} INFO - Setting next_dagrun for example_bash_operator to 2025-11-13 00:00:00+00:00, run_after=2025-11-14 00:00:00+00:00
[2025-11-14T21:16:18.665+0000] {processor.py:208} INFO - Processing /home/airflow/.local/lib/python3.12/site-packages/airflow/example_dags/example_bash_operator.py took 0.161 seconds
[2025-11-14T21:16:48.742+0000] {processor.py:186} INFO - Started process (PID=195) to work on /home/airflow/.local/lib/python3.12/site-packages/airflow/example_dags/example_bash_operator.py
[2025-11-14T21:16:48.744+0000] {processor.py:914} INFO - Processing file /home/airflow/.local/lib/python3.12/site-packages/airflow/example_dags/example_bash_operator.py for tasks to queue
[2025-11-14T21:16:48.747+0000] {logging_mixin.py:190} INFO - [2025-11-14T21:16:48.747+0000] {dagbag.py:588} INFO - Filling up the DagBag from /home/airflow/.local/lib/python3.12/site-packages/airflow/example_dags/example_bash_operator.py
[2025-11-14T21:16:48.763+0000] {processor.py:925} INFO - DAG(s) 'example_bash_operator' retrieved from /home/airflow/.local/lib/python3.12/site-packages/airflow/example_dags/example_bash_operator.py
[2025-11-14T21:16:48.794+0000] {logging_mixin.py:190} INFO - [2025-11-14T21:16:48.794+0000] {dag.py:3239} INFO - Sync 1 DAGs
[2025-11-14T21:16:48.820+0000] {logging_mixin.py:190} INFO - [2025-11-14T21:16:48.820+0000] {dag.py:4180} INFO - Setting next_dagrun for example_bash_operator to 2025-11-13 00:00:00+00:00, run_after=2025-11-14 00:00:00+00:00
[2025-11-14T21:16:48.839+0000] {processor.py:208} INFO - Processing /home/airflow/.local/lib/python3.12/site-packages/airflow/example_dags/example_bash_operator.py took 0.105 seconds
[2025-11-14T21:17:18.895+0000] {processor.py:186} INFO - Started process (PID=258) to work on /home/airflow/.local/lib/python3.12/site-packages/airflow/example_dags/example_bash_operator.py
[2025-11-14T21:17:18.897+0000] {processor.py:914} INFO - Processing file /home/airflow/.local/lib/python3.12/site-packages/airflow/example_dags/example_bash_operator.py for tasks to queue
[2025-11-14T21:17:18.901+0000] {logging_mixin.py:190} INFO - [2025-11-14T21:17:18.900+0000] {dagbag.py:588} INFO - Filling up the DagBag from /home/airflow/.local/lib/python3.12/site-packages/airflow/example_dags/example_bash_operator.py
[2025-11-14T21:17:18.915+0000] {processor.py:925} INFO - DAG(s) 'example_bash_operator' retrieved from /home/airflow/.local/lib/python3.12/site-packages/airflow/example_dags/example_bash_operator.py
[2025-11-14T21:17:18.942+0000] {logging_mixin.py:190} INFO - [2025-11-14T21:17:18.942+0000] {dag.py:3239} INFO - Sync 1 DAGs
[2025-11-14T21:17:18.965+0000] {logging_mixin.py:190} INFO - [2025-11-14T21:17:18.965+0000] {dag.py:4180} INFO - Setting next_dagrun for example_bash_operator to 2025-11-13 00:00:00+00:00, run_after=2025-11-14 00:00:00+00:00
[2025-11-14T21:17:18.981+0000] {processor.py:208} INFO - Processing /home/airflow/.local/lib/python3.12/site-packages/airflow/example_dags/example_bash_operator.py took 0.093 seconds
[2025-11-14T21:17:49.224+0000] {processor.py:186} INFO - Started process (PID=321) to work on /home/airflow/.local/lib/python3.12/site-packages/airflow/example_dags/example_bash_operator.py
[2025-11-14T21:17:49.227+0000] {processor.py:914} INFO - Processing file /home/airflow/.local/lib/python3.12/site-packages/airflow/example_dags/example_bash_operator.py for tasks to queue
[2025-11-14T21:17:49.230+0000] {logging_mixin.py:190} INFO - [2025-11-14T21:17:49.229+0000] {dagbag.py:588} INFO - Filling up the DagBag from /home/airflow/.local/lib/python3.12/site-packages/airflow/example_dags/example_bash_operator.py
[2025-11-14T21:17:49.245+0000] {processor.py:925} INFO - DAG(s) 'example_bash_operator' retrieved from /home/airflow/.local/lib/python3.12/site-packages/airflow/example_dags/example_bash_operator.py
[2025-11-14T21:17:49.275+0000] {logging_mixin.py:190} INFO - [2025-11-14T21:17:49.275+0000] {dag.py:3239} INFO - Sync 1 DAGs
[2025-11-14T21:17:49.301+0000] {logging_mixin.py:190} INFO - [2025-11-14T21:17:49.300+0000] {dag.py:4180} INFO - Setting next_dagrun for example_bash_operator to 2025-11-13 00:00:00+00:00, run_after=2025-11-14 00:00:00+00:00
[2025-11-14T21:17:49.319+0000] {processor.py:208} INFO - Processing /home/airflow/.local/lib/python3.12/site-packages/airflow/example_dags/example_bash_operator.py took 0.103 seconds
[2025-11-14T21:18:19.356+0000] {processor.py:186} INFO - Started process (PID=384) to work on /home/airflow/.local/lib/python3.12/site-packages/airflow/example_dags/example_bash_operator.py
[2025-11-14T21:18:19.359+0000] {processor.py:914} INFO - Processing file /home/airflow/.local/lib/python3.12/site-packages/airflow/example_dags/example_bash_operator.py for tasks to queue
[2025-11-14T21:18:19.362+0000] {logging_mixin.py:190} INFO - [2025-11-14T21:18:19.361+0000] {dagbag.py:588} INFO - Filling up the DagBag from /home/airflow/.local/lib/python3.12/site-packages/airflow/example_dags/example_bash_operator.py
[2025-11-14T21:18:19.376+0000] {processor.py:925} INFO - DAG(s) 'example_bash_operator' retrieved from /home/airflow/.local/lib/python3.12/site-packages/airflow/example_dags/example_bash_operator.py
[2025-11-14T21:18:19.405+0000] {logging_mixin.py:190} INFO - [2025-11-14T21:18:19.405+0000] {dag.py:3239} INFO - Sync 1 DAGs
[2025-11-14T21:18:19.430+0000] {logging_mixin.py:190} INFO - [2025-11-14T21:18:19.430+0000] {dag.py:4180} INFO - Setting next_dagrun for example_bash_operator to 2025-11-13 00:00:00+00:00, run_after=2025-11-14 00:00:00+00:00
[2025-11-14T21:18:19.450+0000] {processor.py:208} INFO - Processing /home/airflow/.local/lib/python3.12/site-packages/airflow/example_dags/example_bash_operator.py took 0.101 seconds
[2025-11-14T21:18:49.764+0000] {processor.py:186} INFO - Started process (PID=449) to work on /home/airflow/.local/lib/python3.12/site-packages/airflow/example_dags/example_bash_operator.py
[2025-11-14T21:18:49.767+0000] {processor.py:914} INFO - Processing file /home/airflow/.local/lib/python3.12/site-packages/airflow/example_dags/example_bash_operator.py for tasks to queue
[2025-11-14T21:18:49.773+0000] {logging_mixin.py:190} INFO - [2025-11-14T21:18:49.772+0000] {dagbag.py:588} INFO - Filling up the DagBag from /home/airflow/.local/lib/python3.12/site-packages/airflow/example_dags/example_bash_operator.py
[2025-11-14T21:18:49.806+0000] {processor.py:925} INFO - DAG(s) 'example_bash_operator' retrieved from /home/airflow/.local/lib/python3.12/site-packages/airflow/example_dags/example_bash_operator.py
[2025-11-14T21:18:49.859+0000] {logging_mixin.py:190} INFO - [2025-11-14T21:18:49.859+0000] {dag.py:3239} INFO - Sync 1 DAGs
[2025-11-14T21:18:49.918+0000] {logging_mixin.py:190} INFO - [2025-11-14T21:18:49.918+0000] {dag.py:4180} INFO - Setting next_dagrun for example_bash_operator to 2025-11-13 00:00:00+00:00, run_after=2025-11-14 00:00:00+00:00
[2025-11-14T21:18:49.951+0000] {processor.py:208} INFO - Processing /home/airflow/.local/lib/python3.12/site-packages/airflow/example_dags/example_bash_operator.py took 0.200 seconds
[2025-11-14T21:19:20.250+0000] {processor.py:186} INFO - Started process (PID=514) to work on /home/airflow/.local/lib/python3.12/site-packages/airflow/example_dags/example_bash_operator.py
[2025-11-14T21:19:20.253+0000] {processor.py:914} INFO - Processing file /home/airflow/.local/lib/python3.12/site-packages/airflow/example_dags/example_bash_operator.py for tasks to queue
[2025-11-14T21:19:20.258+0000] {logging_mixin.py:190} INFO - [2025-11-14T21:19:20.258+0000] {dagbag.py:588} INFO - Filling up the DagBag from /home/airflow/.local/lib/python3.12/site-packages/airflow/example_dags/example_bash_operator.py
[2025-11-14T21:19:20.286+0000] {processor.py:925} INFO - DAG(s) 'example_bash_operator' retrieved from /home/airflow/.local/lib/python3.12/site-packages/airflow/example_dags/example_bash_operator.py
[2025-11-14T21:19:20.352+0000] {logging_mixin.py:190} INFO - [2025-11-14T21:19:20.351+0000] {dag.py:3239} INFO - Sync 1 DAGs
[2025-11-14T21:19:20.406+0000] {logging_mixin.py:190} INFO - [2025-11-14T21:19:20.406+0000] {dag.py:4180} INFO - Setting next_dagrun for example_bash_operator to 2025-11-13 00:00:00+00:00, run_after=2025-11-14 00:00:00+00:00
[2025-11-14T21:19:20.448+0000] {processor.py:208} INFO - Processing /home/airflow/.local/lib/python3.12/site-packages/airflow/example_dags/example_bash_operator.py took 0.212 seconds
[2025-11-14T21:19:53.565+0000] {processor.py:186} INFO - Started process (PID=579) to work on /home/airflow/.local/lib/python3.12/site-packages/airflow/example_dags/example_bash_operator.py
[2025-11-14T21:19:53.573+0000] {processor.py:914} INFO - Processing file /home/airflow/.local/lib/python3.12/site-packages/airflow/example_dags/example_bash_operator.py for tasks to queue
[2025-11-14T21:19:53.598+0000] {logging_mixin.py:190} INFO - [2025-11-14T21:19:53.592+0000] {dagbag.py:588} INFO - Filling up the DagBag from /home/airflow/.local/lib/python3.12/site-packages/airflow/example_dags/example_bash_operator.py
[2025-11-14T21:19:53.657+0000] {processor.py:925} INFO - DAG(s) 'example_bash_operator' retrieved from /home/airflow/.local/lib/python3.12/site-packages/airflow/example_dags/example_bash_operator.py
[2025-11-14T21:19:53.751+0000] {logging_mixin.py:190} INFO - [2025-11-14T21:19:53.751+0000] {dag.py:3239} INFO - Sync 1 DAGs
[2025-11-14T21:19:53.845+0000] {logging_mixin.py:190} INFO - [2025-11-14T21:19:53.845+0000] {dag.py:4180} INFO - Setting next_dagrun for example_bash_operator to 2025-11-13 00:00:00+00:00, run_after=2025-11-14 00:00:00+00:00
[2025-11-14T21:19:53.897+0000] {processor.py:208} INFO - Processing /home/airflow/.local/lib/python3.12/site-packages/airflow/example_dags/example_bash_operator.py took 0.358 seconds
[2025-11-14T21:21:08.030+0000] {processor.py:186} INFO - Started process (PID=665) to work on /home/airflow/.local/lib/python3.12/site-packages/airflow/example_dags/example_bash_operator.py
[2025-11-14T21:21:08.044+0000] {processor.py:914} INFO - Processing file /home/airflow/.local/lib/python3.12/site-packages/airflow/example_dags/example_bash_operator.py for tasks to queue
[2025-11-14T21:21:08.089+0000] {logging_mixin.py:190} INFO - [2025-11-14T21:21:08.087+0000] {dagbag.py:588} INFO - Filling up the DagBag from /home/airflow/.local/lib/python3.12/site-packages/airflow/example_dags/example_bash_operator.py
[2025-11-14T21:21:08.355+0000] {processor.py:925} INFO - DAG(s) 'example_bash_operator' retrieved from /home/airflow/.local/lib/python3.12/site-packages/airflow/example_dags/example_bash_operator.py
[2025-11-14T21:21:08.899+0000] {logging_mixin.py:190} INFO - [2025-11-14T21:21:08.893+0000] {dag.py:3239} INFO - Sync 1 DAGs
[2025-11-14T21:21:09.412+0000] {logging_mixin.py:190} INFO - [2025-11-14T21:21:09.410+0000] {dag.py:4180} INFO - Setting next_dagrun for example_bash_operator to 2025-11-13 00:00:00+00:00, run_after=2025-11-14 00:00:00+00:00
[2025-11-14T21:21:09.601+0000] {processor.py:208} INFO - Processing /home/airflow/.local/lib/python3.12/site-packages/airflow/example_dags/example_bash_operator.py took 1.702 seconds
[2025-11-14T21:21:50.548+0000] {processor.py:186} INFO - Started process (PID=737) to work on /home/airflow/.local/lib/python3.12/site-packages/airflow/example_dags/example_bash_operator.py
[2025-11-14T21:21:50.583+0000] {processor.py:914} INFO - Processing file /home/airflow/.local/lib/python3.12/site-packages/airflow/example_dags/example_bash_operator.py for tasks to queue
[2025-11-14T21:21:50.623+0000] {logging_mixin.py:190} INFO - [2025-11-14T21:21:50.621+0000] {dagbag.py:588} INFO - Filling up the DagBag from /home/airflow/.local/lib/python3.12/site-packages/airflow/example_dags/example_bash_operator.py
[2025-11-14T21:21:51.098+0000] {processor.py:925} INFO - DAG(s) 'example_bash_operator' retrieved from /home/airflow/.local/lib/python3.12/site-packages/airflow/example_dags/example_bash_operator.py
[2025-11-14T21:21:51.631+0000] {logging_mixin.py:190} INFO - [2025-11-14T21:21:51.630+0000] {dag.py:3239} INFO - Sync 1 DAGs
[2025-11-14T21:21:51.957+0000] {logging_mixin.py:190} INFO - [2025-11-14T21:21:51.952+0000] {dag.py:4180} INFO - Setting next_dagrun for example_bash_operator to 2025-11-13 00:00:00+00:00, run_after=2025-11-14 00:00:00+00:00
[2025-11-14T21:21:52.090+0000] {processor.py:208} INFO - Processing /home/airflow/.local/lib/python3.12/site-packages/airflow/example_dags/example_bash_operator.py took 1.737 seconds
[2025-11-14T21:22:23.437+0000] {processor.py:186} INFO - Started process (PID=801) to work on /home/airflow/.local/lib/python3.12/site-packages/airflow/example_dags/example_bash_operator.py
[2025-11-14T21:22:23.523+0000] {processor.py:914} INFO - Processing file /home/airflow/.local/lib/python3.12/site-packages/airflow/example_dags/example_bash_operator.py for tasks to queue
[2025-11-14T21:22:23.637+0000] {logging_mixin.py:190} INFO - [2025-11-14T21:22:23.634+0000] {dagbag.py:588} INFO - Filling up the DagBag from /home/airflow/.local/lib/python3.12/site-packages/airflow/example_dags/example_bash_operator.py
[2025-11-14T21:22:23.816+0000] {processor.py:925} INFO - DAG(s) 'example_bash_operator' retrieved from /home/airflow/.local/lib/python3.12/site-packages/airflow/example_dags/example_bash_operator.py
[2025-11-14T21:22:24.143+0000] {logging_mixin.py:190} INFO - [2025-11-14T21:22:24.141+0000] {dag.py:3239} INFO - Sync 1 DAGs
[2025-11-14T21:22:24.545+0000] {logging_mixin.py:190} INFO - [2025-11-14T21:22:24.539+0000] {dag.py:4180} INFO - Setting next_dagrun for example_bash_operator to 2025-11-13 00:00:00+00:00, run_after=2025-11-14 00:00:00+00:00
[2025-11-14T21:22:24.742+0000] {processor.py:208} INFO - Processing /home/airflow/.local/lib/python3.12/site-packages/airflow/example_dags/example_bash_operator.py took 1.380 seconds
[2025-11-14T21:22:55.238+0000] {processor.py:186} INFO - Started process (PID=866) to work on /home/airflow/.local/lib/python3.12/site-packages/airflow/example_dags/example_bash_operator.py
[2025-11-14T21:22:55.248+0000] {processor.py:914} INFO - Processing file /home/airflow/.local/lib/python3.12/site-packages/airflow/example_dags/example_bash_operator.py for tasks to queue
[2025-11-14T21:22:55.262+0000] {logging_mixin.py:190} INFO - [2025-11-14T21:22:55.260+0000] {dagbag.py:588} INFO - Filling up the DagBag from /home/airflow/.local/lib/python3.12/site-packages/airflow/example_dags/example_bash_operator.py
[2025-11-14T21:22:55.346+0000] {processor.py:925} INFO - DAG(s) 'example_bash_operator' retrieved from /home/airflow/.local/lib/python3.12/site-packages/airflow/example_dags/example_bash_operator.py
[2025-11-14T21:22:55.482+0000] {logging_mixin.py:190} INFO - [2025-11-14T21:22:55.481+0000] {dag.py:3239} INFO - Sync 1 DAGs
[2025-11-14T21:22:55.689+0000] {logging_mixin.py:190} INFO - [2025-11-14T21:22:55.688+0000] {dag.py:4180} INFO - Setting next_dagrun for example_bash_operator to 2025-11-13 00:00:00+00:00, run_after=2025-11-14 00:00:00+00:00
[2025-11-14T21:22:55.815+0000] {processor.py:208} INFO - Processing /home/airflow/.local/lib/python3.12/site-packages/airflow/example_dags/example_bash_operator.py took 0.621 seconds
[2025-11-14T21:23:28.296+0000] {processor.py:186} INFO - Started process (PID=931) to work on /home/airflow/.local/lib/python3.12/site-packages/airflow/example_dags/example_bash_operator.py
[2025-11-14T21:23:28.303+0000] {processor.py:914} INFO - Processing file /home/airflow/.local/lib/python3.12/site-packages/airflow/example_dags/example_bash_operator.py for tasks to queue
[2025-11-14T21:23:28.327+0000] {logging_mixin.py:190} INFO - [2025-11-14T21:23:28.324+0000] {dagbag.py:588} INFO - Filling up the DagBag from /home/airflow/.local/lib/python3.12/site-packages/airflow/example_dags/example_bash_operator.py
[2025-11-14T21:23:28.390+0000] {processor.py:925} INFO - DAG(s) 'example_bash_operator' retrieved from /home/airflow/.local/lib/python3.12/site-packages/airflow/example_dags/example_bash_operator.py
[2025-11-14T21:23:28.615+0000] {logging_mixin.py:190} INFO - [2025-11-14T21:23:28.614+0000] {dag.py:3239} INFO - Sync 1 DAGs
[2025-11-14T21:23:28.732+0000] {logging_mixin.py:190} INFO - [2025-11-14T21:23:28.731+0000] {dag.py:4180} INFO - Setting next_dagrun for example_bash_operator to 2025-11-13 00:00:00+00:00, run_after=2025-11-14 00:00:00+00:00
[2025-11-14T21:23:28.988+0000] {processor.py:208} INFO - Processing /home/airflow/.local/lib/python3.12/site-packages/airflow/example_dags/example_bash_operator.py took 0.719 seconds
[2025-11-14T21:23:59.628+0000] {processor.py:186} INFO - Started process (PID=996) to work on /home/airflow/.local/lib/python3.12/site-packages/airflow/example_dags/example_bash_operator.py
[2025-11-14T21:23:59.635+0000] {processor.py:914} INFO - Processing file /home/airflow/.local/lib/python3.12/site-packages/airflow/example_dags/example_bash_operator.py for tasks to queue
[2025-11-14T21:23:59.650+0000] {logging_mixin.py:190} INFO - [2025-11-14T21:23:59.649+0000] {dagbag.py:588} INFO - Filling up the DagBag from /home/airflow/.local/lib/python3.12/site-packages/airflow/example_dags/example_bash_operator.py
[2025-11-14T21:23:59.715+0000] {processor.py:925} INFO - DAG(s) 'example_bash_operator' retrieved from /home/airflow/.local/lib/python3.12/site-packages/airflow/example_dags/example_bash_operator.py
[2025-11-14T21:23:59.871+0000] {logging_mixin.py:190} INFO - [2025-11-14T21:23:59.870+0000] {dag.py:3239} INFO - Sync 1 DAGs
[2025-11-14T21:23:59.997+0000] {logging_mixin.py:190} INFO - [2025-11-14T21:23:59.996+0000] {dag.py:4180} INFO - Setting next_dagrun for example_bash_operator to 2025-11-13 00:00:00+00:00, run_after=2025-11-14 00:00:00+00:00
[2025-11-14T21:24:00.089+0000] {processor.py:208} INFO - Processing /home/airflow/.local/lib/python3.12/site-packages/airflow/example_dags/example_bash_operator.py took 0.490 seconds
[2025-11-14T21:24:30.500+0000] {processor.py:186} INFO - Started process (PID=1059) to work on /home/airflow/.local/lib/python3.12/site-packages/airflow/example_dags/example_bash_operator.py
[2025-11-14T21:24:30.506+0000] {processor.py:914} INFO - Processing file /home/airflow/.local/lib/python3.12/site-packages/airflow/example_dags/example_bash_operator.py for tasks to queue
[2025-11-14T21:24:30.518+0000] {logging_mixin.py:190} INFO - [2025-11-14T21:24:30.517+0000] {dagbag.py:588} INFO - Filling up the DagBag from /home/airflow/.local/lib/python3.12/site-packages/airflow/example_dags/example_bash_operator.py
[2025-11-14T21:24:30.578+0000] {processor.py:925} INFO - DAG(s) 'example_bash_operator' retrieved from /home/airflow/.local/lib/python3.12/site-packages/airflow/example_dags/example_bash_operator.py
[2025-11-14T21:24:30.708+0000] {logging_mixin.py:190} INFO - [2025-11-14T21:24:30.707+0000] {dag.py:3239} INFO - Sync 1 DAGs
[2025-11-14T21:24:30.863+0000] {logging_mixin.py:190} INFO - [2025-11-14T21:24:30.863+0000] {dag.py:4180} INFO - Setting next_dagrun for example_bash_operator to 2025-11-13 00:00:00+00:00, run_after=2025-11-14 00:00:00+00:00
[2025-11-14T21:24:30.923+0000] {processor.py:208} INFO - Processing /home/airflow/.local/lib/python3.12/site-packages/airflow/example_dags/example_bash_operator.py took 0.445 seconds
[2025-11-14T21:25:01.697+0000] {processor.py:186} INFO - Started process (PID=1123) to work on /home/airflow/.local/lib/python3.12/site-packages/airflow/example_dags/example_bash_operator.py
[2025-11-14T21:25:01.702+0000] {processor.py:914} INFO - Processing file /home/airflow/.local/lib/python3.12/site-packages/airflow/example_dags/example_bash_operator.py for tasks to queue
[2025-11-14T21:25:01.715+0000] {logging_mixin.py:190} INFO - [2025-11-14T21:25:01.714+0000] {dagbag.py:588} INFO - Filling up the DagBag from /home/airflow/.local/lib/python3.12/site-packages/airflow/example_dags/example_bash_operator.py
[2025-11-14T21:25:01.757+0000] {processor.py:925} INFO - DAG(s) 'example_bash_operator' retrieved from /home/airflow/.local/lib/python3.12/site-packages/airflow/example_dags/example_bash_operator.py
[2025-11-14T21:25:01.827+0000] {logging_mixin.py:190} INFO - [2025-11-14T21:25:01.827+0000] {dag.py:3239} INFO - Sync 1 DAGs
[2025-11-14T21:25:01.890+0000] {logging_mixin.py:190} INFO - [2025-11-14T21:25:01.889+0000] {dag.py:4180} INFO - Setting next_dagrun for example_bash_operator to 2025-11-13 00:00:00+00:00, run_after=2025-11-14 00:00:00+00:00
[2025-11-14T21:25:01.938+0000] {processor.py:208} INFO - Processing /home/airflow/.local/lib/python3.12/site-packages/airflow/example_dags/example_bash_operator.py took 0.261 seconds
[2025-11-14T21:25:32.277+0000] {processor.py:186} INFO - Started process (PID=1187) to work on /home/airflow/.local/lib/python3.12/site-packages/airflow/example_dags/example_bash_operator.py
[2025-11-14T21:25:32.280+0000] {processor.py:914} INFO - Processing file /home/airflow/.local/lib/python3.12/site-packages/airflow/example_dags/example_bash_operator.py for tasks to queue
[2025-11-14T21:25:32.288+0000] {logging_mixin.py:190} INFO - [2025-11-14T21:25:32.287+0000] {dagbag.py:588} INFO - Filling up the DagBag from /home/airflow/.local/lib/python3.12/site-packages/airflow/example_dags/example_bash_operator.py
[2025-11-14T21:25:32.369+0000] {processor.py:925} INFO - DAG(s) 'example_bash_operator' retrieved from /home/airflow/.local/lib/python3.12/site-packages/airflow/example_dags/example_bash_operator.py
[2025-11-14T21:25:32.519+0000] {logging_mixin.py:190} INFO - [2025-11-14T21:25:32.518+0000] {dag.py:3239} INFO - Sync 1 DAGs
[2025-11-14T21:25:32.608+0000] {logging_mixin.py:190} INFO - [2025-11-14T21:25:32.606+0000] {dag.py:4180} INFO - Setting next_dagrun for example_bash_operator to 2025-11-13 00:00:00+00:00, run_after=2025-11-14 00:00:00+00:00
[2025-11-14T21:25:32.683+0000] {processor.py:208} INFO - Processing /home/airflow/.local/lib/python3.12/site-packages/airflow/example_dags/example_bash_operator.py took 0.425 seconds
[2025-11-14T21:26:02.879+0000] {processor.py:186} INFO - Started process (PID=1258) to work on /home/airflow/.local/lib/python3.12/site-packages/airflow/example_dags/example_bash_operator.py
[2025-11-14T21:26:02.892+0000] {processor.py:914} INFO - Processing file /home/airflow/.local/lib/python3.12/site-packages/airflow/example_dags/example_bash_operator.py for tasks to queue
[2025-11-14T21:26:02.910+0000] {logging_mixin.py:190} INFO - [2025-11-14T21:26:02.909+0000] {dagbag.py:588} INFO - Filling up the DagBag from /home/airflow/.local/lib/python3.12/site-packages/airflow/example_dags/example_bash_operator.py
[2025-11-14T21:26:03.005+0000] {processor.py:925} INFO - DAG(s) 'example_bash_operator' retrieved from /home/airflow/.local/lib/python3.12/site-packages/airflow/example_dags/example_bash_operator.py
[2025-11-14T21:26:03.229+0000] {logging_mixin.py:190} INFO - [2025-11-14T21:26:03.227+0000] {dag.py:3239} INFO - Sync 1 DAGs
[2025-11-14T21:26:03.407+0000] {logging_mixin.py:190} INFO - [2025-11-14T21:26:03.404+0000] {dag.py:4180} INFO - Setting next_dagrun for example_bash_operator to 2025-11-13 00:00:00+00:00, run_after=2025-11-14 00:00:00+00:00
[2025-11-14T21:26:03.516+0000] {processor.py:208} INFO - Processing /home/airflow/.local/lib/python3.12/site-packages/airflow/example_dags/example_bash_operator.py took 0.666 seconds
[2025-11-14T21:26:33.791+0000] {processor.py:186} INFO - Started process (PID=1322) to work on /home/airflow/.local/lib/python3.12/site-packages/airflow/example_dags/example_bash_operator.py
[2025-11-14T21:26:33.794+0000] {processor.py:914} INFO - Processing file /home/airflow/.local/lib/python3.12/site-packages/airflow/example_dags/example_bash_operator.py for tasks to queue
[2025-11-14T21:26:33.800+0000] {logging_mixin.py:190} INFO - [2025-11-14T21:26:33.799+0000] {dagbag.py:588} INFO - Filling up the DagBag from /home/airflow/.local/lib/python3.12/site-packages/airflow/example_dags/example_bash_operator.py
[2025-11-14T21:26:33.826+0000] {processor.py:925} INFO - DAG(s) 'example_bash_operator' retrieved from /home/airflow/.local/lib/python3.12/site-packages/airflow/example_dags/example_bash_operator.py
[2025-11-14T21:26:33.878+0000] {logging_mixin.py:190} INFO - [2025-11-14T21:26:33.877+0000] {dag.py:3239} INFO - Sync 1 DAGs
[2025-11-14T21:26:33.947+0000] {logging_mixin.py:190} INFO - [2025-11-14T21:26:33.946+0000] {dag.py:4180} INFO - Setting next_dagrun for example_bash_operator to 2025-11-13 00:00:00+00:00, run_after=2025-11-14 00:00:00+00:00
[2025-11-14T21:26:33.991+0000] {processor.py:208} INFO - Processing /home/airflow/.local/lib/python3.12/site-packages/airflow/example_dags/example_bash_operator.py took 0.211 seconds
[2025-11-14T21:27:04.555+0000] {processor.py:186} INFO - Started process (PID=1385) to work on /home/airflow/.local/lib/python3.12/site-packages/airflow/example_dags/example_bash_operator.py
[2025-11-14T21:27:04.557+0000] {processor.py:914} INFO - Processing file /home/airflow/.local/lib/python3.12/site-packages/airflow/example_dags/example_bash_operator.py for tasks to queue
[2025-11-14T21:27:04.563+0000] {logging_mixin.py:190} INFO - [2025-11-14T21:27:04.563+0000] {dagbag.py:588} INFO - Filling up the DagBag from /home/airflow/.local/lib/python3.12/site-packages/airflow/example_dags/example_bash_operator.py
[2025-11-14T21:27:04.587+0000] {processor.py:925} INFO - DAG(s) 'example_bash_operator' retrieved from /home/airflow/.local/lib/python3.12/site-packages/airflow/example_dags/example_bash_operator.py
[2025-11-14T21:27:04.640+0000] {logging_mixin.py:190} INFO - [2025-11-14T21:27:04.639+0000] {dag.py:3239} INFO - Sync 1 DAGs
[2025-11-14T21:27:04.686+0000] {logging_mixin.py:190} INFO - [2025-11-14T21:27:04.685+0000] {dag.py:4180} INFO - Setting next_dagrun for example_bash_operator to 2025-11-13 00:00:00+00:00, run_after=2025-11-14 00:00:00+00:00
[2025-11-14T21:27:04.721+0000] {processor.py:208} INFO - Processing /home/airflow/.local/lib/python3.12/site-packages/airflow/example_dags/example_bash_operator.py took 0.178 seconds
[2025-11-14T21:27:35.063+0000] {processor.py:186} INFO - Started process (PID=1448) to work on /home/airflow/.local/lib/python3.12/site-packages/airflow/example_dags/example_bash_operator.py
[2025-11-14T21:27:35.066+0000] {processor.py:914} INFO - Processing file /home/airflow/.local/lib/python3.12/site-packages/airflow/example_dags/example_bash_operator.py for tasks to queue
[2025-11-14T21:27:35.072+0000] {logging_mixin.py:190} INFO - [2025-11-14T21:27:35.072+0000] {dagbag.py:588} INFO - Filling up the DagBag from /home/airflow/.local/lib/python3.12/site-packages/airflow/example_dags/example_bash_operator.py
[2025-11-14T21:27:35.099+0000] {processor.py:925} INFO - DAG(s) 'example_bash_operator' retrieved from /home/airflow/.local/lib/python3.12/site-packages/airflow/example_dags/example_bash_operator.py
[2025-11-14T21:27:35.154+0000] {logging_mixin.py:190} INFO - [2025-11-14T21:27:35.153+0000] {dag.py:3239} INFO - Sync 1 DAGs
[2025-11-14T21:27:35.203+0000] {logging_mixin.py:190} INFO - [2025-11-14T21:27:35.203+0000] {dag.py:4180} INFO - Setting next_dagrun for example_bash_operator to 2025-11-13 00:00:00+00:00, run_after=2025-11-14 00:00:00+00:00
[2025-11-14T21:27:35.242+0000] {processor.py:208} INFO - Processing /home/airflow/.local/lib/python3.12/site-packages/airflow/example_dags/example_bash_operator.py took 0.192 seconds
[2025-11-14T21:28:05.908+0000] {processor.py:186} INFO - Started process (PID=1511) to work on /home/airflow/.local/lib/python3.12/site-packages/airflow/example_dags/example_bash_operator.py
[2025-11-14T21:28:05.913+0000] {processor.py:914} INFO - Processing file /home/airflow/.local/lib/python3.12/site-packages/airflow/example_dags/example_bash_operator.py for tasks to queue
[2025-11-14T21:28:05.927+0000] {logging_mixin.py:190} INFO - [2025-11-14T21:28:05.926+0000] {dagbag.py:588} INFO - Filling up the DagBag from /home/airflow/.local/lib/python3.12/site-packages/airflow/example_dags/example_bash_operator.py
[2025-11-14T21:28:05.962+0000] {processor.py:925} INFO - DAG(s) 'example_bash_operator' retrieved from /home/airflow/.local/lib/python3.12/site-packages/airflow/example_dags/example_bash_operator.py
[2025-11-14T21:28:06.031+0000] {logging_mixin.py:190} INFO - [2025-11-14T21:28:06.030+0000] {dag.py:3239} INFO - Sync 1 DAGs
[2025-11-14T21:28:06.090+0000] {logging_mixin.py:190} INFO - [2025-11-14T21:28:06.089+0000] {dag.py:4180} INFO - Setting next_dagrun for example_bash_operator to 2025-11-13 00:00:00+00:00, run_after=2025-11-14 00:00:00+00:00
[2025-11-14T21:28:06.133+0000] {processor.py:208} INFO - Processing /home/airflow/.local/lib/python3.12/site-packages/airflow/example_dags/example_bash_operator.py took 0.243 seconds
