[2025-11-14T21:15:37.576+0000] {processor.py:186} INFO - Started process (PID=47) to work on /home/airflow/.local/lib/python3.12/site-packages/airflow/example_dags/example_dataset_alias.py
[2025-11-14T21:15:37.579+0000] {processor.py:914} INFO - Processing file /home/airflow/.local/lib/python3.12/site-packages/airflow/example_dags/example_dataset_alias.py for tasks to queue
[2025-11-14T21:15:37.585+0000] {logging_mixin.py:190} INFO - [2025-11-14T21:15:37.584+0000] {dagbag.py:588} INFO - Filling up the DagBag from /home/airflow/.local/lib/python3.12/site-packages/airflow/example_dags/example_dataset_alias.py
[2025-11-14T21:15:38.805+0000] {processor.py:925} INFO - DAG(s) 'dataset_alias_example_alias_producer', 'dataset_alias_example_alias_consumer', 'dataset_s3_bucket_consumer', 'dataset_s3_bucket_producer' retrieved from /home/airflow/.local/lib/python3.12/site-packages/airflow/example_dags/example_dataset_alias.py
[2025-11-14T21:15:39.021+0000] {logging_mixin.py:190} INFO - [2025-11-14T21:15:39.020+0000] {override.py:1900} INFO - Created Permission View: can edit on DAG:dataset_alias_example_alias_producer
[2025-11-14T21:15:39.040+0000] {logging_mixin.py:190} INFO - [2025-11-14T21:15:39.039+0000] {override.py:1900} INFO - Created Permission View: can delete on DAG:dataset_alias_example_alias_producer
[2025-11-14T21:15:39.052+0000] {logging_mixin.py:190} INFO - [2025-11-14T21:15:39.051+0000] {override.py:1900} INFO - Created Permission View: can read on DAG:dataset_alias_example_alias_producer
[2025-11-14T21:15:39.065+0000] {logging_mixin.py:190} INFO - [2025-11-14T21:15:39.065+0000] {override.py:1900} INFO - Created Permission View: menu access on DAG Run:dataset_alias_example_alias_producer
[2025-11-14T21:15:39.079+0000] {logging_mixin.py:190} INFO - [2025-11-14T21:15:39.079+0000] {override.py:1900} INFO - Created Permission View: can create on DAG Run:dataset_alias_example_alias_producer
[2025-11-14T21:15:39.096+0000] {logging_mixin.py:190} INFO - [2025-11-14T21:15:39.095+0000] {override.py:1900} INFO - Created Permission View: can delete on DAG Run:dataset_alias_example_alias_producer
[2025-11-14T21:15:39.109+0000] {logging_mixin.py:190} INFO - [2025-11-14T21:15:39.109+0000] {override.py:1900} INFO - Created Permission View: can read on DAG Run:dataset_alias_example_alias_producer
[2025-11-14T21:15:39.133+0000] {logging_mixin.py:190} INFO - [2025-11-14T21:15:39.132+0000] {override.py:1900} INFO - Created Permission View: can edit on DAG:dataset_alias_example_alias_consumer
[2025-11-14T21:15:39.149+0000] {logging_mixin.py:190} INFO - [2025-11-14T21:15:39.149+0000] {override.py:1900} INFO - Created Permission View: can delete on DAG:dataset_alias_example_alias_consumer
[2025-11-14T21:15:39.176+0000] {logging_mixin.py:190} INFO - [2025-11-14T21:15:39.176+0000] {override.py:1900} INFO - Created Permission View: can read on DAG:dataset_alias_example_alias_consumer
[2025-11-14T21:15:39.195+0000] {logging_mixin.py:190} INFO - [2025-11-14T21:15:39.195+0000] {override.py:1900} INFO - Created Permission View: menu access on DAG Run:dataset_alias_example_alias_consumer
[2025-11-14T21:15:39.214+0000] {logging_mixin.py:190} INFO - [2025-11-14T21:15:39.213+0000] {override.py:1900} INFO - Created Permission View: can create on DAG Run:dataset_alias_example_alias_consumer
[2025-11-14T21:15:39.231+0000] {logging_mixin.py:190} INFO - [2025-11-14T21:15:39.231+0000] {override.py:1900} INFO - Created Permission View: can delete on DAG Run:dataset_alias_example_alias_consumer
[2025-11-14T21:15:39.249+0000] {logging_mixin.py:190} INFO - [2025-11-14T21:15:39.248+0000] {override.py:1900} INFO - Created Permission View: can read on DAG Run:dataset_alias_example_alias_consumer
[2025-11-14T21:15:39.293+0000] {logging_mixin.py:190} INFO - [2025-11-14T21:15:39.293+0000] {override.py:1900} INFO - Created Permission View: can edit on DAG:dataset_s3_bucket_consumer
[2025-11-14T21:15:39.315+0000] {logging_mixin.py:190} INFO - [2025-11-14T21:15:39.314+0000] {override.py:1900} INFO - Created Permission View: can delete on DAG:dataset_s3_bucket_consumer
[2025-11-14T21:15:39.338+0000] {logging_mixin.py:190} INFO - [2025-11-14T21:15:39.337+0000] {override.py:1900} INFO - Created Permission View: can read on DAG:dataset_s3_bucket_consumer
[2025-11-14T21:15:39.362+0000] {logging_mixin.py:190} INFO - [2025-11-14T21:15:39.361+0000] {override.py:1900} INFO - Created Permission View: menu access on DAG Run:dataset_s3_bucket_consumer
[2025-11-14T21:15:39.383+0000] {logging_mixin.py:190} INFO - [2025-11-14T21:15:39.382+0000] {override.py:1900} INFO - Created Permission View: can create on DAG Run:dataset_s3_bucket_consumer
[2025-11-14T21:15:39.443+0000] {logging_mixin.py:190} INFO - [2025-11-14T21:15:39.442+0000] {override.py:1900} INFO - Created Permission View: can delete on DAG Run:dataset_s3_bucket_consumer
[2025-11-14T21:15:39.470+0000] {logging_mixin.py:190} INFO - [2025-11-14T21:15:39.468+0000] {override.py:1900} INFO - Created Permission View: can read on DAG Run:dataset_s3_bucket_consumer
[2025-11-14T21:15:39.499+0000] {logging_mixin.py:190} INFO - [2025-11-14T21:15:39.499+0000] {override.py:1900} INFO - Created Permission View: can edit on DAG:dataset_s3_bucket_producer
[2025-11-14T21:15:39.524+0000] {logging_mixin.py:190} INFO - [2025-11-14T21:15:39.523+0000] {override.py:1900} INFO - Created Permission View: can delete on DAG:dataset_s3_bucket_producer
[2025-11-14T21:15:39.544+0000] {logging_mixin.py:190} INFO - [2025-11-14T21:15:39.543+0000] {override.py:1900} INFO - Created Permission View: can read on DAG:dataset_s3_bucket_producer
[2025-11-14T21:15:39.566+0000] {logging_mixin.py:190} INFO - [2025-11-14T21:15:39.565+0000] {override.py:1900} INFO - Created Permission View: menu access on DAG Run:dataset_s3_bucket_producer
[2025-11-14T21:15:39.609+0000] {logging_mixin.py:190} INFO - [2025-11-14T21:15:39.609+0000] {override.py:1900} INFO - Created Permission View: can create on DAG Run:dataset_s3_bucket_producer
[2025-11-14T21:15:39.625+0000] {logging_mixin.py:190} INFO - [2025-11-14T21:15:39.624+0000] {override.py:1900} INFO - Created Permission View: can delete on DAG Run:dataset_s3_bucket_producer
[2025-11-14T21:15:39.640+0000] {logging_mixin.py:190} INFO - [2025-11-14T21:15:39.639+0000] {override.py:1900} INFO - Created Permission View: can read on DAG Run:dataset_s3_bucket_producer
[2025-11-14T21:15:39.642+0000] {logging_mixin.py:190} INFO - [2025-11-14T21:15:39.642+0000] {dag.py:3239} INFO - Sync 4 DAGs
[2025-11-14T21:15:39.688+0000] {logging_mixin.py:190} INFO - [2025-11-14T21:15:39.688+0000] {dag.py:3262} INFO - Creating ORM DAG for dataset_s3_bucket_consumer
[2025-11-14T21:15:39.692+0000] {logging_mixin.py:190} INFO - [2025-11-14T21:15:39.691+0000] {dag.py:3262} INFO - Creating ORM DAG for dataset_alias_example_alias_consumer
[2025-11-14T21:15:39.695+0000] {logging_mixin.py:190} INFO - [2025-11-14T21:15:39.695+0000] {dag.py:3262} INFO - Creating ORM DAG for dataset_s3_bucket_producer
[2025-11-14T21:15:39.699+0000] {logging_mixin.py:190} INFO - [2025-11-14T21:15:39.698+0000] {dag.py:3262} INFO - Creating ORM DAG for dataset_alias_example_alias_producer
[2025-11-14T21:15:39.731+0000] {logging_mixin.py:190} INFO - [2025-11-14T21:15:39.730+0000] {dag.py:4180} INFO - Setting next_dagrun for dataset_alias_example_alias_consumer to None, run_after=None
[2025-11-14T21:15:39.734+0000] {logging_mixin.py:190} INFO - [2025-11-14T21:15:39.734+0000] {dag.py:4180} INFO - Setting next_dagrun for dataset_alias_example_alias_producer to None, run_after=None
[2025-11-14T21:15:39.738+0000] {logging_mixin.py:190} INFO - [2025-11-14T21:15:39.737+0000] {dag.py:4180} INFO - Setting next_dagrun for dataset_s3_bucket_consumer to None, run_after=None
[2025-11-14T21:15:39.740+0000] {logging_mixin.py:190} INFO - [2025-11-14T21:15:39.740+0000] {dag.py:4180} INFO - Setting next_dagrun for dataset_s3_bucket_producer to None, run_after=None
[2025-11-14T21:15:39.816+0000] {processor.py:208} INFO - Processing /home/airflow/.local/lib/python3.12/site-packages/airflow/example_dags/example_dataset_alias.py took 2.273 seconds
[2025-11-14T21:16:10.506+0000] {processor.py:186} INFO - Started process (PID=111) to work on /home/airflow/.local/lib/python3.12/site-packages/airflow/example_dags/example_dataset_alias.py
[2025-11-14T21:16:10.510+0000] {processor.py:914} INFO - Processing file /home/airflow/.local/lib/python3.12/site-packages/airflow/example_dags/example_dataset_alias.py for tasks to queue
[2025-11-14T21:16:10.516+0000] {logging_mixin.py:190} INFO - [2025-11-14T21:16:10.515+0000] {dagbag.py:588} INFO - Filling up the DagBag from /home/airflow/.local/lib/python3.12/site-packages/airflow/example_dags/example_dataset_alias.py
[2025-11-14T21:16:10.809+0000] {processor.py:925} INFO - DAG(s) 'dataset_alias_example_alias_producer', 'dataset_s3_bucket_consumer', 'dataset_alias_example_alias_consumer', 'dataset_s3_bucket_producer' retrieved from /home/airflow/.local/lib/python3.12/site-packages/airflow/example_dags/example_dataset_alias.py
[2025-11-14T21:16:10.843+0000] {logging_mixin.py:190} INFO - [2025-11-14T21:16:10.843+0000] {dag.py:3239} INFO - Sync 4 DAGs
[2025-11-14T21:16:10.883+0000] {logging_mixin.py:190} INFO - [2025-11-14T21:16:10.883+0000] {dag.py:4180} INFO - Setting next_dagrun for dataset_alias_example_alias_consumer to None, run_after=None
[2025-11-14T21:16:10.889+0000] {logging_mixin.py:190} INFO - [2025-11-14T21:16:10.888+0000] {dag.py:4180} INFO - Setting next_dagrun for dataset_alias_example_alias_producer to None, run_after=None
[2025-11-14T21:16:10.891+0000] {logging_mixin.py:190} INFO - [2025-11-14T21:16:10.891+0000] {dag.py:4180} INFO - Setting next_dagrun for dataset_s3_bucket_consumer to None, run_after=None
[2025-11-14T21:16:10.894+0000] {logging_mixin.py:190} INFO - [2025-11-14T21:16:10.893+0000] {dag.py:4180} INFO - Setting next_dagrun for dataset_s3_bucket_producer to None, run_after=None
[2025-11-14T21:16:10.927+0000] {processor.py:208} INFO - Processing /home/airflow/.local/lib/python3.12/site-packages/airflow/example_dags/example_dataset_alias.py took 0.432 seconds
[2025-11-14T21:16:41.749+0000] {processor.py:186} INFO - Started process (PID=174) to work on /home/airflow/.local/lib/python3.12/site-packages/airflow/example_dags/example_dataset_alias.py
[2025-11-14T21:16:41.750+0000] {processor.py:914} INFO - Processing file /home/airflow/.local/lib/python3.12/site-packages/airflow/example_dags/example_dataset_alias.py for tasks to queue
[2025-11-14T21:16:41.754+0000] {logging_mixin.py:190} INFO - [2025-11-14T21:16:41.753+0000] {dagbag.py:588} INFO - Filling up the DagBag from /home/airflow/.local/lib/python3.12/site-packages/airflow/example_dags/example_dataset_alias.py
[2025-11-14T21:16:41.932+0000] {processor.py:925} INFO - DAG(s) 'dataset_alias_example_alias_producer', 'dataset_alias_example_alias_consumer', 'dataset_s3_bucket_consumer', 'dataset_s3_bucket_producer' retrieved from /home/airflow/.local/lib/python3.12/site-packages/airflow/example_dags/example_dataset_alias.py
[2025-11-14T21:16:41.963+0000] {logging_mixin.py:190} INFO - [2025-11-14T21:16:41.963+0000] {dag.py:3239} INFO - Sync 4 DAGs
[2025-11-14T21:16:42.001+0000] {logging_mixin.py:190} INFO - [2025-11-14T21:16:42.001+0000] {dag.py:4180} INFO - Setting next_dagrun for dataset_alias_example_alias_consumer to None, run_after=None
[2025-11-14T21:16:42.005+0000] {logging_mixin.py:190} INFO - [2025-11-14T21:16:42.005+0000] {dag.py:4180} INFO - Setting next_dagrun for dataset_alias_example_alias_producer to None, run_after=None
[2025-11-14T21:16:42.007+0000] {logging_mixin.py:190} INFO - [2025-11-14T21:16:42.007+0000] {dag.py:4180} INFO - Setting next_dagrun for dataset_s3_bucket_consumer to None, run_after=None
[2025-11-14T21:16:42.009+0000] {logging_mixin.py:190} INFO - [2025-11-14T21:16:42.009+0000] {dag.py:4180} INFO - Setting next_dagrun for dataset_s3_bucket_producer to None, run_after=None
[2025-11-14T21:16:42.037+0000] {processor.py:208} INFO - Processing /home/airflow/.local/lib/python3.12/site-packages/airflow/example_dags/example_dataset_alias.py took 0.295 seconds
[2025-11-14T21:17:12.920+0000] {processor.py:186} INFO - Started process (PID=237) to work on /home/airflow/.local/lib/python3.12/site-packages/airflow/example_dags/example_dataset_alias.py
[2025-11-14T21:17:12.922+0000] {processor.py:914} INFO - Processing file /home/airflow/.local/lib/python3.12/site-packages/airflow/example_dags/example_dataset_alias.py for tasks to queue
[2025-11-14T21:17:12.926+0000] {logging_mixin.py:190} INFO - [2025-11-14T21:17:12.925+0000] {dagbag.py:588} INFO - Filling up the DagBag from /home/airflow/.local/lib/python3.12/site-packages/airflow/example_dags/example_dataset_alias.py
[2025-11-14T21:17:13.175+0000] {processor.py:925} INFO - DAG(s) 'dataset_alias_example_alias_producer', 'dataset_s3_bucket_consumer', 'dataset_alias_example_alias_consumer', 'dataset_s3_bucket_producer' retrieved from /home/airflow/.local/lib/python3.12/site-packages/airflow/example_dags/example_dataset_alias.py
[2025-11-14T21:17:13.197+0000] {logging_mixin.py:190} INFO - [2025-11-14T21:17:13.197+0000] {dag.py:3239} INFO - Sync 4 DAGs
[2025-11-14T21:17:13.223+0000] {logging_mixin.py:190} INFO - [2025-11-14T21:17:13.223+0000] {dag.py:4180} INFO - Setting next_dagrun for dataset_alias_example_alias_consumer to None, run_after=None
[2025-11-14T21:17:13.227+0000] {logging_mixin.py:190} INFO - [2025-11-14T21:17:13.227+0000] {dag.py:4180} INFO - Setting next_dagrun for dataset_alias_example_alias_producer to None, run_after=None
[2025-11-14T21:17:13.229+0000] {logging_mixin.py:190} INFO - [2025-11-14T21:17:13.229+0000] {dag.py:4180} INFO - Setting next_dagrun for dataset_s3_bucket_consumer to None, run_after=None
[2025-11-14T21:17:13.231+0000] {logging_mixin.py:190} INFO - [2025-11-14T21:17:13.231+0000] {dag.py:4180} INFO - Setting next_dagrun for dataset_s3_bucket_producer to None, run_after=None
[2025-11-14T21:17:13.253+0000] {processor.py:208} INFO - Processing /home/airflow/.local/lib/python3.12/site-packages/airflow/example_dags/example_dataset_alias.py took 0.341 seconds
[2025-11-14T21:17:43.437+0000] {processor.py:186} INFO - Started process (PID=300) to work on /home/airflow/.local/lib/python3.12/site-packages/airflow/example_dags/example_dataset_alias.py
[2025-11-14T21:17:43.439+0000] {processor.py:914} INFO - Processing file /home/airflow/.local/lib/python3.12/site-packages/airflow/example_dags/example_dataset_alias.py for tasks to queue
[2025-11-14T21:17:43.442+0000] {logging_mixin.py:190} INFO - [2025-11-14T21:17:43.442+0000] {dagbag.py:588} INFO - Filling up the DagBag from /home/airflow/.local/lib/python3.12/site-packages/airflow/example_dags/example_dataset_alias.py
[2025-11-14T21:17:43.594+0000] {processor.py:925} INFO - DAG(s) 'dataset_alias_example_alias_consumer', 'dataset_s3_bucket_producer', 'dataset_s3_bucket_consumer', 'dataset_alias_example_alias_producer' retrieved from /home/airflow/.local/lib/python3.12/site-packages/airflow/example_dags/example_dataset_alias.py
[2025-11-14T21:17:43.615+0000] {logging_mixin.py:190} INFO - [2025-11-14T21:17:43.615+0000] {dag.py:3239} INFO - Sync 4 DAGs
[2025-11-14T21:17:43.638+0000] {logging_mixin.py:190} INFO - [2025-11-14T21:17:43.638+0000] {dag.py:4180} INFO - Setting next_dagrun for dataset_alias_example_alias_consumer to None, run_after=None
[2025-11-14T21:17:43.641+0000] {logging_mixin.py:190} INFO - [2025-11-14T21:17:43.641+0000] {dag.py:4180} INFO - Setting next_dagrun for dataset_alias_example_alias_producer to None, run_after=None
[2025-11-14T21:17:43.643+0000] {logging_mixin.py:190} INFO - [2025-11-14T21:17:43.643+0000] {dag.py:4180} INFO - Setting next_dagrun for dataset_s3_bucket_consumer to None, run_after=None
[2025-11-14T21:17:43.645+0000] {logging_mixin.py:190} INFO - [2025-11-14T21:17:43.644+0000] {dag.py:4180} INFO - Setting next_dagrun for dataset_s3_bucket_producer to None, run_after=None
[2025-11-14T21:17:43.666+0000] {processor.py:208} INFO - Processing /home/airflow/.local/lib/python3.12/site-packages/airflow/example_dags/example_dataset_alias.py took 0.236 seconds
[2025-11-14T21:18:14.574+0000] {processor.py:186} INFO - Started process (PID=363) to work on /home/airflow/.local/lib/python3.12/site-packages/airflow/example_dags/example_dataset_alias.py
[2025-11-14T21:18:14.576+0000] {processor.py:914} INFO - Processing file /home/airflow/.local/lib/python3.12/site-packages/airflow/example_dags/example_dataset_alias.py for tasks to queue
[2025-11-14T21:18:14.579+0000] {logging_mixin.py:190} INFO - [2025-11-14T21:18:14.579+0000] {dagbag.py:588} INFO - Filling up the DagBag from /home/airflow/.local/lib/python3.12/site-packages/airflow/example_dags/example_dataset_alias.py
[2025-11-14T21:18:14.733+0000] {processor.py:925} INFO - DAG(s) 'dataset_alias_example_alias_consumer', 'dataset_s3_bucket_consumer', 'dataset_s3_bucket_producer', 'dataset_alias_example_alias_producer' retrieved from /home/airflow/.local/lib/python3.12/site-packages/airflow/example_dags/example_dataset_alias.py
[2025-11-14T21:18:14.753+0000] {logging_mixin.py:190} INFO - [2025-11-14T21:18:14.752+0000] {dag.py:3239} INFO - Sync 4 DAGs
[2025-11-14T21:18:14.775+0000] {logging_mixin.py:190} INFO - [2025-11-14T21:18:14.775+0000] {dag.py:4180} INFO - Setting next_dagrun for dataset_alias_example_alias_consumer to None, run_after=None
[2025-11-14T21:18:14.779+0000] {logging_mixin.py:190} INFO - [2025-11-14T21:18:14.779+0000] {dag.py:4180} INFO - Setting next_dagrun for dataset_alias_example_alias_producer to None, run_after=None
[2025-11-14T21:18:14.780+0000] {logging_mixin.py:190} INFO - [2025-11-14T21:18:14.780+0000] {dag.py:4180} INFO - Setting next_dagrun for dataset_s3_bucket_consumer to None, run_after=None
[2025-11-14T21:18:14.782+0000] {logging_mixin.py:190} INFO - [2025-11-14T21:18:14.782+0000] {dag.py:4180} INFO - Setting next_dagrun for dataset_s3_bucket_producer to None, run_after=None
[2025-11-14T21:18:14.802+0000] {processor.py:208} INFO - Processing /home/airflow/.local/lib/python3.12/site-packages/airflow/example_dags/example_dataset_alias.py took 0.236 seconds
[2025-11-14T21:18:45.522+0000] {processor.py:186} INFO - Started process (PID=428) to work on /home/airflow/.local/lib/python3.12/site-packages/airflow/example_dags/example_dataset_alias.py
[2025-11-14T21:18:45.524+0000] {processor.py:914} INFO - Processing file /home/airflow/.local/lib/python3.12/site-packages/airflow/example_dags/example_dataset_alias.py for tasks to queue
[2025-11-14T21:18:45.529+0000] {logging_mixin.py:190} INFO - [2025-11-14T21:18:45.529+0000] {dagbag.py:588} INFO - Filling up the DagBag from /home/airflow/.local/lib/python3.12/site-packages/airflow/example_dags/example_dataset_alias.py
[2025-11-14T21:18:46.049+0000] {processor.py:925} INFO - DAG(s) 'dataset_s3_bucket_producer', 'dataset_alias_example_alias_producer', 'dataset_s3_bucket_consumer', 'dataset_alias_example_alias_consumer' retrieved from /home/airflow/.local/lib/python3.12/site-packages/airflow/example_dags/example_dataset_alias.py
[2025-11-14T21:18:46.091+0000] {logging_mixin.py:190} INFO - [2025-11-14T21:18:46.091+0000] {dag.py:3239} INFO - Sync 4 DAGs
[2025-11-14T21:18:46.149+0000] {logging_mixin.py:190} INFO - [2025-11-14T21:18:46.149+0000] {dag.py:4180} INFO - Setting next_dagrun for dataset_alias_example_alias_consumer to None, run_after=None
[2025-11-14T21:18:46.156+0000] {logging_mixin.py:190} INFO - [2025-11-14T21:18:46.156+0000] {dag.py:4180} INFO - Setting next_dagrun for dataset_alias_example_alias_producer to None, run_after=None
[2025-11-14T21:18:46.161+0000] {logging_mixin.py:190} INFO - [2025-11-14T21:18:46.160+0000] {dag.py:4180} INFO - Setting next_dagrun for dataset_s3_bucket_consumer to None, run_after=None
[2025-11-14T21:18:46.167+0000] {logging_mixin.py:190} INFO - [2025-11-14T21:18:46.166+0000] {dag.py:4180} INFO - Setting next_dagrun for dataset_s3_bucket_producer to None, run_after=None
[2025-11-14T21:18:46.212+0000] {processor.py:208} INFO - Processing /home/airflow/.local/lib/python3.12/site-packages/airflow/example_dags/example_dataset_alias.py took 0.699 seconds
[2025-11-14T21:19:16.425+0000] {processor.py:186} INFO - Started process (PID=493) to work on /home/airflow/.local/lib/python3.12/site-packages/airflow/example_dags/example_dataset_alias.py
[2025-11-14T21:19:16.431+0000] {processor.py:914} INFO - Processing file /home/airflow/.local/lib/python3.12/site-packages/airflow/example_dags/example_dataset_alias.py for tasks to queue
[2025-11-14T21:19:16.440+0000] {logging_mixin.py:190} INFO - [2025-11-14T21:19:16.440+0000] {dagbag.py:588} INFO - Filling up the DagBag from /home/airflow/.local/lib/python3.12/site-packages/airflow/example_dags/example_dataset_alias.py
[2025-11-14T21:19:17.039+0000] {processor.py:925} INFO - DAG(s) 'dataset_alias_example_alias_consumer', 'dataset_s3_bucket_producer', 'dataset_s3_bucket_consumer', 'dataset_alias_example_alias_producer' retrieved from /home/airflow/.local/lib/python3.12/site-packages/airflow/example_dags/example_dataset_alias.py
[2025-11-14T21:19:17.106+0000] {logging_mixin.py:190} INFO - [2025-11-14T21:19:17.105+0000] {dag.py:3239} INFO - Sync 4 DAGs
[2025-11-14T21:19:17.207+0000] {logging_mixin.py:190} INFO - [2025-11-14T21:19:17.207+0000] {dag.py:4180} INFO - Setting next_dagrun for dataset_alias_example_alias_consumer to None, run_after=None
[2025-11-14T21:19:17.218+0000] {logging_mixin.py:190} INFO - [2025-11-14T21:19:17.218+0000] {dag.py:4180} INFO - Setting next_dagrun for dataset_alias_example_alias_producer to None, run_after=None
[2025-11-14T21:19:17.222+0000] {logging_mixin.py:190} INFO - [2025-11-14T21:19:17.222+0000] {dag.py:4180} INFO - Setting next_dagrun for dataset_s3_bucket_consumer to None, run_after=None
[2025-11-14T21:19:17.227+0000] {logging_mixin.py:190} INFO - [2025-11-14T21:19:17.227+0000] {dag.py:4180} INFO - Setting next_dagrun for dataset_s3_bucket_producer to None, run_after=None
[2025-11-14T21:19:17.280+0000] {processor.py:208} INFO - Processing /home/airflow/.local/lib/python3.12/site-packages/airflow/example_dags/example_dataset_alias.py took 0.885 seconds
[2025-11-14T21:19:47.804+0000] {processor.py:186} INFO - Started process (PID=558) to work on /home/airflow/.local/lib/python3.12/site-packages/airflow/example_dags/example_dataset_alias.py
[2025-11-14T21:19:47.808+0000] {processor.py:914} INFO - Processing file /home/airflow/.local/lib/python3.12/site-packages/airflow/example_dags/example_dataset_alias.py for tasks to queue
[2025-11-14T21:19:47.815+0000] {logging_mixin.py:190} INFO - [2025-11-14T21:19:47.814+0000] {dagbag.py:588} INFO - Filling up the DagBag from /home/airflow/.local/lib/python3.12/site-packages/airflow/example_dags/example_dataset_alias.py
[2025-11-14T21:19:48.256+0000] {processor.py:925} INFO - DAG(s) 'dataset_alias_example_alias_consumer', 'dataset_s3_bucket_producer', 'dataset_s3_bucket_consumer', 'dataset_alias_example_alias_producer' retrieved from /home/airflow/.local/lib/python3.12/site-packages/airflow/example_dags/example_dataset_alias.py
[2025-11-14T21:19:48.311+0000] {logging_mixin.py:190} INFO - [2025-11-14T21:19:48.310+0000] {dag.py:3239} INFO - Sync 4 DAGs
[2025-11-14T21:19:48.381+0000] {logging_mixin.py:190} INFO - [2025-11-14T21:19:48.380+0000] {dag.py:4180} INFO - Setting next_dagrun for dataset_alias_example_alias_consumer to None, run_after=None
[2025-11-14T21:19:48.402+0000] {logging_mixin.py:190} INFO - [2025-11-14T21:19:48.400+0000] {dag.py:4180} INFO - Setting next_dagrun for dataset_alias_example_alias_producer to None, run_after=None
[2025-11-14T21:19:48.409+0000] {logging_mixin.py:190} INFO - [2025-11-14T21:19:48.408+0000] {dag.py:4180} INFO - Setting next_dagrun for dataset_s3_bucket_consumer to None, run_after=None
[2025-11-14T21:19:48.417+0000] {logging_mixin.py:190} INFO - [2025-11-14T21:19:48.416+0000] {dag.py:4180} INFO - Setting next_dagrun for dataset_s3_bucket_producer to None, run_after=None
[2025-11-14T21:19:48.484+0000] {processor.py:208} INFO - Processing /home/airflow/.local/lib/python3.12/site-packages/airflow/example_dags/example_dataset_alias.py took 0.701 seconds
[2025-11-14T21:20:24.797+0000] {processor.py:186} INFO - Started process (PID=632) to work on /home/airflow/.local/lib/python3.12/site-packages/airflow/example_dags/example_dataset_alias.py
[2025-11-14T21:20:24.805+0000] {processor.py:914} INFO - Processing file /home/airflow/.local/lib/python3.12/site-packages/airflow/example_dags/example_dataset_alias.py for tasks to queue
[2025-11-14T21:20:24.824+0000] {logging_mixin.py:190} INFO - [2025-11-14T21:20:24.822+0000] {dagbag.py:588} INFO - Filling up the DagBag from /home/airflow/.local/lib/python3.12/site-packages/airflow/example_dags/example_dataset_alias.py
[2025-11-14T21:20:28.218+0000] {processor.py:925} INFO - DAG(s) 'dataset_s3_bucket_consumer', 'dataset_alias_example_alias_producer', 'dataset_alias_example_alias_consumer', 'dataset_s3_bucket_producer' retrieved from /home/airflow/.local/lib/python3.12/site-packages/airflow/example_dags/example_dataset_alias.py
[2025-11-14T21:20:28.418+0000] {logging_mixin.py:190} INFO - [2025-11-14T21:20:28.416+0000] {dag.py:3239} INFO - Sync 4 DAGs
[2025-11-14T21:20:28.757+0000] {logging_mixin.py:190} INFO - [2025-11-14T21:20:28.748+0000] {dag.py:4180} INFO - Setting next_dagrun for dataset_alias_example_alias_consumer to None, run_after=None
[2025-11-14T21:20:28.790+0000] {logging_mixin.py:190} INFO - [2025-11-14T21:20:28.788+0000] {dag.py:4180} INFO - Setting next_dagrun for dataset_alias_example_alias_producer to None, run_after=None
[2025-11-14T21:20:28.810+0000] {logging_mixin.py:190} INFO - [2025-11-14T21:20:28.807+0000] {dag.py:4180} INFO - Setting next_dagrun for dataset_s3_bucket_consumer to None, run_after=None
[2025-11-14T21:20:28.827+0000] {logging_mixin.py:190} INFO - [2025-11-14T21:20:28.826+0000] {dag.py:4180} INFO - Setting next_dagrun for dataset_s3_bucket_producer to None, run_after=None
[2025-11-14T21:20:29.165+0000] {processor.py:208} INFO - Processing /home/airflow/.local/lib/python3.12/site-packages/airflow/example_dags/example_dataset_alias.py took 4.406 seconds
[2025-11-14T21:21:16.913+0000] {processor.py:186} INFO - Started process (PID=678) to work on /home/airflow/.local/lib/python3.12/site-packages/airflow/example_dags/example_dataset_alias.py
[2025-11-14T21:21:16.923+0000] {processor.py:914} INFO - Processing file /home/airflow/.local/lib/python3.12/site-packages/airflow/example_dags/example_dataset_alias.py for tasks to queue
[2025-11-14T21:21:16.966+0000] {logging_mixin.py:190} INFO - [2025-11-14T21:21:16.964+0000] {dagbag.py:588} INFO - Filling up the DagBag from /home/airflow/.local/lib/python3.12/site-packages/airflow/example_dags/example_dataset_alias.py
[2025-11-14T21:21:19.611+0000] {processor.py:925} INFO - DAG(s) 'dataset_s3_bucket_consumer', 'dataset_alias_example_alias_producer', 'dataset_s3_bucket_producer', 'dataset_alias_example_alias_consumer' retrieved from /home/airflow/.local/lib/python3.12/site-packages/airflow/example_dags/example_dataset_alias.py
[2025-11-14T21:21:19.971+0000] {logging_mixin.py:190} INFO - [2025-11-14T21:21:19.969+0000] {dag.py:3239} INFO - Sync 4 DAGs
[2025-11-14T21:21:20.569+0000] {logging_mixin.py:190} INFO - [2025-11-14T21:21:20.567+0000] {dag.py:4180} INFO - Setting next_dagrun for dataset_alias_example_alias_consumer to None, run_after=None
[2025-11-14T21:21:20.641+0000] {logging_mixin.py:190} INFO - [2025-11-14T21:21:20.632+0000] {dag.py:4180} INFO - Setting next_dagrun for dataset_alias_example_alias_producer to None, run_after=None
[2025-11-14T21:21:20.684+0000] {logging_mixin.py:190} INFO - [2025-11-14T21:21:20.683+0000] {dag.py:4180} INFO - Setting next_dagrun for dataset_s3_bucket_consumer to None, run_after=None
[2025-11-14T21:21:20.704+0000] {logging_mixin.py:190} INFO - [2025-11-14T21:21:20.702+0000] {dag.py:4180} INFO - Setting next_dagrun for dataset_s3_bucket_producer to None, run_after=None
[2025-11-14T21:21:21.435+0000] {processor.py:208} INFO - Processing /home/airflow/.local/lib/python3.12/site-packages/airflow/example_dags/example_dataset_alias.py took 4.586 seconds
[2025-11-14T21:21:55.392+0000] {processor.py:186} INFO - Started process (PID=743) to work on /home/airflow/.local/lib/python3.12/site-packages/airflow/example_dags/example_dataset_alias.py
[2025-11-14T21:21:55.400+0000] {processor.py:914} INFO - Processing file /home/airflow/.local/lib/python3.12/site-packages/airflow/example_dags/example_dataset_alias.py for tasks to queue
[2025-11-14T21:21:55.421+0000] {logging_mixin.py:190} INFO - [2025-11-14T21:21:55.420+0000] {dagbag.py:588} INFO - Filling up the DagBag from /home/airflow/.local/lib/python3.12/site-packages/airflow/example_dags/example_dataset_alias.py
[2025-11-14T21:21:56.596+0000] {processor.py:925} INFO - DAG(s) 'dataset_alias_example_alias_consumer', 'dataset_s3_bucket_consumer', 'dataset_alias_example_alias_producer', 'dataset_s3_bucket_producer' retrieved from /home/airflow/.local/lib/python3.12/site-packages/airflow/example_dags/example_dataset_alias.py
[2025-11-14T21:21:56.813+0000] {logging_mixin.py:190} INFO - [2025-11-14T21:21:56.812+0000] {dag.py:3239} INFO - Sync 4 DAGs
[2025-11-14T21:21:56.947+0000] {logging_mixin.py:190} INFO - [2025-11-14T21:21:56.947+0000] {dag.py:4180} INFO - Setting next_dagrun for dataset_alias_example_alias_consumer to None, run_after=None
[2025-11-14T21:21:56.966+0000] {logging_mixin.py:190} INFO - [2025-11-14T21:21:56.966+0000] {dag.py:4180} INFO - Setting next_dagrun for dataset_alias_example_alias_producer to None, run_after=None
[2025-11-14T21:21:56.974+0000] {logging_mixin.py:190} INFO - [2025-11-14T21:21:56.973+0000] {dag.py:4180} INFO - Setting next_dagrun for dataset_s3_bucket_consumer to None, run_after=None
[2025-11-14T21:21:56.984+0000] {logging_mixin.py:190} INFO - [2025-11-14T21:21:56.983+0000] {dag.py:4180} INFO - Setting next_dagrun for dataset_s3_bucket_producer to None, run_after=None
[2025-11-14T21:21:57.114+0000] {processor.py:208} INFO - Processing /home/airflow/.local/lib/python3.12/site-packages/airflow/example_dags/example_dataset_alias.py took 1.774 seconds
[2025-11-14T21:22:27.854+0000] {processor.py:186} INFO - Started process (PID=807) to work on /home/airflow/.local/lib/python3.12/site-packages/airflow/example_dags/example_dataset_alias.py
[2025-11-14T21:22:27.860+0000] {processor.py:914} INFO - Processing file /home/airflow/.local/lib/python3.12/site-packages/airflow/example_dags/example_dataset_alias.py for tasks to queue
[2025-11-14T21:22:27.875+0000] {logging_mixin.py:190} INFO - [2025-11-14T21:22:27.874+0000] {dagbag.py:588} INFO - Filling up the DagBag from /home/airflow/.local/lib/python3.12/site-packages/airflow/example_dags/example_dataset_alias.py
[2025-11-14T21:22:29.112+0000] {processor.py:925} INFO - DAG(s) 'dataset_s3_bucket_consumer', 'dataset_alias_example_alias_producer', 'dataset_s3_bucket_producer', 'dataset_alias_example_alias_consumer' retrieved from /home/airflow/.local/lib/python3.12/site-packages/airflow/example_dags/example_dataset_alias.py
[2025-11-14T21:22:29.203+0000] {logging_mixin.py:190} INFO - [2025-11-14T21:22:29.202+0000] {dag.py:3239} INFO - Sync 4 DAGs
[2025-11-14T21:22:29.356+0000] {logging_mixin.py:190} INFO - [2025-11-14T21:22:29.355+0000] {dag.py:4180} INFO - Setting next_dagrun for dataset_alias_example_alias_consumer to None, run_after=None
[2025-11-14T21:22:29.374+0000] {logging_mixin.py:190} INFO - [2025-11-14T21:22:29.373+0000] {dag.py:4180} INFO - Setting next_dagrun for dataset_alias_example_alias_producer to None, run_after=None
[2025-11-14T21:22:29.383+0000] {logging_mixin.py:190} INFO - [2025-11-14T21:22:29.382+0000] {dag.py:4180} INFO - Setting next_dagrun for dataset_s3_bucket_consumer to None, run_after=None
[2025-11-14T21:22:29.391+0000] {logging_mixin.py:190} INFO - [2025-11-14T21:22:29.390+0000] {dag.py:4180} INFO - Setting next_dagrun for dataset_s3_bucket_producer to None, run_after=None
[2025-11-14T21:22:29.521+0000] {processor.py:208} INFO - Processing /home/airflow/.local/lib/python3.12/site-packages/airflow/example_dags/example_dataset_alias.py took 1.697 seconds
[2025-11-14T21:22:59.897+0000] {processor.py:186} INFO - Started process (PID=872) to work on /home/airflow/.local/lib/python3.12/site-packages/airflow/example_dags/example_dataset_alias.py
[2025-11-14T21:22:59.903+0000] {processor.py:914} INFO - Processing file /home/airflow/.local/lib/python3.12/site-packages/airflow/example_dags/example_dataset_alias.py for tasks to queue
[2025-11-14T21:22:59.921+0000] {logging_mixin.py:190} INFO - [2025-11-14T21:22:59.919+0000] {dagbag.py:588} INFO - Filling up the DagBag from /home/airflow/.local/lib/python3.12/site-packages/airflow/example_dags/example_dataset_alias.py
[2025-11-14T21:23:00.409+0000] {processor.py:925} INFO - DAG(s) 'dataset_s3_bucket_producer', 'dataset_alias_example_alias_producer', 'dataset_alias_example_alias_consumer', 'dataset_s3_bucket_consumer' retrieved from /home/airflow/.local/lib/python3.12/site-packages/airflow/example_dags/example_dataset_alias.py
[2025-11-14T21:23:00.495+0000] {logging_mixin.py:190} INFO - [2025-11-14T21:23:00.495+0000] {dag.py:3239} INFO - Sync 4 DAGs
[2025-11-14T21:23:00.610+0000] {logging_mixin.py:190} INFO - [2025-11-14T21:23:00.609+0000] {dag.py:4180} INFO - Setting next_dagrun for dataset_alias_example_alias_consumer to None, run_after=None
[2025-11-14T21:23:00.621+0000] {logging_mixin.py:190} INFO - [2025-11-14T21:23:00.620+0000] {dag.py:4180} INFO - Setting next_dagrun for dataset_alias_example_alias_producer to None, run_after=None
[2025-11-14T21:23:00.626+0000] {logging_mixin.py:190} INFO - [2025-11-14T21:23:00.626+0000] {dag.py:4180} INFO - Setting next_dagrun for dataset_s3_bucket_consumer to None, run_after=None
[2025-11-14T21:23:00.631+0000] {logging_mixin.py:190} INFO - [2025-11-14T21:23:00.630+0000] {dag.py:4180} INFO - Setting next_dagrun for dataset_s3_bucket_producer to None, run_after=None
[2025-11-14T21:23:00.721+0000] {processor.py:208} INFO - Processing /home/airflow/.local/lib/python3.12/site-packages/airflow/example_dags/example_dataset_alias.py took 0.860 seconds
[2025-11-14T21:23:31.004+0000] {processor.py:186} INFO - Started process (PID=936) to work on /home/airflow/.local/lib/python3.12/site-packages/airflow/example_dags/example_dataset_alias.py
[2025-11-14T21:23:31.009+0000] {processor.py:914} INFO - Processing file /home/airflow/.local/lib/python3.12/site-packages/airflow/example_dags/example_dataset_alias.py for tasks to queue
[2025-11-14T21:23:31.022+0000] {logging_mixin.py:190} INFO - [2025-11-14T21:23:31.020+0000] {dagbag.py:588} INFO - Filling up the DagBag from /home/airflow/.local/lib/python3.12/site-packages/airflow/example_dags/example_dataset_alias.py
[2025-11-14T21:23:31.565+0000] {processor.py:925} INFO - DAG(s) 'dataset_s3_bucket_consumer', 'dataset_alias_example_alias_producer', 'dataset_s3_bucket_producer', 'dataset_alias_example_alias_consumer' retrieved from /home/airflow/.local/lib/python3.12/site-packages/airflow/example_dags/example_dataset_alias.py
[2025-11-14T21:23:31.662+0000] {logging_mixin.py:190} INFO - [2025-11-14T21:23:31.662+0000] {dag.py:3239} INFO - Sync 4 DAGs
[2025-11-14T21:23:31.776+0000] {logging_mixin.py:190} INFO - [2025-11-14T21:23:31.775+0000] {dag.py:4180} INFO - Setting next_dagrun for dataset_alias_example_alias_consumer to None, run_after=None
[2025-11-14T21:23:31.787+0000] {logging_mixin.py:190} INFO - [2025-11-14T21:23:31.786+0000] {dag.py:4180} INFO - Setting next_dagrun for dataset_alias_example_alias_producer to None, run_after=None
[2025-11-14T21:23:31.799+0000] {logging_mixin.py:190} INFO - [2025-11-14T21:23:31.798+0000] {dag.py:4180} INFO - Setting next_dagrun for dataset_s3_bucket_consumer to None, run_after=None
[2025-11-14T21:23:31.809+0000] {logging_mixin.py:190} INFO - [2025-11-14T21:23:31.808+0000] {dag.py:4180} INFO - Setting next_dagrun for dataset_s3_bucket_producer to None, run_after=None
[2025-11-14T21:23:31.902+0000] {processor.py:208} INFO - Processing /home/airflow/.local/lib/python3.12/site-packages/airflow/example_dags/example_dataset_alias.py took 0.921 seconds
[2025-11-14T21:24:02.612+0000] {processor.py:186} INFO - Started process (PID=1006) to work on /home/airflow/.local/lib/python3.12/site-packages/airflow/example_dags/example_dataset_alias.py
[2025-11-14T21:24:02.616+0000] {processor.py:914} INFO - Processing file /home/airflow/.local/lib/python3.12/site-packages/airflow/example_dags/example_dataset_alias.py for tasks to queue
[2025-11-14T21:24:02.625+0000] {logging_mixin.py:190} INFO - [2025-11-14T21:24:02.624+0000] {dagbag.py:588} INFO - Filling up the DagBag from /home/airflow/.local/lib/python3.12/site-packages/airflow/example_dags/example_dataset_alias.py
[2025-11-14T21:24:03.126+0000] {processor.py:925} INFO - DAG(s) 'dataset_alias_example_alias_consumer', 'dataset_s3_bucket_consumer', 'dataset_alias_example_alias_producer', 'dataset_s3_bucket_producer' retrieved from /home/airflow/.local/lib/python3.12/site-packages/airflow/example_dags/example_dataset_alias.py
[2025-11-14T21:24:03.192+0000] {logging_mixin.py:190} INFO - [2025-11-14T21:24:03.192+0000] {dag.py:3239} INFO - Sync 4 DAGs
[2025-11-14T21:24:03.319+0000] {logging_mixin.py:190} INFO - [2025-11-14T21:24:03.319+0000] {dag.py:4180} INFO - Setting next_dagrun for dataset_alias_example_alias_consumer to None, run_after=None
[2025-11-14T21:24:03.335+0000] {logging_mixin.py:190} INFO - [2025-11-14T21:24:03.334+0000] {dag.py:4180} INFO - Setting next_dagrun for dataset_alias_example_alias_producer to None, run_after=None
[2025-11-14T21:24:03.343+0000] {logging_mixin.py:190} INFO - [2025-11-14T21:24:03.342+0000] {dag.py:4180} INFO - Setting next_dagrun for dataset_s3_bucket_consumer to None, run_after=None
[2025-11-14T21:24:03.352+0000] {logging_mixin.py:190} INFO - [2025-11-14T21:24:03.351+0000] {dag.py:4180} INFO - Setting next_dagrun for dataset_s3_bucket_producer to None, run_after=None
[2025-11-14T21:24:03.438+0000] {processor.py:208} INFO - Processing /home/airflow/.local/lib/python3.12/site-packages/airflow/example_dags/example_dataset_alias.py took 0.849 seconds
[2025-11-14T21:24:33.738+0000] {processor.py:186} INFO - Started process (PID=1069) to work on /home/airflow/.local/lib/python3.12/site-packages/airflow/example_dags/example_dataset_alias.py
[2025-11-14T21:24:33.742+0000] {processor.py:914} INFO - Processing file /home/airflow/.local/lib/python3.12/site-packages/airflow/example_dags/example_dataset_alias.py for tasks to queue
[2025-11-14T21:24:33.754+0000] {logging_mixin.py:190} INFO - [2025-11-14T21:24:33.753+0000] {dagbag.py:588} INFO - Filling up the DagBag from /home/airflow/.local/lib/python3.12/site-packages/airflow/example_dags/example_dataset_alias.py
[2025-11-14T21:24:34.886+0000] {processor.py:925} INFO - DAG(s) 'dataset_s3_bucket_producer', 'dataset_alias_example_alias_consumer', 'dataset_s3_bucket_consumer', 'dataset_alias_example_alias_producer' retrieved from /home/airflow/.local/lib/python3.12/site-packages/airflow/example_dags/example_dataset_alias.py
[2025-11-14T21:24:34.985+0000] {logging_mixin.py:190} INFO - [2025-11-14T21:24:34.984+0000] {dag.py:3239} INFO - Sync 4 DAGs
[2025-11-14T21:24:35.084+0000] {logging_mixin.py:190} INFO - [2025-11-14T21:24:35.084+0000] {dag.py:4180} INFO - Setting next_dagrun for dataset_alias_example_alias_consumer to None, run_after=None
[2025-11-14T21:24:35.098+0000] {logging_mixin.py:190} INFO - [2025-11-14T21:24:35.097+0000] {dag.py:4180} INFO - Setting next_dagrun for dataset_alias_example_alias_producer to None, run_after=None
[2025-11-14T21:24:35.105+0000] {logging_mixin.py:190} INFO - [2025-11-14T21:24:35.104+0000] {dag.py:4180} INFO - Setting next_dagrun for dataset_s3_bucket_consumer to None, run_after=None
[2025-11-14T21:24:35.115+0000] {logging_mixin.py:190} INFO - [2025-11-14T21:24:35.114+0000] {dag.py:4180} INFO - Setting next_dagrun for dataset_s3_bucket_producer to None, run_after=None
[2025-11-14T21:24:35.207+0000] {processor.py:208} INFO - Processing /home/airflow/.local/lib/python3.12/site-packages/airflow/example_dags/example_dataset_alias.py took 1.509 seconds
[2025-11-14T21:25:06.096+0000] {processor.py:186} INFO - Started process (PID=1133) to work on /home/airflow/.local/lib/python3.12/site-packages/airflow/example_dags/example_dataset_alias.py
[2025-11-14T21:25:06.100+0000] {processor.py:914} INFO - Processing file /home/airflow/.local/lib/python3.12/site-packages/airflow/example_dags/example_dataset_alias.py for tasks to queue
[2025-11-14T21:25:06.111+0000] {logging_mixin.py:190} INFO - [2025-11-14T21:25:06.110+0000] {dagbag.py:588} INFO - Filling up the DagBag from /home/airflow/.local/lib/python3.12/site-packages/airflow/example_dags/example_dataset_alias.py
[2025-11-14T21:25:06.641+0000] {processor.py:925} INFO - DAG(s) 'dataset_s3_bucket_consumer', 'dataset_s3_bucket_producer', 'dataset_alias_example_alias_consumer', 'dataset_alias_example_alias_producer' retrieved from /home/airflow/.local/lib/python3.12/site-packages/airflow/example_dags/example_dataset_alias.py
[2025-11-14T21:25:06.712+0000] {logging_mixin.py:190} INFO - [2025-11-14T21:25:06.712+0000] {dag.py:3239} INFO - Sync 4 DAGs
[2025-11-14T21:25:06.794+0000] {logging_mixin.py:190} INFO - [2025-11-14T21:25:06.793+0000] {dag.py:4180} INFO - Setting next_dagrun for dataset_alias_example_alias_consumer to None, run_after=None
[2025-11-14T21:25:06.807+0000] {logging_mixin.py:190} INFO - [2025-11-14T21:25:06.806+0000] {dag.py:4180} INFO - Setting next_dagrun for dataset_alias_example_alias_producer to None, run_after=None
[2025-11-14T21:25:06.813+0000] {logging_mixin.py:190} INFO - [2025-11-14T21:25:06.812+0000] {dag.py:4180} INFO - Setting next_dagrun for dataset_s3_bucket_consumer to None, run_after=None
[2025-11-14T21:25:06.818+0000] {logging_mixin.py:190} INFO - [2025-11-14T21:25:06.818+0000] {dag.py:4180} INFO - Setting next_dagrun for dataset_s3_bucket_producer to None, run_after=None
[2025-11-14T21:25:06.887+0000] {processor.py:208} INFO - Processing /home/airflow/.local/lib/python3.12/site-packages/airflow/example_dags/example_dataset_alias.py took 0.812 seconds
[2025-11-14T21:25:37.595+0000] {processor.py:186} INFO - Started process (PID=1198) to work on /home/airflow/.local/lib/python3.12/site-packages/airflow/example_dags/example_dataset_alias.py
[2025-11-14T21:25:37.599+0000] {processor.py:914} INFO - Processing file /home/airflow/.local/lib/python3.12/site-packages/airflow/example_dags/example_dataset_alias.py for tasks to queue
[2025-11-14T21:25:37.611+0000] {logging_mixin.py:190} INFO - [2025-11-14T21:25:37.610+0000] {dagbag.py:588} INFO - Filling up the DagBag from /home/airflow/.local/lib/python3.12/site-packages/airflow/example_dags/example_dataset_alias.py
[2025-11-14T21:25:38.145+0000] {processor.py:925} INFO - DAG(s) 'dataset_s3_bucket_consumer', 'dataset_alias_example_alias_producer', 'dataset_alias_example_alias_consumer', 'dataset_s3_bucket_producer' retrieved from /home/airflow/.local/lib/python3.12/site-packages/airflow/example_dags/example_dataset_alias.py
[2025-11-14T21:25:38.237+0000] {logging_mixin.py:190} INFO - [2025-11-14T21:25:38.236+0000] {dag.py:3239} INFO - Sync 4 DAGs
[2025-11-14T21:25:38.313+0000] {logging_mixin.py:190} INFO - [2025-11-14T21:25:38.312+0000] {dag.py:4180} INFO - Setting next_dagrun for dataset_alias_example_alias_consumer to None, run_after=None
[2025-11-14T21:25:38.320+0000] {logging_mixin.py:190} INFO - [2025-11-14T21:25:38.319+0000] {dag.py:4180} INFO - Setting next_dagrun for dataset_alias_example_alias_producer to None, run_after=None
[2025-11-14T21:25:38.326+0000] {logging_mixin.py:190} INFO - [2025-11-14T21:25:38.325+0000] {dag.py:4180} INFO - Setting next_dagrun for dataset_s3_bucket_consumer to None, run_after=None
[2025-11-14T21:25:38.329+0000] {logging_mixin.py:190} INFO - [2025-11-14T21:25:38.329+0000] {dag.py:4180} INFO - Setting next_dagrun for dataset_s3_bucket_producer to None, run_after=None
[2025-11-14T21:25:38.398+0000] {processor.py:208} INFO - Processing /home/airflow/.local/lib/python3.12/site-packages/airflow/example_dags/example_dataset_alias.py took 0.871 seconds
[2025-11-14T21:26:08.675+0000] {processor.py:186} INFO - Started process (PID=1262) to work on /home/airflow/.local/lib/python3.12/site-packages/airflow/example_dags/example_dataset_alias.py
[2025-11-14T21:26:08.677+0000] {processor.py:914} INFO - Processing file /home/airflow/.local/lib/python3.12/site-packages/airflow/example_dags/example_dataset_alias.py for tasks to queue
[2025-11-14T21:26:08.682+0000] {logging_mixin.py:190} INFO - [2025-11-14T21:26:08.682+0000] {dagbag.py:588} INFO - Filling up the DagBag from /home/airflow/.local/lib/python3.12/site-packages/airflow/example_dags/example_dataset_alias.py
[2025-11-14T21:26:08.973+0000] {processor.py:925} INFO - DAG(s) 'dataset_alias_example_alias_producer', 'dataset_s3_bucket_consumer', 'dataset_alias_example_alias_consumer', 'dataset_s3_bucket_producer' retrieved from /home/airflow/.local/lib/python3.12/site-packages/airflow/example_dags/example_dataset_alias.py
[2025-11-14T21:26:09.012+0000] {logging_mixin.py:190} INFO - [2025-11-14T21:26:09.012+0000] {dag.py:3239} INFO - Sync 4 DAGs
[2025-11-14T21:26:09.061+0000] {logging_mixin.py:190} INFO - [2025-11-14T21:26:09.061+0000] {dag.py:4180} INFO - Setting next_dagrun for dataset_alias_example_alias_consumer to None, run_after=None
[2025-11-14T21:26:09.066+0000] {logging_mixin.py:190} INFO - [2025-11-14T21:26:09.066+0000] {dag.py:4180} INFO - Setting next_dagrun for dataset_alias_example_alias_producer to None, run_after=None
[2025-11-14T21:26:09.069+0000] {logging_mixin.py:190} INFO - [2025-11-14T21:26:09.069+0000] {dag.py:4180} INFO - Setting next_dagrun for dataset_s3_bucket_consumer to None, run_after=None
[2025-11-14T21:26:09.072+0000] {logging_mixin.py:190} INFO - [2025-11-14T21:26:09.072+0000] {dag.py:4180} INFO - Setting next_dagrun for dataset_s3_bucket_producer to None, run_after=None
[2025-11-14T21:26:09.110+0000] {processor.py:208} INFO - Processing /home/airflow/.local/lib/python3.12/site-packages/airflow/example_dags/example_dataset_alias.py took 0.450 seconds
[2025-11-14T21:26:39.216+0000] {processor.py:186} INFO - Started process (PID=1326) to work on /home/airflow/.local/lib/python3.12/site-packages/airflow/example_dags/example_dataset_alias.py
[2025-11-14T21:26:39.219+0000] {processor.py:914} INFO - Processing file /home/airflow/.local/lib/python3.12/site-packages/airflow/example_dags/example_dataset_alias.py for tasks to queue
[2025-11-14T21:26:39.224+0000] {logging_mixin.py:190} INFO - [2025-11-14T21:26:39.223+0000] {dagbag.py:588} INFO - Filling up the DagBag from /home/airflow/.local/lib/python3.12/site-packages/airflow/example_dags/example_dataset_alias.py
[2025-11-14T21:26:39.499+0000] {processor.py:925} INFO - DAG(s) 'dataset_s3_bucket_consumer', 'dataset_alias_example_alias_consumer', 'dataset_s3_bucket_producer', 'dataset_alias_example_alias_producer' retrieved from /home/airflow/.local/lib/python3.12/site-packages/airflow/example_dags/example_dataset_alias.py
[2025-11-14T21:26:39.536+0000] {logging_mixin.py:190} INFO - [2025-11-14T21:26:39.536+0000] {dag.py:3239} INFO - Sync 4 DAGs
[2025-11-14T21:26:39.577+0000] {logging_mixin.py:190} INFO - [2025-11-14T21:26:39.577+0000] {dag.py:4180} INFO - Setting next_dagrun for dataset_alias_example_alias_consumer to None, run_after=None
[2025-11-14T21:26:39.583+0000] {logging_mixin.py:190} INFO - [2025-11-14T21:26:39.583+0000] {dag.py:4180} INFO - Setting next_dagrun for dataset_alias_example_alias_producer to None, run_after=None
[2025-11-14T21:26:39.586+0000] {logging_mixin.py:190} INFO - [2025-11-14T21:26:39.586+0000] {dag.py:4180} INFO - Setting next_dagrun for dataset_s3_bucket_consumer to None, run_after=None
[2025-11-14T21:26:39.590+0000] {logging_mixin.py:190} INFO - [2025-11-14T21:26:39.589+0000] {dag.py:4180} INFO - Setting next_dagrun for dataset_s3_bucket_producer to None, run_after=None
[2025-11-14T21:26:39.628+0000] {processor.py:208} INFO - Processing /home/airflow/.local/lib/python3.12/site-packages/airflow/example_dags/example_dataset_alias.py took 0.424 seconds
[2025-11-14T21:27:09.829+0000] {processor.py:186} INFO - Started process (PID=1389) to work on /home/airflow/.local/lib/python3.12/site-packages/airflow/example_dags/example_dataset_alias.py
[2025-11-14T21:27:09.832+0000] {processor.py:914} INFO - Processing file /home/airflow/.local/lib/python3.12/site-packages/airflow/example_dags/example_dataset_alias.py for tasks to queue
[2025-11-14T21:27:09.837+0000] {logging_mixin.py:190} INFO - [2025-11-14T21:27:09.836+0000] {dagbag.py:588} INFO - Filling up the DagBag from /home/airflow/.local/lib/python3.12/site-packages/airflow/example_dags/example_dataset_alias.py
[2025-11-14T21:27:10.143+0000] {processor.py:925} INFO - DAG(s) 'dataset_alias_example_alias_consumer', 'dataset_s3_bucket_consumer', 'dataset_s3_bucket_producer', 'dataset_alias_example_alias_producer' retrieved from /home/airflow/.local/lib/python3.12/site-packages/airflow/example_dags/example_dataset_alias.py
[2025-11-14T21:27:10.182+0000] {logging_mixin.py:190} INFO - [2025-11-14T21:27:10.182+0000] {dag.py:3239} INFO - Sync 4 DAGs
[2025-11-14T21:27:10.224+0000] {logging_mixin.py:190} INFO - [2025-11-14T21:27:10.224+0000] {dag.py:4180} INFO - Setting next_dagrun for dataset_alias_example_alias_consumer to None, run_after=None
[2025-11-14T21:27:10.230+0000] {logging_mixin.py:190} INFO - [2025-11-14T21:27:10.229+0000] {dag.py:4180} INFO - Setting next_dagrun for dataset_alias_example_alias_producer to None, run_after=None
[2025-11-14T21:27:10.234+0000] {logging_mixin.py:190} INFO - [2025-11-14T21:27:10.233+0000] {dag.py:4180} INFO - Setting next_dagrun for dataset_s3_bucket_consumer to None, run_after=None
[2025-11-14T21:27:10.238+0000] {logging_mixin.py:190} INFO - [2025-11-14T21:27:10.237+0000] {dag.py:4180} INFO - Setting next_dagrun for dataset_s3_bucket_producer to None, run_after=None
[2025-11-14T21:27:10.286+0000] {processor.py:208} INFO - Processing /home/airflow/.local/lib/python3.12/site-packages/airflow/example_dags/example_dataset_alias.py took 0.474 seconds
[2025-11-14T21:27:40.350+0000] {processor.py:186} INFO - Started process (PID=1451) to work on /home/airflow/.local/lib/python3.12/site-packages/airflow/example_dags/example_dataset_alias.py
[2025-11-14T21:27:40.353+0000] {processor.py:914} INFO - Processing file /home/airflow/.local/lib/python3.12/site-packages/airflow/example_dags/example_dataset_alias.py for tasks to queue
[2025-11-14T21:27:40.359+0000] {logging_mixin.py:190} INFO - [2025-11-14T21:27:40.358+0000] {dagbag.py:588} INFO - Filling up the DagBag from /home/airflow/.local/lib/python3.12/site-packages/airflow/example_dags/example_dataset_alias.py
[2025-11-14T21:27:40.697+0000] {processor.py:925} INFO - DAG(s) 'dataset_alias_example_alias_consumer', 'dataset_s3_bucket_consumer', 'dataset_alias_example_alias_producer', 'dataset_s3_bucket_producer' retrieved from /home/airflow/.local/lib/python3.12/site-packages/airflow/example_dags/example_dataset_alias.py
[2025-11-14T21:27:40.740+0000] {logging_mixin.py:190} INFO - [2025-11-14T21:27:40.740+0000] {dag.py:3239} INFO - Sync 4 DAGs
[2025-11-14T21:27:40.786+0000] {logging_mixin.py:190} INFO - [2025-11-14T21:27:40.786+0000] {dag.py:4180} INFO - Setting next_dagrun for dataset_alias_example_alias_consumer to None, run_after=None
[2025-11-14T21:27:40.792+0000] {logging_mixin.py:190} INFO - [2025-11-14T21:27:40.792+0000] {dag.py:4180} INFO - Setting next_dagrun for dataset_alias_example_alias_producer to None, run_after=None
[2025-11-14T21:27:40.796+0000] {logging_mixin.py:190} INFO - [2025-11-14T21:27:40.795+0000] {dag.py:4180} INFO - Setting next_dagrun for dataset_s3_bucket_consumer to None, run_after=None
[2025-11-14T21:27:40.799+0000] {logging_mixin.py:190} INFO - [2025-11-14T21:27:40.799+0000] {dag.py:4180} INFO - Setting next_dagrun for dataset_s3_bucket_producer to None, run_after=None
[2025-11-14T21:27:40.840+0000] {processor.py:208} INFO - Processing /home/airflow/.local/lib/python3.12/site-packages/airflow/example_dags/example_dataset_alias.py took 0.503 seconds
[2025-11-14T21:28:11.655+0000] {processor.py:186} INFO - Started process (PID=1515) to work on /home/airflow/.local/lib/python3.12/site-packages/airflow/example_dags/example_dataset_alias.py
[2025-11-14T21:28:11.658+0000] {processor.py:914} INFO - Processing file /home/airflow/.local/lib/python3.12/site-packages/airflow/example_dags/example_dataset_alias.py for tasks to queue
[2025-11-14T21:28:11.664+0000] {logging_mixin.py:190} INFO - [2025-11-14T21:28:11.663+0000] {dagbag.py:588} INFO - Filling up the DagBag from /home/airflow/.local/lib/python3.12/site-packages/airflow/example_dags/example_dataset_alias.py
[2025-11-14T21:28:12.006+0000] {processor.py:925} INFO - DAG(s) 'dataset_alias_example_alias_consumer', 'dataset_s3_bucket_producer', 'dataset_alias_example_alias_producer', 'dataset_s3_bucket_consumer' retrieved from /home/airflow/.local/lib/python3.12/site-packages/airflow/example_dags/example_dataset_alias.py
[2025-11-14T21:28:12.053+0000] {logging_mixin.py:190} INFO - [2025-11-14T21:28:12.053+0000] {dag.py:3239} INFO - Sync 4 DAGs
[2025-11-14T21:28:12.101+0000] {logging_mixin.py:190} INFO - [2025-11-14T21:28:12.100+0000] {dag.py:4180} INFO - Setting next_dagrun for dataset_alias_example_alias_consumer to None, run_after=None
[2025-11-14T21:28:12.107+0000] {logging_mixin.py:190} INFO - [2025-11-14T21:28:12.106+0000] {dag.py:4180} INFO - Setting next_dagrun for dataset_alias_example_alias_producer to None, run_after=None
[2025-11-14T21:28:12.110+0000] {logging_mixin.py:190} INFO - [2025-11-14T21:28:12.110+0000] {dag.py:4180} INFO - Setting next_dagrun for dataset_s3_bucket_consumer to None, run_after=None
[2025-11-14T21:28:12.114+0000] {logging_mixin.py:190} INFO - [2025-11-14T21:28:12.113+0000] {dag.py:4180} INFO - Setting next_dagrun for dataset_s3_bucket_producer to None, run_after=None
[2025-11-14T21:28:12.158+0000] {processor.py:208} INFO - Processing /home/airflow/.local/lib/python3.12/site-packages/airflow/example_dags/example_dataset_alias.py took 0.517 seconds
