[2025-11-14T21:15:45.259+0000] {processor.py:186} INFO - Started process (PID=65) to work on /home/airflow/.local/lib/python3.12/site-packages/airflow/example_dags/example_xcomargs.py
[2025-11-14T21:15:45.262+0000] {processor.py:914} INFO - Processing file /home/airflow/.local/lib/python3.12/site-packages/airflow/example_dags/example_xcomargs.py for tasks to queue
[2025-11-14T21:15:45.270+0000] {logging_mixin.py:190} INFO - [2025-11-14T21:15:45.269+0000] {dagbag.py:588} INFO - Filling up the DagBag from /home/airflow/.local/lib/python3.12/site-packages/airflow/example_dags/example_xcomargs.py
[2025-11-14T21:15:45.380+0000] {processor.py:925} INFO - DAG(s) 'example_xcom_args_with_operators', 'example_xcom_args' retrieved from /home/airflow/.local/lib/python3.12/site-packages/airflow/example_dags/example_xcomargs.py
[2025-11-14T21:15:45.649+0000] {logging_mixin.py:190} INFO - [2025-11-14T21:15:45.647+0000] {override.py:1900} INFO - Created Permission View: can edit on DAG:example_xcom_args_with_operators
[2025-11-14T21:15:45.677+0000] {logging_mixin.py:190} INFO - [2025-11-14T21:15:45.676+0000] {override.py:1900} INFO - Created Permission View: can delete on DAG:example_xcom_args_with_operators
[2025-11-14T21:15:45.694+0000] {logging_mixin.py:190} INFO - [2025-11-14T21:15:45.693+0000] {override.py:1900} INFO - Created Permission View: can read on DAG:example_xcom_args_with_operators
[2025-11-14T21:15:45.714+0000] {logging_mixin.py:190} INFO - [2025-11-14T21:15:45.713+0000] {override.py:1900} INFO - Created Permission View: menu access on DAG Run:example_xcom_args_with_operators
[2025-11-14T21:15:45.733+0000] {logging_mixin.py:190} INFO - [2025-11-14T21:15:45.732+0000] {override.py:1900} INFO - Created Permission View: can create on DAG Run:example_xcom_args_with_operators
[2025-11-14T21:15:45.747+0000] {logging_mixin.py:190} INFO - [2025-11-14T21:15:45.747+0000] {override.py:1900} INFO - Created Permission View: can delete on DAG Run:example_xcom_args_with_operators
[2025-11-14T21:15:45.765+0000] {logging_mixin.py:190} INFO - [2025-11-14T21:15:45.764+0000] {override.py:1900} INFO - Created Permission View: can read on DAG Run:example_xcom_args_with_operators
[2025-11-14T21:15:45.798+0000] {logging_mixin.py:190} INFO - [2025-11-14T21:15:45.797+0000] {override.py:1900} INFO - Created Permission View: can edit on DAG:example_xcom_args
[2025-11-14T21:15:45.813+0000] {logging_mixin.py:190} INFO - [2025-11-14T21:15:45.812+0000] {override.py:1900} INFO - Created Permission View: can delete on DAG:example_xcom_args
[2025-11-14T21:15:45.828+0000] {logging_mixin.py:190} INFO - [2025-11-14T21:15:45.827+0000] {override.py:1900} INFO - Created Permission View: can read on DAG:example_xcom_args
[2025-11-14T21:15:45.845+0000] {logging_mixin.py:190} INFO - [2025-11-14T21:15:45.844+0000] {override.py:1900} INFO - Created Permission View: menu access on DAG Run:example_xcom_args
[2025-11-14T21:15:45.858+0000] {logging_mixin.py:190} INFO - [2025-11-14T21:15:45.858+0000] {override.py:1900} INFO - Created Permission View: can create on DAG Run:example_xcom_args
[2025-11-14T21:15:45.872+0000] {logging_mixin.py:190} INFO - [2025-11-14T21:15:45.872+0000] {override.py:1900} INFO - Created Permission View: can delete on DAG Run:example_xcom_args
[2025-11-14T21:15:45.888+0000] {logging_mixin.py:190} INFO - [2025-11-14T21:15:45.888+0000] {override.py:1900} INFO - Created Permission View: can read on DAG Run:example_xcom_args
[2025-11-14T21:15:45.890+0000] {logging_mixin.py:190} INFO - [2025-11-14T21:15:45.890+0000] {dag.py:3239} INFO - Sync 2 DAGs
[2025-11-14T21:15:45.916+0000] {logging_mixin.py:190} INFO - [2025-11-14T21:15:45.915+0000] {dag.py:3262} INFO - Creating ORM DAG for example_xcom_args
[2025-11-14T21:15:45.918+0000] {logging_mixin.py:190} INFO - [2025-11-14T21:15:45.918+0000] {dag.py:3262} INFO - Creating ORM DAG for example_xcom_args_with_operators
[2025-11-14T21:15:45.920+0000] {logging_mixin.py:190} INFO - [2025-11-14T21:15:45.920+0000] {dag.py:4180} INFO - Setting next_dagrun for example_xcom_args to None, run_after=None
[2025-11-14T21:15:45.923+0000] {logging_mixin.py:190} INFO - [2025-11-14T21:15:45.923+0000] {dag.py:4180} INFO - Setting next_dagrun for example_xcom_args_with_operators to None, run_after=None
[2025-11-14T21:15:45.956+0000] {processor.py:208} INFO - Processing /home/airflow/.local/lib/python3.12/site-packages/airflow/example_dags/example_xcomargs.py took 0.716 seconds
[2025-11-14T21:16:16.155+0000] {processor.py:186} INFO - Started process (PID=129) to work on /home/airflow/.local/lib/python3.12/site-packages/airflow/example_dags/example_xcomargs.py
[2025-11-14T21:16:16.158+0000] {processor.py:914} INFO - Processing file /home/airflow/.local/lib/python3.12/site-packages/airflow/example_dags/example_xcomargs.py for tasks to queue
[2025-11-14T21:16:16.167+0000] {logging_mixin.py:190} INFO - [2025-11-14T21:16:16.166+0000] {dagbag.py:588} INFO - Filling up the DagBag from /home/airflow/.local/lib/python3.12/site-packages/airflow/example_dags/example_xcomargs.py
[2025-11-14T21:16:16.185+0000] {processor.py:925} INFO - DAG(s) 'example_xcom_args', 'example_xcom_args_with_operators' retrieved from /home/airflow/.local/lib/python3.12/site-packages/airflow/example_dags/example_xcomargs.py
[2025-11-14T21:16:16.233+0000] {logging_mixin.py:190} INFO - [2025-11-14T21:16:16.233+0000] {dag.py:3239} INFO - Sync 2 DAGs
[2025-11-14T21:16:16.276+0000] {logging_mixin.py:190} INFO - [2025-11-14T21:16:16.276+0000] {dag.py:4180} INFO - Setting next_dagrun for example_xcom_args to None, run_after=None
[2025-11-14T21:16:16.283+0000] {logging_mixin.py:190} INFO - [2025-11-14T21:16:16.283+0000] {dag.py:4180} INFO - Setting next_dagrun for example_xcom_args_with_operators to None, run_after=None
[2025-11-14T21:16:16.308+0000] {processor.py:208} INFO - Processing /home/airflow/.local/lib/python3.12/site-packages/airflow/example_dags/example_xcomargs.py took 0.168 seconds
[2025-11-14T21:16:46.430+0000] {processor.py:186} INFO - Started process (PID=192) to work on /home/airflow/.local/lib/python3.12/site-packages/airflow/example_dags/example_xcomargs.py
[2025-11-14T21:16:46.432+0000] {processor.py:914} INFO - Processing file /home/airflow/.local/lib/python3.12/site-packages/airflow/example_dags/example_xcomargs.py for tasks to queue
[2025-11-14T21:16:46.435+0000] {logging_mixin.py:190} INFO - [2025-11-14T21:16:46.435+0000] {dagbag.py:588} INFO - Filling up the DagBag from /home/airflow/.local/lib/python3.12/site-packages/airflow/example_dags/example_xcomargs.py
[2025-11-14T21:16:46.447+0000] {processor.py:925} INFO - DAG(s) 'example_xcom_args_with_operators', 'example_xcom_args' retrieved from /home/airflow/.local/lib/python3.12/site-packages/airflow/example_dags/example_xcomargs.py
[2025-11-14T21:16:46.475+0000] {logging_mixin.py:190} INFO - [2025-11-14T21:16:46.475+0000] {dag.py:3239} INFO - Sync 2 DAGs
[2025-11-14T21:16:46.493+0000] {logging_mixin.py:190} INFO - [2025-11-14T21:16:46.493+0000] {dag.py:4180} INFO - Setting next_dagrun for example_xcom_args to None, run_after=None
[2025-11-14T21:16:46.497+0000] {logging_mixin.py:190} INFO - [2025-11-14T21:16:46.497+0000] {dag.py:4180} INFO - Setting next_dagrun for example_xcom_args_with_operators to None, run_after=None
[2025-11-14T21:16:46.513+0000] {processor.py:208} INFO - Processing /home/airflow/.local/lib/python3.12/site-packages/airflow/example_dags/example_xcomargs.py took 0.090 seconds
[2025-11-14T21:17:16.631+0000] {processor.py:186} INFO - Started process (PID=255) to work on /home/airflow/.local/lib/python3.12/site-packages/airflow/example_dags/example_xcomargs.py
[2025-11-14T21:17:16.633+0000] {processor.py:914} INFO - Processing file /home/airflow/.local/lib/python3.12/site-packages/airflow/example_dags/example_xcomargs.py for tasks to queue
[2025-11-14T21:17:16.637+0000] {logging_mixin.py:190} INFO - [2025-11-14T21:17:16.637+0000] {dagbag.py:588} INFO - Filling up the DagBag from /home/airflow/.local/lib/python3.12/site-packages/airflow/example_dags/example_xcomargs.py
[2025-11-14T21:17:16.649+0000] {processor.py:925} INFO - DAG(s) 'example_xcom_args', 'example_xcom_args_with_operators' retrieved from /home/airflow/.local/lib/python3.12/site-packages/airflow/example_dags/example_xcomargs.py
[2025-11-14T21:17:16.675+0000] {logging_mixin.py:190} INFO - [2025-11-14T21:17:16.675+0000] {dag.py:3239} INFO - Sync 2 DAGs
[2025-11-14T21:17:16.692+0000] {logging_mixin.py:190} INFO - [2025-11-14T21:17:16.692+0000] {dag.py:4180} INFO - Setting next_dagrun for example_xcom_args to None, run_after=None
[2025-11-14T21:17:16.696+0000] {logging_mixin.py:190} INFO - [2025-11-14T21:17:16.696+0000] {dag.py:4180} INFO - Setting next_dagrun for example_xcom_args_with_operators to None, run_after=None
[2025-11-14T21:17:16.713+0000] {processor.py:208} INFO - Processing /home/airflow/.local/lib/python3.12/site-packages/airflow/example_dags/example_xcomargs.py took 0.089 seconds
[2025-11-14T21:17:46.958+0000] {processor.py:186} INFO - Started process (PID=318) to work on /home/airflow/.local/lib/python3.12/site-packages/airflow/example_dags/example_xcomargs.py
[2025-11-14T21:17:46.960+0000] {processor.py:914} INFO - Processing file /home/airflow/.local/lib/python3.12/site-packages/airflow/example_dags/example_xcomargs.py for tasks to queue
[2025-11-14T21:17:46.963+0000] {logging_mixin.py:190} INFO - [2025-11-14T21:17:46.963+0000] {dagbag.py:588} INFO - Filling up the DagBag from /home/airflow/.local/lib/python3.12/site-packages/airflow/example_dags/example_xcomargs.py
[2025-11-14T21:17:46.974+0000] {processor.py:925} INFO - DAG(s) 'example_xcom_args_with_operators', 'example_xcom_args' retrieved from /home/airflow/.local/lib/python3.12/site-packages/airflow/example_dags/example_xcomargs.py
[2025-11-14T21:17:47.000+0000] {logging_mixin.py:190} INFO - [2025-11-14T21:17:47.000+0000] {dag.py:3239} INFO - Sync 2 DAGs
[2025-11-14T21:17:47.017+0000] {logging_mixin.py:190} INFO - [2025-11-14T21:17:47.017+0000] {dag.py:4180} INFO - Setting next_dagrun for example_xcom_args to None, run_after=None
[2025-11-14T21:17:47.022+0000] {logging_mixin.py:190} INFO - [2025-11-14T21:17:47.022+0000] {dag.py:4180} INFO - Setting next_dagrun for example_xcom_args_with_operators to None, run_after=None
[2025-11-14T21:17:47.040+0000] {processor.py:208} INFO - Processing /home/airflow/.local/lib/python3.12/site-packages/airflow/example_dags/example_xcomargs.py took 0.090 seconds
[2025-11-14T21:18:17.098+0000] {processor.py:186} INFO - Started process (PID=381) to work on /home/airflow/.local/lib/python3.12/site-packages/airflow/example_dags/example_xcomargs.py
[2025-11-14T21:18:17.099+0000] {processor.py:914} INFO - Processing file /home/airflow/.local/lib/python3.12/site-packages/airflow/example_dags/example_xcomargs.py for tasks to queue
[2025-11-14T21:18:17.103+0000] {logging_mixin.py:190} INFO - [2025-11-14T21:18:17.102+0000] {dagbag.py:588} INFO - Filling up the DagBag from /home/airflow/.local/lib/python3.12/site-packages/airflow/example_dags/example_xcomargs.py
[2025-11-14T21:18:17.114+0000] {processor.py:925} INFO - DAG(s) 'example_xcom_args_with_operators', 'example_xcom_args' retrieved from /home/airflow/.local/lib/python3.12/site-packages/airflow/example_dags/example_xcomargs.py
[2025-11-14T21:18:17.143+0000] {logging_mixin.py:190} INFO - [2025-11-14T21:18:17.143+0000] {dag.py:3239} INFO - Sync 2 DAGs
[2025-11-14T21:18:17.162+0000] {logging_mixin.py:190} INFO - [2025-11-14T21:18:17.161+0000] {dag.py:4180} INFO - Setting next_dagrun for example_xcom_args to None, run_after=None
[2025-11-14T21:18:17.166+0000] {logging_mixin.py:190} INFO - [2025-11-14T21:18:17.166+0000] {dag.py:4180} INFO - Setting next_dagrun for example_xcom_args_with_operators to None, run_after=None
[2025-11-14T21:18:17.187+0000] {processor.py:208} INFO - Processing /home/airflow/.local/lib/python3.12/site-packages/airflow/example_dags/example_xcomargs.py took 0.096 seconds
[2025-11-14T21:18:47.553+0000] {processor.py:186} INFO - Started process (PID=446) to work on /home/airflow/.local/lib/python3.12/site-packages/airflow/example_dags/example_xcomargs.py
[2025-11-14T21:18:47.555+0000] {processor.py:914} INFO - Processing file /home/airflow/.local/lib/python3.12/site-packages/airflow/example_dags/example_xcomargs.py for tasks to queue
[2025-11-14T21:18:47.559+0000] {logging_mixin.py:190} INFO - [2025-11-14T21:18:47.559+0000] {dagbag.py:588} INFO - Filling up the DagBag from /home/airflow/.local/lib/python3.12/site-packages/airflow/example_dags/example_xcomargs.py
[2025-11-14T21:18:47.570+0000] {processor.py:925} INFO - DAG(s) 'example_xcom_args', 'example_xcom_args_with_operators' retrieved from /home/airflow/.local/lib/python3.12/site-packages/airflow/example_dags/example_xcomargs.py
[2025-11-14T21:18:47.600+0000] {logging_mixin.py:190} INFO - [2025-11-14T21:18:47.600+0000] {dag.py:3239} INFO - Sync 2 DAGs
[2025-11-14T21:18:47.623+0000] {logging_mixin.py:190} INFO - [2025-11-14T21:18:47.623+0000] {dag.py:4180} INFO - Setting next_dagrun for example_xcom_args to None, run_after=None
[2025-11-14T21:18:47.628+0000] {logging_mixin.py:190} INFO - [2025-11-14T21:18:47.628+0000] {dag.py:4180} INFO - Setting next_dagrun for example_xcom_args_with_operators to None, run_after=None
[2025-11-14T21:18:47.646+0000] {processor.py:208} INFO - Processing /home/airflow/.local/lib/python3.12/site-packages/airflow/example_dags/example_xcomargs.py took 0.099 seconds
[2025-11-14T21:19:19.792+0000] {processor.py:186} INFO - Started process (PID=511) to work on /home/airflow/.local/lib/python3.12/site-packages/airflow/example_dags/example_xcomargs.py
[2025-11-14T21:19:19.796+0000] {processor.py:914} INFO - Processing file /home/airflow/.local/lib/python3.12/site-packages/airflow/example_dags/example_xcomargs.py for tasks to queue
[2025-11-14T21:19:19.806+0000] {logging_mixin.py:190} INFO - [2025-11-14T21:19:19.804+0000] {dagbag.py:588} INFO - Filling up the DagBag from /home/airflow/.local/lib/python3.12/site-packages/airflow/example_dags/example_xcomargs.py
[2025-11-14T21:19:19.845+0000] {processor.py:925} INFO - DAG(s) 'example_xcom_args', 'example_xcom_args_with_operators' retrieved from /home/airflow/.local/lib/python3.12/site-packages/airflow/example_dags/example_xcomargs.py
[2025-11-14T21:19:19.933+0000] {logging_mixin.py:190} INFO - [2025-11-14T21:19:19.932+0000] {dag.py:3239} INFO - Sync 2 DAGs
[2025-11-14T21:19:19.969+0000] {logging_mixin.py:190} INFO - [2025-11-14T21:19:19.968+0000] {dag.py:4180} INFO - Setting next_dagrun for example_xcom_args to None, run_after=None
[2025-11-14T21:19:19.978+0000] {logging_mixin.py:190} INFO - [2025-11-14T21:19:19.977+0000] {dag.py:4180} INFO - Setting next_dagrun for example_xcom_args_with_operators to None, run_after=None
[2025-11-14T21:19:20.009+0000] {processor.py:208} INFO - Processing /home/airflow/.local/lib/python3.12/site-packages/airflow/example_dags/example_xcomargs.py took 0.233 seconds
[2025-11-14T21:19:52.935+0000] {processor.py:186} INFO - Started process (PID=576) to work on /home/airflow/.local/lib/python3.12/site-packages/airflow/example_dags/example_xcomargs.py
[2025-11-14T21:19:52.939+0000] {processor.py:914} INFO - Processing file /home/airflow/.local/lib/python3.12/site-packages/airflow/example_dags/example_xcomargs.py for tasks to queue
[2025-11-14T21:19:52.949+0000] {logging_mixin.py:190} INFO - [2025-11-14T21:19:52.948+0000] {dagbag.py:588} INFO - Filling up the DagBag from /home/airflow/.local/lib/python3.12/site-packages/airflow/example_dags/example_xcomargs.py
[2025-11-14T21:19:52.977+0000] {processor.py:925} INFO - DAG(s) 'example_xcom_args', 'example_xcom_args_with_operators' retrieved from /home/airflow/.local/lib/python3.12/site-packages/airflow/example_dags/example_xcomargs.py
[2025-11-14T21:19:53.062+0000] {logging_mixin.py:190} INFO - [2025-11-14T21:19:53.062+0000] {dag.py:3239} INFO - Sync 2 DAGs
[2025-11-14T21:19:53.128+0000] {logging_mixin.py:190} INFO - [2025-11-14T21:19:53.128+0000] {dag.py:4180} INFO - Setting next_dagrun for example_xcom_args to None, run_after=None
[2025-11-14T21:19:53.143+0000] {logging_mixin.py:190} INFO - [2025-11-14T21:19:53.142+0000] {dag.py:4180} INFO - Setting next_dagrun for example_xcom_args_with_operators to None, run_after=None
[2025-11-14T21:19:53.200+0000] {processor.py:208} INFO - Processing /home/airflow/.local/lib/python3.12/site-packages/airflow/example_dags/example_xcomargs.py took 0.283 seconds
[2025-11-14T21:21:04.830+0000] {processor.py:186} INFO - Started process (PID=662) to work on /home/airflow/.local/lib/python3.12/site-packages/airflow/example_dags/example_xcomargs.py
[2025-11-14T21:21:04.853+0000] {processor.py:914} INFO - Processing file /home/airflow/.local/lib/python3.12/site-packages/airflow/example_dags/example_xcomargs.py for tasks to queue
[2025-11-14T21:21:04.916+0000] {logging_mixin.py:190} INFO - [2025-11-14T21:21:04.913+0000] {dagbag.py:588} INFO - Filling up the DagBag from /home/airflow/.local/lib/python3.12/site-packages/airflow/example_dags/example_xcomargs.py
[2025-11-14T21:21:05.135+0000] {processor.py:925} INFO - DAG(s) 'example_xcom_args', 'example_xcom_args_with_operators' retrieved from /home/airflow/.local/lib/python3.12/site-packages/airflow/example_dags/example_xcomargs.py
[2025-11-14T21:21:05.370+0000] {logging_mixin.py:190} INFO - [2025-11-14T21:21:05.361+0000] {dag.py:3239} INFO - Sync 2 DAGs
[2025-11-14T21:21:05.780+0000] {logging_mixin.py:190} INFO - [2025-11-14T21:21:05.778+0000] {dag.py:4180} INFO - Setting next_dagrun for example_xcom_args to None, run_after=None
[2025-11-14T21:21:05.846+0000] {logging_mixin.py:190} INFO - [2025-11-14T21:21:05.843+0000] {dag.py:4180} INFO - Setting next_dagrun for example_xcom_args_with_operators to None, run_after=None
[2025-11-14T21:21:06.080+0000] {processor.py:208} INFO - Processing /home/airflow/.local/lib/python3.12/site-packages/airflow/example_dags/example_xcomargs.py took 1.336 seconds
[2025-11-14T21:21:43.877+0000] {processor.py:186} INFO - Started process (PID=727) to work on /home/airflow/.local/lib/python3.12/site-packages/airflow/example_dags/example_xcomargs.py
[2025-11-14T21:21:43.884+0000] {processor.py:914} INFO - Processing file /home/airflow/.local/lib/python3.12/site-packages/airflow/example_dags/example_xcomargs.py for tasks to queue
[2025-11-14T21:21:43.907+0000] {logging_mixin.py:190} INFO - [2025-11-14T21:21:43.905+0000] {dagbag.py:588} INFO - Filling up the DagBag from /home/airflow/.local/lib/python3.12/site-packages/airflow/example_dags/example_xcomargs.py
[2025-11-14T21:21:43.957+0000] {processor.py:925} INFO - DAG(s) 'example_xcom_args', 'example_xcom_args_with_operators' retrieved from /home/airflow/.local/lib/python3.12/site-packages/airflow/example_dags/example_xcomargs.py
[2025-11-14T21:21:44.082+0000] {logging_mixin.py:190} INFO - [2025-11-14T21:21:44.080+0000] {dag.py:3239} INFO - Sync 2 DAGs
[2025-11-14T21:21:44.152+0000] {logging_mixin.py:190} INFO - [2025-11-14T21:21:44.151+0000] {dag.py:4180} INFO - Setting next_dagrun for example_xcom_args to None, run_after=None
[2025-11-14T21:21:44.175+0000] {logging_mixin.py:190} INFO - [2025-11-14T21:21:44.173+0000] {dag.py:4180} INFO - Setting next_dagrun for example_xcom_args_with_operators to None, run_after=None
[2025-11-14T21:21:44.271+0000] {processor.py:208} INFO - Processing /home/airflow/.local/lib/python3.12/site-packages/airflow/example_dags/example_xcomargs.py took 0.447 seconds
[2025-11-14T21:22:17.089+0000] {processor.py:186} INFO - Started process (PID=791) to work on /home/airflow/.local/lib/python3.12/site-packages/airflow/example_dags/example_xcomargs.py
[2025-11-14T21:22:17.101+0000] {processor.py:914} INFO - Processing file /home/airflow/.local/lib/python3.12/site-packages/airflow/example_dags/example_xcomargs.py for tasks to queue
[2025-11-14T21:22:17.179+0000] {logging_mixin.py:190} INFO - [2025-11-14T21:22:17.167+0000] {dagbag.py:588} INFO - Filling up the DagBag from /home/airflow/.local/lib/python3.12/site-packages/airflow/example_dags/example_xcomargs.py
[2025-11-14T21:22:17.348+0000] {processor.py:925} INFO - DAG(s) 'example_xcom_args_with_operators', 'example_xcom_args' retrieved from /home/airflow/.local/lib/python3.12/site-packages/airflow/example_dags/example_xcomargs.py
[2025-11-14T21:22:17.566+0000] {logging_mixin.py:190} INFO - [2025-11-14T21:22:17.565+0000] {dag.py:3239} INFO - Sync 2 DAGs
[2025-11-14T21:22:17.803+0000] {logging_mixin.py:190} INFO - [2025-11-14T21:22:17.802+0000] {dag.py:4180} INFO - Setting next_dagrun for example_xcom_args to None, run_after=None
[2025-11-14T21:22:17.838+0000] {logging_mixin.py:190} INFO - [2025-11-14T21:22:17.837+0000] {dag.py:4180} INFO - Setting next_dagrun for example_xcom_args_with_operators to None, run_after=None
[2025-11-14T21:22:17.950+0000] {processor.py:208} INFO - Processing /home/airflow/.local/lib/python3.12/site-packages/airflow/example_dags/example_xcomargs.py took 1.012 seconds
[2025-11-14T21:22:48.946+0000] {processor.py:186} INFO - Started process (PID=857) to work on /home/airflow/.local/lib/python3.12/site-packages/airflow/example_dags/example_xcomargs.py
[2025-11-14T21:22:48.951+0000] {processor.py:914} INFO - Processing file /home/airflow/.local/lib/python3.12/site-packages/airflow/example_dags/example_xcomargs.py for tasks to queue
[2025-11-14T21:22:48.962+0000] {logging_mixin.py:190} INFO - [2025-11-14T21:22:48.961+0000] {dagbag.py:588} INFO - Filling up the DagBag from /home/airflow/.local/lib/python3.12/site-packages/airflow/example_dags/example_xcomargs.py
[2025-11-14T21:22:49.000+0000] {processor.py:925} INFO - DAG(s) 'example_xcom_args', 'example_xcom_args_with_operators' retrieved from /home/airflow/.local/lib/python3.12/site-packages/airflow/example_dags/example_xcomargs.py
[2025-11-14T21:22:49.092+0000] {logging_mixin.py:190} INFO - [2025-11-14T21:22:49.091+0000] {dag.py:3239} INFO - Sync 2 DAGs
[2025-11-14T21:22:49.154+0000] {logging_mixin.py:190} INFO - [2025-11-14T21:22:49.153+0000] {dag.py:4180} INFO - Setting next_dagrun for example_xcom_args to None, run_after=None
[2025-11-14T21:22:49.171+0000] {logging_mixin.py:190} INFO - [2025-11-14T21:22:49.170+0000] {dag.py:4180} INFO - Setting next_dagrun for example_xcom_args_with_operators to None, run_after=None
[2025-11-14T21:22:49.263+0000] {processor.py:208} INFO - Processing /home/airflow/.local/lib/python3.12/site-packages/airflow/example_dags/example_xcomargs.py took 0.394 seconds
[2025-11-14T21:23:19.793+0000] {processor.py:186} INFO - Started process (PID=921) to work on /home/airflow/.local/lib/python3.12/site-packages/airflow/example_dags/example_xcomargs.py
[2025-11-14T21:23:19.800+0000] {processor.py:914} INFO - Processing file /home/airflow/.local/lib/python3.12/site-packages/airflow/example_dags/example_xcomargs.py for tasks to queue
[2025-11-14T21:23:19.812+0000] {logging_mixin.py:190} INFO - [2025-11-14T21:23:19.810+0000] {dagbag.py:588} INFO - Filling up the DagBag from /home/airflow/.local/lib/python3.12/site-packages/airflow/example_dags/example_xcomargs.py
[2025-11-14T21:23:19.847+0000] {processor.py:925} INFO - DAG(s) 'example_xcom_args', 'example_xcom_args_with_operators' retrieved from /home/airflow/.local/lib/python3.12/site-packages/airflow/example_dags/example_xcomargs.py
[2025-11-14T21:23:19.919+0000] {logging_mixin.py:190} INFO - [2025-11-14T21:23:19.919+0000] {dag.py:3239} INFO - Sync 2 DAGs
[2025-11-14T21:23:19.963+0000] {logging_mixin.py:190} INFO - [2025-11-14T21:23:19.962+0000] {dag.py:4180} INFO - Setting next_dagrun for example_xcom_args to None, run_after=None
[2025-11-14T21:23:19.975+0000] {logging_mixin.py:190} INFO - [2025-11-14T21:23:19.975+0000] {dag.py:4180} INFO - Setting next_dagrun for example_xcom_args_with_operators to None, run_after=None
[2025-11-14T21:23:20.023+0000] {processor.py:208} INFO - Processing /home/airflow/.local/lib/python3.12/site-packages/airflow/example_dags/example_xcomargs.py took 0.251 seconds
[2025-11-14T21:23:50.244+0000] {processor.py:186} INFO - Started process (PID=985) to work on /home/airflow/.local/lib/python3.12/site-packages/airflow/example_dags/example_xcomargs.py
[2025-11-14T21:23:50.250+0000] {processor.py:914} INFO - Processing file /home/airflow/.local/lib/python3.12/site-packages/airflow/example_dags/example_xcomargs.py for tasks to queue
[2025-11-14T21:23:50.260+0000] {logging_mixin.py:190} INFO - [2025-11-14T21:23:50.259+0000] {dagbag.py:588} INFO - Filling up the DagBag from /home/airflow/.local/lib/python3.12/site-packages/airflow/example_dags/example_xcomargs.py
[2025-11-14T21:23:50.301+0000] {processor.py:925} INFO - DAG(s) 'example_xcom_args', 'example_xcom_args_with_operators' retrieved from /home/airflow/.local/lib/python3.12/site-packages/airflow/example_dags/example_xcomargs.py
[2025-11-14T21:23:50.390+0000] {logging_mixin.py:190} INFO - [2025-11-14T21:23:50.390+0000] {dag.py:3239} INFO - Sync 2 DAGs
[2025-11-14T21:23:50.447+0000] {logging_mixin.py:190} INFO - [2025-11-14T21:23:50.446+0000] {dag.py:4180} INFO - Setting next_dagrun for example_xcom_args to None, run_after=None
[2025-11-14T21:23:50.462+0000] {logging_mixin.py:190} INFO - [2025-11-14T21:23:50.461+0000] {dag.py:4180} INFO - Setting next_dagrun for example_xcom_args_with_operators to None, run_after=None
[2025-11-14T21:23:50.516+0000] {processor.py:208} INFO - Processing /home/airflow/.local/lib/python3.12/site-packages/airflow/example_dags/example_xcomargs.py took 0.294 seconds
[2025-11-14T21:24:21.938+0000] {processor.py:186} INFO - Started process (PID=1049) to work on /home/airflow/.local/lib/python3.12/site-packages/airflow/example_dags/example_xcomargs.py
[2025-11-14T21:24:21.945+0000] {processor.py:914} INFO - Processing file /home/airflow/.local/lib/python3.12/site-packages/airflow/example_dags/example_xcomargs.py for tasks to queue
[2025-11-14T21:24:21.960+0000] {logging_mixin.py:190} INFO - [2025-11-14T21:24:21.959+0000] {dagbag.py:588} INFO - Filling up the DagBag from /home/airflow/.local/lib/python3.12/site-packages/airflow/example_dags/example_xcomargs.py
[2025-11-14T21:24:21.994+0000] {processor.py:925} INFO - DAG(s) 'example_xcom_args', 'example_xcom_args_with_operators' retrieved from /home/airflow/.local/lib/python3.12/site-packages/airflow/example_dags/example_xcomargs.py
[2025-11-14T21:24:22.081+0000] {logging_mixin.py:190} INFO - [2025-11-14T21:24:22.081+0000] {dag.py:3239} INFO - Sync 2 DAGs
[2025-11-14T21:24:22.153+0000] {logging_mixin.py:190} INFO - [2025-11-14T21:24:22.152+0000] {dag.py:4180} INFO - Setting next_dagrun for example_xcom_args to None, run_after=None
[2025-11-14T21:24:22.169+0000] {logging_mixin.py:190} INFO - [2025-11-14T21:24:22.168+0000] {dag.py:4180} INFO - Setting next_dagrun for example_xcom_args_with_operators to None, run_after=None
[2025-11-14T21:24:22.276+0000] {processor.py:208} INFO - Processing /home/airflow/.local/lib/python3.12/site-packages/airflow/example_dags/example_xcomargs.py took 0.377 seconds
[2025-11-14T21:24:55.129+0000] {processor.py:186} INFO - Started process (PID=1115) to work on /home/airflow/.local/lib/python3.12/site-packages/airflow/example_dags/example_xcomargs.py
[2025-11-14T21:24:55.135+0000] {processor.py:914} INFO - Processing file /home/airflow/.local/lib/python3.12/site-packages/airflow/example_dags/example_xcomargs.py for tasks to queue
[2025-11-14T21:24:55.147+0000] {logging_mixin.py:190} INFO - [2025-11-14T21:24:55.145+0000] {dagbag.py:588} INFO - Filling up the DagBag from /home/airflow/.local/lib/python3.12/site-packages/airflow/example_dags/example_xcomargs.py
[2025-11-14T21:24:55.191+0000] {processor.py:925} INFO - DAG(s) 'example_xcom_args_with_operators', 'example_xcom_args' retrieved from /home/airflow/.local/lib/python3.12/site-packages/airflow/example_dags/example_xcomargs.py
[2025-11-14T21:24:55.324+0000] {logging_mixin.py:190} INFO - [2025-11-14T21:24:55.324+0000] {dag.py:3239} INFO - Sync 2 DAGs
[2025-11-14T21:24:55.408+0000] {logging_mixin.py:190} INFO - [2025-11-14T21:24:55.407+0000] {dag.py:4180} INFO - Setting next_dagrun for example_xcom_args to None, run_after=None
[2025-11-14T21:24:55.421+0000] {logging_mixin.py:190} INFO - [2025-11-14T21:24:55.421+0000] {dag.py:4180} INFO - Setting next_dagrun for example_xcom_args_with_operators to None, run_after=None
[2025-11-14T21:24:55.493+0000] {processor.py:208} INFO - Processing /home/airflow/.local/lib/python3.12/site-packages/airflow/example_dags/example_xcomargs.py took 0.391 seconds
[2025-11-14T21:25:26.135+0000] {processor.py:186} INFO - Started process (PID=1179) to work on /home/airflow/.local/lib/python3.12/site-packages/airflow/example_dags/example_xcomargs.py
[2025-11-14T21:25:26.141+0000] {processor.py:914} INFO - Processing file /home/airflow/.local/lib/python3.12/site-packages/airflow/example_dags/example_xcomargs.py for tasks to queue
[2025-11-14T21:25:26.149+0000] {logging_mixin.py:190} INFO - [2025-11-14T21:25:26.149+0000] {dagbag.py:588} INFO - Filling up the DagBag from /home/airflow/.local/lib/python3.12/site-packages/airflow/example_dags/example_xcomargs.py
[2025-11-14T21:25:26.177+0000] {processor.py:925} INFO - DAG(s) 'example_xcom_args_with_operators', 'example_xcom_args' retrieved from /home/airflow/.local/lib/python3.12/site-packages/airflow/example_dags/example_xcomargs.py
[2025-11-14T21:25:26.240+0000] {logging_mixin.py:190} INFO - [2025-11-14T21:25:26.240+0000] {dag.py:3239} INFO - Sync 2 DAGs
[2025-11-14T21:25:26.276+0000] {logging_mixin.py:190} INFO - [2025-11-14T21:25:26.276+0000] {dag.py:4180} INFO - Setting next_dagrun for example_xcom_args to None, run_after=None
[2025-11-14T21:25:26.286+0000] {logging_mixin.py:190} INFO - [2025-11-14T21:25:26.286+0000] {dag.py:4180} INFO - Setting next_dagrun for example_xcom_args_with_operators to None, run_after=None
[2025-11-14T21:25:26.338+0000] {processor.py:208} INFO - Processing /home/airflow/.local/lib/python3.12/site-packages/airflow/example_dags/example_xcomargs.py took 0.226 seconds
[2025-11-14T21:25:56.634+0000] {processor.py:186} INFO - Started process (PID=1243) to work on /home/airflow/.local/lib/python3.12/site-packages/airflow/example_dags/example_xcomargs.py
[2025-11-14T21:25:56.638+0000] {processor.py:914} INFO - Processing file /home/airflow/.local/lib/python3.12/site-packages/airflow/example_dags/example_xcomargs.py for tasks to queue
[2025-11-14T21:25:56.648+0000] {logging_mixin.py:190} INFO - [2025-11-14T21:25:56.647+0000] {dagbag.py:588} INFO - Filling up the DagBag from /home/airflow/.local/lib/python3.12/site-packages/airflow/example_dags/example_xcomargs.py
[2025-11-14T21:25:56.679+0000] {processor.py:925} INFO - DAG(s) 'example_xcom_args', 'example_xcom_args_with_operators' retrieved from /home/airflow/.local/lib/python3.12/site-packages/airflow/example_dags/example_xcomargs.py
[2025-11-14T21:25:56.745+0000] {logging_mixin.py:190} INFO - [2025-11-14T21:25:56.744+0000] {dag.py:3239} INFO - Sync 2 DAGs
[2025-11-14T21:25:56.785+0000] {logging_mixin.py:190} INFO - [2025-11-14T21:25:56.784+0000] {dag.py:4180} INFO - Setting next_dagrun for example_xcom_args to None, run_after=None
[2025-11-14T21:25:56.795+0000] {logging_mixin.py:190} INFO - [2025-11-14T21:25:56.795+0000] {dag.py:4180} INFO - Setting next_dagrun for example_xcom_args_with_operators to None, run_after=None
[2025-11-14T21:25:56.851+0000] {processor.py:208} INFO - Processing /home/airflow/.local/lib/python3.12/site-packages/airflow/example_dags/example_xcomargs.py took 0.236 seconds
[2025-11-14T21:26:26.987+0000] {processor.py:186} INFO - Started process (PID=1307) to work on /home/airflow/.local/lib/python3.12/site-packages/airflow/example_dags/example_xcomargs.py
[2025-11-14T21:26:26.991+0000] {processor.py:914} INFO - Processing file /home/airflow/.local/lib/python3.12/site-packages/airflow/example_dags/example_xcomargs.py for tasks to queue
[2025-11-14T21:26:26.996+0000] {logging_mixin.py:190} INFO - [2025-11-14T21:26:26.995+0000] {dagbag.py:588} INFO - Filling up the DagBag from /home/airflow/.local/lib/python3.12/site-packages/airflow/example_dags/example_xcomargs.py
[2025-11-14T21:26:27.016+0000] {processor.py:925} INFO - DAG(s) 'example_xcom_args_with_operators', 'example_xcom_args' retrieved from /home/airflow/.local/lib/python3.12/site-packages/airflow/example_dags/example_xcomargs.py
[2025-11-14T21:26:27.062+0000] {logging_mixin.py:190} INFO - [2025-11-14T21:26:27.061+0000] {dag.py:3239} INFO - Sync 2 DAGs
[2025-11-14T21:26:27.096+0000] {logging_mixin.py:190} INFO - [2025-11-14T21:26:27.095+0000] {dag.py:4180} INFO - Setting next_dagrun for example_xcom_args to None, run_after=None
[2025-11-14T21:26:27.104+0000] {logging_mixin.py:190} INFO - [2025-11-14T21:26:27.103+0000] {dag.py:4180} INFO - Setting next_dagrun for example_xcom_args_with_operators to None, run_after=None
[2025-11-14T21:26:27.141+0000] {processor.py:208} INFO - Processing /home/airflow/.local/lib/python3.12/site-packages/airflow/example_dags/example_xcomargs.py took 0.166 seconds
[2025-11-14T21:26:57.822+0000] {processor.py:186} INFO - Started process (PID=1370) to work on /home/airflow/.local/lib/python3.12/site-packages/airflow/example_dags/example_xcomargs.py
[2025-11-14T21:26:57.824+0000] {processor.py:914} INFO - Processing file /home/airflow/.local/lib/python3.12/site-packages/airflow/example_dags/example_xcomargs.py for tasks to queue
[2025-11-14T21:26:57.830+0000] {logging_mixin.py:190} INFO - [2025-11-14T21:26:57.830+0000] {dagbag.py:588} INFO - Filling up the DagBag from /home/airflow/.local/lib/python3.12/site-packages/airflow/example_dags/example_xcomargs.py
[2025-11-14T21:26:57.850+0000] {processor.py:925} INFO - DAG(s) 'example_xcom_args', 'example_xcom_args_with_operators' retrieved from /home/airflow/.local/lib/python3.12/site-packages/airflow/example_dags/example_xcomargs.py
[2025-11-14T21:26:57.892+0000] {logging_mixin.py:190} INFO - [2025-11-14T21:26:57.892+0000] {dag.py:3239} INFO - Sync 2 DAGs
[2025-11-14T21:26:57.920+0000] {logging_mixin.py:190} INFO - [2025-11-14T21:26:57.920+0000] {dag.py:4180} INFO - Setting next_dagrun for example_xcom_args to None, run_after=None
[2025-11-14T21:26:57.927+0000] {logging_mixin.py:190} INFO - [2025-11-14T21:26:57.927+0000] {dag.py:4180} INFO - Setting next_dagrun for example_xcom_args_with_operators to None, run_after=None
[2025-11-14T21:26:57.957+0000] {processor.py:208} INFO - Processing /home/airflow/.local/lib/python3.12/site-packages/airflow/example_dags/example_xcomargs.py took 0.148 seconds
[2025-11-14T21:27:28.209+0000] {processor.py:186} INFO - Started process (PID=1433) to work on /home/airflow/.local/lib/python3.12/site-packages/airflow/example_dags/example_xcomargs.py
[2025-11-14T21:27:28.213+0000] {processor.py:914} INFO - Processing file /home/airflow/.local/lib/python3.12/site-packages/airflow/example_dags/example_xcomargs.py for tasks to queue
[2025-11-14T21:27:28.219+0000] {logging_mixin.py:190} INFO - [2025-11-14T21:27:28.218+0000] {dagbag.py:588} INFO - Filling up the DagBag from /home/airflow/.local/lib/python3.12/site-packages/airflow/example_dags/example_xcomargs.py
[2025-11-14T21:27:28.242+0000] {processor.py:925} INFO - DAG(s) 'example_xcom_args', 'example_xcom_args_with_operators' retrieved from /home/airflow/.local/lib/python3.12/site-packages/airflow/example_dags/example_xcomargs.py
[2025-11-14T21:27:28.292+0000] {logging_mixin.py:190} INFO - [2025-11-14T21:27:28.292+0000] {dag.py:3239} INFO - Sync 2 DAGs
[2025-11-14T21:27:28.326+0000] {logging_mixin.py:190} INFO - [2025-11-14T21:27:28.326+0000] {dag.py:4180} INFO - Setting next_dagrun for example_xcom_args to None, run_after=None
[2025-11-14T21:27:28.336+0000] {logging_mixin.py:190} INFO - [2025-11-14T21:27:28.336+0000] {dag.py:4180} INFO - Setting next_dagrun for example_xcom_args_with_operators to None, run_after=None
[2025-11-14T21:27:28.369+0000] {processor.py:208} INFO - Processing /home/airflow/.local/lib/python3.12/site-packages/airflow/example_dags/example_xcomargs.py took 0.174 seconds
[2025-11-14T21:27:59.840+0000] {processor.py:186} INFO - Started process (PID=1496) to work on /home/airflow/.local/lib/python3.12/site-packages/airflow/example_dags/example_xcomargs.py
[2025-11-14T21:27:59.844+0000] {processor.py:914} INFO - Processing file /home/airflow/.local/lib/python3.12/site-packages/airflow/example_dags/example_xcomargs.py for tasks to queue
[2025-11-14T21:27:59.851+0000] {logging_mixin.py:190} INFO - [2025-11-14T21:27:59.850+0000] {dagbag.py:588} INFO - Filling up the DagBag from /home/airflow/.local/lib/python3.12/site-packages/airflow/example_dags/example_xcomargs.py
[2025-11-14T21:27:59.876+0000] {processor.py:925} INFO - DAG(s) 'example_xcom_args', 'example_xcom_args_with_operators' retrieved from /home/airflow/.local/lib/python3.12/site-packages/airflow/example_dags/example_xcomargs.py
[2025-11-14T21:27:59.935+0000] {logging_mixin.py:190} INFO - [2025-11-14T21:27:59.934+0000] {dag.py:3239} INFO - Sync 2 DAGs
[2025-11-14T21:27:59.972+0000] {logging_mixin.py:190} INFO - [2025-11-14T21:27:59.971+0000] {dag.py:4180} INFO - Setting next_dagrun for example_xcom_args to None, run_after=None
[2025-11-14T21:27:59.981+0000] {logging_mixin.py:190} INFO - [2025-11-14T21:27:59.980+0000] {dag.py:4180} INFO - Setting next_dagrun for example_xcom_args_with_operators to None, run_after=None
[2025-11-14T21:28:00.019+0000] {processor.py:208} INFO - Processing /home/airflow/.local/lib/python3.12/site-packages/airflow/example_dags/example_xcomargs.py took 0.193 seconds
