[2025-11-14T21:15:44.480+0000] {processor.py:186} INFO - Started process (PID=62) to work on /home/airflow/.local/lib/python3.12/site-packages/airflow/example_dags/example_time_delta_sensor_async.py
[2025-11-14T21:15:44.483+0000] {processor.py:914} INFO - Processing file /home/airflow/.local/lib/python3.12/site-packages/airflow/example_dags/example_time_delta_sensor_async.py for tasks to queue
[2025-11-14T21:15:44.488+0000] {logging_mixin.py:190} INFO - [2025-11-14T21:15:44.488+0000] {dagbag.py:588} INFO - Filling up the DagBag from /home/airflow/.local/lib/python3.12/site-packages/airflow/example_dags/example_time_delta_sensor_async.py
[2025-11-14T21:15:44.502+0000] {processor.py:925} INFO - DAG(s) 'example_time_delta_sensor_async' retrieved from /home/airflow/.local/lib/python3.12/site-packages/airflow/example_dags/example_time_delta_sensor_async.py
[2025-11-14T21:15:44.702+0000] {logging_mixin.py:190} INFO - [2025-11-14T21:15:44.700+0000] {override.py:1900} INFO - Created Permission View: can edit on DAG:example_time_delta_sensor_async
[2025-11-14T21:15:44.721+0000] {logging_mixin.py:190} INFO - [2025-11-14T21:15:44.720+0000] {override.py:1900} INFO - Created Permission View: can delete on DAG:example_time_delta_sensor_async
[2025-11-14T21:15:44.735+0000] {logging_mixin.py:190} INFO - [2025-11-14T21:15:44.734+0000] {override.py:1900} INFO - Created Permission View: can read on DAG:example_time_delta_sensor_async
[2025-11-14T21:15:44.750+0000] {logging_mixin.py:190} INFO - [2025-11-14T21:15:44.749+0000] {override.py:1900} INFO - Created Permission View: menu access on DAG Run:example_time_delta_sensor_async
[2025-11-14T21:15:44.763+0000] {logging_mixin.py:190} INFO - [2025-11-14T21:15:44.762+0000] {override.py:1900} INFO - Created Permission View: can create on DAG Run:example_time_delta_sensor_async
[2025-11-14T21:15:44.875+0000] {logging_mixin.py:190} INFO - [2025-11-14T21:15:44.874+0000] {override.py:1900} INFO - Created Permission View: can delete on DAG Run:example_time_delta_sensor_async
[2025-11-14T21:15:44.914+0000] {logging_mixin.py:190} INFO - [2025-11-14T21:15:44.911+0000] {override.py:1900} INFO - Created Permission View: can read on DAG Run:example_time_delta_sensor_async
[2025-11-14T21:15:44.929+0000] {logging_mixin.py:190} INFO - [2025-11-14T21:15:44.926+0000] {dag.py:3239} INFO - Sync 1 DAGs
[2025-11-14T21:15:45.002+0000] {logging_mixin.py:190} INFO - [2025-11-14T21:15:45.002+0000] {dag.py:3262} INFO - Creating ORM DAG for example_time_delta_sensor_async
[2025-11-14T21:15:45.005+0000] {logging_mixin.py:190} INFO - [2025-11-14T21:15:45.004+0000] {dag.py:4180} INFO - Setting next_dagrun for example_time_delta_sensor_async to None, run_after=None
[2025-11-14T21:15:45.037+0000] {processor.py:208} INFO - Processing /home/airflow/.local/lib/python3.12/site-packages/airflow/example_dags/example_time_delta_sensor_async.py took 0.571 seconds
[2025-11-14T21:16:15.810+0000] {processor.py:186} INFO - Started process (PID=126) to work on /home/airflow/.local/lib/python3.12/site-packages/airflow/example_dags/example_time_delta_sensor_async.py
[2025-11-14T21:16:15.813+0000] {processor.py:914} INFO - Processing file /home/airflow/.local/lib/python3.12/site-packages/airflow/example_dags/example_time_delta_sensor_async.py for tasks to queue
[2025-11-14T21:16:15.824+0000] {logging_mixin.py:190} INFO - [2025-11-14T21:16:15.822+0000] {dagbag.py:588} INFO - Filling up the DagBag from /home/airflow/.local/lib/python3.12/site-packages/airflow/example_dags/example_time_delta_sensor_async.py
[2025-11-14T21:16:15.838+0000] {processor.py:925} INFO - DAG(s) 'example_time_delta_sensor_async' retrieved from /home/airflow/.local/lib/python3.12/site-packages/airflow/example_dags/example_time_delta_sensor_async.py
[2025-11-14T21:16:15.898+0000] {logging_mixin.py:190} INFO - [2025-11-14T21:16:15.897+0000] {dag.py:3239} INFO - Sync 1 DAGs
[2025-11-14T21:16:15.944+0000] {logging_mixin.py:190} INFO - [2025-11-14T21:16:15.943+0000] {dag.py:4180} INFO - Setting next_dagrun for example_time_delta_sensor_async to None, run_after=None
[2025-11-14T21:16:16.004+0000] {processor.py:208} INFO - Processing /home/airflow/.local/lib/python3.12/site-packages/airflow/example_dags/example_time_delta_sensor_async.py took 0.221 seconds
[2025-11-14T21:16:46.089+0000] {processor.py:186} INFO - Started process (PID=189) to work on /home/airflow/.local/lib/python3.12/site-packages/airflow/example_dags/example_time_delta_sensor_async.py
[2025-11-14T21:16:46.090+0000] {processor.py:914} INFO - Processing file /home/airflow/.local/lib/python3.12/site-packages/airflow/example_dags/example_time_delta_sensor_async.py for tasks to queue
[2025-11-14T21:16:46.094+0000] {logging_mixin.py:190} INFO - [2025-11-14T21:16:46.094+0000] {dagbag.py:588} INFO - Filling up the DagBag from /home/airflow/.local/lib/python3.12/site-packages/airflow/example_dags/example_time_delta_sensor_async.py
[2025-11-14T21:16:46.102+0000] {processor.py:925} INFO - DAG(s) 'example_time_delta_sensor_async' retrieved from /home/airflow/.local/lib/python3.12/site-packages/airflow/example_dags/example_time_delta_sensor_async.py
[2025-11-14T21:16:46.122+0000] {logging_mixin.py:190} INFO - [2025-11-14T21:16:46.122+0000] {dag.py:3239} INFO - Sync 1 DAGs
[2025-11-14T21:16:46.139+0000] {logging_mixin.py:190} INFO - [2025-11-14T21:16:46.138+0000] {dag.py:4180} INFO - Setting next_dagrun for example_time_delta_sensor_async to None, run_after=None
[2025-11-14T21:16:46.161+0000] {processor.py:208} INFO - Processing /home/airflow/.local/lib/python3.12/site-packages/airflow/example_dags/example_time_delta_sensor_async.py took 0.081 seconds
[2025-11-14T21:17:16.506+0000] {processor.py:186} INFO - Started process (PID=252) to work on /home/airflow/.local/lib/python3.12/site-packages/airflow/example_dags/example_time_delta_sensor_async.py
[2025-11-14T21:17:16.508+0000] {processor.py:914} INFO - Processing file /home/airflow/.local/lib/python3.12/site-packages/airflow/example_dags/example_time_delta_sensor_async.py for tasks to queue
[2025-11-14T21:17:16.511+0000] {logging_mixin.py:190} INFO - [2025-11-14T21:17:16.511+0000] {dagbag.py:588} INFO - Filling up the DagBag from /home/airflow/.local/lib/python3.12/site-packages/airflow/example_dags/example_time_delta_sensor_async.py
[2025-11-14T21:17:16.519+0000] {processor.py:925} INFO - DAG(s) 'example_time_delta_sensor_async' retrieved from /home/airflow/.local/lib/python3.12/site-packages/airflow/example_dags/example_time_delta_sensor_async.py
[2025-11-14T21:17:16.542+0000] {logging_mixin.py:190} INFO - [2025-11-14T21:17:16.542+0000] {dag.py:3239} INFO - Sync 1 DAGs
[2025-11-14T21:17:16.560+0000] {logging_mixin.py:190} INFO - [2025-11-14T21:17:16.560+0000] {dag.py:4180} INFO - Setting next_dagrun for example_time_delta_sensor_async to None, run_after=None
[2025-11-14T21:17:16.582+0000] {processor.py:208} INFO - Processing /home/airflow/.local/lib/python3.12/site-packages/airflow/example_dags/example_time_delta_sensor_async.py took 0.084 seconds
[2025-11-14T21:17:46.834+0000] {processor.py:186} INFO - Started process (PID=315) to work on /home/airflow/.local/lib/python3.12/site-packages/airflow/example_dags/example_time_delta_sensor_async.py
[2025-11-14T21:17:46.836+0000] {processor.py:914} INFO - Processing file /home/airflow/.local/lib/python3.12/site-packages/airflow/example_dags/example_time_delta_sensor_async.py for tasks to queue
[2025-11-14T21:17:46.839+0000] {logging_mixin.py:190} INFO - [2025-11-14T21:17:46.839+0000] {dagbag.py:588} INFO - Filling up the DagBag from /home/airflow/.local/lib/python3.12/site-packages/airflow/example_dags/example_time_delta_sensor_async.py
[2025-11-14T21:17:46.847+0000] {processor.py:925} INFO - DAG(s) 'example_time_delta_sensor_async' retrieved from /home/airflow/.local/lib/python3.12/site-packages/airflow/example_dags/example_time_delta_sensor_async.py
[2025-11-14T21:17:46.868+0000] {logging_mixin.py:190} INFO - [2025-11-14T21:17:46.868+0000] {dag.py:3239} INFO - Sync 1 DAGs
[2025-11-14T21:17:46.884+0000] {logging_mixin.py:190} INFO - [2025-11-14T21:17:46.884+0000] {dag.py:4180} INFO - Setting next_dagrun for example_time_delta_sensor_async to None, run_after=None
[2025-11-14T21:17:46.903+0000] {processor.py:208} INFO - Processing /home/airflow/.local/lib/python3.12/site-packages/airflow/example_dags/example_time_delta_sensor_async.py took 0.077 seconds
[2025-11-14T21:18:16.960+0000] {processor.py:186} INFO - Started process (PID=378) to work on /home/airflow/.local/lib/python3.12/site-packages/airflow/example_dags/example_time_delta_sensor_async.py
[2025-11-14T21:18:16.962+0000] {processor.py:914} INFO - Processing file /home/airflow/.local/lib/python3.12/site-packages/airflow/example_dags/example_time_delta_sensor_async.py for tasks to queue
[2025-11-14T21:18:16.965+0000] {logging_mixin.py:190} INFO - [2025-11-14T21:18:16.965+0000] {dagbag.py:588} INFO - Filling up the DagBag from /home/airflow/.local/lib/python3.12/site-packages/airflow/example_dags/example_time_delta_sensor_async.py
[2025-11-14T21:18:16.973+0000] {processor.py:925} INFO - DAG(s) 'example_time_delta_sensor_async' retrieved from /home/airflow/.local/lib/python3.12/site-packages/airflow/example_dags/example_time_delta_sensor_async.py
[2025-11-14T21:18:16.995+0000] {logging_mixin.py:190} INFO - [2025-11-14T21:18:16.995+0000] {dag.py:3239} INFO - Sync 1 DAGs
[2025-11-14T21:18:17.013+0000] {logging_mixin.py:190} INFO - [2025-11-14T21:18:17.012+0000] {dag.py:4180} INFO - Setting next_dagrun for example_time_delta_sensor_async to None, run_after=None
[2025-11-14T21:18:17.034+0000] {processor.py:208} INFO - Processing /home/airflow/.local/lib/python3.12/site-packages/airflow/example_dags/example_time_delta_sensor_async.py took 0.082 seconds
[2025-11-14T21:18:47.394+0000] {processor.py:186} INFO - Started process (PID=443) to work on /home/airflow/.local/lib/python3.12/site-packages/airflow/example_dags/example_time_delta_sensor_async.py
[2025-11-14T21:18:47.396+0000] {processor.py:914} INFO - Processing file /home/airflow/.local/lib/python3.12/site-packages/airflow/example_dags/example_time_delta_sensor_async.py for tasks to queue
[2025-11-14T21:18:47.399+0000] {logging_mixin.py:190} INFO - [2025-11-14T21:18:47.399+0000] {dagbag.py:588} INFO - Filling up the DagBag from /home/airflow/.local/lib/python3.12/site-packages/airflow/example_dags/example_time_delta_sensor_async.py
[2025-11-14T21:18:47.407+0000] {processor.py:925} INFO - DAG(s) 'example_time_delta_sensor_async' retrieved from /home/airflow/.local/lib/python3.12/site-packages/airflow/example_dags/example_time_delta_sensor_async.py
[2025-11-14T21:18:47.432+0000] {logging_mixin.py:190} INFO - [2025-11-14T21:18:47.432+0000] {dag.py:3239} INFO - Sync 1 DAGs
[2025-11-14T21:18:47.449+0000] {logging_mixin.py:190} INFO - [2025-11-14T21:18:47.449+0000] {dag.py:4180} INFO - Setting next_dagrun for example_time_delta_sensor_async to None, run_after=None
[2025-11-14T21:18:47.468+0000] {processor.py:208} INFO - Processing /home/airflow/.local/lib/python3.12/site-packages/airflow/example_dags/example_time_delta_sensor_async.py took 0.081 seconds
[2025-11-14T21:19:19.428+0000] {processor.py:186} INFO - Started process (PID=508) to work on /home/airflow/.local/lib/python3.12/site-packages/airflow/example_dags/example_time_delta_sensor_async.py
[2025-11-14T21:19:19.431+0000] {processor.py:914} INFO - Processing file /home/airflow/.local/lib/python3.12/site-packages/airflow/example_dags/example_time_delta_sensor_async.py for tasks to queue
[2025-11-14T21:19:19.437+0000] {logging_mixin.py:190} INFO - [2025-11-14T21:19:19.437+0000] {dagbag.py:588} INFO - Filling up the DagBag from /home/airflow/.local/lib/python3.12/site-packages/airflow/example_dags/example_time_delta_sensor_async.py
[2025-11-14T21:19:19.463+0000] {processor.py:925} INFO - DAG(s) 'example_time_delta_sensor_async' retrieved from /home/airflow/.local/lib/python3.12/site-packages/airflow/example_dags/example_time_delta_sensor_async.py
[2025-11-14T21:19:19.530+0000] {logging_mixin.py:190} INFO - [2025-11-14T21:19:19.529+0000] {dag.py:3239} INFO - Sync 1 DAGs
[2025-11-14T21:19:19.583+0000] {logging_mixin.py:190} INFO - [2025-11-14T21:19:19.582+0000] {dag.py:4180} INFO - Setting next_dagrun for example_time_delta_sensor_async to None, run_after=None
[2025-11-14T21:19:19.636+0000] {processor.py:208} INFO - Processing /home/airflow/.local/lib/python3.12/site-packages/airflow/example_dags/example_time_delta_sensor_async.py took 0.221 seconds
[2025-11-14T21:19:52.461+0000] {processor.py:186} INFO - Started process (PID=573) to work on /home/airflow/.local/lib/python3.12/site-packages/airflow/example_dags/example_time_delta_sensor_async.py
[2025-11-14T21:19:52.465+0000] {processor.py:914} INFO - Processing file /home/airflow/.local/lib/python3.12/site-packages/airflow/example_dags/example_time_delta_sensor_async.py for tasks to queue
[2025-11-14T21:19:52.474+0000] {logging_mixin.py:190} INFO - [2025-11-14T21:19:52.473+0000] {dagbag.py:588} INFO - Filling up the DagBag from /home/airflow/.local/lib/python3.12/site-packages/airflow/example_dags/example_time_delta_sensor_async.py
[2025-11-14T21:19:52.497+0000] {processor.py:925} INFO - DAG(s) 'example_time_delta_sensor_async' retrieved from /home/airflow/.local/lib/python3.12/site-packages/airflow/example_dags/example_time_delta_sensor_async.py
[2025-11-14T21:19:52.571+0000] {logging_mixin.py:190} INFO - [2025-11-14T21:19:52.570+0000] {dag.py:3239} INFO - Sync 1 DAGs
[2025-11-14T21:19:52.617+0000] {logging_mixin.py:190} INFO - [2025-11-14T21:19:52.617+0000] {dag.py:4180} INFO - Setting next_dagrun for example_time_delta_sensor_async to None, run_after=None
[2025-11-14T21:19:52.674+0000] {processor.py:208} INFO - Processing /home/airflow/.local/lib/python3.12/site-packages/airflow/example_dags/example_time_delta_sensor_async.py took 0.241 seconds
[2025-11-14T21:21:01.194+0000] {processor.py:186} INFO - Started process (PID=659) to work on /home/airflow/.local/lib/python3.12/site-packages/airflow/example_dags/example_time_delta_sensor_async.py
[2025-11-14T21:21:01.204+0000] {processor.py:914} INFO - Processing file /home/airflow/.local/lib/python3.12/site-packages/airflow/example_dags/example_time_delta_sensor_async.py for tasks to queue
[2025-11-14T21:21:01.239+0000] {logging_mixin.py:190} INFO - [2025-11-14T21:21:01.237+0000] {dagbag.py:588} INFO - Filling up the DagBag from /home/airflow/.local/lib/python3.12/site-packages/airflow/example_dags/example_time_delta_sensor_async.py
[2025-11-14T21:21:01.342+0000] {processor.py:925} INFO - DAG(s) 'example_time_delta_sensor_async' retrieved from /home/airflow/.local/lib/python3.12/site-packages/airflow/example_dags/example_time_delta_sensor_async.py
[2025-11-14T21:21:01.559+0000] {logging_mixin.py:190} INFO - [2025-11-14T21:21:01.557+0000] {dag.py:3239} INFO - Sync 1 DAGs
[2025-11-14T21:21:01.674+0000] {logging_mixin.py:190} INFO - [2025-11-14T21:21:01.672+0000] {dag.py:4180} INFO - Setting next_dagrun for example_time_delta_sensor_async to None, run_after=None
[2025-11-14T21:21:01.848+0000] {processor.py:208} INFO - Processing /home/airflow/.local/lib/python3.12/site-packages/airflow/example_dags/example_time_delta_sensor_async.py took 0.739 seconds
[2025-11-14T21:21:42.736+0000] {processor.py:186} INFO - Started process (PID=724) to work on /home/airflow/.local/lib/python3.12/site-packages/airflow/example_dags/example_time_delta_sensor_async.py
[2025-11-14T21:21:42.743+0000] {processor.py:914} INFO - Processing file /home/airflow/.local/lib/python3.12/site-packages/airflow/example_dags/example_time_delta_sensor_async.py for tasks to queue
[2025-11-14T21:21:42.759+0000] {logging_mixin.py:190} INFO - [2025-11-14T21:21:42.757+0000] {dagbag.py:588} INFO - Filling up the DagBag from /home/airflow/.local/lib/python3.12/site-packages/airflow/example_dags/example_time_delta_sensor_async.py
[2025-11-14T21:21:42.799+0000] {processor.py:925} INFO - DAG(s) 'example_time_delta_sensor_async' retrieved from /home/airflow/.local/lib/python3.12/site-packages/airflow/example_dags/example_time_delta_sensor_async.py
[2025-11-14T21:21:42.947+0000] {logging_mixin.py:190} INFO - [2025-11-14T21:21:42.946+0000] {dag.py:3239} INFO - Sync 1 DAGs
[2025-11-14T21:21:43.122+0000] {logging_mixin.py:190} INFO - [2025-11-14T21:21:43.121+0000] {dag.py:4180} INFO - Setting next_dagrun for example_time_delta_sensor_async to None, run_after=None
[2025-11-14T21:21:43.269+0000] {processor.py:208} INFO - Processing /home/airflow/.local/lib/python3.12/site-packages/airflow/example_dags/example_time_delta_sensor_async.py took 0.575 seconds
[2025-11-14T21:22:15.564+0000] {processor.py:186} INFO - Started process (PID=788) to work on /home/airflow/.local/lib/python3.12/site-packages/airflow/example_dags/example_time_delta_sensor_async.py
[2025-11-14T21:22:15.577+0000] {processor.py:914} INFO - Processing file /home/airflow/.local/lib/python3.12/site-packages/airflow/example_dags/example_time_delta_sensor_async.py for tasks to queue
[2025-11-14T21:22:15.599+0000] {logging_mixin.py:190} INFO - [2025-11-14T21:22:15.594+0000] {dagbag.py:588} INFO - Filling up the DagBag from /home/airflow/.local/lib/python3.12/site-packages/airflow/example_dags/example_time_delta_sensor_async.py
[2025-11-14T21:22:15.658+0000] {processor.py:925} INFO - DAG(s) 'example_time_delta_sensor_async' retrieved from /home/airflow/.local/lib/python3.12/site-packages/airflow/example_dags/example_time_delta_sensor_async.py
[2025-11-14T21:22:15.802+0000] {logging_mixin.py:190} INFO - [2025-11-14T21:22:15.801+0000] {dag.py:3239} INFO - Sync 1 DAGs
[2025-11-14T21:22:15.890+0000] {logging_mixin.py:190} INFO - [2025-11-14T21:22:15.889+0000] {dag.py:4180} INFO - Setting next_dagrun for example_time_delta_sensor_async to None, run_after=None
[2025-11-14T21:22:16.066+0000] {processor.py:208} INFO - Processing /home/airflow/.local/lib/python3.12/site-packages/airflow/example_dags/example_time_delta_sensor_async.py took 0.550 seconds
[2025-11-14T21:22:46.286+0000] {processor.py:186} INFO - Started process (PID=853) to work on /home/airflow/.local/lib/python3.12/site-packages/airflow/example_dags/example_time_delta_sensor_async.py
[2025-11-14T21:22:46.292+0000] {processor.py:914} INFO - Processing file /home/airflow/.local/lib/python3.12/site-packages/airflow/example_dags/example_time_delta_sensor_async.py for tasks to queue
[2025-11-14T21:22:46.302+0000] {logging_mixin.py:190} INFO - [2025-11-14T21:22:46.301+0000] {dagbag.py:588} INFO - Filling up the DagBag from /home/airflow/.local/lib/python3.12/site-packages/airflow/example_dags/example_time_delta_sensor_async.py
[2025-11-14T21:22:46.327+0000] {processor.py:925} INFO - DAG(s) 'example_time_delta_sensor_async' retrieved from /home/airflow/.local/lib/python3.12/site-packages/airflow/example_dags/example_time_delta_sensor_async.py
[2025-11-14T21:22:46.407+0000] {logging_mixin.py:190} INFO - [2025-11-14T21:22:46.406+0000] {dag.py:3239} INFO - Sync 1 DAGs
[2025-11-14T21:22:46.456+0000] {logging_mixin.py:190} INFO - [2025-11-14T21:22:46.456+0000] {dag.py:4180} INFO - Setting next_dagrun for example_time_delta_sensor_async to None, run_after=None
[2025-11-14T21:22:46.510+0000] {processor.py:208} INFO - Processing /home/airflow/.local/lib/python3.12/site-packages/airflow/example_dags/example_time_delta_sensor_async.py took 0.254 seconds
[2025-11-14T21:23:17.153+0000] {processor.py:186} INFO - Started process (PID=917) to work on /home/airflow/.local/lib/python3.12/site-packages/airflow/example_dags/example_time_delta_sensor_async.py
[2025-11-14T21:23:17.157+0000] {processor.py:914} INFO - Processing file /home/airflow/.local/lib/python3.12/site-packages/airflow/example_dags/example_time_delta_sensor_async.py for tasks to queue
[2025-11-14T21:23:17.164+0000] {logging_mixin.py:190} INFO - [2025-11-14T21:23:17.163+0000] {dagbag.py:588} INFO - Filling up the DagBag from /home/airflow/.local/lib/python3.12/site-packages/airflow/example_dags/example_time_delta_sensor_async.py
[2025-11-14T21:23:17.188+0000] {processor.py:925} INFO - DAG(s) 'example_time_delta_sensor_async' retrieved from /home/airflow/.local/lib/python3.12/site-packages/airflow/example_dags/example_time_delta_sensor_async.py
[2025-11-14T21:23:17.253+0000] {logging_mixin.py:190} INFO - [2025-11-14T21:23:17.253+0000] {dag.py:3239} INFO - Sync 1 DAGs
[2025-11-14T21:23:17.298+0000] {logging_mixin.py:190} INFO - [2025-11-14T21:23:17.297+0000] {dag.py:4180} INFO - Setting next_dagrun for example_time_delta_sensor_async to None, run_after=None
[2025-11-14T21:23:17.350+0000] {processor.py:208} INFO - Processing /home/airflow/.local/lib/python3.12/site-packages/airflow/example_dags/example_time_delta_sensor_async.py took 0.216 seconds
[2025-11-14T21:23:47.878+0000] {processor.py:186} INFO - Started process (PID=981) to work on /home/airflow/.local/lib/python3.12/site-packages/airflow/example_dags/example_time_delta_sensor_async.py
[2025-11-14T21:23:47.883+0000] {processor.py:914} INFO - Processing file /home/airflow/.local/lib/python3.12/site-packages/airflow/example_dags/example_time_delta_sensor_async.py for tasks to queue
[2025-11-14T21:23:47.891+0000] {logging_mixin.py:190} INFO - [2025-11-14T21:23:47.891+0000] {dagbag.py:588} INFO - Filling up the DagBag from /home/airflow/.local/lib/python3.12/site-packages/airflow/example_dags/example_time_delta_sensor_async.py
[2025-11-14T21:23:47.916+0000] {processor.py:925} INFO - DAG(s) 'example_time_delta_sensor_async' retrieved from /home/airflow/.local/lib/python3.12/site-packages/airflow/example_dags/example_time_delta_sensor_async.py
[2025-11-14T21:23:47.980+0000] {logging_mixin.py:190} INFO - [2025-11-14T21:23:47.980+0000] {dag.py:3239} INFO - Sync 1 DAGs
[2025-11-14T21:23:48.024+0000] {logging_mixin.py:190} INFO - [2025-11-14T21:23:48.024+0000] {dag.py:4180} INFO - Setting next_dagrun for example_time_delta_sensor_async to None, run_after=None
[2025-11-14T21:23:48.076+0000] {processor.py:208} INFO - Processing /home/airflow/.local/lib/python3.12/site-packages/airflow/example_dags/example_time_delta_sensor_async.py took 0.217 seconds
[2025-11-14T21:24:20.569+0000] {processor.py:186} INFO - Started process (PID=1044) to work on /home/airflow/.local/lib/python3.12/site-packages/airflow/example_dags/example_time_delta_sensor_async.py
[2025-11-14T21:24:20.575+0000] {processor.py:914} INFO - Processing file /home/airflow/.local/lib/python3.12/site-packages/airflow/example_dags/example_time_delta_sensor_async.py for tasks to queue
[2025-11-14T21:24:20.598+0000] {logging_mixin.py:190} INFO - [2025-11-14T21:24:20.595+0000] {dagbag.py:588} INFO - Filling up the DagBag from /home/airflow/.local/lib/python3.12/site-packages/airflow/example_dags/example_time_delta_sensor_async.py
[2025-11-14T21:24:20.618+0000] {processor.py:925} INFO - DAG(s) 'example_time_delta_sensor_async' retrieved from /home/airflow/.local/lib/python3.12/site-packages/airflow/example_dags/example_time_delta_sensor_async.py
[2025-11-14T21:24:20.701+0000] {logging_mixin.py:190} INFO - [2025-11-14T21:24:20.701+0000] {dag.py:3239} INFO - Sync 1 DAGs
[2025-11-14T21:24:20.757+0000] {logging_mixin.py:190} INFO - [2025-11-14T21:24:20.756+0000] {dag.py:4180} INFO - Setting next_dagrun for example_time_delta_sensor_async to None, run_after=None
[2025-11-14T21:24:20.819+0000] {processor.py:208} INFO - Processing /home/airflow/.local/lib/python3.12/site-packages/airflow/example_dags/example_time_delta_sensor_async.py took 0.275 seconds
[2025-11-14T21:24:53.399+0000] {processor.py:186} INFO - Started process (PID=1108) to work on /home/airflow/.local/lib/python3.12/site-packages/airflow/example_dags/example_time_delta_sensor_async.py
[2025-11-14T21:24:53.403+0000] {processor.py:914} INFO - Processing file /home/airflow/.local/lib/python3.12/site-packages/airflow/example_dags/example_time_delta_sensor_async.py for tasks to queue
[2025-11-14T21:24:53.411+0000] {logging_mixin.py:190} INFO - [2025-11-14T21:24:53.410+0000] {dagbag.py:588} INFO - Filling up the DagBag from /home/airflow/.local/lib/python3.12/site-packages/airflow/example_dags/example_time_delta_sensor_async.py
[2025-11-14T21:24:53.432+0000] {processor.py:925} INFO - DAG(s) 'example_time_delta_sensor_async' retrieved from /home/airflow/.local/lib/python3.12/site-packages/airflow/example_dags/example_time_delta_sensor_async.py
[2025-11-14T21:24:53.573+0000] {logging_mixin.py:190} INFO - [2025-11-14T21:24:53.572+0000] {dag.py:3239} INFO - Sync 1 DAGs
[2025-11-14T21:24:53.649+0000] {logging_mixin.py:190} INFO - [2025-11-14T21:24:53.648+0000] {dag.py:4180} INFO - Setting next_dagrun for example_time_delta_sensor_async to None, run_after=None
[2025-11-14T21:24:53.730+0000] {processor.py:208} INFO - Processing /home/airflow/.local/lib/python3.12/site-packages/airflow/example_dags/example_time_delta_sensor_async.py took 0.354 seconds
[2025-11-14T21:25:24.119+0000] {processor.py:186} INFO - Started process (PID=1172) to work on /home/airflow/.local/lib/python3.12/site-packages/airflow/example_dags/example_time_delta_sensor_async.py
[2025-11-14T21:25:24.122+0000] {processor.py:914} INFO - Processing file /home/airflow/.local/lib/python3.12/site-packages/airflow/example_dags/example_time_delta_sensor_async.py for tasks to queue
[2025-11-14T21:25:24.128+0000] {logging_mixin.py:190} INFO - [2025-11-14T21:25:24.127+0000] {dagbag.py:588} INFO - Filling up the DagBag from /home/airflow/.local/lib/python3.12/site-packages/airflow/example_dags/example_time_delta_sensor_async.py
[2025-11-14T21:25:24.143+0000] {processor.py:925} INFO - DAG(s) 'example_time_delta_sensor_async' retrieved from /home/airflow/.local/lib/python3.12/site-packages/airflow/example_dags/example_time_delta_sensor_async.py
[2025-11-14T21:25:24.186+0000] {logging_mixin.py:190} INFO - [2025-11-14T21:25:24.186+0000] {dag.py:3239} INFO - Sync 1 DAGs
[2025-11-14T21:25:24.218+0000] {logging_mixin.py:190} INFO - [2025-11-14T21:25:24.218+0000] {dag.py:4180} INFO - Setting next_dagrun for example_time_delta_sensor_async to None, run_after=None
[2025-11-14T21:25:24.269+0000] {processor.py:208} INFO - Processing /home/airflow/.local/lib/python3.12/site-packages/airflow/example_dags/example_time_delta_sensor_async.py took 0.162 seconds
[2025-11-14T21:25:55.224+0000] {processor.py:186} INFO - Started process (PID=1236) to work on /home/airflow/.local/lib/python3.12/site-packages/airflow/example_dags/example_time_delta_sensor_async.py
[2025-11-14T21:25:55.229+0000] {processor.py:914} INFO - Processing file /home/airflow/.local/lib/python3.12/site-packages/airflow/example_dags/example_time_delta_sensor_async.py for tasks to queue
[2025-11-14T21:25:55.239+0000] {logging_mixin.py:190} INFO - [2025-11-14T21:25:55.238+0000] {dagbag.py:588} INFO - Filling up the DagBag from /home/airflow/.local/lib/python3.12/site-packages/airflow/example_dags/example_time_delta_sensor_async.py
[2025-11-14T21:25:55.265+0000] {processor.py:925} INFO - DAG(s) 'example_time_delta_sensor_async' retrieved from /home/airflow/.local/lib/python3.12/site-packages/airflow/example_dags/example_time_delta_sensor_async.py
[2025-11-14T21:25:55.329+0000] {logging_mixin.py:190} INFO - [2025-11-14T21:25:55.328+0000] {dag.py:3239} INFO - Sync 1 DAGs
[2025-11-14T21:25:55.377+0000] {logging_mixin.py:190} INFO - [2025-11-14T21:25:55.376+0000] {dag.py:4180} INFO - Setting next_dagrun for example_time_delta_sensor_async to None, run_after=None
[2025-11-14T21:25:55.444+0000] {processor.py:208} INFO - Processing /home/airflow/.local/lib/python3.12/site-packages/airflow/example_dags/example_time_delta_sensor_async.py took 0.236 seconds
[2025-11-14T21:26:26.029+0000] {processor.py:186} INFO - Started process (PID=1300) to work on /home/airflow/.local/lib/python3.12/site-packages/airflow/example_dags/example_time_delta_sensor_async.py
[2025-11-14T21:26:26.032+0000] {processor.py:914} INFO - Processing file /home/airflow/.local/lib/python3.12/site-packages/airflow/example_dags/example_time_delta_sensor_async.py for tasks to queue
[2025-11-14T21:26:26.038+0000] {logging_mixin.py:190} INFO - [2025-11-14T21:26:26.037+0000] {dagbag.py:588} INFO - Filling up the DagBag from /home/airflow/.local/lib/python3.12/site-packages/airflow/example_dags/example_time_delta_sensor_async.py
[2025-11-14T21:26:26.051+0000] {processor.py:925} INFO - DAG(s) 'example_time_delta_sensor_async' retrieved from /home/airflow/.local/lib/python3.12/site-packages/airflow/example_dags/example_time_delta_sensor_async.py
[2025-11-14T21:26:26.086+0000] {logging_mixin.py:190} INFO - [2025-11-14T21:26:26.085+0000] {dag.py:3239} INFO - Sync 1 DAGs
[2025-11-14T21:26:26.117+0000] {logging_mixin.py:190} INFO - [2025-11-14T21:26:26.117+0000] {dag.py:4180} INFO - Setting next_dagrun for example_time_delta_sensor_async to None, run_after=None
[2025-11-14T21:26:26.155+0000] {processor.py:208} INFO - Processing /home/airflow/.local/lib/python3.12/site-packages/airflow/example_dags/example_time_delta_sensor_async.py took 0.138 seconds
[2025-11-14T21:26:57.144+0000] {processor.py:186} INFO - Started process (PID=1365) to work on /home/airflow/.local/lib/python3.12/site-packages/airflow/example_dags/example_time_delta_sensor_async.py
[2025-11-14T21:26:57.146+0000] {processor.py:914} INFO - Processing file /home/airflow/.local/lib/python3.12/site-packages/airflow/example_dags/example_time_delta_sensor_async.py for tasks to queue
[2025-11-14T21:26:57.153+0000] {logging_mixin.py:190} INFO - [2025-11-14T21:26:57.152+0000] {dagbag.py:588} INFO - Filling up the DagBag from /home/airflow/.local/lib/python3.12/site-packages/airflow/example_dags/example_time_delta_sensor_async.py
[2025-11-14T21:26:57.169+0000] {processor.py:925} INFO - DAG(s) 'example_time_delta_sensor_async' retrieved from /home/airflow/.local/lib/python3.12/site-packages/airflow/example_dags/example_time_delta_sensor_async.py
[2025-11-14T21:26:57.226+0000] {logging_mixin.py:190} INFO - [2025-11-14T21:26:57.226+0000] {dag.py:3239} INFO - Sync 1 DAGs
[2025-11-14T21:26:57.264+0000] {logging_mixin.py:190} INFO - [2025-11-14T21:26:57.263+0000] {dag.py:4180} INFO - Setting next_dagrun for example_time_delta_sensor_async to None, run_after=None
[2025-11-14T21:26:57.304+0000] {processor.py:208} INFO - Processing /home/airflow/.local/lib/python3.12/site-packages/airflow/example_dags/example_time_delta_sensor_async.py took 0.175 seconds
[2025-11-14T21:27:27.809+0000] {processor.py:186} INFO - Started process (PID=1429) to work on /home/airflow/.local/lib/python3.12/site-packages/airflow/example_dags/example_time_delta_sensor_async.py
[2025-11-14T21:27:27.812+0000] {processor.py:914} INFO - Processing file /home/airflow/.local/lib/python3.12/site-packages/airflow/example_dags/example_time_delta_sensor_async.py for tasks to queue
[2025-11-14T21:27:27.818+0000] {logging_mixin.py:190} INFO - [2025-11-14T21:27:27.817+0000] {dagbag.py:588} INFO - Filling up the DagBag from /home/airflow/.local/lib/python3.12/site-packages/airflow/example_dags/example_time_delta_sensor_async.py
[2025-11-14T21:27:27.832+0000] {processor.py:925} INFO - DAG(s) 'example_time_delta_sensor_async' retrieved from /home/airflow/.local/lib/python3.12/site-packages/airflow/example_dags/example_time_delta_sensor_async.py
[2025-11-14T21:27:27.870+0000] {logging_mixin.py:190} INFO - [2025-11-14T21:27:27.870+0000] {dag.py:3239} INFO - Sync 1 DAGs
[2025-11-14T21:27:27.900+0000] {logging_mixin.py:190} INFO - [2025-11-14T21:27:27.900+0000] {dag.py:4180} INFO - Setting next_dagrun for example_time_delta_sensor_async to None, run_after=None
[2025-11-14T21:27:27.935+0000] {processor.py:208} INFO - Processing /home/airflow/.local/lib/python3.12/site-packages/airflow/example_dags/example_time_delta_sensor_async.py took 0.138 seconds
[2025-11-14T21:27:59.367+0000] {processor.py:186} INFO - Started process (PID=1493) to work on /home/airflow/.local/lib/python3.12/site-packages/airflow/example_dags/example_time_delta_sensor_async.py
[2025-11-14T21:27:59.370+0000] {processor.py:914} INFO - Processing file /home/airflow/.local/lib/python3.12/site-packages/airflow/example_dags/example_time_delta_sensor_async.py for tasks to queue
[2025-11-14T21:27:59.376+0000] {logging_mixin.py:190} INFO - [2025-11-14T21:27:59.376+0000] {dagbag.py:588} INFO - Filling up the DagBag from /home/airflow/.local/lib/python3.12/site-packages/airflow/example_dags/example_time_delta_sensor_async.py
[2025-11-14T21:27:59.396+0000] {processor.py:925} INFO - DAG(s) 'example_time_delta_sensor_async' retrieved from /home/airflow/.local/lib/python3.12/site-packages/airflow/example_dags/example_time_delta_sensor_async.py
[2025-11-14T21:27:59.442+0000] {logging_mixin.py:190} INFO - [2025-11-14T21:27:59.442+0000] {dag.py:3239} INFO - Sync 1 DAGs
[2025-11-14T21:27:59.481+0000] {logging_mixin.py:190} INFO - [2025-11-14T21:27:59.481+0000] {dag.py:4180} INFO - Setting next_dagrun for example_time_delta_sensor_async to None, run_after=None
[2025-11-14T21:27:59.525+0000] {processor.py:208} INFO - Processing /home/airflow/.local/lib/python3.12/site-packages/airflow/example_dags/example_time_delta_sensor_async.py took 0.173 seconds
