[2025-11-14T21:15:31.639+0000] {processor.py:186} INFO - Started process (PID=37) to work on /home/airflow/.local/lib/python3.12/site-packages/airflow/example_dags/example_latest_only_with_trigger.py
[2025-11-14T21:15:31.644+0000] {processor.py:914} INFO - Processing file /home/airflow/.local/lib/python3.12/site-packages/airflow/example_dags/example_latest_only_with_trigger.py for tasks to queue
[2025-11-14T21:15:31.655+0000] {logging_mixin.py:190} INFO - [2025-11-14T21:15:31.653+0000] {dagbag.py:588} INFO - Filling up the DagBag from /home/airflow/.local/lib/python3.12/site-packages/airflow/example_dags/example_latest_only_with_trigger.py
[2025-11-14T21:15:31.698+0000] {processor.py:925} INFO - DAG(s) 'latest_only_with_trigger' retrieved from /home/airflow/.local/lib/python3.12/site-packages/airflow/example_dags/example_latest_only_with_trigger.py
[2025-11-14T21:15:32.148+0000] {logging_mixin.py:190} INFO - [2025-11-14T21:15:32.147+0000] {override.py:1900} INFO - Created Permission View: can edit on DAG:latest_only_with_trigger
[2025-11-14T21:15:32.178+0000] {logging_mixin.py:190} INFO - [2025-11-14T21:15:32.177+0000] {override.py:1900} INFO - Created Permission View: can delete on DAG:latest_only_with_trigger
[2025-11-14T21:15:32.195+0000] {logging_mixin.py:190} INFO - [2025-11-14T21:15:32.194+0000] {override.py:1900} INFO - Created Permission View: can read on DAG:latest_only_with_trigger
[2025-11-14T21:15:32.214+0000] {logging_mixin.py:190} INFO - [2025-11-14T21:15:32.214+0000] {override.py:1900} INFO - Created Permission View: menu access on DAG Run:latest_only_with_trigger
[2025-11-14T21:15:32.228+0000] {logging_mixin.py:190} INFO - [2025-11-14T21:15:32.227+0000] {override.py:1900} INFO - Created Permission View: can create on DAG Run:latest_only_with_trigger
[2025-11-14T21:15:32.245+0000] {logging_mixin.py:190} INFO - [2025-11-14T21:15:32.244+0000] {override.py:1900} INFO - Created Permission View: can delete on DAG Run:latest_only_with_trigger
[2025-11-14T21:15:32.257+0000] {logging_mixin.py:190} INFO - [2025-11-14T21:15:32.256+0000] {override.py:1900} INFO - Created Permission View: can read on DAG Run:latest_only_with_trigger
[2025-11-14T21:15:32.259+0000] {logging_mixin.py:190} INFO - [2025-11-14T21:15:32.259+0000] {dag.py:3239} INFO - Sync 1 DAGs
[2025-11-14T21:15:32.296+0000] {logging_mixin.py:190} INFO - [2025-11-14T21:15:32.296+0000] {dag.py:3262} INFO - Creating ORM DAG for latest_only_with_trigger
[2025-11-14T21:15:32.323+0000] {logging_mixin.py:190} INFO - [2025-11-14T21:15:32.322+0000] {dag.py:4180} INFO - Setting next_dagrun for latest_only_with_trigger to 2025-11-14 16:00:00+00:00, run_after=2025-11-14 20:00:00+00:00
[2025-11-14T21:15:32.364+0000] {processor.py:208} INFO - Processing /home/airflow/.local/lib/python3.12/site-packages/airflow/example_dags/example_latest_only_with_trigger.py took 0.763 seconds
[2025-11-14T21:16:02.925+0000] {processor.py:186} INFO - Started process (PID=101) to work on /home/airflow/.local/lib/python3.12/site-packages/airflow/example_dags/example_latest_only_with_trigger.py
[2025-11-14T21:16:02.930+0000] {processor.py:914} INFO - Processing file /home/airflow/.local/lib/python3.12/site-packages/airflow/example_dags/example_latest_only_with_trigger.py for tasks to queue
[2025-11-14T21:16:02.940+0000] {logging_mixin.py:190} INFO - [2025-11-14T21:16:02.938+0000] {dagbag.py:588} INFO - Filling up the DagBag from /home/airflow/.local/lib/python3.12/site-packages/airflow/example_dags/example_latest_only_with_trigger.py
[2025-11-14T21:16:02.968+0000] {processor.py:925} INFO - DAG(s) 'latest_only_with_trigger' retrieved from /home/airflow/.local/lib/python3.12/site-packages/airflow/example_dags/example_latest_only_with_trigger.py
[2025-11-14T21:16:03.072+0000] {logging_mixin.py:190} INFO - [2025-11-14T21:16:03.071+0000] {dag.py:3239} INFO - Sync 1 DAGs
[2025-11-14T21:16:03.249+0000] {logging_mixin.py:190} INFO - [2025-11-14T21:16:03.249+0000] {dag.py:4180} INFO - Setting next_dagrun for latest_only_with_trigger to 2025-11-14 16:00:00+00:00, run_after=2025-11-14 20:00:00+00:00
[2025-11-14T21:16:03.290+0000] {processor.py:208} INFO - Processing /home/airflow/.local/lib/python3.12/site-packages/airflow/example_dags/example_latest_only_with_trigger.py took 0.392 seconds
[2025-11-14T21:16:34.105+0000] {processor.py:186} INFO - Started process (PID=164) to work on /home/airflow/.local/lib/python3.12/site-packages/airflow/example_dags/example_latest_only_with_trigger.py
[2025-11-14T21:16:34.107+0000] {processor.py:914} INFO - Processing file /home/airflow/.local/lib/python3.12/site-packages/airflow/example_dags/example_latest_only_with_trigger.py for tasks to queue
[2025-11-14T21:16:34.110+0000] {logging_mixin.py:190} INFO - [2025-11-14T21:16:34.110+0000] {dagbag.py:588} INFO - Filling up the DagBag from /home/airflow/.local/lib/python3.12/site-packages/airflow/example_dags/example_latest_only_with_trigger.py
[2025-11-14T21:16:34.121+0000] {processor.py:925} INFO - DAG(s) 'latest_only_with_trigger' retrieved from /home/airflow/.local/lib/python3.12/site-packages/airflow/example_dags/example_latest_only_with_trigger.py
[2025-11-14T21:16:34.152+0000] {logging_mixin.py:190} INFO - [2025-11-14T21:16:34.151+0000] {dag.py:3239} INFO - Sync 1 DAGs
[2025-11-14T21:16:34.190+0000] {logging_mixin.py:190} INFO - [2025-11-14T21:16:34.190+0000] {dag.py:4180} INFO - Setting next_dagrun for latest_only_with_trigger to 2025-11-14 16:00:00+00:00, run_after=2025-11-14 20:00:00+00:00
[2025-11-14T21:16:34.216+0000] {processor.py:208} INFO - Processing /home/airflow/.local/lib/python3.12/site-packages/airflow/example_dags/example_latest_only_with_trigger.py took 0.120 seconds
[2025-11-14T21:17:04.318+0000] {processor.py:186} INFO - Started process (PID=227) to work on /home/airflow/.local/lib/python3.12/site-packages/airflow/example_dags/example_latest_only_with_trigger.py
[2025-11-14T21:17:04.320+0000] {processor.py:914} INFO - Processing file /home/airflow/.local/lib/python3.12/site-packages/airflow/example_dags/example_latest_only_with_trigger.py for tasks to queue
[2025-11-14T21:17:04.322+0000] {logging_mixin.py:190} INFO - [2025-11-14T21:17:04.322+0000] {dagbag.py:588} INFO - Filling up the DagBag from /home/airflow/.local/lib/python3.12/site-packages/airflow/example_dags/example_latest_only_with_trigger.py
[2025-11-14T21:17:04.330+0000] {processor.py:925} INFO - DAG(s) 'latest_only_with_trigger' retrieved from /home/airflow/.local/lib/python3.12/site-packages/airflow/example_dags/example_latest_only_with_trigger.py
[2025-11-14T21:17:04.353+0000] {logging_mixin.py:190} INFO - [2025-11-14T21:17:04.352+0000] {dag.py:3239} INFO - Sync 1 DAGs
[2025-11-14T21:17:04.378+0000] {logging_mixin.py:190} INFO - [2025-11-14T21:17:04.377+0000] {dag.py:4180} INFO - Setting next_dagrun for latest_only_with_trigger to 2025-11-14 16:00:00+00:00, run_after=2025-11-14 20:00:00+00:00
[2025-11-14T21:17:04.398+0000] {processor.py:208} INFO - Processing /home/airflow/.local/lib/python3.12/site-packages/airflow/example_dags/example_latest_only_with_trigger.py took 0.089 seconds
[2025-11-14T21:17:34.777+0000] {processor.py:186} INFO - Started process (PID=290) to work on /home/airflow/.local/lib/python3.12/site-packages/airflow/example_dags/example_latest_only_with_trigger.py
[2025-11-14T21:17:34.779+0000] {processor.py:914} INFO - Processing file /home/airflow/.local/lib/python3.12/site-packages/airflow/example_dags/example_latest_only_with_trigger.py for tasks to queue
[2025-11-14T21:17:34.783+0000] {logging_mixin.py:190} INFO - [2025-11-14T21:17:34.783+0000] {dagbag.py:588} INFO - Filling up the DagBag from /home/airflow/.local/lib/python3.12/site-packages/airflow/example_dags/example_latest_only_with_trigger.py
[2025-11-14T21:17:34.792+0000] {processor.py:925} INFO - DAG(s) 'latest_only_with_trigger' retrieved from /home/airflow/.local/lib/python3.12/site-packages/airflow/example_dags/example_latest_only_with_trigger.py
[2025-11-14T21:17:34.814+0000] {logging_mixin.py:190} INFO - [2025-11-14T21:17:34.814+0000] {dag.py:3239} INFO - Sync 1 DAGs
[2025-11-14T21:17:34.840+0000] {logging_mixin.py:190} INFO - [2025-11-14T21:17:34.840+0000] {dag.py:4180} INFO - Setting next_dagrun for latest_only_with_trigger to 2025-11-14 16:00:00+00:00, run_after=2025-11-14 20:00:00+00:00
[2025-11-14T21:17:34.859+0000] {processor.py:208} INFO - Processing /home/airflow/.local/lib/python3.12/site-packages/airflow/example_dags/example_latest_only_with_trigger.py took 0.091 seconds
[2025-11-14T21:18:05.845+0000] {processor.py:186} INFO - Started process (PID=353) to work on /home/airflow/.local/lib/python3.12/site-packages/airflow/example_dags/example_latest_only_with_trigger.py
[2025-11-14T21:18:05.847+0000] {processor.py:914} INFO - Processing file /home/airflow/.local/lib/python3.12/site-packages/airflow/example_dags/example_latest_only_with_trigger.py for tasks to queue
[2025-11-14T21:18:05.850+0000] {logging_mixin.py:190} INFO - [2025-11-14T21:18:05.850+0000] {dagbag.py:588} INFO - Filling up the DagBag from /home/airflow/.local/lib/python3.12/site-packages/airflow/example_dags/example_latest_only_with_trigger.py
[2025-11-14T21:18:05.859+0000] {processor.py:925} INFO - DAG(s) 'latest_only_with_trigger' retrieved from /home/airflow/.local/lib/python3.12/site-packages/airflow/example_dags/example_latest_only_with_trigger.py
[2025-11-14T21:18:05.880+0000] {logging_mixin.py:190} INFO - [2025-11-14T21:18:05.880+0000] {dag.py:3239} INFO - Sync 1 DAGs
[2025-11-14T21:18:05.906+0000] {logging_mixin.py:190} INFO - [2025-11-14T21:18:05.906+0000] {dag.py:4180} INFO - Setting next_dagrun for latest_only_with_trigger to 2025-11-14 16:00:00+00:00, run_after=2025-11-14 20:00:00+00:00
[2025-11-14T21:18:05.925+0000] {processor.py:208} INFO - Processing /home/airflow/.local/lib/python3.12/site-packages/airflow/example_dags/example_latest_only_with_trigger.py took 0.090 seconds
[2025-11-14T21:18:36.456+0000] {processor.py:186} INFO - Started process (PID=418) to work on /home/airflow/.local/lib/python3.12/site-packages/airflow/example_dags/example_latest_only_with_trigger.py
[2025-11-14T21:18:36.463+0000] {processor.py:914} INFO - Processing file /home/airflow/.local/lib/python3.12/site-packages/airflow/example_dags/example_latest_only_with_trigger.py for tasks to queue
[2025-11-14T21:18:36.485+0000] {logging_mixin.py:190} INFO - [2025-11-14T21:18:36.479+0000] {dagbag.py:588} INFO - Filling up the DagBag from /home/airflow/.local/lib/python3.12/site-packages/airflow/example_dags/example_latest_only_with_trigger.py
[2025-11-14T21:18:36.542+0000] {processor.py:925} INFO - DAG(s) 'latest_only_with_trigger' retrieved from /home/airflow/.local/lib/python3.12/site-packages/airflow/example_dags/example_latest_only_with_trigger.py
[2025-11-14T21:18:36.679+0000] {logging_mixin.py:190} INFO - [2025-11-14T21:18:36.678+0000] {dag.py:3239} INFO - Sync 1 DAGs
[2025-11-14T21:18:36.730+0000] {logging_mixin.py:190} INFO - [2025-11-14T21:18:36.730+0000] {dag.py:4180} INFO - Setting next_dagrun for latest_only_with_trigger to 2025-11-14 16:00:00+00:00, run_after=2025-11-14 20:00:00+00:00
[2025-11-14T21:18:36.769+0000] {processor.py:208} INFO - Processing /home/airflow/.local/lib/python3.12/site-packages/airflow/example_dags/example_latest_only_with_trigger.py took 0.353 seconds
[2025-11-14T21:19:07.344+0000] {processor.py:186} INFO - Started process (PID=483) to work on /home/airflow/.local/lib/python3.12/site-packages/airflow/example_dags/example_latest_only_with_trigger.py
[2025-11-14T21:19:07.347+0000] {processor.py:914} INFO - Processing file /home/airflow/.local/lib/python3.12/site-packages/airflow/example_dags/example_latest_only_with_trigger.py for tasks to queue
[2025-11-14T21:19:07.351+0000] {logging_mixin.py:190} INFO - [2025-11-14T21:19:07.350+0000] {dagbag.py:588} INFO - Filling up the DagBag from /home/airflow/.local/lib/python3.12/site-packages/airflow/example_dags/example_latest_only_with_trigger.py
[2025-11-14T21:19:07.363+0000] {processor.py:925} INFO - DAG(s) 'latest_only_with_trigger' retrieved from /home/airflow/.local/lib/python3.12/site-packages/airflow/example_dags/example_latest_only_with_trigger.py
[2025-11-14T21:19:07.397+0000] {logging_mixin.py:190} INFO - [2025-11-14T21:19:07.397+0000] {dag.py:3239} INFO - Sync 1 DAGs
[2025-11-14T21:19:07.440+0000] {logging_mixin.py:190} INFO - [2025-11-14T21:19:07.439+0000] {dag.py:4180} INFO - Setting next_dagrun for latest_only_with_trigger to 2025-11-14 16:00:00+00:00, run_after=2025-11-14 20:00:00+00:00
[2025-11-14T21:19:07.472+0000] {processor.py:208} INFO - Processing /home/airflow/.local/lib/python3.12/site-packages/airflow/example_dags/example_latest_only_with_trigger.py took 0.139 seconds
[2025-11-14T21:19:38.537+0000] {processor.py:186} INFO - Started process (PID=548) to work on /home/airflow/.local/lib/python3.12/site-packages/airflow/example_dags/example_latest_only_with_trigger.py
[2025-11-14T21:19:38.542+0000] {processor.py:914} INFO - Processing file /home/airflow/.local/lib/python3.12/site-packages/airflow/example_dags/example_latest_only_with_trigger.py for tasks to queue
[2025-11-14T21:19:38.552+0000] {logging_mixin.py:190} INFO - [2025-11-14T21:19:38.550+0000] {dagbag.py:588} INFO - Filling up the DagBag from /home/airflow/.local/lib/python3.12/site-packages/airflow/example_dags/example_latest_only_with_trigger.py
[2025-11-14T21:19:38.578+0000] {processor.py:925} INFO - DAG(s) 'latest_only_with_trigger' retrieved from /home/airflow/.local/lib/python3.12/site-packages/airflow/example_dags/example_latest_only_with_trigger.py
[2025-11-14T21:19:38.644+0000] {logging_mixin.py:190} INFO - [2025-11-14T21:19:38.644+0000] {dag.py:3239} INFO - Sync 1 DAGs
[2025-11-14T21:19:38.723+0000] {logging_mixin.py:190} INFO - [2025-11-14T21:19:38.722+0000] {dag.py:4180} INFO - Setting next_dagrun for latest_only_with_trigger to 2025-11-14 16:00:00+00:00, run_after=2025-11-14 20:00:00+00:00
[2025-11-14T21:19:38.778+0000] {processor.py:208} INFO - Processing /home/airflow/.local/lib/python3.12/site-packages/airflow/example_dags/example_latest_only_with_trigger.py took 0.268 seconds
[2025-11-14T21:20:11.337+0000] {processor.py:186} INFO - Started process (PID=622) to work on /home/airflow/.local/lib/python3.12/site-packages/airflow/example_dags/example_latest_only_with_trigger.py
[2025-11-14T21:20:11.454+0000] {processor.py:914} INFO - Processing file /home/airflow/.local/lib/python3.12/site-packages/airflow/example_dags/example_latest_only_with_trigger.py for tasks to queue
[2025-11-14T21:20:11.593+0000] {logging_mixin.py:190} INFO - [2025-11-14T21:20:11.590+0000] {dagbag.py:588} INFO - Filling up the DagBag from /home/airflow/.local/lib/python3.12/site-packages/airflow/example_dags/example_latest_only_with_trigger.py
[2025-11-14T21:20:12.547+0000] {processor.py:925} INFO - DAG(s) 'latest_only_with_trigger' retrieved from /home/airflow/.local/lib/python3.12/site-packages/airflow/example_dags/example_latest_only_with_trigger.py
[2025-11-14T21:20:13.056+0000] {logging_mixin.py:190} INFO - [2025-11-14T21:20:13.055+0000] {dag.py:3239} INFO - Sync 1 DAGs
[2025-11-14T21:20:14.044+0000] {logging_mixin.py:190} INFO - [2025-11-14T21:20:13.982+0000] {dag.py:4180} INFO - Setting next_dagrun for latest_only_with_trigger to 2025-11-14 16:00:00+00:00, run_after=2025-11-14 20:00:00+00:00
[2025-11-14T21:20:15.039+0000] {processor.py:208} INFO - Processing /home/airflow/.local/lib/python3.12/site-packages/airflow/example_dags/example_latest_only_with_trigger.py took 4.236 seconds
[2025-11-14T21:21:10.820+0000] {processor.py:186} INFO - Started process (PID=668) to work on /home/airflow/.local/lib/python3.12/site-packages/airflow/example_dags/example_latest_only_with_trigger.py
[2025-11-14T21:21:10.833+0000] {processor.py:914} INFO - Processing file /home/airflow/.local/lib/python3.12/site-packages/airflow/example_dags/example_latest_only_with_trigger.py for tasks to queue
[2025-11-14T21:21:10.863+0000] {logging_mixin.py:190} INFO - [2025-11-14T21:21:10.859+0000] {dagbag.py:588} INFO - Filling up the DagBag from /home/airflow/.local/lib/python3.12/site-packages/airflow/example_dags/example_latest_only_with_trigger.py
[2025-11-14T21:21:10.952+0000] {processor.py:925} INFO - DAG(s) 'latest_only_with_trigger' retrieved from /home/airflow/.local/lib/python3.12/site-packages/airflow/example_dags/example_latest_only_with_trigger.py
[2025-11-14T21:21:11.263+0000] {logging_mixin.py:190} INFO - [2025-11-14T21:21:11.261+0000] {dag.py:3239} INFO - Sync 1 DAGs
[2025-11-14T21:21:11.468+0000] {logging_mixin.py:190} INFO - [2025-11-14T21:21:11.466+0000] {dag.py:4180} INFO - Setting next_dagrun for latest_only_with_trigger to 2025-11-14 16:00:00+00:00, run_after=2025-11-14 20:00:00+00:00
[2025-11-14T21:21:11.584+0000] {processor.py:208} INFO - Processing /home/airflow/.local/lib/python3.12/site-packages/airflow/example_dags/example_latest_only_with_trigger.py took 0.818 seconds
[2025-11-14T21:21:45.511+0000] {processor.py:186} INFO - Started process (PID=730) to work on /home/airflow/.local/lib/python3.12/site-packages/airflow/example_dags/example_latest_only_with_trigger.py
[2025-11-14T21:21:45.524+0000] {processor.py:914} INFO - Processing file /home/airflow/.local/lib/python3.12/site-packages/airflow/example_dags/example_latest_only_with_trigger.py for tasks to queue
[2025-11-14T21:21:45.566+0000] {logging_mixin.py:190} INFO - [2025-11-14T21:21:45.562+0000] {dagbag.py:588} INFO - Filling up the DagBag from /home/airflow/.local/lib/python3.12/site-packages/airflow/example_dags/example_latest_only_with_trigger.py
[2025-11-14T21:21:45.723+0000] {processor.py:925} INFO - DAG(s) 'latest_only_with_trigger' retrieved from /home/airflow/.local/lib/python3.12/site-packages/airflow/example_dags/example_latest_only_with_trigger.py
[2025-11-14T21:21:46.102+0000] {logging_mixin.py:190} INFO - [2025-11-14T21:21:46.100+0000] {dag.py:3239} INFO - Sync 1 DAGs
[2025-11-14T21:21:46.714+0000] {logging_mixin.py:190} INFO - [2025-11-14T21:21:46.712+0000] {dag.py:4180} INFO - Setting next_dagrun for latest_only_with_trigger to 2025-11-14 16:00:00+00:00, run_after=2025-11-14 20:00:00+00:00
[2025-11-14T21:21:47.147+0000] {processor.py:208} INFO - Processing /home/airflow/.local/lib/python3.12/site-packages/airflow/example_dags/example_latest_only_with_trigger.py took 1.767 seconds
[2025-11-14T21:22:18.330+0000] {processor.py:186} INFO - Started process (PID=794) to work on /home/airflow/.local/lib/python3.12/site-packages/airflow/example_dags/example_latest_only_with_trigger.py
[2025-11-14T21:22:18.338+0000] {processor.py:914} INFO - Processing file /home/airflow/.local/lib/python3.12/site-packages/airflow/example_dags/example_latest_only_with_trigger.py for tasks to queue
[2025-11-14T21:22:18.351+0000] {logging_mixin.py:190} INFO - [2025-11-14T21:22:18.350+0000] {dagbag.py:588} INFO - Filling up the DagBag from /home/airflow/.local/lib/python3.12/site-packages/airflow/example_dags/example_latest_only_with_trigger.py
[2025-11-14T21:22:18.416+0000] {processor.py:925} INFO - DAG(s) 'latest_only_with_trigger' retrieved from /home/airflow/.local/lib/python3.12/site-packages/airflow/example_dags/example_latest_only_with_trigger.py
[2025-11-14T21:22:18.597+0000] {logging_mixin.py:190} INFO - [2025-11-14T21:22:18.596+0000] {dag.py:3239} INFO - Sync 1 DAGs
[2025-11-14T21:22:18.790+0000] {logging_mixin.py:190} INFO - [2025-11-14T21:22:18.788+0000] {dag.py:4180} INFO - Setting next_dagrun for latest_only_with_trigger to 2025-11-14 16:00:00+00:00, run_after=2025-11-14 20:00:00+00:00
[2025-11-14T21:22:18.893+0000] {processor.py:208} INFO - Processing /home/airflow/.local/lib/python3.12/site-packages/airflow/example_dags/example_latest_only_with_trigger.py took 0.596 seconds
[2025-11-14T21:22:49.413+0000] {processor.py:186} INFO - Started process (PID=859) to work on /home/airflow/.local/lib/python3.12/site-packages/airflow/example_dags/example_latest_only_with_trigger.py
[2025-11-14T21:22:49.418+0000] {processor.py:914} INFO - Processing file /home/airflow/.local/lib/python3.12/site-packages/airflow/example_dags/example_latest_only_with_trigger.py for tasks to queue
[2025-11-14T21:22:49.429+0000] {logging_mixin.py:190} INFO - [2025-11-14T21:22:49.428+0000] {dagbag.py:588} INFO - Filling up the DagBag from /home/airflow/.local/lib/python3.12/site-packages/airflow/example_dags/example_latest_only_with_trigger.py
[2025-11-14T21:22:49.478+0000] {processor.py:925} INFO - DAG(s) 'latest_only_with_trigger' retrieved from /home/airflow/.local/lib/python3.12/site-packages/airflow/example_dags/example_latest_only_with_trigger.py
[2025-11-14T21:22:49.595+0000] {logging_mixin.py:190} INFO - [2025-11-14T21:22:49.594+0000] {dag.py:3239} INFO - Sync 1 DAGs
[2025-11-14T21:22:49.722+0000] {logging_mixin.py:190} INFO - [2025-11-14T21:22:49.722+0000] {dag.py:4180} INFO - Setting next_dagrun for latest_only_with_trigger to 2025-11-14 16:00:00+00:00, run_after=2025-11-14 20:00:00+00:00
[2025-11-14T21:22:49.793+0000] {processor.py:208} INFO - Processing /home/airflow/.local/lib/python3.12/site-packages/airflow/example_dags/example_latest_only_with_trigger.py took 0.408 seconds
[2025-11-14T21:23:20.148+0000] {processor.py:186} INFO - Started process (PID=923) to work on /home/airflow/.local/lib/python3.12/site-packages/airflow/example_dags/example_latest_only_with_trigger.py
[2025-11-14T21:23:20.155+0000] {processor.py:914} INFO - Processing file /home/airflow/.local/lib/python3.12/site-packages/airflow/example_dags/example_latest_only_with_trigger.py for tasks to queue
[2025-11-14T21:23:20.176+0000] {logging_mixin.py:190} INFO - [2025-11-14T21:23:20.173+0000] {dagbag.py:588} INFO - Filling up the DagBag from /home/airflow/.local/lib/python3.12/site-packages/airflow/example_dags/example_latest_only_with_trigger.py
[2025-11-14T21:23:20.203+0000] {processor.py:925} INFO - DAG(s) 'latest_only_with_trigger' retrieved from /home/airflow/.local/lib/python3.12/site-packages/airflow/example_dags/example_latest_only_with_trigger.py
[2025-11-14T21:23:20.287+0000] {logging_mixin.py:190} INFO - [2025-11-14T21:23:20.286+0000] {dag.py:3239} INFO - Sync 1 DAGs
[2025-11-14T21:23:20.376+0000] {logging_mixin.py:190} INFO - [2025-11-14T21:23:20.376+0000] {dag.py:4180} INFO - Setting next_dagrun for latest_only_with_trigger to 2025-11-14 16:00:00+00:00, run_after=2025-11-14 20:00:00+00:00
[2025-11-14T21:23:20.445+0000] {processor.py:208} INFO - Processing /home/airflow/.local/lib/python3.12/site-packages/airflow/example_dags/example_latest_only_with_trigger.py took 0.321 seconds
[2025-11-14T21:23:50.620+0000] {processor.py:186} INFO - Started process (PID=986) to work on /home/airflow/.local/lib/python3.12/site-packages/airflow/example_dags/example_latest_only_with_trigger.py
[2025-11-14T21:23:50.625+0000] {processor.py:914} INFO - Processing file /home/airflow/.local/lib/python3.12/site-packages/airflow/example_dags/example_latest_only_with_trigger.py for tasks to queue
[2025-11-14T21:23:50.636+0000] {logging_mixin.py:190} INFO - [2025-11-14T21:23:50.636+0000] {dagbag.py:588} INFO - Filling up the DagBag from /home/airflow/.local/lib/python3.12/site-packages/airflow/example_dags/example_latest_only_with_trigger.py
[2025-11-14T21:23:50.660+0000] {processor.py:925} INFO - DAG(s) 'latest_only_with_trigger' retrieved from /home/airflow/.local/lib/python3.12/site-packages/airflow/example_dags/example_latest_only_with_trigger.py
[2025-11-14T21:23:50.723+0000] {logging_mixin.py:190} INFO - [2025-11-14T21:23:50.723+0000] {dag.py:3239} INFO - Sync 1 DAGs
[2025-11-14T21:23:50.797+0000] {logging_mixin.py:190} INFO - [2025-11-14T21:23:50.797+0000] {dag.py:4180} INFO - Setting next_dagrun for latest_only_with_trigger to 2025-11-14 16:00:00+00:00, run_after=2025-11-14 20:00:00+00:00
[2025-11-14T21:23:50.852+0000] {processor.py:208} INFO - Processing /home/airflow/.local/lib/python3.12/site-packages/airflow/example_dags/example_latest_only_with_trigger.py took 0.257 seconds
[2025-11-14T21:24:21.746+0000] {processor.py:186} INFO - Started process (PID=1048) to work on /home/airflow/.local/lib/python3.12/site-packages/airflow/example_dags/example_latest_only_with_trigger.py
[2025-11-14T21:24:21.754+0000] {processor.py:914} INFO - Processing file /home/airflow/.local/lib/python3.12/site-packages/airflow/example_dags/example_latest_only_with_trigger.py for tasks to queue
[2025-11-14T21:24:21.773+0000] {logging_mixin.py:190} INFO - [2025-11-14T21:24:21.771+0000] {dagbag.py:588} INFO - Filling up the DagBag from /home/airflow/.local/lib/python3.12/site-packages/airflow/example_dags/example_latest_only_with_trigger.py
[2025-11-14T21:24:21.808+0000] {processor.py:925} INFO - DAG(s) 'latest_only_with_trigger' retrieved from /home/airflow/.local/lib/python3.12/site-packages/airflow/example_dags/example_latest_only_with_trigger.py
[2025-11-14T21:24:21.898+0000] {logging_mixin.py:190} INFO - [2025-11-14T21:24:21.897+0000] {dag.py:3239} INFO - Sync 1 DAGs
[2025-11-14T21:24:22.003+0000] {logging_mixin.py:190} INFO - [2025-11-14T21:24:22.003+0000] {dag.py:4180} INFO - Setting next_dagrun for latest_only_with_trigger to 2025-11-14 16:00:00+00:00, run_after=2025-11-14 20:00:00+00:00
[2025-11-14T21:24:22.071+0000] {processor.py:208} INFO - Processing /home/airflow/.local/lib/python3.12/site-packages/airflow/example_dags/example_latest_only_with_trigger.py took 0.374 seconds
[2025-11-14T21:24:52.607+0000] {processor.py:186} INFO - Started process (PID=1105) to work on /home/airflow/.local/lib/python3.12/site-packages/airflow/example_dags/example_latest_only_with_trigger.py
[2025-11-14T21:24:52.613+0000] {processor.py:914} INFO - Processing file /home/airflow/.local/lib/python3.12/site-packages/airflow/example_dags/example_latest_only_with_trigger.py for tasks to queue
[2025-11-14T21:24:52.623+0000] {logging_mixin.py:190} INFO - [2025-11-14T21:24:52.622+0000] {dagbag.py:588} INFO - Filling up the DagBag from /home/airflow/.local/lib/python3.12/site-packages/airflow/example_dags/example_latest_only_with_trigger.py
[2025-11-14T21:24:52.656+0000] {processor.py:925} INFO - DAG(s) 'latest_only_with_trigger' retrieved from /home/airflow/.local/lib/python3.12/site-packages/airflow/example_dags/example_latest_only_with_trigger.py
[2025-11-14T21:24:52.745+0000] {logging_mixin.py:190} INFO - [2025-11-14T21:24:52.744+0000] {dag.py:3239} INFO - Sync 1 DAGs
[2025-11-14T21:24:52.842+0000] {logging_mixin.py:190} INFO - [2025-11-14T21:24:52.841+0000] {dag.py:4180} INFO - Setting next_dagrun for latest_only_with_trigger to 2025-11-14 16:00:00+00:00, run_after=2025-11-14 20:00:00+00:00
[2025-11-14T21:24:52.905+0000] {processor.py:208} INFO - Processing /home/airflow/.local/lib/python3.12/site-packages/airflow/example_dags/example_latest_only_with_trigger.py took 0.328 seconds
[2025-11-14T21:25:23.656+0000] {processor.py:186} INFO - Started process (PID=1169) to work on /home/airflow/.local/lib/python3.12/site-packages/airflow/example_dags/example_latest_only_with_trigger.py
[2025-11-14T21:25:23.659+0000] {processor.py:914} INFO - Processing file /home/airflow/.local/lib/python3.12/site-packages/airflow/example_dags/example_latest_only_with_trigger.py for tasks to queue
[2025-11-14T21:25:23.664+0000] {logging_mixin.py:190} INFO - [2025-11-14T21:25:23.664+0000] {dagbag.py:588} INFO - Filling up the DagBag from /home/airflow/.local/lib/python3.12/site-packages/airflow/example_dags/example_latest_only_with_trigger.py
[2025-11-14T21:25:23.683+0000] {processor.py:925} INFO - DAG(s) 'latest_only_with_trigger' retrieved from /home/airflow/.local/lib/python3.12/site-packages/airflow/example_dags/example_latest_only_with_trigger.py
[2025-11-14T21:25:23.735+0000] {logging_mixin.py:190} INFO - [2025-11-14T21:25:23.735+0000] {dag.py:3239} INFO - Sync 1 DAGs
[2025-11-14T21:25:23.781+0000] {logging_mixin.py:190} INFO - [2025-11-14T21:25:23.781+0000] {dag.py:4180} INFO - Setting next_dagrun for latest_only_with_trigger to 2025-11-14 16:00:00+00:00, run_after=2025-11-14 20:00:00+00:00
[2025-11-14T21:25:23.820+0000] {processor.py:208} INFO - Processing /home/airflow/.local/lib/python3.12/site-packages/airflow/example_dags/example_latest_only_with_trigger.py took 0.177 seconds
[2025-11-14T21:25:54.413+0000] {processor.py:186} INFO - Started process (PID=1233) to work on /home/airflow/.local/lib/python3.12/site-packages/airflow/example_dags/example_latest_only_with_trigger.py
[2025-11-14T21:25:54.418+0000] {processor.py:914} INFO - Processing file /home/airflow/.local/lib/python3.12/site-packages/airflow/example_dags/example_latest_only_with_trigger.py for tasks to queue
[2025-11-14T21:25:54.429+0000] {logging_mixin.py:190} INFO - [2025-11-14T21:25:54.427+0000] {dagbag.py:588} INFO - Filling up the DagBag from /home/airflow/.local/lib/python3.12/site-packages/airflow/example_dags/example_latest_only_with_trigger.py
[2025-11-14T21:25:54.462+0000] {processor.py:925} INFO - DAG(s) 'latest_only_with_trigger' retrieved from /home/airflow/.local/lib/python3.12/site-packages/airflow/example_dags/example_latest_only_with_trigger.py
[2025-11-14T21:25:54.537+0000] {logging_mixin.py:190} INFO - [2025-11-14T21:25:54.536+0000] {dag.py:3239} INFO - Sync 1 DAGs
[2025-11-14T21:25:54.658+0000] {logging_mixin.py:190} INFO - [2025-11-14T21:25:54.656+0000] {dag.py:4180} INFO - Setting next_dagrun for latest_only_with_trigger to 2025-11-14 16:00:00+00:00, run_after=2025-11-14 20:00:00+00:00
[2025-11-14T21:25:54.792+0000] {processor.py:208} INFO - Processing /home/airflow/.local/lib/python3.12/site-packages/airflow/example_dags/example_latest_only_with_trigger.py took 0.407 seconds
[2025-11-14T21:26:25.613+0000] {processor.py:186} INFO - Started process (PID=1297) to work on /home/airflow/.local/lib/python3.12/site-packages/airflow/example_dags/example_latest_only_with_trigger.py
[2025-11-14T21:26:25.616+0000] {processor.py:914} INFO - Processing file /home/airflow/.local/lib/python3.12/site-packages/airflow/example_dags/example_latest_only_with_trigger.py for tasks to queue
[2025-11-14T21:26:25.622+0000] {logging_mixin.py:190} INFO - [2025-11-14T21:26:25.622+0000] {dagbag.py:588} INFO - Filling up the DagBag from /home/airflow/.local/lib/python3.12/site-packages/airflow/example_dags/example_latest_only_with_trigger.py
[2025-11-14T21:26:25.644+0000] {processor.py:925} INFO - DAG(s) 'latest_only_with_trigger' retrieved from /home/airflow/.local/lib/python3.12/site-packages/airflow/example_dags/example_latest_only_with_trigger.py
[2025-11-14T21:26:25.700+0000] {logging_mixin.py:190} INFO - [2025-11-14T21:26:25.700+0000] {dag.py:3239} INFO - Sync 1 DAGs
[2025-11-14T21:26:25.755+0000] {logging_mixin.py:190} INFO - [2025-11-14T21:26:25.755+0000] {dag.py:4180} INFO - Setting next_dagrun for latest_only_with_trigger to 2025-11-14 16:00:00+00:00, run_after=2025-11-14 20:00:00+00:00
[2025-11-14T21:26:25.792+0000] {processor.py:208} INFO - Processing /home/airflow/.local/lib/python3.12/site-packages/airflow/example_dags/example_latest_only_with_trigger.py took 0.194 seconds
[2025-11-14T21:26:56.395+0000] {processor.py:186} INFO - Started process (PID=1361) to work on /home/airflow/.local/lib/python3.12/site-packages/airflow/example_dags/example_latest_only_with_trigger.py
[2025-11-14T21:26:56.398+0000] {processor.py:914} INFO - Processing file /home/airflow/.local/lib/python3.12/site-packages/airflow/example_dags/example_latest_only_with_trigger.py for tasks to queue
[2025-11-14T21:26:56.403+0000] {logging_mixin.py:190} INFO - [2025-11-14T21:26:56.402+0000] {dagbag.py:588} INFO - Filling up the DagBag from /home/airflow/.local/lib/python3.12/site-packages/airflow/example_dags/example_latest_only_with_trigger.py
[2025-11-14T21:26:56.418+0000] {processor.py:925} INFO - DAG(s) 'latest_only_with_trigger' retrieved from /home/airflow/.local/lib/python3.12/site-packages/airflow/example_dags/example_latest_only_with_trigger.py
[2025-11-14T21:26:56.463+0000] {logging_mixin.py:190} INFO - [2025-11-14T21:26:56.463+0000] {dag.py:3239} INFO - Sync 1 DAGs
[2025-11-14T21:26:56.526+0000] {logging_mixin.py:190} INFO - [2025-11-14T21:26:56.526+0000] {dag.py:4180} INFO - Setting next_dagrun for latest_only_with_trigger to 2025-11-14 16:00:00+00:00, run_after=2025-11-14 20:00:00+00:00
[2025-11-14T21:26:56.568+0000] {processor.py:208} INFO - Processing /home/airflow/.local/lib/python3.12/site-packages/airflow/example_dags/example_latest_only_with_trigger.py took 0.186 seconds
[2025-11-14T21:27:26.915+0000] {processor.py:186} INFO - Started process (PID=1424) to work on /home/airflow/.local/lib/python3.12/site-packages/airflow/example_dags/example_latest_only_with_trigger.py
[2025-11-14T21:27:26.918+0000] {processor.py:914} INFO - Processing file /home/airflow/.local/lib/python3.12/site-packages/airflow/example_dags/example_latest_only_with_trigger.py for tasks to queue
[2025-11-14T21:27:26.925+0000] {logging_mixin.py:190} INFO - [2025-11-14T21:27:26.924+0000] {dagbag.py:588} INFO - Filling up the DagBag from /home/airflow/.local/lib/python3.12/site-packages/airflow/example_dags/example_latest_only_with_trigger.py
[2025-11-14T21:27:26.941+0000] {processor.py:925} INFO - DAG(s) 'latest_only_with_trigger' retrieved from /home/airflow/.local/lib/python3.12/site-packages/airflow/example_dags/example_latest_only_with_trigger.py
[2025-11-14T21:27:26.985+0000] {logging_mixin.py:190} INFO - [2025-11-14T21:27:26.985+0000] {dag.py:3239} INFO - Sync 1 DAGs
[2025-11-14T21:27:27.032+0000] {logging_mixin.py:190} INFO - [2025-11-14T21:27:27.031+0000] {dag.py:4180} INFO - Setting next_dagrun for latest_only_with_trigger to 2025-11-14 16:00:00+00:00, run_after=2025-11-14 20:00:00+00:00
[2025-11-14T21:27:27.066+0000] {processor.py:208} INFO - Processing /home/airflow/.local/lib/python3.12/site-packages/airflow/example_dags/example_latest_only_with_trigger.py took 0.165 seconds
[2025-11-14T21:27:57.162+0000] {processor.py:186} INFO - Started process (PID=1487) to work on /home/airflow/.local/lib/python3.12/site-packages/airflow/example_dags/example_latest_only_with_trigger.py
[2025-11-14T21:27:57.166+0000] {processor.py:914} INFO - Processing file /home/airflow/.local/lib/python3.12/site-packages/airflow/example_dags/example_latest_only_with_trigger.py for tasks to queue
[2025-11-14T21:27:57.173+0000] {logging_mixin.py:190} INFO - [2025-11-14T21:27:57.173+0000] {dagbag.py:588} INFO - Filling up the DagBag from /home/airflow/.local/lib/python3.12/site-packages/airflow/example_dags/example_latest_only_with_trigger.py
[2025-11-14T21:27:57.203+0000] {processor.py:925} INFO - DAG(s) 'latest_only_with_trigger' retrieved from /home/airflow/.local/lib/python3.12/site-packages/airflow/example_dags/example_latest_only_with_trigger.py
[2025-11-14T21:27:57.292+0000] {logging_mixin.py:190} INFO - [2025-11-14T21:27:57.291+0000] {dag.py:3239} INFO - Sync 1 DAGs
[2025-11-14T21:27:57.382+0000] {logging_mixin.py:190} INFO - [2025-11-14T21:27:57.381+0000] {dag.py:4180} INFO - Setting next_dagrun for latest_only_with_trigger to 2025-11-14 16:00:00+00:00, run_after=2025-11-14 20:00:00+00:00
[2025-11-14T21:27:57.457+0000] {processor.py:208} INFO - Processing /home/airflow/.local/lib/python3.12/site-packages/airflow/example_dags/example_latest_only_with_trigger.py took 0.316 seconds
