[2025-11-14T21:15:42.583+0000] {processor.py:186} INFO - Started process (PID=56) to work on /home/airflow/.local/lib/python3.12/site-packages/airflow/example_dags/example_latest_only.py
[2025-11-14T21:15:42.586+0000] {processor.py:914} INFO - Processing file /home/airflow/.local/lib/python3.12/site-packages/airflow/example_dags/example_latest_only.py for tasks to queue
[2025-11-14T21:15:42.591+0000] {logging_mixin.py:190} INFO - [2025-11-14T21:15:42.591+0000] {dagbag.py:588} INFO - Filling up the DagBag from /home/airflow/.local/lib/python3.12/site-packages/airflow/example_dags/example_latest_only.py
[2025-11-14T21:15:42.607+0000] {processor.py:925} INFO - DAG(s) 'latest_only' retrieved from /home/airflow/.local/lib/python3.12/site-packages/airflow/example_dags/example_latest_only.py
[2025-11-14T21:15:42.815+0000] {logging_mixin.py:190} INFO - [2025-11-14T21:15:42.814+0000] {override.py:1900} INFO - Created Permission View: can edit on DAG:latest_only
[2025-11-14T21:15:42.839+0000] {logging_mixin.py:190} INFO - [2025-11-14T21:15:42.838+0000] {override.py:1900} INFO - Created Permission View: can delete on DAG:latest_only
[2025-11-14T21:15:42.854+0000] {logging_mixin.py:190} INFO - [2025-11-14T21:15:42.853+0000] {override.py:1900} INFO - Created Permission View: can read on DAG:latest_only
[2025-11-14T21:15:42.870+0000] {logging_mixin.py:190} INFO - [2025-11-14T21:15:42.869+0000] {override.py:1900} INFO - Created Permission View: menu access on DAG Run:latest_only
[2025-11-14T21:15:42.884+0000] {logging_mixin.py:190} INFO - [2025-11-14T21:15:42.884+0000] {override.py:1900} INFO - Created Permission View: can create on DAG Run:latest_only
[2025-11-14T21:15:42.897+0000] {logging_mixin.py:190} INFO - [2025-11-14T21:15:42.897+0000] {override.py:1900} INFO - Created Permission View: can delete on DAG Run:latest_only
[2025-11-14T21:15:42.910+0000] {logging_mixin.py:190} INFO - [2025-11-14T21:15:42.909+0000] {override.py:1900} INFO - Created Permission View: can read on DAG Run:latest_only
[2025-11-14T21:15:42.912+0000] {logging_mixin.py:190} INFO - [2025-11-14T21:15:42.912+0000] {dag.py:3239} INFO - Sync 1 DAGs
[2025-11-14T21:15:42.943+0000] {logging_mixin.py:190} INFO - [2025-11-14T21:15:42.943+0000] {dag.py:3262} INFO - Creating ORM DAG for latest_only
[2025-11-14T21:15:42.965+0000] {logging_mixin.py:190} INFO - [2025-11-14T21:15:42.965+0000] {dag.py:4180} INFO - Setting next_dagrun for latest_only to 2025-11-14 16:00:00+00:00, run_after=2025-11-14 20:00:00+00:00
[2025-11-14T21:15:43.004+0000] {processor.py:208} INFO - Processing /home/airflow/.local/lib/python3.12/site-packages/airflow/example_dags/example_latest_only.py took 0.434 seconds
[2025-11-14T21:16:13.883+0000] {processor.py:186} INFO - Started process (PID=120) to work on /home/airflow/.local/lib/python3.12/site-packages/airflow/example_dags/example_latest_only.py
[2025-11-14T21:16:13.886+0000] {processor.py:914} INFO - Processing file /home/airflow/.local/lib/python3.12/site-packages/airflow/example_dags/example_latest_only.py for tasks to queue
[2025-11-14T21:16:13.892+0000] {logging_mixin.py:190} INFO - [2025-11-14T21:16:13.891+0000] {dagbag.py:588} INFO - Filling up the DagBag from /home/airflow/.local/lib/python3.12/site-packages/airflow/example_dags/example_latest_only.py
[2025-11-14T21:16:13.906+0000] {processor.py:925} INFO - DAG(s) 'latest_only' retrieved from /home/airflow/.local/lib/python3.12/site-packages/airflow/example_dags/example_latest_only.py
[2025-11-14T21:16:13.946+0000] {logging_mixin.py:190} INFO - [2025-11-14T21:16:13.946+0000] {dag.py:3239} INFO - Sync 1 DAGs
[2025-11-14T21:16:13.989+0000] {logging_mixin.py:190} INFO - [2025-11-14T21:16:13.988+0000] {dag.py:4180} INFO - Setting next_dagrun for latest_only to 2025-11-14 16:00:00+00:00, run_after=2025-11-14 20:00:00+00:00
[2025-11-14T21:16:14.023+0000] {processor.py:208} INFO - Processing /home/airflow/.local/lib/python3.12/site-packages/airflow/example_dags/example_latest_only.py took 0.152 seconds
[2025-11-14T21:16:44.592+0000] {processor.py:186} INFO - Started process (PID=183) to work on /home/airflow/.local/lib/python3.12/site-packages/airflow/example_dags/example_latest_only.py
[2025-11-14T21:16:44.594+0000] {processor.py:914} INFO - Processing file /home/airflow/.local/lib/python3.12/site-packages/airflow/example_dags/example_latest_only.py for tasks to queue
[2025-11-14T21:16:44.597+0000] {logging_mixin.py:190} INFO - [2025-11-14T21:16:44.596+0000] {dagbag.py:588} INFO - Filling up the DagBag from /home/airflow/.local/lib/python3.12/site-packages/airflow/example_dags/example_latest_only.py
[2025-11-14T21:16:44.607+0000] {processor.py:925} INFO - DAG(s) 'latest_only' retrieved from /home/airflow/.local/lib/python3.12/site-packages/airflow/example_dags/example_latest_only.py
[2025-11-14T21:16:44.632+0000] {logging_mixin.py:190} INFO - [2025-11-14T21:16:44.632+0000] {dag.py:3239} INFO - Sync 1 DAGs
[2025-11-14T21:16:44.664+0000] {logging_mixin.py:190} INFO - [2025-11-14T21:16:44.664+0000] {dag.py:4180} INFO - Setting next_dagrun for latest_only to 2025-11-14 16:00:00+00:00, run_after=2025-11-14 20:00:00+00:00
[2025-11-14T21:16:44.692+0000] {processor.py:208} INFO - Processing /home/airflow/.local/lib/python3.12/site-packages/airflow/example_dags/example_latest_only.py took 0.109 seconds
[2025-11-14T21:17:14.848+0000] {processor.py:186} INFO - Started process (PID=246) to work on /home/airflow/.local/lib/python3.12/site-packages/airflow/example_dags/example_latest_only.py
[2025-11-14T21:17:14.851+0000] {processor.py:914} INFO - Processing file /home/airflow/.local/lib/python3.12/site-packages/airflow/example_dags/example_latest_only.py for tasks to queue
[2025-11-14T21:17:14.854+0000] {logging_mixin.py:190} INFO - [2025-11-14T21:17:14.853+0000] {dagbag.py:588} INFO - Filling up the DagBag from /home/airflow/.local/lib/python3.12/site-packages/airflow/example_dags/example_latest_only.py
[2025-11-14T21:17:14.863+0000] {processor.py:925} INFO - DAG(s) 'latest_only' retrieved from /home/airflow/.local/lib/python3.12/site-packages/airflow/example_dags/example_latest_only.py
[2025-11-14T21:17:14.886+0000] {logging_mixin.py:190} INFO - [2025-11-14T21:17:14.886+0000] {dag.py:3239} INFO - Sync 1 DAGs
[2025-11-14T21:17:14.912+0000] {logging_mixin.py:190} INFO - [2025-11-14T21:17:14.912+0000] {dag.py:4180} INFO - Setting next_dagrun for latest_only to 2025-11-14 16:00:00+00:00, run_after=2025-11-14 20:00:00+00:00
[2025-11-14T21:17:14.931+0000] {processor.py:208} INFO - Processing /home/airflow/.local/lib/python3.12/site-packages/airflow/example_dags/example_latest_only.py took 0.090 seconds
[2025-11-14T21:17:45.298+0000] {processor.py:186} INFO - Started process (PID=309) to work on /home/airflow/.local/lib/python3.12/site-packages/airflow/example_dags/example_latest_only.py
[2025-11-14T21:17:45.300+0000] {processor.py:914} INFO - Processing file /home/airflow/.local/lib/python3.12/site-packages/airflow/example_dags/example_latest_only.py for tasks to queue
[2025-11-14T21:17:45.303+0000] {logging_mixin.py:190} INFO - [2025-11-14T21:17:45.303+0000] {dagbag.py:588} INFO - Filling up the DagBag from /home/airflow/.local/lib/python3.12/site-packages/airflow/example_dags/example_latest_only.py
[2025-11-14T21:17:45.319+0000] {processor.py:925} INFO - DAG(s) 'latest_only' retrieved from /home/airflow/.local/lib/python3.12/site-packages/airflow/example_dags/example_latest_only.py
[2025-11-14T21:17:45.343+0000] {logging_mixin.py:190} INFO - [2025-11-14T21:17:45.343+0000] {dag.py:3239} INFO - Sync 1 DAGs
[2025-11-14T21:17:45.369+0000] {logging_mixin.py:190} INFO - [2025-11-14T21:17:45.369+0000] {dag.py:4180} INFO - Setting next_dagrun for latest_only to 2025-11-14 16:00:00+00:00, run_after=2025-11-14 20:00:00+00:00
[2025-11-14T21:17:45.394+0000] {processor.py:208} INFO - Processing /home/airflow/.local/lib/python3.12/site-packages/airflow/example_dags/example_latest_only.py took 0.102 seconds
[2025-11-14T21:18:15.474+0000] {processor.py:186} INFO - Started process (PID=372) to work on /home/airflow/.local/lib/python3.12/site-packages/airflow/example_dags/example_latest_only.py
[2025-11-14T21:18:15.476+0000] {processor.py:914} INFO - Processing file /home/airflow/.local/lib/python3.12/site-packages/airflow/example_dags/example_latest_only.py for tasks to queue
[2025-11-14T21:18:15.480+0000] {logging_mixin.py:190} INFO - [2025-11-14T21:18:15.480+0000] {dagbag.py:588} INFO - Filling up the DagBag from /home/airflow/.local/lib/python3.12/site-packages/airflow/example_dags/example_latest_only.py
[2025-11-14T21:18:15.489+0000] {processor.py:925} INFO - DAG(s) 'latest_only' retrieved from /home/airflow/.local/lib/python3.12/site-packages/airflow/example_dags/example_latest_only.py
[2025-11-14T21:18:15.511+0000] {logging_mixin.py:190} INFO - [2025-11-14T21:18:15.511+0000] {dag.py:3239} INFO - Sync 1 DAGs
[2025-11-14T21:18:15.541+0000] {logging_mixin.py:190} INFO - [2025-11-14T21:18:15.541+0000] {dag.py:4180} INFO - Setting next_dagrun for latest_only to 2025-11-14 16:00:00+00:00, run_after=2025-11-14 20:00:00+00:00
[2025-11-14T21:18:15.561+0000] {processor.py:208} INFO - Processing /home/airflow/.local/lib/python3.12/site-packages/airflow/example_dags/example_latest_only.py took 0.094 seconds
[2025-11-14T21:18:46.889+0000] {processor.py:186} INFO - Started process (PID=437) to work on /home/airflow/.local/lib/python3.12/site-packages/airflow/example_dags/example_latest_only.py
[2025-11-14T21:18:46.891+0000] {processor.py:914} INFO - Processing file /home/airflow/.local/lib/python3.12/site-packages/airflow/example_dags/example_latest_only.py for tasks to queue
[2025-11-14T21:18:46.895+0000] {logging_mixin.py:190} INFO - [2025-11-14T21:18:46.894+0000] {dagbag.py:588} INFO - Filling up the DagBag from /home/airflow/.local/lib/python3.12/site-packages/airflow/example_dags/example_latest_only.py
[2025-11-14T21:18:46.904+0000] {processor.py:925} INFO - DAG(s) 'latest_only' retrieved from /home/airflow/.local/lib/python3.12/site-packages/airflow/example_dags/example_latest_only.py
[2025-11-14T21:18:46.933+0000] {logging_mixin.py:190} INFO - [2025-11-14T21:18:46.933+0000] {dag.py:3239} INFO - Sync 1 DAGs
[2025-11-14T21:18:46.963+0000] {logging_mixin.py:190} INFO - [2025-11-14T21:18:46.962+0000] {dag.py:4180} INFO - Setting next_dagrun for latest_only to 2025-11-14 16:00:00+00:00, run_after=2025-11-14 20:00:00+00:00
[2025-11-14T21:18:46.987+0000] {processor.py:208} INFO - Processing /home/airflow/.local/lib/python3.12/site-packages/airflow/example_dags/example_latest_only.py took 0.107 seconds
[2025-11-14T21:19:18.406+0000] {processor.py:186} INFO - Started process (PID=502) to work on /home/airflow/.local/lib/python3.12/site-packages/airflow/example_dags/example_latest_only.py
[2025-11-14T21:19:18.410+0000] {processor.py:914} INFO - Processing file /home/airflow/.local/lib/python3.12/site-packages/airflow/example_dags/example_latest_only.py for tasks to queue
[2025-11-14T21:19:18.415+0000] {logging_mixin.py:190} INFO - [2025-11-14T21:19:18.414+0000] {dagbag.py:588} INFO - Filling up the DagBag from /home/airflow/.local/lib/python3.12/site-packages/airflow/example_dags/example_latest_only.py
[2025-11-14T21:19:18.429+0000] {processor.py:925} INFO - DAG(s) 'latest_only' retrieved from /home/airflow/.local/lib/python3.12/site-packages/airflow/example_dags/example_latest_only.py
[2025-11-14T21:19:18.472+0000] {logging_mixin.py:190} INFO - [2025-11-14T21:19:18.471+0000] {dag.py:3239} INFO - Sync 1 DAGs
[2025-11-14T21:19:18.516+0000] {logging_mixin.py:190} INFO - [2025-11-14T21:19:18.516+0000] {dag.py:4180} INFO - Setting next_dagrun for latest_only to 2025-11-14 16:00:00+00:00, run_after=2025-11-14 20:00:00+00:00
[2025-11-14T21:19:18.547+0000] {processor.py:208} INFO - Processing /home/airflow/.local/lib/python3.12/site-packages/airflow/example_dags/example_latest_only.py took 0.162 seconds
[2025-11-14T21:19:50.486+0000] {processor.py:186} INFO - Started process (PID=567) to work on /home/airflow/.local/lib/python3.12/site-packages/airflow/example_dags/example_latest_only.py
[2025-11-14T21:19:50.493+0000] {processor.py:914} INFO - Processing file /home/airflow/.local/lib/python3.12/site-packages/airflow/example_dags/example_latest_only.py for tasks to queue
[2025-11-14T21:19:50.507+0000] {logging_mixin.py:190} INFO - [2025-11-14T21:19:50.505+0000] {dagbag.py:588} INFO - Filling up the DagBag from /home/airflow/.local/lib/python3.12/site-packages/airflow/example_dags/example_latest_only.py
[2025-11-14T21:19:50.564+0000] {processor.py:925} INFO - DAG(s) 'latest_only' retrieved from /home/airflow/.local/lib/python3.12/site-packages/airflow/example_dags/example_latest_only.py
[2025-11-14T21:19:50.649+0000] {logging_mixin.py:190} INFO - [2025-11-14T21:19:50.648+0000] {dag.py:3239} INFO - Sync 1 DAGs
[2025-11-14T21:19:50.770+0000] {logging_mixin.py:190} INFO - [2025-11-14T21:19:50.769+0000] {dag.py:4180} INFO - Setting next_dagrun for latest_only to 2025-11-14 16:00:00+00:00, run_after=2025-11-14 20:00:00+00:00
[2025-11-14T21:19:50.866+0000] {processor.py:208} INFO - Processing /home/airflow/.local/lib/python3.12/site-packages/airflow/example_dags/example_latest_only.py took 0.421 seconds
[2025-11-14T21:20:43.787+0000] {processor.py:186} INFO - Started process (PID=647) to work on /home/airflow/.local/lib/python3.12/site-packages/airflow/example_dags/example_latest_only.py
[2025-11-14T21:20:43.909+0000] {processor.py:914} INFO - Processing file /home/airflow/.local/lib/python3.12/site-packages/airflow/example_dags/example_latest_only.py for tasks to queue
[2025-11-14T21:20:43.965+0000] {logging_mixin.py:190} INFO - [2025-11-14T21:20:43.963+0000] {dagbag.py:588} INFO - Filling up the DagBag from /home/airflow/.local/lib/python3.12/site-packages/airflow/example_dags/example_latest_only.py
[2025-11-14T21:20:44.345+0000] {processor.py:925} INFO - DAG(s) 'latest_only' retrieved from /home/airflow/.local/lib/python3.12/site-packages/airflow/example_dags/example_latest_only.py
[2025-11-14T21:20:45.961+0000] {logging_mixin.py:190} INFO - [2025-11-14T21:20:45.959+0000] {dag.py:3239} INFO - Sync 1 DAGs
[2025-11-14T21:20:48.210+0000] {logging_mixin.py:190} INFO - [2025-11-14T21:20:48.208+0000] {dag.py:4180} INFO - Setting next_dagrun for latest_only to 2025-11-14 16:00:00+00:00, run_after=2025-11-14 20:00:00+00:00
[2025-11-14T21:20:49.589+0000] {processor.py:208} INFO - Processing /home/airflow/.local/lib/python3.12/site-packages/airflow/example_dags/example_latest_only.py took 6.654 seconds
[2025-11-14T21:21:39.696+0000] {processor.py:186} INFO - Started process (PID=718) to work on /home/airflow/.local/lib/python3.12/site-packages/airflow/example_dags/example_latest_only.py
[2025-11-14T21:21:39.703+0000] {processor.py:914} INFO - Processing file /home/airflow/.local/lib/python3.12/site-packages/airflow/example_dags/example_latest_only.py for tasks to queue
[2025-11-14T21:21:39.718+0000] {logging_mixin.py:190} INFO - [2025-11-14T21:21:39.716+0000] {dagbag.py:588} INFO - Filling up the DagBag from /home/airflow/.local/lib/python3.12/site-packages/airflow/example_dags/example_latest_only.py
[2025-11-14T21:21:39.760+0000] {processor.py:925} INFO - DAG(s) 'latest_only' retrieved from /home/airflow/.local/lib/python3.12/site-packages/airflow/example_dags/example_latest_only.py
[2025-11-14T21:21:39.890+0000] {logging_mixin.py:190} INFO - [2025-11-14T21:21:39.889+0000] {dag.py:3239} INFO - Sync 1 DAGs
[2025-11-14T21:21:40.029+0000] {logging_mixin.py:190} INFO - [2025-11-14T21:21:40.027+0000] {dag.py:4180} INFO - Setting next_dagrun for latest_only to 2025-11-14 16:00:00+00:00, run_after=2025-11-14 20:00:00+00:00
[2025-11-14T21:21:40.122+0000] {processor.py:208} INFO - Processing /home/airflow/.local/lib/python3.12/site-packages/airflow/example_dags/example_latest_only.py took 0.460 seconds
[2025-11-14T21:22:11.829+0000] {processor.py:186} INFO - Started process (PID=780) to work on /home/airflow/.local/lib/python3.12/site-packages/airflow/example_dags/example_latest_only.py
[2025-11-14T21:22:11.847+0000] {processor.py:914} INFO - Processing file /home/airflow/.local/lib/python3.12/site-packages/airflow/example_dags/example_latest_only.py for tasks to queue
[2025-11-14T21:22:11.864+0000] {logging_mixin.py:190} INFO - [2025-11-14T21:22:11.863+0000] {dagbag.py:588} INFO - Filling up the DagBag from /home/airflow/.local/lib/python3.12/site-packages/airflow/example_dags/example_latest_only.py
[2025-11-14T21:22:11.901+0000] {processor.py:925} INFO - DAG(s) 'latest_only' retrieved from /home/airflow/.local/lib/python3.12/site-packages/airflow/example_dags/example_latest_only.py
[2025-11-14T21:22:12.006+0000] {logging_mixin.py:190} INFO - [2025-11-14T21:22:12.005+0000] {dag.py:3239} INFO - Sync 1 DAGs
[2025-11-14T21:22:12.121+0000] {logging_mixin.py:190} INFO - [2025-11-14T21:22:12.120+0000] {dag.py:4180} INFO - Setting next_dagrun for latest_only to 2025-11-14 16:00:00+00:00, run_after=2025-11-14 20:00:00+00:00
[2025-11-14T21:22:12.195+0000] {processor.py:208} INFO - Processing /home/airflow/.local/lib/python3.12/site-packages/airflow/example_dags/example_latest_only.py took 0.407 seconds
[2025-11-14T21:22:43.141+0000] {processor.py:186} INFO - Started process (PID=843) to work on /home/airflow/.local/lib/python3.12/site-packages/airflow/example_dags/example_latest_only.py
[2025-11-14T21:22:43.146+0000] {processor.py:914} INFO - Processing file /home/airflow/.local/lib/python3.12/site-packages/airflow/example_dags/example_latest_only.py for tasks to queue
[2025-11-14T21:22:43.156+0000] {logging_mixin.py:190} INFO - [2025-11-14T21:22:43.155+0000] {dagbag.py:588} INFO - Filling up the DagBag from /home/airflow/.local/lib/python3.12/site-packages/airflow/example_dags/example_latest_only.py
[2025-11-14T21:22:43.187+0000] {processor.py:925} INFO - DAG(s) 'latest_only' retrieved from /home/airflow/.local/lib/python3.12/site-packages/airflow/example_dags/example_latest_only.py
[2025-11-14T21:22:43.266+0000] {logging_mixin.py:190} INFO - [2025-11-14T21:22:43.265+0000] {dag.py:3239} INFO - Sync 1 DAGs
[2025-11-14T21:22:43.354+0000] {logging_mixin.py:190} INFO - [2025-11-14T21:22:43.353+0000] {dag.py:4180} INFO - Setting next_dagrun for latest_only to 2025-11-14 16:00:00+00:00, run_after=2025-11-14 20:00:00+00:00
[2025-11-14T21:22:43.417+0000] {processor.py:208} INFO - Processing /home/airflow/.local/lib/python3.12/site-packages/airflow/example_dags/example_latest_only.py took 0.303 seconds
[2025-11-14T21:23:14.434+0000] {processor.py:186} INFO - Started process (PID=907) to work on /home/airflow/.local/lib/python3.12/site-packages/airflow/example_dags/example_latest_only.py
[2025-11-14T21:23:14.439+0000] {processor.py:914} INFO - Processing file /home/airflow/.local/lib/python3.12/site-packages/airflow/example_dags/example_latest_only.py for tasks to queue
[2025-11-14T21:23:14.446+0000] {logging_mixin.py:190} INFO - [2025-11-14T21:23:14.445+0000] {dagbag.py:588} INFO - Filling up the DagBag from /home/airflow/.local/lib/python3.12/site-packages/airflow/example_dags/example_latest_only.py
[2025-11-14T21:23:14.468+0000] {processor.py:925} INFO - DAG(s) 'latest_only' retrieved from /home/airflow/.local/lib/python3.12/site-packages/airflow/example_dags/example_latest_only.py
[2025-11-14T21:23:14.526+0000] {logging_mixin.py:190} INFO - [2025-11-14T21:23:14.526+0000] {dag.py:3239} INFO - Sync 1 DAGs
[2025-11-14T21:23:14.600+0000] {logging_mixin.py:190} INFO - [2025-11-14T21:23:14.600+0000] {dag.py:4180} INFO - Setting next_dagrun for latest_only to 2025-11-14 16:00:00+00:00, run_after=2025-11-14 20:00:00+00:00
[2025-11-14T21:23:14.656+0000] {processor.py:208} INFO - Processing /home/airflow/.local/lib/python3.12/site-packages/airflow/example_dags/example_latest_only.py took 0.243 seconds
[2025-11-14T21:23:45.134+0000] {processor.py:186} INFO - Started process (PID=971) to work on /home/airflow/.local/lib/python3.12/site-packages/airflow/example_dags/example_latest_only.py
[2025-11-14T21:23:45.138+0000] {processor.py:914} INFO - Processing file /home/airflow/.local/lib/python3.12/site-packages/airflow/example_dags/example_latest_only.py for tasks to queue
[2025-11-14T21:23:45.146+0000] {logging_mixin.py:190} INFO - [2025-11-14T21:23:45.145+0000] {dagbag.py:588} INFO - Filling up the DagBag from /home/airflow/.local/lib/python3.12/site-packages/airflow/example_dags/example_latest_only.py
[2025-11-14T21:23:45.168+0000] {processor.py:925} INFO - DAG(s) 'latest_only' retrieved from /home/airflow/.local/lib/python3.12/site-packages/airflow/example_dags/example_latest_only.py
[2025-11-14T21:23:45.236+0000] {logging_mixin.py:190} INFO - [2025-11-14T21:23:45.236+0000] {dag.py:3239} INFO - Sync 1 DAGs
[2025-11-14T21:23:45.306+0000] {logging_mixin.py:190} INFO - [2025-11-14T21:23:45.305+0000] {dag.py:4180} INFO - Setting next_dagrun for latest_only to 2025-11-14 16:00:00+00:00, run_after=2025-11-14 20:00:00+00:00
[2025-11-14T21:23:45.385+0000] {processor.py:208} INFO - Processing /home/airflow/.local/lib/python3.12/site-packages/airflow/example_dags/example_latest_only.py took 0.270 seconds
[2025-11-14T21:24:17.730+0000] {processor.py:186} INFO - Started process (PID=1031) to work on /home/airflow/.local/lib/python3.12/site-packages/airflow/example_dags/example_latest_only.py
[2025-11-14T21:24:17.735+0000] {processor.py:914} INFO - Processing file /home/airflow/.local/lib/python3.12/site-packages/airflow/example_dags/example_latest_only.py for tasks to queue
[2025-11-14T21:24:17.747+0000] {logging_mixin.py:190} INFO - [2025-11-14T21:24:17.746+0000] {dagbag.py:588} INFO - Filling up the DagBag from /home/airflow/.local/lib/python3.12/site-packages/airflow/example_dags/example_latest_only.py
[2025-11-14T21:24:17.772+0000] {processor.py:925} INFO - DAG(s) 'latest_only' retrieved from /home/airflow/.local/lib/python3.12/site-packages/airflow/example_dags/example_latest_only.py
[2025-11-14T21:24:17.874+0000] {logging_mixin.py:190} INFO - [2025-11-14T21:24:17.874+0000] {dag.py:3239} INFO - Sync 1 DAGs
[2025-11-14T21:24:18.004+0000] {logging_mixin.py:190} INFO - [2025-11-14T21:24:18.003+0000] {dag.py:4180} INFO - Setting next_dagrun for latest_only to 2025-11-14 16:00:00+00:00, run_after=2025-11-14 20:00:00+00:00
[2025-11-14T21:24:18.099+0000] {processor.py:208} INFO - Processing /home/airflow/.local/lib/python3.12/site-packages/airflow/example_dags/example_latest_only.py took 0.392 seconds
[2025-11-14T21:24:48.557+0000] {processor.py:186} INFO - Started process (PID=1092) to work on /home/airflow/.local/lib/python3.12/site-packages/airflow/example_dags/example_latest_only.py
[2025-11-14T21:24:48.562+0000] {processor.py:914} INFO - Processing file /home/airflow/.local/lib/python3.12/site-packages/airflow/example_dags/example_latest_only.py for tasks to queue
[2025-11-14T21:24:48.571+0000] {logging_mixin.py:190} INFO - [2025-11-14T21:24:48.569+0000] {dagbag.py:588} INFO - Filling up the DagBag from /home/airflow/.local/lib/python3.12/site-packages/airflow/example_dags/example_latest_only.py
[2025-11-14T21:24:48.601+0000] {processor.py:925} INFO - DAG(s) 'latest_only' retrieved from /home/airflow/.local/lib/python3.12/site-packages/airflow/example_dags/example_latest_only.py
[2025-11-14T21:24:48.683+0000] {logging_mixin.py:190} INFO - [2025-11-14T21:24:48.682+0000] {dag.py:3239} INFO - Sync 1 DAGs
[2025-11-14T21:24:48.758+0000] {logging_mixin.py:190} INFO - [2025-11-14T21:24:48.757+0000] {dag.py:4180} INFO - Setting next_dagrun for latest_only to 2025-11-14 16:00:00+00:00, run_after=2025-11-14 20:00:00+00:00
[2025-11-14T21:24:48.813+0000] {processor.py:208} INFO - Processing /home/airflow/.local/lib/python3.12/site-packages/airflow/example_dags/example_latest_only.py took 0.282 seconds
[2025-11-14T21:25:18.902+0000] {processor.py:186} INFO - Started process (PID=1154) to work on /home/airflow/.local/lib/python3.12/site-packages/airflow/example_dags/example_latest_only.py
[2025-11-14T21:25:18.907+0000] {processor.py:914} INFO - Processing file /home/airflow/.local/lib/python3.12/site-packages/airflow/example_dags/example_latest_only.py for tasks to queue
[2025-11-14T21:25:18.915+0000] {logging_mixin.py:190} INFO - [2025-11-14T21:25:18.914+0000] {dagbag.py:588} INFO - Filling up the DagBag from /home/airflow/.local/lib/python3.12/site-packages/airflow/example_dags/example_latest_only.py
[2025-11-14T21:25:18.939+0000] {processor.py:925} INFO - DAG(s) 'latest_only' retrieved from /home/airflow/.local/lib/python3.12/site-packages/airflow/example_dags/example_latest_only.py
[2025-11-14T21:25:19.006+0000] {logging_mixin.py:190} INFO - [2025-11-14T21:25:19.005+0000] {dag.py:3239} INFO - Sync 1 DAGs
[2025-11-14T21:25:19.075+0000] {logging_mixin.py:190} INFO - [2025-11-14T21:25:19.074+0000] {dag.py:4180} INFO - Setting next_dagrun for latest_only to 2025-11-14 16:00:00+00:00, run_after=2025-11-14 20:00:00+00:00
[2025-11-14T21:25:19.144+0000] {processor.py:208} INFO - Processing /home/airflow/.local/lib/python3.12/site-packages/airflow/example_dags/example_latest_only.py took 0.261 seconds
[2025-11-14T21:25:49.484+0000] {processor.py:186} INFO - Started process (PID=1218) to work on /home/airflow/.local/lib/python3.12/site-packages/airflow/example_dags/example_latest_only.py
[2025-11-14T21:25:49.487+0000] {processor.py:914} INFO - Processing file /home/airflow/.local/lib/python3.12/site-packages/airflow/example_dags/example_latest_only.py for tasks to queue
[2025-11-14T21:25:49.492+0000] {logging_mixin.py:190} INFO - [2025-11-14T21:25:49.492+0000] {dagbag.py:588} INFO - Filling up the DagBag from /home/airflow/.local/lib/python3.12/site-packages/airflow/example_dags/example_latest_only.py
[2025-11-14T21:25:49.509+0000] {processor.py:925} INFO - DAG(s) 'latest_only' retrieved from /home/airflow/.local/lib/python3.12/site-packages/airflow/example_dags/example_latest_only.py
[2025-11-14T21:25:49.557+0000] {logging_mixin.py:190} INFO - [2025-11-14T21:25:49.557+0000] {dag.py:3239} INFO - Sync 1 DAGs
[2025-11-14T21:25:49.609+0000] {logging_mixin.py:190} INFO - [2025-11-14T21:25:49.608+0000] {dag.py:4180} INFO - Setting next_dagrun for latest_only to 2025-11-14 16:00:00+00:00, run_after=2025-11-14 20:00:00+00:00
[2025-11-14T21:25:49.642+0000] {processor.py:208} INFO - Processing /home/airflow/.local/lib/python3.12/site-packages/airflow/example_dags/example_latest_only.py took 0.174 seconds
[2025-11-14T21:26:20.020+0000] {processor.py:186} INFO - Started process (PID=1282) to work on /home/airflow/.local/lib/python3.12/site-packages/airflow/example_dags/example_latest_only.py
[2025-11-14T21:26:20.023+0000] {processor.py:914} INFO - Processing file /home/airflow/.local/lib/python3.12/site-packages/airflow/example_dags/example_latest_only.py for tasks to queue
[2025-11-14T21:26:20.029+0000] {logging_mixin.py:190} INFO - [2025-11-14T21:26:20.028+0000] {dagbag.py:588} INFO - Filling up the DagBag from /home/airflow/.local/lib/python3.12/site-packages/airflow/example_dags/example_latest_only.py
[2025-11-14T21:26:20.044+0000] {processor.py:925} INFO - DAG(s) 'latest_only' retrieved from /home/airflow/.local/lib/python3.12/site-packages/airflow/example_dags/example_latest_only.py
[2025-11-14T21:26:20.083+0000] {logging_mixin.py:190} INFO - [2025-11-14T21:26:20.082+0000] {dag.py:3239} INFO - Sync 1 DAGs
[2025-11-14T21:26:20.127+0000] {logging_mixin.py:190} INFO - [2025-11-14T21:26:20.127+0000] {dag.py:4180} INFO - Setting next_dagrun for latest_only to 2025-11-14 16:00:00+00:00, run_after=2025-11-14 20:00:00+00:00
[2025-11-14T21:26:20.160+0000] {processor.py:208} INFO - Processing /home/airflow/.local/lib/python3.12/site-packages/airflow/example_dags/example_latest_only.py took 0.154 seconds
[2025-11-14T21:26:50.232+0000] {processor.py:186} INFO - Started process (PID=1346) to work on /home/airflow/.local/lib/python3.12/site-packages/airflow/example_dags/example_latest_only.py
[2025-11-14T21:26:50.236+0000] {processor.py:914} INFO - Processing file /home/airflow/.local/lib/python3.12/site-packages/airflow/example_dags/example_latest_only.py for tasks to queue
[2025-11-14T21:26:50.241+0000] {logging_mixin.py:190} INFO - [2025-11-14T21:26:50.241+0000] {dagbag.py:588} INFO - Filling up the DagBag from /home/airflow/.local/lib/python3.12/site-packages/airflow/example_dags/example_latest_only.py
[2025-11-14T21:26:50.255+0000] {processor.py:925} INFO - DAG(s) 'latest_only' retrieved from /home/airflow/.local/lib/python3.12/site-packages/airflow/example_dags/example_latest_only.py
[2025-11-14T21:26:50.293+0000] {logging_mixin.py:190} INFO - [2025-11-14T21:26:50.293+0000] {dag.py:3239} INFO - Sync 1 DAGs
[2025-11-14T21:26:50.336+0000] {logging_mixin.py:190} INFO - [2025-11-14T21:26:50.336+0000] {dag.py:4180} INFO - Setting next_dagrun for latest_only to 2025-11-14 16:00:00+00:00, run_after=2025-11-14 20:00:00+00:00
[2025-11-14T21:26:50.368+0000] {processor.py:208} INFO - Processing /home/airflow/.local/lib/python3.12/site-packages/airflow/example_dags/example_latest_only.py took 0.148 seconds
[2025-11-14T21:27:20.936+0000] {processor.py:186} INFO - Started process (PID=1409) to work on /home/airflow/.local/lib/python3.12/site-packages/airflow/example_dags/example_latest_only.py
[2025-11-14T21:27:20.940+0000] {processor.py:914} INFO - Processing file /home/airflow/.local/lib/python3.12/site-packages/airflow/example_dags/example_latest_only.py for tasks to queue
[2025-11-14T21:27:20.946+0000] {logging_mixin.py:190} INFO - [2025-11-14T21:27:20.945+0000] {dagbag.py:588} INFO - Filling up the DagBag from /home/airflow/.local/lib/python3.12/site-packages/airflow/example_dags/example_latest_only.py
[2025-11-14T21:27:20.964+0000] {processor.py:925} INFO - DAG(s) 'latest_only' retrieved from /home/airflow/.local/lib/python3.12/site-packages/airflow/example_dags/example_latest_only.py
[2025-11-14T21:27:21.010+0000] {logging_mixin.py:190} INFO - [2025-11-14T21:27:21.009+0000] {dag.py:3239} INFO - Sync 1 DAGs
[2025-11-14T21:27:21.061+0000] {logging_mixin.py:190} INFO - [2025-11-14T21:27:21.061+0000] {dag.py:4180} INFO - Setting next_dagrun for latest_only to 2025-11-14 16:00:00+00:00, run_after=2025-11-14 20:00:00+00:00
[2025-11-14T21:27:21.095+0000] {processor.py:208} INFO - Processing /home/airflow/.local/lib/python3.12/site-packages/airflow/example_dags/example_latest_only.py took 0.177 seconds
[2025-11-14T21:27:51.188+0000] {processor.py:186} INFO - Started process (PID=1471) to work on /home/airflow/.local/lib/python3.12/site-packages/airflow/example_dags/example_latest_only.py
[2025-11-14T21:27:51.191+0000] {processor.py:914} INFO - Processing file /home/airflow/.local/lib/python3.12/site-packages/airflow/example_dags/example_latest_only.py for tasks to queue
[2025-11-14T21:27:51.197+0000] {logging_mixin.py:190} INFO - [2025-11-14T21:27:51.196+0000] {dagbag.py:588} INFO - Filling up the DagBag from /home/airflow/.local/lib/python3.12/site-packages/airflow/example_dags/example_latest_only.py
[2025-11-14T21:27:51.215+0000] {processor.py:925} INFO - DAG(s) 'latest_only' retrieved from /home/airflow/.local/lib/python3.12/site-packages/airflow/example_dags/example_latest_only.py
[2025-11-14T21:27:51.263+0000] {logging_mixin.py:190} INFO - [2025-11-14T21:27:51.263+0000] {dag.py:3239} INFO - Sync 1 DAGs
[2025-11-14T21:27:51.318+0000] {logging_mixin.py:190} INFO - [2025-11-14T21:27:51.318+0000] {dag.py:4180} INFO - Setting next_dagrun for latest_only to 2025-11-14 16:00:00+00:00, run_after=2025-11-14 20:00:00+00:00
[2025-11-14T21:27:51.360+0000] {processor.py:208} INFO - Processing /home/airflow/.local/lib/python3.12/site-packages/airflow/example_dags/example_latest_only.py took 0.186 seconds
