[2025-11-14T21:15:51.668+0000] {processor.py:186} INFO - Started process (PID=85) to work on /home/airflow/.local/lib/python3.12/site-packages/airflow/example_dags/example_trigger_target_dag.py
[2025-11-14T21:15:51.671+0000] {processor.py:914} INFO - Processing file /home/airflow/.local/lib/python3.12/site-packages/airflow/example_dags/example_trigger_target_dag.py for tasks to queue
[2025-11-14T21:15:51.677+0000] {logging_mixin.py:190} INFO - [2025-11-14T21:15:51.676+0000] {dagbag.py:588} INFO - Filling up the DagBag from /home/airflow/.local/lib/python3.12/site-packages/airflow/example_dags/example_trigger_target_dag.py
[2025-11-14T21:15:51.697+0000] {processor.py:925} INFO - DAG(s) 'example_trigger_target_dag' retrieved from /home/airflow/.local/lib/python3.12/site-packages/airflow/example_dags/example_trigger_target_dag.py
[2025-11-14T21:15:51.945+0000] {logging_mixin.py:190} INFO - [2025-11-14T21:15:51.944+0000] {override.py:1900} INFO - Created Permission View: can edit on DAG:example_trigger_target_dag
[2025-11-14T21:15:51.964+0000] {logging_mixin.py:190} INFO - [2025-11-14T21:15:51.964+0000] {override.py:1900} INFO - Created Permission View: can delete on DAG:example_trigger_target_dag
[2025-11-14T21:15:51.977+0000] {logging_mixin.py:190} INFO - [2025-11-14T21:15:51.976+0000] {override.py:1900} INFO - Created Permission View: can read on DAG:example_trigger_target_dag
[2025-11-14T21:15:51.989+0000] {logging_mixin.py:190} INFO - [2025-11-14T21:15:51.989+0000] {override.py:1900} INFO - Created Permission View: menu access on DAG Run:example_trigger_target_dag
[2025-11-14T21:15:52.001+0000] {logging_mixin.py:190} INFO - [2025-11-14T21:15:52.000+0000] {override.py:1900} INFO - Created Permission View: can create on DAG Run:example_trigger_target_dag
[2025-11-14T21:15:52.012+0000] {logging_mixin.py:190} INFO - [2025-11-14T21:15:52.012+0000] {override.py:1900} INFO - Created Permission View: can delete on DAG Run:example_trigger_target_dag
[2025-11-14T21:15:52.025+0000] {logging_mixin.py:190} INFO - [2025-11-14T21:15:52.024+0000] {override.py:1900} INFO - Created Permission View: can read on DAG Run:example_trigger_target_dag
[2025-11-14T21:15:52.027+0000] {logging_mixin.py:190} INFO - [2025-11-14T21:15:52.026+0000] {dag.py:3239} INFO - Sync 1 DAGs
[2025-11-14T21:15:52.051+0000] {logging_mixin.py:190} INFO - [2025-11-14T21:15:52.051+0000] {dag.py:3262} INFO - Creating ORM DAG for example_trigger_target_dag
[2025-11-14T21:15:52.054+0000] {logging_mixin.py:190} INFO - [2025-11-14T21:15:52.053+0000] {dag.py:4180} INFO - Setting next_dagrun for example_trigger_target_dag to None, run_after=None
[2025-11-14T21:15:52.082+0000] {processor.py:208} INFO - Processing /home/airflow/.local/lib/python3.12/site-packages/airflow/example_dags/example_trigger_target_dag.py took 0.440 seconds
[2025-11-14T21:16:22.346+0000] {processor.py:186} INFO - Started process (PID=149) to work on /home/airflow/.local/lib/python3.12/site-packages/airflow/example_dags/example_trigger_target_dag.py
[2025-11-14T21:16:22.348+0000] {processor.py:914} INFO - Processing file /home/airflow/.local/lib/python3.12/site-packages/airflow/example_dags/example_trigger_target_dag.py for tasks to queue
[2025-11-14T21:16:22.353+0000] {logging_mixin.py:190} INFO - [2025-11-14T21:16:22.352+0000] {dagbag.py:588} INFO - Filling up the DagBag from /home/airflow/.local/lib/python3.12/site-packages/airflow/example_dags/example_trigger_target_dag.py
[2025-11-14T21:16:22.365+0000] {processor.py:925} INFO - DAG(s) 'example_trigger_target_dag' retrieved from /home/airflow/.local/lib/python3.12/site-packages/airflow/example_dags/example_trigger_target_dag.py
[2025-11-14T21:16:22.395+0000] {logging_mixin.py:190} INFO - [2025-11-14T21:16:22.394+0000] {dag.py:3239} INFO - Sync 1 DAGs
[2025-11-14T21:16:22.419+0000] {logging_mixin.py:190} INFO - [2025-11-14T21:16:22.419+0000] {dag.py:4180} INFO - Setting next_dagrun for example_trigger_target_dag to None, run_after=None
[2025-11-14T21:16:22.447+0000] {processor.py:208} INFO - Processing /home/airflow/.local/lib/python3.12/site-packages/airflow/example_dags/example_trigger_target_dag.py took 0.111 seconds
[2025-11-14T21:16:52.875+0000] {processor.py:186} INFO - Started process (PID=212) to work on /home/airflow/.local/lib/python3.12/site-packages/airflow/example_dags/example_trigger_target_dag.py
[2025-11-14T21:16:52.877+0000] {processor.py:914} INFO - Processing file /home/airflow/.local/lib/python3.12/site-packages/airflow/example_dags/example_trigger_target_dag.py for tasks to queue
[2025-11-14T21:16:52.879+0000] {logging_mixin.py:190} INFO - [2025-11-14T21:16:52.879+0000] {dagbag.py:588} INFO - Filling up the DagBag from /home/airflow/.local/lib/python3.12/site-packages/airflow/example_dags/example_trigger_target_dag.py
[2025-11-14T21:16:52.889+0000] {processor.py:925} INFO - DAG(s) 'example_trigger_target_dag' retrieved from /home/airflow/.local/lib/python3.12/site-packages/airflow/example_dags/example_trigger_target_dag.py
[2025-11-14T21:16:52.909+0000] {logging_mixin.py:190} INFO - [2025-11-14T21:16:52.909+0000] {dag.py:3239} INFO - Sync 1 DAGs
[2025-11-14T21:16:52.925+0000] {logging_mixin.py:190} INFO - [2025-11-14T21:16:52.925+0000] {dag.py:4180} INFO - Setting next_dagrun for example_trigger_target_dag to None, run_after=None
[2025-11-14T21:16:52.945+0000] {processor.py:208} INFO - Processing /home/airflow/.local/lib/python3.12/site-packages/airflow/example_dags/example_trigger_target_dag.py took 0.081 seconds
[2025-11-14T21:17:23.267+0000] {processor.py:186} INFO - Started process (PID=275) to work on /home/airflow/.local/lib/python3.12/site-packages/airflow/example_dags/example_trigger_target_dag.py
[2025-11-14T21:17:23.268+0000] {processor.py:914} INFO - Processing file /home/airflow/.local/lib/python3.12/site-packages/airflow/example_dags/example_trigger_target_dag.py for tasks to queue
[2025-11-14T21:17:23.271+0000] {logging_mixin.py:190} INFO - [2025-11-14T21:17:23.271+0000] {dagbag.py:588} INFO - Filling up the DagBag from /home/airflow/.local/lib/python3.12/site-packages/airflow/example_dags/example_trigger_target_dag.py
[2025-11-14T21:17:23.280+0000] {processor.py:925} INFO - DAG(s) 'example_trigger_target_dag' retrieved from /home/airflow/.local/lib/python3.12/site-packages/airflow/example_dags/example_trigger_target_dag.py
[2025-11-14T21:17:23.302+0000] {logging_mixin.py:190} INFO - [2025-11-14T21:17:23.302+0000] {dag.py:3239} INFO - Sync 1 DAGs
[2025-11-14T21:17:23.318+0000] {logging_mixin.py:190} INFO - [2025-11-14T21:17:23.318+0000] {dag.py:4180} INFO - Setting next_dagrun for example_trigger_target_dag to None, run_after=None
[2025-11-14T21:17:23.335+0000] {processor.py:208} INFO - Processing /home/airflow/.local/lib/python3.12/site-packages/airflow/example_dags/example_trigger_target_dag.py took 0.075 seconds
[2025-11-14T21:17:54.346+0000] {processor.py:186} INFO - Started process (PID=344) to work on /home/airflow/.local/lib/python3.12/site-packages/airflow/example_dags/example_trigger_target_dag.py
[2025-11-14T21:17:54.348+0000] {processor.py:914} INFO - Processing file /home/airflow/.local/lib/python3.12/site-packages/airflow/example_dags/example_trigger_target_dag.py for tasks to queue
[2025-11-14T21:17:54.351+0000] {logging_mixin.py:190} INFO - [2025-11-14T21:17:54.351+0000] {dagbag.py:588} INFO - Filling up the DagBag from /home/airflow/.local/lib/python3.12/site-packages/airflow/example_dags/example_trigger_target_dag.py
[2025-11-14T21:17:54.363+0000] {processor.py:925} INFO - DAG(s) 'example_trigger_target_dag' retrieved from /home/airflow/.local/lib/python3.12/site-packages/airflow/example_dags/example_trigger_target_dag.py
[2025-11-14T21:17:54.389+0000] {logging_mixin.py:190} INFO - [2025-11-14T21:17:54.389+0000] {dag.py:3239} INFO - Sync 1 DAGs
[2025-11-14T21:17:54.405+0000] {logging_mixin.py:190} INFO - [2025-11-14T21:17:54.405+0000] {dag.py:4180} INFO - Setting next_dagrun for example_trigger_target_dag to None, run_after=None
[2025-11-14T21:17:54.426+0000] {processor.py:208} INFO - Processing /home/airflow/.local/lib/python3.12/site-packages/airflow/example_dags/example_trigger_target_dag.py took 0.086 seconds
[2025-11-14T21:18:24.602+0000] {processor.py:186} INFO - Started process (PID=409) to work on /home/airflow/.local/lib/python3.12/site-packages/airflow/example_dags/example_trigger_target_dag.py
[2025-11-14T21:18:24.603+0000] {processor.py:914} INFO - Processing file /home/airflow/.local/lib/python3.12/site-packages/airflow/example_dags/example_trigger_target_dag.py for tasks to queue
[2025-11-14T21:18:24.606+0000] {logging_mixin.py:190} INFO - [2025-11-14T21:18:24.606+0000] {dagbag.py:588} INFO - Filling up the DagBag from /home/airflow/.local/lib/python3.12/site-packages/airflow/example_dags/example_trigger_target_dag.py
[2025-11-14T21:18:24.615+0000] {processor.py:925} INFO - DAG(s) 'example_trigger_target_dag' retrieved from /home/airflow/.local/lib/python3.12/site-packages/airflow/example_dags/example_trigger_target_dag.py
[2025-11-14T21:18:24.635+0000] {logging_mixin.py:190} INFO - [2025-11-14T21:18:24.634+0000] {dag.py:3239} INFO - Sync 1 DAGs
[2025-11-14T21:18:24.649+0000] {logging_mixin.py:190} INFO - [2025-11-14T21:18:24.649+0000] {dag.py:4180} INFO - Setting next_dagrun for example_trigger_target_dag to None, run_after=None
[2025-11-14T21:18:24.666+0000] {processor.py:208} INFO - Processing /home/airflow/.local/lib/python3.12/site-packages/airflow/example_dags/example_trigger_target_dag.py took 0.071 seconds
[2025-11-14T21:18:55.344+0000] {processor.py:186} INFO - Started process (PID=474) to work on /home/airflow/.local/lib/python3.12/site-packages/airflow/example_dags/example_trigger_target_dag.py
[2025-11-14T21:18:55.348+0000] {processor.py:914} INFO - Processing file /home/airflow/.local/lib/python3.12/site-packages/airflow/example_dags/example_trigger_target_dag.py for tasks to queue
[2025-11-14T21:18:55.354+0000] {logging_mixin.py:190} INFO - [2025-11-14T21:18:55.354+0000] {dagbag.py:588} INFO - Filling up the DagBag from /home/airflow/.local/lib/python3.12/site-packages/airflow/example_dags/example_trigger_target_dag.py
[2025-11-14T21:18:55.382+0000] {processor.py:925} INFO - DAG(s) 'example_trigger_target_dag' retrieved from /home/airflow/.local/lib/python3.12/site-packages/airflow/example_dags/example_trigger_target_dag.py
[2025-11-14T21:18:55.432+0000] {logging_mixin.py:190} INFO - [2025-11-14T21:18:55.432+0000] {dag.py:3239} INFO - Sync 1 DAGs
[2025-11-14T21:18:55.471+0000] {logging_mixin.py:190} INFO - [2025-11-14T21:18:55.470+0000] {dag.py:4180} INFO - Setting next_dagrun for example_trigger_target_dag to None, run_after=None
[2025-11-14T21:18:55.520+0000] {processor.py:208} INFO - Processing /home/airflow/.local/lib/python3.12/site-packages/airflow/example_dags/example_trigger_target_dag.py took 0.192 seconds
[2025-11-14T21:19:26.384+0000] {processor.py:186} INFO - Started process (PID=539) to work on /home/airflow/.local/lib/python3.12/site-packages/airflow/example_dags/example_trigger_target_dag.py
[2025-11-14T21:19:26.388+0000] {processor.py:914} INFO - Processing file /home/airflow/.local/lib/python3.12/site-packages/airflow/example_dags/example_trigger_target_dag.py for tasks to queue
[2025-11-14T21:19:26.400+0000] {logging_mixin.py:190} INFO - [2025-11-14T21:19:26.399+0000] {dagbag.py:588} INFO - Filling up the DagBag from /home/airflow/.local/lib/python3.12/site-packages/airflow/example_dags/example_trigger_target_dag.py
[2025-11-14T21:19:26.432+0000] {processor.py:925} INFO - DAG(s) 'example_trigger_target_dag' retrieved from /home/airflow/.local/lib/python3.12/site-packages/airflow/example_dags/example_trigger_target_dag.py
[2025-11-14T21:19:26.550+0000] {logging_mixin.py:190} INFO - [2025-11-14T21:19:26.549+0000] {dag.py:3239} INFO - Sync 1 DAGs
[2025-11-14T21:19:26.649+0000] {logging_mixin.py:190} INFO - [2025-11-14T21:19:26.648+0000] {dag.py:4180} INFO - Setting next_dagrun for example_trigger_target_dag to None, run_after=None
[2025-11-14T21:19:26.723+0000] {processor.py:208} INFO - Processing /home/airflow/.local/lib/python3.12/site-packages/airflow/example_dags/example_trigger_target_dag.py took 0.362 seconds
[2025-11-14T21:20:01.577+0000] {processor.py:186} INFO - Started process (PID=613) to work on /home/airflow/.local/lib/python3.12/site-packages/airflow/example_dags/example_trigger_target_dag.py
[2025-11-14T21:20:01.600+0000] {processor.py:914} INFO - Processing file /home/airflow/.local/lib/python3.12/site-packages/airflow/example_dags/example_trigger_target_dag.py for tasks to queue
[2025-11-14T21:20:01.619+0000] {logging_mixin.py:190} INFO - [2025-11-14T21:20:01.616+0000] {dagbag.py:588} INFO - Filling up the DagBag from /home/airflow/.local/lib/python3.12/site-packages/airflow/example_dags/example_trigger_target_dag.py
[2025-11-14T21:20:01.806+0000] {processor.py:925} INFO - DAG(s) 'example_trigger_target_dag' retrieved from /home/airflow/.local/lib/python3.12/site-packages/airflow/example_dags/example_trigger_target_dag.py
[2025-11-14T21:20:02.988+0000] {logging_mixin.py:190} INFO - [2025-11-14T21:20:02.986+0000] {dag.py:3239} INFO - Sync 1 DAGs
[2025-11-14T21:20:04.216+0000] {logging_mixin.py:190} INFO - [2025-11-14T21:20:04.210+0000] {dag.py:4180} INFO - Setting next_dagrun for example_trigger_target_dag to None, run_after=None
[2025-11-14T21:20:04.804+0000] {processor.py:208} INFO - Processing /home/airflow/.local/lib/python3.12/site-packages/airflow/example_dags/example_trigger_target_dag.py took 3.297 seconds
[2025-11-14T21:21:36.842+0000] {processor.py:186} INFO - Started process (PID=708) to work on /home/airflow/.local/lib/python3.12/site-packages/airflow/example_dags/example_trigger_target_dag.py
[2025-11-14T21:21:36.850+0000] {processor.py:914} INFO - Processing file /home/airflow/.local/lib/python3.12/site-packages/airflow/example_dags/example_trigger_target_dag.py for tasks to queue
[2025-11-14T21:21:36.866+0000] {logging_mixin.py:190} INFO - [2025-11-14T21:21:36.865+0000] {dagbag.py:588} INFO - Filling up the DagBag from /home/airflow/.local/lib/python3.12/site-packages/airflow/example_dags/example_trigger_target_dag.py
[2025-11-14T21:21:36.919+0000] {processor.py:925} INFO - DAG(s) 'example_trigger_target_dag' retrieved from /home/airflow/.local/lib/python3.12/site-packages/airflow/example_dags/example_trigger_target_dag.py
[2025-11-14T21:21:37.038+0000] {logging_mixin.py:190} INFO - [2025-11-14T21:21:37.037+0000] {dag.py:3239} INFO - Sync 1 DAGs
[2025-11-14T21:21:37.166+0000] {logging_mixin.py:190} INFO - [2025-11-14T21:21:37.165+0000] {dag.py:4180} INFO - Setting next_dagrun for example_trigger_target_dag to None, run_after=None
[2025-11-14T21:21:37.312+0000] {processor.py:208} INFO - Processing /home/airflow/.local/lib/python3.12/site-packages/airflow/example_dags/example_trigger_target_dag.py took 0.504 seconds
[2025-11-14T21:22:08.582+0000] {processor.py:186} INFO - Started process (PID=772) to work on /home/airflow/.local/lib/python3.12/site-packages/airflow/example_dags/example_trigger_target_dag.py
[2025-11-14T21:22:08.595+0000] {processor.py:914} INFO - Processing file /home/airflow/.local/lib/python3.12/site-packages/airflow/example_dags/example_trigger_target_dag.py for tasks to queue
[2025-11-14T21:22:08.625+0000] {logging_mixin.py:190} INFO - [2025-11-14T21:22:08.624+0000] {dagbag.py:588} INFO - Filling up the DagBag from /home/airflow/.local/lib/python3.12/site-packages/airflow/example_dags/example_trigger_target_dag.py
[2025-11-14T21:22:08.676+0000] {processor.py:925} INFO - DAG(s) 'example_trigger_target_dag' retrieved from /home/airflow/.local/lib/python3.12/site-packages/airflow/example_dags/example_trigger_target_dag.py
[2025-11-14T21:22:08.791+0000] {logging_mixin.py:190} INFO - [2025-11-14T21:22:08.790+0000] {dag.py:3239} INFO - Sync 1 DAGs
[2025-11-14T21:22:08.901+0000] {logging_mixin.py:190} INFO - [2025-11-14T21:22:08.899+0000] {dag.py:4180} INFO - Setting next_dagrun for example_trigger_target_dag to None, run_after=None
[2025-11-14T21:22:09.012+0000] {processor.py:208} INFO - Processing /home/airflow/.local/lib/python3.12/site-packages/airflow/example_dags/example_trigger_target_dag.py took 0.473 seconds
[2025-11-14T21:22:41.301+0000] {processor.py:186} INFO - Started process (PID=837) to work on /home/airflow/.local/lib/python3.12/site-packages/airflow/example_dags/example_trigger_target_dag.py
[2025-11-14T21:22:41.310+0000] {processor.py:914} INFO - Processing file /home/airflow/.local/lib/python3.12/site-packages/airflow/example_dags/example_trigger_target_dag.py for tasks to queue
[2025-11-14T21:22:41.323+0000] {logging_mixin.py:190} INFO - [2025-11-14T21:22:41.322+0000] {dagbag.py:588} INFO - Filling up the DagBag from /home/airflow/.local/lib/python3.12/site-packages/airflow/example_dags/example_trigger_target_dag.py
[2025-11-14T21:22:41.368+0000] {processor.py:925} INFO - DAG(s) 'example_trigger_target_dag' retrieved from /home/airflow/.local/lib/python3.12/site-packages/airflow/example_dags/example_trigger_target_dag.py
[2025-11-14T21:22:41.487+0000] {logging_mixin.py:190} INFO - [2025-11-14T21:22:41.486+0000] {dag.py:3239} INFO - Sync 1 DAGs
[2025-11-14T21:22:41.598+0000] {logging_mixin.py:190} INFO - [2025-11-14T21:22:41.597+0000] {dag.py:4180} INFO - Setting next_dagrun for example_trigger_target_dag to None, run_after=None
[2025-11-14T21:22:41.688+0000] {processor.py:208} INFO - Processing /home/airflow/.local/lib/python3.12/site-packages/airflow/example_dags/example_trigger_target_dag.py took 0.436 seconds
[2025-11-14T21:23:13.140+0000] {processor.py:186} INFO - Started process (PID=901) to work on /home/airflow/.local/lib/python3.12/site-packages/airflow/example_dags/example_trigger_target_dag.py
[2025-11-14T21:23:13.153+0000] {processor.py:914} INFO - Processing file /home/airflow/.local/lib/python3.12/site-packages/airflow/example_dags/example_trigger_target_dag.py for tasks to queue
[2025-11-14T21:23:13.168+0000] {logging_mixin.py:190} INFO - [2025-11-14T21:23:13.167+0000] {dagbag.py:588} INFO - Filling up the DagBag from /home/airflow/.local/lib/python3.12/site-packages/airflow/example_dags/example_trigger_target_dag.py
[2025-11-14T21:23:13.202+0000] {processor.py:925} INFO - DAG(s) 'example_trigger_target_dag' retrieved from /home/airflow/.local/lib/python3.12/site-packages/airflow/example_dags/example_trigger_target_dag.py
[2025-11-14T21:23:13.346+0000] {logging_mixin.py:190} INFO - [2025-11-14T21:23:13.345+0000] {dag.py:3239} INFO - Sync 1 DAGs
[2025-11-14T21:23:13.429+0000] {logging_mixin.py:190} INFO - [2025-11-14T21:23:13.428+0000] {dag.py:4180} INFO - Setting next_dagrun for example_trigger_target_dag to None, run_after=None
[2025-11-14T21:23:13.533+0000] {processor.py:208} INFO - Processing /home/airflow/.local/lib/python3.12/site-packages/airflow/example_dags/example_trigger_target_dag.py took 0.420 seconds
[2025-11-14T21:23:43.806+0000] {processor.py:186} INFO - Started process (PID=965) to work on /home/airflow/.local/lib/python3.12/site-packages/airflow/example_dags/example_trigger_target_dag.py
[2025-11-14T21:23:43.810+0000] {processor.py:914} INFO - Processing file /home/airflow/.local/lib/python3.12/site-packages/airflow/example_dags/example_trigger_target_dag.py for tasks to queue
[2025-11-14T21:23:43.817+0000] {logging_mixin.py:190} INFO - [2025-11-14T21:23:43.817+0000] {dagbag.py:588} INFO - Filling up the DagBag from /home/airflow/.local/lib/python3.12/site-packages/airflow/example_dags/example_trigger_target_dag.py
[2025-11-14T21:23:43.843+0000] {processor.py:925} INFO - DAG(s) 'example_trigger_target_dag' retrieved from /home/airflow/.local/lib/python3.12/site-packages/airflow/example_dags/example_trigger_target_dag.py
[2025-11-14T21:23:43.908+0000] {logging_mixin.py:190} INFO - [2025-11-14T21:23:43.907+0000] {dag.py:3239} INFO - Sync 1 DAGs
[2025-11-14T21:23:43.953+0000] {logging_mixin.py:190} INFO - [2025-11-14T21:23:43.952+0000] {dag.py:4180} INFO - Setting next_dagrun for example_trigger_target_dag to None, run_after=None
[2025-11-14T21:23:44.008+0000] {processor.py:208} INFO - Processing /home/airflow/.local/lib/python3.12/site-packages/airflow/example_dags/example_trigger_target_dag.py took 0.221 seconds
[2025-11-14T21:24:17.378+0000] {processor.py:186} INFO - Started process (PID=1030) to work on /home/airflow/.local/lib/python3.12/site-packages/airflow/example_dags/example_trigger_target_dag.py
[2025-11-14T21:24:17.382+0000] {processor.py:914} INFO - Processing file /home/airflow/.local/lib/python3.12/site-packages/airflow/example_dags/example_trigger_target_dag.py for tasks to queue
[2025-11-14T21:24:17.396+0000] {logging_mixin.py:190} INFO - [2025-11-14T21:24:17.394+0000] {dagbag.py:588} INFO - Filling up the DagBag from /home/airflow/.local/lib/python3.12/site-packages/airflow/example_dags/example_trigger_target_dag.py
[2025-11-14T21:24:17.421+0000] {processor.py:925} INFO - DAG(s) 'example_trigger_target_dag' retrieved from /home/airflow/.local/lib/python3.12/site-packages/airflow/example_dags/example_trigger_target_dag.py
[2025-11-14T21:24:17.485+0000] {logging_mixin.py:190} INFO - [2025-11-14T21:24:17.484+0000] {dag.py:3239} INFO - Sync 1 DAGs
[2025-11-14T21:24:17.545+0000] {logging_mixin.py:190} INFO - [2025-11-14T21:24:17.544+0000] {dag.py:4180} INFO - Setting next_dagrun for example_trigger_target_dag to None, run_after=None
[2025-11-14T21:24:17.621+0000] {processor.py:208} INFO - Processing /home/airflow/.local/lib/python3.12/site-packages/airflow/example_dags/example_trigger_target_dag.py took 0.261 seconds
[2025-11-14T21:24:48.949+0000] {processor.py:186} INFO - Started process (PID=1095) to work on /home/airflow/.local/lib/python3.12/site-packages/airflow/example_dags/example_trigger_target_dag.py
[2025-11-14T21:24:48.955+0000] {processor.py:914} INFO - Processing file /home/airflow/.local/lib/python3.12/site-packages/airflow/example_dags/example_trigger_target_dag.py for tasks to queue
[2025-11-14T21:24:48.968+0000] {logging_mixin.py:190} INFO - [2025-11-14T21:24:48.966+0000] {dagbag.py:588} INFO - Filling up the DagBag from /home/airflow/.local/lib/python3.12/site-packages/airflow/example_dags/example_trigger_target_dag.py
[2025-11-14T21:24:49.004+0000] {processor.py:925} INFO - DAG(s) 'example_trigger_target_dag' retrieved from /home/airflow/.local/lib/python3.12/site-packages/airflow/example_dags/example_trigger_target_dag.py
[2025-11-14T21:24:49.081+0000] {logging_mixin.py:190} INFO - [2025-11-14T21:24:49.080+0000] {dag.py:3239} INFO - Sync 1 DAGs
[2025-11-14T21:24:49.144+0000] {logging_mixin.py:190} INFO - [2025-11-14T21:24:49.143+0000] {dag.py:4180} INFO - Setting next_dagrun for example_trigger_target_dag to None, run_after=None
[2025-11-14T21:24:49.216+0000] {processor.py:208} INFO - Processing /home/airflow/.local/lib/python3.12/site-packages/airflow/example_dags/example_trigger_target_dag.py took 0.289 seconds
[2025-11-14T21:25:19.580+0000] {processor.py:186} INFO - Started process (PID=1159) to work on /home/airflow/.local/lib/python3.12/site-packages/airflow/example_dags/example_trigger_target_dag.py
[2025-11-14T21:25:19.585+0000] {processor.py:914} INFO - Processing file /home/airflow/.local/lib/python3.12/site-packages/airflow/example_dags/example_trigger_target_dag.py for tasks to queue
[2025-11-14T21:25:19.592+0000] {logging_mixin.py:190} INFO - [2025-11-14T21:25:19.591+0000] {dagbag.py:588} INFO - Filling up the DagBag from /home/airflow/.local/lib/python3.12/site-packages/airflow/example_dags/example_trigger_target_dag.py
[2025-11-14T21:25:19.611+0000] {processor.py:925} INFO - DAG(s) 'example_trigger_target_dag' retrieved from /home/airflow/.local/lib/python3.12/site-packages/airflow/example_dags/example_trigger_target_dag.py
[2025-11-14T21:25:19.661+0000] {logging_mixin.py:190} INFO - [2025-11-14T21:25:19.660+0000] {dag.py:3239} INFO - Sync 1 DAGs
[2025-11-14T21:25:19.698+0000] {logging_mixin.py:190} INFO - [2025-11-14T21:25:19.697+0000] {dag.py:4180} INFO - Setting next_dagrun for example_trigger_target_dag to None, run_after=None
[2025-11-14T21:25:19.746+0000] {processor.py:208} INFO - Processing /home/airflow/.local/lib/python3.12/site-packages/airflow/example_dags/example_trigger_target_dag.py took 0.180 seconds
[2025-11-14T21:25:49.988+0000] {processor.py:186} INFO - Started process (PID=1223) to work on /home/airflow/.local/lib/python3.12/site-packages/airflow/example_dags/example_trigger_target_dag.py
[2025-11-14T21:25:49.991+0000] {processor.py:914} INFO - Processing file /home/airflow/.local/lib/python3.12/site-packages/airflow/example_dags/example_trigger_target_dag.py for tasks to queue
[2025-11-14T21:25:49.997+0000] {logging_mixin.py:190} INFO - [2025-11-14T21:25:49.996+0000] {dagbag.py:588} INFO - Filling up the DagBag from /home/airflow/.local/lib/python3.12/site-packages/airflow/example_dags/example_trigger_target_dag.py
[2025-11-14T21:25:50.013+0000] {processor.py:925} INFO - DAG(s) 'example_trigger_target_dag' retrieved from /home/airflow/.local/lib/python3.12/site-packages/airflow/example_dags/example_trigger_target_dag.py
[2025-11-14T21:25:50.052+0000] {logging_mixin.py:190} INFO - [2025-11-14T21:25:50.052+0000] {dag.py:3239} INFO - Sync 1 DAGs
[2025-11-14T21:25:50.080+0000] {logging_mixin.py:190} INFO - [2025-11-14T21:25:50.080+0000] {dag.py:4180} INFO - Setting next_dagrun for example_trigger_target_dag to None, run_after=None
[2025-11-14T21:25:50.113+0000] {processor.py:208} INFO - Processing /home/airflow/.local/lib/python3.12/site-packages/airflow/example_dags/example_trigger_target_dag.py took 0.137 seconds
[2025-11-14T21:26:20.762+0000] {processor.py:186} INFO - Started process (PID=1287) to work on /home/airflow/.local/lib/python3.12/site-packages/airflow/example_dags/example_trigger_target_dag.py
[2025-11-14T21:26:20.768+0000] {processor.py:914} INFO - Processing file /home/airflow/.local/lib/python3.12/site-packages/airflow/example_dags/example_trigger_target_dag.py for tasks to queue
[2025-11-14T21:26:20.775+0000] {logging_mixin.py:190} INFO - [2025-11-14T21:26:20.775+0000] {dagbag.py:588} INFO - Filling up the DagBag from /home/airflow/.local/lib/python3.12/site-packages/airflow/example_dags/example_trigger_target_dag.py
[2025-11-14T21:26:20.794+0000] {processor.py:925} INFO - DAG(s) 'example_trigger_target_dag' retrieved from /home/airflow/.local/lib/python3.12/site-packages/airflow/example_dags/example_trigger_target_dag.py
[2025-11-14T21:26:20.846+0000] {logging_mixin.py:190} INFO - [2025-11-14T21:26:20.846+0000] {dag.py:3239} INFO - Sync 1 DAGs
[2025-11-14T21:26:20.891+0000] {logging_mixin.py:190} INFO - [2025-11-14T21:26:20.890+0000] {dag.py:4180} INFO - Setting next_dagrun for example_trigger_target_dag to None, run_after=None
[2025-11-14T21:26:20.943+0000] {processor.py:208} INFO - Processing /home/airflow/.local/lib/python3.12/site-packages/airflow/example_dags/example_trigger_target_dag.py took 0.197 seconds
[2025-11-14T21:26:51.045+0000] {processor.py:186} INFO - Started process (PID=1351) to work on /home/airflow/.local/lib/python3.12/site-packages/airflow/example_dags/example_trigger_target_dag.py
[2025-11-14T21:26:51.048+0000] {processor.py:914} INFO - Processing file /home/airflow/.local/lib/python3.12/site-packages/airflow/example_dags/example_trigger_target_dag.py for tasks to queue
[2025-11-14T21:26:51.053+0000] {logging_mixin.py:190} INFO - [2025-11-14T21:26:51.052+0000] {dagbag.py:588} INFO - Filling up the DagBag from /home/airflow/.local/lib/python3.12/site-packages/airflow/example_dags/example_trigger_target_dag.py
[2025-11-14T21:26:51.068+0000] {processor.py:925} INFO - DAG(s) 'example_trigger_target_dag' retrieved from /home/airflow/.local/lib/python3.12/site-packages/airflow/example_dags/example_trigger_target_dag.py
[2025-11-14T21:26:51.106+0000] {logging_mixin.py:190} INFO - [2025-11-14T21:26:51.105+0000] {dag.py:3239} INFO - Sync 1 DAGs
[2025-11-14T21:26:51.133+0000] {logging_mixin.py:190} INFO - [2025-11-14T21:26:51.133+0000] {dag.py:4180} INFO - Setting next_dagrun for example_trigger_target_dag to None, run_after=None
[2025-11-14T21:26:51.164+0000] {processor.py:208} INFO - Processing /home/airflow/.local/lib/python3.12/site-packages/airflow/example_dags/example_trigger_target_dag.py took 0.130 seconds
[2025-11-14T21:27:21.612+0000] {processor.py:186} INFO - Started process (PID=1414) to work on /home/airflow/.local/lib/python3.12/site-packages/airflow/example_dags/example_trigger_target_dag.py
[2025-11-14T21:27:21.615+0000] {processor.py:914} INFO - Processing file /home/airflow/.local/lib/python3.12/site-packages/airflow/example_dags/example_trigger_target_dag.py for tasks to queue
[2025-11-14T21:27:21.623+0000] {logging_mixin.py:190} INFO - [2025-11-14T21:27:21.622+0000] {dagbag.py:588} INFO - Filling up the DagBag from /home/airflow/.local/lib/python3.12/site-packages/airflow/example_dags/example_trigger_target_dag.py
[2025-11-14T21:27:21.651+0000] {processor.py:925} INFO - DAG(s) 'example_trigger_target_dag' retrieved from /home/airflow/.local/lib/python3.12/site-packages/airflow/example_dags/example_trigger_target_dag.py
[2025-11-14T21:27:21.763+0000] {logging_mixin.py:190} INFO - [2025-11-14T21:27:21.762+0000] {dag.py:3239} INFO - Sync 1 DAGs
[2025-11-14T21:27:21.843+0000] {logging_mixin.py:190} INFO - [2025-11-14T21:27:21.842+0000] {dag.py:4180} INFO - Setting next_dagrun for example_trigger_target_dag to None, run_after=None
[2025-11-14T21:27:21.906+0000] {processor.py:208} INFO - Processing /home/airflow/.local/lib/python3.12/site-packages/airflow/example_dags/example_trigger_target_dag.py took 0.307 seconds
[2025-11-14T21:27:52.801+0000] {processor.py:186} INFO - Started process (PID=1477) to work on /home/airflow/.local/lib/python3.12/site-packages/airflow/example_dags/example_trigger_target_dag.py
[2025-11-14T21:27:52.806+0000] {processor.py:914} INFO - Processing file /home/airflow/.local/lib/python3.12/site-packages/airflow/example_dags/example_trigger_target_dag.py for tasks to queue
[2025-11-14T21:27:52.816+0000] {logging_mixin.py:190} INFO - [2025-11-14T21:27:52.814+0000] {dagbag.py:588} INFO - Filling up the DagBag from /home/airflow/.local/lib/python3.12/site-packages/airflow/example_dags/example_trigger_target_dag.py
[2025-11-14T21:27:52.852+0000] {processor.py:925} INFO - DAG(s) 'example_trigger_target_dag' retrieved from /home/airflow/.local/lib/python3.12/site-packages/airflow/example_dags/example_trigger_target_dag.py
[2025-11-14T21:27:52.926+0000] {logging_mixin.py:190} INFO - [2025-11-14T21:27:52.925+0000] {dag.py:3239} INFO - Sync 1 DAGs
[2025-11-14T21:27:52.978+0000] {logging_mixin.py:190} INFO - [2025-11-14T21:27:52.977+0000] {dag.py:4180} INFO - Setting next_dagrun for example_trigger_target_dag to None, run_after=None
[2025-11-14T21:27:53.033+0000] {processor.py:208} INFO - Processing /home/airflow/.local/lib/python3.12/site-packages/airflow/example_dags/example_trigger_target_dag.py took 0.255 seconds
