[2025-11-14T21:15:46.041+0000] {processor.py:186} INFO - Started process (PID=67) to work on /home/airflow/.local/lib/python3.12/site-packages/airflow/example_dags/example_sensors.py
[2025-11-14T21:15:46.045+0000] {processor.py:914} INFO - Processing file /home/airflow/.local/lib/python3.12/site-packages/airflow/example_dags/example_sensors.py for tasks to queue
[2025-11-14T21:15:46.054+0000] {logging_mixin.py:190} INFO - [2025-11-14T21:15:46.053+0000] {dagbag.py:588} INFO - Filling up the DagBag from /home/airflow/.local/lib/python3.12/site-packages/airflow/example_dags/example_sensors.py
[2025-11-14T21:15:46.085+0000] {processor.py:925} INFO - DAG(s) 'example_sensors' retrieved from /home/airflow/.local/lib/python3.12/site-packages/airflow/example_dags/example_sensors.py
[2025-11-14T21:15:46.360+0000] {logging_mixin.py:190} INFO - [2025-11-14T21:15:46.359+0000] {override.py:1900} INFO - Created Permission View: can edit on DAG:example_sensors
[2025-11-14T21:15:46.380+0000] {logging_mixin.py:190} INFO - [2025-11-14T21:15:46.379+0000] {override.py:1900} INFO - Created Permission View: can delete on DAG:example_sensors
[2025-11-14T21:15:46.397+0000] {logging_mixin.py:190} INFO - [2025-11-14T21:15:46.397+0000] {override.py:1900} INFO - Created Permission View: can read on DAG:example_sensors
[2025-11-14T21:15:46.410+0000] {logging_mixin.py:190} INFO - [2025-11-14T21:15:46.410+0000] {override.py:1900} INFO - Created Permission View: menu access on DAG Run:example_sensors
[2025-11-14T21:15:46.430+0000] {logging_mixin.py:190} INFO - [2025-11-14T21:15:46.429+0000] {override.py:1900} INFO - Created Permission View: can create on DAG Run:example_sensors
[2025-11-14T21:15:46.449+0000] {logging_mixin.py:190} INFO - [2025-11-14T21:15:46.448+0000] {override.py:1900} INFO - Created Permission View: can delete on DAG Run:example_sensors
[2025-11-14T21:15:46.465+0000] {logging_mixin.py:190} INFO - [2025-11-14T21:15:46.464+0000] {override.py:1900} INFO - Created Permission View: can read on DAG Run:example_sensors
[2025-11-14T21:15:46.467+0000] {logging_mixin.py:190} INFO - [2025-11-14T21:15:46.467+0000] {dag.py:3239} INFO - Sync 1 DAGs
[2025-11-14T21:15:46.512+0000] {logging_mixin.py:190} INFO - [2025-11-14T21:15:46.512+0000] {dag.py:3262} INFO - Creating ORM DAG for example_sensors
[2025-11-14T21:15:46.516+0000] {logging_mixin.py:190} INFO - [2025-11-14T21:15:46.515+0000] {dag.py:4180} INFO - Setting next_dagrun for example_sensors to None, run_after=None
[2025-11-14T21:15:46.551+0000] {processor.py:208} INFO - Processing /home/airflow/.local/lib/python3.12/site-packages/airflow/example_dags/example_sensors.py took 0.525 seconds
[2025-11-14T21:16:17.312+0000] {processor.py:186} INFO - Started process (PID=130) to work on /home/airflow/.local/lib/python3.12/site-packages/airflow/example_dags/example_sensors.py
[2025-11-14T21:16:17.314+0000] {processor.py:914} INFO - Processing file /home/airflow/.local/lib/python3.12/site-packages/airflow/example_dags/example_sensors.py for tasks to queue
[2025-11-14T21:16:17.319+0000] {logging_mixin.py:190} INFO - [2025-11-14T21:16:17.318+0000] {dagbag.py:588} INFO - Filling up the DagBag from /home/airflow/.local/lib/python3.12/site-packages/airflow/example_dags/example_sensors.py
[2025-11-14T21:16:17.339+0000] {processor.py:925} INFO - DAG(s) 'example_sensors' retrieved from /home/airflow/.local/lib/python3.12/site-packages/airflow/example_dags/example_sensors.py
[2025-11-14T21:16:17.384+0000] {logging_mixin.py:190} INFO - [2025-11-14T21:16:17.383+0000] {dag.py:3239} INFO - Sync 1 DAGs
[2025-11-14T21:16:17.408+0000] {logging_mixin.py:190} INFO - [2025-11-14T21:16:17.408+0000] {dag.py:4180} INFO - Setting next_dagrun for example_sensors to None, run_after=None
[2025-11-14T21:16:17.438+0000] {processor.py:208} INFO - Processing /home/airflow/.local/lib/python3.12/site-packages/airflow/example_dags/example_sensors.py took 0.139 seconds
[2025-11-14T21:16:47.563+0000] {processor.py:186} INFO - Started process (PID=193) to work on /home/airflow/.local/lib/python3.12/site-packages/airflow/example_dags/example_sensors.py
[2025-11-14T21:16:47.565+0000] {processor.py:914} INFO - Processing file /home/airflow/.local/lib/python3.12/site-packages/airflow/example_dags/example_sensors.py for tasks to queue
[2025-11-14T21:16:47.568+0000] {logging_mixin.py:190} INFO - [2025-11-14T21:16:47.568+0000] {dagbag.py:588} INFO - Filling up the DagBag from /home/airflow/.local/lib/python3.12/site-packages/airflow/example_dags/example_sensors.py
[2025-11-14T21:16:47.582+0000] {processor.py:925} INFO - DAG(s) 'example_sensors' retrieved from /home/airflow/.local/lib/python3.12/site-packages/airflow/example_dags/example_sensors.py
[2025-11-14T21:16:47.611+0000] {logging_mixin.py:190} INFO - [2025-11-14T21:16:47.611+0000] {dag.py:3239} INFO - Sync 1 DAGs
[2025-11-14T21:16:47.628+0000] {logging_mixin.py:190} INFO - [2025-11-14T21:16:47.628+0000] {dag.py:4180} INFO - Setting next_dagrun for example_sensors to None, run_after=None
[2025-11-14T21:16:47.648+0000] {processor.py:208} INFO - Processing /home/airflow/.local/lib/python3.12/site-packages/airflow/example_dags/example_sensors.py took 0.094 seconds
[2025-11-14T21:17:17.753+0000] {processor.py:186} INFO - Started process (PID=256) to work on /home/airflow/.local/lib/python3.12/site-packages/airflow/example_dags/example_sensors.py
[2025-11-14T21:17:17.755+0000] {processor.py:914} INFO - Processing file /home/airflow/.local/lib/python3.12/site-packages/airflow/example_dags/example_sensors.py for tasks to queue
[2025-11-14T21:17:17.759+0000] {logging_mixin.py:190} INFO - [2025-11-14T21:17:17.758+0000] {dagbag.py:588} INFO - Filling up the DagBag from /home/airflow/.local/lib/python3.12/site-packages/airflow/example_dags/example_sensors.py
[2025-11-14T21:17:17.772+0000] {processor.py:925} INFO - DAG(s) 'example_sensors' retrieved from /home/airflow/.local/lib/python3.12/site-packages/airflow/example_dags/example_sensors.py
[2025-11-14T21:17:17.801+0000] {logging_mixin.py:190} INFO - [2025-11-14T21:17:17.800+0000] {dag.py:3239} INFO - Sync 1 DAGs
[2025-11-14T21:17:17.817+0000] {logging_mixin.py:190} INFO - [2025-11-14T21:17:17.816+0000] {dag.py:4180} INFO - Setting next_dagrun for example_sensors to None, run_after=None
[2025-11-14T21:17:17.836+0000] {processor.py:208} INFO - Processing /home/airflow/.local/lib/python3.12/site-packages/airflow/example_dags/example_sensors.py took 0.093 seconds
[2025-11-14T21:17:48.069+0000] {processor.py:186} INFO - Started process (PID=319) to work on /home/airflow/.local/lib/python3.12/site-packages/airflow/example_dags/example_sensors.py
[2025-11-14T21:17:48.072+0000] {processor.py:914} INFO - Processing file /home/airflow/.local/lib/python3.12/site-packages/airflow/example_dags/example_sensors.py for tasks to queue
[2025-11-14T21:17:48.076+0000] {logging_mixin.py:190} INFO - [2025-11-14T21:17:48.075+0000] {dagbag.py:588} INFO - Filling up the DagBag from /home/airflow/.local/lib/python3.12/site-packages/airflow/example_dags/example_sensors.py
[2025-11-14T21:17:48.092+0000] {processor.py:925} INFO - DAG(s) 'example_sensors' retrieved from /home/airflow/.local/lib/python3.12/site-packages/airflow/example_dags/example_sensors.py
[2025-11-14T21:17:48.127+0000] {logging_mixin.py:190} INFO - [2025-11-14T21:17:48.127+0000] {dag.py:3239} INFO - Sync 1 DAGs
[2025-11-14T21:17:48.146+0000] {logging_mixin.py:190} INFO - [2025-11-14T21:17:48.146+0000] {dag.py:4180} INFO - Setting next_dagrun for example_sensors to None, run_after=None
[2025-11-14T21:17:48.172+0000] {processor.py:208} INFO - Processing /home/airflow/.local/lib/python3.12/site-packages/airflow/example_dags/example_sensors.py took 0.113 seconds
[2025-11-14T21:18:18.230+0000] {processor.py:186} INFO - Started process (PID=382) to work on /home/airflow/.local/lib/python3.12/site-packages/airflow/example_dags/example_sensors.py
[2025-11-14T21:18:18.232+0000] {processor.py:914} INFO - Processing file /home/airflow/.local/lib/python3.12/site-packages/airflow/example_dags/example_sensors.py for tasks to queue
[2025-11-14T21:18:18.236+0000] {logging_mixin.py:190} INFO - [2025-11-14T21:18:18.235+0000] {dagbag.py:588} INFO - Filling up the DagBag from /home/airflow/.local/lib/python3.12/site-packages/airflow/example_dags/example_sensors.py
[2025-11-14T21:18:18.250+0000] {processor.py:925} INFO - DAG(s) 'example_sensors' retrieved from /home/airflow/.local/lib/python3.12/site-packages/airflow/example_dags/example_sensors.py
[2025-11-14T21:18:18.281+0000] {logging_mixin.py:190} INFO - [2025-11-14T21:18:18.281+0000] {dag.py:3239} INFO - Sync 1 DAGs
[2025-11-14T21:18:18.296+0000] {logging_mixin.py:190} INFO - [2025-11-14T21:18:18.296+0000] {dag.py:4180} INFO - Setting next_dagrun for example_sensors to None, run_after=None
[2025-11-14T21:18:18.314+0000] {processor.py:208} INFO - Processing /home/airflow/.local/lib/python3.12/site-packages/airflow/example_dags/example_sensors.py took 0.096 seconds
[2025-11-14T21:18:48.641+0000] {processor.py:186} INFO - Started process (PID=447) to work on /home/airflow/.local/lib/python3.12/site-packages/airflow/example_dags/example_sensors.py
[2025-11-14T21:18:48.642+0000] {processor.py:914} INFO - Processing file /home/airflow/.local/lib/python3.12/site-packages/airflow/example_dags/example_sensors.py for tasks to queue
[2025-11-14T21:18:48.645+0000] {logging_mixin.py:190} INFO - [2025-11-14T21:18:48.645+0000] {dagbag.py:588} INFO - Filling up the DagBag from /home/airflow/.local/lib/python3.12/site-packages/airflow/example_dags/example_sensors.py
[2025-11-14T21:18:48.657+0000] {processor.py:925} INFO - DAG(s) 'example_sensors' retrieved from /home/airflow/.local/lib/python3.12/site-packages/airflow/example_dags/example_sensors.py
[2025-11-14T21:18:48.686+0000] {logging_mixin.py:190} INFO - [2025-11-14T21:18:48.685+0000] {dag.py:3239} INFO - Sync 1 DAGs
[2025-11-14T21:18:48.702+0000] {logging_mixin.py:190} INFO - [2025-11-14T21:18:48.702+0000] {dag.py:4180} INFO - Setting next_dagrun for example_sensors to None, run_after=None
[2025-11-14T21:18:48.721+0000] {processor.py:208} INFO - Processing /home/airflow/.local/lib/python3.12/site-packages/airflow/example_dags/example_sensors.py took 0.087 seconds
[2025-11-14T21:19:20.025+0000] {processor.py:186} INFO - Started process (PID=512) to work on /home/airflow/.local/lib/python3.12/site-packages/airflow/example_dags/example_sensors.py
[2025-11-14T21:19:20.028+0000] {processor.py:914} INFO - Processing file /home/airflow/.local/lib/python3.12/site-packages/airflow/example_dags/example_sensors.py for tasks to queue
[2025-11-14T21:19:20.033+0000] {logging_mixin.py:190} INFO - [2025-11-14T21:19:20.032+0000] {dagbag.py:588} INFO - Filling up the DagBag from /home/airflow/.local/lib/python3.12/site-packages/airflow/example_dags/example_sensors.py
[2025-11-14T21:19:20.056+0000] {processor.py:925} INFO - DAG(s) 'example_sensors' retrieved from /home/airflow/.local/lib/python3.12/site-packages/airflow/example_dags/example_sensors.py
[2025-11-14T21:19:20.113+0000] {logging_mixin.py:190} INFO - [2025-11-14T21:19:20.113+0000] {dag.py:3239} INFO - Sync 1 DAGs
[2025-11-14T21:19:20.146+0000] {logging_mixin.py:190} INFO - [2025-11-14T21:19:20.145+0000] {dag.py:4180} INFO - Setting next_dagrun for example_sensors to None, run_after=None
[2025-11-14T21:19:20.187+0000] {processor.py:208} INFO - Processing /home/airflow/.local/lib/python3.12/site-packages/airflow/example_dags/example_sensors.py took 0.174 seconds
[2025-11-14T21:19:53.142+0000] {processor.py:186} INFO - Started process (PID=577) to work on /home/airflow/.local/lib/python3.12/site-packages/airflow/example_dags/example_sensors.py
[2025-11-14T21:19:53.147+0000] {processor.py:914} INFO - Processing file /home/airflow/.local/lib/python3.12/site-packages/airflow/example_dags/example_sensors.py for tasks to queue
[2025-11-14T21:19:53.157+0000] {logging_mixin.py:190} INFO - [2025-11-14T21:19:53.156+0000] {dagbag.py:588} INFO - Filling up the DagBag from /home/airflow/.local/lib/python3.12/site-packages/airflow/example_dags/example_sensors.py
[2025-11-14T21:19:53.191+0000] {processor.py:925} INFO - DAG(s) 'example_sensors' retrieved from /home/airflow/.local/lib/python3.12/site-packages/airflow/example_dags/example_sensors.py
[2025-11-14T21:19:53.328+0000] {logging_mixin.py:190} INFO - [2025-11-14T21:19:53.327+0000] {dag.py:3239} INFO - Sync 1 DAGs
[2025-11-14T21:19:53.383+0000] {logging_mixin.py:190} INFO - [2025-11-14T21:19:53.382+0000] {dag.py:4180} INFO - Setting next_dagrun for example_sensors to None, run_after=None
[2025-11-14T21:19:53.440+0000] {processor.py:208} INFO - Processing /home/airflow/.local/lib/python3.12/site-packages/airflow/example_dags/example_sensors.py took 0.323 seconds
[2025-11-14T21:21:05.352+0000] {processor.py:186} INFO - Started process (PID=663) to work on /home/airflow/.local/lib/python3.12/site-packages/airflow/example_dags/example_sensors.py
[2025-11-14T21:21:05.373+0000] {processor.py:914} INFO - Processing file /home/airflow/.local/lib/python3.12/site-packages/airflow/example_dags/example_sensors.py for tasks to queue
[2025-11-14T21:21:05.413+0000] {logging_mixin.py:190} INFO - [2025-11-14T21:21:05.409+0000] {dagbag.py:588} INFO - Filling up the DagBag from /home/airflow/.local/lib/python3.12/site-packages/airflow/example_dags/example_sensors.py
[2025-11-14T21:21:05.631+0000] {processor.py:925} INFO - DAG(s) 'example_sensors' retrieved from /home/airflow/.local/lib/python3.12/site-packages/airflow/example_dags/example_sensors.py
[2025-11-14T21:21:06.170+0000] {logging_mixin.py:190} INFO - [2025-11-14T21:21:06.168+0000] {dag.py:3239} INFO - Sync 1 DAGs
[2025-11-14T21:21:06.294+0000] {logging_mixin.py:190} INFO - [2025-11-14T21:21:06.292+0000] {dag.py:4180} INFO - Setting next_dagrun for example_sensors to None, run_after=None
[2025-11-14T21:21:07.488+0000] {processor.py:208} INFO - Processing /home/airflow/.local/lib/python3.12/site-packages/airflow/example_dags/example_sensors.py took 2.192 seconds
[2025-11-14T21:21:44.298+0000] {processor.py:186} INFO - Started process (PID=728) to work on /home/airflow/.local/lib/python3.12/site-packages/airflow/example_dags/example_sensors.py
[2025-11-14T21:21:44.305+0000] {processor.py:914} INFO - Processing file /home/airflow/.local/lib/python3.12/site-packages/airflow/example_dags/example_sensors.py for tasks to queue
[2025-11-14T21:21:44.321+0000] {logging_mixin.py:190} INFO - [2025-11-14T21:21:44.319+0000] {dagbag.py:588} INFO - Filling up the DagBag from /home/airflow/.local/lib/python3.12/site-packages/airflow/example_dags/example_sensors.py
[2025-11-14T21:21:44.378+0000] {processor.py:925} INFO - DAG(s) 'example_sensors' retrieved from /home/airflow/.local/lib/python3.12/site-packages/airflow/example_dags/example_sensors.py
[2025-11-14T21:21:44.612+0000] {logging_mixin.py:190} INFO - [2025-11-14T21:21:44.611+0000] {dag.py:3239} INFO - Sync 1 DAGs
[2025-11-14T21:21:44.707+0000] {logging_mixin.py:190} INFO - [2025-11-14T21:21:44.706+0000] {dag.py:4180} INFO - Setting next_dagrun for example_sensors to None, run_after=None
[2025-11-14T21:21:44.926+0000] {processor.py:208} INFO - Processing /home/airflow/.local/lib/python3.12/site-packages/airflow/example_dags/example_sensors.py took 0.663 seconds
[2025-11-14T21:22:18.095+0000] {processor.py:186} INFO - Started process (PID=793) to work on /home/airflow/.local/lib/python3.12/site-packages/airflow/example_dags/example_sensors.py
[2025-11-14T21:22:18.103+0000] {processor.py:914} INFO - Processing file /home/airflow/.local/lib/python3.12/site-packages/airflow/example_dags/example_sensors.py for tasks to queue
[2025-11-14T21:22:18.124+0000] {logging_mixin.py:190} INFO - [2025-11-14T21:22:18.122+0000] {dagbag.py:588} INFO - Filling up the DagBag from /home/airflow/.local/lib/python3.12/site-packages/airflow/example_dags/example_sensors.py
[2025-11-14T21:22:18.246+0000] {processor.py:925} INFO - DAG(s) 'example_sensors' retrieved from /home/airflow/.local/lib/python3.12/site-packages/airflow/example_dags/example_sensors.py
[2025-11-14T21:22:18.375+0000] {logging_mixin.py:190} INFO - [2025-11-14T21:22:18.374+0000] {dag.py:3239} INFO - Sync 1 DAGs
[2025-11-14T21:22:18.462+0000] {logging_mixin.py:190} INFO - [2025-11-14T21:22:18.461+0000] {dag.py:4180} INFO - Setting next_dagrun for example_sensors to None, run_after=None
[2025-11-14T21:22:18.603+0000] {processor.py:208} INFO - Processing /home/airflow/.local/lib/python3.12/site-packages/airflow/example_dags/example_sensors.py took 0.541 seconds
[2025-11-14T21:22:49.340+0000] {processor.py:186} INFO - Started process (PID=858) to work on /home/airflow/.local/lib/python3.12/site-packages/airflow/example_dags/example_sensors.py
[2025-11-14T21:22:49.346+0000] {processor.py:914} INFO - Processing file /home/airflow/.local/lib/python3.12/site-packages/airflow/example_dags/example_sensors.py for tasks to queue
[2025-11-14T21:22:49.363+0000] {logging_mixin.py:190} INFO - [2025-11-14T21:22:49.360+0000] {dagbag.py:588} INFO - Filling up the DagBag from /home/airflow/.local/lib/python3.12/site-packages/airflow/example_dags/example_sensors.py
[2025-11-14T21:22:49.423+0000] {processor.py:925} INFO - DAG(s) 'example_sensors' retrieved from /home/airflow/.local/lib/python3.12/site-packages/airflow/example_dags/example_sensors.py
[2025-11-14T21:22:49.562+0000] {logging_mixin.py:190} INFO - [2025-11-14T21:22:49.561+0000] {dag.py:3239} INFO - Sync 1 DAGs
[2025-11-14T21:22:49.644+0000] {logging_mixin.py:190} INFO - [2025-11-14T21:22:49.643+0000] {dag.py:4180} INFO - Setting next_dagrun for example_sensors to None, run_after=None
[2025-11-14T21:22:49.735+0000] {processor.py:208} INFO - Processing /home/airflow/.local/lib/python3.12/site-packages/airflow/example_dags/example_sensors.py took 0.419 seconds
[2025-11-14T21:23:20.105+0000] {processor.py:186} INFO - Started process (PID=922) to work on /home/airflow/.local/lib/python3.12/site-packages/airflow/example_dags/example_sensors.py
[2025-11-14T21:23:20.109+0000] {processor.py:914} INFO - Processing file /home/airflow/.local/lib/python3.12/site-packages/airflow/example_dags/example_sensors.py for tasks to queue
[2025-11-14T21:23:20.118+0000] {logging_mixin.py:190} INFO - [2025-11-14T21:23:20.117+0000] {dagbag.py:588} INFO - Filling up the DagBag from /home/airflow/.local/lib/python3.12/site-packages/airflow/example_dags/example_sensors.py
[2025-11-14T21:23:20.158+0000] {processor.py:925} INFO - DAG(s) 'example_sensors' retrieved from /home/airflow/.local/lib/python3.12/site-packages/airflow/example_dags/example_sensors.py
[2025-11-14T21:23:20.249+0000] {logging_mixin.py:190} INFO - [2025-11-14T21:23:20.248+0000] {dag.py:3239} INFO - Sync 1 DAGs
[2025-11-14T21:23:20.297+0000] {logging_mixin.py:190} INFO - [2025-11-14T21:23:20.297+0000] {dag.py:4180} INFO - Setting next_dagrun for example_sensors to None, run_after=None
[2025-11-14T21:23:20.353+0000] {processor.py:208} INFO - Processing /home/airflow/.local/lib/python3.12/site-packages/airflow/example_dags/example_sensors.py took 0.267 seconds
[2025-11-14T21:23:50.942+0000] {processor.py:186} INFO - Started process (PID=987) to work on /home/airflow/.local/lib/python3.12/site-packages/airflow/example_dags/example_sensors.py
[2025-11-14T21:23:50.947+0000] {processor.py:914} INFO - Processing file /home/airflow/.local/lib/python3.12/site-packages/airflow/example_dags/example_sensors.py for tasks to queue
[2025-11-14T21:23:50.956+0000] {logging_mixin.py:190} INFO - [2025-11-14T21:23:50.955+0000] {dagbag.py:588} INFO - Filling up the DagBag from /home/airflow/.local/lib/python3.12/site-packages/airflow/example_dags/example_sensors.py
[2025-11-14T21:23:50.992+0000] {processor.py:925} INFO - DAG(s) 'example_sensors' retrieved from /home/airflow/.local/lib/python3.12/site-packages/airflow/example_dags/example_sensors.py
[2025-11-14T21:23:51.078+0000] {logging_mixin.py:190} INFO - [2025-11-14T21:23:51.077+0000] {dag.py:3239} INFO - Sync 1 DAGs
[2025-11-14T21:23:51.137+0000] {logging_mixin.py:190} INFO - [2025-11-14T21:23:51.136+0000] {dag.py:4180} INFO - Setting next_dagrun for example_sensors to None, run_after=None
[2025-11-14T21:23:51.189+0000] {processor.py:208} INFO - Processing /home/airflow/.local/lib/python3.12/site-packages/airflow/example_dags/example_sensors.py took 0.267 seconds
[2025-11-14T21:24:22.182+0000] {processor.py:186} INFO - Started process (PID=1050) to work on /home/airflow/.local/lib/python3.12/site-packages/airflow/example_dags/example_sensors.py
[2025-11-14T21:24:22.198+0000] {processor.py:914} INFO - Processing file /home/airflow/.local/lib/python3.12/site-packages/airflow/example_dags/example_sensors.py for tasks to queue
[2025-11-14T21:24:22.221+0000] {logging_mixin.py:190} INFO - [2025-11-14T21:24:22.219+0000] {dagbag.py:588} INFO - Filling up the DagBag from /home/airflow/.local/lib/python3.12/site-packages/airflow/example_dags/example_sensors.py
[2025-11-14T21:24:22.284+0000] {processor.py:925} INFO - DAG(s) 'example_sensors' retrieved from /home/airflow/.local/lib/python3.12/site-packages/airflow/example_dags/example_sensors.py
[2025-11-14T21:24:22.418+0000] {logging_mixin.py:190} INFO - [2025-11-14T21:24:22.417+0000] {dag.py:3239} INFO - Sync 1 DAGs
[2025-11-14T21:24:22.481+0000] {logging_mixin.py:190} INFO - [2025-11-14T21:24:22.480+0000] {dag.py:4180} INFO - Setting next_dagrun for example_sensors to None, run_after=None
[2025-11-14T21:24:22.557+0000] {processor.py:208} INFO - Processing /home/airflow/.local/lib/python3.12/site-packages/airflow/example_dags/example_sensors.py took 0.406 seconds
[2025-11-14T21:24:55.296+0000] {processor.py:186} INFO - Started process (PID=1116) to work on /home/airflow/.local/lib/python3.12/site-packages/airflow/example_dags/example_sensors.py
[2025-11-14T21:24:55.302+0000] {processor.py:914} INFO - Processing file /home/airflow/.local/lib/python3.12/site-packages/airflow/example_dags/example_sensors.py for tasks to queue
[2025-11-14T21:24:55.315+0000] {logging_mixin.py:190} INFO - [2025-11-14T21:24:55.314+0000] {dagbag.py:588} INFO - Filling up the DagBag from /home/airflow/.local/lib/python3.12/site-packages/airflow/example_dags/example_sensors.py
[2025-11-14T21:24:55.374+0000] {processor.py:925} INFO - DAG(s) 'example_sensors' retrieved from /home/airflow/.local/lib/python3.12/site-packages/airflow/example_dags/example_sensors.py
[2025-11-14T21:24:55.504+0000] {logging_mixin.py:190} INFO - [2025-11-14T21:24:55.503+0000] {dag.py:3239} INFO - Sync 1 DAGs
[2025-11-14T21:24:55.569+0000] {logging_mixin.py:190} INFO - [2025-11-14T21:24:55.567+0000] {dag.py:4180} INFO - Setting next_dagrun for example_sensors to None, run_after=None
[2025-11-14T21:24:55.657+0000] {processor.py:208} INFO - Processing /home/airflow/.local/lib/python3.12/site-packages/airflow/example_dags/example_sensors.py took 0.393 seconds
[2025-11-14T21:25:26.659+0000] {processor.py:186} INFO - Started process (PID=1182) to work on /home/airflow/.local/lib/python3.12/site-packages/airflow/example_dags/example_sensors.py
[2025-11-14T21:25:26.662+0000] {processor.py:914} INFO - Processing file /home/airflow/.local/lib/python3.12/site-packages/airflow/example_dags/example_sensors.py for tasks to queue
[2025-11-14T21:25:26.668+0000] {logging_mixin.py:190} INFO - [2025-11-14T21:25:26.667+0000] {dagbag.py:588} INFO - Filling up the DagBag from /home/airflow/.local/lib/python3.12/site-packages/airflow/example_dags/example_sensors.py
[2025-11-14T21:25:26.690+0000] {processor.py:925} INFO - DAG(s) 'example_sensors' retrieved from /home/airflow/.local/lib/python3.12/site-packages/airflow/example_dags/example_sensors.py
[2025-11-14T21:25:26.743+0000] {logging_mixin.py:190} INFO - [2025-11-14T21:25:26.743+0000] {dag.py:3239} INFO - Sync 1 DAGs
[2025-11-14T21:25:26.773+0000] {logging_mixin.py:190} INFO - [2025-11-14T21:25:26.772+0000] {dag.py:4180} INFO - Setting next_dagrun for example_sensors to None, run_after=None
[2025-11-14T21:25:26.809+0000] {processor.py:208} INFO - Processing /home/airflow/.local/lib/python3.12/site-packages/airflow/example_dags/example_sensors.py took 0.162 seconds
[2025-11-14T21:25:57.282+0000] {processor.py:186} INFO - Started process (PID=1246) to work on /home/airflow/.local/lib/python3.12/site-packages/airflow/example_dags/example_sensors.py
[2025-11-14T21:25:57.287+0000] {processor.py:914} INFO - Processing file /home/airflow/.local/lib/python3.12/site-packages/airflow/example_dags/example_sensors.py for tasks to queue
[2025-11-14T21:25:57.303+0000] {logging_mixin.py:190} INFO - [2025-11-14T21:25:57.302+0000] {dagbag.py:588} INFO - Filling up the DagBag from /home/airflow/.local/lib/python3.12/site-packages/airflow/example_dags/example_sensors.py
[2025-11-14T21:25:57.335+0000] {processor.py:925} INFO - DAG(s) 'example_sensors' retrieved from /home/airflow/.local/lib/python3.12/site-packages/airflow/example_dags/example_sensors.py
[2025-11-14T21:25:57.410+0000] {logging_mixin.py:190} INFO - [2025-11-14T21:25:57.410+0000] {dag.py:3239} INFO - Sync 1 DAGs
[2025-11-14T21:25:57.453+0000] {logging_mixin.py:190} INFO - [2025-11-14T21:25:57.452+0000] {dag.py:4180} INFO - Setting next_dagrun for example_sensors to None, run_after=None
[2025-11-14T21:25:57.498+0000] {processor.py:208} INFO - Processing /home/airflow/.local/lib/python3.12/site-packages/airflow/example_dags/example_sensors.py took 0.231 seconds
[2025-11-14T21:26:28.219+0000] {processor.py:186} INFO - Started process (PID=1310) to work on /home/airflow/.local/lib/python3.12/site-packages/airflow/example_dags/example_sensors.py
[2025-11-14T21:26:28.223+0000] {processor.py:914} INFO - Processing file /home/airflow/.local/lib/python3.12/site-packages/airflow/example_dags/example_sensors.py for tasks to queue
[2025-11-14T21:26:28.228+0000] {logging_mixin.py:190} INFO - [2025-11-14T21:26:28.228+0000] {dagbag.py:588} INFO - Filling up the DagBag from /home/airflow/.local/lib/python3.12/site-packages/airflow/example_dags/example_sensors.py
[2025-11-14T21:26:28.253+0000] {processor.py:925} INFO - DAG(s) 'example_sensors' retrieved from /home/airflow/.local/lib/python3.12/site-packages/airflow/example_dags/example_sensors.py
[2025-11-14T21:26:28.303+0000] {logging_mixin.py:190} INFO - [2025-11-14T21:26:28.303+0000] {dag.py:3239} INFO - Sync 1 DAGs
[2025-11-14T21:26:28.333+0000] {logging_mixin.py:190} INFO - [2025-11-14T21:26:28.333+0000] {dag.py:4180} INFO - Setting next_dagrun for example_sensors to None, run_after=None
[2025-11-14T21:26:28.369+0000] {processor.py:208} INFO - Processing /home/airflow/.local/lib/python3.12/site-packages/airflow/example_dags/example_sensors.py took 0.163 seconds
[2025-11-14T21:26:59.235+0000] {processor.py:186} INFO - Started process (PID=1374) to work on /home/airflow/.local/lib/python3.12/site-packages/airflow/example_dags/example_sensors.py
[2025-11-14T21:26:59.238+0000] {processor.py:914} INFO - Processing file /home/airflow/.local/lib/python3.12/site-packages/airflow/example_dags/example_sensors.py for tasks to queue
[2025-11-14T21:26:59.244+0000] {logging_mixin.py:190} INFO - [2025-11-14T21:26:59.244+0000] {dagbag.py:588} INFO - Filling up the DagBag from /home/airflow/.local/lib/python3.12/site-packages/airflow/example_dags/example_sensors.py
[2025-11-14T21:26:59.265+0000] {processor.py:925} INFO - DAG(s) 'example_sensors' retrieved from /home/airflow/.local/lib/python3.12/site-packages/airflow/example_dags/example_sensors.py
[2025-11-14T21:26:59.313+0000] {logging_mixin.py:190} INFO - [2025-11-14T21:26:59.313+0000] {dag.py:3239} INFO - Sync 1 DAGs
[2025-11-14T21:26:59.342+0000] {logging_mixin.py:190} INFO - [2025-11-14T21:26:59.341+0000] {dag.py:4180} INFO - Setting next_dagrun for example_sensors to None, run_after=None
[2025-11-14T21:26:59.375+0000] {processor.py:208} INFO - Processing /home/airflow/.local/lib/python3.12/site-packages/airflow/example_dags/example_sensors.py took 0.152 seconds
[2025-11-14T21:27:29.731+0000] {processor.py:186} INFO - Started process (PID=1437) to work on /home/airflow/.local/lib/python3.12/site-packages/airflow/example_dags/example_sensors.py
[2025-11-14T21:27:29.737+0000] {processor.py:914} INFO - Processing file /home/airflow/.local/lib/python3.12/site-packages/airflow/example_dags/example_sensors.py for tasks to queue
[2025-11-14T21:27:29.745+0000] {logging_mixin.py:190} INFO - [2025-11-14T21:27:29.743+0000] {dagbag.py:588} INFO - Filling up the DagBag from /home/airflow/.local/lib/python3.12/site-packages/airflow/example_dags/example_sensors.py
[2025-11-14T21:27:29.777+0000] {processor.py:925} INFO - DAG(s) 'example_sensors' retrieved from /home/airflow/.local/lib/python3.12/site-packages/airflow/example_dags/example_sensors.py
[2025-11-14T21:27:29.849+0000] {logging_mixin.py:190} INFO - [2025-11-14T21:27:29.848+0000] {dag.py:3239} INFO - Sync 1 DAGs
[2025-11-14T21:27:29.888+0000] {logging_mixin.py:190} INFO - [2025-11-14T21:27:29.888+0000] {dag.py:4180} INFO - Setting next_dagrun for example_sensors to None, run_after=None
[2025-11-14T21:27:29.945+0000] {processor.py:208} INFO - Processing /home/airflow/.local/lib/python3.12/site-packages/airflow/example_dags/example_sensors.py took 0.232 seconds
[2025-11-14T21:28:00.447+0000] {processor.py:186} INFO - Started process (PID=1500) to work on /home/airflow/.local/lib/python3.12/site-packages/airflow/example_dags/example_sensors.py
[2025-11-14T21:28:00.452+0000] {processor.py:914} INFO - Processing file /home/airflow/.local/lib/python3.12/site-packages/airflow/example_dags/example_sensors.py for tasks to queue
[2025-11-14T21:28:00.460+0000] {logging_mixin.py:190} INFO - [2025-11-14T21:28:00.459+0000] {dagbag.py:588} INFO - Filling up the DagBag from /home/airflow/.local/lib/python3.12/site-packages/airflow/example_dags/example_sensors.py
[2025-11-14T21:28:00.489+0000] {processor.py:925} INFO - DAG(s) 'example_sensors' retrieved from /home/airflow/.local/lib/python3.12/site-packages/airflow/example_dags/example_sensors.py
[2025-11-14T21:28:00.560+0000] {logging_mixin.py:190} INFO - [2025-11-14T21:28:00.560+0000] {dag.py:3239} INFO - Sync 1 DAGs
[2025-11-14T21:28:00.596+0000] {logging_mixin.py:190} INFO - [2025-11-14T21:28:00.596+0000] {dag.py:4180} INFO - Setting next_dagrun for example_sensors to None, run_after=None
[2025-11-14T21:28:00.637+0000] {processor.py:208} INFO - Processing /home/airflow/.local/lib/python3.12/site-packages/airflow/example_dags/example_sensors.py took 0.205 seconds
