[2025-11-14T21:15:48.129+0000] {processor.py:186} INFO - Started process (PID=72) to work on /home/airflow/.local/lib/python3.12/site-packages/airflow/example_dags/example_kubernetes_executor.py
[2025-11-14T21:15:48.131+0000] {processor.py:914} INFO - Processing file /home/airflow/.local/lib/python3.12/site-packages/airflow/example_dags/example_kubernetes_executor.py for tasks to queue
[2025-11-14T21:15:48.139+0000] {logging_mixin.py:190} INFO - [2025-11-14T21:15:48.138+0000] {dagbag.py:588} INFO - Filling up the DagBag from /home/airflow/.local/lib/python3.12/site-packages/airflow/example_dags/example_kubernetes_executor.py
[2025-11-14T21:15:48.182+0000] {processor.py:925} INFO - DAG(s) 'example_kubernetes_executor' retrieved from /home/airflow/.local/lib/python3.12/site-packages/airflow/example_dags/example_kubernetes_executor.py
[2025-11-14T21:15:48.460+0000] {logging_mixin.py:190} INFO - [2025-11-14T21:15:48.459+0000] {override.py:1900} INFO - Created Permission View: can edit on DAG:example_kubernetes_executor
[2025-11-14T21:15:48.482+0000] {logging_mixin.py:190} INFO - [2025-11-14T21:15:48.482+0000] {override.py:1900} INFO - Created Permission View: can delete on DAG:example_kubernetes_executor
[2025-11-14T21:15:48.494+0000] {logging_mixin.py:190} INFO - [2025-11-14T21:15:48.494+0000] {override.py:1900} INFO - Created Permission View: can read on DAG:example_kubernetes_executor
[2025-11-14T21:15:48.509+0000] {logging_mixin.py:190} INFO - [2025-11-14T21:15:48.508+0000] {override.py:1900} INFO - Created Permission View: menu access on DAG Run:example_kubernetes_executor
[2025-11-14T21:15:48.521+0000] {logging_mixin.py:190} INFO - [2025-11-14T21:15:48.520+0000] {override.py:1900} INFO - Created Permission View: can create on DAG Run:example_kubernetes_executor
[2025-11-14T21:15:48.532+0000] {logging_mixin.py:190} INFO - [2025-11-14T21:15:48.532+0000] {override.py:1900} INFO - Created Permission View: can delete on DAG Run:example_kubernetes_executor
[2025-11-14T21:15:48.545+0000] {logging_mixin.py:190} INFO - [2025-11-14T21:15:48.545+0000] {override.py:1900} INFO - Created Permission View: can read on DAG Run:example_kubernetes_executor
[2025-11-14T21:15:48.547+0000] {logging_mixin.py:190} INFO - [2025-11-14T21:15:48.547+0000] {dag.py:3239} INFO - Sync 1 DAGs
[2025-11-14T21:15:48.572+0000] {logging_mixin.py:190} INFO - [2025-11-14T21:15:48.572+0000] {dag.py:3262} INFO - Creating ORM DAG for example_kubernetes_executor
[2025-11-14T21:15:48.575+0000] {logging_mixin.py:190} INFO - [2025-11-14T21:15:48.574+0000] {dag.py:4180} INFO - Setting next_dagrun for example_kubernetes_executor to None, run_after=None
[2025-11-14T21:15:48.611+0000] {processor.py:208} INFO - Processing /home/airflow/.local/lib/python3.12/site-packages/airflow/example_dags/example_kubernetes_executor.py took 0.494 seconds
[2025-11-14T21:16:19.043+0000] {processor.py:186} INFO - Started process (PID=136) to work on /home/airflow/.local/lib/python3.12/site-packages/airflow/example_dags/example_kubernetes_executor.py
[2025-11-14T21:16:19.046+0000] {processor.py:914} INFO - Processing file /home/airflow/.local/lib/python3.12/site-packages/airflow/example_dags/example_kubernetes_executor.py for tasks to queue
[2025-11-14T21:16:19.051+0000] {logging_mixin.py:190} INFO - [2025-11-14T21:16:19.051+0000] {dagbag.py:588} INFO - Filling up the DagBag from /home/airflow/.local/lib/python3.12/site-packages/airflow/example_dags/example_kubernetes_executor.py
[2025-11-14T21:16:19.089+0000] {processor.py:925} INFO - DAG(s) 'example_kubernetes_executor' retrieved from /home/airflow/.local/lib/python3.12/site-packages/airflow/example_dags/example_kubernetes_executor.py
[2025-11-14T21:16:19.149+0000] {logging_mixin.py:190} INFO - [2025-11-14T21:16:19.149+0000] {dag.py:3239} INFO - Sync 1 DAGs
[2025-11-14T21:16:19.177+0000] {logging_mixin.py:190} INFO - [2025-11-14T21:16:19.176+0000] {dag.py:4180} INFO - Setting next_dagrun for example_kubernetes_executor to None, run_after=None
[2025-11-14T21:16:19.205+0000] {processor.py:208} INFO - Processing /home/airflow/.local/lib/python3.12/site-packages/airflow/example_dags/example_kubernetes_executor.py took 0.174 seconds
[2025-11-14T21:16:50.012+0000] {processor.py:186} INFO - Started process (PID=199) to work on /home/airflow/.local/lib/python3.12/site-packages/airflow/example_dags/example_kubernetes_executor.py
[2025-11-14T21:16:50.014+0000] {processor.py:914} INFO - Processing file /home/airflow/.local/lib/python3.12/site-packages/airflow/example_dags/example_kubernetes_executor.py for tasks to queue
[2025-11-14T21:16:50.017+0000] {logging_mixin.py:190} INFO - [2025-11-14T21:16:50.016+0000] {dagbag.py:588} INFO - Filling up the DagBag from /home/airflow/.local/lib/python3.12/site-packages/airflow/example_dags/example_kubernetes_executor.py
[2025-11-14T21:16:50.032+0000] {processor.py:925} INFO - DAG(s) 'example_kubernetes_executor' retrieved from /home/airflow/.local/lib/python3.12/site-packages/airflow/example_dags/example_kubernetes_executor.py
[2025-11-14T21:16:50.070+0000] {logging_mixin.py:190} INFO - [2025-11-14T21:16:50.069+0000] {dag.py:3239} INFO - Sync 1 DAGs
[2025-11-14T21:16:50.085+0000] {logging_mixin.py:190} INFO - [2025-11-14T21:16:50.085+0000] {dag.py:4180} INFO - Setting next_dagrun for example_kubernetes_executor to None, run_after=None
[2025-11-14T21:16:50.103+0000] {processor.py:208} INFO - Processing /home/airflow/.local/lib/python3.12/site-packages/airflow/example_dags/example_kubernetes_executor.py took 0.098 seconds
[2025-11-14T21:17:20.152+0000] {processor.py:186} INFO - Started process (PID=261) to work on /home/airflow/.local/lib/python3.12/site-packages/airflow/example_dags/example_kubernetes_executor.py
[2025-11-14T21:17:20.154+0000] {processor.py:914} INFO - Processing file /home/airflow/.local/lib/python3.12/site-packages/airflow/example_dags/example_kubernetes_executor.py for tasks to queue
[2025-11-14T21:17:20.157+0000] {logging_mixin.py:190} INFO - [2025-11-14T21:17:20.157+0000] {dagbag.py:588} INFO - Filling up the DagBag from /home/airflow/.local/lib/python3.12/site-packages/airflow/example_dags/example_kubernetes_executor.py
[2025-11-14T21:17:20.172+0000] {processor.py:925} INFO - DAG(s) 'example_kubernetes_executor' retrieved from /home/airflow/.local/lib/python3.12/site-packages/airflow/example_dags/example_kubernetes_executor.py
[2025-11-14T21:17:20.209+0000] {logging_mixin.py:190} INFO - [2025-11-14T21:17:20.209+0000] {dag.py:3239} INFO - Sync 1 DAGs
[2025-11-14T21:17:20.224+0000] {logging_mixin.py:190} INFO - [2025-11-14T21:17:20.223+0000] {dag.py:4180} INFO - Setting next_dagrun for example_kubernetes_executor to None, run_after=None
[2025-11-14T21:17:20.239+0000] {processor.py:208} INFO - Processing /home/airflow/.local/lib/python3.12/site-packages/airflow/example_dags/example_kubernetes_executor.py took 0.095 seconds
[2025-11-14T21:17:50.361+0000] {processor.py:186} INFO - Started process (PID=324) to work on /home/airflow/.local/lib/python3.12/site-packages/airflow/example_dags/example_kubernetes_executor.py
[2025-11-14T21:17:50.362+0000] {processor.py:914} INFO - Processing file /home/airflow/.local/lib/python3.12/site-packages/airflow/example_dags/example_kubernetes_executor.py for tasks to queue
[2025-11-14T21:17:50.365+0000] {logging_mixin.py:190} INFO - [2025-11-14T21:17:50.365+0000] {dagbag.py:588} INFO - Filling up the DagBag from /home/airflow/.local/lib/python3.12/site-packages/airflow/example_dags/example_kubernetes_executor.py
[2025-11-14T21:17:50.381+0000] {processor.py:925} INFO - DAG(s) 'example_kubernetes_executor' retrieved from /home/airflow/.local/lib/python3.12/site-packages/airflow/example_dags/example_kubernetes_executor.py
[2025-11-14T21:17:50.419+0000] {logging_mixin.py:190} INFO - [2025-11-14T21:17:50.419+0000] {dag.py:3239} INFO - Sync 1 DAGs
[2025-11-14T21:17:50.435+0000] {logging_mixin.py:190} INFO - [2025-11-14T21:17:50.435+0000] {dag.py:4180} INFO - Setting next_dagrun for example_kubernetes_executor to None, run_after=None
[2025-11-14T21:17:50.454+0000] {processor.py:208} INFO - Processing /home/airflow/.local/lib/python3.12/site-packages/airflow/example_dags/example_kubernetes_executor.py took 0.101 seconds
[2025-11-14T21:18:20.501+0000] {processor.py:186} INFO - Started process (PID=387) to work on /home/airflow/.local/lib/python3.12/site-packages/airflow/example_dags/example_kubernetes_executor.py
[2025-11-14T21:18:20.502+0000] {processor.py:914} INFO - Processing file /home/airflow/.local/lib/python3.12/site-packages/airflow/example_dags/example_kubernetes_executor.py for tasks to queue
[2025-11-14T21:18:20.506+0000] {logging_mixin.py:190} INFO - [2025-11-14T21:18:20.506+0000] {dagbag.py:588} INFO - Filling up the DagBag from /home/airflow/.local/lib/python3.12/site-packages/airflow/example_dags/example_kubernetes_executor.py
[2025-11-14T21:18:20.524+0000] {processor.py:925} INFO - DAG(s) 'example_kubernetes_executor' retrieved from /home/airflow/.local/lib/python3.12/site-packages/airflow/example_dags/example_kubernetes_executor.py
[2025-11-14T21:18:20.569+0000] {logging_mixin.py:190} INFO - [2025-11-14T21:18:20.569+0000] {dag.py:3239} INFO - Sync 1 DAGs
[2025-11-14T21:18:20.586+0000] {logging_mixin.py:190} INFO - [2025-11-14T21:18:20.586+0000] {dag.py:4180} INFO - Setting next_dagrun for example_kubernetes_executor to None, run_after=None
[2025-11-14T21:18:20.607+0000] {processor.py:208} INFO - Processing /home/airflow/.local/lib/python3.12/site-packages/airflow/example_dags/example_kubernetes_executor.py took 0.113 seconds
[2025-11-14T21:18:51.004+0000] {processor.py:186} INFO - Started process (PID=452) to work on /home/airflow/.local/lib/python3.12/site-packages/airflow/example_dags/example_kubernetes_executor.py
[2025-11-14T21:18:51.019+0000] {processor.py:914} INFO - Processing file /home/airflow/.local/lib/python3.12/site-packages/airflow/example_dags/example_kubernetes_executor.py for tasks to queue
[2025-11-14T21:18:51.050+0000] {logging_mixin.py:190} INFO - [2025-11-14T21:18:51.050+0000] {dagbag.py:588} INFO - Filling up the DagBag from /home/airflow/.local/lib/python3.12/site-packages/airflow/example_dags/example_kubernetes_executor.py
[2025-11-14T21:18:51.130+0000] {processor.py:925} INFO - DAG(s) 'example_kubernetes_executor' retrieved from /home/airflow/.local/lib/python3.12/site-packages/airflow/example_dags/example_kubernetes_executor.py
[2025-11-14T21:18:51.233+0000] {logging_mixin.py:190} INFO - [2025-11-14T21:18:51.233+0000] {dag.py:3239} INFO - Sync 1 DAGs
[2025-11-14T21:18:51.257+0000] {logging_mixin.py:190} INFO - [2025-11-14T21:18:51.256+0000] {dag.py:4180} INFO - Setting next_dagrun for example_kubernetes_executor to None, run_after=None
[2025-11-14T21:18:51.284+0000] {processor.py:208} INFO - Processing /home/airflow/.local/lib/python3.12/site-packages/airflow/example_dags/example_kubernetes_executor.py took 0.297 seconds
[2025-11-14T21:19:21.553+0000] {processor.py:186} INFO - Started process (PID=517) to work on /home/airflow/.local/lib/python3.12/site-packages/airflow/example_dags/example_kubernetes_executor.py
[2025-11-14T21:19:21.556+0000] {processor.py:914} INFO - Processing file /home/airflow/.local/lib/python3.12/site-packages/airflow/example_dags/example_kubernetes_executor.py for tasks to queue
[2025-11-14T21:19:21.562+0000] {logging_mixin.py:190} INFO - [2025-11-14T21:19:21.561+0000] {dagbag.py:588} INFO - Filling up the DagBag from /home/airflow/.local/lib/python3.12/site-packages/airflow/example_dags/example_kubernetes_executor.py
[2025-11-14T21:19:21.593+0000] {processor.py:925} INFO - DAG(s) 'example_kubernetes_executor' retrieved from /home/airflow/.local/lib/python3.12/site-packages/airflow/example_dags/example_kubernetes_executor.py
[2025-11-14T21:19:21.677+0000] {logging_mixin.py:190} INFO - [2025-11-14T21:19:21.677+0000] {dag.py:3239} INFO - Sync 1 DAGs
[2025-11-14T21:19:21.715+0000] {logging_mixin.py:190} INFO - [2025-11-14T21:19:21.715+0000] {dag.py:4180} INFO - Setting next_dagrun for example_kubernetes_executor to None, run_after=None
[2025-11-14T21:19:21.753+0000] {processor.py:208} INFO - Processing /home/airflow/.local/lib/python3.12/site-packages/airflow/example_dags/example_kubernetes_executor.py took 0.213 seconds
[2025-11-14T21:19:55.409+0000] {processor.py:186} INFO - Started process (PID=583) to work on /home/airflow/.local/lib/python3.12/site-packages/airflow/example_dags/example_kubernetes_executor.py
[2025-11-14T21:19:55.428+0000] {processor.py:914} INFO - Processing file /home/airflow/.local/lib/python3.12/site-packages/airflow/example_dags/example_kubernetes_executor.py for tasks to queue
[2025-11-14T21:19:55.465+0000] {logging_mixin.py:190} INFO - [2025-11-14T21:19:55.461+0000] {dagbag.py:588} INFO - Filling up the DagBag from /home/airflow/.local/lib/python3.12/site-packages/airflow/example_dags/example_kubernetes_executor.py
[2025-11-14T21:19:55.664+0000] {processor.py:925} INFO - DAG(s) 'example_kubernetes_executor' retrieved from /home/airflow/.local/lib/python3.12/site-packages/airflow/example_dags/example_kubernetes_executor.py
[2025-11-14T21:19:56.129+0000] {logging_mixin.py:190} INFO - [2025-11-14T21:19:56.127+0000] {dag.py:3239} INFO - Sync 1 DAGs
[2025-11-14T21:19:56.244+0000] {logging_mixin.py:190} INFO - [2025-11-14T21:19:56.244+0000] {dag.py:4180} INFO - Setting next_dagrun for example_kubernetes_executor to None, run_after=None
[2025-11-14T21:19:56.365+0000] {processor.py:208} INFO - Processing /home/airflow/.local/lib/python3.12/site-packages/airflow/example_dags/example_kubernetes_executor.py took 1.009 seconds
[2025-11-14T21:21:27.757+0000] {processor.py:186} INFO - Started process (PID=687) to work on /home/airflow/.local/lib/python3.12/site-packages/airflow/example_dags/example_kubernetes_executor.py
[2025-11-14T21:21:27.774+0000] {processor.py:914} INFO - Processing file /home/airflow/.local/lib/python3.12/site-packages/airflow/example_dags/example_kubernetes_executor.py for tasks to queue
[2025-11-14T21:21:27.807+0000] {logging_mixin.py:190} INFO - [2025-11-14T21:21:27.794+0000] {dagbag.py:588} INFO - Filling up the DagBag from /home/airflow/.local/lib/python3.12/site-packages/airflow/example_dags/example_kubernetes_executor.py
[2025-11-14T21:21:27.984+0000] {processor.py:925} INFO - DAG(s) 'example_kubernetes_executor' retrieved from /home/airflow/.local/lib/python3.12/site-packages/airflow/example_dags/example_kubernetes_executor.py
[2025-11-14T21:21:28.238+0000] {logging_mixin.py:190} INFO - [2025-11-14T21:21:28.237+0000] {dag.py:3239} INFO - Sync 1 DAGs
[2025-11-14T21:21:28.416+0000] {logging_mixin.py:190} INFO - [2025-11-14T21:21:28.415+0000] {dag.py:4180} INFO - Setting next_dagrun for example_kubernetes_executor to None, run_after=None
[2025-11-14T21:21:28.590+0000] {processor.py:208} INFO - Processing /home/airflow/.local/lib/python3.12/site-packages/airflow/example_dags/example_kubernetes_executor.py took 0.938 seconds
[2025-11-14T21:22:01.368+0000] {processor.py:186} INFO - Started process (PID=759) to work on /home/airflow/.local/lib/python3.12/site-packages/airflow/example_dags/example_kubernetes_executor.py
[2025-11-14T21:22:01.373+0000] {processor.py:914} INFO - Processing file /home/airflow/.local/lib/python3.12/site-packages/airflow/example_dags/example_kubernetes_executor.py for tasks to queue
[2025-11-14T21:22:01.383+0000] {logging_mixin.py:190} INFO - [2025-11-14T21:22:01.382+0000] {dagbag.py:588} INFO - Filling up the DagBag from /home/airflow/.local/lib/python3.12/site-packages/airflow/example_dags/example_kubernetes_executor.py
[2025-11-14T21:22:01.441+0000] {processor.py:925} INFO - DAG(s) 'example_kubernetes_executor' retrieved from /home/airflow/.local/lib/python3.12/site-packages/airflow/example_dags/example_kubernetes_executor.py
[2025-11-14T21:22:01.592+0000] {logging_mixin.py:190} INFO - [2025-11-14T21:22:01.590+0000] {dag.py:3239} INFO - Sync 1 DAGs
[2025-11-14T21:22:01.692+0000] {logging_mixin.py:190} INFO - [2025-11-14T21:22:01.691+0000] {dag.py:4180} INFO - Setting next_dagrun for example_kubernetes_executor to None, run_after=None
[2025-11-14T21:22:01.774+0000] {processor.py:208} INFO - Processing /home/airflow/.local/lib/python3.12/site-packages/airflow/example_dags/example_kubernetes_executor.py took 0.427 seconds
[2025-11-14T21:22:33.109+0000] {processor.py:186} INFO - Started process (PID=824) to work on /home/airflow/.local/lib/python3.12/site-packages/airflow/example_dags/example_kubernetes_executor.py
[2025-11-14T21:22:33.117+0000] {processor.py:914} INFO - Processing file /home/airflow/.local/lib/python3.12/site-packages/airflow/example_dags/example_kubernetes_executor.py for tasks to queue
[2025-11-14T21:22:33.127+0000] {logging_mixin.py:190} INFO - [2025-11-14T21:22:33.126+0000] {dagbag.py:588} INFO - Filling up the DagBag from /home/airflow/.local/lib/python3.12/site-packages/airflow/example_dags/example_kubernetes_executor.py
[2025-11-14T21:22:33.189+0000] {processor.py:925} INFO - DAG(s) 'example_kubernetes_executor' retrieved from /home/airflow/.local/lib/python3.12/site-packages/airflow/example_dags/example_kubernetes_executor.py
[2025-11-14T21:22:33.320+0000] {logging_mixin.py:190} INFO - [2025-11-14T21:22:33.319+0000] {dag.py:3239} INFO - Sync 1 DAGs
[2025-11-14T21:22:33.376+0000] {logging_mixin.py:190} INFO - [2025-11-14T21:22:33.375+0000] {dag.py:4180} INFO - Setting next_dagrun for example_kubernetes_executor to None, run_after=None
[2025-11-14T21:22:33.446+0000] {processor.py:208} INFO - Processing /home/airflow/.local/lib/python3.12/site-packages/airflow/example_dags/example_kubernetes_executor.py took 0.364 seconds
[2025-11-14T21:23:03.922+0000] {processor.py:186} INFO - Started process (PID=887) to work on /home/airflow/.local/lib/python3.12/site-packages/airflow/example_dags/example_kubernetes_executor.py
[2025-11-14T21:23:03.926+0000] {processor.py:914} INFO - Processing file /home/airflow/.local/lib/python3.12/site-packages/airflow/example_dags/example_kubernetes_executor.py for tasks to queue
[2025-11-14T21:23:03.935+0000] {logging_mixin.py:190} INFO - [2025-11-14T21:23:03.934+0000] {dagbag.py:588} INFO - Filling up the DagBag from /home/airflow/.local/lib/python3.12/site-packages/airflow/example_dags/example_kubernetes_executor.py
[2025-11-14T21:23:03.991+0000] {processor.py:925} INFO - DAG(s) 'example_kubernetes_executor' retrieved from /home/airflow/.local/lib/python3.12/site-packages/airflow/example_dags/example_kubernetes_executor.py
[2025-11-14T21:23:04.117+0000] {logging_mixin.py:190} INFO - [2025-11-14T21:23:04.117+0000] {dag.py:3239} INFO - Sync 1 DAGs
[2025-11-14T21:23:04.165+0000] {logging_mixin.py:190} INFO - [2025-11-14T21:23:04.165+0000] {dag.py:4180} INFO - Setting next_dagrun for example_kubernetes_executor to None, run_after=None
[2025-11-14T21:23:04.223+0000] {processor.py:208} INFO - Processing /home/airflow/.local/lib/python3.12/site-packages/airflow/example_dags/example_kubernetes_executor.py took 0.323 seconds
[2025-11-14T21:23:35.064+0000] {processor.py:186} INFO - Started process (PID=951) to work on /home/airflow/.local/lib/python3.12/site-packages/airflow/example_dags/example_kubernetes_executor.py
[2025-11-14T21:23:35.079+0000] {processor.py:914} INFO - Processing file /home/airflow/.local/lib/python3.12/site-packages/airflow/example_dags/example_kubernetes_executor.py for tasks to queue
[2025-11-14T21:23:35.100+0000] {logging_mixin.py:190} INFO - [2025-11-14T21:23:35.097+0000] {dagbag.py:588} INFO - Filling up the DagBag from /home/airflow/.local/lib/python3.12/site-packages/airflow/example_dags/example_kubernetes_executor.py
[2025-11-14T21:23:35.298+0000] {processor.py:925} INFO - DAG(s) 'example_kubernetes_executor' retrieved from /home/airflow/.local/lib/python3.12/site-packages/airflow/example_dags/example_kubernetes_executor.py
[2025-11-14T21:23:35.979+0000] {logging_mixin.py:190} INFO - [2025-11-14T21:23:35.963+0000] {dag.py:3239} INFO - Sync 1 DAGs
[2025-11-14T21:23:36.960+0000] {logging_mixin.py:190} INFO - [2025-11-14T21:23:36.951+0000] {dag.py:4180} INFO - Setting next_dagrun for example_kubernetes_executor to None, run_after=None
[2025-11-14T21:23:37.705+0000] {processor.py:208} INFO - Processing /home/airflow/.local/lib/python3.12/site-packages/airflow/example_dags/example_kubernetes_executor.py took 2.709 seconds
[2025-11-14T21:24:08.654+0000] {processor.py:186} INFO - Started process (PID=1014) to work on /home/airflow/.local/lib/python3.12/site-packages/airflow/example_dags/example_kubernetes_executor.py
[2025-11-14T21:24:08.766+0000] {processor.py:914} INFO - Processing file /home/airflow/.local/lib/python3.12/site-packages/airflow/example_dags/example_kubernetes_executor.py for tasks to queue
[2025-11-14T21:24:08.854+0000] {logging_mixin.py:190} INFO - [2025-11-14T21:24:08.852+0000] {dagbag.py:588} INFO - Filling up the DagBag from /home/airflow/.local/lib/python3.12/site-packages/airflow/example_dags/example_kubernetes_executor.py
[2025-11-14T21:24:09.330+0000] {processor.py:925} INFO - DAG(s) 'example_kubernetes_executor' retrieved from /home/airflow/.local/lib/python3.12/site-packages/airflow/example_dags/example_kubernetes_executor.py
[2025-11-14T21:24:10.403+0000] {logging_mixin.py:190} INFO - [2025-11-14T21:24:10.402+0000] {dag.py:3239} INFO - Sync 1 DAGs
[2025-11-14T21:24:10.698+0000] {logging_mixin.py:190} INFO - [2025-11-14T21:24:10.697+0000] {dag.py:4180} INFO - Setting next_dagrun for example_kubernetes_executor to None, run_after=None
[2025-11-14T21:24:11.049+0000] {processor.py:208} INFO - Processing /home/airflow/.local/lib/python3.12/site-packages/airflow/example_dags/example_kubernetes_executor.py took 2.764 seconds
[2025-11-14T21:24:41.498+0000] {processor.py:186} INFO - Started process (PID=1077) to work on /home/airflow/.local/lib/python3.12/site-packages/airflow/example_dags/example_kubernetes_executor.py
[2025-11-14T21:24:41.502+0000] {processor.py:914} INFO - Processing file /home/airflow/.local/lib/python3.12/site-packages/airflow/example_dags/example_kubernetes_executor.py for tasks to queue
[2025-11-14T21:24:41.509+0000] {logging_mixin.py:190} INFO - [2025-11-14T21:24:41.508+0000] {dagbag.py:588} INFO - Filling up the DagBag from /home/airflow/.local/lib/python3.12/site-packages/airflow/example_dags/example_kubernetes_executor.py
[2025-11-14T21:24:41.554+0000] {processor.py:925} INFO - DAG(s) 'example_kubernetes_executor' retrieved from /home/airflow/.local/lib/python3.12/site-packages/airflow/example_dags/example_kubernetes_executor.py
[2025-11-14T21:24:41.656+0000] {logging_mixin.py:190} INFO - [2025-11-14T21:24:41.656+0000] {dag.py:3239} INFO - Sync 1 DAGs
[2025-11-14T21:24:41.697+0000] {logging_mixin.py:190} INFO - [2025-11-14T21:24:41.697+0000] {dag.py:4180} INFO - Setting next_dagrun for example_kubernetes_executor to None, run_after=None
[2025-11-14T21:24:41.747+0000] {processor.py:208} INFO - Processing /home/airflow/.local/lib/python3.12/site-packages/airflow/example_dags/example_kubernetes_executor.py took 0.271 seconds
[2025-11-14T21:25:11.833+0000] {processor.py:186} INFO - Started process (PID=1141) to work on /home/airflow/.local/lib/python3.12/site-packages/airflow/example_dags/example_kubernetes_executor.py
[2025-11-14T21:25:11.837+0000] {processor.py:914} INFO - Processing file /home/airflow/.local/lib/python3.12/site-packages/airflow/example_dags/example_kubernetes_executor.py for tasks to queue
[2025-11-14T21:25:11.843+0000] {logging_mixin.py:190} INFO - [2025-11-14T21:25:11.842+0000] {dagbag.py:588} INFO - Filling up the DagBag from /home/airflow/.local/lib/python3.12/site-packages/airflow/example_dags/example_kubernetes_executor.py
[2025-11-14T21:25:11.875+0000] {processor.py:925} INFO - DAG(s) 'example_kubernetes_executor' retrieved from /home/airflow/.local/lib/python3.12/site-packages/airflow/example_dags/example_kubernetes_executor.py
[2025-11-14T21:25:11.957+0000] {logging_mixin.py:190} INFO - [2025-11-14T21:25:11.956+0000] {dag.py:3239} INFO - Sync 1 DAGs
[2025-11-14T21:25:11.990+0000] {logging_mixin.py:190} INFO - [2025-11-14T21:25:11.989+0000] {dag.py:4180} INFO - Setting next_dagrun for example_kubernetes_executor to None, run_after=None
[2025-11-14T21:25:12.029+0000] {processor.py:208} INFO - Processing /home/airflow/.local/lib/python3.12/site-packages/airflow/example_dags/example_kubernetes_executor.py took 0.210 seconds
[2025-11-14T21:25:42.756+0000] {processor.py:186} INFO - Started process (PID=1205) to work on /home/airflow/.local/lib/python3.12/site-packages/airflow/example_dags/example_kubernetes_executor.py
[2025-11-14T21:25:42.761+0000] {processor.py:914} INFO - Processing file /home/airflow/.local/lib/python3.12/site-packages/airflow/example_dags/example_kubernetes_executor.py for tasks to queue
[2025-11-14T21:25:42.769+0000] {logging_mixin.py:190} INFO - [2025-11-14T21:25:42.768+0000] {dagbag.py:588} INFO - Filling up the DagBag from /home/airflow/.local/lib/python3.12/site-packages/airflow/example_dags/example_kubernetes_executor.py
[2025-11-14T21:25:42.805+0000] {processor.py:925} INFO - DAG(s) 'example_kubernetes_executor' retrieved from /home/airflow/.local/lib/python3.12/site-packages/airflow/example_dags/example_kubernetes_executor.py
[2025-11-14T21:25:42.887+0000] {logging_mixin.py:190} INFO - [2025-11-14T21:25:42.886+0000] {dag.py:3239} INFO - Sync 1 DAGs
[2025-11-14T21:25:42.920+0000] {logging_mixin.py:190} INFO - [2025-11-14T21:25:42.919+0000] {dag.py:4180} INFO - Setting next_dagrun for example_kubernetes_executor to None, run_after=None
[2025-11-14T21:25:42.963+0000] {processor.py:208} INFO - Processing /home/airflow/.local/lib/python3.12/site-packages/airflow/example_dags/example_kubernetes_executor.py took 0.223 seconds
[2025-11-14T21:26:13.091+0000] {processor.py:186} INFO - Started process (PID=1269) to work on /home/airflow/.local/lib/python3.12/site-packages/airflow/example_dags/example_kubernetes_executor.py
[2025-11-14T21:26:13.095+0000] {processor.py:914} INFO - Processing file /home/airflow/.local/lib/python3.12/site-packages/airflow/example_dags/example_kubernetes_executor.py for tasks to queue
[2025-11-14T21:26:13.101+0000] {logging_mixin.py:190} INFO - [2025-11-14T21:26:13.100+0000] {dagbag.py:588} INFO - Filling up the DagBag from /home/airflow/.local/lib/python3.12/site-packages/airflow/example_dags/example_kubernetes_executor.py
[2025-11-14T21:26:13.132+0000] {processor.py:925} INFO - DAG(s) 'example_kubernetes_executor' retrieved from /home/airflow/.local/lib/python3.12/site-packages/airflow/example_dags/example_kubernetes_executor.py
[2025-11-14T21:26:13.204+0000] {logging_mixin.py:190} INFO - [2025-11-14T21:26:13.204+0000] {dag.py:3239} INFO - Sync 1 DAGs
[2025-11-14T21:26:13.235+0000] {logging_mixin.py:190} INFO - [2025-11-14T21:26:13.234+0000] {dag.py:4180} INFO - Setting next_dagrun for example_kubernetes_executor to None, run_after=None
[2025-11-14T21:26:13.269+0000] {processor.py:208} INFO - Processing /home/airflow/.local/lib/python3.12/site-packages/airflow/example_dags/example_kubernetes_executor.py took 0.191 seconds
[2025-11-14T21:26:43.348+0000] {processor.py:186} INFO - Started process (PID=1333) to work on /home/airflow/.local/lib/python3.12/site-packages/airflow/example_dags/example_kubernetes_executor.py
[2025-11-14T21:26:43.351+0000] {processor.py:914} INFO - Processing file /home/airflow/.local/lib/python3.12/site-packages/airflow/example_dags/example_kubernetes_executor.py for tasks to queue
[2025-11-14T21:26:43.356+0000] {logging_mixin.py:190} INFO - [2025-11-14T21:26:43.355+0000] {dagbag.py:588} INFO - Filling up the DagBag from /home/airflow/.local/lib/python3.12/site-packages/airflow/example_dags/example_kubernetes_executor.py
[2025-11-14T21:26:43.383+0000] {processor.py:925} INFO - DAG(s) 'example_kubernetes_executor' retrieved from /home/airflow/.local/lib/python3.12/site-packages/airflow/example_dags/example_kubernetes_executor.py
[2025-11-14T21:26:43.449+0000] {logging_mixin.py:190} INFO - [2025-11-14T21:26:43.448+0000] {dag.py:3239} INFO - Sync 1 DAGs
[2025-11-14T21:26:43.478+0000] {logging_mixin.py:190} INFO - [2025-11-14T21:26:43.477+0000] {dag.py:4180} INFO - Setting next_dagrun for example_kubernetes_executor to None, run_after=None
[2025-11-14T21:26:43.512+0000] {processor.py:208} INFO - Processing /home/airflow/.local/lib/python3.12/site-packages/airflow/example_dags/example_kubernetes_executor.py took 0.176 seconds
[2025-11-14T21:27:14.174+0000] {processor.py:186} INFO - Started process (PID=1396) to work on /home/airflow/.local/lib/python3.12/site-packages/airflow/example_dags/example_kubernetes_executor.py
[2025-11-14T21:27:14.180+0000] {processor.py:914} INFO - Processing file /home/airflow/.local/lib/python3.12/site-packages/airflow/example_dags/example_kubernetes_executor.py for tasks to queue
[2025-11-14T21:27:14.192+0000] {logging_mixin.py:190} INFO - [2025-11-14T21:27:14.191+0000] {dagbag.py:588} INFO - Filling up the DagBag from /home/airflow/.local/lib/python3.12/site-packages/airflow/example_dags/example_kubernetes_executor.py
[2025-11-14T21:27:14.229+0000] {processor.py:925} INFO - DAG(s) 'example_kubernetes_executor' retrieved from /home/airflow/.local/lib/python3.12/site-packages/airflow/example_dags/example_kubernetes_executor.py
[2025-11-14T21:27:14.314+0000] {logging_mixin.py:190} INFO - [2025-11-14T21:27:14.313+0000] {dag.py:3239} INFO - Sync 1 DAGs
[2025-11-14T21:27:14.350+0000] {logging_mixin.py:190} INFO - [2025-11-14T21:27:14.349+0000] {dag.py:4180} INFO - Setting next_dagrun for example_kubernetes_executor to None, run_after=None
[2025-11-14T21:27:14.387+0000] {processor.py:208} INFO - Processing /home/airflow/.local/lib/python3.12/site-packages/airflow/example_dags/example_kubernetes_executor.py took 0.235 seconds
[2025-11-14T21:27:44.708+0000] {processor.py:186} INFO - Started process (PID=1459) to work on /home/airflow/.local/lib/python3.12/site-packages/airflow/example_dags/example_kubernetes_executor.py
[2025-11-14T21:27:44.713+0000] {processor.py:914} INFO - Processing file /home/airflow/.local/lib/python3.12/site-packages/airflow/example_dags/example_kubernetes_executor.py for tasks to queue
[2025-11-14T21:27:44.728+0000] {logging_mixin.py:190} INFO - [2025-11-14T21:27:44.727+0000] {dagbag.py:588} INFO - Filling up the DagBag from /home/airflow/.local/lib/python3.12/site-packages/airflow/example_dags/example_kubernetes_executor.py
[2025-11-14T21:27:44.779+0000] {processor.py:925} INFO - DAG(s) 'example_kubernetes_executor' retrieved from /home/airflow/.local/lib/python3.12/site-packages/airflow/example_dags/example_kubernetes_executor.py
[2025-11-14T21:27:44.891+0000] {logging_mixin.py:190} INFO - [2025-11-14T21:27:44.891+0000] {dag.py:3239} INFO - Sync 1 DAGs
[2025-11-14T21:27:44.927+0000] {logging_mixin.py:190} INFO - [2025-11-14T21:27:44.926+0000] {dag.py:4180} INFO - Setting next_dagrun for example_kubernetes_executor to None, run_after=None
[2025-11-14T21:27:44.962+0000] {processor.py:208} INFO - Processing /home/airflow/.local/lib/python3.12/site-packages/airflow/example_dags/example_kubernetes_executor.py took 0.286 seconds
[2025-11-14T21:28:15.199+0000] {processor.py:186} INFO - Started process (PID=1522) to work on /home/airflow/.local/lib/python3.12/site-packages/airflow/example_dags/example_kubernetes_executor.py
[2025-11-14T21:28:15.205+0000] {processor.py:914} INFO - Processing file /home/airflow/.local/lib/python3.12/site-packages/airflow/example_dags/example_kubernetes_executor.py for tasks to queue
[2025-11-14T21:28:15.216+0000] {logging_mixin.py:190} INFO - [2025-11-14T21:28:15.215+0000] {dagbag.py:588} INFO - Filling up the DagBag from /home/airflow/.local/lib/python3.12/site-packages/airflow/example_dags/example_kubernetes_executor.py
[2025-11-14T21:28:15.270+0000] {processor.py:925} INFO - DAG(s) 'example_kubernetes_executor' retrieved from /home/airflow/.local/lib/python3.12/site-packages/airflow/example_dags/example_kubernetes_executor.py
[2025-11-14T21:28:15.361+0000] {logging_mixin.py:190} INFO - [2025-11-14T21:28:15.361+0000] {dag.py:3239} INFO - Sync 1 DAGs
[2025-11-14T21:28:15.398+0000] {logging_mixin.py:190} INFO - [2025-11-14T21:28:15.398+0000] {dag.py:4180} INFO - Setting next_dagrun for example_kubernetes_executor to None, run_after=None
[2025-11-14T21:28:15.450+0000] {processor.py:208} INFO - Processing /home/airflow/.local/lib/python3.12/site-packages/airflow/example_dags/example_kubernetes_executor.py took 0.273 seconds
