[2025-11-14T21:15:48.777+0000] {processor.py:186} INFO - Started process (PID=75) to work on /home/airflow/.local/lib/python3.12/site-packages/airflow/example_dags/example_nested_branch_dag.py
[2025-11-14T21:15:48.780+0000] {processor.py:914} INFO - Processing file /home/airflow/.local/lib/python3.12/site-packages/airflow/example_dags/example_nested_branch_dag.py for tasks to queue
[2025-11-14T21:15:48.786+0000] {logging_mixin.py:190} INFO - [2025-11-14T21:15:48.785+0000] {dagbag.py:588} INFO - Filling up the DagBag from /home/airflow/.local/lib/python3.12/site-packages/airflow/example_dags/example_nested_branch_dag.py
[2025-11-14T21:15:48.810+0000] {processor.py:925} INFO - DAG(s) 'example_nested_branch_dag' retrieved from /home/airflow/.local/lib/python3.12/site-packages/airflow/example_dags/example_nested_branch_dag.py
[2025-11-14T21:15:49.119+0000] {logging_mixin.py:190} INFO - [2025-11-14T21:15:49.117+0000] {override.py:1900} INFO - Created Permission View: can edit on DAG:example_nested_branch_dag
[2025-11-14T21:15:49.137+0000] {logging_mixin.py:190} INFO - [2025-11-14T21:15:49.136+0000] {override.py:1900} INFO - Created Permission View: can delete on DAG:example_nested_branch_dag
[2025-11-14T21:15:49.151+0000] {logging_mixin.py:190} INFO - [2025-11-14T21:15:49.151+0000] {override.py:1900} INFO - Created Permission View: can read on DAG:example_nested_branch_dag
[2025-11-14T21:15:49.166+0000] {logging_mixin.py:190} INFO - [2025-11-14T21:15:49.165+0000] {override.py:1900} INFO - Created Permission View: menu access on DAG Run:example_nested_branch_dag
[2025-11-14T21:15:49.179+0000] {logging_mixin.py:190} INFO - [2025-11-14T21:15:49.179+0000] {override.py:1900} INFO - Created Permission View: can create on DAG Run:example_nested_branch_dag
[2025-11-14T21:15:49.195+0000] {logging_mixin.py:190} INFO - [2025-11-14T21:15:49.195+0000] {override.py:1900} INFO - Created Permission View: can delete on DAG Run:example_nested_branch_dag
[2025-11-14T21:15:49.213+0000] {logging_mixin.py:190} INFO - [2025-11-14T21:15:49.212+0000] {override.py:1900} INFO - Created Permission View: can read on DAG Run:example_nested_branch_dag
[2025-11-14T21:15:49.215+0000] {logging_mixin.py:190} INFO - [2025-11-14T21:15:49.214+0000] {dag.py:3239} INFO - Sync 1 DAGs
[2025-11-14T21:15:49.254+0000] {logging_mixin.py:190} INFO - [2025-11-14T21:15:49.253+0000] {dag.py:3262} INFO - Creating ORM DAG for example_nested_branch_dag
[2025-11-14T21:15:49.282+0000] {logging_mixin.py:190} INFO - [2025-11-14T21:15:49.280+0000] {dag.py:4180} INFO - Setting next_dagrun for example_nested_branch_dag to 2025-11-13 00:00:00+00:00, run_after=2025-11-14 00:00:00+00:00
[2025-11-14T21:15:49.313+0000] {processor.py:208} INFO - Processing /home/airflow/.local/lib/python3.12/site-packages/airflow/example_dags/example_nested_branch_dag.py took 0.551 seconds
[2025-11-14T21:16:19.418+0000] {processor.py:186} INFO - Started process (PID=139) to work on /home/airflow/.local/lib/python3.12/site-packages/airflow/example_dags/example_nested_branch_dag.py
[2025-11-14T21:16:19.420+0000] {processor.py:914} INFO - Processing file /home/airflow/.local/lib/python3.12/site-packages/airflow/example_dags/example_nested_branch_dag.py for tasks to queue
[2025-11-14T21:16:19.425+0000] {logging_mixin.py:190} INFO - [2025-11-14T21:16:19.424+0000] {dagbag.py:588} INFO - Filling up the DagBag from /home/airflow/.local/lib/python3.12/site-packages/airflow/example_dags/example_nested_branch_dag.py
[2025-11-14T21:16:19.444+0000] {processor.py:925} INFO - DAG(s) 'example_nested_branch_dag' retrieved from /home/airflow/.local/lib/python3.12/site-packages/airflow/example_dags/example_nested_branch_dag.py
[2025-11-14T21:16:19.478+0000] {logging_mixin.py:190} INFO - [2025-11-14T21:16:19.478+0000] {dag.py:3239} INFO - Sync 1 DAGs
[2025-11-14T21:16:19.518+0000] {logging_mixin.py:190} INFO - [2025-11-14T21:16:19.518+0000] {dag.py:4180} INFO - Setting next_dagrun for example_nested_branch_dag to 2025-11-13 00:00:00+00:00, run_after=2025-11-14 00:00:00+00:00
[2025-11-14T21:16:19.548+0000] {processor.py:208} INFO - Processing /home/airflow/.local/lib/python3.12/site-packages/airflow/example_dags/example_nested_branch_dag.py took 0.140 seconds
[2025-11-14T21:16:50.281+0000] {processor.py:186} INFO - Started process (PID=202) to work on /home/airflow/.local/lib/python3.12/site-packages/airflow/example_dags/example_nested_branch_dag.py
[2025-11-14T21:16:50.282+0000] {processor.py:914} INFO - Processing file /home/airflow/.local/lib/python3.12/site-packages/airflow/example_dags/example_nested_branch_dag.py for tasks to queue
[2025-11-14T21:16:50.285+0000] {logging_mixin.py:190} INFO - [2025-11-14T21:16:50.285+0000] {dagbag.py:588} INFO - Filling up the DagBag from /home/airflow/.local/lib/python3.12/site-packages/airflow/example_dags/example_nested_branch_dag.py
[2025-11-14T21:16:50.299+0000] {processor.py:925} INFO - DAG(s) 'example_nested_branch_dag' retrieved from /home/airflow/.local/lib/python3.12/site-packages/airflow/example_dags/example_nested_branch_dag.py
[2025-11-14T21:16:50.322+0000] {logging_mixin.py:190} INFO - [2025-11-14T21:16:50.322+0000] {dag.py:3239} INFO - Sync 1 DAGs
[2025-11-14T21:16:50.349+0000] {logging_mixin.py:190} INFO - [2025-11-14T21:16:50.349+0000] {dag.py:4180} INFO - Setting next_dagrun for example_nested_branch_dag to 2025-11-13 00:00:00+00:00, run_after=2025-11-14 00:00:00+00:00
[2025-11-14T21:16:50.367+0000] {processor.py:208} INFO - Processing /home/airflow/.local/lib/python3.12/site-packages/airflow/example_dags/example_nested_branch_dag.py took 0.093 seconds
[2025-11-14T21:17:20.701+0000] {processor.py:186} INFO - Started process (PID=265) to work on /home/airflow/.local/lib/python3.12/site-packages/airflow/example_dags/example_nested_branch_dag.py
[2025-11-14T21:17:20.703+0000] {processor.py:914} INFO - Processing file /home/airflow/.local/lib/python3.12/site-packages/airflow/example_dags/example_nested_branch_dag.py for tasks to queue
[2025-11-14T21:17:20.706+0000] {logging_mixin.py:190} INFO - [2025-11-14T21:17:20.706+0000] {dagbag.py:588} INFO - Filling up the DagBag from /home/airflow/.local/lib/python3.12/site-packages/airflow/example_dags/example_nested_branch_dag.py
[2025-11-14T21:17:20.720+0000] {processor.py:925} INFO - DAG(s) 'example_nested_branch_dag' retrieved from /home/airflow/.local/lib/python3.12/site-packages/airflow/example_dags/example_nested_branch_dag.py
[2025-11-14T21:17:20.747+0000] {logging_mixin.py:190} INFO - [2025-11-14T21:17:20.747+0000] {dag.py:3239} INFO - Sync 1 DAGs
[2025-11-14T21:17:20.773+0000] {logging_mixin.py:190} INFO - [2025-11-14T21:17:20.773+0000] {dag.py:4180} INFO - Setting next_dagrun for example_nested_branch_dag to 2025-11-13 00:00:00+00:00, run_after=2025-11-14 00:00:00+00:00
[2025-11-14T21:17:20.790+0000] {processor.py:208} INFO - Processing /home/airflow/.local/lib/python3.12/site-packages/airflow/example_dags/example_nested_branch_dag.py took 0.098 seconds
[2025-11-14T21:17:51.717+0000] {processor.py:186} INFO - Started process (PID=328) to work on /home/airflow/.local/lib/python3.12/site-packages/airflow/example_dags/example_nested_branch_dag.py
[2025-11-14T21:17:51.719+0000] {processor.py:914} INFO - Processing file /home/airflow/.local/lib/python3.12/site-packages/airflow/example_dags/example_nested_branch_dag.py for tasks to queue
[2025-11-14T21:17:51.722+0000] {logging_mixin.py:190} INFO - [2025-11-14T21:17:51.722+0000] {dagbag.py:588} INFO - Filling up the DagBag from /home/airflow/.local/lib/python3.12/site-packages/airflow/example_dags/example_nested_branch_dag.py
[2025-11-14T21:17:51.735+0000] {processor.py:925} INFO - DAG(s) 'example_nested_branch_dag' retrieved from /home/airflow/.local/lib/python3.12/site-packages/airflow/example_dags/example_nested_branch_dag.py
[2025-11-14T21:17:51.761+0000] {logging_mixin.py:190} INFO - [2025-11-14T21:17:51.761+0000] {dag.py:3239} INFO - Sync 1 DAGs
[2025-11-14T21:17:51.789+0000] {logging_mixin.py:190} INFO - [2025-11-14T21:17:51.788+0000] {dag.py:4180} INFO - Setting next_dagrun for example_nested_branch_dag to 2025-11-13 00:00:00+00:00, run_after=2025-11-14 00:00:00+00:00
[2025-11-14T21:17:51.809+0000] {processor.py:208} INFO - Processing /home/airflow/.local/lib/python3.12/site-packages/airflow/example_dags/example_nested_branch_dag.py took 0.099 seconds
[2025-11-14T21:18:21.862+0000] {processor.py:186} INFO - Started process (PID=391) to work on /home/airflow/.local/lib/python3.12/site-packages/airflow/example_dags/example_nested_branch_dag.py
[2025-11-14T21:18:21.863+0000] {processor.py:914} INFO - Processing file /home/airflow/.local/lib/python3.12/site-packages/airflow/example_dags/example_nested_branch_dag.py for tasks to queue
[2025-11-14T21:18:21.866+0000] {logging_mixin.py:190} INFO - [2025-11-14T21:18:21.866+0000] {dagbag.py:588} INFO - Filling up the DagBag from /home/airflow/.local/lib/python3.12/site-packages/airflow/example_dags/example_nested_branch_dag.py
[2025-11-14T21:18:21.879+0000] {processor.py:925} INFO - DAG(s) 'example_nested_branch_dag' retrieved from /home/airflow/.local/lib/python3.12/site-packages/airflow/example_dags/example_nested_branch_dag.py
[2025-11-14T21:18:21.902+0000] {logging_mixin.py:190} INFO - [2025-11-14T21:18:21.901+0000] {dag.py:3239} INFO - Sync 1 DAGs
[2025-11-14T21:18:21.926+0000] {logging_mixin.py:190} INFO - [2025-11-14T21:18:21.926+0000] {dag.py:4180} INFO - Setting next_dagrun for example_nested_branch_dag to 2025-11-13 00:00:00+00:00, run_after=2025-11-14 00:00:00+00:00
[2025-11-14T21:18:21.943+0000] {processor.py:208} INFO - Processing /home/airflow/.local/lib/python3.12/site-packages/airflow/example_dags/example_nested_branch_dag.py took 0.088 seconds
[2025-11-14T21:18:52.753+0000] {processor.py:186} INFO - Started process (PID=456) to work on /home/airflow/.local/lib/python3.12/site-packages/airflow/example_dags/example_nested_branch_dag.py
[2025-11-14T21:18:52.755+0000] {processor.py:914} INFO - Processing file /home/airflow/.local/lib/python3.12/site-packages/airflow/example_dags/example_nested_branch_dag.py for tasks to queue
[2025-11-14T21:18:52.760+0000] {logging_mixin.py:190} INFO - [2025-11-14T21:18:52.759+0000] {dagbag.py:588} INFO - Filling up the DagBag from /home/airflow/.local/lib/python3.12/site-packages/airflow/example_dags/example_nested_branch_dag.py
[2025-11-14T21:18:52.778+0000] {processor.py:925} INFO - DAG(s) 'example_nested_branch_dag' retrieved from /home/airflow/.local/lib/python3.12/site-packages/airflow/example_dags/example_nested_branch_dag.py
[2025-11-14T21:18:52.812+0000] {logging_mixin.py:190} INFO - [2025-11-14T21:18:52.812+0000] {dag.py:3239} INFO - Sync 1 DAGs
[2025-11-14T21:18:52.844+0000] {logging_mixin.py:190} INFO - [2025-11-14T21:18:52.843+0000] {dag.py:4180} INFO - Setting next_dagrun for example_nested_branch_dag to 2025-11-13 00:00:00+00:00, run_after=2025-11-14 00:00:00+00:00
[2025-11-14T21:18:52.882+0000] {processor.py:208} INFO - Processing /home/airflow/.local/lib/python3.12/site-packages/airflow/example_dags/example_nested_branch_dag.py took 0.137 seconds
[2025-11-14T21:19:23.041+0000] {processor.py:186} INFO - Started process (PID=521) to work on /home/airflow/.local/lib/python3.12/site-packages/airflow/example_dags/example_nested_branch_dag.py
[2025-11-14T21:19:23.043+0000] {processor.py:914} INFO - Processing file /home/airflow/.local/lib/python3.12/site-packages/airflow/example_dags/example_nested_branch_dag.py for tasks to queue
[2025-11-14T21:19:23.048+0000] {logging_mixin.py:190} INFO - [2025-11-14T21:19:23.048+0000] {dagbag.py:588} INFO - Filling up the DagBag from /home/airflow/.local/lib/python3.12/site-packages/airflow/example_dags/example_nested_branch_dag.py
[2025-11-14T21:19:23.072+0000] {processor.py:925} INFO - DAG(s) 'example_nested_branch_dag' retrieved from /home/airflow/.local/lib/python3.12/site-packages/airflow/example_dags/example_nested_branch_dag.py
[2025-11-14T21:19:23.117+0000] {logging_mixin.py:190} INFO - [2025-11-14T21:19:23.116+0000] {dag.py:3239} INFO - Sync 1 DAGs
[2025-11-14T21:19:23.165+0000] {logging_mixin.py:190} INFO - [2025-11-14T21:19:23.165+0000] {dag.py:4180} INFO - Setting next_dagrun for example_nested_branch_dag to 2025-11-13 00:00:00+00:00, run_after=2025-11-14 00:00:00+00:00
[2025-11-14T21:19:23.210+0000] {processor.py:208} INFO - Processing /home/airflow/.local/lib/python3.12/site-packages/airflow/example_dags/example_nested_branch_dag.py took 0.182 seconds
[2025-11-14T21:19:57.007+0000] {processor.py:186} INFO - Started process (PID=598) to work on /home/airflow/.local/lib/python3.12/site-packages/airflow/example_dags/example_nested_branch_dag.py
[2025-11-14T21:19:57.013+0000] {processor.py:914} INFO - Processing file /home/airflow/.local/lib/python3.12/site-packages/airflow/example_dags/example_nested_branch_dag.py for tasks to queue
[2025-11-14T21:19:57.027+0000] {logging_mixin.py:190} INFO - [2025-11-14T21:19:57.025+0000] {dagbag.py:588} INFO - Filling up the DagBag from /home/airflow/.local/lib/python3.12/site-packages/airflow/example_dags/example_nested_branch_dag.py
[2025-11-14T21:19:57.066+0000] {processor.py:925} INFO - DAG(s) 'example_nested_branch_dag' retrieved from /home/airflow/.local/lib/python3.12/site-packages/airflow/example_dags/example_nested_branch_dag.py
[2025-11-14T21:19:57.139+0000] {logging_mixin.py:190} INFO - [2025-11-14T21:19:57.139+0000] {dag.py:3239} INFO - Sync 1 DAGs
[2025-11-14T21:19:57.219+0000] {logging_mixin.py:190} INFO - [2025-11-14T21:19:57.219+0000] {dag.py:4180} INFO - Setting next_dagrun for example_nested_branch_dag to 2025-11-13 00:00:00+00:00, run_after=2025-11-14 00:00:00+00:00
[2025-11-14T21:19:57.280+0000] {processor.py:208} INFO - Processing /home/airflow/.local/lib/python3.12/site-packages/airflow/example_dags/example_nested_branch_dag.py took 0.294 seconds
[2025-11-14T21:21:30.328+0000] {processor.py:186} INFO - Started process (PID=698) to work on /home/airflow/.local/lib/python3.12/site-packages/airflow/example_dags/example_nested_branch_dag.py
[2025-11-14T21:21:30.335+0000] {processor.py:914} INFO - Processing file /home/airflow/.local/lib/python3.12/site-packages/airflow/example_dags/example_nested_branch_dag.py for tasks to queue
[2025-11-14T21:21:30.356+0000] {logging_mixin.py:190} INFO - [2025-11-14T21:21:30.353+0000] {dagbag.py:588} INFO - Filling up the DagBag from /home/airflow/.local/lib/python3.12/site-packages/airflow/example_dags/example_nested_branch_dag.py
[2025-11-14T21:21:30.431+0000] {processor.py:925} INFO - DAG(s) 'example_nested_branch_dag' retrieved from /home/airflow/.local/lib/python3.12/site-packages/airflow/example_dags/example_nested_branch_dag.py
[2025-11-14T21:21:30.798+0000] {logging_mixin.py:190} INFO - [2025-11-14T21:21:30.796+0000] {dag.py:3239} INFO - Sync 1 DAGs
[2025-11-14T21:21:31.047+0000] {logging_mixin.py:190} INFO - [2025-11-14T21:21:31.045+0000] {dag.py:4180} INFO - Setting next_dagrun for example_nested_branch_dag to 2025-11-13 00:00:00+00:00, run_after=2025-11-14 00:00:00+00:00
[2025-11-14T21:21:31.179+0000] {processor.py:208} INFO - Processing /home/airflow/.local/lib/python3.12/site-packages/airflow/example_dags/example_nested_branch_dag.py took 0.901 seconds
[2025-11-14T21:22:02.365+0000] {processor.py:186} INFO - Started process (PID=762) to work on /home/airflow/.local/lib/python3.12/site-packages/airflow/example_dags/example_nested_branch_dag.py
[2025-11-14T21:22:02.371+0000] {processor.py:914} INFO - Processing file /home/airflow/.local/lib/python3.12/site-packages/airflow/example_dags/example_nested_branch_dag.py for tasks to queue
[2025-11-14T21:22:02.383+0000] {logging_mixin.py:190} INFO - [2025-11-14T21:22:02.381+0000] {dagbag.py:588} INFO - Filling up the DagBag from /home/airflow/.local/lib/python3.12/site-packages/airflow/example_dags/example_nested_branch_dag.py
[2025-11-14T21:22:02.439+0000] {processor.py:925} INFO - DAG(s) 'example_nested_branch_dag' retrieved from /home/airflow/.local/lib/python3.12/site-packages/airflow/example_dags/example_nested_branch_dag.py
[2025-11-14T21:22:02.532+0000] {logging_mixin.py:190} INFO - [2025-11-14T21:22:02.531+0000] {dag.py:3239} INFO - Sync 1 DAGs
[2025-11-14T21:22:02.641+0000] {logging_mixin.py:190} INFO - [2025-11-14T21:22:02.640+0000] {dag.py:4180} INFO - Setting next_dagrun for example_nested_branch_dag to 2025-11-13 00:00:00+00:00, run_after=2025-11-14 00:00:00+00:00
[2025-11-14T21:22:02.734+0000] {processor.py:208} INFO - Processing /home/airflow/.local/lib/python3.12/site-packages/airflow/example_dags/example_nested_branch_dag.py took 0.392 seconds
[2025-11-14T21:22:34.158+0000] {processor.py:186} INFO - Started process (PID=827) to work on /home/airflow/.local/lib/python3.12/site-packages/airflow/example_dags/example_nested_branch_dag.py
[2025-11-14T21:22:34.164+0000] {processor.py:914} INFO - Processing file /home/airflow/.local/lib/python3.12/site-packages/airflow/example_dags/example_nested_branch_dag.py for tasks to queue
[2025-11-14T21:22:34.180+0000] {logging_mixin.py:190} INFO - [2025-11-14T21:22:34.178+0000] {dagbag.py:588} INFO - Filling up the DagBag from /home/airflow/.local/lib/python3.12/site-packages/airflow/example_dags/example_nested_branch_dag.py
[2025-11-14T21:22:34.293+0000] {processor.py:925} INFO - DAG(s) 'example_nested_branch_dag' retrieved from /home/airflow/.local/lib/python3.12/site-packages/airflow/example_dags/example_nested_branch_dag.py
[2025-11-14T21:22:34.405+0000] {logging_mixin.py:190} INFO - [2025-11-14T21:22:34.404+0000] {dag.py:3239} INFO - Sync 1 DAGs
[2025-11-14T21:22:34.503+0000] {logging_mixin.py:190} INFO - [2025-11-14T21:22:34.502+0000] {dag.py:4180} INFO - Setting next_dagrun for example_nested_branch_dag to 2025-11-13 00:00:00+00:00, run_after=2025-11-14 00:00:00+00:00
[2025-11-14T21:22:34.561+0000] {processor.py:208} INFO - Processing /home/airflow/.local/lib/python3.12/site-packages/airflow/example_dags/example_nested_branch_dag.py took 0.443 seconds
[2025-11-14T21:23:05.049+0000] {processor.py:186} INFO - Started process (PID=891) to work on /home/airflow/.local/lib/python3.12/site-packages/airflow/example_dags/example_nested_branch_dag.py
[2025-11-14T21:23:05.054+0000] {processor.py:914} INFO - Processing file /home/airflow/.local/lib/python3.12/site-packages/airflow/example_dags/example_nested_branch_dag.py for tasks to queue
[2025-11-14T21:23:05.064+0000] {logging_mixin.py:190} INFO - [2025-11-14T21:23:05.063+0000] {dagbag.py:588} INFO - Filling up the DagBag from /home/airflow/.local/lib/python3.12/site-packages/airflow/example_dags/example_nested_branch_dag.py
[2025-11-14T21:23:05.118+0000] {processor.py:925} INFO - DAG(s) 'example_nested_branch_dag' retrieved from /home/airflow/.local/lib/python3.12/site-packages/airflow/example_dags/example_nested_branch_dag.py
[2025-11-14T21:23:05.204+0000] {logging_mixin.py:190} INFO - [2025-11-14T21:23:05.203+0000] {dag.py:3239} INFO - Sync 1 DAGs
[2025-11-14T21:23:05.318+0000] {logging_mixin.py:190} INFO - [2025-11-14T21:23:05.317+0000] {dag.py:4180} INFO - Setting next_dagrun for example_nested_branch_dag to 2025-11-13 00:00:00+00:00, run_after=2025-11-14 00:00:00+00:00
[2025-11-14T21:23:05.400+0000] {processor.py:208} INFO - Processing /home/airflow/.local/lib/python3.12/site-packages/airflow/example_dags/example_nested_branch_dag.py took 0.382 seconds
[2025-11-14T21:23:40.014+0000] {processor.py:186} INFO - Started process (PID=955) to work on /home/airflow/.local/lib/python3.12/site-packages/airflow/example_dags/example_nested_branch_dag.py
[2025-11-14T21:23:40.019+0000] {processor.py:914} INFO - Processing file /home/airflow/.local/lib/python3.12/site-packages/airflow/example_dags/example_nested_branch_dag.py for tasks to queue
[2025-11-14T21:23:40.034+0000] {logging_mixin.py:190} INFO - [2025-11-14T21:23:40.033+0000] {dagbag.py:588} INFO - Filling up the DagBag from /home/airflow/.local/lib/python3.12/site-packages/airflow/example_dags/example_nested_branch_dag.py
[2025-11-14T21:23:40.101+0000] {processor.py:925} INFO - DAG(s) 'example_nested_branch_dag' retrieved from /home/airflow/.local/lib/python3.12/site-packages/airflow/example_dags/example_nested_branch_dag.py
[2025-11-14T21:23:40.308+0000] {logging_mixin.py:190} INFO - [2025-11-14T21:23:40.307+0000] {dag.py:3239} INFO - Sync 1 DAGs
[2025-11-14T21:23:40.467+0000] {logging_mixin.py:190} INFO - [2025-11-14T21:23:40.466+0000] {dag.py:4180} INFO - Setting next_dagrun for example_nested_branch_dag to 2025-11-13 00:00:00+00:00, run_after=2025-11-14 00:00:00+00:00
[2025-11-14T21:23:40.613+0000] {processor.py:208} INFO - Processing /home/airflow/.local/lib/python3.12/site-packages/airflow/example_dags/example_nested_branch_dag.py took 0.628 seconds
[2025-11-14T21:24:12.579+0000] {processor.py:186} INFO - Started process (PID=1018) to work on /home/airflow/.local/lib/python3.12/site-packages/airflow/example_dags/example_nested_branch_dag.py
[2025-11-14T21:24:12.589+0000] {processor.py:914} INFO - Processing file /home/airflow/.local/lib/python3.12/site-packages/airflow/example_dags/example_nested_branch_dag.py for tasks to queue
[2025-11-14T21:24:12.609+0000] {logging_mixin.py:190} INFO - [2025-11-14T21:24:12.606+0000] {dagbag.py:588} INFO - Filling up the DagBag from /home/airflow/.local/lib/python3.12/site-packages/airflow/example_dags/example_nested_branch_dag.py
[2025-11-14T21:24:12.686+0000] {processor.py:925} INFO - DAG(s) 'example_nested_branch_dag' retrieved from /home/airflow/.local/lib/python3.12/site-packages/airflow/example_dags/example_nested_branch_dag.py
[2025-11-14T21:24:12.890+0000] {logging_mixin.py:190} INFO - [2025-11-14T21:24:12.888+0000] {dag.py:3239} INFO - Sync 1 DAGs
[2025-11-14T21:24:13.069+0000] {logging_mixin.py:190} INFO - [2025-11-14T21:24:13.068+0000] {dag.py:4180} INFO - Setting next_dagrun for example_nested_branch_dag to 2025-11-13 00:00:00+00:00, run_after=2025-11-14 00:00:00+00:00
[2025-11-14T21:24:13.161+0000] {processor.py:208} INFO - Processing /home/airflow/.local/lib/python3.12/site-packages/airflow/example_dags/example_nested_branch_dag.py took 0.643 seconds
[2025-11-14T21:24:43.968+0000] {processor.py:186} INFO - Started process (PID=1080) to work on /home/airflow/.local/lib/python3.12/site-packages/airflow/example_dags/example_nested_branch_dag.py
[2025-11-14T21:24:43.972+0000] {processor.py:914} INFO - Processing file /home/airflow/.local/lib/python3.12/site-packages/airflow/example_dags/example_nested_branch_dag.py for tasks to queue
[2025-11-14T21:24:43.983+0000] {logging_mixin.py:190} INFO - [2025-11-14T21:24:43.982+0000] {dagbag.py:588} INFO - Filling up the DagBag from /home/airflow/.local/lib/python3.12/site-packages/airflow/example_dags/example_nested_branch_dag.py
[2025-11-14T21:24:44.021+0000] {processor.py:925} INFO - DAG(s) 'example_nested_branch_dag' retrieved from /home/airflow/.local/lib/python3.12/site-packages/airflow/example_dags/example_nested_branch_dag.py
[2025-11-14T21:24:44.089+0000] {logging_mixin.py:190} INFO - [2025-11-14T21:24:44.089+0000] {dag.py:3239} INFO - Sync 1 DAGs
[2025-11-14T21:24:44.164+0000] {logging_mixin.py:190} INFO - [2025-11-14T21:24:44.164+0000] {dag.py:4180} INFO - Setting next_dagrun for example_nested_branch_dag to 2025-11-13 00:00:00+00:00, run_after=2025-11-14 00:00:00+00:00
[2025-11-14T21:24:44.226+0000] {processor.py:208} INFO - Processing /home/airflow/.local/lib/python3.12/site-packages/airflow/example_dags/example_nested_branch_dag.py took 0.289 seconds
[2025-11-14T21:25:14.434+0000] {processor.py:186} INFO - Started process (PID=1144) to work on /home/airflow/.local/lib/python3.12/site-packages/airflow/example_dags/example_nested_branch_dag.py
[2025-11-14T21:25:14.438+0000] {processor.py:914} INFO - Processing file /home/airflow/.local/lib/python3.12/site-packages/airflow/example_dags/example_nested_branch_dag.py for tasks to queue
[2025-11-14T21:25:14.445+0000] {logging_mixin.py:190} INFO - [2025-11-14T21:25:14.444+0000] {dagbag.py:588} INFO - Filling up the DagBag from /home/airflow/.local/lib/python3.12/site-packages/airflow/example_dags/example_nested_branch_dag.py
[2025-11-14T21:25:14.473+0000] {processor.py:925} INFO - DAG(s) 'example_nested_branch_dag' retrieved from /home/airflow/.local/lib/python3.12/site-packages/airflow/example_dags/example_nested_branch_dag.py
[2025-11-14T21:25:14.558+0000] {logging_mixin.py:190} INFO - [2025-11-14T21:25:14.557+0000] {dag.py:3239} INFO - Sync 1 DAGs
[2025-11-14T21:25:14.621+0000] {logging_mixin.py:190} INFO - [2025-11-14T21:25:14.620+0000] {dag.py:4180} INFO - Setting next_dagrun for example_nested_branch_dag to 2025-11-13 00:00:00+00:00, run_after=2025-11-14 00:00:00+00:00
[2025-11-14T21:25:14.666+0000] {processor.py:208} INFO - Processing /home/airflow/.local/lib/python3.12/site-packages/airflow/example_dags/example_nested_branch_dag.py took 0.249 seconds
[2025-11-14T21:25:45.074+0000] {processor.py:186} INFO - Started process (PID=1208) to work on /home/airflow/.local/lib/python3.12/site-packages/airflow/example_dags/example_nested_branch_dag.py
[2025-11-14T21:25:45.077+0000] {processor.py:914} INFO - Processing file /home/airflow/.local/lib/python3.12/site-packages/airflow/example_dags/example_nested_branch_dag.py for tasks to queue
[2025-11-14T21:25:45.083+0000] {logging_mixin.py:190} INFO - [2025-11-14T21:25:45.082+0000] {dagbag.py:588} INFO - Filling up the DagBag from /home/airflow/.local/lib/python3.12/site-packages/airflow/example_dags/example_nested_branch_dag.py
[2025-11-14T21:25:45.106+0000] {processor.py:925} INFO - DAG(s) 'example_nested_branch_dag' retrieved from /home/airflow/.local/lib/python3.12/site-packages/airflow/example_dags/example_nested_branch_dag.py
[2025-11-14T21:25:45.154+0000] {logging_mixin.py:190} INFO - [2025-11-14T21:25:45.153+0000] {dag.py:3239} INFO - Sync 1 DAGs
[2025-11-14T21:25:45.202+0000] {logging_mixin.py:190} INFO - [2025-11-14T21:25:45.202+0000] {dag.py:4180} INFO - Setting next_dagrun for example_nested_branch_dag to 2025-11-13 00:00:00+00:00, run_after=2025-11-14 00:00:00+00:00
[2025-11-14T21:25:45.242+0000] {processor.py:208} INFO - Processing /home/airflow/.local/lib/python3.12/site-packages/airflow/example_dags/example_nested_branch_dag.py took 0.181 seconds
[2025-11-14T21:26:15.399+0000] {processor.py:186} INFO - Started process (PID=1272) to work on /home/airflow/.local/lib/python3.12/site-packages/airflow/example_dags/example_nested_branch_dag.py
[2025-11-14T21:26:15.402+0000] {processor.py:914} INFO - Processing file /home/airflow/.local/lib/python3.12/site-packages/airflow/example_dags/example_nested_branch_dag.py for tasks to queue
[2025-11-14T21:26:15.407+0000] {logging_mixin.py:190} INFO - [2025-11-14T21:26:15.407+0000] {dagbag.py:588} INFO - Filling up the DagBag from /home/airflow/.local/lib/python3.12/site-packages/airflow/example_dags/example_nested_branch_dag.py
[2025-11-14T21:26:15.435+0000] {processor.py:925} INFO - DAG(s) 'example_nested_branch_dag' retrieved from /home/airflow/.local/lib/python3.12/site-packages/airflow/example_dags/example_nested_branch_dag.py
[2025-11-14T21:26:15.496+0000] {logging_mixin.py:190} INFO - [2025-11-14T21:26:15.496+0000] {dag.py:3239} INFO - Sync 1 DAGs
[2025-11-14T21:26:15.544+0000] {logging_mixin.py:190} INFO - [2025-11-14T21:26:15.544+0000] {dag.py:4180} INFO - Setting next_dagrun for example_nested_branch_dag to 2025-11-13 00:00:00+00:00, run_after=2025-11-14 00:00:00+00:00
[2025-11-14T21:26:15.582+0000] {processor.py:208} INFO - Processing /home/airflow/.local/lib/python3.12/site-packages/airflow/example_dags/example_nested_branch_dag.py took 0.198 seconds
[2025-11-14T21:26:45.835+0000] {processor.py:186} INFO - Started process (PID=1336) to work on /home/airflow/.local/lib/python3.12/site-packages/airflow/example_dags/example_nested_branch_dag.py
[2025-11-14T21:26:45.837+0000] {processor.py:914} INFO - Processing file /home/airflow/.local/lib/python3.12/site-packages/airflow/example_dags/example_nested_branch_dag.py for tasks to queue
[2025-11-14T21:26:45.843+0000] {logging_mixin.py:190} INFO - [2025-11-14T21:26:45.842+0000] {dagbag.py:588} INFO - Filling up the DagBag from /home/airflow/.local/lib/python3.12/site-packages/airflow/example_dags/example_nested_branch_dag.py
[2025-11-14T21:26:45.871+0000] {processor.py:925} INFO - DAG(s) 'example_nested_branch_dag' retrieved from /home/airflow/.local/lib/python3.12/site-packages/airflow/example_dags/example_nested_branch_dag.py
[2025-11-14T21:26:45.919+0000] {logging_mixin.py:190} INFO - [2025-11-14T21:26:45.919+0000] {dag.py:3239} INFO - Sync 1 DAGs
[2025-11-14T21:26:45.971+0000] {logging_mixin.py:190} INFO - [2025-11-14T21:26:45.971+0000] {dag.py:4180} INFO - Setting next_dagrun for example_nested_branch_dag to 2025-11-13 00:00:00+00:00, run_after=2025-11-14 00:00:00+00:00
[2025-11-14T21:26:46.009+0000] {processor.py:208} INFO - Processing /home/airflow/.local/lib/python3.12/site-packages/airflow/example_dags/example_nested_branch_dag.py took 0.192 seconds
[2025-11-14T21:27:16.485+0000] {processor.py:186} INFO - Started process (PID=1399) to work on /home/airflow/.local/lib/python3.12/site-packages/airflow/example_dags/example_nested_branch_dag.py
[2025-11-14T21:27:16.487+0000] {processor.py:914} INFO - Processing file /home/airflow/.local/lib/python3.12/site-packages/airflow/example_dags/example_nested_branch_dag.py for tasks to queue
[2025-11-14T21:27:16.492+0000] {logging_mixin.py:190} INFO - [2025-11-14T21:27:16.492+0000] {dagbag.py:588} INFO - Filling up the DagBag from /home/airflow/.local/lib/python3.12/site-packages/airflow/example_dags/example_nested_branch_dag.py
[2025-11-14T21:27:16.515+0000] {processor.py:925} INFO - DAG(s) 'example_nested_branch_dag' retrieved from /home/airflow/.local/lib/python3.12/site-packages/airflow/example_dags/example_nested_branch_dag.py
[2025-11-14T21:27:16.559+0000] {logging_mixin.py:190} INFO - [2025-11-14T21:27:16.559+0000] {dag.py:3239} INFO - Sync 1 DAGs
[2025-11-14T21:27:16.605+0000] {logging_mixin.py:190} INFO - [2025-11-14T21:27:16.605+0000] {dag.py:4180} INFO - Setting next_dagrun for example_nested_branch_dag to 2025-11-13 00:00:00+00:00, run_after=2025-11-14 00:00:00+00:00
[2025-11-14T21:27:16.638+0000] {processor.py:208} INFO - Processing /home/airflow/.local/lib/python3.12/site-packages/airflow/example_dags/example_nested_branch_dag.py took 0.168 seconds
[2025-11-14T21:27:47.093+0000] {processor.py:186} INFO - Started process (PID=1462) to work on /home/airflow/.local/lib/python3.12/site-packages/airflow/example_dags/example_nested_branch_dag.py
[2025-11-14T21:27:47.096+0000] {processor.py:914} INFO - Processing file /home/airflow/.local/lib/python3.12/site-packages/airflow/example_dags/example_nested_branch_dag.py for tasks to queue
[2025-11-14T21:27:47.104+0000] {logging_mixin.py:190} INFO - [2025-11-14T21:27:47.104+0000] {dagbag.py:588} INFO - Filling up the DagBag from /home/airflow/.local/lib/python3.12/site-packages/airflow/example_dags/example_nested_branch_dag.py
[2025-11-14T21:27:47.133+0000] {processor.py:925} INFO - DAG(s) 'example_nested_branch_dag' retrieved from /home/airflow/.local/lib/python3.12/site-packages/airflow/example_dags/example_nested_branch_dag.py
[2025-11-14T21:27:47.184+0000] {logging_mixin.py:190} INFO - [2025-11-14T21:27:47.183+0000] {dag.py:3239} INFO - Sync 1 DAGs
[2025-11-14T21:27:47.246+0000] {logging_mixin.py:190} INFO - [2025-11-14T21:27:47.246+0000] {dag.py:4180} INFO - Setting next_dagrun for example_nested_branch_dag to 2025-11-13 00:00:00+00:00, run_after=2025-11-14 00:00:00+00:00
[2025-11-14T21:27:47.291+0000] {processor.py:208} INFO - Processing /home/airflow/.local/lib/python3.12/site-packages/airflow/example_dags/example_nested_branch_dag.py took 0.216 seconds
