[2025-11-14T21:15:43.115+0000] {processor.py:186} INFO - Started process (PID=58) to work on /home/airflow/.local/lib/python3.12/site-packages/airflow/example_dags/example_inlet_event_extra.py
[2025-11-14T21:15:43.118+0000] {processor.py:914} INFO - Processing file /home/airflow/.local/lib/python3.12/site-packages/airflow/example_dags/example_inlet_event_extra.py for tasks to queue
[2025-11-14T21:15:43.123+0000] {logging_mixin.py:190} INFO - [2025-11-14T21:15:43.123+0000] {dagbag.py:588} INFO - Filling up the DagBag from /home/airflow/.local/lib/python3.12/site-packages/airflow/example_dags/example_inlet_event_extra.py
[2025-11-14T21:15:43.416+0000] {processor.py:925} INFO - DAG(s) 'read_dataset_event', 'read_dataset_event_from_classic' retrieved from /home/airflow/.local/lib/python3.12/site-packages/airflow/example_dags/example_inlet_event_extra.py
[2025-11-14T21:15:43.665+0000] {logging_mixin.py:190} INFO - [2025-11-14T21:15:43.664+0000] {override.py:1900} INFO - Created Permission View: can edit on DAG:read_dataset_event
[2025-11-14T21:15:43.683+0000] {logging_mixin.py:190} INFO - [2025-11-14T21:15:43.682+0000] {override.py:1900} INFO - Created Permission View: can delete on DAG:read_dataset_event
[2025-11-14T21:15:43.695+0000] {logging_mixin.py:190} INFO - [2025-11-14T21:15:43.695+0000] {override.py:1900} INFO - Created Permission View: can read on DAG:read_dataset_event
[2025-11-14T21:15:43.707+0000] {logging_mixin.py:190} INFO - [2025-11-14T21:15:43.707+0000] {override.py:1900} INFO - Created Permission View: menu access on DAG Run:read_dataset_event
[2025-11-14T21:15:43.719+0000] {logging_mixin.py:190} INFO - [2025-11-14T21:15:43.719+0000] {override.py:1900} INFO - Created Permission View: can create on DAG Run:read_dataset_event
[2025-11-14T21:15:43.730+0000] {logging_mixin.py:190} INFO - [2025-11-14T21:15:43.730+0000] {override.py:1900} INFO - Created Permission View: can delete on DAG Run:read_dataset_event
[2025-11-14T21:15:43.743+0000] {logging_mixin.py:190} INFO - [2025-11-14T21:15:43.742+0000] {override.py:1900} INFO - Created Permission View: can read on DAG Run:read_dataset_event
[2025-11-14T21:15:43.764+0000] {logging_mixin.py:190} INFO - [2025-11-14T21:15:43.763+0000] {override.py:1900} INFO - Created Permission View: can edit on DAG:read_dataset_event_from_classic
[2025-11-14T21:15:43.775+0000] {logging_mixin.py:190} INFO - [2025-11-14T21:15:43.775+0000] {override.py:1900} INFO - Created Permission View: can delete on DAG:read_dataset_event_from_classic
[2025-11-14T21:15:43.787+0000] {logging_mixin.py:190} INFO - [2025-11-14T21:15:43.786+0000] {override.py:1900} INFO - Created Permission View: can read on DAG:read_dataset_event_from_classic
[2025-11-14T21:15:43.799+0000] {logging_mixin.py:190} INFO - [2025-11-14T21:15:43.799+0000] {override.py:1900} INFO - Created Permission View: menu access on DAG Run:read_dataset_event_from_classic
[2025-11-14T21:15:43.811+0000] {logging_mixin.py:190} INFO - [2025-11-14T21:15:43.810+0000] {override.py:1900} INFO - Created Permission View: can create on DAG Run:read_dataset_event_from_classic
[2025-11-14T21:15:43.824+0000] {logging_mixin.py:190} INFO - [2025-11-14T21:15:43.823+0000] {override.py:1900} INFO - Created Permission View: can delete on DAG Run:read_dataset_event_from_classic
[2025-11-14T21:15:43.836+0000] {logging_mixin.py:190} INFO - [2025-11-14T21:15:43.835+0000] {override.py:1900} INFO - Created Permission View: can read on DAG Run:read_dataset_event_from_classic
[2025-11-14T21:15:43.838+0000] {logging_mixin.py:190} INFO - [2025-11-14T21:15:43.838+0000] {dag.py:3239} INFO - Sync 2 DAGs
[2025-11-14T21:15:43.864+0000] {logging_mixin.py:190} INFO - [2025-11-14T21:15:43.863+0000] {dag.py:3262} INFO - Creating ORM DAG for read_dataset_event_from_classic
[2025-11-14T21:15:43.867+0000] {logging_mixin.py:190} INFO - [2025-11-14T21:15:43.866+0000] {dag.py:3262} INFO - Creating ORM DAG for read_dataset_event
[2025-11-14T21:15:43.899+0000] {logging_mixin.py:190} INFO - [2025-11-14T21:15:43.898+0000] {dag.py:4180} INFO - Setting next_dagrun for read_dataset_event to 2025-11-13 00:00:00+00:00, run_after=2025-11-14 00:00:00+00:00
[2025-11-14T21:15:43.906+0000] {logging_mixin.py:190} INFO - [2025-11-14T21:15:43.906+0000] {dag.py:4180} INFO - Setting next_dagrun for read_dataset_event_from_classic to 2025-11-13 00:00:00+00:00, run_after=2025-11-14 00:00:00+00:00
[2025-11-14T21:15:43.940+0000] {processor.py:208} INFO - Processing /home/airflow/.local/lib/python3.12/site-packages/airflow/example_dags/example_inlet_event_extra.py took 0.837 seconds
[2025-11-14T21:16:14.063+0000] {processor.py:186} INFO - Started process (PID=122) to work on /home/airflow/.local/lib/python3.12/site-packages/airflow/example_dags/example_inlet_event_extra.py
[2025-11-14T21:16:14.066+0000] {processor.py:914} INFO - Processing file /home/airflow/.local/lib/python3.12/site-packages/airflow/example_dags/example_inlet_event_extra.py for tasks to queue
[2025-11-14T21:16:14.071+0000] {logging_mixin.py:190} INFO - [2025-11-14T21:16:14.070+0000] {dagbag.py:588} INFO - Filling up the DagBag from /home/airflow/.local/lib/python3.12/site-packages/airflow/example_dags/example_inlet_event_extra.py
[2025-11-14T21:16:14.305+0000] {processor.py:925} INFO - DAG(s) 'read_dataset_event', 'read_dataset_event_from_classic' retrieved from /home/airflow/.local/lib/python3.12/site-packages/airflow/example_dags/example_inlet_event_extra.py
[2025-11-14T21:16:14.339+0000] {logging_mixin.py:190} INFO - [2025-11-14T21:16:14.339+0000] {dag.py:3239} INFO - Sync 2 DAGs
[2025-11-14T21:16:14.379+0000] {logging_mixin.py:190} INFO - [2025-11-14T21:16:14.379+0000] {dag.py:4180} INFO - Setting next_dagrun for read_dataset_event to 2025-11-13 00:00:00+00:00, run_after=2025-11-14 00:00:00+00:00
[2025-11-14T21:16:14.388+0000] {logging_mixin.py:190} INFO - [2025-11-14T21:16:14.387+0000] {dag.py:4180} INFO - Setting next_dagrun for read_dataset_event_from_classic to 2025-11-13 00:00:00+00:00, run_after=2025-11-14 00:00:00+00:00
[2025-11-14T21:16:14.412+0000] {processor.py:208} INFO - Processing /home/airflow/.local/lib/python3.12/site-packages/airflow/example_dags/example_inlet_event_extra.py took 0.359 seconds
[2025-11-14T21:16:44.717+0000] {processor.py:186} INFO - Started process (PID=185) to work on /home/airflow/.local/lib/python3.12/site-packages/airflow/example_dags/example_inlet_event_extra.py
[2025-11-14T21:16:44.719+0000] {processor.py:914} INFO - Processing file /home/airflow/.local/lib/python3.12/site-packages/airflow/example_dags/example_inlet_event_extra.py for tasks to queue
[2025-11-14T21:16:44.722+0000] {logging_mixin.py:190} INFO - [2025-11-14T21:16:44.722+0000] {dagbag.py:588} INFO - Filling up the DagBag from /home/airflow/.local/lib/python3.12/site-packages/airflow/example_dags/example_inlet_event_extra.py
[2025-11-14T21:16:44.889+0000] {processor.py:925} INFO - DAG(s) 'read_dataset_event_from_classic', 'read_dataset_event' retrieved from /home/airflow/.local/lib/python3.12/site-packages/airflow/example_dags/example_inlet_event_extra.py
[2025-11-14T21:16:44.913+0000] {logging_mixin.py:190} INFO - [2025-11-14T21:16:44.913+0000] {dag.py:3239} INFO - Sync 2 DAGs
[2025-11-14T21:16:44.942+0000] {logging_mixin.py:190} INFO - [2025-11-14T21:16:44.942+0000] {dag.py:4180} INFO - Setting next_dagrun for read_dataset_event to 2025-11-13 00:00:00+00:00, run_after=2025-11-14 00:00:00+00:00
[2025-11-14T21:16:44.948+0000] {logging_mixin.py:190} INFO - [2025-11-14T21:16:44.948+0000] {dag.py:4180} INFO - Setting next_dagrun for read_dataset_event_from_classic to 2025-11-13 00:00:00+00:00, run_after=2025-11-14 00:00:00+00:00
[2025-11-14T21:16:44.965+0000] {processor.py:208} INFO - Processing /home/airflow/.local/lib/python3.12/site-packages/airflow/example_dags/example_inlet_event_extra.py took 0.255 seconds
[2025-11-14T21:17:15.067+0000] {processor.py:186} INFO - Started process (PID=249) to work on /home/airflow/.local/lib/python3.12/site-packages/airflow/example_dags/example_inlet_event_extra.py
[2025-11-14T21:17:15.070+0000] {processor.py:914} INFO - Processing file /home/airflow/.local/lib/python3.12/site-packages/airflow/example_dags/example_inlet_event_extra.py for tasks to queue
[2025-11-14T21:17:15.074+0000] {logging_mixin.py:190} INFO - [2025-11-14T21:17:15.074+0000] {dagbag.py:588} INFO - Filling up the DagBag from /home/airflow/.local/lib/python3.12/site-packages/airflow/example_dags/example_inlet_event_extra.py
[2025-11-14T21:17:15.256+0000] {processor.py:925} INFO - DAG(s) 'read_dataset_event', 'read_dataset_event_from_classic' retrieved from /home/airflow/.local/lib/python3.12/site-packages/airflow/example_dags/example_inlet_event_extra.py
[2025-11-14T21:17:15.285+0000] {logging_mixin.py:190} INFO - [2025-11-14T21:17:15.285+0000] {dag.py:3239} INFO - Sync 2 DAGs
[2025-11-14T21:17:15.322+0000] {logging_mixin.py:190} INFO - [2025-11-14T21:17:15.321+0000] {dag.py:4180} INFO - Setting next_dagrun for read_dataset_event to 2025-11-13 00:00:00+00:00, run_after=2025-11-14 00:00:00+00:00
[2025-11-14T21:17:15.331+0000] {logging_mixin.py:190} INFO - [2025-11-14T21:17:15.331+0000] {dag.py:4180} INFO - Setting next_dagrun for read_dataset_event_from_classic to 2025-11-13 00:00:00+00:00, run_after=2025-11-14 00:00:00+00:00
[2025-11-14T21:17:15.347+0000] {processor.py:208} INFO - Processing /home/airflow/.local/lib/python3.12/site-packages/airflow/example_dags/example_inlet_event_extra.py took 0.288 seconds
[2025-11-14T21:17:45.532+0000] {processor.py:186} INFO - Started process (PID=312) to work on /home/airflow/.local/lib/python3.12/site-packages/airflow/example_dags/example_inlet_event_extra.py
[2025-11-14T21:17:45.533+0000] {processor.py:914} INFO - Processing file /home/airflow/.local/lib/python3.12/site-packages/airflow/example_dags/example_inlet_event_extra.py for tasks to queue
[2025-11-14T21:17:45.536+0000] {logging_mixin.py:190} INFO - [2025-11-14T21:17:45.536+0000] {dagbag.py:588} INFO - Filling up the DagBag from /home/airflow/.local/lib/python3.12/site-packages/airflow/example_dags/example_inlet_event_extra.py
[2025-11-14T21:17:45.703+0000] {processor.py:925} INFO - DAG(s) 'read_dataset_event', 'read_dataset_event_from_classic' retrieved from /home/airflow/.local/lib/python3.12/site-packages/airflow/example_dags/example_inlet_event_extra.py
[2025-11-14T21:17:45.731+0000] {logging_mixin.py:190} INFO - [2025-11-14T21:17:45.731+0000] {dag.py:3239} INFO - Sync 2 DAGs
[2025-11-14T21:17:45.764+0000] {logging_mixin.py:190} INFO - [2025-11-14T21:17:45.763+0000] {dag.py:4180} INFO - Setting next_dagrun for read_dataset_event to 2025-11-13 00:00:00+00:00, run_after=2025-11-14 00:00:00+00:00
[2025-11-14T21:17:45.772+0000] {logging_mixin.py:190} INFO - [2025-11-14T21:17:45.771+0000] {dag.py:4180} INFO - Setting next_dagrun for read_dataset_event_from_classic to 2025-11-13 00:00:00+00:00, run_after=2025-11-14 00:00:00+00:00
[2025-11-14T21:17:45.791+0000] {processor.py:208} INFO - Processing /home/airflow/.local/lib/python3.12/site-packages/airflow/example_dags/example_inlet_event_extra.py took 0.266 seconds
[2025-11-14T21:18:16.712+0000] {processor.py:186} INFO - Started process (PID=376) to work on /home/airflow/.local/lib/python3.12/site-packages/airflow/example_dags/example_inlet_event_extra.py
[2025-11-14T21:18:16.714+0000] {processor.py:914} INFO - Processing file /home/airflow/.local/lib/python3.12/site-packages/airflow/example_dags/example_inlet_event_extra.py for tasks to queue
[2025-11-14T21:18:16.717+0000] {logging_mixin.py:190} INFO - [2025-11-14T21:18:16.717+0000] {dagbag.py:588} INFO - Filling up the DagBag from /home/airflow/.local/lib/python3.12/site-packages/airflow/example_dags/example_inlet_event_extra.py
[2025-11-14T21:18:16.855+0000] {processor.py:925} INFO - DAG(s) 'read_dataset_event_from_classic', 'read_dataset_event' retrieved from /home/airflow/.local/lib/python3.12/site-packages/airflow/example_dags/example_inlet_event_extra.py
[2025-11-14T21:18:16.877+0000] {logging_mixin.py:190} INFO - [2025-11-14T21:18:16.877+0000] {dag.py:3239} INFO - Sync 2 DAGs
[2025-11-14T21:18:16.905+0000] {logging_mixin.py:190} INFO - [2025-11-14T21:18:16.905+0000] {dag.py:4180} INFO - Setting next_dagrun for read_dataset_event to 2025-11-13 00:00:00+00:00, run_after=2025-11-14 00:00:00+00:00
[2025-11-14T21:18:16.911+0000] {logging_mixin.py:190} INFO - [2025-11-14T21:18:16.911+0000] {dag.py:4180} INFO - Setting next_dagrun for read_dataset_event_from_classic to 2025-11-13 00:00:00+00:00, run_after=2025-11-14 00:00:00+00:00
[2025-11-14T21:18:16.926+0000] {processor.py:208} INFO - Processing /home/airflow/.local/lib/python3.12/site-packages/airflow/example_dags/example_inlet_event_extra.py took 0.221 seconds
[2025-11-14T21:18:47.141+0000] {processor.py:186} INFO - Started process (PID=441) to work on /home/airflow/.local/lib/python3.12/site-packages/airflow/example_dags/example_inlet_event_extra.py
[2025-11-14T21:18:47.142+0000] {processor.py:914} INFO - Processing file /home/airflow/.local/lib/python3.12/site-packages/airflow/example_dags/example_inlet_event_extra.py for tasks to queue
[2025-11-14T21:18:47.146+0000] {logging_mixin.py:190} INFO - [2025-11-14T21:18:47.145+0000] {dagbag.py:588} INFO - Filling up the DagBag from /home/airflow/.local/lib/python3.12/site-packages/airflow/example_dags/example_inlet_event_extra.py
[2025-11-14T21:18:47.304+0000] {processor.py:925} INFO - DAG(s) 'read_dataset_event_from_classic', 'read_dataset_event' retrieved from /home/airflow/.local/lib/python3.12/site-packages/airflow/example_dags/example_inlet_event_extra.py
[2025-11-14T21:18:47.325+0000] {logging_mixin.py:190} INFO - [2025-11-14T21:18:47.325+0000] {dag.py:3239} INFO - Sync 2 DAGs
[2025-11-14T21:18:47.351+0000] {logging_mixin.py:190} INFO - [2025-11-14T21:18:47.351+0000] {dag.py:4180} INFO - Setting next_dagrun for read_dataset_event to 2025-11-13 00:00:00+00:00, run_after=2025-11-14 00:00:00+00:00
[2025-11-14T21:18:47.357+0000] {logging_mixin.py:190} INFO - [2025-11-14T21:18:47.357+0000] {dag.py:4180} INFO - Setting next_dagrun for read_dataset_event_from_classic to 2025-11-13 00:00:00+00:00, run_after=2025-11-14 00:00:00+00:00
[2025-11-14T21:18:47.374+0000] {processor.py:208} INFO - Processing /home/airflow/.local/lib/python3.12/site-packages/airflow/example_dags/example_inlet_event_extra.py took 0.241 seconds
[2025-11-14T21:19:18.601+0000] {processor.py:186} INFO - Started process (PID=504) to work on /home/airflow/.local/lib/python3.12/site-packages/airflow/example_dags/example_inlet_event_extra.py
[2025-11-14T21:19:18.604+0000] {processor.py:914} INFO - Processing file /home/airflow/.local/lib/python3.12/site-packages/airflow/example_dags/example_inlet_event_extra.py for tasks to queue
[2025-11-14T21:19:18.610+0000] {logging_mixin.py:190} INFO - [2025-11-14T21:19:18.609+0000] {dagbag.py:588} INFO - Filling up the DagBag from /home/airflow/.local/lib/python3.12/site-packages/airflow/example_dags/example_inlet_event_extra.py
[2025-11-14T21:19:18.867+0000] {processor.py:925} INFO - DAG(s) 'read_dataset_event_from_classic', 'read_dataset_event' retrieved from /home/airflow/.local/lib/python3.12/site-packages/airflow/example_dags/example_inlet_event_extra.py
[2025-11-14T21:19:18.909+0000] {logging_mixin.py:190} INFO - [2025-11-14T21:19:18.908+0000] {dag.py:3239} INFO - Sync 2 DAGs
[2025-11-14T21:19:18.953+0000] {logging_mixin.py:190} INFO - [2025-11-14T21:19:18.953+0000] {dag.py:4180} INFO - Setting next_dagrun for read_dataset_event to 2025-11-13 00:00:00+00:00, run_after=2025-11-14 00:00:00+00:00
[2025-11-14T21:19:18.963+0000] {logging_mixin.py:190} INFO - [2025-11-14T21:19:18.963+0000] {dag.py:4180} INFO - Setting next_dagrun for read_dataset_event_from_classic to 2025-11-13 00:00:00+00:00, run_after=2025-11-14 00:00:00+00:00
[2025-11-14T21:19:18.990+0000] {processor.py:208} INFO - Processing /home/airflow/.local/lib/python3.12/site-packages/airflow/example_dags/example_inlet_event_extra.py took 0.402 seconds
[2025-11-14T21:19:51.007+0000] {processor.py:186} INFO - Started process (PID=569) to work on /home/airflow/.local/lib/python3.12/site-packages/airflow/example_dags/example_inlet_event_extra.py
[2025-11-14T21:19:51.014+0000] {processor.py:914} INFO - Processing file /home/airflow/.local/lib/python3.12/site-packages/airflow/example_dags/example_inlet_event_extra.py for tasks to queue
[2025-11-14T21:19:51.041+0000] {logging_mixin.py:190} INFO - [2025-11-14T21:19:51.039+0000] {dagbag.py:588} INFO - Filling up the DagBag from /home/airflow/.local/lib/python3.12/site-packages/airflow/example_dags/example_inlet_event_extra.py
[2025-11-14T21:19:51.742+0000] {processor.py:925} INFO - DAG(s) 'read_dataset_event_from_classic', 'read_dataset_event' retrieved from /home/airflow/.local/lib/python3.12/site-packages/airflow/example_dags/example_inlet_event_extra.py
[2025-11-14T21:19:51.849+0000] {logging_mixin.py:190} INFO - [2025-11-14T21:19:51.848+0000] {dag.py:3239} INFO - Sync 2 DAGs
[2025-11-14T21:19:51.932+0000] {logging_mixin.py:190} INFO - [2025-11-14T21:19:51.932+0000] {dag.py:4180} INFO - Setting next_dagrun for read_dataset_event to 2025-11-13 00:00:00+00:00, run_after=2025-11-14 00:00:00+00:00
[2025-11-14T21:19:51.949+0000] {logging_mixin.py:190} INFO - [2025-11-14T21:19:51.949+0000] {dag.py:4180} INFO - Setting next_dagrun for read_dataset_event_from_classic to 2025-11-13 00:00:00+00:00, run_after=2025-11-14 00:00:00+00:00
[2025-11-14T21:19:52.004+0000] {processor.py:208} INFO - Processing /home/airflow/.local/lib/python3.12/site-packages/airflow/example_dags/example_inlet_event_extra.py took 1.026 seconds
[2025-11-14T21:20:53.183+0000] {processor.py:186} INFO - Started process (PID=649) to work on /home/airflow/.local/lib/python3.12/site-packages/airflow/example_dags/example_inlet_event_extra.py
[2025-11-14T21:20:53.206+0000] {processor.py:914} INFO - Processing file /home/airflow/.local/lib/python3.12/site-packages/airflow/example_dags/example_inlet_event_extra.py for tasks to queue
[2025-11-14T21:20:53.317+0000] {logging_mixin.py:190} INFO - [2025-11-14T21:20:53.304+0000] {dagbag.py:588} INFO - Filling up the DagBag from /home/airflow/.local/lib/python3.12/site-packages/airflow/example_dags/example_inlet_event_extra.py
[2025-11-14T21:20:59.211+0000] {processor.py:925} INFO - DAG(s) 'read_dataset_event', 'read_dataset_event_from_classic' retrieved from /home/airflow/.local/lib/python3.12/site-packages/airflow/example_dags/example_inlet_event_extra.py
[2025-11-14T21:20:59.447+0000] {logging_mixin.py:190} INFO - [2025-11-14T21:20:59.446+0000] {dag.py:3239} INFO - Sync 2 DAGs
[2025-11-14T21:20:59.893+0000] {logging_mixin.py:190} INFO - [2025-11-14T21:20:59.891+0000] {dag.py:4180} INFO - Setting next_dagrun for read_dataset_event to 2025-11-13 00:00:00+00:00, run_after=2025-11-14 00:00:00+00:00
[2025-11-14T21:20:59.962+0000] {logging_mixin.py:190} INFO - [2025-11-14T21:20:59.960+0000] {dag.py:4180} INFO - Setting next_dagrun for read_dataset_event_from_classic to 2025-11-13 00:00:00+00:00, run_after=2025-11-14 00:00:00+00:00
[2025-11-14T21:21:00.194+0000] {processor.py:208} INFO - Processing /home/airflow/.local/lib/python3.12/site-packages/airflow/example_dags/example_inlet_event_extra.py took 7.206 seconds
[2025-11-14T21:21:40.845+0000] {processor.py:186} INFO - Started process (PID=720) to work on /home/airflow/.local/lib/python3.12/site-packages/airflow/example_dags/example_inlet_event_extra.py
[2025-11-14T21:21:40.853+0000] {processor.py:914} INFO - Processing file /home/airflow/.local/lib/python3.12/site-packages/airflow/example_dags/example_inlet_event_extra.py for tasks to queue
[2025-11-14T21:21:40.869+0000] {logging_mixin.py:190} INFO - [2025-11-14T21:21:40.867+0000] {dagbag.py:588} INFO - Filling up the DagBag from /home/airflow/.local/lib/python3.12/site-packages/airflow/example_dags/example_inlet_event_extra.py
[2025-11-14T21:21:41.759+0000] {processor.py:925} INFO - DAG(s) 'read_dataset_event_from_classic', 'read_dataset_event' retrieved from /home/airflow/.local/lib/python3.12/site-packages/airflow/example_dags/example_inlet_event_extra.py
[2025-11-14T21:21:41.861+0000] {logging_mixin.py:190} INFO - [2025-11-14T21:21:41.860+0000] {dag.py:3239} INFO - Sync 2 DAGs
[2025-11-14T21:21:42.012+0000] {logging_mixin.py:190} INFO - [2025-11-14T21:21:42.011+0000] {dag.py:4180} INFO - Setting next_dagrun for read_dataset_event to 2025-11-13 00:00:00+00:00, run_after=2025-11-14 00:00:00+00:00
[2025-11-14T21:21:42.040+0000] {logging_mixin.py:190} INFO - [2025-11-14T21:21:42.040+0000] {dag.py:4180} INFO - Setting next_dagrun for read_dataset_event_from_classic to 2025-11-13 00:00:00+00:00, run_after=2025-11-14 00:00:00+00:00
[2025-11-14T21:21:42.113+0000] {processor.py:208} INFO - Processing /home/airflow/.local/lib/python3.12/site-packages/airflow/example_dags/example_inlet_event_extra.py took 1.316 seconds
[2025-11-14T21:22:12.966+0000] {processor.py:186} INFO - Started process (PID=784) to work on /home/airflow/.local/lib/python3.12/site-packages/airflow/example_dags/example_inlet_event_extra.py
[2025-11-14T21:22:12.975+0000] {processor.py:914} INFO - Processing file /home/airflow/.local/lib/python3.12/site-packages/airflow/example_dags/example_inlet_event_extra.py for tasks to queue
[2025-11-14T21:22:13.014+0000] {logging_mixin.py:190} INFO - [2025-11-14T21:22:13.009+0000] {dagbag.py:588} INFO - Filling up the DagBag from /home/airflow/.local/lib/python3.12/site-packages/airflow/example_dags/example_inlet_event_extra.py
[2025-11-14T21:22:14.366+0000] {processor.py:925} INFO - DAG(s) 'read_dataset_event_from_classic', 'read_dataset_event' retrieved from /home/airflow/.local/lib/python3.12/site-packages/airflow/example_dags/example_inlet_event_extra.py
[2025-11-14T21:22:14.488+0000] {logging_mixin.py:190} INFO - [2025-11-14T21:22:14.487+0000] {dag.py:3239} INFO - Sync 2 DAGs
[2025-11-14T21:22:14.630+0000] {logging_mixin.py:190} INFO - [2025-11-14T21:22:14.627+0000] {dag.py:4180} INFO - Setting next_dagrun for read_dataset_event to 2025-11-13 00:00:00+00:00, run_after=2025-11-14 00:00:00+00:00
[2025-11-14T21:22:14.669+0000] {logging_mixin.py:190} INFO - [2025-11-14T21:22:14.668+0000] {dag.py:4180} INFO - Setting next_dagrun for read_dataset_event_from_classic to 2025-11-13 00:00:00+00:00, run_after=2025-11-14 00:00:00+00:00
[2025-11-14T21:22:14.754+0000] {processor.py:208} INFO - Processing /home/airflow/.local/lib/python3.12/site-packages/airflow/example_dags/example_inlet_event_extra.py took 1.825 seconds
[2025-11-14T21:22:45.239+0000] {processor.py:186} INFO - Started process (PID=850) to work on /home/airflow/.local/lib/python3.12/site-packages/airflow/example_dags/example_inlet_event_extra.py
[2025-11-14T21:22:45.244+0000] {processor.py:914} INFO - Processing file /home/airflow/.local/lib/python3.12/site-packages/airflow/example_dags/example_inlet_event_extra.py for tasks to queue
[2025-11-14T21:22:45.254+0000] {logging_mixin.py:190} INFO - [2025-11-14T21:22:45.252+0000] {dagbag.py:588} INFO - Filling up the DagBag from /home/airflow/.local/lib/python3.12/site-packages/airflow/example_dags/example_inlet_event_extra.py
[2025-11-14T21:22:45.768+0000] {processor.py:925} INFO - DAG(s) 'read_dataset_event', 'read_dataset_event_from_classic' retrieved from /home/airflow/.local/lib/python3.12/site-packages/airflow/example_dags/example_inlet_event_extra.py
[2025-11-14T21:22:45.842+0000] {logging_mixin.py:190} INFO - [2025-11-14T21:22:45.841+0000] {dag.py:3239} INFO - Sync 2 DAGs
[2025-11-14T21:22:45.919+0000] {logging_mixin.py:190} INFO - [2025-11-14T21:22:45.919+0000] {dag.py:4180} INFO - Setting next_dagrun for read_dataset_event to 2025-11-13 00:00:00+00:00, run_after=2025-11-14 00:00:00+00:00
[2025-11-14T21:22:45.938+0000] {logging_mixin.py:190} INFO - [2025-11-14T21:22:45.938+0000] {dag.py:4180} INFO - Setting next_dagrun for read_dataset_event_from_classic to 2025-11-13 00:00:00+00:00, run_after=2025-11-14 00:00:00+00:00
[2025-11-14T21:22:45.991+0000] {processor.py:208} INFO - Processing /home/airflow/.local/lib/python3.12/site-packages/airflow/example_dags/example_inlet_event_extra.py took 0.782 seconds
[2025-11-14T21:23:16.310+0000] {processor.py:186} INFO - Started process (PID=914) to work on /home/airflow/.local/lib/python3.12/site-packages/airflow/example_dags/example_inlet_event_extra.py
[2025-11-14T21:23:16.316+0000] {processor.py:914} INFO - Processing file /home/airflow/.local/lib/python3.12/site-packages/airflow/example_dags/example_inlet_event_extra.py for tasks to queue
[2025-11-14T21:23:16.336+0000] {logging_mixin.py:190} INFO - [2025-11-14T21:23:16.334+0000] {dagbag.py:588} INFO - Filling up the DagBag from /home/airflow/.local/lib/python3.12/site-packages/airflow/example_dags/example_inlet_event_extra.py
[2025-11-14T21:23:16.858+0000] {processor.py:925} INFO - DAG(s) 'read_dataset_event_from_classic', 'read_dataset_event' retrieved from /home/airflow/.local/lib/python3.12/site-packages/airflow/example_dags/example_inlet_event_extra.py
[2025-11-14T21:23:16.920+0000] {logging_mixin.py:190} INFO - [2025-11-14T21:23:16.919+0000] {dag.py:3239} INFO - Sync 2 DAGs
[2025-11-14T21:23:16.994+0000] {logging_mixin.py:190} INFO - [2025-11-14T21:23:16.993+0000] {dag.py:4180} INFO - Setting next_dagrun for read_dataset_event to 2025-11-13 00:00:00+00:00, run_after=2025-11-14 00:00:00+00:00
[2025-11-14T21:23:17.012+0000] {logging_mixin.py:190} INFO - [2025-11-14T21:23:17.011+0000] {dag.py:4180} INFO - Setting next_dagrun for read_dataset_event_from_classic to 2025-11-13 00:00:00+00:00, run_after=2025-11-14 00:00:00+00:00
[2025-11-14T21:23:17.061+0000] {processor.py:208} INFO - Processing /home/airflow/.local/lib/python3.12/site-packages/airflow/example_dags/example_inlet_event_extra.py took 0.791 seconds
[2025-11-14T21:23:47.174+0000] {processor.py:186} INFO - Started process (PID=979) to work on /home/airflow/.local/lib/python3.12/site-packages/airflow/example_dags/example_inlet_event_extra.py
[2025-11-14T21:23:47.178+0000] {processor.py:914} INFO - Processing file /home/airflow/.local/lib/python3.12/site-packages/airflow/example_dags/example_inlet_event_extra.py for tasks to queue
[2025-11-14T21:23:47.186+0000] {logging_mixin.py:190} INFO - [2025-11-14T21:23:47.185+0000] {dagbag.py:588} INFO - Filling up the DagBag from /home/airflow/.local/lib/python3.12/site-packages/airflow/example_dags/example_inlet_event_extra.py
[2025-11-14T21:23:47.592+0000] {processor.py:925} INFO - DAG(s) 'read_dataset_event', 'read_dataset_event_from_classic' retrieved from /home/airflow/.local/lib/python3.12/site-packages/airflow/example_dags/example_inlet_event_extra.py
[2025-11-14T21:23:47.652+0000] {logging_mixin.py:190} INFO - [2025-11-14T21:23:47.652+0000] {dag.py:3239} INFO - Sync 2 DAGs
[2025-11-14T21:23:47.719+0000] {logging_mixin.py:190} INFO - [2025-11-14T21:23:47.719+0000] {dag.py:4180} INFO - Setting next_dagrun for read_dataset_event to 2025-11-13 00:00:00+00:00, run_after=2025-11-14 00:00:00+00:00
[2025-11-14T21:23:47.733+0000] {logging_mixin.py:190} INFO - [2025-11-14T21:23:47.733+0000] {dag.py:4180} INFO - Setting next_dagrun for read_dataset_event_from_classic to 2025-11-13 00:00:00+00:00, run_after=2025-11-14 00:00:00+00:00
[2025-11-14T21:23:47.781+0000] {processor.py:208} INFO - Processing /home/airflow/.local/lib/python3.12/site-packages/airflow/example_dags/example_inlet_event_extra.py took 0.624 seconds
[2025-11-14T21:24:20.207+0000] {processor.py:186} INFO - Started process (PID=1042) to work on /home/airflow/.local/lib/python3.12/site-packages/airflow/example_dags/example_inlet_event_extra.py
[2025-11-14T21:24:20.219+0000] {processor.py:914} INFO - Processing file /home/airflow/.local/lib/python3.12/site-packages/airflow/example_dags/example_inlet_event_extra.py for tasks to queue
[2025-11-14T21:24:20.232+0000] {logging_mixin.py:190} INFO - [2025-11-14T21:24:20.231+0000] {dagbag.py:588} INFO - Filling up the DagBag from /home/airflow/.local/lib/python3.12/site-packages/airflow/example_dags/example_inlet_event_extra.py
[2025-11-14T21:24:20.777+0000] {processor.py:925} INFO - DAG(s) 'read_dataset_event_from_classic', 'read_dataset_event' retrieved from /home/airflow/.local/lib/python3.12/site-packages/airflow/example_dags/example_inlet_event_extra.py
[2025-11-14T21:24:20.877+0000] {logging_mixin.py:190} INFO - [2025-11-14T21:24:20.876+0000] {dag.py:3239} INFO - Sync 2 DAGs
[2025-11-14T21:24:20.978+0000] {logging_mixin.py:190} INFO - [2025-11-14T21:24:20.978+0000] {dag.py:4180} INFO - Setting next_dagrun for read_dataset_event to 2025-11-13 00:00:00+00:00, run_after=2025-11-14 00:00:00+00:00
[2025-11-14T21:24:20.999+0000] {logging_mixin.py:190} INFO - [2025-11-14T21:24:20.998+0000] {dag.py:4180} INFO - Setting next_dagrun for read_dataset_event_from_classic to 2025-11-13 00:00:00+00:00, run_after=2025-11-14 00:00:00+00:00
[2025-11-14T21:24:21.054+0000] {processor.py:208} INFO - Processing /home/airflow/.local/lib/python3.12/site-packages/airflow/example_dags/example_inlet_event_extra.py took 0.890 seconds
[2025-11-14T21:24:52.629+0000] {processor.py:186} INFO - Started process (PID=1106) to work on /home/airflow/.local/lib/python3.12/site-packages/airflow/example_dags/example_inlet_event_extra.py
[2025-11-14T21:24:52.633+0000] {processor.py:914} INFO - Processing file /home/airflow/.local/lib/python3.12/site-packages/airflow/example_dags/example_inlet_event_extra.py for tasks to queue
[2025-11-14T21:24:52.644+0000] {logging_mixin.py:190} INFO - [2025-11-14T21:24:52.642+0000] {dagbag.py:588} INFO - Filling up the DagBag from /home/airflow/.local/lib/python3.12/site-packages/airflow/example_dags/example_inlet_event_extra.py
[2025-11-14T21:24:53.250+0000] {processor.py:925} INFO - DAG(s) 'read_dataset_event_from_classic', 'read_dataset_event' retrieved from /home/airflow/.local/lib/python3.12/site-packages/airflow/example_dags/example_inlet_event_extra.py
[2025-11-14T21:24:53.344+0000] {logging_mixin.py:190} INFO - [2025-11-14T21:24:53.343+0000] {dag.py:3239} INFO - Sync 2 DAGs
[2025-11-14T21:24:53.433+0000] {logging_mixin.py:190} INFO - [2025-11-14T21:24:53.432+0000] {dag.py:4180} INFO - Setting next_dagrun for read_dataset_event to 2025-11-13 00:00:00+00:00, run_after=2025-11-14 00:00:00+00:00
[2025-11-14T21:24:53.497+0000] {logging_mixin.py:190} INFO - [2025-11-14T21:24:53.495+0000] {dag.py:4180} INFO - Setting next_dagrun for read_dataset_event_from_classic to 2025-11-13 00:00:00+00:00, run_after=2025-11-14 00:00:00+00:00
[2025-11-14T21:24:53.578+0000] {processor.py:208} INFO - Processing /home/airflow/.local/lib/python3.12/site-packages/airflow/example_dags/example_inlet_event_extra.py took 0.974 seconds
[2025-11-14T21:25:23.667+0000] {processor.py:186} INFO - Started process (PID=1170) to work on /home/airflow/.local/lib/python3.12/site-packages/airflow/example_dags/example_inlet_event_extra.py
[2025-11-14T21:25:23.670+0000] {processor.py:914} INFO - Processing file /home/airflow/.local/lib/python3.12/site-packages/airflow/example_dags/example_inlet_event_extra.py for tasks to queue
[2025-11-14T21:25:23.676+0000] {logging_mixin.py:190} INFO - [2025-11-14T21:25:23.675+0000] {dagbag.py:588} INFO - Filling up the DagBag from /home/airflow/.local/lib/python3.12/site-packages/airflow/example_dags/example_inlet_event_extra.py
[2025-11-14T21:25:23.987+0000] {processor.py:925} INFO - DAG(s) 'read_dataset_event', 'read_dataset_event_from_classic' retrieved from /home/airflow/.local/lib/python3.12/site-packages/airflow/example_dags/example_inlet_event_extra.py
[2025-11-14T21:25:24.034+0000] {logging_mixin.py:190} INFO - [2025-11-14T21:25:24.034+0000] {dag.py:3239} INFO - Sync 2 DAGs
[2025-11-14T21:25:24.089+0000] {logging_mixin.py:190} INFO - [2025-11-14T21:25:24.089+0000] {dag.py:4180} INFO - Setting next_dagrun for read_dataset_event to 2025-11-13 00:00:00+00:00, run_after=2025-11-14 00:00:00+00:00
[2025-11-14T21:25:24.100+0000] {logging_mixin.py:190} INFO - [2025-11-14T21:25:24.100+0000] {dag.py:4180} INFO - Setting next_dagrun for read_dataset_event_from_classic to 2025-11-13 00:00:00+00:00, run_after=2025-11-14 00:00:00+00:00
[2025-11-14T21:25:24.131+0000] {processor.py:208} INFO - Processing /home/airflow/.local/lib/python3.12/site-packages/airflow/example_dags/example_inlet_event_extra.py took 0.477 seconds
[2025-11-14T21:25:54.433+0000] {processor.py:186} INFO - Started process (PID=1234) to work on /home/airflow/.local/lib/python3.12/site-packages/airflow/example_dags/example_inlet_event_extra.py
[2025-11-14T21:25:54.437+0000] {processor.py:914} INFO - Processing file /home/airflow/.local/lib/python3.12/site-packages/airflow/example_dags/example_inlet_event_extra.py for tasks to queue
[2025-11-14T21:25:54.448+0000] {logging_mixin.py:190} INFO - [2025-11-14T21:25:54.446+0000] {dagbag.py:588} INFO - Filling up the DagBag from /home/airflow/.local/lib/python3.12/site-packages/airflow/example_dags/example_inlet_event_extra.py
[2025-11-14T21:25:55.127+0000] {processor.py:925} INFO - DAG(s) 'read_dataset_event_from_classic', 'read_dataset_event' retrieved from /home/airflow/.local/lib/python3.12/site-packages/airflow/example_dags/example_inlet_event_extra.py
[2025-11-14T21:25:55.184+0000] {logging_mixin.py:190} INFO - [2025-11-14T21:25:55.183+0000] {dag.py:3239} INFO - Sync 2 DAGs
[2025-11-14T21:25:55.265+0000] {logging_mixin.py:190} INFO - [2025-11-14T21:25:55.265+0000] {dag.py:4180} INFO - Setting next_dagrun for read_dataset_event to 2025-11-13 00:00:00+00:00, run_after=2025-11-14 00:00:00+00:00
[2025-11-14T21:25:55.286+0000] {logging_mixin.py:190} INFO - [2025-11-14T21:25:55.286+0000] {dag.py:4180} INFO - Setting next_dagrun for read_dataset_event_from_classic to 2025-11-13 00:00:00+00:00, run_after=2025-11-14 00:00:00+00:00
[2025-11-14T21:25:55.337+0000] {processor.py:208} INFO - Processing /home/airflow/.local/lib/python3.12/site-packages/airflow/example_dags/example_inlet_event_extra.py took 0.932 seconds
[2025-11-14T21:26:25.623+0000] {processor.py:186} INFO - Started process (PID=1298) to work on /home/airflow/.local/lib/python3.12/site-packages/airflow/example_dags/example_inlet_event_extra.py
[2025-11-14T21:26:25.626+0000] {processor.py:914} INFO - Processing file /home/airflow/.local/lib/python3.12/site-packages/airflow/example_dags/example_inlet_event_extra.py for tasks to queue
[2025-11-14T21:26:25.631+0000] {logging_mixin.py:190} INFO - [2025-11-14T21:26:25.631+0000] {dagbag.py:588} INFO - Filling up the DagBag from /home/airflow/.local/lib/python3.12/site-packages/airflow/example_dags/example_inlet_event_extra.py
[2025-11-14T21:26:25.929+0000] {processor.py:925} INFO - DAG(s) 'read_dataset_event_from_classic', 'read_dataset_event' retrieved from /home/airflow/.local/lib/python3.12/site-packages/airflow/example_dags/example_inlet_event_extra.py
[2025-11-14T21:26:25.972+0000] {logging_mixin.py:190} INFO - [2025-11-14T21:26:25.971+0000] {dag.py:3239} INFO - Sync 2 DAGs
[2025-11-14T21:26:26.039+0000] {logging_mixin.py:190} INFO - [2025-11-14T21:26:26.039+0000] {dag.py:4180} INFO - Setting next_dagrun for read_dataset_event to 2025-11-13 00:00:00+00:00, run_after=2025-11-14 00:00:00+00:00
[2025-11-14T21:26:26.049+0000] {logging_mixin.py:190} INFO - [2025-11-14T21:26:26.049+0000] {dag.py:4180} INFO - Setting next_dagrun for read_dataset_event_from_classic to 2025-11-13 00:00:00+00:00, run_after=2025-11-14 00:00:00+00:00
[2025-11-14T21:26:26.080+0000] {processor.py:208} INFO - Processing /home/airflow/.local/lib/python3.12/site-packages/airflow/example_dags/example_inlet_event_extra.py took 0.470 seconds
[2025-11-14T21:26:56.630+0000] {processor.py:186} INFO - Started process (PID=1363) to work on /home/airflow/.local/lib/python3.12/site-packages/airflow/example_dags/example_inlet_event_extra.py
[2025-11-14T21:26:56.633+0000] {processor.py:914} INFO - Processing file /home/airflow/.local/lib/python3.12/site-packages/airflow/example_dags/example_inlet_event_extra.py for tasks to queue
[2025-11-14T21:26:56.638+0000] {logging_mixin.py:190} INFO - [2025-11-14T21:26:56.637+0000] {dagbag.py:588} INFO - Filling up the DagBag from /home/airflow/.local/lib/python3.12/site-packages/airflow/example_dags/example_inlet_event_extra.py
[2025-11-14T21:26:56.911+0000] {processor.py:925} INFO - DAG(s) 'read_dataset_event_from_classic', 'read_dataset_event' retrieved from /home/airflow/.local/lib/python3.12/site-packages/airflow/example_dags/example_inlet_event_extra.py
[2025-11-14T21:26:56.958+0000] {logging_mixin.py:190} INFO - [2025-11-14T21:26:56.958+0000] {dag.py:3239} INFO - Sync 2 DAGs
[2025-11-14T21:26:57.012+0000] {logging_mixin.py:190} INFO - [2025-11-14T21:26:57.012+0000] {dag.py:4180} INFO - Setting next_dagrun for read_dataset_event to 2025-11-13 00:00:00+00:00, run_after=2025-11-14 00:00:00+00:00
[2025-11-14T21:26:57.024+0000] {logging_mixin.py:190} INFO - [2025-11-14T21:26:57.023+0000] {dag.py:4180} INFO - Setting next_dagrun for read_dataset_event_from_classic to 2025-11-13 00:00:00+00:00, run_after=2025-11-14 00:00:00+00:00
[2025-11-14T21:26:57.060+0000] {processor.py:208} INFO - Processing /home/airflow/.local/lib/python3.12/site-packages/airflow/example_dags/example_inlet_event_extra.py took 0.443 seconds
[2025-11-14T21:27:27.120+0000] {processor.py:186} INFO - Started process (PID=1426) to work on /home/airflow/.local/lib/python3.12/site-packages/airflow/example_dags/example_inlet_event_extra.py
[2025-11-14T21:27:27.123+0000] {processor.py:914} INFO - Processing file /home/airflow/.local/lib/python3.12/site-packages/airflow/example_dags/example_inlet_event_extra.py for tasks to queue
[2025-11-14T21:27:27.129+0000] {logging_mixin.py:190} INFO - [2025-11-14T21:27:27.128+0000] {dagbag.py:588} INFO - Filling up the DagBag from /home/airflow/.local/lib/python3.12/site-packages/airflow/example_dags/example_inlet_event_extra.py
[2025-11-14T21:27:27.416+0000] {processor.py:925} INFO - DAG(s) 'read_dataset_event', 'read_dataset_event_from_classic' retrieved from /home/airflow/.local/lib/python3.12/site-packages/airflow/example_dags/example_inlet_event_extra.py
[2025-11-14T21:27:27.458+0000] {logging_mixin.py:190} INFO - [2025-11-14T21:27:27.458+0000] {dag.py:3239} INFO - Sync 2 DAGs
[2025-11-14T21:27:27.510+0000] {logging_mixin.py:190} INFO - [2025-11-14T21:27:27.509+0000] {dag.py:4180} INFO - Setting next_dagrun for read_dataset_event to 2025-11-13 00:00:00+00:00, run_after=2025-11-14 00:00:00+00:00
[2025-11-14T21:27:27.520+0000] {logging_mixin.py:190} INFO - [2025-11-14T21:27:27.520+0000] {dag.py:4180} INFO - Setting next_dagrun for read_dataset_event_from_classic to 2025-11-13 00:00:00+00:00, run_after=2025-11-14 00:00:00+00:00
[2025-11-14T21:27:27.550+0000] {processor.py:208} INFO - Processing /home/airflow/.local/lib/python3.12/site-packages/airflow/example_dags/example_inlet_event_extra.py took 0.443 seconds
[2025-11-14T21:27:58.817+0000] {processor.py:186} INFO - Started process (PID=1491) to work on /home/airflow/.local/lib/python3.12/site-packages/airflow/example_dags/example_inlet_event_extra.py
[2025-11-14T21:27:58.820+0000] {processor.py:914} INFO - Processing file /home/airflow/.local/lib/python3.12/site-packages/airflow/example_dags/example_inlet_event_extra.py for tasks to queue
[2025-11-14T21:27:58.827+0000] {logging_mixin.py:190} INFO - [2025-11-14T21:27:58.826+0000] {dagbag.py:588} INFO - Filling up the DagBag from /home/airflow/.local/lib/python3.12/site-packages/airflow/example_dags/example_inlet_event_extra.py
[2025-11-14T21:27:59.138+0000] {processor.py:925} INFO - DAG(s) 'read_dataset_event', 'read_dataset_event_from_classic' retrieved from /home/airflow/.local/lib/python3.12/site-packages/airflow/example_dags/example_inlet_event_extra.py
[2025-11-14T21:27:59.187+0000] {logging_mixin.py:190} INFO - [2025-11-14T21:27:59.186+0000] {dag.py:3239} INFO - Sync 2 DAGs
[2025-11-14T21:27:59.244+0000] {logging_mixin.py:190} INFO - [2025-11-14T21:27:59.243+0000] {dag.py:4180} INFO - Setting next_dagrun for read_dataset_event to 2025-11-13 00:00:00+00:00, run_after=2025-11-14 00:00:00+00:00
[2025-11-14T21:27:59.256+0000] {logging_mixin.py:190} INFO - [2025-11-14T21:27:59.255+0000] {dag.py:4180} INFO - Setting next_dagrun for read_dataset_event_from_classic to 2025-11-13 00:00:00+00:00, run_after=2025-11-14 00:00:00+00:00
[2025-11-14T21:27:59.290+0000] {processor.py:208} INFO - Processing /home/airflow/.local/lib/python3.12/site-packages/airflow/example_dags/example_inlet_event_extra.py took 0.487 seconds
