[2025-11-14T21:15:44.535+0000] {processor.py:186} INFO - Started process (PID=63) to work on /home/airflow/.local/lib/python3.12/site-packages/airflow/example_dags/example_xcom.py
[2025-11-14T21:15:44.538+0000] {processor.py:914} INFO - Processing file /home/airflow/.local/lib/python3.12/site-packages/airflow/example_dags/example_xcom.py for tasks to queue
[2025-11-14T21:15:44.543+0000] {logging_mixin.py:190} INFO - [2025-11-14T21:15:44.543+0000] {dagbag.py:588} INFO - Filling up the DagBag from /home/airflow/.local/lib/python3.12/site-packages/airflow/example_dags/example_xcom.py
[2025-11-14T21:15:44.564+0000] {processor.py:925} INFO - DAG(s) 'example_xcom' retrieved from /home/airflow/.local/lib/python3.12/site-packages/airflow/example_dags/example_xcom.py
[2025-11-14T21:15:44.780+0000] {logging_mixin.py:190} INFO - [2025-11-14T21:15:44.779+0000] {override.py:1900} INFO - Created Permission View: can edit on DAG:example_xcom
[2025-11-14T21:15:44.861+0000] {logging_mixin.py:190} INFO - [2025-11-14T21:15:44.860+0000] {override.py:1900} INFO - Created Permission View: can delete on DAG:example_xcom
[2025-11-14T21:15:44.883+0000] {logging_mixin.py:190} INFO - [2025-11-14T21:15:44.882+0000] {override.py:1900} INFO - Created Permission View: can read on DAG:example_xcom
[2025-11-14T21:15:44.971+0000] {logging_mixin.py:190} INFO - [2025-11-14T21:15:44.962+0000] {override.py:1900} INFO - Created Permission View: menu access on DAG Run:example_xcom
[2025-11-14T21:15:44.993+0000] {logging_mixin.py:190} INFO - [2025-11-14T21:15:44.992+0000] {override.py:1900} INFO - Created Permission View: can create on DAG Run:example_xcom
[2025-11-14T21:15:45.007+0000] {logging_mixin.py:190} INFO - [2025-11-14T21:15:45.006+0000] {override.py:1900} INFO - Created Permission View: can delete on DAG Run:example_xcom
[2025-11-14T21:15:45.020+0000] {logging_mixin.py:190} INFO - [2025-11-14T21:15:45.020+0000] {override.py:1900} INFO - Created Permission View: can read on DAG Run:example_xcom
[2025-11-14T21:15:45.023+0000] {logging_mixin.py:190} INFO - [2025-11-14T21:15:45.022+0000] {dag.py:3239} INFO - Sync 1 DAGs
[2025-11-14T21:15:45.049+0000] {logging_mixin.py:190} INFO - [2025-11-14T21:15:45.048+0000] {dag.py:3262} INFO - Creating ORM DAG for example_xcom
[2025-11-14T21:15:45.068+0000] {logging_mixin.py:190} INFO - [2025-11-14T21:15:45.067+0000] {dag.py:4180} INFO - Setting next_dagrun for example_xcom to 2021-01-01 00:00:00+00:00, run_after=2021-01-01 00:00:00+00:00
[2025-11-14T21:15:45.123+0000] {processor.py:208} INFO - Processing /home/airflow/.local/lib/python3.12/site-packages/airflow/example_dags/example_xcom.py took 0.600 seconds
[2025-11-14T21:16:15.826+0000] {processor.py:186} INFO - Started process (PID=127) to work on /home/airflow/.local/lib/python3.12/site-packages/airflow/example_dags/example_xcom.py
[2025-11-14T21:16:15.829+0000] {processor.py:914} INFO - Processing file /home/airflow/.local/lib/python3.12/site-packages/airflow/example_dags/example_xcom.py for tasks to queue
[2025-11-14T21:16:15.834+0000] {logging_mixin.py:190} INFO - [2025-11-14T21:16:15.834+0000] {dagbag.py:588} INFO - Filling up the DagBag from /home/airflow/.local/lib/python3.12/site-packages/airflow/example_dags/example_xcom.py
[2025-11-14T21:16:15.862+0000] {processor.py:925} INFO - DAG(s) 'example_xcom' retrieved from /home/airflow/.local/lib/python3.12/site-packages/airflow/example_dags/example_xcom.py
[2025-11-14T21:16:15.935+0000] {logging_mixin.py:190} INFO - [2025-11-14T21:16:15.935+0000] {dag.py:3239} INFO - Sync 1 DAGs
[2025-11-14T21:16:16.035+0000] {logging_mixin.py:190} INFO - [2025-11-14T21:16:16.034+0000] {dag.py:4180} INFO - Setting next_dagrun for example_xcom to 2021-01-01 00:00:00+00:00, run_after=2021-01-01 00:00:00+00:00
[2025-11-14T21:16:16.084+0000] {processor.py:208} INFO - Processing /home/airflow/.local/lib/python3.12/site-packages/airflow/example_dags/example_xcom.py took 0.277 seconds
[2025-11-14T21:16:46.193+0000] {processor.py:186} INFO - Started process (PID=190) to work on /home/airflow/.local/lib/python3.12/site-packages/airflow/example_dags/example_xcom.py
[2025-11-14T21:16:46.195+0000] {processor.py:914} INFO - Processing file /home/airflow/.local/lib/python3.12/site-packages/airflow/example_dags/example_xcom.py for tasks to queue
[2025-11-14T21:16:46.199+0000] {logging_mixin.py:190} INFO - [2025-11-14T21:16:46.198+0000] {dagbag.py:588} INFO - Filling up the DagBag from /home/airflow/.local/lib/python3.12/site-packages/airflow/example_dags/example_xcom.py
[2025-11-14T21:16:46.209+0000] {processor.py:925} INFO - DAG(s) 'example_xcom' retrieved from /home/airflow/.local/lib/python3.12/site-packages/airflow/example_dags/example_xcom.py
[2025-11-14T21:16:46.234+0000] {logging_mixin.py:190} INFO - [2025-11-14T21:16:46.234+0000] {dag.py:3239} INFO - Sync 1 DAGs
[2025-11-14T21:16:46.259+0000] {logging_mixin.py:190} INFO - [2025-11-14T21:16:46.258+0000] {dag.py:4180} INFO - Setting next_dagrun for example_xcom to 2021-01-01 00:00:00+00:00, run_after=2021-01-01 00:00:00+00:00
[2025-11-14T21:16:46.278+0000] {processor.py:208} INFO - Processing /home/airflow/.local/lib/python3.12/site-packages/airflow/example_dags/example_xcom.py took 0.091 seconds
[2025-11-14T21:17:16.513+0000] {processor.py:186} INFO - Started process (PID=253) to work on /home/airflow/.local/lib/python3.12/site-packages/airflow/example_dags/example_xcom.py
[2025-11-14T21:17:16.514+0000] {processor.py:914} INFO - Processing file /home/airflow/.local/lib/python3.12/site-packages/airflow/example_dags/example_xcom.py for tasks to queue
[2025-11-14T21:17:16.518+0000] {logging_mixin.py:190} INFO - [2025-11-14T21:17:16.518+0000] {dagbag.py:588} INFO - Filling up the DagBag from /home/airflow/.local/lib/python3.12/site-packages/airflow/example_dags/example_xcom.py
[2025-11-14T21:17:16.529+0000] {processor.py:925} INFO - DAG(s) 'example_xcom' retrieved from /home/airflow/.local/lib/python3.12/site-packages/airflow/example_dags/example_xcom.py
[2025-11-14T21:17:16.552+0000] {logging_mixin.py:190} INFO - [2025-11-14T21:17:16.552+0000] {dag.py:3239} INFO - Sync 1 DAGs
[2025-11-14T21:17:16.576+0000] {logging_mixin.py:190} INFO - [2025-11-14T21:17:16.576+0000] {dag.py:4180} INFO - Setting next_dagrun for example_xcom to 2021-01-01 00:00:00+00:00, run_after=2021-01-01 00:00:00+00:00
[2025-11-14T21:17:16.595+0000] {processor.py:208} INFO - Processing /home/airflow/.local/lib/python3.12/site-packages/airflow/example_dags/example_xcom.py took 0.090 seconds
[2025-11-14T21:17:46.841+0000] {processor.py:186} INFO - Started process (PID=316) to work on /home/airflow/.local/lib/python3.12/site-packages/airflow/example_dags/example_xcom.py
[2025-11-14T21:17:46.842+0000] {processor.py:914} INFO - Processing file /home/airflow/.local/lib/python3.12/site-packages/airflow/example_dags/example_xcom.py for tasks to queue
[2025-11-14T21:17:46.845+0000] {logging_mixin.py:190} INFO - [2025-11-14T21:17:46.845+0000] {dagbag.py:588} INFO - Filling up the DagBag from /home/airflow/.local/lib/python3.12/site-packages/airflow/example_dags/example_xcom.py
[2025-11-14T21:17:46.856+0000] {processor.py:925} INFO - DAG(s) 'example_xcom' retrieved from /home/airflow/.local/lib/python3.12/site-packages/airflow/example_dags/example_xcom.py
[2025-11-14T21:17:46.880+0000] {logging_mixin.py:190} INFO - [2025-11-14T21:17:46.880+0000] {dag.py:3239} INFO - Sync 1 DAGs
[2025-11-14T21:17:46.902+0000] {logging_mixin.py:190} INFO - [2025-11-14T21:17:46.902+0000] {dag.py:4180} INFO - Setting next_dagrun for example_xcom to 2021-01-01 00:00:00+00:00, run_after=2021-01-01 00:00:00+00:00
[2025-11-14T21:17:46.922+0000] {processor.py:208} INFO - Processing /home/airflow/.local/lib/python3.12/site-packages/airflow/example_dags/example_xcom.py took 0.088 seconds
[2025-11-14T21:18:16.971+0000] {processor.py:186} INFO - Started process (PID=379) to work on /home/airflow/.local/lib/python3.12/site-packages/airflow/example_dags/example_xcom.py
[2025-11-14T21:18:16.973+0000] {processor.py:914} INFO - Processing file /home/airflow/.local/lib/python3.12/site-packages/airflow/example_dags/example_xcom.py for tasks to queue
[2025-11-14T21:18:16.977+0000] {logging_mixin.py:190} INFO - [2025-11-14T21:18:16.976+0000] {dagbag.py:588} INFO - Filling up the DagBag from /home/airflow/.local/lib/python3.12/site-packages/airflow/example_dags/example_xcom.py
[2025-11-14T21:18:16.988+0000] {processor.py:925} INFO - DAG(s) 'example_xcom' retrieved from /home/airflow/.local/lib/python3.12/site-packages/airflow/example_dags/example_xcom.py
[2025-11-14T21:18:17.013+0000] {logging_mixin.py:190} INFO - [2025-11-14T21:18:17.013+0000] {dag.py:3239} INFO - Sync 1 DAGs
[2025-11-14T21:18:17.039+0000] {logging_mixin.py:190} INFO - [2025-11-14T21:18:17.039+0000] {dag.py:4180} INFO - Setting next_dagrun for example_xcom to 2021-01-01 00:00:00+00:00, run_after=2021-01-01 00:00:00+00:00
[2025-11-14T21:18:17.060+0000] {processor.py:208} INFO - Processing /home/airflow/.local/lib/python3.12/site-packages/airflow/example_dags/example_xcom.py took 0.096 seconds
[2025-11-14T21:18:47.421+0000] {processor.py:186} INFO - Started process (PID=444) to work on /home/airflow/.local/lib/python3.12/site-packages/airflow/example_dags/example_xcom.py
[2025-11-14T21:18:47.423+0000] {processor.py:914} INFO - Processing file /home/airflow/.local/lib/python3.12/site-packages/airflow/example_dags/example_xcom.py for tasks to queue
[2025-11-14T21:18:47.426+0000] {logging_mixin.py:190} INFO - [2025-11-14T21:18:47.426+0000] {dagbag.py:588} INFO - Filling up the DagBag from /home/airflow/.local/lib/python3.12/site-packages/airflow/example_dags/example_xcom.py
[2025-11-14T21:18:47.438+0000] {processor.py:925} INFO - DAG(s) 'example_xcom' retrieved from /home/airflow/.local/lib/python3.12/site-packages/airflow/example_dags/example_xcom.py
[2025-11-14T21:18:47.461+0000] {logging_mixin.py:190} INFO - [2025-11-14T21:18:47.461+0000] {dag.py:3239} INFO - Sync 1 DAGs
[2025-11-14T21:18:47.492+0000] {logging_mixin.py:190} INFO - [2025-11-14T21:18:47.492+0000] {dag.py:4180} INFO - Setting next_dagrun for example_xcom to 2021-01-01 00:00:00+00:00, run_after=2021-01-01 00:00:00+00:00
[2025-11-14T21:18:47.513+0000] {processor.py:208} INFO - Processing /home/airflow/.local/lib/python3.12/site-packages/airflow/example_dags/example_xcom.py took 0.104 seconds
[2025-11-14T21:19:19.495+0000] {processor.py:186} INFO - Started process (PID=509) to work on /home/airflow/.local/lib/python3.12/site-packages/airflow/example_dags/example_xcom.py
[2025-11-14T21:19:19.501+0000] {processor.py:914} INFO - Processing file /home/airflow/.local/lib/python3.12/site-packages/airflow/example_dags/example_xcom.py for tasks to queue
[2025-11-14T21:19:19.510+0000] {logging_mixin.py:190} INFO - [2025-11-14T21:19:19.509+0000] {dagbag.py:588} INFO - Filling up the DagBag from /home/airflow/.local/lib/python3.12/site-packages/airflow/example_dags/example_xcom.py
[2025-11-14T21:19:19.533+0000] {processor.py:925} INFO - DAG(s) 'example_xcom' retrieved from /home/airflow/.local/lib/python3.12/site-packages/airflow/example_dags/example_xcom.py
[2025-11-14T21:19:19.595+0000] {logging_mixin.py:190} INFO - [2025-11-14T21:19:19.594+0000] {dag.py:3239} INFO - Sync 1 DAGs
[2025-11-14T21:19:19.664+0000] {logging_mixin.py:190} INFO - [2025-11-14T21:19:19.663+0000] {dag.py:4180} INFO - Setting next_dagrun for example_xcom to 2021-01-01 00:00:00+00:00, run_after=2021-01-01 00:00:00+00:00
[2025-11-14T21:19:19.712+0000] {processor.py:208} INFO - Processing /home/airflow/.local/lib/python3.12/site-packages/airflow/example_dags/example_xcom.py took 0.257 seconds
[2025-11-14T21:19:52.592+0000] {processor.py:186} INFO - Started process (PID=574) to work on /home/airflow/.local/lib/python3.12/site-packages/airflow/example_dags/example_xcom.py
[2025-11-14T21:19:52.597+0000] {processor.py:914} INFO - Processing file /home/airflow/.local/lib/python3.12/site-packages/airflow/example_dags/example_xcom.py for tasks to queue
[2025-11-14T21:19:52.604+0000] {logging_mixin.py:190} INFO - [2025-11-14T21:19:52.603+0000] {dagbag.py:588} INFO - Filling up the DagBag from /home/airflow/.local/lib/python3.12/site-packages/airflow/example_dags/example_xcom.py
[2025-11-14T21:19:52.634+0000] {processor.py:925} INFO - DAG(s) 'example_xcom' retrieved from /home/airflow/.local/lib/python3.12/site-packages/airflow/example_dags/example_xcom.py
[2025-11-14T21:19:52.705+0000] {logging_mixin.py:190} INFO - [2025-11-14T21:19:52.704+0000] {dag.py:3239} INFO - Sync 1 DAGs
[2025-11-14T21:19:52.787+0000] {logging_mixin.py:190} INFO - [2025-11-14T21:19:52.786+0000] {dag.py:4180} INFO - Setting next_dagrun for example_xcom to 2021-01-01 00:00:00+00:00, run_after=2021-01-01 00:00:00+00:00
[2025-11-14T21:19:52.840+0000] {processor.py:208} INFO - Processing /home/airflow/.local/lib/python3.12/site-packages/airflow/example_dags/example_xcom.py took 0.268 seconds
[2025-11-14T21:21:01.774+0000] {processor.py:186} INFO - Started process (PID=660) to work on /home/airflow/.local/lib/python3.12/site-packages/airflow/example_dags/example_xcom.py
[2025-11-14T21:21:01.788+0000] {processor.py:914} INFO - Processing file /home/airflow/.local/lib/python3.12/site-packages/airflow/example_dags/example_xcom.py for tasks to queue
[2025-11-14T21:21:01.817+0000] {logging_mixin.py:190} INFO - [2025-11-14T21:21:01.814+0000] {dagbag.py:588} INFO - Filling up the DagBag from /home/airflow/.local/lib/python3.12/site-packages/airflow/example_dags/example_xcom.py
[2025-11-14T21:21:01.900+0000] {processor.py:925} INFO - DAG(s) 'example_xcom' retrieved from /home/airflow/.local/lib/python3.12/site-packages/airflow/example_dags/example_xcom.py
[2025-11-14T21:21:02.099+0000] {logging_mixin.py:190} INFO - [2025-11-14T21:21:02.098+0000] {dag.py:3239} INFO - Sync 1 DAGs
[2025-11-14T21:21:02.612+0000] {logging_mixin.py:190} INFO - [2025-11-14T21:21:02.610+0000] {dag.py:4180} INFO - Setting next_dagrun for example_xcom to 2021-01-01 00:00:00+00:00, run_after=2021-01-01 00:00:00+00:00
[2025-11-14T21:21:03.608+0000] {processor.py:208} INFO - Processing /home/airflow/.local/lib/python3.12/site-packages/airflow/example_dags/example_xcom.py took 1.893 seconds
[2025-11-14T21:21:42.876+0000] {processor.py:186} INFO - Started process (PID=725) to work on /home/airflow/.local/lib/python3.12/site-packages/airflow/example_dags/example_xcom.py
[2025-11-14T21:21:42.887+0000] {processor.py:914} INFO - Processing file /home/airflow/.local/lib/python3.12/site-packages/airflow/example_dags/example_xcom.py for tasks to queue
[2025-11-14T21:21:42.933+0000] {logging_mixin.py:190} INFO - [2025-11-14T21:21:42.922+0000] {dagbag.py:588} INFO - Filling up the DagBag from /home/airflow/.local/lib/python3.12/site-packages/airflow/example_dags/example_xcom.py
[2025-11-14T21:21:43.022+0000] {processor.py:925} INFO - DAG(s) 'example_xcom' retrieved from /home/airflow/.local/lib/python3.12/site-packages/airflow/example_dags/example_xcom.py
[2025-11-14T21:21:43.199+0000] {logging_mixin.py:190} INFO - [2025-11-14T21:21:43.198+0000] {dag.py:3239} INFO - Sync 1 DAGs
[2025-11-14T21:21:43.345+0000] {logging_mixin.py:190} INFO - [2025-11-14T21:21:43.344+0000] {dag.py:4180} INFO - Setting next_dagrun for example_xcom to 2021-01-01 00:00:00+00:00, run_after=2021-01-01 00:00:00+00:00
[2025-11-14T21:21:43.599+0000] {processor.py:208} INFO - Processing /home/airflow/.local/lib/python3.12/site-packages/airflow/example_dags/example_xcom.py took 0.766 seconds
[2025-11-14T21:22:15.848+0000] {processor.py:186} INFO - Started process (PID=789) to work on /home/airflow/.local/lib/python3.12/site-packages/airflow/example_dags/example_xcom.py
[2025-11-14T21:22:15.856+0000] {processor.py:914} INFO - Processing file /home/airflow/.local/lib/python3.12/site-packages/airflow/example_dags/example_xcom.py for tasks to queue
[2025-11-14T21:22:15.873+0000] {logging_mixin.py:190} INFO - [2025-11-14T21:22:15.871+0000] {dagbag.py:588} INFO - Filling up the DagBag from /home/airflow/.local/lib/python3.12/site-packages/airflow/example_dags/example_xcom.py
[2025-11-14T21:22:15.986+0000] {processor.py:925} INFO - DAG(s) 'example_xcom' retrieved from /home/airflow/.local/lib/python3.12/site-packages/airflow/example_dags/example_xcom.py
[2025-11-14T21:22:16.138+0000] {logging_mixin.py:190} INFO - [2025-11-14T21:22:16.137+0000] {dag.py:3239} INFO - Sync 1 DAGs
[2025-11-14T21:22:16.300+0000] {logging_mixin.py:190} INFO - [2025-11-14T21:22:16.299+0000] {dag.py:4180} INFO - Setting next_dagrun for example_xcom to 2021-01-01 00:00:00+00:00, run_after=2021-01-01 00:00:00+00:00
[2025-11-14T21:22:16.428+0000] {processor.py:208} INFO - Processing /home/airflow/.local/lib/python3.12/site-packages/airflow/example_dags/example_xcom.py took 0.609 seconds
[2025-11-14T21:22:47.487+0000] {processor.py:186} INFO - Started process (PID=854) to work on /home/airflow/.local/lib/python3.12/site-packages/airflow/example_dags/example_xcom.py
[2025-11-14T21:22:47.492+0000] {processor.py:914} INFO - Processing file /home/airflow/.local/lib/python3.12/site-packages/airflow/example_dags/example_xcom.py for tasks to queue
[2025-11-14T21:22:47.501+0000] {logging_mixin.py:190} INFO - [2025-11-14T21:22:47.500+0000] {dagbag.py:588} INFO - Filling up the DagBag from /home/airflow/.local/lib/python3.12/site-packages/airflow/example_dags/example_xcom.py
[2025-11-14T21:22:47.531+0000] {processor.py:925} INFO - DAG(s) 'example_xcom' retrieved from /home/airflow/.local/lib/python3.12/site-packages/airflow/example_dags/example_xcom.py
[2025-11-14T21:22:47.594+0000] {logging_mixin.py:190} INFO - [2025-11-14T21:22:47.594+0000] {dag.py:3239} INFO - Sync 1 DAGs
[2025-11-14T21:22:47.665+0000] {logging_mixin.py:190} INFO - [2025-11-14T21:22:47.664+0000] {dag.py:4180} INFO - Setting next_dagrun for example_xcom to 2021-01-01 00:00:00+00:00, run_after=2021-01-01 00:00:00+00:00
[2025-11-14T21:22:47.728+0000] {processor.py:208} INFO - Processing /home/airflow/.local/lib/python3.12/site-packages/airflow/example_dags/example_xcom.py took 0.260 seconds
[2025-11-14T21:23:18.339+0000] {processor.py:186} INFO - Started process (PID=918) to work on /home/airflow/.local/lib/python3.12/site-packages/airflow/example_dags/example_xcom.py
[2025-11-14T21:23:18.344+0000] {processor.py:914} INFO - Processing file /home/airflow/.local/lib/python3.12/site-packages/airflow/example_dags/example_xcom.py for tasks to queue
[2025-11-14T21:23:18.352+0000] {logging_mixin.py:190} INFO - [2025-11-14T21:23:18.351+0000] {dagbag.py:588} INFO - Filling up the DagBag from /home/airflow/.local/lib/python3.12/site-packages/airflow/example_dags/example_xcom.py
[2025-11-14T21:23:18.384+0000] {processor.py:925} INFO - DAG(s) 'example_xcom' retrieved from /home/airflow/.local/lib/python3.12/site-packages/airflow/example_dags/example_xcom.py
[2025-11-14T21:23:18.478+0000] {logging_mixin.py:190} INFO - [2025-11-14T21:23:18.477+0000] {dag.py:3239} INFO - Sync 1 DAGs
[2025-11-14T21:23:18.578+0000] {logging_mixin.py:190} INFO - [2025-11-14T21:23:18.577+0000] {dag.py:4180} INFO - Setting next_dagrun for example_xcom to 2021-01-01 00:00:00+00:00, run_after=2021-01-01 00:00:00+00:00
[2025-11-14T21:23:18.658+0000] {processor.py:208} INFO - Processing /home/airflow/.local/lib/python3.12/site-packages/airflow/example_dags/example_xcom.py took 0.339 seconds
[2025-11-14T21:23:48.904+0000] {processor.py:186} INFO - Started process (PID=982) to work on /home/airflow/.local/lib/python3.12/site-packages/airflow/example_dags/example_xcom.py
[2025-11-14T21:23:48.909+0000] {processor.py:914} INFO - Processing file /home/airflow/.local/lib/python3.12/site-packages/airflow/example_dags/example_xcom.py for tasks to queue
[2025-11-14T21:23:48.916+0000] {logging_mixin.py:190} INFO - [2025-11-14T21:23:48.915+0000] {dagbag.py:588} INFO - Filling up the DagBag from /home/airflow/.local/lib/python3.12/site-packages/airflow/example_dags/example_xcom.py
[2025-11-14T21:23:48.944+0000] {processor.py:925} INFO - DAG(s) 'example_xcom' retrieved from /home/airflow/.local/lib/python3.12/site-packages/airflow/example_dags/example_xcom.py
[2025-11-14T21:23:49.002+0000] {logging_mixin.py:190} INFO - [2025-11-14T21:23:49.001+0000] {dag.py:3239} INFO - Sync 1 DAGs
[2025-11-14T21:23:49.066+0000] {logging_mixin.py:190} INFO - [2025-11-14T21:23:49.066+0000] {dag.py:4180} INFO - Setting next_dagrun for example_xcom to 2021-01-01 00:00:00+00:00, run_after=2021-01-01 00:00:00+00:00
[2025-11-14T21:23:49.122+0000] {processor.py:208} INFO - Processing /home/airflow/.local/lib/python3.12/site-packages/airflow/example_dags/example_xcom.py took 0.237 seconds
[2025-11-14T21:24:20.920+0000] {processor.py:186} INFO - Started process (PID=1045) to work on /home/airflow/.local/lib/python3.12/site-packages/airflow/example_dags/example_xcom.py
[2025-11-14T21:24:20.925+0000] {processor.py:914} INFO - Processing file /home/airflow/.local/lib/python3.12/site-packages/airflow/example_dags/example_xcom.py for tasks to queue
[2025-11-14T21:24:20.947+0000] {logging_mixin.py:190} INFO - [2025-11-14T21:24:20.944+0000] {dagbag.py:588} INFO - Filling up the DagBag from /home/airflow/.local/lib/python3.12/site-packages/airflow/example_dags/example_xcom.py
[2025-11-14T21:24:20.999+0000] {processor.py:925} INFO - DAG(s) 'example_xcom' retrieved from /home/airflow/.local/lib/python3.12/site-packages/airflow/example_dags/example_xcom.py
[2025-11-14T21:24:21.105+0000] {logging_mixin.py:190} INFO - [2025-11-14T21:24:21.104+0000] {dag.py:3239} INFO - Sync 1 DAGs
[2025-11-14T21:24:21.240+0000] {logging_mixin.py:190} INFO - [2025-11-14T21:24:21.238+0000] {dag.py:4180} INFO - Setting next_dagrun for example_xcom to 2021-01-01 00:00:00+00:00, run_after=2021-01-01 00:00:00+00:00
[2025-11-14T21:24:21.329+0000] {processor.py:208} INFO - Processing /home/airflow/.local/lib/python3.12/site-packages/airflow/example_dags/example_xcom.py took 0.430 seconds
[2025-11-14T21:24:53.710+0000] {processor.py:186} INFO - Started process (PID=1109) to work on /home/airflow/.local/lib/python3.12/site-packages/airflow/example_dags/example_xcom.py
[2025-11-14T21:24:53.717+0000] {processor.py:914} INFO - Processing file /home/airflow/.local/lib/python3.12/site-packages/airflow/example_dags/example_xcom.py for tasks to queue
[2025-11-14T21:24:53.727+0000] {logging_mixin.py:190} INFO - [2025-11-14T21:24:53.726+0000] {dagbag.py:588} INFO - Filling up the DagBag from /home/airflow/.local/lib/python3.12/site-packages/airflow/example_dags/example_xcom.py
[2025-11-14T21:24:53.772+0000] {processor.py:925} INFO - DAG(s) 'example_xcom' retrieved from /home/airflow/.local/lib/python3.12/site-packages/airflow/example_dags/example_xcom.py
[2025-11-14T21:24:53.880+0000] {logging_mixin.py:190} INFO - [2025-11-14T21:24:53.878+0000] {dag.py:3239} INFO - Sync 1 DAGs
[2025-11-14T21:24:53.989+0000] {logging_mixin.py:190} INFO - [2025-11-14T21:24:53.988+0000] {dag.py:4180} INFO - Setting next_dagrun for example_xcom to 2021-01-01 00:00:00+00:00, run_after=2021-01-01 00:00:00+00:00
[2025-11-14T21:24:54.049+0000] {processor.py:208} INFO - Processing /home/airflow/.local/lib/python3.12/site-packages/airflow/example_dags/example_xcom.py took 0.365 seconds
[2025-11-14T21:25:24.206+0000] {processor.py:186} INFO - Started process (PID=1173) to work on /home/airflow/.local/lib/python3.12/site-packages/airflow/example_dags/example_xcom.py
[2025-11-14T21:25:24.209+0000] {processor.py:914} INFO - Processing file /home/airflow/.local/lib/python3.12/site-packages/airflow/example_dags/example_xcom.py for tasks to queue
[2025-11-14T21:25:24.219+0000] {logging_mixin.py:190} INFO - [2025-11-14T21:25:24.218+0000] {dagbag.py:588} INFO - Filling up the DagBag from /home/airflow/.local/lib/python3.12/site-packages/airflow/example_dags/example_xcom.py
[2025-11-14T21:25:24.245+0000] {processor.py:925} INFO - DAG(s) 'example_xcom' retrieved from /home/airflow/.local/lib/python3.12/site-packages/airflow/example_dags/example_xcom.py
[2025-11-14T21:25:24.294+0000] {logging_mixin.py:190} INFO - [2025-11-14T21:25:24.294+0000] {dag.py:3239} INFO - Sync 1 DAGs
[2025-11-14T21:25:24.350+0000] {logging_mixin.py:190} INFO - [2025-11-14T21:25:24.349+0000] {dag.py:4180} INFO - Setting next_dagrun for example_xcom to 2021-01-01 00:00:00+00:00, run_after=2021-01-01 00:00:00+00:00
[2025-11-14T21:25:24.384+0000] {processor.py:208} INFO - Processing /home/airflow/.local/lib/python3.12/site-packages/airflow/example_dags/example_xcom.py took 0.197 seconds
[2025-11-14T21:25:55.434+0000] {processor.py:186} INFO - Started process (PID=1237) to work on /home/airflow/.local/lib/python3.12/site-packages/airflow/example_dags/example_xcom.py
[2025-11-14T21:25:55.438+0000] {processor.py:914} INFO - Processing file /home/airflow/.local/lib/python3.12/site-packages/airflow/example_dags/example_xcom.py for tasks to queue
[2025-11-14T21:25:55.446+0000] {logging_mixin.py:190} INFO - [2025-11-14T21:25:55.445+0000] {dagbag.py:588} INFO - Filling up the DagBag from /home/airflow/.local/lib/python3.12/site-packages/airflow/example_dags/example_xcom.py
[2025-11-14T21:25:55.475+0000] {processor.py:925} INFO - DAG(s) 'example_xcom' retrieved from /home/airflow/.local/lib/python3.12/site-packages/airflow/example_dags/example_xcom.py
[2025-11-14T21:25:55.544+0000] {logging_mixin.py:190} INFO - [2025-11-14T21:25:55.543+0000] {dag.py:3239} INFO - Sync 1 DAGs
[2025-11-14T21:25:55.624+0000] {logging_mixin.py:190} INFO - [2025-11-14T21:25:55.623+0000] {dag.py:4180} INFO - Setting next_dagrun for example_xcom to 2021-01-01 00:00:00+00:00, run_after=2021-01-01 00:00:00+00:00
[2025-11-14T21:25:55.679+0000] {processor.py:208} INFO - Processing /home/airflow/.local/lib/python3.12/site-packages/airflow/example_dags/example_xcom.py took 0.270 seconds
[2025-11-14T21:26:26.211+0000] {processor.py:186} INFO - Started process (PID=1302) to work on /home/airflow/.local/lib/python3.12/site-packages/airflow/example_dags/example_xcom.py
[2025-11-14T21:26:26.214+0000] {processor.py:914} INFO - Processing file /home/airflow/.local/lib/python3.12/site-packages/airflow/example_dags/example_xcom.py for tasks to queue
[2025-11-14T21:26:26.220+0000] {logging_mixin.py:190} INFO - [2025-11-14T21:26:26.219+0000] {dagbag.py:588} INFO - Filling up the DagBag from /home/airflow/.local/lib/python3.12/site-packages/airflow/example_dags/example_xcom.py
[2025-11-14T21:26:26.238+0000] {processor.py:925} INFO - DAG(s) 'example_xcom' retrieved from /home/airflow/.local/lib/python3.12/site-packages/airflow/example_dags/example_xcom.py
[2025-11-14T21:26:26.279+0000] {logging_mixin.py:190} INFO - [2025-11-14T21:26:26.278+0000] {dag.py:3239} INFO - Sync 1 DAGs
[2025-11-14T21:26:26.322+0000] {logging_mixin.py:190} INFO - [2025-11-14T21:26:26.322+0000] {dag.py:4180} INFO - Setting next_dagrun for example_xcom to 2021-01-01 00:00:00+00:00, run_after=2021-01-01 00:00:00+00:00
[2025-11-14T21:26:26.359+0000] {processor.py:208} INFO - Processing /home/airflow/.local/lib/python3.12/site-packages/airflow/example_dags/example_xcom.py took 0.160 seconds
[2025-11-14T21:26:57.592+0000] {processor.py:186} INFO - Started process (PID=1368) to work on /home/airflow/.local/lib/python3.12/site-packages/airflow/example_dags/example_xcom.py
[2025-11-14T21:26:57.595+0000] {processor.py:914} INFO - Processing file /home/airflow/.local/lib/python3.12/site-packages/airflow/example_dags/example_xcom.py for tasks to queue
[2025-11-14T21:26:57.602+0000] {logging_mixin.py:190} INFO - [2025-11-14T21:26:57.602+0000] {dagbag.py:588} INFO - Filling up the DagBag from /home/airflow/.local/lib/python3.12/site-packages/airflow/example_dags/example_xcom.py
[2025-11-14T21:26:57.628+0000] {processor.py:925} INFO - DAG(s) 'example_xcom' retrieved from /home/airflow/.local/lib/python3.12/site-packages/airflow/example_dags/example_xcom.py
[2025-11-14T21:26:57.676+0000] {logging_mixin.py:190} INFO - [2025-11-14T21:26:57.676+0000] {dag.py:3239} INFO - Sync 1 DAGs
[2025-11-14T21:26:57.727+0000] {logging_mixin.py:190} INFO - [2025-11-14T21:26:57.727+0000] {dag.py:4180} INFO - Setting next_dagrun for example_xcom to 2021-01-01 00:00:00+00:00, run_after=2021-01-01 00:00:00+00:00
[2025-11-14T21:26:57.763+0000] {processor.py:208} INFO - Processing /home/airflow/.local/lib/python3.12/site-packages/airflow/example_dags/example_xcom.py took 0.184 seconds
[2025-11-14T21:27:27.993+0000] {processor.py:186} INFO - Started process (PID=1431) to work on /home/airflow/.local/lib/python3.12/site-packages/airflow/example_dags/example_xcom.py
[2025-11-14T21:27:27.996+0000] {processor.py:914} INFO - Processing file /home/airflow/.local/lib/python3.12/site-packages/airflow/example_dags/example_xcom.py for tasks to queue
[2025-11-14T21:27:28.006+0000] {logging_mixin.py:190} INFO - [2025-11-14T21:27:28.005+0000] {dagbag.py:588} INFO - Filling up the DagBag from /home/airflow/.local/lib/python3.12/site-packages/airflow/example_dags/example_xcom.py
[2025-11-14T21:27:28.026+0000] {processor.py:925} INFO - DAG(s) 'example_xcom' retrieved from /home/airflow/.local/lib/python3.12/site-packages/airflow/example_dags/example_xcom.py
[2025-11-14T21:27:28.069+0000] {logging_mixin.py:190} INFO - [2025-11-14T21:27:28.068+0000] {dag.py:3239} INFO - Sync 1 DAGs
[2025-11-14T21:27:28.116+0000] {logging_mixin.py:190} INFO - [2025-11-14T21:27:28.115+0000] {dag.py:4180} INFO - Setting next_dagrun for example_xcom to 2021-01-01 00:00:00+00:00, run_after=2021-01-01 00:00:00+00:00
[2025-11-14T21:27:28.151+0000] {processor.py:208} INFO - Processing /home/airflow/.local/lib/python3.12/site-packages/airflow/example_dags/example_xcom.py took 0.170 seconds
[2025-11-14T21:27:59.593+0000] {processor.py:186} INFO - Started process (PID=1494) to work on /home/airflow/.local/lib/python3.12/site-packages/airflow/example_dags/example_xcom.py
[2025-11-14T21:27:59.597+0000] {processor.py:914} INFO - Processing file /home/airflow/.local/lib/python3.12/site-packages/airflow/example_dags/example_xcom.py for tasks to queue
[2025-11-14T21:27:59.604+0000] {logging_mixin.py:190} INFO - [2025-11-14T21:27:59.603+0000] {dagbag.py:588} INFO - Filling up the DagBag from /home/airflow/.local/lib/python3.12/site-packages/airflow/example_dags/example_xcom.py
[2025-11-14T21:27:59.625+0000] {processor.py:925} INFO - DAG(s) 'example_xcom' retrieved from /home/airflow/.local/lib/python3.12/site-packages/airflow/example_dags/example_xcom.py
[2025-11-14T21:27:59.678+0000] {logging_mixin.py:190} INFO - [2025-11-14T21:27:59.678+0000] {dag.py:3239} INFO - Sync 1 DAGs
[2025-11-14T21:27:59.729+0000] {logging_mixin.py:190} INFO - [2025-11-14T21:27:59.728+0000] {dag.py:4180} INFO - Setting next_dagrun for example_xcom to 2021-01-01 00:00:00+00:00, run_after=2021-01-01 00:00:00+00:00
[2025-11-14T21:27:59.768+0000] {processor.py:208} INFO - Processing /home/airflow/.local/lib/python3.12/site-packages/airflow/example_dags/example_xcom.py took 0.190 seconds
