[2025-11-14T21:15:49.720+0000] {processor.py:186} INFO - Started process (PID=78) to work on /home/airflow/.local/lib/python3.12/site-packages/airflow/example_dags/example_params_trigger_ui.py
[2025-11-14T21:15:49.723+0000] {processor.py:914} INFO - Processing file /home/airflow/.local/lib/python3.12/site-packages/airflow/example_dags/example_params_trigger_ui.py for tasks to queue
[2025-11-14T21:15:49.731+0000] {logging_mixin.py:190} INFO - [2025-11-14T21:15:49.730+0000] {dagbag.py:588} INFO - Filling up the DagBag from /home/airflow/.local/lib/python3.12/site-packages/airflow/example_dags/example_params_trigger_ui.py
[2025-11-14T21:15:49.764+0000] {processor.py:925} INFO - DAG(s) 'example_params_trigger_ui' retrieved from /home/airflow/.local/lib/python3.12/site-packages/airflow/example_dags/example_params_trigger_ui.py
[2025-11-14T21:15:50.079+0000] {logging_mixin.py:190} INFO - [2025-11-14T21:15:50.078+0000] {override.py:1900} INFO - Created Permission View: can edit on DAG:example_params_trigger_ui
[2025-11-14T21:15:50.101+0000] {logging_mixin.py:190} INFO - [2025-11-14T21:15:50.101+0000] {override.py:1900} INFO - Created Permission View: can delete on DAG:example_params_trigger_ui
[2025-11-14T21:15:50.114+0000] {logging_mixin.py:190} INFO - [2025-11-14T21:15:50.114+0000] {override.py:1900} INFO - Created Permission View: can read on DAG:example_params_trigger_ui
[2025-11-14T21:15:50.129+0000] {logging_mixin.py:190} INFO - [2025-11-14T21:15:50.128+0000] {override.py:1900} INFO - Created Permission View: menu access on DAG Run:example_params_trigger_ui
[2025-11-14T21:15:50.140+0000] {logging_mixin.py:190} INFO - [2025-11-14T21:15:50.140+0000] {override.py:1900} INFO - Created Permission View: can create on DAG Run:example_params_trigger_ui
[2025-11-14T21:15:50.157+0000] {logging_mixin.py:190} INFO - [2025-11-14T21:15:50.156+0000] {override.py:1900} INFO - Created Permission View: can delete on DAG Run:example_params_trigger_ui
[2025-11-14T21:15:50.171+0000] {logging_mixin.py:190} INFO - [2025-11-14T21:15:50.170+0000] {override.py:1900} INFO - Created Permission View: can read on DAG Run:example_params_trigger_ui
[2025-11-14T21:15:50.174+0000] {logging_mixin.py:190} INFO - [2025-11-14T21:15:50.174+0000] {dag.py:3239} INFO - Sync 1 DAGs
[2025-11-14T21:15:50.206+0000] {logging_mixin.py:190} INFO - [2025-11-14T21:15:50.205+0000] {dag.py:3262} INFO - Creating ORM DAG for example_params_trigger_ui
[2025-11-14T21:15:50.208+0000] {logging_mixin.py:190} INFO - [2025-11-14T21:15:50.208+0000] {dag.py:4180} INFO - Setting next_dagrun for example_params_trigger_ui to None, run_after=None
[2025-11-14T21:15:50.248+0000] {processor.py:208} INFO - Processing /home/airflow/.local/lib/python3.12/site-packages/airflow/example_dags/example_params_trigger_ui.py took 0.553 seconds
[2025-11-14T21:16:20.590+0000] {processor.py:186} INFO - Started process (PID=142) to work on /home/airflow/.local/lib/python3.12/site-packages/airflow/example_dags/example_params_trigger_ui.py
[2025-11-14T21:16:20.592+0000] {processor.py:914} INFO - Processing file /home/airflow/.local/lib/python3.12/site-packages/airflow/example_dags/example_params_trigger_ui.py for tasks to queue
[2025-11-14T21:16:20.597+0000] {logging_mixin.py:190} INFO - [2025-11-14T21:16:20.596+0000] {dagbag.py:588} INFO - Filling up the DagBag from /home/airflow/.local/lib/python3.12/site-packages/airflow/example_dags/example_params_trigger_ui.py
[2025-11-14T21:16:20.617+0000] {processor.py:925} INFO - DAG(s) 'example_params_trigger_ui' retrieved from /home/airflow/.local/lib/python3.12/site-packages/airflow/example_dags/example_params_trigger_ui.py
[2025-11-14T21:16:20.688+0000] {logging_mixin.py:190} INFO - [2025-11-14T21:16:20.688+0000] {dag.py:3239} INFO - Sync 1 DAGs
[2025-11-14T21:16:20.712+0000] {logging_mixin.py:190} INFO - [2025-11-14T21:16:20.712+0000] {dag.py:4180} INFO - Setting next_dagrun for example_params_trigger_ui to None, run_after=None
[2025-11-14T21:16:20.741+0000] {processor.py:208} INFO - Processing /home/airflow/.local/lib/python3.12/site-packages/airflow/example_dags/example_params_trigger_ui.py took 0.161 seconds
[2025-11-14T21:16:51.475+0000] {processor.py:186} INFO - Started process (PID=205) to work on /home/airflow/.local/lib/python3.12/site-packages/airflow/example_dags/example_params_trigger_ui.py
[2025-11-14T21:16:51.476+0000] {processor.py:914} INFO - Processing file /home/airflow/.local/lib/python3.12/site-packages/airflow/example_dags/example_params_trigger_ui.py for tasks to queue
[2025-11-14T21:16:51.479+0000] {logging_mixin.py:190} INFO - [2025-11-14T21:16:51.479+0000] {dagbag.py:588} INFO - Filling up the DagBag from /home/airflow/.local/lib/python3.12/site-packages/airflow/example_dags/example_params_trigger_ui.py
[2025-11-14T21:16:51.493+0000] {processor.py:925} INFO - DAG(s) 'example_params_trigger_ui' retrieved from /home/airflow/.local/lib/python3.12/site-packages/airflow/example_dags/example_params_trigger_ui.py
[2025-11-14T21:16:51.544+0000] {logging_mixin.py:190} INFO - [2025-11-14T21:16:51.544+0000] {dag.py:3239} INFO - Sync 1 DAGs
[2025-11-14T21:16:51.559+0000] {logging_mixin.py:190} INFO - [2025-11-14T21:16:51.559+0000] {dag.py:4180} INFO - Setting next_dagrun for example_params_trigger_ui to None, run_after=None
[2025-11-14T21:16:51.577+0000] {processor.py:208} INFO - Processing /home/airflow/.local/lib/python3.12/site-packages/airflow/example_dags/example_params_trigger_ui.py took 0.110 seconds
[2025-11-14T21:17:21.859+0000] {processor.py:186} INFO - Started process (PID=268) to work on /home/airflow/.local/lib/python3.12/site-packages/airflow/example_dags/example_params_trigger_ui.py
[2025-11-14T21:17:21.861+0000] {processor.py:914} INFO - Processing file /home/airflow/.local/lib/python3.12/site-packages/airflow/example_dags/example_params_trigger_ui.py for tasks to queue
[2025-11-14T21:17:21.864+0000] {logging_mixin.py:190} INFO - [2025-11-14T21:17:21.863+0000] {dagbag.py:588} INFO - Filling up the DagBag from /home/airflow/.local/lib/python3.12/site-packages/airflow/example_dags/example_params_trigger_ui.py
[2025-11-14T21:17:21.877+0000] {processor.py:925} INFO - DAG(s) 'example_params_trigger_ui' retrieved from /home/airflow/.local/lib/python3.12/site-packages/airflow/example_dags/example_params_trigger_ui.py
[2025-11-14T21:17:21.927+0000] {logging_mixin.py:190} INFO - [2025-11-14T21:17:21.926+0000] {dag.py:3239} INFO - Sync 1 DAGs
[2025-11-14T21:17:21.942+0000] {logging_mixin.py:190} INFO - [2025-11-14T21:17:21.942+0000] {dag.py:4180} INFO - Setting next_dagrun for example_params_trigger_ui to None, run_after=None
[2025-11-14T21:17:21.960+0000] {processor.py:208} INFO - Processing /home/airflow/.local/lib/python3.12/site-packages/airflow/example_dags/example_params_trigger_ui.py took 0.108 seconds
[2025-11-14T21:17:52.931+0000] {processor.py:186} INFO - Started process (PID=331) to work on /home/airflow/.local/lib/python3.12/site-packages/airflow/example_dags/example_params_trigger_ui.py
[2025-11-14T21:17:52.933+0000] {processor.py:914} INFO - Processing file /home/airflow/.local/lib/python3.12/site-packages/airflow/example_dags/example_params_trigger_ui.py for tasks to queue
[2025-11-14T21:17:52.936+0000] {logging_mixin.py:190} INFO - [2025-11-14T21:17:52.936+0000] {dagbag.py:588} INFO - Filling up the DagBag from /home/airflow/.local/lib/python3.12/site-packages/airflow/example_dags/example_params_trigger_ui.py
[2025-11-14T21:17:52.949+0000] {processor.py:925} INFO - DAG(s) 'example_params_trigger_ui' retrieved from /home/airflow/.local/lib/python3.12/site-packages/airflow/example_dags/example_params_trigger_ui.py
[2025-11-14T21:17:52.997+0000] {logging_mixin.py:190} INFO - [2025-11-14T21:17:52.997+0000] {dag.py:3239} INFO - Sync 1 DAGs
[2025-11-14T21:17:53.011+0000] {logging_mixin.py:190} INFO - [2025-11-14T21:17:53.011+0000] {dag.py:4180} INFO - Setting next_dagrun for example_params_trigger_ui to None, run_after=None
[2025-11-14T21:17:53.027+0000] {processor.py:208} INFO - Processing /home/airflow/.local/lib/python3.12/site-packages/airflow/example_dags/example_params_trigger_ui.py took 0.103 seconds
[2025-11-14T21:18:23.101+0000] {processor.py:186} INFO - Started process (PID=394) to work on /home/airflow/.local/lib/python3.12/site-packages/airflow/example_dags/example_params_trigger_ui.py
[2025-11-14T21:18:23.103+0000] {processor.py:914} INFO - Processing file /home/airflow/.local/lib/python3.12/site-packages/airflow/example_dags/example_params_trigger_ui.py for tasks to queue
[2025-11-14T21:18:23.106+0000] {logging_mixin.py:190} INFO - [2025-11-14T21:18:23.105+0000] {dagbag.py:588} INFO - Filling up the DagBag from /home/airflow/.local/lib/python3.12/site-packages/airflow/example_dags/example_params_trigger_ui.py
[2025-11-14T21:18:23.119+0000] {processor.py:925} INFO - DAG(s) 'example_params_trigger_ui' retrieved from /home/airflow/.local/lib/python3.12/site-packages/airflow/example_dags/example_params_trigger_ui.py
[2025-11-14T21:18:23.169+0000] {logging_mixin.py:190} INFO - [2025-11-14T21:18:23.169+0000] {dag.py:3239} INFO - Sync 1 DAGs
[2025-11-14T21:18:23.185+0000] {logging_mixin.py:190} INFO - [2025-11-14T21:18:23.184+0000] {dag.py:4180} INFO - Setting next_dagrun for example_params_trigger_ui to None, run_after=None
[2025-11-14T21:18:23.203+0000] {processor.py:208} INFO - Processing /home/airflow/.local/lib/python3.12/site-packages/airflow/example_dags/example_params_trigger_ui.py took 0.109 seconds
[2025-11-14T21:18:54.076+0000] {processor.py:186} INFO - Started process (PID=459) to work on /home/airflow/.local/lib/python3.12/site-packages/airflow/example_dags/example_params_trigger_ui.py
[2025-11-14T21:18:54.078+0000] {processor.py:914} INFO - Processing file /home/airflow/.local/lib/python3.12/site-packages/airflow/example_dags/example_params_trigger_ui.py for tasks to queue
[2025-11-14T21:18:54.086+0000] {logging_mixin.py:190} INFO - [2025-11-14T21:18:54.085+0000] {dagbag.py:588} INFO - Filling up the DagBag from /home/airflow/.local/lib/python3.12/site-packages/airflow/example_dags/example_params_trigger_ui.py
[2025-11-14T21:18:54.113+0000] {processor.py:925} INFO - DAG(s) 'example_params_trigger_ui' retrieved from /home/airflow/.local/lib/python3.12/site-packages/airflow/example_dags/example_params_trigger_ui.py
[2025-11-14T21:18:54.247+0000] {logging_mixin.py:190} INFO - [2025-11-14T21:18:54.247+0000] {dag.py:3239} INFO - Sync 1 DAGs
[2025-11-14T21:18:54.286+0000] {logging_mixin.py:190} INFO - [2025-11-14T21:18:54.286+0000] {dag.py:4180} INFO - Setting next_dagrun for example_params_trigger_ui to None, run_after=None
[2025-11-14T21:18:54.338+0000] {processor.py:208} INFO - Processing /home/airflow/.local/lib/python3.12/site-packages/airflow/example_dags/example_params_trigger_ui.py took 0.275 seconds
[2025-11-14T21:19:24.473+0000] {processor.py:186} INFO - Started process (PID=524) to work on /home/airflow/.local/lib/python3.12/site-packages/airflow/example_dags/example_params_trigger_ui.py
[2025-11-14T21:19:24.477+0000] {processor.py:914} INFO - Processing file /home/airflow/.local/lib/python3.12/site-packages/airflow/example_dags/example_params_trigger_ui.py for tasks to queue
[2025-11-14T21:19:24.491+0000] {logging_mixin.py:190} INFO - [2025-11-14T21:19:24.487+0000] {dagbag.py:588} INFO - Filling up the DagBag from /home/airflow/.local/lib/python3.12/site-packages/airflow/example_dags/example_params_trigger_ui.py
[2025-11-14T21:19:24.529+0000] {processor.py:925} INFO - DAG(s) 'example_params_trigger_ui' retrieved from /home/airflow/.local/lib/python3.12/site-packages/airflow/example_dags/example_params_trigger_ui.py
[2025-11-14T21:19:24.653+0000] {logging_mixin.py:190} INFO - [2025-11-14T21:19:24.652+0000] {dag.py:3239} INFO - Sync 1 DAGs
[2025-11-14T21:19:24.687+0000] {logging_mixin.py:190} INFO - [2025-11-14T21:19:24.687+0000] {dag.py:4180} INFO - Setting next_dagrun for example_params_trigger_ui to None, run_after=None
[2025-11-14T21:19:24.726+0000] {processor.py:208} INFO - Processing /home/airflow/.local/lib/python3.12/site-packages/airflow/example_dags/example_params_trigger_ui.py took 0.266 seconds
[2025-11-14T21:19:57.426+0000] {processor.py:186} INFO - Started process (PID=606) to work on /home/airflow/.local/lib/python3.12/site-packages/airflow/example_dags/example_params_trigger_ui.py
[2025-11-14T21:19:57.434+0000] {processor.py:914} INFO - Processing file /home/airflow/.local/lib/python3.12/site-packages/airflow/example_dags/example_params_trigger_ui.py for tasks to queue
[2025-11-14T21:19:57.457+0000] {logging_mixin.py:190} INFO - [2025-11-14T21:19:57.454+0000] {dagbag.py:588} INFO - Filling up the DagBag from /home/airflow/.local/lib/python3.12/site-packages/airflow/example_dags/example_params_trigger_ui.py
[2025-11-14T21:19:57.495+0000] {processor.py:925} INFO - DAG(s) 'example_params_trigger_ui' retrieved from /home/airflow/.local/lib/python3.12/site-packages/airflow/example_dags/example_params_trigger_ui.py
[2025-11-14T21:19:57.656+0000] {logging_mixin.py:190} INFO - [2025-11-14T21:19:57.656+0000] {dag.py:3239} INFO - Sync 1 DAGs
[2025-11-14T21:19:57.786+0000] {logging_mixin.py:190} INFO - [2025-11-14T21:19:57.785+0000] {dag.py:4180} INFO - Setting next_dagrun for example_params_trigger_ui to None, run_after=None
[2025-11-14T21:19:57.880+0000] {processor.py:208} INFO - Processing /home/airflow/.local/lib/python3.12/site-packages/airflow/example_dags/example_params_trigger_ui.py took 0.472 seconds
[2025-11-14T21:21:31.647+0000] {processor.py:186} INFO - Started process (PID=701) to work on /home/airflow/.local/lib/python3.12/site-packages/airflow/example_dags/example_params_trigger_ui.py
[2025-11-14T21:21:31.655+0000] {processor.py:914} INFO - Processing file /home/airflow/.local/lib/python3.12/site-packages/airflow/example_dags/example_params_trigger_ui.py for tasks to queue
[2025-11-14T21:21:31.673+0000] {logging_mixin.py:190} INFO - [2025-11-14T21:21:31.671+0000] {dagbag.py:588} INFO - Filling up the DagBag from /home/airflow/.local/lib/python3.12/site-packages/airflow/example_dags/example_params_trigger_ui.py
[2025-11-14T21:21:31.749+0000] {processor.py:925} INFO - DAG(s) 'example_params_trigger_ui' retrieved from /home/airflow/.local/lib/python3.12/site-packages/airflow/example_dags/example_params_trigger_ui.py
[2025-11-14T21:21:32.190+0000] {logging_mixin.py:190} INFO - [2025-11-14T21:21:32.189+0000] {dag.py:3239} INFO - Sync 1 DAGs
[2025-11-14T21:21:33.133+0000] {logging_mixin.py:190} INFO - [2025-11-14T21:21:33.132+0000] {dag.py:4180} INFO - Setting next_dagrun for example_params_trigger_ui to None, run_after=None
[2025-11-14T21:21:33.375+0000] {processor.py:208} INFO - Processing /home/airflow/.local/lib/python3.12/site-packages/airflow/example_dags/example_params_trigger_ui.py took 1.765 seconds
[2025-11-14T21:22:04.171+0000] {processor.py:186} INFO - Started process (PID=765) to work on /home/airflow/.local/lib/python3.12/site-packages/airflow/example_dags/example_params_trigger_ui.py
[2025-11-14T21:22:04.176+0000] {processor.py:914} INFO - Processing file /home/airflow/.local/lib/python3.12/site-packages/airflow/example_dags/example_params_trigger_ui.py for tasks to queue
[2025-11-14T21:22:04.193+0000] {logging_mixin.py:190} INFO - [2025-11-14T21:22:04.192+0000] {dagbag.py:588} INFO - Filling up the DagBag from /home/airflow/.local/lib/python3.12/site-packages/airflow/example_dags/example_params_trigger_ui.py
[2025-11-14T21:22:04.265+0000] {processor.py:925} INFO - DAG(s) 'example_params_trigger_ui' retrieved from /home/airflow/.local/lib/python3.12/site-packages/airflow/example_dags/example_params_trigger_ui.py
[2025-11-14T21:22:04.779+0000] {logging_mixin.py:190} INFO - [2025-11-14T21:22:04.777+0000] {dag.py:3239} INFO - Sync 1 DAGs
[2025-11-14T21:22:04.903+0000] {logging_mixin.py:190} INFO - [2025-11-14T21:22:04.902+0000] {dag.py:4180} INFO - Setting next_dagrun for example_params_trigger_ui to None, run_after=None
[2025-11-14T21:22:05.034+0000] {processor.py:208} INFO - Processing /home/airflow/.local/lib/python3.12/site-packages/airflow/example_dags/example_params_trigger_ui.py took 0.898 seconds
[2025-11-14T21:22:35.719+0000] {processor.py:186} INFO - Started process (PID=830) to work on /home/airflow/.local/lib/python3.12/site-packages/airflow/example_dags/example_params_trigger_ui.py
[2025-11-14T21:22:35.726+0000] {processor.py:914} INFO - Processing file /home/airflow/.local/lib/python3.12/site-packages/airflow/example_dags/example_params_trigger_ui.py for tasks to queue
[2025-11-14T21:22:35.754+0000] {logging_mixin.py:190} INFO - [2025-11-14T21:22:35.751+0000] {dagbag.py:588} INFO - Filling up the DagBag from /home/airflow/.local/lib/python3.12/site-packages/airflow/example_dags/example_params_trigger_ui.py
[2025-11-14T21:22:35.807+0000] {processor.py:925} INFO - DAG(s) 'example_params_trigger_ui' retrieved from /home/airflow/.local/lib/python3.12/site-packages/airflow/example_dags/example_params_trigger_ui.py
[2025-11-14T21:22:36.056+0000] {logging_mixin.py:190} INFO - [2025-11-14T21:22:36.054+0000] {dag.py:3239} INFO - Sync 1 DAGs
[2025-11-14T21:22:36.164+0000] {logging_mixin.py:190} INFO - [2025-11-14T21:22:36.163+0000] {dag.py:4180} INFO - Setting next_dagrun for example_params_trigger_ui to None, run_after=None
[2025-11-14T21:22:36.274+0000] {processor.py:208} INFO - Processing /home/airflow/.local/lib/python3.12/site-packages/airflow/example_dags/example_params_trigger_ui.py took 0.585 seconds
[2025-11-14T21:23:06.632+0000] {processor.py:186} INFO - Started process (PID=894) to work on /home/airflow/.local/lib/python3.12/site-packages/airflow/example_dags/example_params_trigger_ui.py
[2025-11-14T21:23:06.643+0000] {processor.py:914} INFO - Processing file /home/airflow/.local/lib/python3.12/site-packages/airflow/example_dags/example_params_trigger_ui.py for tasks to queue
[2025-11-14T21:23:06.667+0000] {logging_mixin.py:190} INFO - [2025-11-14T21:23:06.665+0000] {dagbag.py:588} INFO - Filling up the DagBag from /home/airflow/.local/lib/python3.12/site-packages/airflow/example_dags/example_params_trigger_ui.py
[2025-11-14T21:23:06.754+0000] {processor.py:925} INFO - DAG(s) 'example_params_trigger_ui' retrieved from /home/airflow/.local/lib/python3.12/site-packages/airflow/example_dags/example_params_trigger_ui.py
[2025-11-14T21:23:07.033+0000] {logging_mixin.py:190} INFO - [2025-11-14T21:23:07.032+0000] {dag.py:3239} INFO - Sync 1 DAGs
[2025-11-14T21:23:07.090+0000] {logging_mixin.py:190} INFO - [2025-11-14T21:23:07.089+0000] {dag.py:4180} INFO - Setting next_dagrun for example_params_trigger_ui to None, run_after=None
[2025-11-14T21:23:07.207+0000] {processor.py:208} INFO - Processing /home/airflow/.local/lib/python3.12/site-packages/airflow/example_dags/example_params_trigger_ui.py took 0.615 seconds
[2025-11-14T21:23:41.371+0000] {processor.py:186} INFO - Started process (PID=958) to work on /home/airflow/.local/lib/python3.12/site-packages/airflow/example_dags/example_params_trigger_ui.py
[2025-11-14T21:23:41.376+0000] {processor.py:914} INFO - Processing file /home/airflow/.local/lib/python3.12/site-packages/airflow/example_dags/example_params_trigger_ui.py for tasks to queue
[2025-11-14T21:23:41.390+0000] {logging_mixin.py:190} INFO - [2025-11-14T21:23:41.388+0000] {dagbag.py:588} INFO - Filling up the DagBag from /home/airflow/.local/lib/python3.12/site-packages/airflow/example_dags/example_params_trigger_ui.py
[2025-11-14T21:23:41.460+0000] {processor.py:925} INFO - DAG(s) 'example_params_trigger_ui' retrieved from /home/airflow/.local/lib/python3.12/site-packages/airflow/example_dags/example_params_trigger_ui.py
[2025-11-14T21:23:41.798+0000] {logging_mixin.py:190} INFO - [2025-11-14T21:23:41.797+0000] {dag.py:3239} INFO - Sync 1 DAGs
[2025-11-14T21:23:41.919+0000] {logging_mixin.py:190} INFO - [2025-11-14T21:23:41.918+0000] {dag.py:4180} INFO - Setting next_dagrun for example_params_trigger_ui to None, run_after=None
[2025-11-14T21:23:41.980+0000] {processor.py:208} INFO - Processing /home/airflow/.local/lib/python3.12/site-packages/airflow/example_dags/example_params_trigger_ui.py took 0.633 seconds
[2025-11-14T21:24:14.345+0000] {processor.py:186} INFO - Started process (PID=1021) to work on /home/airflow/.local/lib/python3.12/site-packages/airflow/example_dags/example_params_trigger_ui.py
[2025-11-14T21:24:14.350+0000] {processor.py:914} INFO - Processing file /home/airflow/.local/lib/python3.12/site-packages/airflow/example_dags/example_params_trigger_ui.py for tasks to queue
[2025-11-14T21:24:14.365+0000] {logging_mixin.py:190} INFO - [2025-11-14T21:24:14.364+0000] {dagbag.py:588} INFO - Filling up the DagBag from /home/airflow/.local/lib/python3.12/site-packages/airflow/example_dags/example_params_trigger_ui.py
[2025-11-14T21:24:14.420+0000] {processor.py:925} INFO - DAG(s) 'example_params_trigger_ui' retrieved from /home/airflow/.local/lib/python3.12/site-packages/airflow/example_dags/example_params_trigger_ui.py
[2025-11-14T21:24:14.651+0000] {logging_mixin.py:190} INFO - [2025-11-14T21:24:14.650+0000] {dag.py:3239} INFO - Sync 1 DAGs
[2025-11-14T21:24:14.735+0000] {logging_mixin.py:190} INFO - [2025-11-14T21:24:14.735+0000] {dag.py:4180} INFO - Setting next_dagrun for example_params_trigger_ui to None, run_after=None
[2025-11-14T21:24:14.807+0000] {processor.py:208} INFO - Processing /home/airflow/.local/lib/python3.12/site-packages/airflow/example_dags/example_params_trigger_ui.py took 0.499 seconds
[2025-11-14T21:24:45.367+0000] {processor.py:186} INFO - Started process (PID=1084) to work on /home/airflow/.local/lib/python3.12/site-packages/airflow/example_dags/example_params_trigger_ui.py
[2025-11-14T21:24:45.371+0000] {processor.py:914} INFO - Processing file /home/airflow/.local/lib/python3.12/site-packages/airflow/example_dags/example_params_trigger_ui.py for tasks to queue
[2025-11-14T21:24:45.380+0000] {logging_mixin.py:190} INFO - [2025-11-14T21:24:45.379+0000] {dagbag.py:588} INFO - Filling up the DagBag from /home/airflow/.local/lib/python3.12/site-packages/airflow/example_dags/example_params_trigger_ui.py
[2025-11-14T21:24:45.415+0000] {processor.py:925} INFO - DAG(s) 'example_params_trigger_ui' retrieved from /home/airflow/.local/lib/python3.12/site-packages/airflow/example_dags/example_params_trigger_ui.py
[2025-11-14T21:24:45.576+0000] {logging_mixin.py:190} INFO - [2025-11-14T21:24:45.575+0000] {dag.py:3239} INFO - Sync 1 DAGs
[2025-11-14T21:24:45.633+0000] {logging_mixin.py:190} INFO - [2025-11-14T21:24:45.633+0000] {dag.py:4180} INFO - Setting next_dagrun for example_params_trigger_ui to None, run_after=None
[2025-11-14T21:24:45.698+0000] {processor.py:208} INFO - Processing /home/airflow/.local/lib/python3.12/site-packages/airflow/example_dags/example_params_trigger_ui.py took 0.353 seconds
[2025-11-14T21:25:16.016+0000] {processor.py:186} INFO - Started process (PID=1148) to work on /home/airflow/.local/lib/python3.12/site-packages/airflow/example_dags/example_params_trigger_ui.py
[2025-11-14T21:25:16.019+0000] {processor.py:914} INFO - Processing file /home/airflow/.local/lib/python3.12/site-packages/airflow/example_dags/example_params_trigger_ui.py for tasks to queue
[2025-11-14T21:25:16.024+0000] {logging_mixin.py:190} INFO - [2025-11-14T21:25:16.024+0000] {dagbag.py:588} INFO - Filling up the DagBag from /home/airflow/.local/lib/python3.12/site-packages/airflow/example_dags/example_params_trigger_ui.py
[2025-11-14T21:25:16.053+0000] {processor.py:925} INFO - DAG(s) 'example_params_trigger_ui' retrieved from /home/airflow/.local/lib/python3.12/site-packages/airflow/example_dags/example_params_trigger_ui.py
[2025-11-14T21:25:16.153+0000] {logging_mixin.py:190} INFO - [2025-11-14T21:25:16.153+0000] {dag.py:3239} INFO - Sync 1 DAGs
[2025-11-14T21:25:16.187+0000] {logging_mixin.py:190} INFO - [2025-11-14T21:25:16.187+0000] {dag.py:4180} INFO - Setting next_dagrun for example_params_trigger_ui to None, run_after=None
[2025-11-14T21:25:16.228+0000] {processor.py:208} INFO - Processing /home/airflow/.local/lib/python3.12/site-packages/airflow/example_dags/example_params_trigger_ui.py took 0.226 seconds
[2025-11-14T21:25:46.293+0000] {processor.py:186} INFO - Started process (PID=1211) to work on /home/airflow/.local/lib/python3.12/site-packages/airflow/example_dags/example_params_trigger_ui.py
[2025-11-14T21:25:46.295+0000] {processor.py:914} INFO - Processing file /home/airflow/.local/lib/python3.12/site-packages/airflow/example_dags/example_params_trigger_ui.py for tasks to queue
[2025-11-14T21:25:46.301+0000] {logging_mixin.py:190} INFO - [2025-11-14T21:25:46.300+0000] {dagbag.py:588} INFO - Filling up the DagBag from /home/airflow/.local/lib/python3.12/site-packages/airflow/example_dags/example_params_trigger_ui.py
[2025-11-14T21:25:46.327+0000] {processor.py:925} INFO - DAG(s) 'example_params_trigger_ui' retrieved from /home/airflow/.local/lib/python3.12/site-packages/airflow/example_dags/example_params_trigger_ui.py
[2025-11-14T21:25:46.416+0000] {logging_mixin.py:190} INFO - [2025-11-14T21:25:46.416+0000] {dag.py:3239} INFO - Sync 1 DAGs
[2025-11-14T21:25:46.447+0000] {logging_mixin.py:190} INFO - [2025-11-14T21:25:46.446+0000] {dag.py:4180} INFO - Setting next_dagrun for example_params_trigger_ui to None, run_after=None
[2025-11-14T21:25:46.484+0000] {processor.py:208} INFO - Processing /home/airflow/.local/lib/python3.12/site-packages/airflow/example_dags/example_params_trigger_ui.py took 0.203 seconds
[2025-11-14T21:26:16.626+0000] {processor.py:186} INFO - Started process (PID=1275) to work on /home/airflow/.local/lib/python3.12/site-packages/airflow/example_dags/example_params_trigger_ui.py
[2025-11-14T21:26:16.628+0000] {processor.py:914} INFO - Processing file /home/airflow/.local/lib/python3.12/site-packages/airflow/example_dags/example_params_trigger_ui.py for tasks to queue
[2025-11-14T21:26:16.633+0000] {logging_mixin.py:190} INFO - [2025-11-14T21:26:16.633+0000] {dagbag.py:588} INFO - Filling up the DagBag from /home/airflow/.local/lib/python3.12/site-packages/airflow/example_dags/example_params_trigger_ui.py
[2025-11-14T21:26:16.657+0000] {processor.py:925} INFO - DAG(s) 'example_params_trigger_ui' retrieved from /home/airflow/.local/lib/python3.12/site-packages/airflow/example_dags/example_params_trigger_ui.py
[2025-11-14T21:26:16.740+0000] {logging_mixin.py:190} INFO - [2025-11-14T21:26:16.739+0000] {dag.py:3239} INFO - Sync 1 DAGs
[2025-11-14T21:26:16.769+0000] {logging_mixin.py:190} INFO - [2025-11-14T21:26:16.769+0000] {dag.py:4180} INFO - Setting next_dagrun for example_params_trigger_ui to None, run_after=None
[2025-11-14T21:26:16.807+0000] {processor.py:208} INFO - Processing /home/airflow/.local/lib/python3.12/site-packages/airflow/example_dags/example_params_trigger_ui.py took 0.193 seconds
[2025-11-14T21:26:47.068+0000] {processor.py:186} INFO - Started process (PID=1339) to work on /home/airflow/.local/lib/python3.12/site-packages/airflow/example_dags/example_params_trigger_ui.py
[2025-11-14T21:26:47.070+0000] {processor.py:914} INFO - Processing file /home/airflow/.local/lib/python3.12/site-packages/airflow/example_dags/example_params_trigger_ui.py for tasks to queue
[2025-11-14T21:26:47.075+0000] {logging_mixin.py:190} INFO - [2025-11-14T21:26:47.075+0000] {dagbag.py:588} INFO - Filling up the DagBag from /home/airflow/.local/lib/python3.12/site-packages/airflow/example_dags/example_params_trigger_ui.py
[2025-11-14T21:26:47.098+0000] {processor.py:925} INFO - DAG(s) 'example_params_trigger_ui' retrieved from /home/airflow/.local/lib/python3.12/site-packages/airflow/example_dags/example_params_trigger_ui.py
[2025-11-14T21:26:47.189+0000] {logging_mixin.py:190} INFO - [2025-11-14T21:26:47.188+0000] {dag.py:3239} INFO - Sync 1 DAGs
[2025-11-14T21:26:47.222+0000] {logging_mixin.py:190} INFO - [2025-11-14T21:26:47.221+0000] {dag.py:4180} INFO - Setting next_dagrun for example_params_trigger_ui to None, run_after=None
[2025-11-14T21:26:47.257+0000] {processor.py:208} INFO - Processing /home/airflow/.local/lib/python3.12/site-packages/airflow/example_dags/example_params_trigger_ui.py took 0.205 seconds
[2025-11-14T21:27:17.709+0000] {processor.py:186} INFO - Started process (PID=1402) to work on /home/airflow/.local/lib/python3.12/site-packages/airflow/example_dags/example_params_trigger_ui.py
[2025-11-14T21:27:17.712+0000] {processor.py:914} INFO - Processing file /home/airflow/.local/lib/python3.12/site-packages/airflow/example_dags/example_params_trigger_ui.py for tasks to queue
[2025-11-14T21:27:17.717+0000] {logging_mixin.py:190} INFO - [2025-11-14T21:27:17.717+0000] {dagbag.py:588} INFO - Filling up the DagBag from /home/airflow/.local/lib/python3.12/site-packages/airflow/example_dags/example_params_trigger_ui.py
[2025-11-14T21:27:17.742+0000] {processor.py:925} INFO - DAG(s) 'example_params_trigger_ui' retrieved from /home/airflow/.local/lib/python3.12/site-packages/airflow/example_dags/example_params_trigger_ui.py
[2025-11-14T21:27:17.831+0000] {logging_mixin.py:190} INFO - [2025-11-14T21:27:17.831+0000] {dag.py:3239} INFO - Sync 1 DAGs
[2025-11-14T21:27:17.861+0000] {logging_mixin.py:190} INFO - [2025-11-14T21:27:17.861+0000] {dag.py:4180} INFO - Setting next_dagrun for example_params_trigger_ui to None, run_after=None
[2025-11-14T21:27:17.920+0000] {processor.py:208} INFO - Processing /home/airflow/.local/lib/python3.12/site-packages/airflow/example_dags/example_params_trigger_ui.py took 0.224 seconds
[2025-11-14T21:27:48.345+0000] {processor.py:186} INFO - Started process (PID=1465) to work on /home/airflow/.local/lib/python3.12/site-packages/airflow/example_dags/example_params_trigger_ui.py
[2025-11-14T21:27:48.348+0000] {processor.py:914} INFO - Processing file /home/airflow/.local/lib/python3.12/site-packages/airflow/example_dags/example_params_trigger_ui.py for tasks to queue
[2025-11-14T21:27:48.354+0000] {logging_mixin.py:190} INFO - [2025-11-14T21:27:48.354+0000] {dagbag.py:588} INFO - Filling up the DagBag from /home/airflow/.local/lib/python3.12/site-packages/airflow/example_dags/example_params_trigger_ui.py
[2025-11-14T21:27:48.380+0000] {processor.py:925} INFO - DAG(s) 'example_params_trigger_ui' retrieved from /home/airflow/.local/lib/python3.12/site-packages/airflow/example_dags/example_params_trigger_ui.py
[2025-11-14T21:27:48.478+0000] {logging_mixin.py:190} INFO - [2025-11-14T21:27:48.478+0000] {dag.py:3239} INFO - Sync 1 DAGs
[2025-11-14T21:27:48.515+0000] {logging_mixin.py:190} INFO - [2025-11-14T21:27:48.515+0000] {dag.py:4180} INFO - Setting next_dagrun for example_params_trigger_ui to None, run_after=None
[2025-11-14T21:27:48.556+0000] {processor.py:208} INFO - Processing /home/airflow/.local/lib/python3.12/site-packages/airflow/example_dags/example_params_trigger_ui.py took 0.227 seconds
