[2025-11-14T21:15:33.065+0000] {processor.py:186} INFO - Started process (PID=40) to work on /home/airflow/.local/lib/python3.12/site-packages/airflow/example_dags/example_branch_day_of_week_operator.py
[2025-11-14T21:15:33.069+0000] {processor.py:914} INFO - Processing file /home/airflow/.local/lib/python3.12/site-packages/airflow/example_dags/example_branch_day_of_week_operator.py for tasks to queue
[2025-11-14T21:15:33.077+0000] {logging_mixin.py:190} INFO - [2025-11-14T21:15:33.076+0000] {dagbag.py:588} INFO - Filling up the DagBag from /home/airflow/.local/lib/python3.12/site-packages/airflow/example_dags/example_branch_day_of_week_operator.py
[2025-11-14T21:15:33.114+0000] {processor.py:925} INFO - DAG(s) 'example_weekday_branch_operator' retrieved from /home/airflow/.local/lib/python3.12/site-packages/airflow/example_dags/example_branch_day_of_week_operator.py
[2025-11-14T21:15:33.993+0000] {logging_mixin.py:190} INFO - [2025-11-14T21:15:33.988+0000] {override.py:1900} INFO - Created Permission View: can edit on DAG:example_weekday_branch_operator
[2025-11-14T21:15:34.134+0000] {logging_mixin.py:190} INFO - [2025-11-14T21:15:34.131+0000] {override.py:1900} INFO - Created Permission View: can delete on DAG:example_weekday_branch_operator
[2025-11-14T21:15:34.485+0000] {logging_mixin.py:190} INFO - [2025-11-14T21:15:34.483+0000] {override.py:1900} INFO - Created Permission View: can read on DAG:example_weekday_branch_operator
[2025-11-14T21:15:34.668+0000] {logging_mixin.py:190} INFO - [2025-11-14T21:15:34.667+0000] {override.py:1900} INFO - Created Permission View: menu access on DAG Run:example_weekday_branch_operator
[2025-11-14T21:15:34.724+0000] {logging_mixin.py:190} INFO - [2025-11-14T21:15:34.724+0000] {override.py:1900} INFO - Created Permission View: can create on DAG Run:example_weekday_branch_operator
[2025-11-14T21:15:34.749+0000] {logging_mixin.py:190} INFO - [2025-11-14T21:15:34.749+0000] {override.py:1900} INFO - Created Permission View: can delete on DAG Run:example_weekday_branch_operator
[2025-11-14T21:15:34.767+0000] {logging_mixin.py:190} INFO - [2025-11-14T21:15:34.766+0000] {override.py:1900} INFO - Created Permission View: can read on DAG Run:example_weekday_branch_operator
[2025-11-14T21:15:34.770+0000] {logging_mixin.py:190} INFO - [2025-11-14T21:15:34.769+0000] {dag.py:3239} INFO - Sync 1 DAGs
[2025-11-14T21:15:34.827+0000] {logging_mixin.py:190} INFO - [2025-11-14T21:15:34.826+0000] {dag.py:3262} INFO - Creating ORM DAG for example_weekday_branch_operator
[2025-11-14T21:15:34.880+0000] {logging_mixin.py:190} INFO - [2025-11-14T21:15:34.880+0000] {dag.py:4180} INFO - Setting next_dagrun for example_weekday_branch_operator to 2025-11-13 00:00:00+00:00, run_after=2025-11-14 00:00:00+00:00
[2025-11-14T21:15:34.939+0000] {processor.py:208} INFO - Processing /home/airflow/.local/lib/python3.12/site-packages/airflow/example_dags/example_branch_day_of_week_operator.py took 1.888 seconds
[2025-11-14T21:16:05.606+0000] {processor.py:186} INFO - Started process (PID=104) to work on /home/airflow/.local/lib/python3.12/site-packages/airflow/example_dags/example_branch_day_of_week_operator.py
[2025-11-14T21:16:05.616+0000] {processor.py:914} INFO - Processing file /home/airflow/.local/lib/python3.12/site-packages/airflow/example_dags/example_branch_day_of_week_operator.py for tasks to queue
[2025-11-14T21:16:05.635+0000] {logging_mixin.py:190} INFO - [2025-11-14T21:16:05.634+0000] {dagbag.py:588} INFO - Filling up the DagBag from /home/airflow/.local/lib/python3.12/site-packages/airflow/example_dags/example_branch_day_of_week_operator.py
[2025-11-14T21:16:05.684+0000] {processor.py:925} INFO - DAG(s) 'example_weekday_branch_operator' retrieved from /home/airflow/.local/lib/python3.12/site-packages/airflow/example_dags/example_branch_day_of_week_operator.py
[2025-11-14T21:16:05.846+0000] {logging_mixin.py:190} INFO - [2025-11-14T21:16:05.845+0000] {dag.py:3239} INFO - Sync 1 DAGs
[2025-11-14T21:16:05.956+0000] {logging_mixin.py:190} INFO - [2025-11-14T21:16:05.954+0000] {dag.py:4180} INFO - Setting next_dagrun for example_weekday_branch_operator to 2025-11-13 00:00:00+00:00, run_after=2025-11-14 00:00:00+00:00
[2025-11-14T21:16:06.005+0000] {processor.py:208} INFO - Processing /home/airflow/.local/lib/python3.12/site-packages/airflow/example_dags/example_branch_day_of_week_operator.py took 0.450 seconds
[2025-11-14T21:16:36.384+0000] {processor.py:186} INFO - Started process (PID=167) to work on /home/airflow/.local/lib/python3.12/site-packages/airflow/example_dags/example_branch_day_of_week_operator.py
[2025-11-14T21:16:36.386+0000] {processor.py:914} INFO - Processing file /home/airflow/.local/lib/python3.12/site-packages/airflow/example_dags/example_branch_day_of_week_operator.py for tasks to queue
[2025-11-14T21:16:36.389+0000] {logging_mixin.py:190} INFO - [2025-11-14T21:16:36.389+0000] {dagbag.py:588} INFO - Filling up the DagBag from /home/airflow/.local/lib/python3.12/site-packages/airflow/example_dags/example_branch_day_of_week_operator.py
[2025-11-14T21:16:36.401+0000] {processor.py:925} INFO - DAG(s) 'example_weekday_branch_operator' retrieved from /home/airflow/.local/lib/python3.12/site-packages/airflow/example_dags/example_branch_day_of_week_operator.py
[2025-11-14T21:16:36.429+0000] {logging_mixin.py:190} INFO - [2025-11-14T21:16:36.429+0000] {dag.py:3239} INFO - Sync 1 DAGs
[2025-11-14T21:16:36.459+0000] {logging_mixin.py:190} INFO - [2025-11-14T21:16:36.458+0000] {dag.py:4180} INFO - Setting next_dagrun for example_weekday_branch_operator to 2025-11-13 00:00:00+00:00, run_after=2025-11-14 00:00:00+00:00
[2025-11-14T21:16:36.479+0000] {processor.py:208} INFO - Processing /home/airflow/.local/lib/python3.12/site-packages/airflow/example_dags/example_branch_day_of_week_operator.py took 0.103 seconds
[2025-11-14T21:17:06.558+0000] {processor.py:186} INFO - Started process (PID=230) to work on /home/airflow/.local/lib/python3.12/site-packages/airflow/example_dags/example_branch_day_of_week_operator.py
[2025-11-14T21:17:06.560+0000] {processor.py:914} INFO - Processing file /home/airflow/.local/lib/python3.12/site-packages/airflow/example_dags/example_branch_day_of_week_operator.py for tasks to queue
[2025-11-14T21:17:06.563+0000] {logging_mixin.py:190} INFO - [2025-11-14T21:17:06.563+0000] {dagbag.py:588} INFO - Filling up the DagBag from /home/airflow/.local/lib/python3.12/site-packages/airflow/example_dags/example_branch_day_of_week_operator.py
[2025-11-14T21:17:06.576+0000] {processor.py:925} INFO - DAG(s) 'example_weekday_branch_operator' retrieved from /home/airflow/.local/lib/python3.12/site-packages/airflow/example_dags/example_branch_day_of_week_operator.py
[2025-11-14T21:17:06.601+0000] {logging_mixin.py:190} INFO - [2025-11-14T21:17:06.601+0000] {dag.py:3239} INFO - Sync 1 DAGs
[2025-11-14T21:17:06.627+0000] {logging_mixin.py:190} INFO - [2025-11-14T21:17:06.627+0000] {dag.py:4180} INFO - Setting next_dagrun for example_weekday_branch_operator to 2025-11-13 00:00:00+00:00, run_after=2025-11-14 00:00:00+00:00
[2025-11-14T21:17:06.646+0000] {processor.py:208} INFO - Processing /home/airflow/.local/lib/python3.12/site-packages/airflow/example_dags/example_branch_day_of_week_operator.py took 0.097 seconds
[2025-11-14T21:17:37.022+0000] {processor.py:186} INFO - Started process (PID=293) to work on /home/airflow/.local/lib/python3.12/site-packages/airflow/example_dags/example_branch_day_of_week_operator.py
[2025-11-14T21:17:37.024+0000] {processor.py:914} INFO - Processing file /home/airflow/.local/lib/python3.12/site-packages/airflow/example_dags/example_branch_day_of_week_operator.py for tasks to queue
[2025-11-14T21:17:37.028+0000] {logging_mixin.py:190} INFO - [2025-11-14T21:17:37.028+0000] {dagbag.py:588} INFO - Filling up the DagBag from /home/airflow/.local/lib/python3.12/site-packages/airflow/example_dags/example_branch_day_of_week_operator.py
[2025-11-14T21:17:37.041+0000] {processor.py:925} INFO - DAG(s) 'example_weekday_branch_operator' retrieved from /home/airflow/.local/lib/python3.12/site-packages/airflow/example_dags/example_branch_day_of_week_operator.py
[2025-11-14T21:17:37.064+0000] {logging_mixin.py:190} INFO - [2025-11-14T21:17:37.064+0000] {dag.py:3239} INFO - Sync 1 DAGs
[2025-11-14T21:17:37.093+0000] {logging_mixin.py:190} INFO - [2025-11-14T21:17:37.093+0000] {dag.py:4180} INFO - Setting next_dagrun for example_weekday_branch_operator to 2025-11-13 00:00:00+00:00, run_after=2025-11-14 00:00:00+00:00
[2025-11-14T21:17:37.119+0000] {processor.py:208} INFO - Processing /home/airflow/.local/lib/python3.12/site-packages/airflow/example_dags/example_branch_day_of_week_operator.py took 0.106 seconds
[2025-11-14T21:18:08.081+0000] {processor.py:186} INFO - Started process (PID=356) to work on /home/airflow/.local/lib/python3.12/site-packages/airflow/example_dags/example_branch_day_of_week_operator.py
[2025-11-14T21:18:08.084+0000] {processor.py:914} INFO - Processing file /home/airflow/.local/lib/python3.12/site-packages/airflow/example_dags/example_branch_day_of_week_operator.py for tasks to queue
[2025-11-14T21:18:08.087+0000] {logging_mixin.py:190} INFO - [2025-11-14T21:18:08.087+0000] {dagbag.py:588} INFO - Filling up the DagBag from /home/airflow/.local/lib/python3.12/site-packages/airflow/example_dags/example_branch_day_of_week_operator.py
[2025-11-14T21:18:08.102+0000] {processor.py:925} INFO - DAG(s) 'example_weekday_branch_operator' retrieved from /home/airflow/.local/lib/python3.12/site-packages/airflow/example_dags/example_branch_day_of_week_operator.py
[2025-11-14T21:18:08.125+0000] {logging_mixin.py:190} INFO - [2025-11-14T21:18:08.125+0000] {dag.py:3239} INFO - Sync 1 DAGs
[2025-11-14T21:18:08.152+0000] {logging_mixin.py:190} INFO - [2025-11-14T21:18:08.152+0000] {dag.py:4180} INFO - Setting next_dagrun for example_weekday_branch_operator to 2025-11-13 00:00:00+00:00, run_after=2025-11-14 00:00:00+00:00
[2025-11-14T21:18:08.174+0000] {processor.py:208} INFO - Processing /home/airflow/.local/lib/python3.12/site-packages/airflow/example_dags/example_branch_day_of_week_operator.py took 0.102 seconds
[2025-11-14T21:18:38.928+0000] {processor.py:186} INFO - Started process (PID=421) to work on /home/airflow/.local/lib/python3.12/site-packages/airflow/example_dags/example_branch_day_of_week_operator.py
[2025-11-14T21:18:38.935+0000] {processor.py:914} INFO - Processing file /home/airflow/.local/lib/python3.12/site-packages/airflow/example_dags/example_branch_day_of_week_operator.py for tasks to queue
[2025-11-14T21:18:38.942+0000] {logging_mixin.py:190} INFO - [2025-11-14T21:18:38.941+0000] {dagbag.py:588} INFO - Filling up the DagBag from /home/airflow/.local/lib/python3.12/site-packages/airflow/example_dags/example_branch_day_of_week_operator.py
[2025-11-14T21:18:38.965+0000] {processor.py:925} INFO - DAG(s) 'example_weekday_branch_operator' retrieved from /home/airflow/.local/lib/python3.12/site-packages/airflow/example_dags/example_branch_day_of_week_operator.py
[2025-11-14T21:18:39.019+0000] {logging_mixin.py:190} INFO - [2025-11-14T21:18:39.018+0000] {dag.py:3239} INFO - Sync 1 DAGs
[2025-11-14T21:18:39.084+0000] {logging_mixin.py:190} INFO - [2025-11-14T21:18:39.083+0000] {dag.py:4180} INFO - Setting next_dagrun for example_weekday_branch_operator to 2025-11-13 00:00:00+00:00, run_after=2025-11-14 00:00:00+00:00
[2025-11-14T21:18:39.253+0000] {processor.py:208} INFO - Processing /home/airflow/.local/lib/python3.12/site-packages/airflow/example_dags/example_branch_day_of_week_operator.py took 0.341 seconds
[2025-11-14T21:19:09.570+0000] {processor.py:186} INFO - Started process (PID=486) to work on /home/airflow/.local/lib/python3.12/site-packages/airflow/example_dags/example_branch_day_of_week_operator.py
[2025-11-14T21:19:09.578+0000] {processor.py:914} INFO - Processing file /home/airflow/.local/lib/python3.12/site-packages/airflow/example_dags/example_branch_day_of_week_operator.py for tasks to queue
[2025-11-14T21:19:09.595+0000] {logging_mixin.py:190} INFO - [2025-11-14T21:19:09.593+0000] {dagbag.py:588} INFO - Filling up the DagBag from /home/airflow/.local/lib/python3.12/site-packages/airflow/example_dags/example_branch_day_of_week_operator.py
[2025-11-14T21:19:09.645+0000] {processor.py:925} INFO - DAG(s) 'example_weekday_branch_operator' retrieved from /home/airflow/.local/lib/python3.12/site-packages/airflow/example_dags/example_branch_day_of_week_operator.py
[2025-11-14T21:19:09.725+0000] {logging_mixin.py:190} INFO - [2025-11-14T21:19:09.725+0000] {dag.py:3239} INFO - Sync 1 DAGs
[2025-11-14T21:19:09.796+0000] {logging_mixin.py:190} INFO - [2025-11-14T21:19:09.796+0000] {dag.py:4180} INFO - Setting next_dagrun for example_weekday_branch_operator to 2025-11-13 00:00:00+00:00, run_after=2025-11-14 00:00:00+00:00
[2025-11-14T21:19:09.842+0000] {processor.py:208} INFO - Processing /home/airflow/.local/lib/python3.12/site-packages/airflow/example_dags/example_branch_day_of_week_operator.py took 0.305 seconds
[2025-11-14T21:19:40.223+0000] {processor.py:186} INFO - Started process (PID=551) to work on /home/airflow/.local/lib/python3.12/site-packages/airflow/example_dags/example_branch_day_of_week_operator.py
[2025-11-14T21:19:40.231+0000] {processor.py:914} INFO - Processing file /home/airflow/.local/lib/python3.12/site-packages/airflow/example_dags/example_branch_day_of_week_operator.py for tasks to queue
[2025-11-14T21:19:40.255+0000] {logging_mixin.py:190} INFO - [2025-11-14T21:19:40.254+0000] {dagbag.py:588} INFO - Filling up the DagBag from /home/airflow/.local/lib/python3.12/site-packages/airflow/example_dags/example_branch_day_of_week_operator.py
[2025-11-14T21:19:40.286+0000] {processor.py:925} INFO - DAG(s) 'example_weekday_branch_operator' retrieved from /home/airflow/.local/lib/python3.12/site-packages/airflow/example_dags/example_branch_day_of_week_operator.py
[2025-11-14T21:19:40.521+0000] {logging_mixin.py:190} INFO - [2025-11-14T21:19:40.520+0000] {dag.py:3239} INFO - Sync 1 DAGs
[2025-11-14T21:19:40.712+0000] {logging_mixin.py:190} INFO - [2025-11-14T21:19:40.709+0000] {dag.py:4180} INFO - Setting next_dagrun for example_weekday_branch_operator to 2025-11-13 00:00:00+00:00, run_after=2025-11-14 00:00:00+00:00
[2025-11-14T21:19:40.849+0000] {processor.py:208} INFO - Processing /home/airflow/.local/lib/python3.12/site-packages/airflow/example_dags/example_branch_day_of_week_operator.py took 0.659 seconds
[2025-11-14T21:20:18.246+0000] {processor.py:186} INFO - Started process (PID=625) to work on /home/airflow/.local/lib/python3.12/site-packages/airflow/example_dags/example_branch_day_of_week_operator.py
[2025-11-14T21:20:18.256+0000] {processor.py:914} INFO - Processing file /home/airflow/.local/lib/python3.12/site-packages/airflow/example_dags/example_branch_day_of_week_operator.py for tasks to queue
[2025-11-14T21:20:18.324+0000] {logging_mixin.py:190} INFO - [2025-11-14T21:20:18.318+0000] {dagbag.py:588} INFO - Filling up the DagBag from /home/airflow/.local/lib/python3.12/site-packages/airflow/example_dags/example_branch_day_of_week_operator.py
[2025-11-14T21:20:18.579+0000] {processor.py:925} INFO - DAG(s) 'example_weekday_branch_operator' retrieved from /home/airflow/.local/lib/python3.12/site-packages/airflow/example_dags/example_branch_day_of_week_operator.py
[2025-11-14T21:20:20.110+0000] {logging_mixin.py:190} INFO - [2025-11-14T21:20:20.108+0000] {dag.py:3239} INFO - Sync 1 DAGs
[2025-11-14T21:20:20.326+0000] {logging_mixin.py:190} INFO - [2025-11-14T21:20:20.325+0000] {dag.py:4180} INFO - Setting next_dagrun for example_weekday_branch_operator to 2025-11-13 00:00:00+00:00, run_after=2025-11-14 00:00:00+00:00
[2025-11-14T21:20:20.999+0000] {processor.py:208} INFO - Processing /home/airflow/.local/lib/python3.12/site-packages/airflow/example_dags/example_branch_day_of_week_operator.py took 2.924 seconds
[2025-11-14T21:21:12.229+0000] {processor.py:186} INFO - Started process (PID=671) to work on /home/airflow/.local/lib/python3.12/site-packages/airflow/example_dags/example_branch_day_of_week_operator.py
[2025-11-14T21:21:12.239+0000] {processor.py:914} INFO - Processing file /home/airflow/.local/lib/python3.12/site-packages/airflow/example_dags/example_branch_day_of_week_operator.py for tasks to queue
[2025-11-14T21:21:12.291+0000] {logging_mixin.py:190} INFO - [2025-11-14T21:21:12.288+0000] {dagbag.py:588} INFO - Filling up the DagBag from /home/airflow/.local/lib/python3.12/site-packages/airflow/example_dags/example_branch_day_of_week_operator.py
[2025-11-14T21:21:12.407+0000] {processor.py:925} INFO - DAG(s) 'example_weekday_branch_operator' retrieved from /home/airflow/.local/lib/python3.12/site-packages/airflow/example_dags/example_branch_day_of_week_operator.py
[2025-11-14T21:21:12.674+0000] {logging_mixin.py:190} INFO - [2025-11-14T21:21:12.670+0000] {dag.py:3239} INFO - Sync 1 DAGs
[2025-11-14T21:21:13.066+0000] {logging_mixin.py:190} INFO - [2025-11-14T21:21:13.064+0000] {dag.py:4180} INFO - Setting next_dagrun for example_weekday_branch_operator to 2025-11-13 00:00:00+00:00, run_after=2025-11-14 00:00:00+00:00
[2025-11-14T21:21:13.222+0000] {processor.py:208} INFO - Processing /home/airflow/.local/lib/python3.12/site-packages/airflow/example_dags/example_branch_day_of_week_operator.py took 1.045 seconds
[2025-11-14T21:21:47.967+0000] {processor.py:186} INFO - Started process (PID=733) to work on /home/airflow/.local/lib/python3.12/site-packages/airflow/example_dags/example_branch_day_of_week_operator.py
[2025-11-14T21:21:47.981+0000] {processor.py:914} INFO - Processing file /home/airflow/.local/lib/python3.12/site-packages/airflow/example_dags/example_branch_day_of_week_operator.py for tasks to queue
[2025-11-14T21:21:48.009+0000] {logging_mixin.py:190} INFO - [2025-11-14T21:21:48.008+0000] {dagbag.py:588} INFO - Filling up the DagBag from /home/airflow/.local/lib/python3.12/site-packages/airflow/example_dags/example_branch_day_of_week_operator.py
[2025-11-14T21:21:48.119+0000] {processor.py:925} INFO - DAG(s) 'example_weekday_branch_operator' retrieved from /home/airflow/.local/lib/python3.12/site-packages/airflow/example_dags/example_branch_day_of_week_operator.py
[2025-11-14T21:21:48.467+0000] {logging_mixin.py:190} INFO - [2025-11-14T21:21:48.464+0000] {dag.py:3239} INFO - Sync 1 DAGs
[2025-11-14T21:21:48.829+0000] {logging_mixin.py:190} INFO - [2025-11-14T21:21:48.826+0000] {dag.py:4180} INFO - Setting next_dagrun for example_weekday_branch_operator to 2025-11-13 00:00:00+00:00, run_after=2025-11-14 00:00:00+00:00
[2025-11-14T21:21:49.077+0000] {processor.py:208} INFO - Processing /home/airflow/.local/lib/python3.12/site-packages/airflow/example_dags/example_branch_day_of_week_operator.py took 1.229 seconds
[2025-11-14T21:22:19.442+0000] {processor.py:186} INFO - Started process (PID=797) to work on /home/airflow/.local/lib/python3.12/site-packages/airflow/example_dags/example_branch_day_of_week_operator.py
[2025-11-14T21:22:19.451+0000] {processor.py:914} INFO - Processing file /home/airflow/.local/lib/python3.12/site-packages/airflow/example_dags/example_branch_day_of_week_operator.py for tasks to queue
[2025-11-14T21:22:19.468+0000] {logging_mixin.py:190} INFO - [2025-11-14T21:22:19.467+0000] {dagbag.py:588} INFO - Filling up the DagBag from /home/airflow/.local/lib/python3.12/site-packages/airflow/example_dags/example_branch_day_of_week_operator.py
[2025-11-14T21:22:19.536+0000] {processor.py:925} INFO - DAG(s) 'example_weekday_branch_operator' retrieved from /home/airflow/.local/lib/python3.12/site-packages/airflow/example_dags/example_branch_day_of_week_operator.py
[2025-11-14T21:22:19.632+0000] {logging_mixin.py:190} INFO - [2025-11-14T21:22:19.631+0000] {dag.py:3239} INFO - Sync 1 DAGs
[2025-11-14T21:22:19.760+0000] {logging_mixin.py:190} INFO - [2025-11-14T21:22:19.759+0000] {dag.py:4180} INFO - Setting next_dagrun for example_weekday_branch_operator to 2025-11-13 00:00:00+00:00, run_after=2025-11-14 00:00:00+00:00
[2025-11-14T21:22:19.848+0000] {processor.py:208} INFO - Processing /home/airflow/.local/lib/python3.12/site-packages/airflow/example_dags/example_branch_day_of_week_operator.py took 0.445 seconds
[2025-11-14T21:22:50.453+0000] {processor.py:186} INFO - Started process (PID=862) to work on /home/airflow/.local/lib/python3.12/site-packages/airflow/example_dags/example_branch_day_of_week_operator.py
[2025-11-14T21:22:50.464+0000] {processor.py:914} INFO - Processing file /home/airflow/.local/lib/python3.12/site-packages/airflow/example_dags/example_branch_day_of_week_operator.py for tasks to queue
[2025-11-14T21:22:50.497+0000] {logging_mixin.py:190} INFO - [2025-11-14T21:22:50.493+0000] {dagbag.py:588} INFO - Filling up the DagBag from /home/airflow/.local/lib/python3.12/site-packages/airflow/example_dags/example_branch_day_of_week_operator.py
[2025-11-14T21:22:50.542+0000] {processor.py:925} INFO - DAG(s) 'example_weekday_branch_operator' retrieved from /home/airflow/.local/lib/python3.12/site-packages/airflow/example_dags/example_branch_day_of_week_operator.py
[2025-11-14T21:22:50.619+0000] {logging_mixin.py:190} INFO - [2025-11-14T21:22:50.618+0000] {dag.py:3239} INFO - Sync 1 DAGs
[2025-11-14T21:22:50.705+0000] {logging_mixin.py:190} INFO - [2025-11-14T21:22:50.704+0000] {dag.py:4180} INFO - Setting next_dagrun for example_weekday_branch_operator to 2025-11-13 00:00:00+00:00, run_after=2025-11-14 00:00:00+00:00
[2025-11-14T21:22:50.762+0000] {processor.py:208} INFO - Processing /home/airflow/.local/lib/python3.12/site-packages/airflow/example_dags/example_branch_day_of_week_operator.py took 0.352 seconds
[2025-11-14T21:23:20.879+0000] {processor.py:186} INFO - Started process (PID=926) to work on /home/airflow/.local/lib/python3.12/site-packages/airflow/example_dags/example_branch_day_of_week_operator.py
[2025-11-14T21:23:20.885+0000] {processor.py:914} INFO - Processing file /home/airflow/.local/lib/python3.12/site-packages/airflow/example_dags/example_branch_day_of_week_operator.py for tasks to queue
[2025-11-14T21:23:20.894+0000] {logging_mixin.py:190} INFO - [2025-11-14T21:23:20.893+0000] {dagbag.py:588} INFO - Filling up the DagBag from /home/airflow/.local/lib/python3.12/site-packages/airflow/example_dags/example_branch_day_of_week_operator.py
[2025-11-14T21:23:20.927+0000] {processor.py:925} INFO - DAG(s) 'example_weekday_branch_operator' retrieved from /home/airflow/.local/lib/python3.12/site-packages/airflow/example_dags/example_branch_day_of_week_operator.py
[2025-11-14T21:23:21.000+0000] {logging_mixin.py:190} INFO - [2025-11-14T21:23:20.999+0000] {dag.py:3239} INFO - Sync 1 DAGs
[2025-11-14T21:23:21.075+0000] {logging_mixin.py:190} INFO - [2025-11-14T21:23:21.073+0000] {dag.py:4180} INFO - Setting next_dagrun for example_weekday_branch_operator to 2025-11-13 00:00:00+00:00, run_after=2025-11-14 00:00:00+00:00
[2025-11-14T21:23:21.139+0000] {processor.py:208} INFO - Processing /home/airflow/.local/lib/python3.12/site-packages/airflow/example_dags/example_branch_day_of_week_operator.py took 0.280 seconds
[2025-11-14T21:23:51.776+0000] {processor.py:186} INFO - Started process (PID=990) to work on /home/airflow/.local/lib/python3.12/site-packages/airflow/example_dags/example_branch_day_of_week_operator.py
[2025-11-14T21:23:51.781+0000] {processor.py:914} INFO - Processing file /home/airflow/.local/lib/python3.12/site-packages/airflow/example_dags/example_branch_day_of_week_operator.py for tasks to queue
[2025-11-14T21:23:51.792+0000] {logging_mixin.py:190} INFO - [2025-11-14T21:23:51.791+0000] {dagbag.py:588} INFO - Filling up the DagBag from /home/airflow/.local/lib/python3.12/site-packages/airflow/example_dags/example_branch_day_of_week_operator.py
[2025-11-14T21:23:51.853+0000] {processor.py:925} INFO - DAG(s) 'example_weekday_branch_operator' retrieved from /home/airflow/.local/lib/python3.12/site-packages/airflow/example_dags/example_branch_day_of_week_operator.py
[2025-11-14T21:23:51.969+0000] {logging_mixin.py:190} INFO - [2025-11-14T21:23:51.968+0000] {dag.py:3239} INFO - Sync 1 DAGs
[2025-11-14T21:23:52.107+0000] {logging_mixin.py:190} INFO - [2025-11-14T21:23:52.106+0000] {dag.py:4180} INFO - Setting next_dagrun for example_weekday_branch_operator to 2025-11-13 00:00:00+00:00, run_after=2025-11-14 00:00:00+00:00
[2025-11-14T21:23:52.190+0000] {processor.py:208} INFO - Processing /home/airflow/.local/lib/python3.12/site-packages/airflow/example_dags/example_branch_day_of_week_operator.py took 0.442 seconds
[2025-11-14T21:24:23.046+0000] {processor.py:186} INFO - Started process (PID=1053) to work on /home/airflow/.local/lib/python3.12/site-packages/airflow/example_dags/example_branch_day_of_week_operator.py
[2025-11-14T21:24:23.055+0000] {processor.py:914} INFO - Processing file /home/airflow/.local/lib/python3.12/site-packages/airflow/example_dags/example_branch_day_of_week_operator.py for tasks to queue
[2025-11-14T21:24:23.086+0000] {logging_mixin.py:190} INFO - [2025-11-14T21:24:23.084+0000] {dagbag.py:588} INFO - Filling up the DagBag from /home/airflow/.local/lib/python3.12/site-packages/airflow/example_dags/example_branch_day_of_week_operator.py
[2025-11-14T21:24:23.149+0000] {processor.py:925} INFO - DAG(s) 'example_weekday_branch_operator' retrieved from /home/airflow/.local/lib/python3.12/site-packages/airflow/example_dags/example_branch_day_of_week_operator.py
[2025-11-14T21:24:23.315+0000] {logging_mixin.py:190} INFO - [2025-11-14T21:24:23.313+0000] {dag.py:3239} INFO - Sync 1 DAGs
[2025-11-14T21:24:23.858+0000] {logging_mixin.py:190} INFO - [2025-11-14T21:24:23.857+0000] {dag.py:4180} INFO - Setting next_dagrun for example_weekday_branch_operator to 2025-11-13 00:00:00+00:00, run_after=2025-11-14 00:00:00+00:00
[2025-11-14T21:24:24.037+0000] {processor.py:208} INFO - Processing /home/airflow/.local/lib/python3.12/site-packages/airflow/example_dags/example_branch_day_of_week_operator.py took 1.033 seconds
[2025-11-14T21:24:54.758+0000] {processor.py:186} INFO - Started process (PID=1114) to work on /home/airflow/.local/lib/python3.12/site-packages/airflow/example_dags/example_branch_day_of_week_operator.py
[2025-11-14T21:24:54.763+0000] {processor.py:914} INFO - Processing file /home/airflow/.local/lib/python3.12/site-packages/airflow/example_dags/example_branch_day_of_week_operator.py for tasks to queue
[2025-11-14T21:24:54.785+0000] {logging_mixin.py:190} INFO - [2025-11-14T21:24:54.781+0000] {dagbag.py:588} INFO - Filling up the DagBag from /home/airflow/.local/lib/python3.12/site-packages/airflow/example_dags/example_branch_day_of_week_operator.py
[2025-11-14T21:24:54.822+0000] {processor.py:925} INFO - DAG(s) 'example_weekday_branch_operator' retrieved from /home/airflow/.local/lib/python3.12/site-packages/airflow/example_dags/example_branch_day_of_week_operator.py
[2025-11-14T21:24:54.912+0000] {logging_mixin.py:190} INFO - [2025-11-14T21:24:54.911+0000] {dag.py:3239} INFO - Sync 1 DAGs
[2025-11-14T21:24:55.022+0000] {logging_mixin.py:190} INFO - [2025-11-14T21:24:55.021+0000] {dag.py:4180} INFO - Setting next_dagrun for example_weekday_branch_operator to 2025-11-13 00:00:00+00:00, run_after=2025-11-14 00:00:00+00:00
[2025-11-14T21:24:55.135+0000] {processor.py:208} INFO - Processing /home/airflow/.local/lib/python3.12/site-packages/airflow/example_dags/example_branch_day_of_week_operator.py took 0.404 seconds
[2025-11-14T21:25:25.865+0000] {processor.py:186} INFO - Started process (PID=1178) to work on /home/airflow/.local/lib/python3.12/site-packages/airflow/example_dags/example_branch_day_of_week_operator.py
[2025-11-14T21:25:25.868+0000] {processor.py:914} INFO - Processing file /home/airflow/.local/lib/python3.12/site-packages/airflow/example_dags/example_branch_day_of_week_operator.py for tasks to queue
[2025-11-14T21:25:25.874+0000] {logging_mixin.py:190} INFO - [2025-11-14T21:25:25.874+0000] {dagbag.py:588} INFO - Filling up the DagBag from /home/airflow/.local/lib/python3.12/site-packages/airflow/example_dags/example_branch_day_of_week_operator.py
[2025-11-14T21:25:25.898+0000] {processor.py:925} INFO - DAG(s) 'example_weekday_branch_operator' retrieved from /home/airflow/.local/lib/python3.12/site-packages/airflow/example_dags/example_branch_day_of_week_operator.py
[2025-11-14T21:25:25.949+0000] {logging_mixin.py:190} INFO - [2025-11-14T21:25:25.949+0000] {dag.py:3239} INFO - Sync 1 DAGs
[2025-11-14T21:25:26.007+0000] {logging_mixin.py:190} INFO - [2025-11-14T21:25:26.006+0000] {dag.py:4180} INFO - Setting next_dagrun for example_weekday_branch_operator to 2025-11-13 00:00:00+00:00, run_after=2025-11-14 00:00:00+00:00
[2025-11-14T21:25:26.050+0000] {processor.py:208} INFO - Processing /home/airflow/.local/lib/python3.12/site-packages/airflow/example_dags/example_branch_day_of_week_operator.py took 0.199 seconds
[2025-11-14T21:25:56.354+0000] {processor.py:186} INFO - Started process (PID=1242) to work on /home/airflow/.local/lib/python3.12/site-packages/airflow/example_dags/example_branch_day_of_week_operator.py
[2025-11-14T21:25:56.357+0000] {processor.py:914} INFO - Processing file /home/airflow/.local/lib/python3.12/site-packages/airflow/example_dags/example_branch_day_of_week_operator.py for tasks to queue
[2025-11-14T21:25:56.363+0000] {logging_mixin.py:190} INFO - [2025-11-14T21:25:56.362+0000] {dagbag.py:588} INFO - Filling up the DagBag from /home/airflow/.local/lib/python3.12/site-packages/airflow/example_dags/example_branch_day_of_week_operator.py
[2025-11-14T21:25:56.389+0000] {processor.py:925} INFO - DAG(s) 'example_weekday_branch_operator' retrieved from /home/airflow/.local/lib/python3.12/site-packages/airflow/example_dags/example_branch_day_of_week_operator.py
[2025-11-14T21:25:56.456+0000] {logging_mixin.py:190} INFO - [2025-11-14T21:25:56.455+0000] {dag.py:3239} INFO - Sync 1 DAGs
[2025-11-14T21:25:56.521+0000] {logging_mixin.py:190} INFO - [2025-11-14T21:25:56.521+0000] {dag.py:4180} INFO - Setting next_dagrun for example_weekday_branch_operator to 2025-11-13 00:00:00+00:00, run_after=2025-11-14 00:00:00+00:00
[2025-11-14T21:25:56.563+0000] {processor.py:208} INFO - Processing /home/airflow/.local/lib/python3.12/site-packages/airflow/example_dags/example_branch_day_of_week_operator.py took 0.227 seconds
[2025-11-14T21:26:26.744+0000] {processor.py:186} INFO - Started process (PID=1306) to work on /home/airflow/.local/lib/python3.12/site-packages/airflow/example_dags/example_branch_day_of_week_operator.py
[2025-11-14T21:26:26.748+0000] {processor.py:914} INFO - Processing file /home/airflow/.local/lib/python3.12/site-packages/airflow/example_dags/example_branch_day_of_week_operator.py for tasks to queue
[2025-11-14T21:26:26.755+0000] {logging_mixin.py:190} INFO - [2025-11-14T21:26:26.754+0000] {dagbag.py:588} INFO - Filling up the DagBag from /home/airflow/.local/lib/python3.12/site-packages/airflow/example_dags/example_branch_day_of_week_operator.py
[2025-11-14T21:26:26.776+0000] {processor.py:925} INFO - DAG(s) 'example_weekday_branch_operator' retrieved from /home/airflow/.local/lib/python3.12/site-packages/airflow/example_dags/example_branch_day_of_week_operator.py
[2025-11-14T21:26:26.820+0000] {logging_mixin.py:190} INFO - [2025-11-14T21:26:26.819+0000] {dag.py:3239} INFO - Sync 1 DAGs
[2025-11-14T21:26:26.888+0000] {logging_mixin.py:190} INFO - [2025-11-14T21:26:26.887+0000] {dag.py:4180} INFO - Setting next_dagrun for example_weekday_branch_operator to 2025-11-13 00:00:00+00:00, run_after=2025-11-14 00:00:00+00:00
[2025-11-14T21:26:26.928+0000] {processor.py:208} INFO - Processing /home/airflow/.local/lib/python3.12/site-packages/airflow/example_dags/example_branch_day_of_week_operator.py took 0.197 seconds
[2025-11-14T21:26:57.584+0000] {processor.py:186} INFO - Started process (PID=1367) to work on /home/airflow/.local/lib/python3.12/site-packages/airflow/example_dags/example_branch_day_of_week_operator.py
[2025-11-14T21:26:57.586+0000] {processor.py:914} INFO - Processing file /home/airflow/.local/lib/python3.12/site-packages/airflow/example_dags/example_branch_day_of_week_operator.py for tasks to queue
[2025-11-14T21:26:57.592+0000] {logging_mixin.py:190} INFO - [2025-11-14T21:26:57.592+0000] {dagbag.py:588} INFO - Filling up the DagBag from /home/airflow/.local/lib/python3.12/site-packages/airflow/example_dags/example_branch_day_of_week_operator.py
[2025-11-14T21:26:57.611+0000] {processor.py:925} INFO - DAG(s) 'example_weekday_branch_operator' retrieved from /home/airflow/.local/lib/python3.12/site-packages/airflow/example_dags/example_branch_day_of_week_operator.py
[2025-11-14T21:26:57.655+0000] {logging_mixin.py:190} INFO - [2025-11-14T21:26:57.655+0000] {dag.py:3239} INFO - Sync 1 DAGs
[2025-11-14T21:26:57.700+0000] {logging_mixin.py:190} INFO - [2025-11-14T21:26:57.699+0000] {dag.py:4180} INFO - Setting next_dagrun for example_weekday_branch_operator to 2025-11-13 00:00:00+00:00, run_after=2025-11-14 00:00:00+00:00
[2025-11-14T21:26:57.733+0000] {processor.py:208} INFO - Processing /home/airflow/.local/lib/python3.12/site-packages/airflow/example_dags/example_branch_day_of_week_operator.py took 0.165 seconds
[2025-11-14T21:27:27.838+0000] {processor.py:186} INFO - Started process (PID=1430) to work on /home/airflow/.local/lib/python3.12/site-packages/airflow/example_dags/example_branch_day_of_week_operator.py
[2025-11-14T21:27:27.841+0000] {processor.py:914} INFO - Processing file /home/airflow/.local/lib/python3.12/site-packages/airflow/example_dags/example_branch_day_of_week_operator.py for tasks to queue
[2025-11-14T21:27:27.847+0000] {logging_mixin.py:190} INFO - [2025-11-14T21:27:27.846+0000] {dagbag.py:588} INFO - Filling up the DagBag from /home/airflow/.local/lib/python3.12/site-packages/airflow/example_dags/example_branch_day_of_week_operator.py
[2025-11-14T21:27:27.867+0000] {processor.py:925} INFO - DAG(s) 'example_weekday_branch_operator' retrieved from /home/airflow/.local/lib/python3.12/site-packages/airflow/example_dags/example_branch_day_of_week_operator.py
[2025-11-14T21:27:27.909+0000] {logging_mixin.py:190} INFO - [2025-11-14T21:27:27.909+0000] {dag.py:3239} INFO - Sync 1 DAGs
[2025-11-14T21:27:27.960+0000] {logging_mixin.py:190} INFO - [2025-11-14T21:27:27.960+0000] {dag.py:4180} INFO - Setting next_dagrun for example_weekday_branch_operator to 2025-11-13 00:00:00+00:00, run_after=2025-11-14 00:00:00+00:00
[2025-11-14T21:27:27.997+0000] {processor.py:208} INFO - Processing /home/airflow/.local/lib/python3.12/site-packages/airflow/example_dags/example_branch_day_of_week_operator.py took 0.172 seconds
[2025-11-14T21:27:58.568+0000] {processor.py:186} INFO - Started process (PID=1490) to work on /home/airflow/.local/lib/python3.12/site-packages/airflow/example_dags/example_branch_day_of_week_operator.py
[2025-11-14T21:27:58.574+0000] {processor.py:914} INFO - Processing file /home/airflow/.local/lib/python3.12/site-packages/airflow/example_dags/example_branch_day_of_week_operator.py for tasks to queue
[2025-11-14T21:27:58.581+0000] {logging_mixin.py:190} INFO - [2025-11-14T21:27:58.580+0000] {dagbag.py:588} INFO - Filling up the DagBag from /home/airflow/.local/lib/python3.12/site-packages/airflow/example_dags/example_branch_day_of_week_operator.py
[2025-11-14T21:27:58.606+0000] {processor.py:925} INFO - DAG(s) 'example_weekday_branch_operator' retrieved from /home/airflow/.local/lib/python3.12/site-packages/airflow/example_dags/example_branch_day_of_week_operator.py
[2025-11-14T21:27:58.655+0000] {logging_mixin.py:190} INFO - [2025-11-14T21:27:58.655+0000] {dag.py:3239} INFO - Sync 1 DAGs
[2025-11-14T21:27:58.714+0000] {logging_mixin.py:190} INFO - [2025-11-14T21:27:58.714+0000] {dag.py:4180} INFO - Setting next_dagrun for example_weekday_branch_operator to 2025-11-13 00:00:00+00:00, run_after=2025-11-14 00:00:00+00:00
[2025-11-14T21:27:58.755+0000] {processor.py:208} INFO - Processing /home/airflow/.local/lib/python3.12/site-packages/airflow/example_dags/example_branch_day_of_week_operator.py took 0.203 seconds
