[2025-11-14T21:15:42.086+0000] {processor.py:186} INFO - Started process (PID=54) to work on /home/airflow/.local/lib/python3.12/site-packages/airflow/example_dags/example_branch_operator.py
[2025-11-14T21:15:42.088+0000] {processor.py:914} INFO - Processing file /home/airflow/.local/lib/python3.12/site-packages/airflow/example_dags/example_branch_operator.py for tasks to queue
[2025-11-14T21:15:42.093+0000] {logging_mixin.py:190} INFO - [2025-11-14T21:15:42.093+0000] {dagbag.py:588} INFO - Filling up the DagBag from /home/airflow/.local/lib/python3.12/site-packages/airflow/example_dags/example_branch_operator.py
[2025-11-14T21:15:42.145+0000] {processor.py:925} INFO - DAG(s) 'example_branch_operator' retrieved from /home/airflow/.local/lib/python3.12/site-packages/airflow/example_dags/example_branch_operator.py
[2025-11-14T21:15:42.361+0000] {logging_mixin.py:190} INFO - [2025-11-14T21:15:42.360+0000] {override.py:1900} INFO - Created Permission View: can edit on DAG:example_branch_operator
[2025-11-14T21:15:42.380+0000] {logging_mixin.py:190} INFO - [2025-11-14T21:15:42.380+0000] {override.py:1900} INFO - Created Permission View: can delete on DAG:example_branch_operator
[2025-11-14T21:15:42.392+0000] {logging_mixin.py:190} INFO - [2025-11-14T21:15:42.391+0000] {override.py:1900} INFO - Created Permission View: can read on DAG:example_branch_operator
[2025-11-14T21:15:42.404+0000] {logging_mixin.py:190} INFO - [2025-11-14T21:15:42.404+0000] {override.py:1900} INFO - Created Permission View: menu access on DAG Run:example_branch_operator
[2025-11-14T21:15:42.416+0000] {logging_mixin.py:190} INFO - [2025-11-14T21:15:42.416+0000] {override.py:1900} INFO - Created Permission View: can create on DAG Run:example_branch_operator
[2025-11-14T21:15:42.429+0000] {logging_mixin.py:190} INFO - [2025-11-14T21:15:42.428+0000] {override.py:1900} INFO - Created Permission View: can delete on DAG Run:example_branch_operator
[2025-11-14T21:15:42.441+0000] {logging_mixin.py:190} INFO - [2025-11-14T21:15:42.441+0000] {override.py:1900} INFO - Created Permission View: can read on DAG Run:example_branch_operator
[2025-11-14T21:15:42.443+0000] {logging_mixin.py:190} INFO - [2025-11-14T21:15:42.443+0000] {dag.py:3239} INFO - Sync 1 DAGs
[2025-11-14T21:15:42.469+0000] {logging_mixin.py:190} INFO - [2025-11-14T21:15:42.469+0000] {dag.py:3262} INFO - Creating ORM DAG for example_branch_operator
[2025-11-14T21:15:42.490+0000] {logging_mixin.py:190} INFO - [2025-11-14T21:15:42.490+0000] {dag.py:4180} INFO - Setting next_dagrun for example_branch_operator to 2025-11-13 00:00:00+00:00, run_after=2025-11-14 00:00:00+00:00
[2025-11-14T21:15:42.525+0000] {processor.py:208} INFO - Processing /home/airflow/.local/lib/python3.12/site-packages/airflow/example_dags/example_branch_operator.py took 0.453 seconds
[2025-11-14T21:16:12.806+0000] {processor.py:186} INFO - Started process (PID=118) to work on /home/airflow/.local/lib/python3.12/site-packages/airflow/example_dags/example_branch_operator.py
[2025-11-14T21:16:12.808+0000] {processor.py:914} INFO - Processing file /home/airflow/.local/lib/python3.12/site-packages/airflow/example_dags/example_branch_operator.py for tasks to queue
[2025-11-14T21:16:12.813+0000] {logging_mixin.py:190} INFO - [2025-11-14T21:16:12.812+0000] {dagbag.py:588} INFO - Filling up the DagBag from /home/airflow/.local/lib/python3.12/site-packages/airflow/example_dags/example_branch_operator.py
[2025-11-14T21:16:12.846+0000] {processor.py:925} INFO - DAG(s) 'example_branch_operator' retrieved from /home/airflow/.local/lib/python3.12/site-packages/airflow/example_dags/example_branch_operator.py
[2025-11-14T21:16:12.903+0000] {logging_mixin.py:190} INFO - [2025-11-14T21:16:12.903+0000] {dag.py:3239} INFO - Sync 1 DAGs
[2025-11-14T21:16:12.946+0000] {logging_mixin.py:190} INFO - [2025-11-14T21:16:12.945+0000] {dag.py:4180} INFO - Setting next_dagrun for example_branch_operator to 2025-11-13 00:00:00+00:00, run_after=2025-11-14 00:00:00+00:00
[2025-11-14T21:16:12.975+0000] {processor.py:208} INFO - Processing /home/airflow/.local/lib/python3.12/site-packages/airflow/example_dags/example_branch_operator.py took 0.181 seconds
[2025-11-14T21:16:43.538+0000] {processor.py:186} INFO - Started process (PID=181) to work on /home/airflow/.local/lib/python3.12/site-packages/airflow/example_dags/example_branch_operator.py
[2025-11-14T21:16:43.540+0000] {processor.py:914} INFO - Processing file /home/airflow/.local/lib/python3.12/site-packages/airflow/example_dags/example_branch_operator.py for tasks to queue
[2025-11-14T21:16:43.543+0000] {logging_mixin.py:190} INFO - [2025-11-14T21:16:43.543+0000] {dagbag.py:588} INFO - Filling up the DagBag from /home/airflow/.local/lib/python3.12/site-packages/airflow/example_dags/example_branch_operator.py
[2025-11-14T21:16:43.566+0000] {processor.py:925} INFO - DAG(s) 'example_branch_operator' retrieved from /home/airflow/.local/lib/python3.12/site-packages/airflow/example_dags/example_branch_operator.py
[2025-11-14T21:16:43.599+0000] {logging_mixin.py:190} INFO - [2025-11-14T21:16:43.599+0000] {dag.py:3239} INFO - Sync 1 DAGs
[2025-11-14T21:16:43.632+0000] {logging_mixin.py:190} INFO - [2025-11-14T21:16:43.632+0000] {dag.py:4180} INFO - Setting next_dagrun for example_branch_operator to 2025-11-13 00:00:00+00:00, run_after=2025-11-14 00:00:00+00:00
[2025-11-14T21:16:43.655+0000] {processor.py:208} INFO - Processing /home/airflow/.local/lib/python3.12/site-packages/airflow/example_dags/example_branch_operator.py took 0.124 seconds
[2025-11-14T21:17:13.701+0000] {processor.py:186} INFO - Started process (PID=244) to work on /home/airflow/.local/lib/python3.12/site-packages/airflow/example_dags/example_branch_operator.py
[2025-11-14T21:17:13.703+0000] {processor.py:914} INFO - Processing file /home/airflow/.local/lib/python3.12/site-packages/airflow/example_dags/example_branch_operator.py for tasks to queue
[2025-11-14T21:17:13.706+0000] {logging_mixin.py:190} INFO - [2025-11-14T21:17:13.705+0000] {dagbag.py:588} INFO - Filling up the DagBag from /home/airflow/.local/lib/python3.12/site-packages/airflow/example_dags/example_branch_operator.py
[2025-11-14T21:17:13.727+0000] {processor.py:925} INFO - DAG(s) 'example_branch_operator' retrieved from /home/airflow/.local/lib/python3.12/site-packages/airflow/example_dags/example_branch_operator.py
[2025-11-14T21:17:13.761+0000] {logging_mixin.py:190} INFO - [2025-11-14T21:17:13.760+0000] {dag.py:3239} INFO - Sync 1 DAGs
[2025-11-14T21:17:13.790+0000] {logging_mixin.py:190} INFO - [2025-11-14T21:17:13.790+0000] {dag.py:4180} INFO - Setting next_dagrun for example_branch_operator to 2025-11-13 00:00:00+00:00, run_after=2025-11-14 00:00:00+00:00
[2025-11-14T21:17:13.809+0000] {processor.py:208} INFO - Processing /home/airflow/.local/lib/python3.12/site-packages/airflow/example_dags/example_branch_operator.py took 0.115 seconds
[2025-11-14T21:17:44.146+0000] {processor.py:186} INFO - Started process (PID=307) to work on /home/airflow/.local/lib/python3.12/site-packages/airflow/example_dags/example_branch_operator.py
[2025-11-14T21:17:44.148+0000] {processor.py:914} INFO - Processing file /home/airflow/.local/lib/python3.12/site-packages/airflow/example_dags/example_branch_operator.py for tasks to queue
[2025-11-14T21:17:44.152+0000] {logging_mixin.py:190} INFO - [2025-11-14T21:17:44.152+0000] {dagbag.py:588} INFO - Filling up the DagBag from /home/airflow/.local/lib/python3.12/site-packages/airflow/example_dags/example_branch_operator.py
[2025-11-14T21:17:44.173+0000] {processor.py:925} INFO - DAG(s) 'example_branch_operator' retrieved from /home/airflow/.local/lib/python3.12/site-packages/airflow/example_dags/example_branch_operator.py
[2025-11-14T21:17:44.209+0000] {logging_mixin.py:190} INFO - [2025-11-14T21:17:44.208+0000] {dag.py:3239} INFO - Sync 1 DAGs
[2025-11-14T21:17:44.239+0000] {logging_mixin.py:190} INFO - [2025-11-14T21:17:44.239+0000] {dag.py:4180} INFO - Setting next_dagrun for example_branch_operator to 2025-11-13 00:00:00+00:00, run_after=2025-11-14 00:00:00+00:00
[2025-11-14T21:17:44.258+0000] {processor.py:208} INFO - Processing /home/airflow/.local/lib/python3.12/site-packages/airflow/example_dags/example_branch_operator.py took 0.119 seconds
[2025-11-14T21:18:15.332+0000] {processor.py:186} INFO - Started process (PID=370) to work on /home/airflow/.local/lib/python3.12/site-packages/airflow/example_dags/example_branch_operator.py
[2025-11-14T21:18:15.334+0000] {processor.py:914} INFO - Processing file /home/airflow/.local/lib/python3.12/site-packages/airflow/example_dags/example_branch_operator.py for tasks to queue
[2025-11-14T21:18:15.337+0000] {logging_mixin.py:190} INFO - [2025-11-14T21:18:15.337+0000] {dagbag.py:588} INFO - Filling up the DagBag from /home/airflow/.local/lib/python3.12/site-packages/airflow/example_dags/example_branch_operator.py
[2025-11-14T21:18:15.357+0000] {processor.py:925} INFO - DAG(s) 'example_branch_operator' retrieved from /home/airflow/.local/lib/python3.12/site-packages/airflow/example_dags/example_branch_operator.py
[2025-11-14T21:18:15.390+0000] {logging_mixin.py:190} INFO - [2025-11-14T21:18:15.389+0000] {dag.py:3239} INFO - Sync 1 DAGs
[2025-11-14T21:18:15.421+0000] {logging_mixin.py:190} INFO - [2025-11-14T21:18:15.421+0000] {dag.py:4180} INFO - Setting next_dagrun for example_branch_operator to 2025-11-13 00:00:00+00:00, run_after=2025-11-14 00:00:00+00:00
[2025-11-14T21:18:15.440+0000] {processor.py:208} INFO - Processing /home/airflow/.local/lib/python3.12/site-packages/airflow/example_dags/example_branch_operator.py took 0.114 seconds
[2025-11-14T21:18:46.727+0000] {processor.py:186} INFO - Started process (PID=435) to work on /home/airflow/.local/lib/python3.12/site-packages/airflow/example_dags/example_branch_operator.py
[2025-11-14T21:18:46.730+0000] {processor.py:914} INFO - Processing file /home/airflow/.local/lib/python3.12/site-packages/airflow/example_dags/example_branch_operator.py for tasks to queue
[2025-11-14T21:18:46.735+0000] {logging_mixin.py:190} INFO - [2025-11-14T21:18:46.734+0000] {dagbag.py:588} INFO - Filling up the DagBag from /home/airflow/.local/lib/python3.12/site-packages/airflow/example_dags/example_branch_operator.py
[2025-11-14T21:18:46.760+0000] {processor.py:925} INFO - DAG(s) 'example_branch_operator' retrieved from /home/airflow/.local/lib/python3.12/site-packages/airflow/example_dags/example_branch_operator.py
[2025-11-14T21:18:46.801+0000] {logging_mixin.py:190} INFO - [2025-11-14T21:18:46.801+0000] {dag.py:3239} INFO - Sync 1 DAGs
[2025-11-14T21:18:46.832+0000] {logging_mixin.py:190} INFO - [2025-11-14T21:18:46.832+0000] {dag.py:4180} INFO - Setting next_dagrun for example_branch_operator to 2025-11-13 00:00:00+00:00, run_after=2025-11-14 00:00:00+00:00
[2025-11-14T21:18:46.852+0000] {processor.py:208} INFO - Processing /home/airflow/.local/lib/python3.12/site-packages/airflow/example_dags/example_branch_operator.py took 0.137 seconds
[2025-11-14T21:19:18.145+0000] {processor.py:186} INFO - Started process (PID=500) to work on /home/airflow/.local/lib/python3.12/site-packages/airflow/example_dags/example_branch_operator.py
[2025-11-14T21:19:18.149+0000] {processor.py:914} INFO - Processing file /home/airflow/.local/lib/python3.12/site-packages/airflow/example_dags/example_branch_operator.py for tasks to queue
[2025-11-14T21:19:18.155+0000] {logging_mixin.py:190} INFO - [2025-11-14T21:19:18.155+0000] {dagbag.py:588} INFO - Filling up the DagBag from /home/airflow/.local/lib/python3.12/site-packages/airflow/example_dags/example_branch_operator.py
[2025-11-14T21:19:18.197+0000] {processor.py:925} INFO - DAG(s) 'example_branch_operator' retrieved from /home/airflow/.local/lib/python3.12/site-packages/airflow/example_dags/example_branch_operator.py
[2025-11-14T21:19:18.258+0000] {logging_mixin.py:190} INFO - [2025-11-14T21:19:18.257+0000] {dag.py:3239} INFO - Sync 1 DAGs
[2025-11-14T21:19:18.308+0000] {logging_mixin.py:190} INFO - [2025-11-14T21:19:18.307+0000] {dag.py:4180} INFO - Setting next_dagrun for example_branch_operator to 2025-11-13 00:00:00+00:00, run_after=2025-11-14 00:00:00+00:00
[2025-11-14T21:19:18.342+0000] {processor.py:208} INFO - Processing /home/airflow/.local/lib/python3.12/site-packages/airflow/example_dags/example_branch_operator.py took 0.209 seconds
[2025-11-14T21:19:49.826+0000] {processor.py:186} INFO - Started process (PID=565) to work on /home/airflow/.local/lib/python3.12/site-packages/airflow/example_dags/example_branch_operator.py
[2025-11-14T21:19:49.832+0000] {processor.py:914} INFO - Processing file /home/airflow/.local/lib/python3.12/site-packages/airflow/example_dags/example_branch_operator.py for tasks to queue
[2025-11-14T21:19:49.847+0000] {logging_mixin.py:190} INFO - [2025-11-14T21:19:49.845+0000] {dagbag.py:588} INFO - Filling up the DagBag from /home/airflow/.local/lib/python3.12/site-packages/airflow/example_dags/example_branch_operator.py
[2025-11-14T21:19:49.930+0000] {processor.py:925} INFO - DAG(s) 'example_branch_operator' retrieved from /home/airflow/.local/lib/python3.12/site-packages/airflow/example_dags/example_branch_operator.py
[2025-11-14T21:19:50.055+0000] {logging_mixin.py:190} INFO - [2025-11-14T21:19:50.054+0000] {dag.py:3239} INFO - Sync 1 DAGs
[2025-11-14T21:19:50.212+0000] {logging_mixin.py:190} INFO - [2025-11-14T21:19:50.211+0000] {dag.py:4180} INFO - Setting next_dagrun for example_branch_operator to 2025-11-13 00:00:00+00:00, run_after=2025-11-14 00:00:00+00:00
[2025-11-14T21:19:50.319+0000] {processor.py:208} INFO - Processing /home/airflow/.local/lib/python3.12/site-packages/airflow/example_dags/example_branch_operator.py took 0.521 seconds
[2025-11-14T21:20:38.231+0000] {processor.py:186} INFO - Started process (PID=645) to work on /home/airflow/.local/lib/python3.12/site-packages/airflow/example_dags/example_branch_operator.py
[2025-11-14T21:20:38.252+0000] {processor.py:914} INFO - Processing file /home/airflow/.local/lib/python3.12/site-packages/airflow/example_dags/example_branch_operator.py for tasks to queue
[2025-11-14T21:20:38.366+0000] {logging_mixin.py:190} INFO - [2025-11-14T21:20:38.323+0000] {dagbag.py:588} INFO - Filling up the DagBag from /home/airflow/.local/lib/python3.12/site-packages/airflow/example_dags/example_branch_operator.py
[2025-11-14T21:20:39.252+0000] {processor.py:925} INFO - DAG(s) 'example_branch_operator' retrieved from /home/airflow/.local/lib/python3.12/site-packages/airflow/example_dags/example_branch_operator.py
[2025-11-14T21:20:40.132+0000] {logging_mixin.py:190} INFO - [2025-11-14T21:20:40.128+0000] {dag.py:3239} INFO - Sync 1 DAGs
[2025-11-14T21:20:40.802+0000] {logging_mixin.py:190} INFO - [2025-11-14T21:20:40.800+0000] {dag.py:4180} INFO - Setting next_dagrun for example_branch_operator to 2025-11-13 00:00:00+00:00, run_after=2025-11-14 00:00:00+00:00
[2025-11-14T21:20:41.738+0000] {processor.py:208} INFO - Processing /home/airflow/.local/lib/python3.12/site-packages/airflow/example_dags/example_branch_operator.py took 3.669 seconds
[2025-11-14T21:21:39.062+0000] {processor.py:186} INFO - Started process (PID=716) to work on /home/airflow/.local/lib/python3.12/site-packages/airflow/example_dags/example_branch_operator.py
[2025-11-14T21:21:39.070+0000] {processor.py:914} INFO - Processing file /home/airflow/.local/lib/python3.12/site-packages/airflow/example_dags/example_branch_operator.py for tasks to queue
[2025-11-14T21:21:39.085+0000] {logging_mixin.py:190} INFO - [2025-11-14T21:21:39.083+0000] {dagbag.py:588} INFO - Filling up the DagBag from /home/airflow/.local/lib/python3.12/site-packages/airflow/example_dags/example_branch_operator.py
[2025-11-14T21:21:39.183+0000] {processor.py:925} INFO - DAG(s) 'example_branch_operator' retrieved from /home/airflow/.local/lib/python3.12/site-packages/airflow/example_dags/example_branch_operator.py
[2025-11-14T21:21:39.335+0000] {logging_mixin.py:190} INFO - [2025-11-14T21:21:39.334+0000] {dag.py:3239} INFO - Sync 1 DAGs
[2025-11-14T21:21:39.461+0000] {logging_mixin.py:190} INFO - [2025-11-14T21:21:39.460+0000] {dag.py:4180} INFO - Setting next_dagrun for example_branch_operator to 2025-11-13 00:00:00+00:00, run_after=2025-11-14 00:00:00+00:00
[2025-11-14T21:21:39.569+0000] {processor.py:208} INFO - Processing /home/airflow/.local/lib/python3.12/site-packages/airflow/example_dags/example_branch_operator.py took 0.575 seconds
[2025-11-14T21:22:11.110+0000] {processor.py:186} INFO - Started process (PID=778) to work on /home/airflow/.local/lib/python3.12/site-packages/airflow/example_dags/example_branch_operator.py
[2025-11-14T21:22:11.118+0000] {processor.py:914} INFO - Processing file /home/airflow/.local/lib/python3.12/site-packages/airflow/example_dags/example_branch_operator.py for tasks to queue
[2025-11-14T21:22:11.134+0000] {logging_mixin.py:190} INFO - [2025-11-14T21:22:11.132+0000] {dagbag.py:588} INFO - Filling up the DagBag from /home/airflow/.local/lib/python3.12/site-packages/airflow/example_dags/example_branch_operator.py
[2025-11-14T21:22:11.249+0000] {processor.py:925} INFO - DAG(s) 'example_branch_operator' retrieved from /home/airflow/.local/lib/python3.12/site-packages/airflow/example_dags/example_branch_operator.py
[2025-11-14T21:22:11.398+0000] {logging_mixin.py:190} INFO - [2025-11-14T21:22:11.397+0000] {dag.py:3239} INFO - Sync 1 DAGs
[2025-11-14T21:22:11.517+0000] {logging_mixin.py:190} INFO - [2025-11-14T21:22:11.516+0000] {dag.py:4180} INFO - Setting next_dagrun for example_branch_operator to 2025-11-13 00:00:00+00:00, run_after=2025-11-14 00:00:00+00:00
[2025-11-14T21:22:11.647+0000] {processor.py:208} INFO - Processing /home/airflow/.local/lib/python3.12/site-packages/airflow/example_dags/example_branch_operator.py took 0.571 seconds
[2025-11-14T21:22:42.633+0000] {processor.py:186} INFO - Started process (PID=841) to work on /home/airflow/.local/lib/python3.12/site-packages/airflow/example_dags/example_branch_operator.py
[2025-11-14T21:22:42.639+0000] {processor.py:914} INFO - Processing file /home/airflow/.local/lib/python3.12/site-packages/airflow/example_dags/example_branch_operator.py for tasks to queue
[2025-11-14T21:22:42.652+0000] {logging_mixin.py:190} INFO - [2025-11-14T21:22:42.651+0000] {dagbag.py:588} INFO - Filling up the DagBag from /home/airflow/.local/lib/python3.12/site-packages/airflow/example_dags/example_branch_operator.py
[2025-11-14T21:22:42.726+0000] {processor.py:925} INFO - DAG(s) 'example_branch_operator' retrieved from /home/airflow/.local/lib/python3.12/site-packages/airflow/example_dags/example_branch_operator.py
[2025-11-14T21:22:42.858+0000] {logging_mixin.py:190} INFO - [2025-11-14T21:22:42.857+0000] {dag.py:3239} INFO - Sync 1 DAGs
[2025-11-14T21:22:42.983+0000] {logging_mixin.py:190} INFO - [2025-11-14T21:22:42.982+0000] {dag.py:4180} INFO - Setting next_dagrun for example_branch_operator to 2025-11-13 00:00:00+00:00, run_after=2025-11-14 00:00:00+00:00
[2025-11-14T21:22:43.050+0000] {processor.py:208} INFO - Processing /home/airflow/.local/lib/python3.12/site-packages/airflow/example_dags/example_branch_operator.py took 0.441 seconds
[2025-11-14T21:23:13.379+0000] {processor.py:186} INFO - Started process (PID=902) to work on /home/airflow/.local/lib/python3.12/site-packages/airflow/example_dags/example_branch_operator.py
[2025-11-14T21:23:13.388+0000] {processor.py:914} INFO - Processing file /home/airflow/.local/lib/python3.12/site-packages/airflow/example_dags/example_branch_operator.py for tasks to queue
[2025-11-14T21:23:13.404+0000] {logging_mixin.py:190} INFO - [2025-11-14T21:23:13.402+0000] {dagbag.py:588} INFO - Filling up the DagBag from /home/airflow/.local/lib/python3.12/site-packages/airflow/example_dags/example_branch_operator.py
[2025-11-14T21:23:13.514+0000] {processor.py:925} INFO - DAG(s) 'example_branch_operator' retrieved from /home/airflow/.local/lib/python3.12/site-packages/airflow/example_dags/example_branch_operator.py
[2025-11-14T21:23:13.709+0000] {logging_mixin.py:190} INFO - [2025-11-14T21:23:13.709+0000] {dag.py:3239} INFO - Sync 1 DAGs
[2025-11-14T21:23:13.825+0000] {logging_mixin.py:190} INFO - [2025-11-14T21:23:13.824+0000] {dag.py:4180} INFO - Setting next_dagrun for example_branch_operator to 2025-11-13 00:00:00+00:00, run_after=2025-11-14 00:00:00+00:00
[2025-11-14T21:23:13.881+0000] {processor.py:208} INFO - Processing /home/airflow/.local/lib/python3.12/site-packages/airflow/example_dags/example_branch_operator.py took 0.533 seconds
[2025-11-14T21:23:44.102+0000] {processor.py:186} INFO - Started process (PID=966) to work on /home/airflow/.local/lib/python3.12/site-packages/airflow/example_dags/example_branch_operator.py
[2025-11-14T21:23:44.108+0000] {processor.py:914} INFO - Processing file /home/airflow/.local/lib/python3.12/site-packages/airflow/example_dags/example_branch_operator.py for tasks to queue
[2025-11-14T21:23:44.116+0000] {logging_mixin.py:190} INFO - [2025-11-14T21:23:44.115+0000] {dagbag.py:588} INFO - Filling up the DagBag from /home/airflow/.local/lib/python3.12/site-packages/airflow/example_dags/example_branch_operator.py
[2025-11-14T21:23:44.167+0000] {processor.py:925} INFO - DAG(s) 'example_branch_operator' retrieved from /home/airflow/.local/lib/python3.12/site-packages/airflow/example_dags/example_branch_operator.py
[2025-11-14T21:23:44.250+0000] {logging_mixin.py:190} INFO - [2025-11-14T21:23:44.249+0000] {dag.py:3239} INFO - Sync 1 DAGs
[2025-11-14T21:23:44.319+0000] {logging_mixin.py:190} INFO - [2025-11-14T21:23:44.318+0000] {dag.py:4180} INFO - Setting next_dagrun for example_branch_operator to 2025-11-13 00:00:00+00:00, run_after=2025-11-14 00:00:00+00:00
[2025-11-14T21:23:44.366+0000] {processor.py:208} INFO - Processing /home/airflow/.local/lib/python3.12/site-packages/airflow/example_dags/example_branch_operator.py took 0.281 seconds
[2025-11-14T21:24:14.910+0000] {processor.py:186} INFO - Started process (PID=1023) to work on /home/airflow/.local/lib/python3.12/site-packages/airflow/example_dags/example_branch_operator.py
[2025-11-14T21:24:14.915+0000] {processor.py:914} INFO - Processing file /home/airflow/.local/lib/python3.12/site-packages/airflow/example_dags/example_branch_operator.py for tasks to queue
[2025-11-14T21:24:14.925+0000] {logging_mixin.py:190} INFO - [2025-11-14T21:24:14.924+0000] {dagbag.py:588} INFO - Filling up the DagBag from /home/airflow/.local/lib/python3.12/site-packages/airflow/example_dags/example_branch_operator.py
[2025-11-14T21:24:14.989+0000] {processor.py:925} INFO - DAG(s) 'example_branch_operator' retrieved from /home/airflow/.local/lib/python3.12/site-packages/airflow/example_dags/example_branch_operator.py
[2025-11-14T21:24:15.107+0000] {logging_mixin.py:190} INFO - [2025-11-14T21:24:15.105+0000] {dag.py:3239} INFO - Sync 1 DAGs
[2025-11-14T21:24:15.306+0000] {logging_mixin.py:190} INFO - [2025-11-14T21:24:15.306+0000] {dag.py:4180} INFO - Setting next_dagrun for example_branch_operator to 2025-11-13 00:00:00+00:00, run_after=2025-11-14 00:00:00+00:00
[2025-11-14T21:24:15.425+0000] {processor.py:208} INFO - Processing /home/airflow/.local/lib/python3.12/site-packages/airflow/example_dags/example_branch_operator.py took 0.536 seconds
[2025-11-14T21:24:45.812+0000] {processor.py:186} INFO - Started process (PID=1086) to work on /home/airflow/.local/lib/python3.12/site-packages/airflow/example_dags/example_branch_operator.py
[2025-11-14T21:24:45.816+0000] {processor.py:914} INFO - Processing file /home/airflow/.local/lib/python3.12/site-packages/airflow/example_dags/example_branch_operator.py for tasks to queue
[2025-11-14T21:24:45.826+0000] {logging_mixin.py:190} INFO - [2025-11-14T21:24:45.824+0000] {dagbag.py:588} INFO - Filling up the DagBag from /home/airflow/.local/lib/python3.12/site-packages/airflow/example_dags/example_branch_operator.py
[2025-11-14T21:24:45.887+0000] {processor.py:925} INFO - DAG(s) 'example_branch_operator' retrieved from /home/airflow/.local/lib/python3.12/site-packages/airflow/example_dags/example_branch_operator.py
[2025-11-14T21:24:45.986+0000] {logging_mixin.py:190} INFO - [2025-11-14T21:24:45.985+0000] {dag.py:3239} INFO - Sync 1 DAGs
[2025-11-14T21:24:46.069+0000] {logging_mixin.py:190} INFO - [2025-11-14T21:24:46.068+0000] {dag.py:4180} INFO - Setting next_dagrun for example_branch_operator to 2025-11-13 00:00:00+00:00, run_after=2025-11-14 00:00:00+00:00
[2025-11-14T21:24:46.126+0000] {processor.py:208} INFO - Processing /home/airflow/.local/lib/python3.12/site-packages/airflow/example_dags/example_branch_operator.py took 0.336 seconds
[2025-11-14T21:25:16.293+0000] {processor.py:186} INFO - Started process (PID=1149) to work on /home/airflow/.local/lib/python3.12/site-packages/airflow/example_dags/example_branch_operator.py
[2025-11-14T21:25:16.296+0000] {processor.py:914} INFO - Processing file /home/airflow/.local/lib/python3.12/site-packages/airflow/example_dags/example_branch_operator.py for tasks to queue
[2025-11-14T21:25:16.302+0000] {logging_mixin.py:190} INFO - [2025-11-14T21:25:16.301+0000] {dagbag.py:588} INFO - Filling up the DagBag from /home/airflow/.local/lib/python3.12/site-packages/airflow/example_dags/example_branch_operator.py
[2025-11-14T21:25:16.341+0000] {processor.py:925} INFO - DAG(s) 'example_branch_operator' retrieved from /home/airflow/.local/lib/python3.12/site-packages/airflow/example_dags/example_branch_operator.py
[2025-11-14T21:25:16.407+0000] {logging_mixin.py:190} INFO - [2025-11-14T21:25:16.406+0000] {dag.py:3239} INFO - Sync 1 DAGs
[2025-11-14T21:25:16.463+0000] {logging_mixin.py:190} INFO - [2025-11-14T21:25:16.463+0000] {dag.py:4180} INFO - Setting next_dagrun for example_branch_operator to 2025-11-13 00:00:00+00:00, run_after=2025-11-14 00:00:00+00:00
[2025-11-14T21:25:16.503+0000] {processor.py:208} INFO - Processing /home/airflow/.local/lib/python3.12/site-packages/airflow/example_dags/example_branch_operator.py took 0.224 seconds
[2025-11-14T21:25:47.457+0000] {processor.py:186} INFO - Started process (PID=1213) to work on /home/airflow/.local/lib/python3.12/site-packages/airflow/example_dags/example_branch_operator.py
[2025-11-14T21:25:47.461+0000] {processor.py:914} INFO - Processing file /home/airflow/.local/lib/python3.12/site-packages/airflow/example_dags/example_branch_operator.py for tasks to queue
[2025-11-14T21:25:47.472+0000] {logging_mixin.py:190} INFO - [2025-11-14T21:25:47.471+0000] {dagbag.py:588} INFO - Filling up the DagBag from /home/airflow/.local/lib/python3.12/site-packages/airflow/example_dags/example_branch_operator.py
[2025-11-14T21:25:47.574+0000] {processor.py:925} INFO - DAG(s) 'example_branch_operator' retrieved from /home/airflow/.local/lib/python3.12/site-packages/airflow/example_dags/example_branch_operator.py
[2025-11-14T21:25:47.700+0000] {logging_mixin.py:190} INFO - [2025-11-14T21:25:47.699+0000] {dag.py:3239} INFO - Sync 1 DAGs
[2025-11-14T21:25:47.795+0000] {logging_mixin.py:190} INFO - [2025-11-14T21:25:47.794+0000] {dag.py:4180} INFO - Setting next_dagrun for example_branch_operator to 2025-11-13 00:00:00+00:00, run_after=2025-11-14 00:00:00+00:00
[2025-11-14T21:25:47.866+0000] {processor.py:208} INFO - Processing /home/airflow/.local/lib/python3.12/site-packages/airflow/example_dags/example_branch_operator.py took 0.436 seconds
[2025-11-14T21:26:18.412+0000] {processor.py:186} INFO - Started process (PID=1278) to work on /home/airflow/.local/lib/python3.12/site-packages/airflow/example_dags/example_branch_operator.py
[2025-11-14T21:26:18.416+0000] {processor.py:914} INFO - Processing file /home/airflow/.local/lib/python3.12/site-packages/airflow/example_dags/example_branch_operator.py for tasks to queue
[2025-11-14T21:26:18.423+0000] {logging_mixin.py:190} INFO - [2025-11-14T21:26:18.422+0000] {dagbag.py:588} INFO - Filling up the DagBag from /home/airflow/.local/lib/python3.12/site-packages/airflow/example_dags/example_branch_operator.py
[2025-11-14T21:26:18.477+0000] {processor.py:925} INFO - DAG(s) 'example_branch_operator' retrieved from /home/airflow/.local/lib/python3.12/site-packages/airflow/example_dags/example_branch_operator.py
[2025-11-14T21:26:18.547+0000] {logging_mixin.py:190} INFO - [2025-11-14T21:26:18.547+0000] {dag.py:3239} INFO - Sync 1 DAGs
[2025-11-14T21:26:18.595+0000] {logging_mixin.py:190} INFO - [2025-11-14T21:26:18.594+0000] {dag.py:4180} INFO - Setting next_dagrun for example_branch_operator to 2025-11-13 00:00:00+00:00, run_after=2025-11-14 00:00:00+00:00
[2025-11-14T21:26:18.631+0000] {processor.py:208} INFO - Processing /home/airflow/.local/lib/python3.12/site-packages/airflow/example_dags/example_branch_operator.py took 0.233 seconds
[2025-11-14T21:26:49.333+0000] {processor.py:186} INFO - Started process (PID=1340) to work on /home/airflow/.local/lib/python3.12/site-packages/airflow/example_dags/example_branch_operator.py
[2025-11-14T21:26:49.337+0000] {processor.py:914} INFO - Processing file /home/airflow/.local/lib/python3.12/site-packages/airflow/example_dags/example_branch_operator.py for tasks to queue
[2025-11-14T21:26:49.346+0000] {logging_mixin.py:190} INFO - [2025-11-14T21:26:49.345+0000] {dagbag.py:588} INFO - Filling up the DagBag from /home/airflow/.local/lib/python3.12/site-packages/airflow/example_dags/example_branch_operator.py
[2025-11-14T21:26:49.399+0000] {processor.py:925} INFO - DAG(s) 'example_branch_operator' retrieved from /home/airflow/.local/lib/python3.12/site-packages/airflow/example_dags/example_branch_operator.py
[2025-11-14T21:26:49.479+0000] {logging_mixin.py:190} INFO - [2025-11-14T21:26:49.478+0000] {dag.py:3239} INFO - Sync 1 DAGs
[2025-11-14T21:26:49.538+0000] {logging_mixin.py:190} INFO - [2025-11-14T21:26:49.538+0000] {dag.py:4180} INFO - Setting next_dagrun for example_branch_operator to 2025-11-13 00:00:00+00:00, run_after=2025-11-14 00:00:00+00:00
[2025-11-14T21:26:49.570+0000] {processor.py:208} INFO - Processing /home/airflow/.local/lib/python3.12/site-packages/airflow/example_dags/example_branch_operator.py took 0.255 seconds
[2025-11-14T21:27:20.002+0000] {processor.py:186} INFO - Started process (PID=1403) to work on /home/airflow/.local/lib/python3.12/site-packages/airflow/example_dags/example_branch_operator.py
[2025-11-14T21:27:20.005+0000] {processor.py:914} INFO - Processing file /home/airflow/.local/lib/python3.12/site-packages/airflow/example_dags/example_branch_operator.py for tasks to queue
[2025-11-14T21:27:20.011+0000] {logging_mixin.py:190} INFO - [2025-11-14T21:27:20.010+0000] {dagbag.py:588} INFO - Filling up the DagBag from /home/airflow/.local/lib/python3.12/site-packages/airflow/example_dags/example_branch_operator.py
[2025-11-14T21:27:20.047+0000] {processor.py:925} INFO - DAG(s) 'example_branch_operator' retrieved from /home/airflow/.local/lib/python3.12/site-packages/airflow/example_dags/example_branch_operator.py
[2025-11-14T21:27:20.109+0000] {logging_mixin.py:190} INFO - [2025-11-14T21:27:20.109+0000] {dag.py:3239} INFO - Sync 1 DAGs
[2025-11-14T21:27:20.165+0000] {logging_mixin.py:190} INFO - [2025-11-14T21:27:20.164+0000] {dag.py:4180} INFO - Setting next_dagrun for example_branch_operator to 2025-11-13 00:00:00+00:00, run_after=2025-11-14 00:00:00+00:00
[2025-11-14T21:27:20.205+0000] {processor.py:208} INFO - Processing /home/airflow/.local/lib/python3.12/site-packages/airflow/example_dags/example_branch_operator.py took 0.228 seconds
[2025-11-14T21:27:50.618+0000] {processor.py:186} INFO - Started process (PID=1466) to work on /home/airflow/.local/lib/python3.12/site-packages/airflow/example_dags/example_branch_operator.py
[2025-11-14T21:27:50.622+0000] {processor.py:914} INFO - Processing file /home/airflow/.local/lib/python3.12/site-packages/airflow/example_dags/example_branch_operator.py for tasks to queue
[2025-11-14T21:27:50.627+0000] {logging_mixin.py:190} INFO - [2025-11-14T21:27:50.627+0000] {dagbag.py:588} INFO - Filling up the DagBag from /home/airflow/.local/lib/python3.12/site-packages/airflow/example_dags/example_branch_operator.py
[2025-11-14T21:27:50.673+0000] {processor.py:925} INFO - DAG(s) 'example_branch_operator' retrieved from /home/airflow/.local/lib/python3.12/site-packages/airflow/example_dags/example_branch_operator.py
[2025-11-14T21:27:50.741+0000] {logging_mixin.py:190} INFO - [2025-11-14T21:27:50.741+0000] {dag.py:3239} INFO - Sync 1 DAGs
[2025-11-14T21:27:50.817+0000] {logging_mixin.py:190} INFO - [2025-11-14T21:27:50.817+0000] {dag.py:4180} INFO - Setting next_dagrun for example_branch_operator to 2025-11-13 00:00:00+00:00, run_after=2025-11-14 00:00:00+00:00
[2025-11-14T21:27:50.864+0000] {processor.py:208} INFO - Processing /home/airflow/.local/lib/python3.12/site-packages/airflow/example_dags/example_branch_operator.py took 0.262 seconds
