[2025-11-14T21:15:52.149+0000] {processor.py:186} INFO - Started process (PID=87) to work on /home/airflow/.local/lib/python3.12/site-packages/airflow/example_dags/example_short_circuit_operator.py
[2025-11-14T21:15:52.152+0000] {processor.py:914} INFO - Processing file /home/airflow/.local/lib/python3.12/site-packages/airflow/example_dags/example_short_circuit_operator.py for tasks to queue
[2025-11-14T21:15:52.158+0000] {logging_mixin.py:190} INFO - [2025-11-14T21:15:52.157+0000] {dagbag.py:588} INFO - Filling up the DagBag from /home/airflow/.local/lib/python3.12/site-packages/airflow/example_dags/example_short_circuit_operator.py
[2025-11-14T21:15:52.179+0000] {processor.py:925} INFO - DAG(s) 'example_short_circuit_operator' retrieved from /home/airflow/.local/lib/python3.12/site-packages/airflow/example_dags/example_short_circuit_operator.py
[2025-11-14T21:15:52.397+0000] {logging_mixin.py:190} INFO - [2025-11-14T21:15:52.396+0000] {override.py:1900} INFO - Created Permission View: can edit on DAG:example_short_circuit_operator
[2025-11-14T21:15:52.420+0000] {logging_mixin.py:190} INFO - [2025-11-14T21:15:52.420+0000] {override.py:1900} INFO - Created Permission View: can delete on DAG:example_short_circuit_operator
[2025-11-14T21:15:52.438+0000] {logging_mixin.py:190} INFO - [2025-11-14T21:15:52.438+0000] {override.py:1900} INFO - Created Permission View: can read on DAG:example_short_circuit_operator
[2025-11-14T21:15:52.453+0000] {logging_mixin.py:190} INFO - [2025-11-14T21:15:52.452+0000] {override.py:1900} INFO - Created Permission View: menu access on DAG Run:example_short_circuit_operator
[2025-11-14T21:15:52.466+0000] {logging_mixin.py:190} INFO - [2025-11-14T21:15:52.465+0000] {override.py:1900} INFO - Created Permission View: can create on DAG Run:example_short_circuit_operator
[2025-11-14T21:15:52.497+0000] {logging_mixin.py:190} INFO - [2025-11-14T21:15:52.497+0000] {override.py:1900} INFO - Created Permission View: can delete on DAG Run:example_short_circuit_operator
[2025-11-14T21:15:52.510+0000] {logging_mixin.py:190} INFO - [2025-11-14T21:15:52.509+0000] {override.py:1900} INFO - Created Permission View: can read on DAG Run:example_short_circuit_operator
[2025-11-14T21:15:52.512+0000] {logging_mixin.py:190} INFO - [2025-11-14T21:15:52.511+0000] {dag.py:3239} INFO - Sync 1 DAGs
[2025-11-14T21:15:52.540+0000] {logging_mixin.py:190} INFO - [2025-11-14T21:15:52.539+0000] {dag.py:3262} INFO - Creating ORM DAG for example_short_circuit_operator
[2025-11-14T21:15:52.542+0000] {logging_mixin.py:190} INFO - [2025-11-14T21:15:52.542+0000] {dag.py:4180} INFO - Setting next_dagrun for example_short_circuit_operator to None, run_after=None
[2025-11-14T21:15:52.573+0000] {processor.py:208} INFO - Processing /home/airflow/.local/lib/python3.12/site-packages/airflow/example_dags/example_short_circuit_operator.py took 0.437 seconds
[2025-11-14T21:16:22.717+0000] {processor.py:186} INFO - Started process (PID=152) to work on /home/airflow/.local/lib/python3.12/site-packages/airflow/example_dags/example_short_circuit_operator.py
[2025-11-14T21:16:22.720+0000] {processor.py:914} INFO - Processing file /home/airflow/.local/lib/python3.12/site-packages/airflow/example_dags/example_short_circuit_operator.py for tasks to queue
[2025-11-14T21:16:22.724+0000] {logging_mixin.py:190} INFO - [2025-11-14T21:16:22.724+0000] {dagbag.py:588} INFO - Filling up the DagBag from /home/airflow/.local/lib/python3.12/site-packages/airflow/example_dags/example_short_circuit_operator.py
[2025-11-14T21:16:22.740+0000] {processor.py:925} INFO - DAG(s) 'example_short_circuit_operator' retrieved from /home/airflow/.local/lib/python3.12/site-packages/airflow/example_dags/example_short_circuit_operator.py
[2025-11-14T21:16:22.778+0000] {logging_mixin.py:190} INFO - [2025-11-14T21:16:22.778+0000] {dag.py:3239} INFO - Sync 1 DAGs
[2025-11-14T21:16:22.803+0000] {logging_mixin.py:190} INFO - [2025-11-14T21:16:22.802+0000] {dag.py:4180} INFO - Setting next_dagrun for example_short_circuit_operator to None, run_after=None
[2025-11-14T21:16:22.833+0000] {processor.py:208} INFO - Processing /home/airflow/.local/lib/python3.12/site-packages/airflow/example_dags/example_short_circuit_operator.py took 0.125 seconds
[2025-11-14T21:16:53.039+0000] {processor.py:186} INFO - Started process (PID=215) to work on /home/airflow/.local/lib/python3.12/site-packages/airflow/example_dags/example_short_circuit_operator.py
[2025-11-14T21:16:53.041+0000] {processor.py:914} INFO - Processing file /home/airflow/.local/lib/python3.12/site-packages/airflow/example_dags/example_short_circuit_operator.py for tasks to queue
[2025-11-14T21:16:53.044+0000] {logging_mixin.py:190} INFO - [2025-11-14T21:16:53.043+0000] {dagbag.py:588} INFO - Filling up the DagBag from /home/airflow/.local/lib/python3.12/site-packages/airflow/example_dags/example_short_circuit_operator.py
[2025-11-14T21:16:53.054+0000] {processor.py:925} INFO - DAG(s) 'example_short_circuit_operator' retrieved from /home/airflow/.local/lib/python3.12/site-packages/airflow/example_dags/example_short_circuit_operator.py
[2025-11-14T21:16:53.080+0000] {logging_mixin.py:190} INFO - [2025-11-14T21:16:53.080+0000] {dag.py:3239} INFO - Sync 1 DAGs
[2025-11-14T21:16:53.097+0000] {logging_mixin.py:190} INFO - [2025-11-14T21:16:53.097+0000] {dag.py:4180} INFO - Setting next_dagrun for example_short_circuit_operator to None, run_after=None
[2025-11-14T21:16:53.117+0000] {processor.py:208} INFO - Processing /home/airflow/.local/lib/python3.12/site-packages/airflow/example_dags/example_short_circuit_operator.py took 0.085 seconds
[2025-11-14T21:17:23.437+0000] {processor.py:186} INFO - Started process (PID=278) to work on /home/airflow/.local/lib/python3.12/site-packages/airflow/example_dags/example_short_circuit_operator.py
[2025-11-14T21:17:23.439+0000] {processor.py:914} INFO - Processing file /home/airflow/.local/lib/python3.12/site-packages/airflow/example_dags/example_short_circuit_operator.py for tasks to queue
[2025-11-14T21:17:23.443+0000] {logging_mixin.py:190} INFO - [2025-11-14T21:17:23.442+0000] {dagbag.py:588} INFO - Filling up the DagBag from /home/airflow/.local/lib/python3.12/site-packages/airflow/example_dags/example_short_circuit_operator.py
[2025-11-14T21:17:23.453+0000] {processor.py:925} INFO - DAG(s) 'example_short_circuit_operator' retrieved from /home/airflow/.local/lib/python3.12/site-packages/airflow/example_dags/example_short_circuit_operator.py
[2025-11-14T21:17:23.485+0000] {logging_mixin.py:190} INFO - [2025-11-14T21:17:23.485+0000] {dag.py:3239} INFO - Sync 1 DAGs
[2025-11-14T21:17:23.505+0000] {logging_mixin.py:190} INFO - [2025-11-14T21:17:23.504+0000] {dag.py:4180} INFO - Setting next_dagrun for example_short_circuit_operator to None, run_after=None
[2025-11-14T21:17:23.533+0000] {processor.py:208} INFO - Processing /home/airflow/.local/lib/python3.12/site-packages/airflow/example_dags/example_short_circuit_operator.py took 0.105 seconds
[2025-11-14T21:17:54.463+0000] {processor.py:186} INFO - Started process (PID=346) to work on /home/airflow/.local/lib/python3.12/site-packages/airflow/example_dags/example_short_circuit_operator.py
[2025-11-14T21:17:54.465+0000] {processor.py:914} INFO - Processing file /home/airflow/.local/lib/python3.12/site-packages/airflow/example_dags/example_short_circuit_operator.py for tasks to queue
[2025-11-14T21:17:54.468+0000] {logging_mixin.py:190} INFO - [2025-11-14T21:17:54.467+0000] {dagbag.py:588} INFO - Filling up the DagBag from /home/airflow/.local/lib/python3.12/site-packages/airflow/example_dags/example_short_circuit_operator.py
[2025-11-14T21:17:54.478+0000] {processor.py:925} INFO - DAG(s) 'example_short_circuit_operator' retrieved from /home/airflow/.local/lib/python3.12/site-packages/airflow/example_dags/example_short_circuit_operator.py
[2025-11-14T21:17:54.502+0000] {logging_mixin.py:190} INFO - [2025-11-14T21:17:54.502+0000] {dag.py:3239} INFO - Sync 1 DAGs
[2025-11-14T21:17:54.518+0000] {logging_mixin.py:190} INFO - [2025-11-14T21:17:54.518+0000] {dag.py:4180} INFO - Setting next_dagrun for example_short_circuit_operator to None, run_after=None
[2025-11-14T21:17:54.539+0000] {processor.py:208} INFO - Processing /home/airflow/.local/lib/python3.12/site-packages/airflow/example_dags/example_short_circuit_operator.py took 0.084 seconds
[2025-11-14T21:18:24.702+0000] {processor.py:186} INFO - Started process (PID=411) to work on /home/airflow/.local/lib/python3.12/site-packages/airflow/example_dags/example_short_circuit_operator.py
[2025-11-14T21:18:24.704+0000] {processor.py:914} INFO - Processing file /home/airflow/.local/lib/python3.12/site-packages/airflow/example_dags/example_short_circuit_operator.py for tasks to queue
[2025-11-14T21:18:24.707+0000] {logging_mixin.py:190} INFO - [2025-11-14T21:18:24.706+0000] {dagbag.py:588} INFO - Filling up the DagBag from /home/airflow/.local/lib/python3.12/site-packages/airflow/example_dags/example_short_circuit_operator.py
[2025-11-14T21:18:24.717+0000] {processor.py:925} INFO - DAG(s) 'example_short_circuit_operator' retrieved from /home/airflow/.local/lib/python3.12/site-packages/airflow/example_dags/example_short_circuit_operator.py
[2025-11-14T21:18:24.747+0000] {logging_mixin.py:190} INFO - [2025-11-14T21:18:24.746+0000] {dag.py:3239} INFO - Sync 1 DAGs
[2025-11-14T21:18:24.763+0000] {logging_mixin.py:190} INFO - [2025-11-14T21:18:24.763+0000] {dag.py:4180} INFO - Setting next_dagrun for example_short_circuit_operator to None, run_after=None
[2025-11-14T21:18:24.785+0000] {processor.py:208} INFO - Processing /home/airflow/.local/lib/python3.12/site-packages/airflow/example_dags/example_short_circuit_operator.py took 0.090 seconds
[2025-11-14T21:18:55.631+0000] {processor.py:186} INFO - Started process (PID=476) to work on /home/airflow/.local/lib/python3.12/site-packages/airflow/example_dags/example_short_circuit_operator.py
[2025-11-14T21:18:55.634+0000] {processor.py:914} INFO - Processing file /home/airflow/.local/lib/python3.12/site-packages/airflow/example_dags/example_short_circuit_operator.py for tasks to queue
[2025-11-14T21:18:55.641+0000] {logging_mixin.py:190} INFO - [2025-11-14T21:18:55.640+0000] {dagbag.py:588} INFO - Filling up the DagBag from /home/airflow/.local/lib/python3.12/site-packages/airflow/example_dags/example_short_circuit_operator.py
[2025-11-14T21:18:55.660+0000] {processor.py:925} INFO - DAG(s) 'example_short_circuit_operator' retrieved from /home/airflow/.local/lib/python3.12/site-packages/airflow/example_dags/example_short_circuit_operator.py
[2025-11-14T21:18:55.713+0000] {logging_mixin.py:190} INFO - [2025-11-14T21:18:55.712+0000] {dag.py:3239} INFO - Sync 1 DAGs
[2025-11-14T21:18:55.749+0000] {logging_mixin.py:190} INFO - [2025-11-14T21:18:55.748+0000] {dag.py:4180} INFO - Setting next_dagrun for example_short_circuit_operator to None, run_after=None
[2025-11-14T21:18:55.794+0000] {processor.py:208} INFO - Processing /home/airflow/.local/lib/python3.12/site-packages/airflow/example_dags/example_short_circuit_operator.py took 0.177 seconds
[2025-11-14T21:19:27.306+0000] {processor.py:186} INFO - Started process (PID=541) to work on /home/airflow/.local/lib/python3.12/site-packages/airflow/example_dags/example_short_circuit_operator.py
[2025-11-14T21:19:27.311+0000] {processor.py:914} INFO - Processing file /home/airflow/.local/lib/python3.12/site-packages/airflow/example_dags/example_short_circuit_operator.py for tasks to queue
[2025-11-14T21:19:27.319+0000] {logging_mixin.py:190} INFO - [2025-11-14T21:19:27.318+0000] {dagbag.py:588} INFO - Filling up the DagBag from /home/airflow/.local/lib/python3.12/site-packages/airflow/example_dags/example_short_circuit_operator.py
[2025-11-14T21:19:27.353+0000] {processor.py:925} INFO - DAG(s) 'example_short_circuit_operator' retrieved from /home/airflow/.local/lib/python3.12/site-packages/airflow/example_dags/example_short_circuit_operator.py
[2025-11-14T21:19:27.544+0000] {logging_mixin.py:190} INFO - [2025-11-14T21:19:27.544+0000] {dag.py:3239} INFO - Sync 1 DAGs
[2025-11-14T21:19:27.619+0000] {logging_mixin.py:190} INFO - [2025-11-14T21:19:27.618+0000] {dag.py:4180} INFO - Setting next_dagrun for example_short_circuit_operator to None, run_after=None
[2025-11-14T21:19:27.729+0000] {processor.py:208} INFO - Processing /home/airflow/.local/lib/python3.12/site-packages/airflow/example_dags/example_short_circuit_operator.py took 0.443 seconds
[2025-11-14T21:20:05.378+0000] {processor.py:186} INFO - Started process (PID=615) to work on /home/airflow/.local/lib/python3.12/site-packages/airflow/example_dags/example_short_circuit_operator.py
[2025-11-14T21:20:05.395+0000] {processor.py:914} INFO - Processing file /home/airflow/.local/lib/python3.12/site-packages/airflow/example_dags/example_short_circuit_operator.py for tasks to queue
[2025-11-14T21:20:05.415+0000] {logging_mixin.py:190} INFO - [2025-11-14T21:20:05.414+0000] {dagbag.py:588} INFO - Filling up the DagBag from /home/airflow/.local/lib/python3.12/site-packages/airflow/example_dags/example_short_circuit_operator.py
[2025-11-14T21:20:05.948+0000] {processor.py:925} INFO - DAG(s) 'example_short_circuit_operator' retrieved from /home/airflow/.local/lib/python3.12/site-packages/airflow/example_dags/example_short_circuit_operator.py
[2025-11-14T21:20:07.518+0000] {logging_mixin.py:190} INFO - [2025-11-14T21:20:07.516+0000] {dag.py:3239} INFO - Sync 1 DAGs
[2025-11-14T21:20:07.735+0000] {logging_mixin.py:190} INFO - [2025-11-14T21:20:07.734+0000] {dag.py:4180} INFO - Setting next_dagrun for example_short_circuit_operator to None, run_after=None
[2025-11-14T21:20:08.388+0000] {processor.py:208} INFO - Processing /home/airflow/.local/lib/python3.12/site-packages/airflow/example_dags/example_short_circuit_operator.py took 3.082 seconds
[2025-11-14T21:21:37.632+0000] {processor.py:186} INFO - Started process (PID=710) to work on /home/airflow/.local/lib/python3.12/site-packages/airflow/example_dags/example_short_circuit_operator.py
[2025-11-14T21:21:37.638+0000] {processor.py:914} INFO - Processing file /home/airflow/.local/lib/python3.12/site-packages/airflow/example_dags/example_short_circuit_operator.py for tasks to queue
[2025-11-14T21:21:37.649+0000] {logging_mixin.py:190} INFO - [2025-11-14T21:21:37.648+0000] {dagbag.py:588} INFO - Filling up the DagBag from /home/airflow/.local/lib/python3.12/site-packages/airflow/example_dags/example_short_circuit_operator.py
[2025-11-14T21:21:37.690+0000] {processor.py:925} INFO - DAG(s) 'example_short_circuit_operator' retrieved from /home/airflow/.local/lib/python3.12/site-packages/airflow/example_dags/example_short_circuit_operator.py
[2025-11-14T21:21:37.798+0000] {logging_mixin.py:190} INFO - [2025-11-14T21:21:37.797+0000] {dag.py:3239} INFO - Sync 1 DAGs
[2025-11-14T21:21:37.881+0000] {logging_mixin.py:190} INFO - [2025-11-14T21:21:37.879+0000] {dag.py:4180} INFO - Setting next_dagrun for example_short_circuit_operator to None, run_after=None
[2025-11-14T21:21:37.953+0000] {processor.py:208} INFO - Processing /home/airflow/.local/lib/python3.12/site-packages/airflow/example_dags/example_short_circuit_operator.py took 0.390 seconds
[2025-11-14T21:22:09.208+0000] {processor.py:186} INFO - Started process (PID=774) to work on /home/airflow/.local/lib/python3.12/site-packages/airflow/example_dags/example_short_circuit_operator.py
[2025-11-14T21:22:09.223+0000] {processor.py:914} INFO - Processing file /home/airflow/.local/lib/python3.12/site-packages/airflow/example_dags/example_short_circuit_operator.py for tasks to queue
[2025-11-14T21:22:09.256+0000] {logging_mixin.py:190} INFO - [2025-11-14T21:22:09.253+0000] {dagbag.py:588} INFO - Filling up the DagBag from /home/airflow/.local/lib/python3.12/site-packages/airflow/example_dags/example_short_circuit_operator.py
[2025-11-14T21:22:09.305+0000] {processor.py:925} INFO - DAG(s) 'example_short_circuit_operator' retrieved from /home/airflow/.local/lib/python3.12/site-packages/airflow/example_dags/example_short_circuit_operator.py
[2025-11-14T21:22:09.566+0000] {logging_mixin.py:190} INFO - [2025-11-14T21:22:09.565+0000] {dag.py:3239} INFO - Sync 1 DAGs
[2025-11-14T21:22:09.668+0000] {logging_mixin.py:190} INFO - [2025-11-14T21:22:09.667+0000] {dag.py:4180} INFO - Setting next_dagrun for example_short_circuit_operator to None, run_after=None
[2025-11-14T21:22:09.769+0000] {processor.py:208} INFO - Processing /home/airflow/.local/lib/python3.12/site-packages/airflow/example_dags/example_short_circuit_operator.py took 0.606 seconds
[2025-11-14T21:22:41.932+0000] {processor.py:186} INFO - Started process (PID=839) to work on /home/airflow/.local/lib/python3.12/site-packages/airflow/example_dags/example_short_circuit_operator.py
[2025-11-14T21:22:41.948+0000] {processor.py:914} INFO - Processing file /home/airflow/.local/lib/python3.12/site-packages/airflow/example_dags/example_short_circuit_operator.py for tasks to queue
[2025-11-14T21:22:41.972+0000] {logging_mixin.py:190} INFO - [2025-11-14T21:22:41.970+0000] {dagbag.py:588} INFO - Filling up the DagBag from /home/airflow/.local/lib/python3.12/site-packages/airflow/example_dags/example_short_circuit_operator.py
[2025-11-14T21:22:42.111+0000] {processor.py:925} INFO - DAG(s) 'example_short_circuit_operator' retrieved from /home/airflow/.local/lib/python3.12/site-packages/airflow/example_dags/example_short_circuit_operator.py
[2025-11-14T21:22:42.337+0000] {logging_mixin.py:190} INFO - [2025-11-14T21:22:42.336+0000] {dag.py:3239} INFO - Sync 1 DAGs
[2025-11-14T21:22:42.535+0000] {logging_mixin.py:190} INFO - [2025-11-14T21:22:42.534+0000] {dag.py:4180} INFO - Setting next_dagrun for example_short_circuit_operator to None, run_after=None
[2025-11-14T21:22:42.617+0000] {processor.py:208} INFO - Processing /home/airflow/.local/lib/python3.12/site-packages/airflow/example_dags/example_short_circuit_operator.py took 0.737 seconds
[2025-11-14T21:23:14.083+0000] {processor.py:186} INFO - Started process (PID=905) to work on /home/airflow/.local/lib/python3.12/site-packages/airflow/example_dags/example_short_circuit_operator.py
[2025-11-14T21:23:14.088+0000] {processor.py:914} INFO - Processing file /home/airflow/.local/lib/python3.12/site-packages/airflow/example_dags/example_short_circuit_operator.py for tasks to queue
[2025-11-14T21:23:14.096+0000] {logging_mixin.py:190} INFO - [2025-11-14T21:23:14.095+0000] {dagbag.py:588} INFO - Filling up the DagBag from /home/airflow/.local/lib/python3.12/site-packages/airflow/example_dags/example_short_circuit_operator.py
[2025-11-14T21:23:14.124+0000] {processor.py:925} INFO - DAG(s) 'example_short_circuit_operator' retrieved from /home/airflow/.local/lib/python3.12/site-packages/airflow/example_dags/example_short_circuit_operator.py
[2025-11-14T21:23:14.222+0000] {logging_mixin.py:190} INFO - [2025-11-14T21:23:14.221+0000] {dag.py:3239} INFO - Sync 1 DAGs
[2025-11-14T21:23:14.281+0000] {logging_mixin.py:190} INFO - [2025-11-14T21:23:14.281+0000] {dag.py:4180} INFO - Setting next_dagrun for example_short_circuit_operator to None, run_after=None
[2025-11-14T21:23:14.343+0000] {processor.py:208} INFO - Processing /home/airflow/.local/lib/python3.12/site-packages/airflow/example_dags/example_short_circuit_operator.py took 0.281 seconds
[2025-11-14T21:23:44.723+0000] {processor.py:186} INFO - Started process (PID=969) to work on /home/airflow/.local/lib/python3.12/site-packages/airflow/example_dags/example_short_circuit_operator.py
[2025-11-14T21:23:44.727+0000] {processor.py:914} INFO - Processing file /home/airflow/.local/lib/python3.12/site-packages/airflow/example_dags/example_short_circuit_operator.py for tasks to queue
[2025-11-14T21:23:44.734+0000] {logging_mixin.py:190} INFO - [2025-11-14T21:23:44.733+0000] {dagbag.py:588} INFO - Filling up the DagBag from /home/airflow/.local/lib/python3.12/site-packages/airflow/example_dags/example_short_circuit_operator.py
[2025-11-14T21:23:44.761+0000] {processor.py:925} INFO - DAG(s) 'example_short_circuit_operator' retrieved from /home/airflow/.local/lib/python3.12/site-packages/airflow/example_dags/example_short_circuit_operator.py
[2025-11-14T21:23:44.827+0000] {logging_mixin.py:190} INFO - [2025-11-14T21:23:44.826+0000] {dag.py:3239} INFO - Sync 1 DAGs
[2025-11-14T21:23:44.867+0000] {logging_mixin.py:190} INFO - [2025-11-14T21:23:44.867+0000] {dag.py:4180} INFO - Setting next_dagrun for example_short_circuit_operator to None, run_after=None
[2025-11-14T21:23:44.917+0000] {processor.py:208} INFO - Processing /home/airflow/.local/lib/python3.12/site-packages/airflow/example_dags/example_short_circuit_operator.py took 0.213 seconds
[2025-11-14T21:24:19.055+0000] {processor.py:186} INFO - Started process (PID=1036) to work on /home/airflow/.local/lib/python3.12/site-packages/airflow/example_dags/example_short_circuit_operator.py
[2025-11-14T21:24:19.060+0000] {processor.py:914} INFO - Processing file /home/airflow/.local/lib/python3.12/site-packages/airflow/example_dags/example_short_circuit_operator.py for tasks to queue
[2025-11-14T21:24:19.071+0000] {logging_mixin.py:190} INFO - [2025-11-14T21:24:19.070+0000] {dagbag.py:588} INFO - Filling up the DagBag from /home/airflow/.local/lib/python3.12/site-packages/airflow/example_dags/example_short_circuit_operator.py
[2025-11-14T21:24:19.109+0000] {processor.py:925} INFO - DAG(s) 'example_short_circuit_operator' retrieved from /home/airflow/.local/lib/python3.12/site-packages/airflow/example_dags/example_short_circuit_operator.py
[2025-11-14T21:24:19.207+0000] {logging_mixin.py:190} INFO - [2025-11-14T21:24:19.207+0000] {dag.py:3239} INFO - Sync 1 DAGs
[2025-11-14T21:24:19.278+0000] {logging_mixin.py:190} INFO - [2025-11-14T21:24:19.277+0000] {dag.py:4180} INFO - Setting next_dagrun for example_short_circuit_operator to None, run_after=None
[2025-11-14T21:24:19.352+0000] {processor.py:208} INFO - Processing /home/airflow/.local/lib/python3.12/site-packages/airflow/example_dags/example_short_circuit_operator.py took 0.322 seconds
[2025-11-14T21:24:51.052+0000] {processor.py:186} INFO - Started process (PID=1099) to work on /home/airflow/.local/lib/python3.12/site-packages/airflow/example_dags/example_short_circuit_operator.py
[2025-11-14T21:24:51.059+0000] {processor.py:914} INFO - Processing file /home/airflow/.local/lib/python3.12/site-packages/airflow/example_dags/example_short_circuit_operator.py for tasks to queue
[2025-11-14T21:24:51.071+0000] {logging_mixin.py:190} INFO - [2025-11-14T21:24:51.070+0000] {dagbag.py:588} INFO - Filling up the DagBag from /home/airflow/.local/lib/python3.12/site-packages/airflow/example_dags/example_short_circuit_operator.py
[2025-11-14T21:24:51.166+0000] {processor.py:925} INFO - DAG(s) 'example_short_circuit_operator' retrieved from /home/airflow/.local/lib/python3.12/site-packages/airflow/example_dags/example_short_circuit_operator.py
[2025-11-14T21:24:51.303+0000] {logging_mixin.py:190} INFO - [2025-11-14T21:24:51.302+0000] {dag.py:3239} INFO - Sync 1 DAGs
[2025-11-14T21:24:51.389+0000] {logging_mixin.py:190} INFO - [2025-11-14T21:24:51.387+0000] {dag.py:4180} INFO - Setting next_dagrun for example_short_circuit_operator to None, run_after=None
[2025-11-14T21:24:51.468+0000] {processor.py:208} INFO - Processing /home/airflow/.local/lib/python3.12/site-packages/airflow/example_dags/example_short_circuit_operator.py took 0.447 seconds
[2025-11-14T21:25:22.088+0000] {processor.py:186} INFO - Started process (PID=1163) to work on /home/airflow/.local/lib/python3.12/site-packages/airflow/example_dags/example_short_circuit_operator.py
[2025-11-14T21:25:22.092+0000] {processor.py:914} INFO - Processing file /home/airflow/.local/lib/python3.12/site-packages/airflow/example_dags/example_short_circuit_operator.py for tasks to queue
[2025-11-14T21:25:22.113+0000] {logging_mixin.py:190} INFO - [2025-11-14T21:25:22.109+0000] {dagbag.py:588} INFO - Filling up the DagBag from /home/airflow/.local/lib/python3.12/site-packages/airflow/example_dags/example_short_circuit_operator.py
[2025-11-14T21:25:22.140+0000] {processor.py:925} INFO - DAG(s) 'example_short_circuit_operator' retrieved from /home/airflow/.local/lib/python3.12/site-packages/airflow/example_dags/example_short_circuit_operator.py
[2025-11-14T21:25:22.195+0000] {logging_mixin.py:190} INFO - [2025-11-14T21:25:22.195+0000] {dag.py:3239} INFO - Sync 1 DAGs
[2025-11-14T21:25:22.234+0000] {logging_mixin.py:190} INFO - [2025-11-14T21:25:22.229+0000] {dag.py:4180} INFO - Setting next_dagrun for example_short_circuit_operator to None, run_after=None
[2025-11-14T21:25:22.277+0000] {processor.py:208} INFO - Processing /home/airflow/.local/lib/python3.12/site-packages/airflow/example_dags/example_short_circuit_operator.py took 0.219 seconds
[2025-11-14T21:25:52.376+0000] {processor.py:186} INFO - Started process (PID=1226) to work on /home/airflow/.local/lib/python3.12/site-packages/airflow/example_dags/example_short_circuit_operator.py
[2025-11-14T21:25:52.378+0000] {processor.py:914} INFO - Processing file /home/airflow/.local/lib/python3.12/site-packages/airflow/example_dags/example_short_circuit_operator.py for tasks to queue
[2025-11-14T21:25:52.384+0000] {logging_mixin.py:190} INFO - [2025-11-14T21:25:52.383+0000] {dagbag.py:588} INFO - Filling up the DagBag from /home/airflow/.local/lib/python3.12/site-packages/airflow/example_dags/example_short_circuit_operator.py
[2025-11-14T21:25:52.401+0000] {processor.py:925} INFO - DAG(s) 'example_short_circuit_operator' retrieved from /home/airflow/.local/lib/python3.12/site-packages/airflow/example_dags/example_short_circuit_operator.py
[2025-11-14T21:25:52.447+0000] {logging_mixin.py:190} INFO - [2025-11-14T21:25:52.446+0000] {dag.py:3239} INFO - Sync 1 DAGs
[2025-11-14T21:25:52.483+0000] {logging_mixin.py:190} INFO - [2025-11-14T21:25:52.482+0000] {dag.py:4180} INFO - Setting next_dagrun for example_short_circuit_operator to None, run_after=None
[2025-11-14T21:25:52.518+0000] {processor.py:208} INFO - Processing /home/airflow/.local/lib/python3.12/site-packages/airflow/example_dags/example_short_circuit_operator.py took 0.154 seconds
[2025-11-14T21:26:23.040+0000] {processor.py:186} INFO - Started process (PID=1291) to work on /home/airflow/.local/lib/python3.12/site-packages/airflow/example_dags/example_short_circuit_operator.py
[2025-11-14T21:26:23.043+0000] {processor.py:914} INFO - Processing file /home/airflow/.local/lib/python3.12/site-packages/airflow/example_dags/example_short_circuit_operator.py for tasks to queue
[2025-11-14T21:26:23.048+0000] {logging_mixin.py:190} INFO - [2025-11-14T21:26:23.047+0000] {dagbag.py:588} INFO - Filling up the DagBag from /home/airflow/.local/lib/python3.12/site-packages/airflow/example_dags/example_short_circuit_operator.py
[2025-11-14T21:26:23.064+0000] {processor.py:925} INFO - DAG(s) 'example_short_circuit_operator' retrieved from /home/airflow/.local/lib/python3.12/site-packages/airflow/example_dags/example_short_circuit_operator.py
[2025-11-14T21:26:23.104+0000] {logging_mixin.py:190} INFO - [2025-11-14T21:26:23.104+0000] {dag.py:3239} INFO - Sync 1 DAGs
[2025-11-14T21:26:23.132+0000] {logging_mixin.py:190} INFO - [2025-11-14T21:26:23.131+0000] {dag.py:4180} INFO - Setting next_dagrun for example_short_circuit_operator to None, run_after=None
[2025-11-14T21:26:23.164+0000] {processor.py:208} INFO - Processing /home/airflow/.local/lib/python3.12/site-packages/airflow/example_dags/example_short_circuit_operator.py took 0.137 seconds
[2025-11-14T21:26:53.986+0000] {processor.py:186} INFO - Started process (PID=1356) to work on /home/airflow/.local/lib/python3.12/site-packages/airflow/example_dags/example_short_circuit_operator.py
[2025-11-14T21:26:53.990+0000] {processor.py:914} INFO - Processing file /home/airflow/.local/lib/python3.12/site-packages/airflow/example_dags/example_short_circuit_operator.py for tasks to queue
[2025-11-14T21:26:53.995+0000] {logging_mixin.py:190} INFO - [2025-11-14T21:26:53.994+0000] {dagbag.py:588} INFO - Filling up the DagBag from /home/airflow/.local/lib/python3.12/site-packages/airflow/example_dags/example_short_circuit_operator.py
[2025-11-14T21:26:54.013+0000] {processor.py:925} INFO - DAG(s) 'example_short_circuit_operator' retrieved from /home/airflow/.local/lib/python3.12/site-packages/airflow/example_dags/example_short_circuit_operator.py
[2025-11-14T21:26:54.059+0000] {logging_mixin.py:190} INFO - [2025-11-14T21:26:54.058+0000] {dag.py:3239} INFO - Sync 1 DAGs
[2025-11-14T21:26:54.087+0000] {logging_mixin.py:190} INFO - [2025-11-14T21:26:54.086+0000] {dag.py:4180} INFO - Setting next_dagrun for example_short_circuit_operator to None, run_after=None
[2025-11-14T21:26:54.119+0000] {processor.py:208} INFO - Processing /home/airflow/.local/lib/python3.12/site-packages/airflow/example_dags/example_short_circuit_operator.py took 0.145 seconds
[2025-11-14T21:27:24.498+0000] {processor.py:186} INFO - Started process (PID=1419) to work on /home/airflow/.local/lib/python3.12/site-packages/airflow/example_dags/example_short_circuit_operator.py
[2025-11-14T21:27:24.502+0000] {processor.py:914} INFO - Processing file /home/airflow/.local/lib/python3.12/site-packages/airflow/example_dags/example_short_circuit_operator.py for tasks to queue
[2025-11-14T21:27:24.507+0000] {logging_mixin.py:190} INFO - [2025-11-14T21:27:24.506+0000] {dagbag.py:588} INFO - Filling up the DagBag from /home/airflow/.local/lib/python3.12/site-packages/airflow/example_dags/example_short_circuit_operator.py
[2025-11-14T21:27:24.525+0000] {processor.py:925} INFO - DAG(s) 'example_short_circuit_operator' retrieved from /home/airflow/.local/lib/python3.12/site-packages/airflow/example_dags/example_short_circuit_operator.py
[2025-11-14T21:27:24.570+0000] {logging_mixin.py:190} INFO - [2025-11-14T21:27:24.569+0000] {dag.py:3239} INFO - Sync 1 DAGs
[2025-11-14T21:27:24.598+0000] {logging_mixin.py:190} INFO - [2025-11-14T21:27:24.598+0000] {dag.py:4180} INFO - Setting next_dagrun for example_short_circuit_operator to None, run_after=None
[2025-11-14T21:27:24.632+0000] {processor.py:208} INFO - Processing /home/airflow/.local/lib/python3.12/site-packages/airflow/example_dags/example_short_circuit_operator.py took 0.147 seconds
[2025-11-14T21:27:55.522+0000] {processor.py:186} INFO - Started process (PID=1482) to work on /home/airflow/.local/lib/python3.12/site-packages/airflow/example_dags/example_short_circuit_operator.py
[2025-11-14T21:27:55.526+0000] {processor.py:914} INFO - Processing file /home/airflow/.local/lib/python3.12/site-packages/airflow/example_dags/example_short_circuit_operator.py for tasks to queue
[2025-11-14T21:27:55.534+0000] {logging_mixin.py:190} INFO - [2025-11-14T21:27:55.532+0000] {dagbag.py:588} INFO - Filling up the DagBag from /home/airflow/.local/lib/python3.12/site-packages/airflow/example_dags/example_short_circuit_operator.py
[2025-11-14T21:27:55.556+0000] {processor.py:925} INFO - DAG(s) 'example_short_circuit_operator' retrieved from /home/airflow/.local/lib/python3.12/site-packages/airflow/example_dags/example_short_circuit_operator.py
[2025-11-14T21:27:55.628+0000] {logging_mixin.py:190} INFO - [2025-11-14T21:27:55.627+0000] {dag.py:3239} INFO - Sync 1 DAGs
[2025-11-14T21:27:55.679+0000] {logging_mixin.py:190} INFO - [2025-11-14T21:27:55.678+0000] {dag.py:4180} INFO - Setting next_dagrun for example_short_circuit_operator to None, run_after=None
[2025-11-14T21:27:55.742+0000] {processor.py:208} INFO - Processing /home/airflow/.local/lib/python3.12/site-packages/airflow/example_dags/example_short_circuit_operator.py took 0.237 seconds
