[2025-11-14T21:15:50.194+0000] {processor.py:186} INFO - Started process (PID=79) to work on /home/airflow/.local/lib/python3.12/site-packages/airflow/example_dags/example_bash_decorator.py
[2025-11-14T21:15:50.197+0000] {processor.py:914} INFO - Processing file /home/airflow/.local/lib/python3.12/site-packages/airflow/example_dags/example_bash_decorator.py for tasks to queue
[2025-11-14T21:15:50.203+0000] {logging_mixin.py:190} INFO - [2025-11-14T21:15:50.202+0000] {dagbag.py:588} INFO - Filling up the DagBag from /home/airflow/.local/lib/python3.12/site-packages/airflow/example_dags/example_bash_decorator.py
[2025-11-14T21:15:50.241+0000] {processor.py:925} INFO - DAG(s) 'example_bash_decorator' retrieved from /home/airflow/.local/lib/python3.12/site-packages/airflow/example_dags/example_bash_decorator.py
[2025-11-14T21:15:50.487+0000] {logging_mixin.py:190} INFO - [2025-11-14T21:15:50.486+0000] {override.py:1900} INFO - Created Permission View: can edit on DAG:example_bash_decorator
[2025-11-14T21:15:50.507+0000] {logging_mixin.py:190} INFO - [2025-11-14T21:15:50.507+0000] {override.py:1900} INFO - Created Permission View: can delete on DAG:example_bash_decorator
[2025-11-14T21:15:50.520+0000] {logging_mixin.py:190} INFO - [2025-11-14T21:15:50.520+0000] {override.py:1900} INFO - Created Permission View: can read on DAG:example_bash_decorator
[2025-11-14T21:15:50.534+0000] {logging_mixin.py:190} INFO - [2025-11-14T21:15:50.533+0000] {override.py:1900} INFO - Created Permission View: menu access on DAG Run:example_bash_decorator
[2025-11-14T21:15:50.545+0000] {logging_mixin.py:190} INFO - [2025-11-14T21:15:50.545+0000] {override.py:1900} INFO - Created Permission View: can create on DAG Run:example_bash_decorator
[2025-11-14T21:15:50.557+0000] {logging_mixin.py:190} INFO - [2025-11-14T21:15:50.557+0000] {override.py:1900} INFO - Created Permission View: can delete on DAG Run:example_bash_decorator
[2025-11-14T21:15:50.570+0000] {logging_mixin.py:190} INFO - [2025-11-14T21:15:50.569+0000] {override.py:1900} INFO - Created Permission View: can read on DAG Run:example_bash_decorator
[2025-11-14T21:15:50.572+0000] {logging_mixin.py:190} INFO - [2025-11-14T21:15:50.571+0000] {dag.py:3239} INFO - Sync 1 DAGs
[2025-11-14T21:15:50.597+0000] {logging_mixin.py:190} INFO - [2025-11-14T21:15:50.597+0000] {dag.py:3262} INFO - Creating ORM DAG for example_bash_decorator
[2025-11-14T21:15:50.600+0000] {logging_mixin.py:190} INFO - [2025-11-14T21:15:50.600+0000] {dag.py:4180} INFO - Setting next_dagrun for example_bash_decorator to None, run_after=None
[2025-11-14T21:15:50.628+0000] {processor.py:208} INFO - Processing /home/airflow/.local/lib/python3.12/site-packages/airflow/example_dags/example_bash_decorator.py took 0.446 seconds
[2025-11-14T21:16:20.788+0000] {processor.py:186} INFO - Started process (PID=143) to work on /home/airflow/.local/lib/python3.12/site-packages/airflow/example_dags/example_bash_decorator.py
[2025-11-14T21:16:20.790+0000] {processor.py:914} INFO - Processing file /home/airflow/.local/lib/python3.12/site-packages/airflow/example_dags/example_bash_decorator.py for tasks to queue
[2025-11-14T21:16:20.795+0000] {logging_mixin.py:190} INFO - [2025-11-14T21:16:20.794+0000] {dagbag.py:588} INFO - Filling up the DagBag from /home/airflow/.local/lib/python3.12/site-packages/airflow/example_dags/example_bash_decorator.py
[2025-11-14T21:16:20.821+0000] {processor.py:925} INFO - DAG(s) 'example_bash_decorator' retrieved from /home/airflow/.local/lib/python3.12/site-packages/airflow/example_dags/example_bash_decorator.py
[2025-11-14T21:16:20.862+0000] {logging_mixin.py:190} INFO - [2025-11-14T21:16:20.862+0000] {dag.py:3239} INFO - Sync 1 DAGs
[2025-11-14T21:16:20.887+0000] {logging_mixin.py:190} INFO - [2025-11-14T21:16:20.887+0000] {dag.py:4180} INFO - Setting next_dagrun for example_bash_decorator to None, run_after=None
[2025-11-14T21:16:20.917+0000] {processor.py:208} INFO - Processing /home/airflow/.local/lib/python3.12/site-packages/airflow/example_dags/example_bash_decorator.py took 0.140 seconds
[2025-11-14T21:16:51.516+0000] {processor.py:186} INFO - Started process (PID=206) to work on /home/airflow/.local/lib/python3.12/site-packages/airflow/example_dags/example_bash_decorator.py
[2025-11-14T21:16:51.518+0000] {processor.py:914} INFO - Processing file /home/airflow/.local/lib/python3.12/site-packages/airflow/example_dags/example_bash_decorator.py for tasks to queue
[2025-11-14T21:16:51.521+0000] {logging_mixin.py:190} INFO - [2025-11-14T21:16:51.520+0000] {dagbag.py:588} INFO - Filling up the DagBag from /home/airflow/.local/lib/python3.12/site-packages/airflow/example_dags/example_bash_decorator.py
[2025-11-14T21:16:51.537+0000] {processor.py:925} INFO - DAG(s) 'example_bash_decorator' retrieved from /home/airflow/.local/lib/python3.12/site-packages/airflow/example_dags/example_bash_decorator.py
[2025-11-14T21:16:51.563+0000] {logging_mixin.py:190} INFO - [2025-11-14T21:16:51.562+0000] {dag.py:3239} INFO - Sync 1 DAGs
[2025-11-14T21:16:51.578+0000] {logging_mixin.py:190} INFO - [2025-11-14T21:16:51.578+0000] {dag.py:4180} INFO - Setting next_dagrun for example_bash_decorator to None, run_after=None
[2025-11-14T21:16:51.597+0000] {processor.py:208} INFO - Processing /home/airflow/.local/lib/python3.12/site-packages/airflow/example_dags/example_bash_decorator.py took 0.088 seconds
[2025-11-14T21:17:21.900+0000] {processor.py:186} INFO - Started process (PID=269) to work on /home/airflow/.local/lib/python3.12/site-packages/airflow/example_dags/example_bash_decorator.py
[2025-11-14T21:17:21.901+0000] {processor.py:914} INFO - Processing file /home/airflow/.local/lib/python3.12/site-packages/airflow/example_dags/example_bash_decorator.py for tasks to queue
[2025-11-14T21:17:21.904+0000] {logging_mixin.py:190} INFO - [2025-11-14T21:17:21.904+0000] {dagbag.py:588} INFO - Filling up the DagBag from /home/airflow/.local/lib/python3.12/site-packages/airflow/example_dags/example_bash_decorator.py
[2025-11-14T21:17:21.921+0000] {processor.py:925} INFO - DAG(s) 'example_bash_decorator' retrieved from /home/airflow/.local/lib/python3.12/site-packages/airflow/example_dags/example_bash_decorator.py
[2025-11-14T21:17:21.945+0000] {logging_mixin.py:190} INFO - [2025-11-14T21:17:21.945+0000] {dag.py:3239} INFO - Sync 1 DAGs
[2025-11-14T21:17:21.960+0000] {logging_mixin.py:190} INFO - [2025-11-14T21:17:21.960+0000] {dag.py:4180} INFO - Setting next_dagrun for example_bash_decorator to None, run_after=None
[2025-11-14T21:17:21.980+0000] {processor.py:208} INFO - Processing /home/airflow/.local/lib/python3.12/site-packages/airflow/example_dags/example_bash_decorator.py took 0.087 seconds
[2025-11-14T21:17:52.972+0000] {processor.py:186} INFO - Started process (PID=332) to work on /home/airflow/.local/lib/python3.12/site-packages/airflow/example_dags/example_bash_decorator.py
[2025-11-14T21:17:52.974+0000] {processor.py:914} INFO - Processing file /home/airflow/.local/lib/python3.12/site-packages/airflow/example_dags/example_bash_decorator.py for tasks to queue
[2025-11-14T21:17:52.977+0000] {logging_mixin.py:190} INFO - [2025-11-14T21:17:52.976+0000] {dagbag.py:588} INFO - Filling up the DagBag from /home/airflow/.local/lib/python3.12/site-packages/airflow/example_dags/example_bash_decorator.py
[2025-11-14T21:17:52.992+0000] {processor.py:925} INFO - DAG(s) 'example_bash_decorator' retrieved from /home/airflow/.local/lib/python3.12/site-packages/airflow/example_dags/example_bash_decorator.py
[2025-11-14T21:17:53.016+0000] {logging_mixin.py:190} INFO - [2025-11-14T21:17:53.016+0000] {dag.py:3239} INFO - Sync 1 DAGs
[2025-11-14T21:17:53.030+0000] {logging_mixin.py:190} INFO - [2025-11-14T21:17:53.029+0000] {dag.py:4180} INFO - Setting next_dagrun for example_bash_decorator to None, run_after=None
[2025-11-14T21:17:53.049+0000] {processor.py:208} INFO - Processing /home/airflow/.local/lib/python3.12/site-packages/airflow/example_dags/example_bash_decorator.py took 0.084 seconds
[2025-11-14T21:18:23.141+0000] {processor.py:186} INFO - Started process (PID=395) to work on /home/airflow/.local/lib/python3.12/site-packages/airflow/example_dags/example_bash_decorator.py
[2025-11-14T21:18:23.143+0000] {processor.py:914} INFO - Processing file /home/airflow/.local/lib/python3.12/site-packages/airflow/example_dags/example_bash_decorator.py for tasks to queue
[2025-11-14T21:18:23.146+0000] {logging_mixin.py:190} INFO - [2025-11-14T21:18:23.145+0000] {dagbag.py:588} INFO - Filling up the DagBag from /home/airflow/.local/lib/python3.12/site-packages/airflow/example_dags/example_bash_decorator.py
[2025-11-14T21:18:23.162+0000] {processor.py:925} INFO - DAG(s) 'example_bash_decorator' retrieved from /home/airflow/.local/lib/python3.12/site-packages/airflow/example_dags/example_bash_decorator.py
[2025-11-14T21:18:23.187+0000] {logging_mixin.py:190} INFO - [2025-11-14T21:18:23.187+0000] {dag.py:3239} INFO - Sync 1 DAGs
[2025-11-14T21:18:23.202+0000] {logging_mixin.py:190} INFO - [2025-11-14T21:18:23.202+0000] {dag.py:4180} INFO - Setting next_dagrun for example_bash_decorator to None, run_after=None
[2025-11-14T21:18:23.220+0000] {processor.py:208} INFO - Processing /home/airflow/.local/lib/python3.12/site-packages/airflow/example_dags/example_bash_decorator.py took 0.086 seconds
[2025-11-14T21:18:54.177+0000] {processor.py:186} INFO - Started process (PID=460) to work on /home/airflow/.local/lib/python3.12/site-packages/airflow/example_dags/example_bash_decorator.py
[2025-11-14T21:18:54.180+0000] {processor.py:914} INFO - Processing file /home/airflow/.local/lib/python3.12/site-packages/airflow/example_dags/example_bash_decorator.py for tasks to queue
[2025-11-14T21:18:54.187+0000] {logging_mixin.py:190} INFO - [2025-11-14T21:18:54.186+0000] {dagbag.py:588} INFO - Filling up the DagBag from /home/airflow/.local/lib/python3.12/site-packages/airflow/example_dags/example_bash_decorator.py
[2025-11-14T21:18:54.214+0000] {processor.py:925} INFO - DAG(s) 'example_bash_decorator' retrieved from /home/airflow/.local/lib/python3.12/site-packages/airflow/example_dags/example_bash_decorator.py
[2025-11-14T21:18:54.272+0000] {logging_mixin.py:190} INFO - [2025-11-14T21:18:54.271+0000] {dag.py:3239} INFO - Sync 1 DAGs
[2025-11-14T21:18:54.312+0000] {logging_mixin.py:190} INFO - [2025-11-14T21:18:54.311+0000] {dag.py:4180} INFO - Setting next_dagrun for example_bash_decorator to None, run_after=None
[2025-11-14T21:18:54.373+0000] {processor.py:208} INFO - Processing /home/airflow/.local/lib/python3.12/site-packages/airflow/example_dags/example_bash_decorator.py took 0.211 seconds
[2025-11-14T21:19:24.561+0000] {processor.py:186} INFO - Started process (PID=525) to work on /home/airflow/.local/lib/python3.12/site-packages/airflow/example_dags/example_bash_decorator.py
[2025-11-14T21:19:24.565+0000] {processor.py:914} INFO - Processing file /home/airflow/.local/lib/python3.12/site-packages/airflow/example_dags/example_bash_decorator.py for tasks to queue
[2025-11-14T21:19:24.571+0000] {logging_mixin.py:190} INFO - [2025-11-14T21:19:24.571+0000] {dagbag.py:588} INFO - Filling up the DagBag from /home/airflow/.local/lib/python3.12/site-packages/airflow/example_dags/example_bash_decorator.py
[2025-11-14T21:19:24.604+0000] {processor.py:925} INFO - DAG(s) 'example_bash_decorator' retrieved from /home/airflow/.local/lib/python3.12/site-packages/airflow/example_dags/example_bash_decorator.py
[2025-11-14T21:19:24.659+0000] {logging_mixin.py:190} INFO - [2025-11-14T21:19:24.659+0000] {dag.py:3239} INFO - Sync 1 DAGs
[2025-11-14T21:19:24.692+0000] {logging_mixin.py:190} INFO - [2025-11-14T21:19:24.692+0000] {dag.py:4180} INFO - Setting next_dagrun for example_bash_decorator to None, run_after=None
[2025-11-14T21:19:24.731+0000] {processor.py:208} INFO - Processing /home/airflow/.local/lib/python3.12/site-packages/airflow/example_dags/example_bash_decorator.py took 0.183 seconds
[2025-11-14T21:19:57.892+0000] {processor.py:186} INFO - Started process (PID=607) to work on /home/airflow/.local/lib/python3.12/site-packages/airflow/example_dags/example_bash_decorator.py
[2025-11-14T21:19:57.899+0000] {processor.py:914} INFO - Processing file /home/airflow/.local/lib/python3.12/site-packages/airflow/example_dags/example_bash_decorator.py for tasks to queue
[2025-11-14T21:19:57.936+0000] {logging_mixin.py:190} INFO - [2025-11-14T21:19:57.927+0000] {dagbag.py:588} INFO - Filling up the DagBag from /home/airflow/.local/lib/python3.12/site-packages/airflow/example_dags/example_bash_decorator.py
[2025-11-14T21:19:58.037+0000] {processor.py:925} INFO - DAG(s) 'example_bash_decorator' retrieved from /home/airflow/.local/lib/python3.12/site-packages/airflow/example_dags/example_bash_decorator.py
[2025-11-14T21:19:58.193+0000] {logging_mixin.py:190} INFO - [2025-11-14T21:19:58.192+0000] {dag.py:3239} INFO - Sync 1 DAGs
[2025-11-14T21:19:58.282+0000] {logging_mixin.py:190} INFO - [2025-11-14T21:19:58.281+0000] {dag.py:4180} INFO - Setting next_dagrun for example_bash_decorator to None, run_after=None
[2025-11-14T21:19:58.400+0000] {processor.py:208} INFO - Processing /home/airflow/.local/lib/python3.12/site-packages/airflow/example_dags/example_bash_decorator.py took 0.548 seconds
[2025-11-14T21:21:32.363+0000] {processor.py:186} INFO - Started process (PID=702) to work on /home/airflow/.local/lib/python3.12/site-packages/airflow/example_dags/example_bash_decorator.py
[2025-11-14T21:21:32.380+0000] {processor.py:914} INFO - Processing file /home/airflow/.local/lib/python3.12/site-packages/airflow/example_dags/example_bash_decorator.py for tasks to queue
[2025-11-14T21:21:32.547+0000] {logging_mixin.py:190} INFO - [2025-11-14T21:21:32.535+0000] {dagbag.py:588} INFO - Filling up the DagBag from /home/airflow/.local/lib/python3.12/site-packages/airflow/example_dags/example_bash_decorator.py
[2025-11-14T21:21:33.201+0000] {processor.py:925} INFO - DAG(s) 'example_bash_decorator' retrieved from /home/airflow/.local/lib/python3.12/site-packages/airflow/example_dags/example_bash_decorator.py
[2025-11-14T21:21:33.419+0000] {logging_mixin.py:190} INFO - [2025-11-14T21:21:33.418+0000] {dag.py:3239} INFO - Sync 1 DAGs
[2025-11-14T21:21:33.815+0000] {logging_mixin.py:190} INFO - [2025-11-14T21:21:33.813+0000] {dag.py:4180} INFO - Setting next_dagrun for example_bash_decorator to None, run_after=None
[2025-11-14T21:21:34.045+0000] {processor.py:208} INFO - Processing /home/airflow/.local/lib/python3.12/site-packages/airflow/example_dags/example_bash_decorator.py took 1.730 seconds
[2025-11-14T21:22:04.297+0000] {processor.py:186} INFO - Started process (PID=766) to work on /home/airflow/.local/lib/python3.12/site-packages/airflow/example_dags/example_bash_decorator.py
[2025-11-14T21:22:04.311+0000] {processor.py:914} INFO - Processing file /home/airflow/.local/lib/python3.12/site-packages/airflow/example_dags/example_bash_decorator.py for tasks to queue
[2025-11-14T21:22:04.329+0000] {logging_mixin.py:190} INFO - [2025-11-14T21:22:04.328+0000] {dagbag.py:588} INFO - Filling up the DagBag from /home/airflow/.local/lib/python3.12/site-packages/airflow/example_dags/example_bash_decorator.py
[2025-11-14T21:22:04.416+0000] {processor.py:925} INFO - DAG(s) 'example_bash_decorator' retrieved from /home/airflow/.local/lib/python3.12/site-packages/airflow/example_dags/example_bash_decorator.py
[2025-11-14T21:22:04.815+0000] {logging_mixin.py:190} INFO - [2025-11-14T21:22:04.812+0000] {dag.py:3239} INFO - Sync 1 DAGs
[2025-11-14T21:22:04.938+0000] {logging_mixin.py:190} INFO - [2025-11-14T21:22:04.937+0000] {dag.py:4180} INFO - Setting next_dagrun for example_bash_decorator to None, run_after=None
[2025-11-14T21:22:05.094+0000] {processor.py:208} INFO - Processing /home/airflow/.local/lib/python3.12/site-packages/airflow/example_dags/example_bash_decorator.py took 0.846 seconds
[2025-11-14T21:22:35.749+0000] {processor.py:186} INFO - Started process (PID=831) to work on /home/airflow/.local/lib/python3.12/site-packages/airflow/example_dags/example_bash_decorator.py
[2025-11-14T21:22:35.757+0000] {processor.py:914} INFO - Processing file /home/airflow/.local/lib/python3.12/site-packages/airflow/example_dags/example_bash_decorator.py for tasks to queue
[2025-11-14T21:22:35.770+0000] {logging_mixin.py:190} INFO - [2025-11-14T21:22:35.768+0000] {dagbag.py:588} INFO - Filling up the DagBag from /home/airflow/.local/lib/python3.12/site-packages/airflow/example_dags/example_bash_decorator.py
[2025-11-14T21:22:35.846+0000] {processor.py:925} INFO - DAG(s) 'example_bash_decorator' retrieved from /home/airflow/.local/lib/python3.12/site-packages/airflow/example_dags/example_bash_decorator.py
[2025-11-14T21:22:35.959+0000] {logging_mixin.py:190} INFO - [2025-11-14T21:22:35.958+0000] {dag.py:3239} INFO - Sync 1 DAGs
[2025-11-14T21:22:36.051+0000] {logging_mixin.py:190} INFO - [2025-11-14T21:22:36.051+0000] {dag.py:4180} INFO - Setting next_dagrun for example_bash_decorator to None, run_after=None
[2025-11-14T21:22:36.165+0000] {processor.py:208} INFO - Processing /home/airflow/.local/lib/python3.12/site-packages/airflow/example_dags/example_bash_decorator.py took 0.451 seconds
[2025-11-14T21:23:06.957+0000] {processor.py:186} INFO - Started process (PID=895) to work on /home/airflow/.local/lib/python3.12/site-packages/airflow/example_dags/example_bash_decorator.py
[2025-11-14T21:23:06.962+0000] {processor.py:914} INFO - Processing file /home/airflow/.local/lib/python3.12/site-packages/airflow/example_dags/example_bash_decorator.py for tasks to queue
[2025-11-14T21:23:06.977+0000] {logging_mixin.py:190} INFO - [2025-11-14T21:23:06.975+0000] {dagbag.py:588} INFO - Filling up the DagBag from /home/airflow/.local/lib/python3.12/site-packages/airflow/example_dags/example_bash_decorator.py
[2025-11-14T21:23:07.050+0000] {processor.py:925} INFO - DAG(s) 'example_bash_decorator' retrieved from /home/airflow/.local/lib/python3.12/site-packages/airflow/example_dags/example_bash_decorator.py
[2025-11-14T21:23:07.179+0000] {logging_mixin.py:190} INFO - [2025-11-14T21:23:07.178+0000] {dag.py:3239} INFO - Sync 1 DAGs
[2025-11-14T21:23:07.403+0000] {logging_mixin.py:190} INFO - [2025-11-14T21:23:07.398+0000] {dag.py:4180} INFO - Setting next_dagrun for example_bash_decorator to None, run_after=None
[2025-11-14T21:23:07.583+0000] {processor.py:208} INFO - Processing /home/airflow/.local/lib/python3.12/site-packages/airflow/example_dags/example_bash_decorator.py took 0.659 seconds
[2025-11-14T21:23:41.949+0000] {processor.py:186} INFO - Started process (PID=959) to work on /home/airflow/.local/lib/python3.12/site-packages/airflow/example_dags/example_bash_decorator.py
[2025-11-14T21:23:41.954+0000] {processor.py:914} INFO - Processing file /home/airflow/.local/lib/python3.12/site-packages/airflow/example_dags/example_bash_decorator.py for tasks to queue
[2025-11-14T21:23:41.961+0000] {logging_mixin.py:190} INFO - [2025-11-14T21:23:41.960+0000] {dagbag.py:588} INFO - Filling up the DagBag from /home/airflow/.local/lib/python3.12/site-packages/airflow/example_dags/example_bash_decorator.py
[2025-11-14T21:23:42.013+0000] {processor.py:925} INFO - DAG(s) 'example_bash_decorator' retrieved from /home/airflow/.local/lib/python3.12/site-packages/airflow/example_dags/example_bash_decorator.py
[2025-11-14T21:23:42.092+0000] {logging_mixin.py:190} INFO - [2025-11-14T21:23:42.092+0000] {dag.py:3239} INFO - Sync 1 DAGs
[2025-11-14T21:23:42.142+0000] {logging_mixin.py:190} INFO - [2025-11-14T21:23:42.141+0000] {dag.py:4180} INFO - Setting next_dagrun for example_bash_decorator to None, run_after=None
[2025-11-14T21:23:42.196+0000] {processor.py:208} INFO - Processing /home/airflow/.local/lib/python3.12/site-packages/airflow/example_dags/example_bash_decorator.py took 0.274 seconds
[2025-11-14T21:24:14.467+0000] {processor.py:186} INFO - Started process (PID=1022) to work on /home/airflow/.local/lib/python3.12/site-packages/airflow/example_dags/example_bash_decorator.py
[2025-11-14T21:24:14.472+0000] {processor.py:914} INFO - Processing file /home/airflow/.local/lib/python3.12/site-packages/airflow/example_dags/example_bash_decorator.py for tasks to queue
[2025-11-14T21:24:14.484+0000] {logging_mixin.py:190} INFO - [2025-11-14T21:24:14.482+0000] {dagbag.py:588} INFO - Filling up the DagBag from /home/airflow/.local/lib/python3.12/site-packages/airflow/example_dags/example_bash_decorator.py
[2025-11-14T21:24:14.557+0000] {processor.py:925} INFO - DAG(s) 'example_bash_decorator' retrieved from /home/airflow/.local/lib/python3.12/site-packages/airflow/example_dags/example_bash_decorator.py
[2025-11-14T21:24:14.676+0000] {logging_mixin.py:190} INFO - [2025-11-14T21:24:14.675+0000] {dag.py:3239} INFO - Sync 1 DAGs
[2025-11-14T21:24:14.759+0000] {logging_mixin.py:190} INFO - [2025-11-14T21:24:14.758+0000] {dag.py:4180} INFO - Setting next_dagrun for example_bash_decorator to None, run_after=None
[2025-11-14T21:24:14.833+0000] {processor.py:208} INFO - Processing /home/airflow/.local/lib/python3.12/site-packages/airflow/example_dags/example_bash_decorator.py took 0.393 seconds
[2025-11-14T21:24:45.668+0000] {processor.py:186} INFO - Started process (PID=1085) to work on /home/airflow/.local/lib/python3.12/site-packages/airflow/example_dags/example_bash_decorator.py
[2025-11-14T21:24:45.673+0000] {processor.py:914} INFO - Processing file /home/airflow/.local/lib/python3.12/site-packages/airflow/example_dags/example_bash_decorator.py for tasks to queue
[2025-11-14T21:24:45.683+0000] {logging_mixin.py:190} INFO - [2025-11-14T21:24:45.682+0000] {dagbag.py:588} INFO - Filling up the DagBag from /home/airflow/.local/lib/python3.12/site-packages/airflow/example_dags/example_bash_decorator.py
[2025-11-14T21:24:45.741+0000] {processor.py:925} INFO - DAG(s) 'example_bash_decorator' retrieved from /home/airflow/.local/lib/python3.12/site-packages/airflow/example_dags/example_bash_decorator.py
[2025-11-14T21:24:45.838+0000] {logging_mixin.py:190} INFO - [2025-11-14T21:24:45.837+0000] {dag.py:3239} INFO - Sync 1 DAGs
[2025-11-14T21:24:45.886+0000] {logging_mixin.py:190} INFO - [2025-11-14T21:24:45.886+0000] {dag.py:4180} INFO - Setting next_dagrun for example_bash_decorator to None, run_after=None
[2025-11-14T21:24:45.952+0000] {processor.py:208} INFO - Processing /home/airflow/.local/lib/python3.12/site-packages/airflow/example_dags/example_bash_decorator.py took 0.305 seconds
[2025-11-14T21:25:16.416+0000] {processor.py:186} INFO - Started process (PID=1150) to work on /home/airflow/.local/lib/python3.12/site-packages/airflow/example_dags/example_bash_decorator.py
[2025-11-14T21:25:16.419+0000] {processor.py:914} INFO - Processing file /home/airflow/.local/lib/python3.12/site-packages/airflow/example_dags/example_bash_decorator.py for tasks to queue
[2025-11-14T21:25:16.425+0000] {logging_mixin.py:190} INFO - [2025-11-14T21:25:16.425+0000] {dagbag.py:588} INFO - Filling up the DagBag from /home/airflow/.local/lib/python3.12/site-packages/airflow/example_dags/example_bash_decorator.py
[2025-11-14T21:25:16.460+0000] {processor.py:925} INFO - DAG(s) 'example_bash_decorator' retrieved from /home/airflow/.local/lib/python3.12/site-packages/airflow/example_dags/example_bash_decorator.py
[2025-11-14T21:25:16.513+0000] {logging_mixin.py:190} INFO - [2025-11-14T21:25:16.513+0000] {dag.py:3239} INFO - Sync 1 DAGs
[2025-11-14T21:25:16.553+0000] {logging_mixin.py:190} INFO - [2025-11-14T21:25:16.552+0000] {dag.py:4180} INFO - Setting next_dagrun for example_bash_decorator to None, run_after=None
[2025-11-14T21:25:16.593+0000] {processor.py:208} INFO - Processing /home/airflow/.local/lib/python3.12/site-packages/airflow/example_dags/example_bash_decorator.py took 0.192 seconds
[2025-11-14T21:25:47.907+0000] {processor.py:186} INFO - Started process (PID=1215) to work on /home/airflow/.local/lib/python3.12/site-packages/airflow/example_dags/example_bash_decorator.py
[2025-11-14T21:25:47.912+0000] {processor.py:914} INFO - Processing file /home/airflow/.local/lib/python3.12/site-packages/airflow/example_dags/example_bash_decorator.py for tasks to queue
[2025-11-14T21:25:47.929+0000] {logging_mixin.py:190} INFO - [2025-11-14T21:25:47.928+0000] {dagbag.py:588} INFO - Filling up the DagBag from /home/airflow/.local/lib/python3.12/site-packages/airflow/example_dags/example_bash_decorator.py
[2025-11-14T21:25:47.985+0000] {processor.py:925} INFO - DAG(s) 'example_bash_decorator' retrieved from /home/airflow/.local/lib/python3.12/site-packages/airflow/example_dags/example_bash_decorator.py
[2025-11-14T21:25:48.104+0000] {logging_mixin.py:190} INFO - [2025-11-14T21:25:48.102+0000] {dag.py:3239} INFO - Sync 1 DAGs
[2025-11-14T21:25:48.160+0000] {logging_mixin.py:190} INFO - [2025-11-14T21:25:48.159+0000] {dag.py:4180} INFO - Setting next_dagrun for example_bash_decorator to None, run_after=None
[2025-11-14T21:25:48.236+0000] {processor.py:208} INFO - Processing /home/airflow/.local/lib/python3.12/site-packages/airflow/example_dags/example_bash_decorator.py took 0.352 seconds
[2025-11-14T21:26:18.691+0000] {processor.py:186} INFO - Started process (PID=1279) to work on /home/airflow/.local/lib/python3.12/site-packages/airflow/example_dags/example_bash_decorator.py
[2025-11-14T21:26:18.694+0000] {processor.py:914} INFO - Processing file /home/airflow/.local/lib/python3.12/site-packages/airflow/example_dags/example_bash_decorator.py for tasks to queue
[2025-11-14T21:26:18.700+0000] {logging_mixin.py:190} INFO - [2025-11-14T21:26:18.699+0000] {dagbag.py:588} INFO - Filling up the DagBag from /home/airflow/.local/lib/python3.12/site-packages/airflow/example_dags/example_bash_decorator.py
[2025-11-14T21:26:18.731+0000] {processor.py:925} INFO - DAG(s) 'example_bash_decorator' retrieved from /home/airflow/.local/lib/python3.12/site-packages/airflow/example_dags/example_bash_decorator.py
[2025-11-14T21:26:18.788+0000] {logging_mixin.py:190} INFO - [2025-11-14T21:26:18.787+0000] {dag.py:3239} INFO - Sync 1 DAGs
[2025-11-14T21:26:18.822+0000] {logging_mixin.py:190} INFO - [2025-11-14T21:26:18.822+0000] {dag.py:4180} INFO - Setting next_dagrun for example_bash_decorator to None, run_after=None
[2025-11-14T21:26:18.852+0000] {processor.py:208} INFO - Processing /home/airflow/.local/lib/python3.12/site-packages/airflow/example_dags/example_bash_decorator.py took 0.175 seconds
[2025-11-14T21:26:49.626+0000] {processor.py:186} INFO - Started process (PID=1343) to work on /home/airflow/.local/lib/python3.12/site-packages/airflow/example_dags/example_bash_decorator.py
[2025-11-14T21:26:49.629+0000] {processor.py:914} INFO - Processing file /home/airflow/.local/lib/python3.12/site-packages/airflow/example_dags/example_bash_decorator.py for tasks to queue
[2025-11-14T21:26:49.634+0000] {logging_mixin.py:190} INFO - [2025-11-14T21:26:49.633+0000] {dagbag.py:588} INFO - Filling up the DagBag from /home/airflow/.local/lib/python3.12/site-packages/airflow/example_dags/example_bash_decorator.py
[2025-11-14T21:26:49.662+0000] {processor.py:925} INFO - DAG(s) 'example_bash_decorator' retrieved from /home/airflow/.local/lib/python3.12/site-packages/airflow/example_dags/example_bash_decorator.py
[2025-11-14T21:26:49.709+0000] {logging_mixin.py:190} INFO - [2025-11-14T21:26:49.708+0000] {dag.py:3239} INFO - Sync 1 DAGs
[2025-11-14T21:26:49.737+0000] {logging_mixin.py:190} INFO - [2025-11-14T21:26:49.736+0000] {dag.py:4180} INFO - Setting next_dagrun for example_bash_decorator to None, run_after=None
[2025-11-14T21:26:49.772+0000] {processor.py:208} INFO - Processing /home/airflow/.local/lib/python3.12/site-packages/airflow/example_dags/example_bash_decorator.py took 0.158 seconds
[2025-11-14T21:27:20.207+0000] {processor.py:186} INFO - Started process (PID=1405) to work on /home/airflow/.local/lib/python3.12/site-packages/airflow/example_dags/example_bash_decorator.py
[2025-11-14T21:27:20.211+0000] {processor.py:914} INFO - Processing file /home/airflow/.local/lib/python3.12/site-packages/airflow/example_dags/example_bash_decorator.py for tasks to queue
[2025-11-14T21:27:20.217+0000] {logging_mixin.py:190} INFO - [2025-11-14T21:27:20.216+0000] {dagbag.py:588} INFO - Filling up the DagBag from /home/airflow/.local/lib/python3.12/site-packages/airflow/example_dags/example_bash_decorator.py
[2025-11-14T21:27:20.256+0000] {processor.py:925} INFO - DAG(s) 'example_bash_decorator' retrieved from /home/airflow/.local/lib/python3.12/site-packages/airflow/example_dags/example_bash_decorator.py
[2025-11-14T21:27:20.312+0000] {logging_mixin.py:190} INFO - [2025-11-14T21:27:20.312+0000] {dag.py:3239} INFO - Sync 1 DAGs
[2025-11-14T21:27:20.345+0000] {logging_mixin.py:190} INFO - [2025-11-14T21:27:20.345+0000] {dag.py:4180} INFO - Setting next_dagrun for example_bash_decorator to None, run_after=None
[2025-11-14T21:27:20.386+0000] {processor.py:208} INFO - Processing /home/airflow/.local/lib/python3.12/site-packages/airflow/example_dags/example_bash_decorator.py took 0.193 seconds
[2025-11-14T21:27:50.859+0000] {processor.py:186} INFO - Started process (PID=1468) to work on /home/airflow/.local/lib/python3.12/site-packages/airflow/example_dags/example_bash_decorator.py
[2025-11-14T21:27:50.863+0000] {processor.py:914} INFO - Processing file /home/airflow/.local/lib/python3.12/site-packages/airflow/example_dags/example_bash_decorator.py for tasks to queue
[2025-11-14T21:27:50.869+0000] {logging_mixin.py:190} INFO - [2025-11-14T21:27:50.868+0000] {dagbag.py:588} INFO - Filling up the DagBag from /home/airflow/.local/lib/python3.12/site-packages/airflow/example_dags/example_bash_decorator.py
[2025-11-14T21:27:50.905+0000] {processor.py:925} INFO - DAG(s) 'example_bash_decorator' retrieved from /home/airflow/.local/lib/python3.12/site-packages/airflow/example_dags/example_bash_decorator.py
[2025-11-14T21:27:50.973+0000] {logging_mixin.py:190} INFO - [2025-11-14T21:27:50.972+0000] {dag.py:3239} INFO - Sync 1 DAGs
[2025-11-14T21:27:51.012+0000] {logging_mixin.py:190} INFO - [2025-11-14T21:27:51.012+0000] {dag.py:4180} INFO - Setting next_dagrun for example_bash_decorator to None, run_after=None
[2025-11-14T21:27:51.050+0000] {processor.py:208} INFO - Processing /home/airflow/.local/lib/python3.12/site-packages/airflow/example_dags/example_bash_decorator.py took 0.204 seconds
