[2025-11-14T21:15:47.651+0000] {processor.py:186} INFO - Started process (PID=70) to work on /home/airflow/.local/lib/python3.12/site-packages/airflow/example_dags/tutorial.py
[2025-11-14T21:15:47.653+0000] {processor.py:914} INFO - Processing file /home/airflow/.local/lib/python3.12/site-packages/airflow/example_dags/tutorial.py for tasks to queue
[2025-11-14T21:15:47.659+0000] {logging_mixin.py:190} INFO - [2025-11-14T21:15:47.658+0000] {dagbag.py:588} INFO - Filling up the DagBag from /home/airflow/.local/lib/python3.12/site-packages/airflow/example_dags/tutorial.py
[2025-11-14T21:15:47.676+0000] {processor.py:925} INFO - DAG(s) 'tutorial' retrieved from /home/airflow/.local/lib/python3.12/site-packages/airflow/example_dags/tutorial.py
[2025-11-14T21:15:47.880+0000] {logging_mixin.py:190} INFO - [2025-11-14T21:15:47.879+0000] {override.py:1900} INFO - Created Permission View: can edit on DAG:tutorial
[2025-11-14T21:15:47.899+0000] {logging_mixin.py:190} INFO - [2025-11-14T21:15:47.899+0000] {override.py:1900} INFO - Created Permission View: can delete on DAG:tutorial
[2025-11-14T21:15:47.914+0000] {logging_mixin.py:190} INFO - [2025-11-14T21:15:47.914+0000] {override.py:1900} INFO - Created Permission View: can read on DAG:tutorial
[2025-11-14T21:15:47.933+0000] {logging_mixin.py:190} INFO - [2025-11-14T21:15:47.932+0000] {override.py:1900} INFO - Created Permission View: menu access on DAG Run:tutorial
[2025-11-14T21:15:47.950+0000] {logging_mixin.py:190} INFO - [2025-11-14T21:15:47.950+0000] {override.py:1900} INFO - Created Permission View: can create on DAG Run:tutorial
[2025-11-14T21:15:47.969+0000] {logging_mixin.py:190} INFO - [2025-11-14T21:15:47.968+0000] {override.py:1900} INFO - Created Permission View: can delete on DAG Run:tutorial
[2025-11-14T21:15:47.986+0000] {logging_mixin.py:190} INFO - [2025-11-14T21:15:47.985+0000] {override.py:1900} INFO - Created Permission View: can read on DAG Run:tutorial
[2025-11-14T21:15:47.988+0000] {logging_mixin.py:190} INFO - [2025-11-14T21:15:47.988+0000] {dag.py:3239} INFO - Sync 1 DAGs
[2025-11-14T21:15:48.030+0000] {logging_mixin.py:190} INFO - [2025-11-14T21:15:48.030+0000] {dag.py:3262} INFO - Creating ORM DAG for tutorial
[2025-11-14T21:15:48.054+0000] {logging_mixin.py:190} INFO - [2025-11-14T21:15:48.053+0000] {dag.py:4180} INFO - Setting next_dagrun for tutorial to 2025-11-13 00:00:00+00:00, run_after=2025-11-14 00:00:00+00:00
[2025-11-14T21:15:48.092+0000] {processor.py:208} INFO - Processing /home/airflow/.local/lib/python3.12/site-packages/airflow/example_dags/tutorial.py took 0.452 seconds
[2025-11-14T21:16:18.713+0000] {processor.py:186} INFO - Started process (PID=134) to work on /home/airflow/.local/lib/python3.12/site-packages/airflow/example_dags/tutorial.py
[2025-11-14T21:16:18.715+0000] {processor.py:914} INFO - Processing file /home/airflow/.local/lib/python3.12/site-packages/airflow/example_dags/tutorial.py for tasks to queue
[2025-11-14T21:16:18.720+0000] {logging_mixin.py:190} INFO - [2025-11-14T21:16:18.719+0000] {dagbag.py:588} INFO - Filling up the DagBag from /home/airflow/.local/lib/python3.12/site-packages/airflow/example_dags/tutorial.py
[2025-11-14T21:16:18.733+0000] {processor.py:925} INFO - DAG(s) 'tutorial' retrieved from /home/airflow/.local/lib/python3.12/site-packages/airflow/example_dags/tutorial.py
[2025-11-14T21:16:18.766+0000] {logging_mixin.py:190} INFO - [2025-11-14T21:16:18.766+0000] {dag.py:3239} INFO - Sync 1 DAGs
[2025-11-14T21:16:18.806+0000] {logging_mixin.py:190} INFO - [2025-11-14T21:16:18.806+0000] {dag.py:4180} INFO - Setting next_dagrun for tutorial to 2025-11-13 00:00:00+00:00, run_after=2025-11-14 00:00:00+00:00
[2025-11-14T21:16:18.837+0000] {processor.py:208} INFO - Processing /home/airflow/.local/lib/python3.12/site-packages/airflow/example_dags/tutorial.py took 0.135 seconds
[2025-11-14T21:16:48.872+0000] {processor.py:186} INFO - Started process (PID=196) to work on /home/airflow/.local/lib/python3.12/site-packages/airflow/example_dags/tutorial.py
[2025-11-14T21:16:48.873+0000] {processor.py:914} INFO - Processing file /home/airflow/.local/lib/python3.12/site-packages/airflow/example_dags/tutorial.py for tasks to queue
[2025-11-14T21:16:48.876+0000] {logging_mixin.py:190} INFO - [2025-11-14T21:16:48.876+0000] {dagbag.py:588} INFO - Filling up the DagBag from /home/airflow/.local/lib/python3.12/site-packages/airflow/example_dags/tutorial.py
[2025-11-14T21:16:48.885+0000] {processor.py:925} INFO - DAG(s) 'tutorial' retrieved from /home/airflow/.local/lib/python3.12/site-packages/airflow/example_dags/tutorial.py
[2025-11-14T21:16:48.908+0000] {logging_mixin.py:190} INFO - [2025-11-14T21:16:48.908+0000] {dag.py:3239} INFO - Sync 1 DAGs
[2025-11-14T21:16:48.933+0000] {logging_mixin.py:190} INFO - [2025-11-14T21:16:48.932+0000] {dag.py:4180} INFO - Setting next_dagrun for tutorial to 2025-11-13 00:00:00+00:00, run_after=2025-11-14 00:00:00+00:00
[2025-11-14T21:16:48.951+0000] {processor.py:208} INFO - Processing /home/airflow/.local/lib/python3.12/site-packages/airflow/example_dags/tutorial.py took 0.086 seconds
[2025-11-14T21:17:19.011+0000] {processor.py:186} INFO - Started process (PID=259) to work on /home/airflow/.local/lib/python3.12/site-packages/airflow/example_dags/tutorial.py
[2025-11-14T21:17:19.013+0000] {processor.py:914} INFO - Processing file /home/airflow/.local/lib/python3.12/site-packages/airflow/example_dags/tutorial.py for tasks to queue
[2025-11-14T21:17:19.016+0000] {logging_mixin.py:190} INFO - [2025-11-14T21:17:19.016+0000] {dagbag.py:588} INFO - Filling up the DagBag from /home/airflow/.local/lib/python3.12/site-packages/airflow/example_dags/tutorial.py
[2025-11-14T21:17:19.025+0000] {processor.py:925} INFO - DAG(s) 'tutorial' retrieved from /home/airflow/.local/lib/python3.12/site-packages/airflow/example_dags/tutorial.py
[2025-11-14T21:17:19.045+0000] {logging_mixin.py:190} INFO - [2025-11-14T21:17:19.045+0000] {dag.py:3239} INFO - Sync 1 DAGs
[2025-11-14T21:17:19.068+0000] {logging_mixin.py:190} INFO - [2025-11-14T21:17:19.068+0000] {dag.py:4180} INFO - Setting next_dagrun for tutorial to 2025-11-13 00:00:00+00:00, run_after=2025-11-14 00:00:00+00:00
[2025-11-14T21:17:19.084+0000] {processor.py:208} INFO - Processing /home/airflow/.local/lib/python3.12/site-packages/airflow/example_dags/tutorial.py took 0.080 seconds
[2025-11-14T21:17:49.230+0000] {processor.py:186} INFO - Started process (PID=322) to work on /home/airflow/.local/lib/python3.12/site-packages/airflow/example_dags/tutorial.py
[2025-11-14T21:17:49.232+0000] {processor.py:914} INFO - Processing file /home/airflow/.local/lib/python3.12/site-packages/airflow/example_dags/tutorial.py for tasks to queue
[2025-11-14T21:17:49.235+0000] {logging_mixin.py:190} INFO - [2025-11-14T21:17:49.235+0000] {dagbag.py:588} INFO - Filling up the DagBag from /home/airflow/.local/lib/python3.12/site-packages/airflow/example_dags/tutorial.py
[2025-11-14T21:17:49.244+0000] {processor.py:925} INFO - DAG(s) 'tutorial' retrieved from /home/airflow/.local/lib/python3.12/site-packages/airflow/example_dags/tutorial.py
[2025-11-14T21:17:49.267+0000] {logging_mixin.py:190} INFO - [2025-11-14T21:17:49.267+0000] {dag.py:3239} INFO - Sync 1 DAGs
[2025-11-14T21:17:49.292+0000] {logging_mixin.py:190} INFO - [2025-11-14T21:17:49.292+0000] {dag.py:4180} INFO - Setting next_dagrun for tutorial to 2025-11-13 00:00:00+00:00, run_after=2025-11-14 00:00:00+00:00
[2025-11-14T21:17:49.310+0000] {processor.py:208} INFO - Processing /home/airflow/.local/lib/python3.12/site-packages/airflow/example_dags/tutorial.py took 0.087 seconds
[2025-11-14T21:18:19.366+0000] {processor.py:186} INFO - Started process (PID=385) to work on /home/airflow/.local/lib/python3.12/site-packages/airflow/example_dags/tutorial.py
[2025-11-14T21:18:19.368+0000] {processor.py:914} INFO - Processing file /home/airflow/.local/lib/python3.12/site-packages/airflow/example_dags/tutorial.py for tasks to queue
[2025-11-14T21:18:19.371+0000] {logging_mixin.py:190} INFO - [2025-11-14T21:18:19.371+0000] {dagbag.py:588} INFO - Filling up the DagBag from /home/airflow/.local/lib/python3.12/site-packages/airflow/example_dags/tutorial.py
[2025-11-14T21:18:19.381+0000] {processor.py:925} INFO - DAG(s) 'tutorial' retrieved from /home/airflow/.local/lib/python3.12/site-packages/airflow/example_dags/tutorial.py
[2025-11-14T21:18:19.405+0000] {logging_mixin.py:190} INFO - [2025-11-14T21:18:19.404+0000] {dag.py:3239} INFO - Sync 1 DAGs
[2025-11-14T21:18:19.429+0000] {logging_mixin.py:190} INFO - [2025-11-14T21:18:19.428+0000] {dag.py:4180} INFO - Setting next_dagrun for tutorial to 2025-11-13 00:00:00+00:00, run_after=2025-11-14 00:00:00+00:00
[2025-11-14T21:18:19.449+0000] {processor.py:208} INFO - Processing /home/airflow/.local/lib/python3.12/site-packages/airflow/example_dags/tutorial.py took 0.090 seconds
[2025-11-14T21:18:49.774+0000] {processor.py:186} INFO - Started process (PID=450) to work on /home/airflow/.local/lib/python3.12/site-packages/airflow/example_dags/tutorial.py
[2025-11-14T21:18:49.776+0000] {processor.py:914} INFO - Processing file /home/airflow/.local/lib/python3.12/site-packages/airflow/example_dags/tutorial.py for tasks to queue
[2025-11-14T21:18:49.782+0000] {logging_mixin.py:190} INFO - [2025-11-14T21:18:49.782+0000] {dagbag.py:588} INFO - Filling up the DagBag from /home/airflow/.local/lib/python3.12/site-packages/airflow/example_dags/tutorial.py
[2025-11-14T21:18:49.800+0000] {processor.py:925} INFO - DAG(s) 'tutorial' retrieved from /home/airflow/.local/lib/python3.12/site-packages/airflow/example_dags/tutorial.py
[2025-11-14T21:18:49.845+0000] {logging_mixin.py:190} INFO - [2025-11-14T21:18:49.844+0000] {dag.py:3239} INFO - Sync 1 DAGs
[2025-11-14T21:18:49.898+0000] {logging_mixin.py:190} INFO - [2025-11-14T21:18:49.897+0000] {dag.py:4180} INFO - Setting next_dagrun for tutorial to 2025-11-13 00:00:00+00:00, run_after=2025-11-14 00:00:00+00:00
[2025-11-14T21:18:49.936+0000] {processor.py:208} INFO - Processing /home/airflow/.local/lib/python3.12/site-packages/airflow/example_dags/tutorial.py took 0.176 seconds
[2025-11-14T21:19:20.403+0000] {processor.py:186} INFO - Started process (PID=515) to work on /home/airflow/.local/lib/python3.12/site-packages/airflow/example_dags/tutorial.py
[2025-11-14T21:19:20.406+0000] {processor.py:914} INFO - Processing file /home/airflow/.local/lib/python3.12/site-packages/airflow/example_dags/tutorial.py for tasks to queue
[2025-11-14T21:19:20.411+0000] {logging_mixin.py:190} INFO - [2025-11-14T21:19:20.411+0000] {dagbag.py:588} INFO - Filling up the DagBag from /home/airflow/.local/lib/python3.12/site-packages/airflow/example_dags/tutorial.py
[2025-11-14T21:19:20.428+0000] {processor.py:925} INFO - DAG(s) 'tutorial' retrieved from /home/airflow/.local/lib/python3.12/site-packages/airflow/example_dags/tutorial.py
[2025-11-14T21:19:20.487+0000] {logging_mixin.py:190} INFO - [2025-11-14T21:19:20.486+0000] {dag.py:3239} INFO - Sync 1 DAGs
[2025-11-14T21:19:20.572+0000] {logging_mixin.py:190} INFO - [2025-11-14T21:19:20.572+0000] {dag.py:4180} INFO - Setting next_dagrun for tutorial to 2025-11-13 00:00:00+00:00, run_after=2025-11-14 00:00:00+00:00
[2025-11-14T21:19:20.634+0000] {processor.py:208} INFO - Processing /home/airflow/.local/lib/python3.12/site-packages/airflow/example_dags/tutorial.py took 0.245 seconds
[2025-11-14T21:19:53.866+0000] {processor.py:186} INFO - Started process (PID=580) to work on /home/airflow/.local/lib/python3.12/site-packages/airflow/example_dags/tutorial.py
[2025-11-14T21:19:53.874+0000] {processor.py:914} INFO - Processing file /home/airflow/.local/lib/python3.12/site-packages/airflow/example_dags/tutorial.py for tasks to queue
[2025-11-14T21:19:53.890+0000] {logging_mixin.py:190} INFO - [2025-11-14T21:19:53.888+0000] {dagbag.py:588} INFO - Filling up the DagBag from /home/airflow/.local/lib/python3.12/site-packages/airflow/example_dags/tutorial.py
[2025-11-14T21:19:53.928+0000] {processor.py:925} INFO - DAG(s) 'tutorial' retrieved from /home/airflow/.local/lib/python3.12/site-packages/airflow/example_dags/tutorial.py
[2025-11-14T21:19:54.004+0000] {logging_mixin.py:190} INFO - [2025-11-14T21:19:54.003+0000] {dag.py:3239} INFO - Sync 1 DAGs
[2025-11-14T21:19:54.098+0000] {logging_mixin.py:190} INFO - [2025-11-14T21:19:54.098+0000] {dag.py:4180} INFO - Setting next_dagrun for tutorial to 2025-11-13 00:00:00+00:00, run_after=2025-11-14 00:00:00+00:00
[2025-11-14T21:19:54.154+0000] {processor.py:208} INFO - Processing /home/airflow/.local/lib/python3.12/site-packages/airflow/example_dags/tutorial.py took 0.313 seconds
[2025-11-14T21:21:09.877+0000] {processor.py:186} INFO - Started process (PID=666) to work on /home/airflow/.local/lib/python3.12/site-packages/airflow/example_dags/tutorial.py
[2025-11-14T21:21:09.891+0000] {processor.py:914} INFO - Processing file /home/airflow/.local/lib/python3.12/site-packages/airflow/example_dags/tutorial.py for tasks to queue
[2025-11-14T21:21:09.951+0000] {logging_mixin.py:190} INFO - [2025-11-14T21:21:09.936+0000] {dagbag.py:588} INFO - Filling up the DagBag from /home/airflow/.local/lib/python3.12/site-packages/airflow/example_dags/tutorial.py
[2025-11-14T21:21:10.085+0000] {processor.py:925} INFO - DAG(s) 'tutorial' retrieved from /home/airflow/.local/lib/python3.12/site-packages/airflow/example_dags/tutorial.py
[2025-11-14T21:21:10.255+0000] {logging_mixin.py:190} INFO - [2025-11-14T21:21:10.253+0000] {dag.py:3239} INFO - Sync 1 DAGs
[2025-11-14T21:21:10.414+0000] {logging_mixin.py:190} INFO - [2025-11-14T21:21:10.413+0000] {dag.py:4180} INFO - Setting next_dagrun for tutorial to 2025-11-13 00:00:00+00:00, run_after=2025-11-14 00:00:00+00:00
[2025-11-14T21:21:10.551+0000] {processor.py:208} INFO - Processing /home/airflow/.local/lib/python3.12/site-packages/airflow/example_dags/tutorial.py took 0.734 seconds
[2025-11-14T21:21:53.116+0000] {processor.py:186} INFO - Started process (PID=738) to work on /home/airflow/.local/lib/python3.12/site-packages/airflow/example_dags/tutorial.py
[2025-11-14T21:21:53.168+0000] {processor.py:914} INFO - Processing file /home/airflow/.local/lib/python3.12/site-packages/airflow/example_dags/tutorial.py for tasks to queue
[2025-11-14T21:21:53.225+0000] {logging_mixin.py:190} INFO - [2025-11-14T21:21:53.223+0000] {dagbag.py:588} INFO - Filling up the DagBag from /home/airflow/.local/lib/python3.12/site-packages/airflow/example_dags/tutorial.py
[2025-11-14T21:21:53.355+0000] {processor.py:925} INFO - DAG(s) 'tutorial' retrieved from /home/airflow/.local/lib/python3.12/site-packages/airflow/example_dags/tutorial.py
[2025-11-14T21:21:53.654+0000] {logging_mixin.py:190} INFO - [2025-11-14T21:21:53.652+0000] {dag.py:3239} INFO - Sync 1 DAGs
[2025-11-14T21:21:53.896+0000] {logging_mixin.py:190} INFO - [2025-11-14T21:21:53.894+0000] {dag.py:4180} INFO - Setting next_dagrun for tutorial to 2025-11-13 00:00:00+00:00, run_after=2025-11-14 00:00:00+00:00
[2025-11-14T21:21:54.079+0000] {processor.py:208} INFO - Processing /home/airflow/.local/lib/python3.12/site-packages/airflow/example_dags/tutorial.py took 1.756 seconds
[2025-11-14T21:22:25.191+0000] {processor.py:186} INFO - Started process (PID=803) to work on /home/airflow/.local/lib/python3.12/site-packages/airflow/example_dags/tutorial.py
[2025-11-14T21:22:25.203+0000] {processor.py:914} INFO - Processing file /home/airflow/.local/lib/python3.12/site-packages/airflow/example_dags/tutorial.py for tasks to queue
[2025-11-14T21:22:25.293+0000] {logging_mixin.py:190} INFO - [2025-11-14T21:22:25.292+0000] {dagbag.py:588} INFO - Filling up the DagBag from /home/airflow/.local/lib/python3.12/site-packages/airflow/example_dags/tutorial.py
[2025-11-14T21:22:25.506+0000] {processor.py:925} INFO - DAG(s) 'tutorial' retrieved from /home/airflow/.local/lib/python3.12/site-packages/airflow/example_dags/tutorial.py
[2025-11-14T21:22:25.713+0000] {logging_mixin.py:190} INFO - [2025-11-14T21:22:25.712+0000] {dag.py:3239} INFO - Sync 1 DAGs
[2025-11-14T21:22:25.942+0000] {logging_mixin.py:190} INFO - [2025-11-14T21:22:25.940+0000] {dag.py:4180} INFO - Setting next_dagrun for tutorial to 2025-11-13 00:00:00+00:00, run_after=2025-11-14 00:00:00+00:00
[2025-11-14T21:22:26.056+0000] {processor.py:208} INFO - Processing /home/airflow/.local/lib/python3.12/site-packages/airflow/example_dags/tutorial.py took 0.970 seconds
[2025-11-14T21:22:56.476+0000] {processor.py:186} INFO - Started process (PID=868) to work on /home/airflow/.local/lib/python3.12/site-packages/airflow/example_dags/tutorial.py
[2025-11-14T21:22:56.480+0000] {processor.py:914} INFO - Processing file /home/airflow/.local/lib/python3.12/site-packages/airflow/example_dags/tutorial.py for tasks to queue
[2025-11-14T21:22:56.489+0000] {logging_mixin.py:190} INFO - [2025-11-14T21:22:56.488+0000] {dagbag.py:588} INFO - Filling up the DagBag from /home/airflow/.local/lib/python3.12/site-packages/airflow/example_dags/tutorial.py
[2025-11-14T21:22:56.515+0000] {processor.py:925} INFO - DAG(s) 'tutorial' retrieved from /home/airflow/.local/lib/python3.12/site-packages/airflow/example_dags/tutorial.py
[2025-11-14T21:22:56.584+0000] {logging_mixin.py:190} INFO - [2025-11-14T21:22:56.583+0000] {dag.py:3239} INFO - Sync 1 DAGs
[2025-11-14T21:22:56.655+0000] {logging_mixin.py:190} INFO - [2025-11-14T21:22:56.654+0000] {dag.py:4180} INFO - Setting next_dagrun for tutorial to 2025-11-13 00:00:00+00:00, run_after=2025-11-14 00:00:00+00:00
[2025-11-14T21:22:56.709+0000] {processor.py:208} INFO - Processing /home/airflow/.local/lib/python3.12/site-packages/airflow/example_dags/tutorial.py took 0.253 seconds
[2025-11-14T21:23:28.724+0000] {processor.py:186} INFO - Started process (PID=932) to work on /home/airflow/.local/lib/python3.12/site-packages/airflow/example_dags/tutorial.py
[2025-11-14T21:23:28.737+0000] {processor.py:914} INFO - Processing file /home/airflow/.local/lib/python3.12/site-packages/airflow/example_dags/tutorial.py for tasks to queue
[2025-11-14T21:23:28.765+0000] {logging_mixin.py:190} INFO - [2025-11-14T21:23:28.762+0000] {dagbag.py:588} INFO - Filling up the DagBag from /home/airflow/.local/lib/python3.12/site-packages/airflow/example_dags/tutorial.py
[2025-11-14T21:23:28.915+0000] {processor.py:925} INFO - DAG(s) 'tutorial' retrieved from /home/airflow/.local/lib/python3.12/site-packages/airflow/example_dags/tutorial.py
[2025-11-14T21:23:29.087+0000] {logging_mixin.py:190} INFO - [2025-11-14T21:23:29.086+0000] {dag.py:3239} INFO - Sync 1 DAGs
[2025-11-14T21:23:29.172+0000] {logging_mixin.py:190} INFO - [2025-11-14T21:23:29.171+0000] {dag.py:4180} INFO - Setting next_dagrun for tutorial to 2025-11-13 00:00:00+00:00, run_after=2025-11-14 00:00:00+00:00
[2025-11-14T21:23:29.237+0000] {processor.py:208} INFO - Processing /home/airflow/.local/lib/python3.12/site-packages/airflow/example_dags/tutorial.py took 0.542 seconds
[2025-11-14T21:24:00.038+0000] {processor.py:186} INFO - Started process (PID=997) to work on /home/airflow/.local/lib/python3.12/site-packages/airflow/example_dags/tutorial.py
[2025-11-14T21:24:00.047+0000] {processor.py:914} INFO - Processing file /home/airflow/.local/lib/python3.12/site-packages/airflow/example_dags/tutorial.py for tasks to queue
[2025-11-14T21:24:00.066+0000] {logging_mixin.py:190} INFO - [2025-11-14T21:24:00.064+0000] {dagbag.py:588} INFO - Filling up the DagBag from /home/airflow/.local/lib/python3.12/site-packages/airflow/example_dags/tutorial.py
[2025-11-14T21:24:00.112+0000] {processor.py:925} INFO - DAG(s) 'tutorial' retrieved from /home/airflow/.local/lib/python3.12/site-packages/airflow/example_dags/tutorial.py
[2025-11-14T21:24:00.212+0000] {logging_mixin.py:190} INFO - [2025-11-14T21:24:00.212+0000] {dag.py:3239} INFO - Sync 1 DAGs
[2025-11-14T21:24:00.353+0000] {logging_mixin.py:190} INFO - [2025-11-14T21:24:00.352+0000] {dag.py:4180} INFO - Setting next_dagrun for tutorial to 2025-11-13 00:00:00+00:00, run_after=2025-11-14 00:00:00+00:00
[2025-11-14T21:24:00.431+0000] {processor.py:208} INFO - Processing /home/airflow/.local/lib/python3.12/site-packages/airflow/example_dags/tutorial.py took 0.418 seconds
[2025-11-14T21:24:31.064+0000] {processor.py:186} INFO - Started process (PID=1061) to work on /home/airflow/.local/lib/python3.12/site-packages/airflow/example_dags/tutorial.py
[2025-11-14T21:24:31.070+0000] {processor.py:914} INFO - Processing file /home/airflow/.local/lib/python3.12/site-packages/airflow/example_dags/tutorial.py for tasks to queue
[2025-11-14T21:24:31.084+0000] {logging_mixin.py:190} INFO - [2025-11-14T21:24:31.083+0000] {dagbag.py:588} INFO - Filling up the DagBag from /home/airflow/.local/lib/python3.12/site-packages/airflow/example_dags/tutorial.py
[2025-11-14T21:24:31.116+0000] {processor.py:925} INFO - DAG(s) 'tutorial' retrieved from /home/airflow/.local/lib/python3.12/site-packages/airflow/example_dags/tutorial.py
[2025-11-14T21:24:31.267+0000] {logging_mixin.py:190} INFO - [2025-11-14T21:24:31.266+0000] {dag.py:3239} INFO - Sync 1 DAGs
[2025-11-14T21:24:31.386+0000] {logging_mixin.py:190} INFO - [2025-11-14T21:24:31.385+0000] {dag.py:4180} INFO - Setting next_dagrun for tutorial to 2025-11-13 00:00:00+00:00, run_after=2025-11-14 00:00:00+00:00
[2025-11-14T21:24:31.454+0000] {processor.py:208} INFO - Processing /home/airflow/.local/lib/python3.12/site-packages/airflow/example_dags/tutorial.py took 0.423 seconds
[2025-11-14T21:25:01.990+0000] {processor.py:186} INFO - Started process (PID=1124) to work on /home/airflow/.local/lib/python3.12/site-packages/airflow/example_dags/tutorial.py
[2025-11-14T21:25:01.994+0000] {processor.py:914} INFO - Processing file /home/airflow/.local/lib/python3.12/site-packages/airflow/example_dags/tutorial.py for tasks to queue
[2025-11-14T21:25:02.007+0000] {logging_mixin.py:190} INFO - [2025-11-14T21:25:02.006+0000] {dagbag.py:588} INFO - Filling up the DagBag from /home/airflow/.local/lib/python3.12/site-packages/airflow/example_dags/tutorial.py
[2025-11-14T21:25:02.034+0000] {processor.py:925} INFO - DAG(s) 'tutorial' retrieved from /home/airflow/.local/lib/python3.12/site-packages/airflow/example_dags/tutorial.py
[2025-11-14T21:25:02.086+0000] {logging_mixin.py:190} INFO - [2025-11-14T21:25:02.086+0000] {dag.py:3239} INFO - Sync 1 DAGs
[2025-11-14T21:25:02.157+0000] {logging_mixin.py:190} INFO - [2025-11-14T21:25:02.156+0000] {dag.py:4180} INFO - Setting next_dagrun for tutorial to 2025-11-13 00:00:00+00:00, run_after=2025-11-14 00:00:00+00:00
[2025-11-14T21:25:02.203+0000] {processor.py:208} INFO - Processing /home/airflow/.local/lib/python3.12/site-packages/airflow/example_dags/tutorial.py took 0.229 seconds
[2025-11-14T21:25:32.718+0000] {processor.py:186} INFO - Started process (PID=1195) to work on /home/airflow/.local/lib/python3.12/site-packages/airflow/example_dags/tutorial.py
[2025-11-14T21:25:32.728+0000] {processor.py:914} INFO - Processing file /home/airflow/.local/lib/python3.12/site-packages/airflow/example_dags/tutorial.py for tasks to queue
[2025-11-14T21:25:32.744+0000] {logging_mixin.py:190} INFO - [2025-11-14T21:25:32.743+0000] {dagbag.py:588} INFO - Filling up the DagBag from /home/airflow/.local/lib/python3.12/site-packages/airflow/example_dags/tutorial.py
[2025-11-14T21:25:32.772+0000] {processor.py:925} INFO - DAG(s) 'tutorial' retrieved from /home/airflow/.local/lib/python3.12/site-packages/airflow/example_dags/tutorial.py
[2025-11-14T21:25:32.830+0000] {logging_mixin.py:190} INFO - [2025-11-14T21:25:32.829+0000] {dag.py:3239} INFO - Sync 1 DAGs
[2025-11-14T21:25:32.899+0000] {logging_mixin.py:190} INFO - [2025-11-14T21:25:32.899+0000] {dag.py:4180} INFO - Setting next_dagrun for tutorial to 2025-11-13 00:00:00+00:00, run_after=2025-11-14 00:00:00+00:00
[2025-11-14T21:25:32.936+0000] {processor.py:208} INFO - Processing /home/airflow/.local/lib/python3.12/site-packages/airflow/example_dags/tutorial.py took 0.251 seconds
[2025-11-14T21:26:03.515+0000] {processor.py:186} INFO - Started process (PID=1259) to work on /home/airflow/.local/lib/python3.12/site-packages/airflow/example_dags/tutorial.py
[2025-11-14T21:26:03.522+0000] {processor.py:914} INFO - Processing file /home/airflow/.local/lib/python3.12/site-packages/airflow/example_dags/tutorial.py for tasks to queue
[2025-11-14T21:26:03.533+0000] {logging_mixin.py:190} INFO - [2025-11-14T21:26:03.532+0000] {dagbag.py:588} INFO - Filling up the DagBag from /home/airflow/.local/lib/python3.12/site-packages/airflow/example_dags/tutorial.py
[2025-11-14T21:26:03.573+0000] {processor.py:925} INFO - DAG(s) 'tutorial' retrieved from /home/airflow/.local/lib/python3.12/site-packages/airflow/example_dags/tutorial.py
[2025-11-14T21:26:03.732+0000] {logging_mixin.py:190} INFO - [2025-11-14T21:26:03.731+0000] {dag.py:3239} INFO - Sync 1 DAGs
[2025-11-14T21:26:03.863+0000] {logging_mixin.py:190} INFO - [2025-11-14T21:26:03.862+0000] {dag.py:4180} INFO - Setting next_dagrun for tutorial to 2025-11-13 00:00:00+00:00, run_after=2025-11-14 00:00:00+00:00
[2025-11-14T21:26:03.999+0000] {processor.py:208} INFO - Processing /home/airflow/.local/lib/python3.12/site-packages/airflow/example_dags/tutorial.py took 0.502 seconds
[2025-11-14T21:26:35.017+0000] {processor.py:186} INFO - Started process (PID=1323) to work on /home/airflow/.local/lib/python3.12/site-packages/airflow/example_dags/tutorial.py
[2025-11-14T21:26:35.020+0000] {processor.py:914} INFO - Processing file /home/airflow/.local/lib/python3.12/site-packages/airflow/example_dags/tutorial.py for tasks to queue
[2025-11-14T21:26:35.026+0000] {logging_mixin.py:190} INFO - [2025-11-14T21:26:35.025+0000] {dagbag.py:588} INFO - Filling up the DagBag from /home/airflow/.local/lib/python3.12/site-packages/airflow/example_dags/tutorial.py
[2025-11-14T21:26:35.041+0000] {processor.py:925} INFO - DAG(s) 'tutorial' retrieved from /home/airflow/.local/lib/python3.12/site-packages/airflow/example_dags/tutorial.py
[2025-11-14T21:26:35.075+0000] {logging_mixin.py:190} INFO - [2025-11-14T21:26:35.074+0000] {dag.py:3239} INFO - Sync 1 DAGs
[2025-11-14T21:26:35.117+0000] {logging_mixin.py:190} INFO - [2025-11-14T21:26:35.117+0000] {dag.py:4180} INFO - Setting next_dagrun for tutorial to 2025-11-13 00:00:00+00:00, run_after=2025-11-14 00:00:00+00:00
[2025-11-14T21:26:35.151+0000] {processor.py:208} INFO - Processing /home/airflow/.local/lib/python3.12/site-packages/airflow/example_dags/tutorial.py took 0.145 seconds
[2025-11-14T21:27:05.766+0000] {processor.py:186} INFO - Started process (PID=1386) to work on /home/airflow/.local/lib/python3.12/site-packages/airflow/example_dags/tutorial.py
[2025-11-14T21:27:05.770+0000] {processor.py:914} INFO - Processing file /home/airflow/.local/lib/python3.12/site-packages/airflow/example_dags/tutorial.py for tasks to queue
[2025-11-14T21:27:05.776+0000] {logging_mixin.py:190} INFO - [2025-11-14T21:27:05.775+0000] {dagbag.py:588} INFO - Filling up the DagBag from /home/airflow/.local/lib/python3.12/site-packages/airflow/example_dags/tutorial.py
[2025-11-14T21:27:05.795+0000] {processor.py:925} INFO - DAG(s) 'tutorial' retrieved from /home/airflow/.local/lib/python3.12/site-packages/airflow/example_dags/tutorial.py
[2025-11-14T21:27:05.839+0000] {logging_mixin.py:190} INFO - [2025-11-14T21:27:05.839+0000] {dag.py:3239} INFO - Sync 1 DAGs
[2025-11-14T21:27:05.894+0000] {logging_mixin.py:190} INFO - [2025-11-14T21:27:05.894+0000] {dag.py:4180} INFO - Setting next_dagrun for tutorial to 2025-11-13 00:00:00+00:00, run_after=2025-11-14 00:00:00+00:00
[2025-11-14T21:27:05.940+0000] {processor.py:208} INFO - Processing /home/airflow/.local/lib/python3.12/site-packages/airflow/example_dags/tutorial.py took 0.187 seconds
[2025-11-14T21:27:36.293+0000] {processor.py:186} INFO - Started process (PID=1449) to work on /home/airflow/.local/lib/python3.12/site-packages/airflow/example_dags/tutorial.py
[2025-11-14T21:27:36.297+0000] {processor.py:914} INFO - Processing file /home/airflow/.local/lib/python3.12/site-packages/airflow/example_dags/tutorial.py for tasks to queue
[2025-11-14T21:27:36.304+0000] {logging_mixin.py:190} INFO - [2025-11-14T21:27:36.303+0000] {dagbag.py:588} INFO - Filling up the DagBag from /home/airflow/.local/lib/python3.12/site-packages/airflow/example_dags/tutorial.py
[2025-11-14T21:27:36.321+0000] {processor.py:925} INFO - DAG(s) 'tutorial' retrieved from /home/airflow/.local/lib/python3.12/site-packages/airflow/example_dags/tutorial.py
[2025-11-14T21:27:36.363+0000] {logging_mixin.py:190} INFO - [2025-11-14T21:27:36.362+0000] {dag.py:3239} INFO - Sync 1 DAGs
[2025-11-14T21:27:36.410+0000] {logging_mixin.py:190} INFO - [2025-11-14T21:27:36.410+0000] {dag.py:4180} INFO - Setting next_dagrun for tutorial to 2025-11-13 00:00:00+00:00, run_after=2025-11-14 00:00:00+00:00
[2025-11-14T21:27:36.448+0000] {processor.py:208} INFO - Processing /home/airflow/.local/lib/python3.12/site-packages/airflow/example_dags/tutorial.py took 0.166 seconds
[2025-11-14T21:28:07.102+0000] {processor.py:186} INFO - Started process (PID=1512) to work on /home/airflow/.local/lib/python3.12/site-packages/airflow/example_dags/tutorial.py
[2025-11-14T21:28:07.106+0000] {processor.py:914} INFO - Processing file /home/airflow/.local/lib/python3.12/site-packages/airflow/example_dags/tutorial.py for tasks to queue
[2025-11-14T21:28:07.114+0000] {logging_mixin.py:190} INFO - [2025-11-14T21:28:07.113+0000] {dagbag.py:588} INFO - Filling up the DagBag from /home/airflow/.local/lib/python3.12/site-packages/airflow/example_dags/tutorial.py
[2025-11-14T21:28:07.139+0000] {processor.py:925} INFO - DAG(s) 'tutorial' retrieved from /home/airflow/.local/lib/python3.12/site-packages/airflow/example_dags/tutorial.py
[2025-11-14T21:28:07.276+0000] {logging_mixin.py:190} INFO - [2025-11-14T21:28:07.275+0000] {dag.py:3239} INFO - Sync 1 DAGs
[2025-11-14T21:28:07.407+0000] {logging_mixin.py:190} INFO - [2025-11-14T21:28:07.406+0000] {dag.py:4180} INFO - Setting next_dagrun for tutorial to 2025-11-13 00:00:00+00:00, run_after=2025-11-14 00:00:00+00:00
[2025-11-14T21:28:07.491+0000] {processor.py:208} INFO - Processing /home/airflow/.local/lib/python3.12/site-packages/airflow/example_dags/tutorial.py took 0.405 seconds
