[2025-11-14T21:15:35.059+0000] {processor.py:186} INFO - Started process (PID=42) to work on /home/airflow/.local/lib/python3.12/site-packages/airflow/example_dags/tutorial_dag.py
[2025-11-14T21:15:35.062+0000] {processor.py:914} INFO - Processing file /home/airflow/.local/lib/python3.12/site-packages/airflow/example_dags/tutorial_dag.py for tasks to queue
[2025-11-14T21:15:35.072+0000] {logging_mixin.py:190} INFO - [2025-11-14T21:15:35.072+0000] {dagbag.py:588} INFO - Filling up the DagBag from /home/airflow/.local/lib/python3.12/site-packages/airflow/example_dags/tutorial_dag.py
[2025-11-14T21:15:35.124+0000] {processor.py:925} INFO - DAG(s) 'tutorial_dag' retrieved from /home/airflow/.local/lib/python3.12/site-packages/airflow/example_dags/tutorial_dag.py
[2025-11-14T21:15:35.646+0000] {logging_mixin.py:190} INFO - [2025-11-14T21:15:35.644+0000] {override.py:1900} INFO - Created Permission View: can edit on DAG:tutorial_dag
[2025-11-14T21:15:35.690+0000] {logging_mixin.py:190} INFO - [2025-11-14T21:15:35.689+0000] {override.py:1900} INFO - Created Permission View: can delete on DAG:tutorial_dag
[2025-11-14T21:15:35.714+0000] {logging_mixin.py:190} INFO - [2025-11-14T21:15:35.714+0000] {override.py:1900} INFO - Created Permission View: can read on DAG:tutorial_dag
[2025-11-14T21:15:35.739+0000] {logging_mixin.py:190} INFO - [2025-11-14T21:15:35.738+0000] {override.py:1900} INFO - Created Permission View: menu access on DAG Run:tutorial_dag
[2025-11-14T21:15:35.780+0000] {logging_mixin.py:190} INFO - [2025-11-14T21:15:35.779+0000] {override.py:1900} INFO - Created Permission View: can create on DAG Run:tutorial_dag
[2025-11-14T21:15:35.804+0000] {logging_mixin.py:190} INFO - [2025-11-14T21:15:35.799+0000] {override.py:1900} INFO - Created Permission View: can delete on DAG Run:tutorial_dag
[2025-11-14T21:15:35.821+0000] {logging_mixin.py:190} INFO - [2025-11-14T21:15:35.821+0000] {override.py:1900} INFO - Created Permission View: can read on DAG Run:tutorial_dag
[2025-11-14T21:15:35.823+0000] {logging_mixin.py:190} INFO - [2025-11-14T21:15:35.823+0000] {dag.py:3239} INFO - Sync 1 DAGs
[2025-11-14T21:15:35.865+0000] {logging_mixin.py:190} INFO - [2025-11-14T21:15:35.865+0000] {dag.py:3262} INFO - Creating ORM DAG for tutorial_dag
[2025-11-14T21:15:35.869+0000] {logging_mixin.py:190} INFO - [2025-11-14T21:15:35.869+0000] {dag.py:4180} INFO - Setting next_dagrun for tutorial_dag to None, run_after=None
[2025-11-14T21:15:35.927+0000] {processor.py:208} INFO - Processing /home/airflow/.local/lib/python3.12/site-packages/airflow/example_dags/tutorial_dag.py took 0.884 seconds
[2025-11-14T21:16:06.072+0000] {processor.py:186} INFO - Started process (PID=106) to work on /home/airflow/.local/lib/python3.12/site-packages/airflow/example_dags/tutorial_dag.py
[2025-11-14T21:16:06.077+0000] {processor.py:914} INFO - Processing file /home/airflow/.local/lib/python3.12/site-packages/airflow/example_dags/tutorial_dag.py for tasks to queue
[2025-11-14T21:16:06.083+0000] {logging_mixin.py:190} INFO - [2025-11-14T21:16:06.083+0000] {dagbag.py:588} INFO - Filling up the DagBag from /home/airflow/.local/lib/python3.12/site-packages/airflow/example_dags/tutorial_dag.py
[2025-11-14T21:16:06.099+0000] {processor.py:925} INFO - DAG(s) 'tutorial_dag' retrieved from /home/airflow/.local/lib/python3.12/site-packages/airflow/example_dags/tutorial_dag.py
[2025-11-14T21:16:06.150+0000] {logging_mixin.py:190} INFO - [2025-11-14T21:16:06.150+0000] {dag.py:3239} INFO - Sync 1 DAGs
[2025-11-14T21:16:06.189+0000] {logging_mixin.py:190} INFO - [2025-11-14T21:16:06.189+0000] {dag.py:4180} INFO - Setting next_dagrun for tutorial_dag to None, run_after=None
[2025-11-14T21:16:06.224+0000] {processor.py:208} INFO - Processing /home/airflow/.local/lib/python3.12/site-packages/airflow/example_dags/tutorial_dag.py took 0.168 seconds
[2025-11-14T21:16:36.512+0000] {processor.py:186} INFO - Started process (PID=169) to work on /home/airflow/.local/lib/python3.12/site-packages/airflow/example_dags/tutorial_dag.py
[2025-11-14T21:16:36.514+0000] {processor.py:914} INFO - Processing file /home/airflow/.local/lib/python3.12/site-packages/airflow/example_dags/tutorial_dag.py for tasks to queue
[2025-11-14T21:16:36.518+0000] {logging_mixin.py:190} INFO - [2025-11-14T21:16:36.518+0000] {dagbag.py:588} INFO - Filling up the DagBag from /home/airflow/.local/lib/python3.12/site-packages/airflow/example_dags/tutorial_dag.py
[2025-11-14T21:16:36.527+0000] {processor.py:925} INFO - DAG(s) 'tutorial_dag' retrieved from /home/airflow/.local/lib/python3.12/site-packages/airflow/example_dags/tutorial_dag.py
[2025-11-14T21:16:36.549+0000] {logging_mixin.py:190} INFO - [2025-11-14T21:16:36.549+0000] {dag.py:3239} INFO - Sync 1 DAGs
[2025-11-14T21:16:36.567+0000] {logging_mixin.py:190} INFO - [2025-11-14T21:16:36.567+0000] {dag.py:4180} INFO - Setting next_dagrun for tutorial_dag to None, run_after=None
[2025-11-14T21:16:36.587+0000] {processor.py:208} INFO - Processing /home/airflow/.local/lib/python3.12/site-packages/airflow/example_dags/tutorial_dag.py took 0.083 seconds
[2025-11-14T21:17:06.680+0000] {processor.py:186} INFO - Started process (PID=232) to work on /home/airflow/.local/lib/python3.12/site-packages/airflow/example_dags/tutorial_dag.py
[2025-11-14T21:17:06.681+0000] {processor.py:914} INFO - Processing file /home/airflow/.local/lib/python3.12/site-packages/airflow/example_dags/tutorial_dag.py for tasks to queue
[2025-11-14T21:17:06.685+0000] {logging_mixin.py:190} INFO - [2025-11-14T21:17:06.684+0000] {dagbag.py:588} INFO - Filling up the DagBag from /home/airflow/.local/lib/python3.12/site-packages/airflow/example_dags/tutorial_dag.py
[2025-11-14T21:17:06.693+0000] {processor.py:925} INFO - DAG(s) 'tutorial_dag' retrieved from /home/airflow/.local/lib/python3.12/site-packages/airflow/example_dags/tutorial_dag.py
[2025-11-14T21:17:06.716+0000] {logging_mixin.py:190} INFO - [2025-11-14T21:17:06.716+0000] {dag.py:3239} INFO - Sync 1 DAGs
[2025-11-14T21:17:06.732+0000] {logging_mixin.py:190} INFO - [2025-11-14T21:17:06.732+0000] {dag.py:4180} INFO - Setting next_dagrun for tutorial_dag to None, run_after=None
[2025-11-14T21:17:06.750+0000] {processor.py:208} INFO - Processing /home/airflow/.local/lib/python3.12/site-packages/airflow/example_dags/tutorial_dag.py took 0.077 seconds
[2025-11-14T21:17:37.157+0000] {processor.py:186} INFO - Started process (PID=295) to work on /home/airflow/.local/lib/python3.12/site-packages/airflow/example_dags/tutorial_dag.py
[2025-11-14T21:17:37.159+0000] {processor.py:914} INFO - Processing file /home/airflow/.local/lib/python3.12/site-packages/airflow/example_dags/tutorial_dag.py for tasks to queue
[2025-11-14T21:17:37.162+0000] {logging_mixin.py:190} INFO - [2025-11-14T21:17:37.162+0000] {dagbag.py:588} INFO - Filling up the DagBag from /home/airflow/.local/lib/python3.12/site-packages/airflow/example_dags/tutorial_dag.py
[2025-11-14T21:17:37.171+0000] {processor.py:925} INFO - DAG(s) 'tutorial_dag' retrieved from /home/airflow/.local/lib/python3.12/site-packages/airflow/example_dags/tutorial_dag.py
[2025-11-14T21:17:37.193+0000] {logging_mixin.py:190} INFO - [2025-11-14T21:17:37.193+0000] {dag.py:3239} INFO - Sync 1 DAGs
[2025-11-14T21:17:37.212+0000] {logging_mixin.py:190} INFO - [2025-11-14T21:17:37.212+0000] {dag.py:4180} INFO - Setting next_dagrun for tutorial_dag to None, run_after=None
[2025-11-14T21:17:37.233+0000] {processor.py:208} INFO - Processing /home/airflow/.local/lib/python3.12/site-packages/airflow/example_dags/tutorial_dag.py took 0.083 seconds
[2025-11-14T21:18:08.206+0000] {processor.py:186} INFO - Started process (PID=358) to work on /home/airflow/.local/lib/python3.12/site-packages/airflow/example_dags/tutorial_dag.py
[2025-11-14T21:18:08.208+0000] {processor.py:914} INFO - Processing file /home/airflow/.local/lib/python3.12/site-packages/airflow/example_dags/tutorial_dag.py for tasks to queue
[2025-11-14T21:18:08.210+0000] {logging_mixin.py:190} INFO - [2025-11-14T21:18:08.210+0000] {dagbag.py:588} INFO - Filling up the DagBag from /home/airflow/.local/lib/python3.12/site-packages/airflow/example_dags/tutorial_dag.py
[2025-11-14T21:18:08.219+0000] {processor.py:925} INFO - DAG(s) 'tutorial_dag' retrieved from /home/airflow/.local/lib/python3.12/site-packages/airflow/example_dags/tutorial_dag.py
[2025-11-14T21:18:08.240+0000] {logging_mixin.py:190} INFO - [2025-11-14T21:18:08.240+0000] {dag.py:3239} INFO - Sync 1 DAGs
[2025-11-14T21:18:08.255+0000] {logging_mixin.py:190} INFO - [2025-11-14T21:18:08.255+0000] {dag.py:4180} INFO - Setting next_dagrun for tutorial_dag to None, run_after=None
[2025-11-14T21:18:08.272+0000] {processor.py:208} INFO - Processing /home/airflow/.local/lib/python3.12/site-packages/airflow/example_dags/tutorial_dag.py took 0.073 seconds
[2025-11-14T21:18:39.416+0000] {processor.py:186} INFO - Started process (PID=423) to work on /home/airflow/.local/lib/python3.12/site-packages/airflow/example_dags/tutorial_dag.py
[2025-11-14T21:18:39.419+0000] {processor.py:914} INFO - Processing file /home/airflow/.local/lib/python3.12/site-packages/airflow/example_dags/tutorial_dag.py for tasks to queue
[2025-11-14T21:18:39.425+0000] {logging_mixin.py:190} INFO - [2025-11-14T21:18:39.424+0000] {dagbag.py:588} INFO - Filling up the DagBag from /home/airflow/.local/lib/python3.12/site-packages/airflow/example_dags/tutorial_dag.py
[2025-11-14T21:18:39.461+0000] {processor.py:925} INFO - DAG(s) 'tutorial_dag' retrieved from /home/airflow/.local/lib/python3.12/site-packages/airflow/example_dags/tutorial_dag.py
[2025-11-14T21:18:39.818+0000] {logging_mixin.py:190} INFO - [2025-11-14T21:18:39.817+0000] {dag.py:3239} INFO - Sync 1 DAGs
[2025-11-14T21:18:39.897+0000] {logging_mixin.py:190} INFO - [2025-11-14T21:18:39.897+0000] {dag.py:4180} INFO - Setting next_dagrun for tutorial_dag to None, run_after=None
[2025-11-14T21:18:39.931+0000] {processor.py:208} INFO - Processing /home/airflow/.local/lib/python3.12/site-packages/airflow/example_dags/tutorial_dag.py took 0.524 seconds
[2025-11-14T21:19:10.905+0000] {processor.py:186} INFO - Started process (PID=488) to work on /home/airflow/.local/lib/python3.12/site-packages/airflow/example_dags/tutorial_dag.py
[2025-11-14T21:19:10.908+0000] {processor.py:914} INFO - Processing file /home/airflow/.local/lib/python3.12/site-packages/airflow/example_dags/tutorial_dag.py for tasks to queue
[2025-11-14T21:19:10.914+0000] {logging_mixin.py:190} INFO - [2025-11-14T21:19:10.913+0000] {dagbag.py:588} INFO - Filling up the DagBag from /home/airflow/.local/lib/python3.12/site-packages/airflow/example_dags/tutorial_dag.py
[2025-11-14T21:19:10.928+0000] {processor.py:925} INFO - DAG(s) 'tutorial_dag' retrieved from /home/airflow/.local/lib/python3.12/site-packages/airflow/example_dags/tutorial_dag.py
[2025-11-14T21:19:10.981+0000] {logging_mixin.py:190} INFO - [2025-11-14T21:19:10.980+0000] {dag.py:3239} INFO - Sync 1 DAGs
[2025-11-14T21:19:11.032+0000] {logging_mixin.py:190} INFO - [2025-11-14T21:19:11.031+0000] {dag.py:4180} INFO - Setting next_dagrun for tutorial_dag to None, run_after=None
[2025-11-14T21:19:11.074+0000] {processor.py:208} INFO - Processing /home/airflow/.local/lib/python3.12/site-packages/airflow/example_dags/tutorial_dag.py took 0.184 seconds
[2025-11-14T21:19:41.977+0000] {processor.py:186} INFO - Started process (PID=553) to work on /home/airflow/.local/lib/python3.12/site-packages/airflow/example_dags/tutorial_dag.py
[2025-11-14T21:19:41.982+0000] {processor.py:914} INFO - Processing file /home/airflow/.local/lib/python3.12/site-packages/airflow/example_dags/tutorial_dag.py for tasks to queue
[2025-11-14T21:19:41.990+0000] {logging_mixin.py:190} INFO - [2025-11-14T21:19:41.989+0000] {dagbag.py:588} INFO - Filling up the DagBag from /home/airflow/.local/lib/python3.12/site-packages/airflow/example_dags/tutorial_dag.py
[2025-11-14T21:19:42.016+0000] {processor.py:925} INFO - DAG(s) 'tutorial_dag' retrieved from /home/airflow/.local/lib/python3.12/site-packages/airflow/example_dags/tutorial_dag.py
[2025-11-14T21:19:42.094+0000] {logging_mixin.py:190} INFO - [2025-11-14T21:19:42.093+0000] {dag.py:3239} INFO - Sync 1 DAGs
[2025-11-14T21:19:42.163+0000] {logging_mixin.py:190} INFO - [2025-11-14T21:19:42.163+0000] {dag.py:4180} INFO - Setting next_dagrun for tutorial_dag to None, run_after=None
[2025-11-14T21:19:42.252+0000] {processor.py:208} INFO - Processing /home/airflow/.local/lib/python3.12/site-packages/airflow/example_dags/tutorial_dag.py took 0.295 seconds
[2025-11-14T21:20:22.109+0000] {processor.py:186} INFO - Started process (PID=627) to work on /home/airflow/.local/lib/python3.12/site-packages/airflow/example_dags/tutorial_dag.py
[2025-11-14T21:20:22.117+0000] {processor.py:914} INFO - Processing file /home/airflow/.local/lib/python3.12/site-packages/airflow/example_dags/tutorial_dag.py for tasks to queue
[2025-11-14T21:20:22.136+0000] {logging_mixin.py:190} INFO - [2025-11-14T21:20:22.134+0000] {dagbag.py:588} INFO - Filling up the DagBag from /home/airflow/.local/lib/python3.12/site-packages/airflow/example_dags/tutorial_dag.py
[2025-11-14T21:20:22.422+0000] {processor.py:925} INFO - DAG(s) 'tutorial_dag' retrieved from /home/airflow/.local/lib/python3.12/site-packages/airflow/example_dags/tutorial_dag.py
[2025-11-14T21:20:22.712+0000] {logging_mixin.py:190} INFO - [2025-11-14T21:20:22.710+0000] {dag.py:3239} INFO - Sync 1 DAGs
[2025-11-14T21:20:22.890+0000] {logging_mixin.py:190} INFO - [2025-11-14T21:20:22.889+0000] {dag.py:4180} INFO - Setting next_dagrun for tutorial_dag to None, run_after=None
[2025-11-14T21:20:23.208+0000] {processor.py:208} INFO - Processing /home/airflow/.local/lib/python3.12/site-packages/airflow/example_dags/tutorial_dag.py took 1.279 seconds
[2025-11-14T21:21:13.478+0000] {processor.py:186} INFO - Started process (PID=673) to work on /home/airflow/.local/lib/python3.12/site-packages/airflow/example_dags/tutorial_dag.py
[2025-11-14T21:21:13.494+0000] {processor.py:914} INFO - Processing file /home/airflow/.local/lib/python3.12/site-packages/airflow/example_dags/tutorial_dag.py for tasks to queue
[2025-11-14T21:21:13.524+0000] {logging_mixin.py:190} INFO - [2025-11-14T21:21:13.521+0000] {dagbag.py:588} INFO - Filling up the DagBag from /home/airflow/.local/lib/python3.12/site-packages/airflow/example_dags/tutorial_dag.py
[2025-11-14T21:21:13.584+0000] {processor.py:925} INFO - DAG(s) 'tutorial_dag' retrieved from /home/airflow/.local/lib/python3.12/site-packages/airflow/example_dags/tutorial_dag.py
[2025-11-14T21:21:13.768+0000] {logging_mixin.py:190} INFO - [2025-11-14T21:21:13.767+0000] {dag.py:3239} INFO - Sync 1 DAGs
[2025-11-14T21:21:13.920+0000] {logging_mixin.py:190} INFO - [2025-11-14T21:21:13.919+0000] {dag.py:4180} INFO - Setting next_dagrun for tutorial_dag to None, run_after=None
[2025-11-14T21:21:14.023+0000] {processor.py:208} INFO - Processing /home/airflow/.local/lib/python3.12/site-packages/airflow/example_dags/tutorial_dag.py took 0.620 seconds
[2025-11-14T21:21:49.463+0000] {processor.py:186} INFO - Started process (PID=735) to work on /home/airflow/.local/lib/python3.12/site-packages/airflow/example_dags/tutorial_dag.py
[2025-11-14T21:21:49.471+0000] {processor.py:914} INFO - Processing file /home/airflow/.local/lib/python3.12/site-packages/airflow/example_dags/tutorial_dag.py for tasks to queue
[2025-11-14T21:21:49.492+0000] {logging_mixin.py:190} INFO - [2025-11-14T21:21:49.488+0000] {dagbag.py:588} INFO - Filling up the DagBag from /home/airflow/.local/lib/python3.12/site-packages/airflow/example_dags/tutorial_dag.py
[2025-11-14T21:21:49.560+0000] {processor.py:925} INFO - DAG(s) 'tutorial_dag' retrieved from /home/airflow/.local/lib/python3.12/site-packages/airflow/example_dags/tutorial_dag.py
[2025-11-14T21:21:49.703+0000] {logging_mixin.py:190} INFO - [2025-11-14T21:21:49.701+0000] {dag.py:3239} INFO - Sync 1 DAGs
[2025-11-14T21:21:49.838+0000] {logging_mixin.py:190} INFO - [2025-11-14T21:21:49.837+0000] {dag.py:4180} INFO - Setting next_dagrun for tutorial_dag to None, run_after=None
[2025-11-14T21:21:49.967+0000] {processor.py:208} INFO - Processing /home/airflow/.local/lib/python3.12/site-packages/airflow/example_dags/tutorial_dag.py took 0.565 seconds
[2025-11-14T21:22:20.848+0000] {processor.py:186} INFO - Started process (PID=799) to work on /home/airflow/.local/lib/python3.12/site-packages/airflow/example_dags/tutorial_dag.py
[2025-11-14T21:22:20.870+0000] {processor.py:914} INFO - Processing file /home/airflow/.local/lib/python3.12/site-packages/airflow/example_dags/tutorial_dag.py for tasks to queue
[2025-11-14T21:22:20.932+0000] {logging_mixin.py:190} INFO - [2025-11-14T21:22:20.900+0000] {dagbag.py:588} INFO - Filling up the DagBag from /home/airflow/.local/lib/python3.12/site-packages/airflow/example_dags/tutorial_dag.py
[2025-11-14T21:22:21.244+0000] {processor.py:925} INFO - DAG(s) 'tutorial_dag' retrieved from /home/airflow/.local/lib/python3.12/site-packages/airflow/example_dags/tutorial_dag.py
[2025-11-14T21:22:21.443+0000] {logging_mixin.py:190} INFO - [2025-11-14T21:22:21.442+0000] {dag.py:3239} INFO - Sync 1 DAGs
[2025-11-14T21:22:21.698+0000] {logging_mixin.py:190} INFO - [2025-11-14T21:22:21.697+0000] {dag.py:4180} INFO - Setting next_dagrun for tutorial_dag to None, run_after=None
[2025-11-14T21:22:22.321+0000] {processor.py:208} INFO - Processing /home/airflow/.local/lib/python3.12/site-packages/airflow/example_dags/tutorial_dag.py took 1.576 seconds
[2025-11-14T21:22:52.673+0000] {processor.py:186} INFO - Started process (PID=864) to work on /home/airflow/.local/lib/python3.12/site-packages/airflow/example_dags/tutorial_dag.py
[2025-11-14T21:22:52.681+0000] {processor.py:914} INFO - Processing file /home/airflow/.local/lib/python3.12/site-packages/airflow/example_dags/tutorial_dag.py for tasks to queue
[2025-11-14T21:22:52.696+0000] {logging_mixin.py:190} INFO - [2025-11-14T21:22:52.695+0000] {dagbag.py:588} INFO - Filling up the DagBag from /home/airflow/.local/lib/python3.12/site-packages/airflow/example_dags/tutorial_dag.py
[2025-11-14T21:22:52.732+0000] {processor.py:925} INFO - DAG(s) 'tutorial_dag' retrieved from /home/airflow/.local/lib/python3.12/site-packages/airflow/example_dags/tutorial_dag.py
[2025-11-14T21:22:52.840+0000] {logging_mixin.py:190} INFO - [2025-11-14T21:22:52.839+0000] {dag.py:3239} INFO - Sync 1 DAGs
[2025-11-14T21:22:52.929+0000] {logging_mixin.py:190} INFO - [2025-11-14T21:22:52.929+0000] {dag.py:4180} INFO - Setting next_dagrun for tutorial_dag to None, run_after=None
[2025-11-14T21:22:53.014+0000] {processor.py:208} INFO - Processing /home/airflow/.local/lib/python3.12/site-packages/airflow/example_dags/tutorial_dag.py took 0.375 seconds
[2025-11-14T21:23:23.358+0000] {processor.py:186} INFO - Started process (PID=928) to work on /home/airflow/.local/lib/python3.12/site-packages/airflow/example_dags/tutorial_dag.py
[2025-11-14T21:23:23.364+0000] {processor.py:914} INFO - Processing file /home/airflow/.local/lib/python3.12/site-packages/airflow/example_dags/tutorial_dag.py for tasks to queue
[2025-11-14T21:23:23.375+0000] {logging_mixin.py:190} INFO - [2025-11-14T21:23:23.373+0000] {dagbag.py:588} INFO - Filling up the DagBag from /home/airflow/.local/lib/python3.12/site-packages/airflow/example_dags/tutorial_dag.py
[2025-11-14T21:23:23.407+0000] {processor.py:925} INFO - DAG(s) 'tutorial_dag' retrieved from /home/airflow/.local/lib/python3.12/site-packages/airflow/example_dags/tutorial_dag.py
[2025-11-14T21:23:23.490+0000] {logging_mixin.py:190} INFO - [2025-11-14T21:23:23.490+0000] {dag.py:3239} INFO - Sync 1 DAGs
[2025-11-14T21:23:23.551+0000] {logging_mixin.py:190} INFO - [2025-11-14T21:23:23.550+0000] {dag.py:4180} INFO - Setting next_dagrun for tutorial_dag to None, run_after=None
[2025-11-14T21:23:23.619+0000] {processor.py:208} INFO - Processing /home/airflow/.local/lib/python3.12/site-packages/airflow/example_dags/tutorial_dag.py took 0.299 seconds
[2025-11-14T21:23:53.950+0000] {processor.py:186} INFO - Started process (PID=992) to work on /home/airflow/.local/lib/python3.12/site-packages/airflow/example_dags/tutorial_dag.py
[2025-11-14T21:23:53.955+0000] {processor.py:914} INFO - Processing file /home/airflow/.local/lib/python3.12/site-packages/airflow/example_dags/tutorial_dag.py for tasks to queue
[2025-11-14T21:23:53.968+0000] {logging_mixin.py:190} INFO - [2025-11-14T21:23:53.967+0000] {dagbag.py:588} INFO - Filling up the DagBag from /home/airflow/.local/lib/python3.12/site-packages/airflow/example_dags/tutorial_dag.py
[2025-11-14T21:23:54.013+0000] {processor.py:925} INFO - DAG(s) 'tutorial_dag' retrieved from /home/airflow/.local/lib/python3.12/site-packages/airflow/example_dags/tutorial_dag.py
[2025-11-14T21:23:54.117+0000] {logging_mixin.py:190} INFO - [2025-11-14T21:23:54.115+0000] {dag.py:3239} INFO - Sync 1 DAGs
[2025-11-14T21:23:54.287+0000] {logging_mixin.py:190} INFO - [2025-11-14T21:23:54.285+0000] {dag.py:4180} INFO - Setting next_dagrun for tutorial_dag to None, run_after=None
[2025-11-14T21:23:54.410+0000] {processor.py:208} INFO - Processing /home/airflow/.local/lib/python3.12/site-packages/airflow/example_dags/tutorial_dag.py took 0.491 seconds
[2025-11-14T21:24:25.126+0000] {processor.py:186} INFO - Started process (PID=1055) to work on /home/airflow/.local/lib/python3.12/site-packages/airflow/example_dags/tutorial_dag.py
[2025-11-14T21:24:25.132+0000] {processor.py:914} INFO - Processing file /home/airflow/.local/lib/python3.12/site-packages/airflow/example_dags/tutorial_dag.py for tasks to queue
[2025-11-14T21:24:25.148+0000] {logging_mixin.py:190} INFO - [2025-11-14T21:24:25.146+0000] {dagbag.py:588} INFO - Filling up the DagBag from /home/airflow/.local/lib/python3.12/site-packages/airflow/example_dags/tutorial_dag.py
[2025-11-14T21:24:25.188+0000] {processor.py:925} INFO - DAG(s) 'tutorial_dag' retrieved from /home/airflow/.local/lib/python3.12/site-packages/airflow/example_dags/tutorial_dag.py
[2025-11-14T21:24:25.284+0000] {logging_mixin.py:190} INFO - [2025-11-14T21:24:25.282+0000] {dag.py:3239} INFO - Sync 1 DAGs
[2025-11-14T21:24:25.366+0000] {logging_mixin.py:190} INFO - [2025-11-14T21:24:25.365+0000] {dag.py:4180} INFO - Setting next_dagrun for tutorial_dag to None, run_after=None
[2025-11-14T21:24:25.444+0000] {processor.py:208} INFO - Processing /home/airflow/.local/lib/python3.12/site-packages/airflow/example_dags/tutorial_dag.py took 0.350 seconds
[2025-11-14T21:24:55.613+0000] {processor.py:186} INFO - Started process (PID=1117) to work on /home/airflow/.local/lib/python3.12/site-packages/airflow/example_dags/tutorial_dag.py
[2025-11-14T21:24:55.617+0000] {processor.py:914} INFO - Processing file /home/airflow/.local/lib/python3.12/site-packages/airflow/example_dags/tutorial_dag.py for tasks to queue
[2025-11-14T21:24:55.627+0000] {logging_mixin.py:190} INFO - [2025-11-14T21:24:55.626+0000] {dagbag.py:588} INFO - Filling up the DagBag from /home/airflow/.local/lib/python3.12/site-packages/airflow/example_dags/tutorial_dag.py
[2025-11-14T21:24:55.656+0000] {processor.py:925} INFO - DAG(s) 'tutorial_dag' retrieved from /home/airflow/.local/lib/python3.12/site-packages/airflow/example_dags/tutorial_dag.py
[2025-11-14T21:24:55.750+0000] {logging_mixin.py:190} INFO - [2025-11-14T21:24:55.749+0000] {dag.py:3239} INFO - Sync 1 DAGs
[2025-11-14T21:24:55.806+0000] {logging_mixin.py:190} INFO - [2025-11-14T21:24:55.805+0000] {dag.py:4180} INFO - Setting next_dagrun for tutorial_dag to None, run_after=None
[2025-11-14T21:24:55.867+0000] {processor.py:208} INFO - Processing /home/airflow/.local/lib/python3.12/site-packages/airflow/example_dags/tutorial_dag.py took 0.277 seconds
[2025-11-14T21:25:26.422+0000] {processor.py:186} INFO - Started process (PID=1181) to work on /home/airflow/.local/lib/python3.12/site-packages/airflow/example_dags/tutorial_dag.py
[2025-11-14T21:25:26.426+0000] {processor.py:914} INFO - Processing file /home/airflow/.local/lib/python3.12/site-packages/airflow/example_dags/tutorial_dag.py for tasks to queue
[2025-11-14T21:25:26.432+0000] {logging_mixin.py:190} INFO - [2025-11-14T21:25:26.431+0000] {dagbag.py:588} INFO - Filling up the DagBag from /home/airflow/.local/lib/python3.12/site-packages/airflow/example_dags/tutorial_dag.py
[2025-11-14T21:25:26.453+0000] {processor.py:925} INFO - DAG(s) 'tutorial_dag' retrieved from /home/airflow/.local/lib/python3.12/site-packages/airflow/example_dags/tutorial_dag.py
[2025-11-14T21:25:26.503+0000] {logging_mixin.py:190} INFO - [2025-11-14T21:25:26.502+0000] {dag.py:3239} INFO - Sync 1 DAGs
[2025-11-14T21:25:26.546+0000] {logging_mixin.py:190} INFO - [2025-11-14T21:25:26.546+0000] {dag.py:4180} INFO - Setting next_dagrun for tutorial_dag to None, run_after=None
[2025-11-14T21:25:26.588+0000] {processor.py:208} INFO - Processing /home/airflow/.local/lib/python3.12/site-packages/airflow/example_dags/tutorial_dag.py took 0.181 seconds
[2025-11-14T21:25:56.977+0000] {processor.py:186} INFO - Started process (PID=1245) to work on /home/airflow/.local/lib/python3.12/site-packages/airflow/example_dags/tutorial_dag.py
[2025-11-14T21:25:56.984+0000] {processor.py:914} INFO - Processing file /home/airflow/.local/lib/python3.12/site-packages/airflow/example_dags/tutorial_dag.py for tasks to queue
[2025-11-14T21:25:56.993+0000] {logging_mixin.py:190} INFO - [2025-11-14T21:25:56.992+0000] {dagbag.py:588} INFO - Filling up the DagBag from /home/airflow/.local/lib/python3.12/site-packages/airflow/example_dags/tutorial_dag.py
[2025-11-14T21:25:57.025+0000] {processor.py:925} INFO - DAG(s) 'tutorial_dag' retrieved from /home/airflow/.local/lib/python3.12/site-packages/airflow/example_dags/tutorial_dag.py
[2025-11-14T21:25:57.086+0000] {logging_mixin.py:190} INFO - [2025-11-14T21:25:57.085+0000] {dag.py:3239} INFO - Sync 1 DAGs
[2025-11-14T21:25:57.150+0000] {logging_mixin.py:190} INFO - [2025-11-14T21:25:57.150+0000] {dag.py:4180} INFO - Setting next_dagrun for tutorial_dag to None, run_after=None
[2025-11-14T21:25:57.207+0000] {processor.py:208} INFO - Processing /home/airflow/.local/lib/python3.12/site-packages/airflow/example_dags/tutorial_dag.py took 0.249 seconds
[2025-11-14T21:26:28.033+0000] {processor.py:186} INFO - Started process (PID=1309) to work on /home/airflow/.local/lib/python3.12/site-packages/airflow/example_dags/tutorial_dag.py
[2025-11-14T21:26:28.036+0000] {processor.py:914} INFO - Processing file /home/airflow/.local/lib/python3.12/site-packages/airflow/example_dags/tutorial_dag.py for tasks to queue
[2025-11-14T21:26:28.043+0000] {logging_mixin.py:190} INFO - [2025-11-14T21:26:28.042+0000] {dagbag.py:588} INFO - Filling up the DagBag from /home/airflow/.local/lib/python3.12/site-packages/airflow/example_dags/tutorial_dag.py
[2025-11-14T21:26:28.059+0000] {processor.py:925} INFO - DAG(s) 'tutorial_dag' retrieved from /home/airflow/.local/lib/python3.12/site-packages/airflow/example_dags/tutorial_dag.py
[2025-11-14T21:26:28.097+0000] {logging_mixin.py:190} INFO - [2025-11-14T21:26:28.097+0000] {dag.py:3239} INFO - Sync 1 DAGs
[2025-11-14T21:26:28.126+0000] {logging_mixin.py:190} INFO - [2025-11-14T21:26:28.126+0000] {dag.py:4180} INFO - Setting next_dagrun for tutorial_dag to None, run_after=None
[2025-11-14T21:26:28.162+0000] {processor.py:208} INFO - Processing /home/airflow/.local/lib/python3.12/site-packages/airflow/example_dags/tutorial_dag.py took 0.144 seconds
[2025-11-14T21:26:59.035+0000] {processor.py:186} INFO - Started process (PID=1373) to work on /home/airflow/.local/lib/python3.12/site-packages/airflow/example_dags/tutorial_dag.py
[2025-11-14T21:26:59.037+0000] {processor.py:914} INFO - Processing file /home/airflow/.local/lib/python3.12/site-packages/airflow/example_dags/tutorial_dag.py for tasks to queue
[2025-11-14T21:26:59.043+0000] {logging_mixin.py:190} INFO - [2025-11-14T21:26:59.042+0000] {dagbag.py:588} INFO - Filling up the DagBag from /home/airflow/.local/lib/python3.12/site-packages/airflow/example_dags/tutorial_dag.py
[2025-11-14T21:26:59.058+0000] {processor.py:925} INFO - DAG(s) 'tutorial_dag' retrieved from /home/airflow/.local/lib/python3.12/site-packages/airflow/example_dags/tutorial_dag.py
[2025-11-14T21:26:59.102+0000] {logging_mixin.py:190} INFO - [2025-11-14T21:26:59.102+0000] {dag.py:3239} INFO - Sync 1 DAGs
[2025-11-14T21:26:59.132+0000] {logging_mixin.py:190} INFO - [2025-11-14T21:26:59.132+0000] {dag.py:4180} INFO - Setting next_dagrun for tutorial_dag to None, run_after=None
[2025-11-14T21:26:59.173+0000] {processor.py:208} INFO - Processing /home/airflow/.local/lib/python3.12/site-packages/airflow/example_dags/tutorial_dag.py took 0.150 seconds
[2025-11-14T21:27:29.442+0000] {processor.py:186} INFO - Started process (PID=1436) to work on /home/airflow/.local/lib/python3.12/site-packages/airflow/example_dags/tutorial_dag.py
[2025-11-14T21:27:29.448+0000] {processor.py:914} INFO - Processing file /home/airflow/.local/lib/python3.12/site-packages/airflow/example_dags/tutorial_dag.py for tasks to queue
[2025-11-14T21:27:29.456+0000] {logging_mixin.py:190} INFO - [2025-11-14T21:27:29.455+0000] {dagbag.py:588} INFO - Filling up the DagBag from /home/airflow/.local/lib/python3.12/site-packages/airflow/example_dags/tutorial_dag.py
[2025-11-14T21:27:29.476+0000] {processor.py:925} INFO - DAG(s) 'tutorial_dag' retrieved from /home/airflow/.local/lib/python3.12/site-packages/airflow/example_dags/tutorial_dag.py
[2025-11-14T21:27:29.536+0000] {logging_mixin.py:190} INFO - [2025-11-14T21:27:29.536+0000] {dag.py:3239} INFO - Sync 1 DAGs
[2025-11-14T21:27:29.587+0000] {logging_mixin.py:190} INFO - [2025-11-14T21:27:29.587+0000] {dag.py:4180} INFO - Setting next_dagrun for tutorial_dag to None, run_after=None
[2025-11-14T21:27:29.649+0000] {processor.py:208} INFO - Processing /home/airflow/.local/lib/python3.12/site-packages/airflow/example_dags/tutorial_dag.py took 0.223 seconds
[2025-11-14T21:28:00.201+0000] {processor.py:186} INFO - Started process (PID=1499) to work on /home/airflow/.local/lib/python3.12/site-packages/airflow/example_dags/tutorial_dag.py
[2025-11-14T21:28:00.205+0000] {processor.py:914} INFO - Processing file /home/airflow/.local/lib/python3.12/site-packages/airflow/example_dags/tutorial_dag.py for tasks to queue
[2025-11-14T21:28:00.213+0000] {logging_mixin.py:190} INFO - [2025-11-14T21:28:00.212+0000] {dagbag.py:588} INFO - Filling up the DagBag from /home/airflow/.local/lib/python3.12/site-packages/airflow/example_dags/tutorial_dag.py
[2025-11-14T21:28:00.232+0000] {processor.py:925} INFO - DAG(s) 'tutorial_dag' retrieved from /home/airflow/.local/lib/python3.12/site-packages/airflow/example_dags/tutorial_dag.py
[2025-11-14T21:28:00.280+0000] {logging_mixin.py:190} INFO - [2025-11-14T21:28:00.279+0000] {dag.py:3239} INFO - Sync 1 DAGs
[2025-11-14T21:28:00.324+0000] {logging_mixin.py:190} INFO - [2025-11-14T21:28:00.323+0000] {dag.py:4180} INFO - Setting next_dagrun for tutorial_dag to None, run_after=None
[2025-11-14T21:28:00.374+0000] {processor.py:208} INFO - Processing /home/airflow/.local/lib/python3.12/site-packages/airflow/example_dags/tutorial_dag.py took 0.189 seconds
