[2025-11-14T21:15:50.691+0000] {processor.py:186} INFO - Started process (PID=81) to work on /home/airflow/.local/lib/python3.12/site-packages/airflow/example_dags/tutorial_taskflow_api_virtualenv.py
[2025-11-14T21:15:50.694+0000] {processor.py:914} INFO - Processing file /home/airflow/.local/lib/python3.12/site-packages/airflow/example_dags/tutorial_taskflow_api_virtualenv.py for tasks to queue
[2025-11-14T21:15:50.700+0000] {logging_mixin.py:190} INFO - [2025-11-14T21:15:50.699+0000] {dagbag.py:588} INFO - Filling up the DagBag from /home/airflow/.local/lib/python3.12/site-packages/airflow/example_dags/tutorial_taskflow_api_virtualenv.py
[2025-11-14T21:15:50.726+0000] {processor.py:925} INFO - DAG(s) 'tutorial_taskflow_api_virtualenv' retrieved from /home/airflow/.local/lib/python3.12/site-packages/airflow/example_dags/tutorial_taskflow_api_virtualenv.py
[2025-11-14T21:15:50.928+0000] {logging_mixin.py:190} INFO - [2025-11-14T21:15:50.927+0000] {override.py:1900} INFO - Created Permission View: can edit on DAG:tutorial_taskflow_api_virtualenv
[2025-11-14T21:15:50.948+0000] {logging_mixin.py:190} INFO - [2025-11-14T21:15:50.947+0000] {override.py:1900} INFO - Created Permission View: can delete on DAG:tutorial_taskflow_api_virtualenv
[2025-11-14T21:15:50.960+0000] {logging_mixin.py:190} INFO - [2025-11-14T21:15:50.960+0000] {override.py:1900} INFO - Created Permission View: can read on DAG:tutorial_taskflow_api_virtualenv
[2025-11-14T21:15:50.973+0000] {logging_mixin.py:190} INFO - [2025-11-14T21:15:50.973+0000] {override.py:1900} INFO - Created Permission View: menu access on DAG Run:tutorial_taskflow_api_virtualenv
[2025-11-14T21:15:50.986+0000] {logging_mixin.py:190} INFO - [2025-11-14T21:15:50.985+0000] {override.py:1900} INFO - Created Permission View: can create on DAG Run:tutorial_taskflow_api_virtualenv
[2025-11-14T21:15:50.997+0000] {logging_mixin.py:190} INFO - [2025-11-14T21:15:50.997+0000] {override.py:1900} INFO - Created Permission View: can delete on DAG Run:tutorial_taskflow_api_virtualenv
[2025-11-14T21:15:51.009+0000] {logging_mixin.py:190} INFO - [2025-11-14T21:15:51.009+0000] {override.py:1900} INFO - Created Permission View: can read on DAG Run:tutorial_taskflow_api_virtualenv
[2025-11-14T21:15:51.011+0000] {logging_mixin.py:190} INFO - [2025-11-14T21:15:51.011+0000] {dag.py:3239} INFO - Sync 1 DAGs
[2025-11-14T21:15:51.039+0000] {logging_mixin.py:190} INFO - [2025-11-14T21:15:51.038+0000] {dag.py:3262} INFO - Creating ORM DAG for tutorial_taskflow_api_virtualenv
[2025-11-14T21:15:51.042+0000] {logging_mixin.py:190} INFO - [2025-11-14T21:15:51.041+0000] {dag.py:4180} INFO - Setting next_dagrun for tutorial_taskflow_api_virtualenv to None, run_after=None
[2025-11-14T21:15:51.070+0000] {processor.py:208} INFO - Processing /home/airflow/.local/lib/python3.12/site-packages/airflow/example_dags/tutorial_taskflow_api_virtualenv.py took 0.391 seconds
[2025-11-14T21:16:21.132+0000] {processor.py:186} INFO - Started process (PID=145) to work on /home/airflow/.local/lib/python3.12/site-packages/airflow/example_dags/tutorial_taskflow_api_virtualenv.py
[2025-11-14T21:16:21.134+0000] {processor.py:914} INFO - Processing file /home/airflow/.local/lib/python3.12/site-packages/airflow/example_dags/tutorial_taskflow_api_virtualenv.py for tasks to queue
[2025-11-14T21:16:21.138+0000] {logging_mixin.py:190} INFO - [2025-11-14T21:16:21.138+0000] {dagbag.py:588} INFO - Filling up the DagBag from /home/airflow/.local/lib/python3.12/site-packages/airflow/example_dags/tutorial_taskflow_api_virtualenv.py
[2025-11-14T21:16:21.159+0000] {processor.py:925} INFO - DAG(s) 'tutorial_taskflow_api_virtualenv' retrieved from /home/airflow/.local/lib/python3.12/site-packages/airflow/example_dags/tutorial_taskflow_api_virtualenv.py
[2025-11-14T21:16:21.192+0000] {logging_mixin.py:190} INFO - [2025-11-14T21:16:21.191+0000] {dag.py:3239} INFO - Sync 1 DAGs
[2025-11-14T21:16:21.215+0000] {logging_mixin.py:190} INFO - [2025-11-14T21:16:21.215+0000] {dag.py:4180} INFO - Setting next_dagrun for tutorial_taskflow_api_virtualenv to None, run_after=None
[2025-11-14T21:16:21.246+0000] {processor.py:208} INFO - Processing /home/airflow/.local/lib/python3.12/site-packages/airflow/example_dags/tutorial_taskflow_api_virtualenv.py took 0.124 seconds
[2025-11-14T21:16:51.632+0000] {processor.py:186} INFO - Started process (PID=208) to work on /home/airflow/.local/lib/python3.12/site-packages/airflow/example_dags/tutorial_taskflow_api_virtualenv.py
[2025-11-14T21:16:51.633+0000] {processor.py:914} INFO - Processing file /home/airflow/.local/lib/python3.12/site-packages/airflow/example_dags/tutorial_taskflow_api_virtualenv.py for tasks to queue
[2025-11-14T21:16:51.636+0000] {logging_mixin.py:190} INFO - [2025-11-14T21:16:51.636+0000] {dagbag.py:588} INFO - Filling up the DagBag from /home/airflow/.local/lib/python3.12/site-packages/airflow/example_dags/tutorial_taskflow_api_virtualenv.py
[2025-11-14T21:16:51.650+0000] {processor.py:925} INFO - DAG(s) 'tutorial_taskflow_api_virtualenv' retrieved from /home/airflow/.local/lib/python3.12/site-packages/airflow/example_dags/tutorial_taskflow_api_virtualenv.py
[2025-11-14T21:16:51.672+0000] {logging_mixin.py:190} INFO - [2025-11-14T21:16:51.671+0000] {dag.py:3239} INFO - Sync 1 DAGs
[2025-11-14T21:16:51.688+0000] {logging_mixin.py:190} INFO - [2025-11-14T21:16:51.687+0000] {dag.py:4180} INFO - Setting next_dagrun for tutorial_taskflow_api_virtualenv to None, run_after=None
[2025-11-14T21:16:51.707+0000] {processor.py:208} INFO - Processing /home/airflow/.local/lib/python3.12/site-packages/airflow/example_dags/tutorial_taskflow_api_virtualenv.py took 0.083 seconds
[2025-11-14T21:17:22.015+0000] {processor.py:186} INFO - Started process (PID=271) to work on /home/airflow/.local/lib/python3.12/site-packages/airflow/example_dags/tutorial_taskflow_api_virtualenv.py
[2025-11-14T21:17:22.016+0000] {processor.py:914} INFO - Processing file /home/airflow/.local/lib/python3.12/site-packages/airflow/example_dags/tutorial_taskflow_api_virtualenv.py for tasks to queue
[2025-11-14T21:17:22.019+0000] {logging_mixin.py:190} INFO - [2025-11-14T21:17:22.019+0000] {dagbag.py:588} INFO - Filling up the DagBag from /home/airflow/.local/lib/python3.12/site-packages/airflow/example_dags/tutorial_taskflow_api_virtualenv.py
[2025-11-14T21:17:22.033+0000] {processor.py:925} INFO - DAG(s) 'tutorial_taskflow_api_virtualenv' retrieved from /home/airflow/.local/lib/python3.12/site-packages/airflow/example_dags/tutorial_taskflow_api_virtualenv.py
[2025-11-14T21:17:22.061+0000] {logging_mixin.py:190} INFO - [2025-11-14T21:17:22.060+0000] {dag.py:3239} INFO - Sync 1 DAGs
[2025-11-14T21:17:22.076+0000] {logging_mixin.py:190} INFO - [2025-11-14T21:17:22.076+0000] {dag.py:4180} INFO - Setting next_dagrun for tutorial_taskflow_api_virtualenv to None, run_after=None
[2025-11-14T21:17:22.098+0000] {processor.py:208} INFO - Processing /home/airflow/.local/lib/python3.12/site-packages/airflow/example_dags/tutorial_taskflow_api_virtualenv.py took 0.091 seconds
[2025-11-14T21:17:53.086+0000] {processor.py:186} INFO - Started process (PID=334) to work on /home/airflow/.local/lib/python3.12/site-packages/airflow/example_dags/tutorial_taskflow_api_virtualenv.py
[2025-11-14T21:17:53.089+0000] {processor.py:914} INFO - Processing file /home/airflow/.local/lib/python3.12/site-packages/airflow/example_dags/tutorial_taskflow_api_virtualenv.py for tasks to queue
[2025-11-14T21:17:53.091+0000] {logging_mixin.py:190} INFO - [2025-11-14T21:17:53.091+0000] {dagbag.py:588} INFO - Filling up the DagBag from /home/airflow/.local/lib/python3.12/site-packages/airflow/example_dags/tutorial_taskflow_api_virtualenv.py
[2025-11-14T21:17:53.110+0000] {processor.py:925} INFO - DAG(s) 'tutorial_taskflow_api_virtualenv' retrieved from /home/airflow/.local/lib/python3.12/site-packages/airflow/example_dags/tutorial_taskflow_api_virtualenv.py
[2025-11-14T21:17:53.133+0000] {logging_mixin.py:190} INFO - [2025-11-14T21:17:53.133+0000] {dag.py:3239} INFO - Sync 1 DAGs
[2025-11-14T21:17:53.151+0000] {logging_mixin.py:190} INFO - [2025-11-14T21:17:53.151+0000] {dag.py:4180} INFO - Setting next_dagrun for tutorial_taskflow_api_virtualenv to None, run_after=None
[2025-11-14T21:17:53.171+0000] {processor.py:208} INFO - Processing /home/airflow/.local/lib/python3.12/site-packages/airflow/example_dags/tutorial_taskflow_api_virtualenv.py took 0.094 seconds
[2025-11-14T21:18:23.257+0000] {processor.py:186} INFO - Started process (PID=397) to work on /home/airflow/.local/lib/python3.12/site-packages/airflow/example_dags/tutorial_taskflow_api_virtualenv.py
[2025-11-14T21:18:23.259+0000] {processor.py:914} INFO - Processing file /home/airflow/.local/lib/python3.12/site-packages/airflow/example_dags/tutorial_taskflow_api_virtualenv.py for tasks to queue
[2025-11-14T21:18:23.262+0000] {logging_mixin.py:190} INFO - [2025-11-14T21:18:23.262+0000] {dagbag.py:588} INFO - Filling up the DagBag from /home/airflow/.local/lib/python3.12/site-packages/airflow/example_dags/tutorial_taskflow_api_virtualenv.py
[2025-11-14T21:18:23.275+0000] {processor.py:925} INFO - DAG(s) 'tutorial_taskflow_api_virtualenv' retrieved from /home/airflow/.local/lib/python3.12/site-packages/airflow/example_dags/tutorial_taskflow_api_virtualenv.py
[2025-11-14T21:18:23.297+0000] {logging_mixin.py:190} INFO - [2025-11-14T21:18:23.297+0000] {dag.py:3239} INFO - Sync 1 DAGs
[2025-11-14T21:18:23.313+0000] {logging_mixin.py:190} INFO - [2025-11-14T21:18:23.313+0000] {dag.py:4180} INFO - Setting next_dagrun for tutorial_taskflow_api_virtualenv to None, run_after=None
[2025-11-14T21:18:23.332+0000] {processor.py:208} INFO - Processing /home/airflow/.local/lib/python3.12/site-packages/airflow/example_dags/tutorial_taskflow_api_virtualenv.py took 0.082 seconds
[2025-11-14T21:18:54.501+0000] {processor.py:186} INFO - Started process (PID=462) to work on /home/airflow/.local/lib/python3.12/site-packages/airflow/example_dags/tutorial_taskflow_api_virtualenv.py
[2025-11-14T21:18:54.505+0000] {processor.py:914} INFO - Processing file /home/airflow/.local/lib/python3.12/site-packages/airflow/example_dags/tutorial_taskflow_api_virtualenv.py for tasks to queue
[2025-11-14T21:18:54.512+0000] {logging_mixin.py:190} INFO - [2025-11-14T21:18:54.511+0000] {dagbag.py:588} INFO - Filling up the DagBag from /home/airflow/.local/lib/python3.12/site-packages/airflow/example_dags/tutorial_taskflow_api_virtualenv.py
[2025-11-14T21:18:54.564+0000] {processor.py:925} INFO - DAG(s) 'tutorial_taskflow_api_virtualenv' retrieved from /home/airflow/.local/lib/python3.12/site-packages/airflow/example_dags/tutorial_taskflow_api_virtualenv.py
[2025-11-14T21:18:54.745+0000] {logging_mixin.py:190} INFO - [2025-11-14T21:18:54.743+0000] {dag.py:3239} INFO - Sync 1 DAGs
[2025-11-14T21:18:54.867+0000] {logging_mixin.py:190} INFO - [2025-11-14T21:18:54.867+0000] {dag.py:4180} INFO - Setting next_dagrun for tutorial_taskflow_api_virtualenv to None, run_after=None
[2025-11-14T21:18:54.943+0000] {processor.py:208} INFO - Processing /home/airflow/.local/lib/python3.12/site-packages/airflow/example_dags/tutorial_taskflow_api_virtualenv.py took 0.462 seconds
[2025-11-14T21:19:25.584+0000] {processor.py:186} INFO - Started process (PID=535) to work on /home/airflow/.local/lib/python3.12/site-packages/airflow/example_dags/tutorial_taskflow_api_virtualenv.py
[2025-11-14T21:19:25.586+0000] {processor.py:914} INFO - Processing file /home/airflow/.local/lib/python3.12/site-packages/airflow/example_dags/tutorial_taskflow_api_virtualenv.py for tasks to queue
[2025-11-14T21:19:25.591+0000] {logging_mixin.py:190} INFO - [2025-11-14T21:19:25.591+0000] {dagbag.py:588} INFO - Filling up the DagBag from /home/airflow/.local/lib/python3.12/site-packages/airflow/example_dags/tutorial_taskflow_api_virtualenv.py
[2025-11-14T21:19:25.619+0000] {processor.py:925} INFO - DAG(s) 'tutorial_taskflow_api_virtualenv' retrieved from /home/airflow/.local/lib/python3.12/site-packages/airflow/example_dags/tutorial_taskflow_api_virtualenv.py
[2025-11-14T21:19:25.660+0000] {logging_mixin.py:190} INFO - [2025-11-14T21:19:25.659+0000] {dag.py:3239} INFO - Sync 1 DAGs
[2025-11-14T21:19:25.712+0000] {logging_mixin.py:190} INFO - [2025-11-14T21:19:25.712+0000] {dag.py:4180} INFO - Setting next_dagrun for tutorial_taskflow_api_virtualenv to None, run_after=None
[2025-11-14T21:19:25.768+0000] {processor.py:208} INFO - Processing /home/airflow/.local/lib/python3.12/site-packages/airflow/example_dags/tutorial_taskflow_api_virtualenv.py took 0.197 seconds
[2025-11-14T21:19:58.519+0000] {processor.py:186} INFO - Started process (PID=609) to work on /home/airflow/.local/lib/python3.12/site-packages/airflow/example_dags/tutorial_taskflow_api_virtualenv.py
[2025-11-14T21:19:58.524+0000] {processor.py:914} INFO - Processing file /home/airflow/.local/lib/python3.12/site-packages/airflow/example_dags/tutorial_taskflow_api_virtualenv.py for tasks to queue
[2025-11-14T21:19:58.538+0000] {logging_mixin.py:190} INFO - [2025-11-14T21:19:58.537+0000] {dagbag.py:588} INFO - Filling up the DagBag from /home/airflow/.local/lib/python3.12/site-packages/airflow/example_dags/tutorial_taskflow_api_virtualenv.py
[2025-11-14T21:19:58.589+0000] {processor.py:925} INFO - DAG(s) 'tutorial_taskflow_api_virtualenv' retrieved from /home/airflow/.local/lib/python3.12/site-packages/airflow/example_dags/tutorial_taskflow_api_virtualenv.py
[2025-11-14T21:19:58.664+0000] {logging_mixin.py:190} INFO - [2025-11-14T21:19:58.663+0000] {dag.py:3239} INFO - Sync 1 DAGs
[2025-11-14T21:19:58.719+0000] {logging_mixin.py:190} INFO - [2025-11-14T21:19:58.718+0000] {dag.py:4180} INFO - Setting next_dagrun for tutorial_taskflow_api_virtualenv to None, run_after=None
[2025-11-14T21:19:58.807+0000] {processor.py:208} INFO - Processing /home/airflow/.local/lib/python3.12/site-packages/airflow/example_dags/tutorial_taskflow_api_virtualenv.py took 0.312 seconds
[2025-11-14T21:21:34.353+0000] {processor.py:186} INFO - Started process (PID=704) to work on /home/airflow/.local/lib/python3.12/site-packages/airflow/example_dags/tutorial_taskflow_api_virtualenv.py
[2025-11-14T21:21:34.375+0000] {processor.py:914} INFO - Processing file /home/airflow/.local/lib/python3.12/site-packages/airflow/example_dags/tutorial_taskflow_api_virtualenv.py for tasks to queue
[2025-11-14T21:21:34.411+0000] {logging_mixin.py:190} INFO - [2025-11-14T21:21:34.404+0000] {dagbag.py:588} INFO - Filling up the DagBag from /home/airflow/.local/lib/python3.12/site-packages/airflow/example_dags/tutorial_taskflow_api_virtualenv.py
[2025-11-14T21:21:34.577+0000] {processor.py:925} INFO - DAG(s) 'tutorial_taskflow_api_virtualenv' retrieved from /home/airflow/.local/lib/python3.12/site-packages/airflow/example_dags/tutorial_taskflow_api_virtualenv.py
[2025-11-14T21:21:34.748+0000] {logging_mixin.py:190} INFO - [2025-11-14T21:21:34.747+0000] {dag.py:3239} INFO - Sync 1 DAGs
[2025-11-14T21:21:34.867+0000] {logging_mixin.py:190} INFO - [2025-11-14T21:21:34.866+0000] {dag.py:4180} INFO - Setting next_dagrun for tutorial_taskflow_api_virtualenv to None, run_after=None
[2025-11-14T21:21:34.983+0000] {processor.py:208} INFO - Processing /home/airflow/.local/lib/python3.12/site-packages/airflow/example_dags/tutorial_taskflow_api_virtualenv.py took 0.714 seconds
[2025-11-14T21:22:05.420+0000] {processor.py:186} INFO - Started process (PID=768) to work on /home/airflow/.local/lib/python3.12/site-packages/airflow/example_dags/tutorial_taskflow_api_virtualenv.py
[2025-11-14T21:22:05.429+0000] {processor.py:914} INFO - Processing file /home/airflow/.local/lib/python3.12/site-packages/airflow/example_dags/tutorial_taskflow_api_virtualenv.py for tasks to queue
[2025-11-14T21:22:05.454+0000] {logging_mixin.py:190} INFO - [2025-11-14T21:22:05.451+0000] {dagbag.py:588} INFO - Filling up the DagBag from /home/airflow/.local/lib/python3.12/site-packages/airflow/example_dags/tutorial_taskflow_api_virtualenv.py
[2025-11-14T21:22:05.640+0000] {processor.py:925} INFO - DAG(s) 'tutorial_taskflow_api_virtualenv' retrieved from /home/airflow/.local/lib/python3.12/site-packages/airflow/example_dags/tutorial_taskflow_api_virtualenv.py
[2025-11-14T21:22:06.065+0000] {logging_mixin.py:190} INFO - [2025-11-14T21:22:06.062+0000] {dag.py:3239} INFO - Sync 1 DAGs
[2025-11-14T21:22:06.397+0000] {logging_mixin.py:190} INFO - [2025-11-14T21:22:06.395+0000] {dag.py:4180} INFO - Setting next_dagrun for tutorial_taskflow_api_virtualenv to None, run_after=None
[2025-11-14T21:22:06.865+0000] {processor.py:208} INFO - Processing /home/airflow/.local/lib/python3.12/site-packages/airflow/example_dags/tutorial_taskflow_api_virtualenv.py took 1.507 seconds
[2025-11-14T21:22:37.653+0000] {processor.py:186} INFO - Started process (PID=833) to work on /home/airflow/.local/lib/python3.12/site-packages/airflow/example_dags/tutorial_taskflow_api_virtualenv.py
[2025-11-14T21:22:37.667+0000] {processor.py:914} INFO - Processing file /home/airflow/.local/lib/python3.12/site-packages/airflow/example_dags/tutorial_taskflow_api_virtualenv.py for tasks to queue
[2025-11-14T21:22:37.739+0000] {logging_mixin.py:190} INFO - [2025-11-14T21:22:37.734+0000] {dagbag.py:588} INFO - Filling up the DagBag from /home/airflow/.local/lib/python3.12/site-packages/airflow/example_dags/tutorial_taskflow_api_virtualenv.py
[2025-11-14T21:22:37.893+0000] {processor.py:925} INFO - DAG(s) 'tutorial_taskflow_api_virtualenv' retrieved from /home/airflow/.local/lib/python3.12/site-packages/airflow/example_dags/tutorial_taskflow_api_virtualenv.py
[2025-11-14T21:22:38.282+0000] {logging_mixin.py:190} INFO - [2025-11-14T21:22:38.277+0000] {dag.py:3239} INFO - Sync 1 DAGs
[2025-11-14T21:22:38.627+0000] {logging_mixin.py:190} INFO - [2025-11-14T21:22:38.625+0000] {dag.py:4180} INFO - Setting next_dagrun for tutorial_taskflow_api_virtualenv to None, run_after=None
[2025-11-14T21:22:38.842+0000] {processor.py:208} INFO - Processing /home/airflow/.local/lib/python3.12/site-packages/airflow/example_dags/tutorial_taskflow_api_virtualenv.py took 1.326 seconds
[2025-11-14T21:23:09.622+0000] {processor.py:186} INFO - Started process (PID=897) to work on /home/airflow/.local/lib/python3.12/site-packages/airflow/example_dags/tutorial_taskflow_api_virtualenv.py
[2025-11-14T21:23:09.631+0000] {processor.py:914} INFO - Processing file /home/airflow/.local/lib/python3.12/site-packages/airflow/example_dags/tutorial_taskflow_api_virtualenv.py for tasks to queue
[2025-11-14T21:23:09.650+0000] {logging_mixin.py:190} INFO - [2025-11-14T21:23:09.649+0000] {dagbag.py:588} INFO - Filling up the DagBag from /home/airflow/.local/lib/python3.12/site-packages/airflow/example_dags/tutorial_taskflow_api_virtualenv.py
[2025-11-14T21:23:09.739+0000] {processor.py:925} INFO - DAG(s) 'tutorial_taskflow_api_virtualenv' retrieved from /home/airflow/.local/lib/python3.12/site-packages/airflow/example_dags/tutorial_taskflow_api_virtualenv.py
[2025-11-14T21:23:09.901+0000] {logging_mixin.py:190} INFO - [2025-11-14T21:23:09.901+0000] {dag.py:3239} INFO - Sync 1 DAGs
[2025-11-14T21:23:10.220+0000] {logging_mixin.py:190} INFO - [2025-11-14T21:23:10.219+0000] {dag.py:4180} INFO - Setting next_dagrun for tutorial_taskflow_api_virtualenv to None, run_after=None
[2025-11-14T21:23:10.341+0000] {processor.py:208} INFO - Processing /home/airflow/.local/lib/python3.12/site-packages/airflow/example_dags/tutorial_taskflow_api_virtualenv.py took 0.755 seconds
[2025-11-14T21:23:42.297+0000] {processor.py:186} INFO - Started process (PID=961) to work on /home/airflow/.local/lib/python3.12/site-packages/airflow/example_dags/tutorial_taskflow_api_virtualenv.py
[2025-11-14T21:23:42.302+0000] {processor.py:914} INFO - Processing file /home/airflow/.local/lib/python3.12/site-packages/airflow/example_dags/tutorial_taskflow_api_virtualenv.py for tasks to queue
[2025-11-14T21:23:42.309+0000] {logging_mixin.py:190} INFO - [2025-11-14T21:23:42.308+0000] {dagbag.py:588} INFO - Filling up the DagBag from /home/airflow/.local/lib/python3.12/site-packages/airflow/example_dags/tutorial_taskflow_api_virtualenv.py
[2025-11-14T21:23:42.345+0000] {processor.py:925} INFO - DAG(s) 'tutorial_taskflow_api_virtualenv' retrieved from /home/airflow/.local/lib/python3.12/site-packages/airflow/example_dags/tutorial_taskflow_api_virtualenv.py
[2025-11-14T21:23:42.406+0000] {logging_mixin.py:190} INFO - [2025-11-14T21:23:42.406+0000] {dag.py:3239} INFO - Sync 1 DAGs
[2025-11-14T21:23:42.452+0000] {logging_mixin.py:190} INFO - [2025-11-14T21:23:42.451+0000] {dag.py:4180} INFO - Setting next_dagrun for tutorial_taskflow_api_virtualenv to None, run_after=None
[2025-11-14T21:23:42.501+0000] {processor.py:208} INFO - Processing /home/airflow/.local/lib/python3.12/site-packages/airflow/example_dags/tutorial_taskflow_api_virtualenv.py took 0.224 seconds
[2025-11-14T21:24:16.092+0000] {processor.py:186} INFO - Started process (PID=1026) to work on /home/airflow/.local/lib/python3.12/site-packages/airflow/example_dags/tutorial_taskflow_api_virtualenv.py
[2025-11-14T21:24:16.097+0000] {processor.py:914} INFO - Processing file /home/airflow/.local/lib/python3.12/site-packages/airflow/example_dags/tutorial_taskflow_api_virtualenv.py for tasks to queue
[2025-11-14T21:24:16.111+0000] {logging_mixin.py:190} INFO - [2025-11-14T21:24:16.109+0000] {dagbag.py:588} INFO - Filling up the DagBag from /home/airflow/.local/lib/python3.12/site-packages/airflow/example_dags/tutorial_taskflow_api_virtualenv.py
[2025-11-14T21:24:16.167+0000] {processor.py:925} INFO - DAG(s) 'tutorial_taskflow_api_virtualenv' retrieved from /home/airflow/.local/lib/python3.12/site-packages/airflow/example_dags/tutorial_taskflow_api_virtualenv.py
[2025-11-14T21:24:16.249+0000] {logging_mixin.py:190} INFO - [2025-11-14T21:24:16.248+0000] {dag.py:3239} INFO - Sync 1 DAGs
[2025-11-14T21:24:16.307+0000] {logging_mixin.py:190} INFO - [2025-11-14T21:24:16.307+0000] {dag.py:4180} INFO - Setting next_dagrun for tutorial_taskflow_api_virtualenv to None, run_after=None
[2025-11-14T21:24:16.376+0000] {processor.py:208} INFO - Processing /home/airflow/.local/lib/python3.12/site-packages/airflow/example_dags/tutorial_taskflow_api_virtualenv.py took 0.318 seconds
[2025-11-14T21:24:47.258+0000] {processor.py:186} INFO - Started process (PID=1089) to work on /home/airflow/.local/lib/python3.12/site-packages/airflow/example_dags/tutorial_taskflow_api_virtualenv.py
[2025-11-14T21:24:47.264+0000] {processor.py:914} INFO - Processing file /home/airflow/.local/lib/python3.12/site-packages/airflow/example_dags/tutorial_taskflow_api_virtualenv.py for tasks to queue
[2025-11-14T21:24:47.272+0000] {logging_mixin.py:190} INFO - [2025-11-14T21:24:47.271+0000] {dagbag.py:588} INFO - Filling up the DagBag from /home/airflow/.local/lib/python3.12/site-packages/airflow/example_dags/tutorial_taskflow_api_virtualenv.py
[2025-11-14T21:24:47.314+0000] {processor.py:925} INFO - DAG(s) 'tutorial_taskflow_api_virtualenv' retrieved from /home/airflow/.local/lib/python3.12/site-packages/airflow/example_dags/tutorial_taskflow_api_virtualenv.py
[2025-11-14T21:24:47.397+0000] {logging_mixin.py:190} INFO - [2025-11-14T21:24:47.396+0000] {dag.py:3239} INFO - Sync 1 DAGs
[2025-11-14T21:24:47.457+0000] {logging_mixin.py:190} INFO - [2025-11-14T21:24:47.456+0000] {dag.py:4180} INFO - Setting next_dagrun for tutorial_taskflow_api_virtualenv to None, run_after=None
[2025-11-14T21:24:47.530+0000] {processor.py:208} INFO - Processing /home/airflow/.local/lib/python3.12/site-packages/airflow/example_dags/tutorial_taskflow_api_virtualenv.py took 0.293 seconds
[2025-11-14T21:25:17.683+0000] {processor.py:186} INFO - Started process (PID=1153) to work on /home/airflow/.local/lib/python3.12/site-packages/airflow/example_dags/tutorial_taskflow_api_virtualenv.py
[2025-11-14T21:25:17.686+0000] {processor.py:914} INFO - Processing file /home/airflow/.local/lib/python3.12/site-packages/airflow/example_dags/tutorial_taskflow_api_virtualenv.py for tasks to queue
[2025-11-14T21:25:17.692+0000] {logging_mixin.py:190} INFO - [2025-11-14T21:25:17.691+0000] {dagbag.py:588} INFO - Filling up the DagBag from /home/airflow/.local/lib/python3.12/site-packages/airflow/example_dags/tutorial_taskflow_api_virtualenv.py
[2025-11-14T21:25:17.720+0000] {processor.py:925} INFO - DAG(s) 'tutorial_taskflow_api_virtualenv' retrieved from /home/airflow/.local/lib/python3.12/site-packages/airflow/example_dags/tutorial_taskflow_api_virtualenv.py
[2025-11-14T21:25:17.762+0000] {logging_mixin.py:190} INFO - [2025-11-14T21:25:17.762+0000] {dag.py:3239} INFO - Sync 1 DAGs
[2025-11-14T21:25:17.803+0000] {logging_mixin.py:190} INFO - [2025-11-14T21:25:17.803+0000] {dag.py:4180} INFO - Setting next_dagrun for tutorial_taskflow_api_virtualenv to None, run_after=None
[2025-11-14T21:25:17.842+0000] {processor.py:208} INFO - Processing /home/airflow/.local/lib/python3.12/site-packages/airflow/example_dags/tutorial_taskflow_api_virtualenv.py took 0.173 seconds
[2025-11-14T21:25:48.341+0000] {processor.py:186} INFO - Started process (PID=1217) to work on /home/airflow/.local/lib/python3.12/site-packages/airflow/example_dags/tutorial_taskflow_api_virtualenv.py
[2025-11-14T21:25:48.347+0000] {processor.py:914} INFO - Processing file /home/airflow/.local/lib/python3.12/site-packages/airflow/example_dags/tutorial_taskflow_api_virtualenv.py for tasks to queue
[2025-11-14T21:25:48.360+0000] {logging_mixin.py:190} INFO - [2025-11-14T21:25:48.358+0000] {dagbag.py:588} INFO - Filling up the DagBag from /home/airflow/.local/lib/python3.12/site-packages/airflow/example_dags/tutorial_taskflow_api_virtualenv.py
[2025-11-14T21:25:48.419+0000] {processor.py:925} INFO - DAG(s) 'tutorial_taskflow_api_virtualenv' retrieved from /home/airflow/.local/lib/python3.12/site-packages/airflow/example_dags/tutorial_taskflow_api_virtualenv.py
[2025-11-14T21:25:48.498+0000] {logging_mixin.py:190} INFO - [2025-11-14T21:25:48.498+0000] {dag.py:3239} INFO - Sync 1 DAGs
[2025-11-14T21:25:48.547+0000] {logging_mixin.py:190} INFO - [2025-11-14T21:25:48.547+0000] {dag.py:4180} INFO - Setting next_dagrun for tutorial_taskflow_api_virtualenv to None, run_after=None
[2025-11-14T21:25:48.606+0000] {processor.py:208} INFO - Processing /home/airflow/.local/lib/python3.12/site-packages/airflow/example_dags/tutorial_taskflow_api_virtualenv.py took 0.293 seconds
[2025-11-14T21:26:18.907+0000] {processor.py:186} INFO - Started process (PID=1281) to work on /home/airflow/.local/lib/python3.12/site-packages/airflow/example_dags/tutorial_taskflow_api_virtualenv.py
[2025-11-14T21:26:18.911+0000] {processor.py:914} INFO - Processing file /home/airflow/.local/lib/python3.12/site-packages/airflow/example_dags/tutorial_taskflow_api_virtualenv.py for tasks to queue
[2025-11-14T21:26:18.920+0000] {logging_mixin.py:190} INFO - [2025-11-14T21:26:18.919+0000] {dagbag.py:588} INFO - Filling up the DagBag from /home/airflow/.local/lib/python3.12/site-packages/airflow/example_dags/tutorial_taskflow_api_virtualenv.py
[2025-11-14T21:26:18.951+0000] {processor.py:925} INFO - DAG(s) 'tutorial_taskflow_api_virtualenv' retrieved from /home/airflow/.local/lib/python3.12/site-packages/airflow/example_dags/tutorial_taskflow_api_virtualenv.py
[2025-11-14T21:26:18.996+0000] {logging_mixin.py:190} INFO - [2025-11-14T21:26:18.995+0000] {dag.py:3239} INFO - Sync 1 DAGs
[2025-11-14T21:26:19.023+0000] {logging_mixin.py:190} INFO - [2025-11-14T21:26:19.022+0000] {dag.py:4180} INFO - Setting next_dagrun for tutorial_taskflow_api_virtualenv to None, run_after=None
[2025-11-14T21:26:19.051+0000] {processor.py:208} INFO - Processing /home/airflow/.local/lib/python3.12/site-packages/airflow/example_dags/tutorial_taskflow_api_virtualenv.py took 0.156 seconds
[2025-11-14T21:26:50.014+0000] {processor.py:186} INFO - Started process (PID=1345) to work on /home/airflow/.local/lib/python3.12/site-packages/airflow/example_dags/tutorial_taskflow_api_virtualenv.py
[2025-11-14T21:26:50.017+0000] {processor.py:914} INFO - Processing file /home/airflow/.local/lib/python3.12/site-packages/airflow/example_dags/tutorial_taskflow_api_virtualenv.py for tasks to queue
[2025-11-14T21:26:50.022+0000] {logging_mixin.py:190} INFO - [2025-11-14T21:26:50.021+0000] {dagbag.py:588} INFO - Filling up the DagBag from /home/airflow/.local/lib/python3.12/site-packages/airflow/example_dags/tutorial_taskflow_api_virtualenv.py
[2025-11-14T21:26:50.053+0000] {processor.py:925} INFO - DAG(s) 'tutorial_taskflow_api_virtualenv' retrieved from /home/airflow/.local/lib/python3.12/site-packages/airflow/example_dags/tutorial_taskflow_api_virtualenv.py
[2025-11-14T21:26:50.097+0000] {logging_mixin.py:190} INFO - [2025-11-14T21:26:50.096+0000] {dag.py:3239} INFO - Sync 1 DAGs
[2025-11-14T21:26:50.143+0000] {logging_mixin.py:190} INFO - [2025-11-14T21:26:50.142+0000] {dag.py:4180} INFO - Setting next_dagrun for tutorial_taskflow_api_virtualenv to None, run_after=None
[2025-11-14T21:26:50.176+0000] {processor.py:208} INFO - Processing /home/airflow/.local/lib/python3.12/site-packages/airflow/example_dags/tutorial_taskflow_api_virtualenv.py took 0.174 seconds
[2025-11-14T21:27:20.689+0000] {processor.py:186} INFO - Started process (PID=1408) to work on /home/airflow/.local/lib/python3.12/site-packages/airflow/example_dags/tutorial_taskflow_api_virtualenv.py
[2025-11-14T21:27:20.693+0000] {processor.py:914} INFO - Processing file /home/airflow/.local/lib/python3.12/site-packages/airflow/example_dags/tutorial_taskflow_api_virtualenv.py for tasks to queue
[2025-11-14T21:27:20.698+0000] {logging_mixin.py:190} INFO - [2025-11-14T21:27:20.698+0000] {dagbag.py:588} INFO - Filling up the DagBag from /home/airflow/.local/lib/python3.12/site-packages/airflow/example_dags/tutorial_taskflow_api_virtualenv.py
[2025-11-14T21:27:20.725+0000] {processor.py:925} INFO - DAG(s) 'tutorial_taskflow_api_virtualenv' retrieved from /home/airflow/.local/lib/python3.12/site-packages/airflow/example_dags/tutorial_taskflow_api_virtualenv.py
[2025-11-14T21:27:20.775+0000] {logging_mixin.py:190} INFO - [2025-11-14T21:27:20.770+0000] {dag.py:3239} INFO - Sync 1 DAGs
[2025-11-14T21:27:20.827+0000] {logging_mixin.py:190} INFO - [2025-11-14T21:27:20.827+0000] {dag.py:4180} INFO - Setting next_dagrun for tutorial_taskflow_api_virtualenv to None, run_after=None
[2025-11-14T21:27:20.871+0000] {processor.py:208} INFO - Processing /home/airflow/.local/lib/python3.12/site-packages/airflow/example_dags/tutorial_taskflow_api_virtualenv.py took 0.196 seconds
[2025-11-14T21:27:51.119+0000] {processor.py:186} INFO - Started process (PID=1470) to work on /home/airflow/.local/lib/python3.12/site-packages/airflow/example_dags/tutorial_taskflow_api_virtualenv.py
[2025-11-14T21:27:51.122+0000] {processor.py:914} INFO - Processing file /home/airflow/.local/lib/python3.12/site-packages/airflow/example_dags/tutorial_taskflow_api_virtualenv.py for tasks to queue
[2025-11-14T21:27:51.130+0000] {logging_mixin.py:190} INFO - [2025-11-14T21:27:51.129+0000] {dagbag.py:588} INFO - Filling up the DagBag from /home/airflow/.local/lib/python3.12/site-packages/airflow/example_dags/tutorial_taskflow_api_virtualenv.py
[2025-11-14T21:27:51.157+0000] {processor.py:925} INFO - DAG(s) 'tutorial_taskflow_api_virtualenv' retrieved from /home/airflow/.local/lib/python3.12/site-packages/airflow/example_dags/tutorial_taskflow_api_virtualenv.py
[2025-11-14T21:27:51.204+0000] {logging_mixin.py:190} INFO - [2025-11-14T21:27:51.203+0000] {dag.py:3239} INFO - Sync 1 DAGs
[2025-11-14T21:27:51.249+0000] {logging_mixin.py:190} INFO - [2025-11-14T21:27:51.248+0000] {dag.py:4180} INFO - Setting next_dagrun for tutorial_taskflow_api_virtualenv to None, run_after=None
[2025-11-14T21:27:51.288+0000] {processor.py:208} INFO - Processing /home/airflow/.local/lib/python3.12/site-packages/airflow/example_dags/tutorial_taskflow_api_virtualenv.py took 0.185 seconds
