[2025-11-14T21:21:16.304+0000] {local_task_job_runner.py:123} INFO - ::group::Pre task execution logs
[2025-11-14T21:21:16.605+0000] {taskinstance.py:2612} INFO - Dependencies all met for dep_context=non-requeueable deps ti=<TaskInstance: dummy_dag_example.task_3 manual__2025-11-14T21:19:53.391275+00:00 [queued]>
[2025-11-14T21:21:16.718+0000] {taskinstance.py:2612} INFO - Dependencies all met for dep_context=requeueable deps ti=<TaskInstance: dummy_dag_example.task_3 manual__2025-11-14T21:19:53.391275+00:00 [queued]>
[2025-11-14T21:21:16.722+0000] {taskinstance.py:2865} INFO - Starting attempt 1 of 1
[2025-11-14T21:21:16.896+0000] {taskinstance.py:2888} INFO - Executing <Task(_PythonDecoratedOperator): task_3> on 2025-11-14 21:19:53.391275+00:00
[2025-11-14T21:21:17.143+0000] {warnings.py:112} WARNING - /home/***/.local/lib/python3.12/site-packages/***/task/task_runner/standard_task_runner.py:70: DeprecationWarning: This process (pid=115) is multi-threaded, use of fork() may lead to deadlocks in the child.
  pid = os.fork()

[2025-11-14T21:21:17.178+0000] {standard_task_runner.py:72} INFO - Started process 137 to run task
[2025-11-14T21:21:17.216+0000] {standard_task_runner.py:104} INFO - Running: ['***', 'tasks', 'run', 'dummy_dag_example', 'task_3', 'manual__2025-11-14T21:19:53.391275+00:00', '--job-id', '3', '--raw', '--subdir', 'DAGS_FOLDER/dummy_dag.py', '--cfg-path', '/tmp/tmpc6lj4mg8']
[2025-11-14T21:21:17.226+0000] {standard_task_runner.py:105} INFO - Job 3: Subtask task_3
[2025-11-14T21:21:18.960+0000] {task_command.py:467} INFO - Running <TaskInstance: dummy_dag_example.task_3 manual__2025-11-14T21:19:53.391275+00:00 [running]> on host 065b7b14e6d9
[2025-11-14T21:21:21.578+0000] {taskinstance.py:3131} INFO - Exporting env vars: AIRFLOW_CTX_DAG_OWNER='***' AIRFLOW_CTX_DAG_ID='dummy_dag_example' AIRFLOW_CTX_TASK_ID='task_3' AIRFLOW_CTX_EXECUTION_DATE='2025-11-14T21:19:53.391275+00:00' AIRFLOW_CTX_TRY_NUMBER='1' AIRFLOW_CTX_DAG_RUN_ID='manual__2025-11-14T21:19:53.391275+00:00'
[2025-11-14T21:21:21.630+0000] {logging_mixin.py:190} INFO - Task instance is in running state
[2025-11-14T21:21:21.641+0000] {logging_mixin.py:190} INFO -  Previous state of the Task instance: queued
[2025-11-14T21:21:21.651+0000] {logging_mixin.py:190} INFO - Current task name:task_3 state:running start_date:2025-11-14 21:21:16.611534+00:00
[2025-11-14T21:21:21.658+0000] {logging_mixin.py:190} INFO - Dag name:dummy_dag_example and current dag run status:running
[2025-11-14T21:21:21.664+0000] {taskinstance.py:731} INFO - ::endgroup::
[2025-11-14T21:21:21.694+0000] {python.py:240} INFO - Done. Returned value was: 3
[2025-11-14T21:21:22.341+0000] {taskinstance.py:340} INFO - ::group::Post task execution logs
[2025-11-14T21:21:22.396+0000] {taskinstance.py:352} INFO - Marking task as SUCCESS. dag_id=dummy_dag_example, task_id=task_3, run_id=manual__2025-11-14T21:19:53.391275+00:00, execution_date=20251114T211953, start_date=20251114T212116, end_date=20251114T212122
[2025-11-14T21:21:22.632+0000] {logging_mixin.py:190} INFO - Task instance in success state
[2025-11-14T21:21:22.644+0000] {logging_mixin.py:190} INFO -  Previous state of the Task instance: running
[2025-11-14T21:21:22.649+0000] {logging_mixin.py:190} INFO - Dag name:dummy_dag_example queued_at:2025-11-14 21:19:53.488668+00:00
[2025-11-14T21:21:22.654+0000] {logging_mixin.py:190} INFO - Task hostname:065b7b14e6d9 operator:_PythonDecoratedOperator
[2025-11-14T21:21:22.901+0000] {local_task_job_runner.py:266} INFO - Task exited with return code 0
[2025-11-14T21:21:23.526+0000] {taskinstance.py:3900} INFO - 1 downstream tasks scheduled from follow-on schedule check
[2025-11-14T21:21:23.537+0000] {local_task_job_runner.py:245} INFO - ::endgroup::
