[2025-11-14T21:15:31.580+0000] {processor.py:186} INFO - Started process (PID=36) to work on /opt/airflow/dags/dummy_dag.py
[2025-11-14T21:15:31.583+0000] {processor.py:914} INFO - Processing file /opt/airflow/dags/dummy_dag.py for tasks to queue
[2025-11-14T21:15:31.596+0000] {logging_mixin.py:190} INFO - [2025-11-14T21:15:31.595+0000] {dagbag.py:588} INFO - Filling up the DagBag from /opt/airflow/dags/dummy_dag.py
[2025-11-14T21:15:31.650+0000] {processor.py:925} INFO - DAG(s) 'dummy_dag_example' retrieved from /opt/airflow/dags/dummy_dag.py
[2025-11-14T21:15:32.159+0000] {logging_mixin.py:190} INFO - [2025-11-14T21:15:32.154+0000] {override.py:1900} INFO - Created Permission View: can edit on DAG:dummy_dag_example
[2025-11-14T21:15:32.184+0000] {logging_mixin.py:190} INFO - [2025-11-14T21:15:32.184+0000] {override.py:1900} INFO - Created Permission View: can delete on DAG:dummy_dag_example
[2025-11-14T21:15:32.209+0000] {logging_mixin.py:190} INFO - [2025-11-14T21:15:32.208+0000] {override.py:1900} INFO - Created Permission View: can read on DAG:dummy_dag_example
[2025-11-14T21:15:32.231+0000] {logging_mixin.py:190} INFO - [2025-11-14T21:15:32.230+0000] {override.py:1900} INFO - Created Permission View: menu access on DAG Run:dummy_dag_example
[2025-11-14T21:15:32.249+0000] {logging_mixin.py:190} INFO - [2025-11-14T21:15:32.248+0000] {override.py:1900} INFO - Created Permission View: can create on DAG Run:dummy_dag_example
[2025-11-14T21:15:32.270+0000] {logging_mixin.py:190} INFO - [2025-11-14T21:15:32.269+0000] {override.py:1900} INFO - Created Permission View: can delete on DAG Run:dummy_dag_example
[2025-11-14T21:15:32.287+0000] {logging_mixin.py:190} INFO - [2025-11-14T21:15:32.287+0000] {override.py:1900} INFO - Created Permission View: can read on DAG Run:dummy_dag_example
[2025-11-14T21:15:32.290+0000] {logging_mixin.py:190} INFO - [2025-11-14T21:15:32.289+0000] {dag.py:3239} INFO - Sync 1 DAGs
[2025-11-14T21:15:32.331+0000] {logging_mixin.py:190} INFO - [2025-11-14T21:15:32.331+0000] {dag.py:3262} INFO - Creating ORM DAG for dummy_dag_example
[2025-11-14T21:15:32.334+0000] {logging_mixin.py:190} INFO - [2025-11-14T21:15:32.333+0000] {dag.py:4180} INFO - Setting next_dagrun for dummy_dag_example to None, run_after=None
[2025-11-14T21:15:32.366+0000] {processor.py:208} INFO - Processing /opt/airflow/dags/dummy_dag.py took 0.806 seconds
[2025-11-14T21:16:02.899+0000] {processor.py:186} INFO - Started process (PID=100) to work on /opt/airflow/dags/dummy_dag.py
[2025-11-14T21:16:02.903+0000] {processor.py:914} INFO - Processing file /opt/airflow/dags/dummy_dag.py for tasks to queue
[2025-11-14T21:16:02.912+0000] {logging_mixin.py:190} INFO - [2025-11-14T21:16:02.911+0000] {dagbag.py:588} INFO - Filling up the DagBag from /opt/airflow/dags/dummy_dag.py
[2025-11-14T21:16:02.954+0000] {processor.py:925} INFO - DAG(s) 'dummy_dag_example' retrieved from /opt/airflow/dags/dummy_dag.py
[2025-11-14T21:16:03.049+0000] {logging_mixin.py:190} INFO - [2025-11-14T21:16:03.049+0000] {dag.py:3239} INFO - Sync 1 DAGs
[2025-11-14T21:16:03.130+0000] {logging_mixin.py:190} INFO - [2025-11-14T21:16:03.130+0000] {dag.py:4180} INFO - Setting next_dagrun for dummy_dag_example to None, run_after=None
[2025-11-14T21:16:03.259+0000] {processor.py:208} INFO - Processing /opt/airflow/dags/dummy_dag.py took 0.383 seconds
[2025-11-14T21:16:34.096+0000] {processor.py:186} INFO - Started process (PID=163) to work on /opt/airflow/dags/dummy_dag.py
[2025-11-14T21:16:34.098+0000] {processor.py:914} INFO - Processing file /opt/airflow/dags/dummy_dag.py for tasks to queue
[2025-11-14T21:16:34.101+0000] {logging_mixin.py:190} INFO - [2025-11-14T21:16:34.101+0000] {dagbag.py:588} INFO - Filling up the DagBag from /opt/airflow/dags/dummy_dag.py
[2025-11-14T21:16:34.116+0000] {processor.py:925} INFO - DAG(s) 'dummy_dag_example' retrieved from /opt/airflow/dags/dummy_dag.py
[2025-11-14T21:16:34.143+0000] {logging_mixin.py:190} INFO - [2025-11-14T21:16:34.143+0000] {dag.py:3239} INFO - Sync 1 DAGs
[2025-11-14T21:16:34.164+0000] {logging_mixin.py:190} INFO - [2025-11-14T21:16:34.163+0000] {dag.py:4180} INFO - Setting next_dagrun for dummy_dag_example to None, run_after=None
[2025-11-14T21:16:34.187+0000] {processor.py:208} INFO - Processing /opt/airflow/dags/dummy_dag.py took 0.100 seconds
[2025-11-14T21:17:04.309+0000] {processor.py:186} INFO - Started process (PID=226) to work on /opt/airflow/dags/dummy_dag.py
[2025-11-14T21:17:04.311+0000] {processor.py:914} INFO - Processing file /opt/airflow/dags/dummy_dag.py for tasks to queue
[2025-11-14T21:17:04.314+0000] {logging_mixin.py:190} INFO - [2025-11-14T21:17:04.314+0000] {dagbag.py:588} INFO - Filling up the DagBag from /opt/airflow/dags/dummy_dag.py
[2025-11-14T21:17:04.328+0000] {processor.py:925} INFO - DAG(s) 'dummy_dag_example' retrieved from /opt/airflow/dags/dummy_dag.py
[2025-11-14T21:17:04.351+0000] {logging_mixin.py:190} INFO - [2025-11-14T21:17:04.351+0000] {dag.py:3239} INFO - Sync 1 DAGs
[2025-11-14T21:17:04.367+0000] {logging_mixin.py:190} INFO - [2025-11-14T21:17:04.367+0000] {dag.py:4180} INFO - Setting next_dagrun for dummy_dag_example to None, run_after=None
[2025-11-14T21:17:04.386+0000] {processor.py:208} INFO - Processing /opt/airflow/dags/dummy_dag.py took 0.085 seconds
[2025-11-14T21:17:34.769+0000] {processor.py:186} INFO - Started process (PID=289) to work on /opt/airflow/dags/dummy_dag.py
[2025-11-14T21:17:34.772+0000] {processor.py:914} INFO - Processing file /opt/airflow/dags/dummy_dag.py for tasks to queue
[2025-11-14T21:17:34.775+0000] {logging_mixin.py:190} INFO - [2025-11-14T21:17:34.775+0000] {dagbag.py:588} INFO - Filling up the DagBag from /opt/airflow/dags/dummy_dag.py
[2025-11-14T21:17:34.790+0000] {processor.py:925} INFO - DAG(s) 'dummy_dag_example' retrieved from /opt/airflow/dags/dummy_dag.py
[2025-11-14T21:17:34.813+0000] {logging_mixin.py:190} INFO - [2025-11-14T21:17:34.813+0000] {dag.py:3239} INFO - Sync 1 DAGs
[2025-11-14T21:17:34.829+0000] {logging_mixin.py:190} INFO - [2025-11-14T21:17:34.829+0000] {dag.py:4180} INFO - Setting next_dagrun for dummy_dag_example to None, run_after=None
[2025-11-14T21:17:34.848+0000] {processor.py:208} INFO - Processing /opt/airflow/dags/dummy_dag.py took 0.087 seconds
[2025-11-14T21:18:05.837+0000] {processor.py:186} INFO - Started process (PID=352) to work on /opt/airflow/dags/dummy_dag.py
[2025-11-14T21:18:05.839+0000] {processor.py:914} INFO - Processing file /opt/airflow/dags/dummy_dag.py for tasks to queue
[2025-11-14T21:18:05.842+0000] {logging_mixin.py:190} INFO - [2025-11-14T21:18:05.842+0000] {dagbag.py:588} INFO - Filling up the DagBag from /opt/airflow/dags/dummy_dag.py
[2025-11-14T21:18:05.856+0000] {processor.py:925} INFO - DAG(s) 'dummy_dag_example' retrieved from /opt/airflow/dags/dummy_dag.py
[2025-11-14T21:18:05.880+0000] {logging_mixin.py:190} INFO - [2025-11-14T21:18:05.880+0000] {dag.py:3239} INFO - Sync 1 DAGs
[2025-11-14T21:18:05.897+0000] {logging_mixin.py:190} INFO - [2025-11-14T21:18:05.896+0000] {dag.py:4180} INFO - Setting next_dagrun for dummy_dag_example to None, run_after=None
[2025-11-14T21:18:05.913+0000] {processor.py:208} INFO - Processing /opt/airflow/dags/dummy_dag.py took 0.085 seconds
[2025-11-14T21:18:36.425+0000] {processor.py:186} INFO - Started process (PID=417) to work on /opt/airflow/dags/dummy_dag.py
[2025-11-14T21:18:36.434+0000] {processor.py:914} INFO - Processing file /opt/airflow/dags/dummy_dag.py for tasks to queue
[2025-11-14T21:18:36.453+0000] {logging_mixin.py:190} INFO - [2025-11-14T21:18:36.451+0000] {dagbag.py:588} INFO - Filling up the DagBag from /opt/airflow/dags/dummy_dag.py
[2025-11-14T21:18:36.540+0000] {processor.py:925} INFO - DAG(s) 'dummy_dag_example' retrieved from /opt/airflow/dags/dummy_dag.py
[2025-11-14T21:18:36.679+0000] {logging_mixin.py:190} INFO - [2025-11-14T21:18:36.678+0000] {dag.py:3239} INFO - Sync 1 DAGs
[2025-11-14T21:18:36.712+0000] {logging_mixin.py:190} INFO - [2025-11-14T21:18:36.711+0000] {dag.py:4180} INFO - Setting next_dagrun for dummy_dag_example to None, run_after=None
[2025-11-14T21:18:36.750+0000] {processor.py:208} INFO - Processing /opt/airflow/dags/dummy_dag.py took 0.375 seconds
[2025-11-14T21:19:07.339+0000] {processor.py:186} INFO - Started process (PID=482) to work on /opt/airflow/dags/dummy_dag.py
[2025-11-14T21:19:07.341+0000] {processor.py:914} INFO - Processing file /opt/airflow/dags/dummy_dag.py for tasks to queue
[2025-11-14T21:19:07.347+0000] {logging_mixin.py:190} INFO - [2025-11-14T21:19:07.346+0000] {dagbag.py:588} INFO - Filling up the DagBag from /opt/airflow/dags/dummy_dag.py
[2025-11-14T21:19:07.366+0000] {processor.py:925} INFO - DAG(s) 'dummy_dag_example' retrieved from /opt/airflow/dags/dummy_dag.py
[2025-11-14T21:19:07.397+0000] {logging_mixin.py:190} INFO - [2025-11-14T21:19:07.397+0000] {dag.py:3239} INFO - Sync 1 DAGs
[2025-11-14T21:19:07.428+0000] {logging_mixin.py:190} INFO - [2025-11-14T21:19:07.428+0000] {dag.py:4180} INFO - Setting next_dagrun for dummy_dag_example to None, run_after=None
[2025-11-14T21:19:07.459+0000] {processor.py:208} INFO - Processing /opt/airflow/dags/dummy_dag.py took 0.133 seconds
[2025-11-14T21:19:38.517+0000] {processor.py:186} INFO - Started process (PID=547) to work on /opt/airflow/dags/dummy_dag.py
[2025-11-14T21:19:38.523+0000] {processor.py:914} INFO - Processing file /opt/airflow/dags/dummy_dag.py for tasks to queue
[2025-11-14T21:19:38.532+0000] {logging_mixin.py:190} INFO - [2025-11-14T21:19:38.531+0000] {dagbag.py:588} INFO - Filling up the DagBag from /opt/airflow/dags/dummy_dag.py
[2025-11-14T21:19:38.574+0000] {processor.py:925} INFO - DAG(s) 'dummy_dag_example' retrieved from /opt/airflow/dags/dummy_dag.py
[2025-11-14T21:19:38.644+0000] {logging_mixin.py:190} INFO - [2025-11-14T21:19:38.643+0000] {dag.py:3239} INFO - Sync 1 DAGs
[2025-11-14T21:19:38.696+0000] {logging_mixin.py:190} INFO - [2025-11-14T21:19:38.695+0000] {dag.py:4180} INFO - Setting next_dagrun for dummy_dag_example to None, run_after=None
[2025-11-14T21:19:38.747+0000] {processor.py:208} INFO - Processing /opt/airflow/dags/dummy_dag.py took 0.257 seconds
[2025-11-14T21:20:11.087+0000] {processor.py:186} INFO - Started process (PID=621) to work on /opt/airflow/dags/dummy_dag.py
[2025-11-14T21:20:11.288+0000] {processor.py:914} INFO - Processing file /opt/airflow/dags/dummy_dag.py for tasks to queue
[2025-11-14T21:20:11.649+0000] {logging_mixin.py:190} INFO - [2025-11-14T21:20:11.634+0000] {dagbag.py:588} INFO - Filling up the DagBag from /opt/airflow/dags/dummy_dag.py
[2025-11-14T21:20:12.472+0000] {processor.py:925} INFO - DAG(s) 'dummy_dag_example' retrieved from /opt/airflow/dags/dummy_dag.py
[2025-11-14T21:20:13.050+0000] {logging_mixin.py:190} INFO - [2025-11-14T21:20:13.048+0000] {dag.py:3239} INFO - Sync 1 DAGs
[2025-11-14T21:20:13.366+0000] {logging_mixin.py:190} INFO - [2025-11-14T21:20:13.365+0000] {dag.py:4180} INFO - Setting next_dagrun for dummy_dag_example to None, run_after=None
[2025-11-14T21:20:15.034+0000] {processor.py:208} INFO - Processing /opt/airflow/dags/dummy_dag.py took 4.324 seconds
[2025-11-14T21:21:10.065+0000] {processor.py:186} INFO - Started process (PID=667) to work on /opt/airflow/dags/dummy_dag.py
[2025-11-14T21:21:10.074+0000] {processor.py:914} INFO - Processing file /opt/airflow/dags/dummy_dag.py for tasks to queue
[2025-11-14T21:21:10.113+0000] {logging_mixin.py:190} INFO - [2025-11-14T21:21:10.103+0000] {dagbag.py:588} INFO - Filling up the DagBag from /opt/airflow/dags/dummy_dag.py
[2025-11-14T21:21:10.198+0000] {processor.py:925} INFO - DAG(s) 'dummy_dag_example' retrieved from /opt/airflow/dags/dummy_dag.py
[2025-11-14T21:21:10.353+0000] {logging_mixin.py:190} INFO - [2025-11-14T21:21:10.352+0000] {dag.py:3239} INFO - Sync 1 DAGs
[2025-11-14T21:21:10.453+0000] {logging_mixin.py:190} INFO - [2025-11-14T21:21:10.452+0000] {dag.py:4180} INFO - Setting next_dagrun for dummy_dag_example to None, run_after=None
[2025-11-14T21:21:10.580+0000] {processor.py:208} INFO - Processing /opt/airflow/dags/dummy_dag.py took 0.575 seconds
[2025-11-14T21:21:44.479+0000] {processor.py:186} INFO - Started process (PID=729) to work on /opt/airflow/dags/dummy_dag.py
[2025-11-14T21:21:44.488+0000] {processor.py:914} INFO - Processing file /opt/airflow/dags/dummy_dag.py for tasks to queue
[2025-11-14T21:21:44.548+0000] {logging_mixin.py:190} INFO - [2025-11-14T21:21:44.545+0000] {dagbag.py:588} INFO - Filling up the DagBag from /opt/airflow/dags/dummy_dag.py
[2025-11-14T21:21:44.623+0000] {processor.py:925} INFO - DAG(s) 'dummy_dag_example' retrieved from /opt/airflow/dags/dummy_dag.py
[2025-11-14T21:21:44.816+0000] {logging_mixin.py:190} INFO - [2025-11-14T21:21:44.815+0000] {dag.py:3239} INFO - Sync 1 DAGs
[2025-11-14T21:21:45.146+0000] {logging_mixin.py:190} INFO - [2025-11-14T21:21:45.144+0000] {dag.py:4180} INFO - Setting next_dagrun for dummy_dag_example to None, run_after=None
[2025-11-14T21:21:45.418+0000] {processor.py:208} INFO - Processing /opt/airflow/dags/dummy_dag.py took 0.996 seconds
[2025-11-14T21:22:17.659+0000] {processor.py:186} INFO - Started process (PID=792) to work on /opt/airflow/dags/dummy_dag.py
[2025-11-14T21:22:17.666+0000] {processor.py:914} INFO - Processing file /opt/airflow/dags/dummy_dag.py for tasks to queue
[2025-11-14T21:22:17.701+0000] {logging_mixin.py:190} INFO - [2025-11-14T21:22:17.693+0000] {dagbag.py:588} INFO - Filling up the DagBag from /opt/airflow/dags/dummy_dag.py
[2025-11-14T21:22:17.816+0000] {processor.py:925} INFO - DAG(s) 'dummy_dag_example' retrieved from /opt/airflow/dags/dummy_dag.py
[2025-11-14T21:22:17.958+0000] {logging_mixin.py:190} INFO - [2025-11-14T21:22:17.956+0000] {dag.py:3239} INFO - Sync 1 DAGs
[2025-11-14T21:22:18.029+0000] {logging_mixin.py:190} INFO - [2025-11-14T21:22:18.028+0000] {dag.py:4180} INFO - Setting next_dagrun for dummy_dag_example to None, run_after=None
[2025-11-14T21:22:18.115+0000] {processor.py:208} INFO - Processing /opt/airflow/dags/dummy_dag.py took 0.493 seconds
[2025-11-14T21:22:48.877+0000] {processor.py:186} INFO - Started process (PID=856) to work on /opt/airflow/dags/dummy_dag.py
[2025-11-14T21:22:48.884+0000] {processor.py:914} INFO - Processing file /opt/airflow/dags/dummy_dag.py for tasks to queue
[2025-11-14T21:22:48.901+0000] {logging_mixin.py:190} INFO - [2025-11-14T21:22:48.900+0000] {dagbag.py:588} INFO - Filling up the DagBag from /opt/airflow/dags/dummy_dag.py
[2025-11-14T21:22:48.971+0000] {processor.py:925} INFO - DAG(s) 'dummy_dag_example' retrieved from /opt/airflow/dags/dummy_dag.py
[2025-11-14T21:22:49.053+0000] {logging_mixin.py:190} INFO - [2025-11-14T21:22:49.052+0000] {dag.py:3239} INFO - Sync 1 DAGs
[2025-11-14T21:22:49.114+0000] {logging_mixin.py:190} INFO - [2025-11-14T21:22:49.113+0000] {dag.py:4180} INFO - Setting next_dagrun for dummy_dag_example to None, run_after=None
[2025-11-14T21:22:49.185+0000] {processor.py:208} INFO - Processing /opt/airflow/dags/dummy_dag.py took 0.357 seconds
[2025-11-14T21:23:19.778+0000] {processor.py:186} INFO - Started process (PID=920) to work on /opt/airflow/dags/dummy_dag.py
[2025-11-14T21:23:19.783+0000] {processor.py:914} INFO - Processing file /opt/airflow/dags/dummy_dag.py for tasks to queue
[2025-11-14T21:23:19.803+0000] {logging_mixin.py:190} INFO - [2025-11-14T21:23:19.801+0000] {dagbag.py:588} INFO - Filling up the DagBag from /opt/airflow/dags/dummy_dag.py
[2025-11-14T21:23:19.841+0000] {processor.py:925} INFO - DAG(s) 'dummy_dag_example' retrieved from /opt/airflow/dags/dummy_dag.py
[2025-11-14T21:23:19.919+0000] {logging_mixin.py:190} INFO - [2025-11-14T21:23:19.919+0000] {dag.py:3239} INFO - Sync 1 DAGs
[2025-11-14T21:23:19.972+0000] {logging_mixin.py:190} INFO - [2025-11-14T21:23:19.970+0000] {dag.py:4180} INFO - Setting next_dagrun for dummy_dag_example to None, run_after=None
[2025-11-14T21:23:20.041+0000] {processor.py:208} INFO - Processing /opt/airflow/dags/dummy_dag.py took 0.286 seconds
[2025-11-14T21:23:50.225+0000] {processor.py:186} INFO - Started process (PID=984) to work on /opt/airflow/dags/dummy_dag.py
[2025-11-14T21:23:50.231+0000] {processor.py:914} INFO - Processing file /opt/airflow/dags/dummy_dag.py for tasks to queue
[2025-11-14T21:23:50.241+0000] {logging_mixin.py:190} INFO - [2025-11-14T21:23:50.240+0000] {dagbag.py:588} INFO - Filling up the DagBag from /opt/airflow/dags/dummy_dag.py
[2025-11-14T21:23:50.282+0000] {processor.py:925} INFO - DAG(s) 'dummy_dag_example' retrieved from /opt/airflow/dags/dummy_dag.py
[2025-11-14T21:23:50.356+0000] {logging_mixin.py:190} INFO - [2025-11-14T21:23:50.356+0000] {dag.py:3239} INFO - Sync 1 DAGs
[2025-11-14T21:23:50.426+0000] {logging_mixin.py:190} INFO - [2025-11-14T21:23:50.425+0000] {dag.py:4180} INFO - Setting next_dagrun for dummy_dag_example to None, run_after=None
[2025-11-14T21:23:50.511+0000] {processor.py:208} INFO - Processing /opt/airflow/dags/dummy_dag.py took 0.308 seconds
[2025-11-14T21:24:21.474+0000] {processor.py:186} INFO - Started process (PID=1047) to work on /opt/airflow/dags/dummy_dag.py
[2025-11-14T21:24:21.479+0000] {processor.py:914} INFO - Processing file /opt/airflow/dags/dummy_dag.py for tasks to queue
[2025-11-14T21:24:21.490+0000] {logging_mixin.py:190} INFO - [2025-11-14T21:24:21.489+0000] {dagbag.py:588} INFO - Filling up the DagBag from /opt/airflow/dags/dummy_dag.py
[2025-11-14T21:24:21.540+0000] {processor.py:925} INFO - DAG(s) 'dummy_dag_example' retrieved from /opt/airflow/dags/dummy_dag.py
[2025-11-14T21:24:21.655+0000] {logging_mixin.py:190} INFO - [2025-11-14T21:24:21.654+0000] {dag.py:3239} INFO - Sync 1 DAGs
[2025-11-14T21:24:21.734+0000] {logging_mixin.py:190} INFO - [2025-11-14T21:24:21.733+0000] {dag.py:4180} INFO - Setting next_dagrun for dummy_dag_example to None, run_after=None
[2025-11-14T21:24:21.808+0000] {processor.py:208} INFO - Processing /opt/airflow/dags/dummy_dag.py took 0.367 seconds
[2025-11-14T21:24:52.220+0000] {processor.py:186} INFO - Started process (PID=1104) to work on /opt/airflow/dags/dummy_dag.py
[2025-11-14T21:24:52.226+0000] {processor.py:914} INFO - Processing file /opt/airflow/dags/dummy_dag.py for tasks to queue
[2025-11-14T21:24:52.242+0000] {logging_mixin.py:190} INFO - [2025-11-14T21:24:52.240+0000] {dagbag.py:588} INFO - Filling up the DagBag from /opt/airflow/dags/dummy_dag.py
[2025-11-14T21:24:52.298+0000] {processor.py:925} INFO - DAG(s) 'dummy_dag_example' retrieved from /opt/airflow/dags/dummy_dag.py
[2025-11-14T21:24:52.376+0000] {logging_mixin.py:190} INFO - [2025-11-14T21:24:52.375+0000] {dag.py:3239} INFO - Sync 1 DAGs
[2025-11-14T21:24:52.431+0000] {logging_mixin.py:190} INFO - [2025-11-14T21:24:52.430+0000] {dag.py:4180} INFO - Setting next_dagrun for dummy_dag_example to None, run_after=None
[2025-11-14T21:24:52.499+0000] {processor.py:208} INFO - Processing /opt/airflow/dags/dummy_dag.py took 0.306 seconds
[2025-11-14T21:25:22.621+0000] {processor.py:186} INFO - Started process (PID=1168) to work on /opt/airflow/dags/dummy_dag.py
[2025-11-14T21:25:22.624+0000] {processor.py:914} INFO - Processing file /opt/airflow/dags/dummy_dag.py for tasks to queue
[2025-11-14T21:25:22.629+0000] {logging_mixin.py:190} INFO - [2025-11-14T21:25:22.628+0000] {dagbag.py:588} INFO - Filling up the DagBag from /opt/airflow/dags/dummy_dag.py
[2025-11-14T21:25:22.652+0000] {processor.py:925} INFO - DAG(s) 'dummy_dag_example' retrieved from /opt/airflow/dags/dummy_dag.py
[2025-11-14T21:25:22.694+0000] {logging_mixin.py:190} INFO - [2025-11-14T21:25:22.694+0000] {dag.py:3239} INFO - Sync 1 DAGs
[2025-11-14T21:25:22.724+0000] {logging_mixin.py:190} INFO - [2025-11-14T21:25:22.723+0000] {dag.py:4180} INFO - Setting next_dagrun for dummy_dag_example to None, run_after=None
[2025-11-14T21:25:22.757+0000] {processor.py:208} INFO - Processing /opt/airflow/dags/dummy_dag.py took 0.148 seconds
[2025-11-14T21:25:53.067+0000] {processor.py:186} INFO - Started process (PID=1230) to work on /opt/airflow/dags/dummy_dag.py
[2025-11-14T21:25:53.069+0000] {processor.py:914} INFO - Processing file /opt/airflow/dags/dummy_dag.py for tasks to queue
[2025-11-14T21:25:53.074+0000] {logging_mixin.py:190} INFO - [2025-11-14T21:25:53.073+0000] {dagbag.py:588} INFO - Filling up the DagBag from /opt/airflow/dags/dummy_dag.py
[2025-11-14T21:25:53.099+0000] {processor.py:925} INFO - DAG(s) 'dummy_dag_example' retrieved from /opt/airflow/dags/dummy_dag.py
[2025-11-14T21:25:53.142+0000] {logging_mixin.py:190} INFO - [2025-11-14T21:25:53.141+0000] {dag.py:3239} INFO - Sync 1 DAGs
[2025-11-14T21:25:53.173+0000] {logging_mixin.py:190} INFO - [2025-11-14T21:25:53.173+0000] {dag.py:4180} INFO - Setting next_dagrun for dummy_dag_example to None, run_after=None
[2025-11-14T21:25:53.209+0000] {processor.py:208} INFO - Processing /opt/airflow/dags/dummy_dag.py took 0.156 seconds
[2025-11-14T21:26:23.311+0000] {processor.py:186} INFO - Started process (PID=1293) to work on /opt/airflow/dags/dummy_dag.py
[2025-11-14T21:26:23.314+0000] {processor.py:914} INFO - Processing file /opt/airflow/dags/dummy_dag.py for tasks to queue
[2025-11-14T21:26:23.320+0000] {logging_mixin.py:190} INFO - [2025-11-14T21:26:23.319+0000] {dagbag.py:588} INFO - Filling up the DagBag from /opt/airflow/dags/dummy_dag.py
[2025-11-14T21:26:23.343+0000] {processor.py:925} INFO - DAG(s) 'dummy_dag_example' retrieved from /opt/airflow/dags/dummy_dag.py
[2025-11-14T21:26:23.392+0000] {logging_mixin.py:190} INFO - [2025-11-14T21:26:23.391+0000] {dag.py:3239} INFO - Sync 1 DAGs
[2025-11-14T21:26:23.422+0000] {logging_mixin.py:190} INFO - [2025-11-14T21:26:23.422+0000] {dag.py:4180} INFO - Setting next_dagrun for dummy_dag_example to None, run_after=None
[2025-11-14T21:26:23.459+0000] {processor.py:208} INFO - Processing /opt/airflow/dags/dummy_dag.py took 0.159 seconds
[2025-11-14T21:26:53.795+0000] {processor.py:186} INFO - Started process (PID=1354) to work on /opt/airflow/dags/dummy_dag.py
[2025-11-14T21:26:53.798+0000] {processor.py:914} INFO - Processing file /opt/airflow/dags/dummy_dag.py for tasks to queue
[2025-11-14T21:26:53.804+0000] {logging_mixin.py:190} INFO - [2025-11-14T21:26:53.803+0000] {dagbag.py:588} INFO - Filling up the DagBag from /opt/airflow/dags/dummy_dag.py
[2025-11-14T21:26:53.826+0000] {processor.py:925} INFO - DAG(s) 'dummy_dag_example' retrieved from /opt/airflow/dags/dummy_dag.py
[2025-11-14T21:26:53.869+0000] {logging_mixin.py:190} INFO - [2025-11-14T21:26:53.869+0000] {dag.py:3239} INFO - Sync 1 DAGs
[2025-11-14T21:26:53.898+0000] {logging_mixin.py:190} INFO - [2025-11-14T21:26:53.898+0000] {dag.py:4180} INFO - Setting next_dagrun for dummy_dag_example to None, run_after=None
[2025-11-14T21:26:53.932+0000] {processor.py:208} INFO - Processing /opt/airflow/dags/dummy_dag.py took 0.149 seconds
[2025-11-14T21:27:24.254+0000] {processor.py:186} INFO - Started process (PID=1417) to work on /opt/airflow/dags/dummy_dag.py
[2025-11-14T21:27:24.264+0000] {processor.py:914} INFO - Processing file /opt/airflow/dags/dummy_dag.py for tasks to queue
[2025-11-14T21:27:24.283+0000] {logging_mixin.py:190} INFO - [2025-11-14T21:27:24.282+0000] {dagbag.py:588} INFO - Filling up the DagBag from /opt/airflow/dags/dummy_dag.py
[2025-11-14T21:27:24.322+0000] {processor.py:925} INFO - DAG(s) 'dummy_dag_example' retrieved from /opt/airflow/dags/dummy_dag.py
[2025-11-14T21:27:24.371+0000] {logging_mixin.py:190} INFO - [2025-11-14T21:27:24.370+0000] {dag.py:3239} INFO - Sync 1 DAGs
[2025-11-14T21:27:24.409+0000] {logging_mixin.py:190} INFO - [2025-11-14T21:27:24.409+0000] {dag.py:4180} INFO - Setting next_dagrun for dummy_dag_example to None, run_after=None
[2025-11-14T21:27:24.446+0000] {processor.py:208} INFO - Processing /opt/airflow/dags/dummy_dag.py took 0.210 seconds
[2025-11-14T21:27:55.268+0000] {processor.py:186} INFO - Started process (PID=1480) to work on /opt/airflow/dags/dummy_dag.py
[2025-11-14T21:27:55.272+0000] {processor.py:914} INFO - Processing file /opt/airflow/dags/dummy_dag.py for tasks to queue
[2025-11-14T21:27:55.279+0000] {logging_mixin.py:190} INFO - [2025-11-14T21:27:55.278+0000] {dagbag.py:588} INFO - Filling up the DagBag from /opt/airflow/dags/dummy_dag.py
[2025-11-14T21:27:55.306+0000] {processor.py:925} INFO - DAG(s) 'dummy_dag_example' retrieved from /opt/airflow/dags/dummy_dag.py
[2025-11-14T21:27:55.364+0000] {logging_mixin.py:190} INFO - [2025-11-14T21:27:55.364+0000] {dag.py:3239} INFO - Sync 1 DAGs
[2025-11-14T21:27:55.404+0000] {logging_mixin.py:190} INFO - [2025-11-14T21:27:55.403+0000] {dag.py:4180} INFO - Setting next_dagrun for dummy_dag_example to None, run_after=None
[2025-11-14T21:27:55.452+0000] {processor.py:208} INFO - Processing /opt/airflow/dags/dummy_dag.py took 0.198 seconds
